[2024-06-16T20:27:24.532+0000] {processor.py:161} INFO - Started process (PID=42) to work on /home/airflow/.local/lib/python3.12/site-packages/airflow/example_dags/example_branch_labels.py
[2024-06-16T20:27:24.533+0000] {processor.py:830} INFO - Processing file /home/airflow/.local/lib/python3.12/site-packages/airflow/example_dags/example_branch_labels.py for tasks to queue
[2024-06-16T20:27:24.536+0000] {logging_mixin.py:188} INFO - [2024-06-16T20:27:24.536+0000] {dagbag.py:545} INFO - Filling up the DagBag from /home/airflow/.local/lib/python3.12/site-packages/airflow/example_dags/example_branch_labels.py
[2024-06-16T20:27:24.551+0000] {processor.py:840} INFO - DAG(s) 'example_branch_labels' retrieved from /home/airflow/.local/lib/python3.12/site-packages/airflow/example_dags/example_branch_labels.py
[2024-06-16T20:27:24.729+0000] {logging_mixin.py:188} INFO - [2024-06-16T20:27:24.729+0000] {dag.py:3096} INFO - Sync 1 DAGs
[2024-06-16T20:27:24.774+0000] {logging_mixin.py:188} INFO - [2024-06-16T20:27:24.774+0000] {dag.py:3954} INFO - Setting next_dagrun for example_branch_labels to 2024-06-15 00:00:00+00:00, run_after=2024-06-16 00:00:00+00:00
[2024-06-16T20:27:24.803+0000] {processor.py:183} INFO - Processing /home/airflow/.local/lib/python3.12/site-packages/airflow/example_dags/example_branch_labels.py took 0.282 seconds
[2024-06-16T20:27:55.534+0000] {processor.py:161} INFO - Started process (PID=101) to work on /home/airflow/.local/lib/python3.12/site-packages/airflow/example_dags/example_branch_labels.py
[2024-06-16T20:27:55.535+0000] {processor.py:830} INFO - Processing file /home/airflow/.local/lib/python3.12/site-packages/airflow/example_dags/example_branch_labels.py for tasks to queue
[2024-06-16T20:27:55.537+0000] {logging_mixin.py:188} INFO - [2024-06-16T20:27:55.536+0000] {dagbag.py:545} INFO - Filling up the DagBag from /home/airflow/.local/lib/python3.12/site-packages/airflow/example_dags/example_branch_labels.py
[2024-06-16T20:27:55.544+0000] {processor.py:840} INFO - DAG(s) 'example_branch_labels' retrieved from /home/airflow/.local/lib/python3.12/site-packages/airflow/example_dags/example_branch_labels.py
[2024-06-16T20:27:55.565+0000] {logging_mixin.py:188} INFO - [2024-06-16T20:27:55.565+0000] {dag.py:3096} INFO - Sync 1 DAGs
[2024-06-16T20:27:55.588+0000] {logging_mixin.py:188} INFO - [2024-06-16T20:27:55.587+0000] {dag.py:3954} INFO - Setting next_dagrun for example_branch_labels to 2024-06-15 00:00:00+00:00, run_after=2024-06-16 00:00:00+00:00
[2024-06-16T20:27:55.609+0000] {processor.py:183} INFO - Processing /home/airflow/.local/lib/python3.12/site-packages/airflow/example_dags/example_branch_labels.py took 0.081 seconds
[2024-06-16T20:28:26.332+0000] {processor.py:161} INFO - Started process (PID=159) to work on /home/airflow/.local/lib/python3.12/site-packages/airflow/example_dags/example_branch_labels.py
[2024-06-16T20:28:26.333+0000] {processor.py:830} INFO - Processing file /home/airflow/.local/lib/python3.12/site-packages/airflow/example_dags/example_branch_labels.py for tasks to queue
[2024-06-16T20:28:26.335+0000] {logging_mixin.py:188} INFO - [2024-06-16T20:28:26.335+0000] {dagbag.py:545} INFO - Filling up the DagBag from /home/airflow/.local/lib/python3.12/site-packages/airflow/example_dags/example_branch_labels.py
[2024-06-16T20:28:26.343+0000] {processor.py:840} INFO - DAG(s) 'example_branch_labels' retrieved from /home/airflow/.local/lib/python3.12/site-packages/airflow/example_dags/example_branch_labels.py
[2024-06-16T20:28:26.368+0000] {logging_mixin.py:188} INFO - [2024-06-16T20:28:26.367+0000] {dag.py:3096} INFO - Sync 1 DAGs
[2024-06-16T20:28:26.396+0000] {logging_mixin.py:188} INFO - [2024-06-16T20:28:26.396+0000] {dag.py:3954} INFO - Setting next_dagrun for example_branch_labels to 2024-06-15 00:00:00+00:00, run_after=2024-06-16 00:00:00+00:00
[2024-06-16T20:28:26.417+0000] {processor.py:183} INFO - Processing /home/airflow/.local/lib/python3.12/site-packages/airflow/example_dags/example_branch_labels.py took 0.090 seconds
[2024-06-16T20:28:56.817+0000] {processor.py:161} INFO - Started process (PID=217) to work on /home/airflow/.local/lib/python3.12/site-packages/airflow/example_dags/example_branch_labels.py
[2024-06-16T20:28:56.818+0000] {processor.py:830} INFO - Processing file /home/airflow/.local/lib/python3.12/site-packages/airflow/example_dags/example_branch_labels.py for tasks to queue
[2024-06-16T20:28:56.820+0000] {logging_mixin.py:188} INFO - [2024-06-16T20:28:56.820+0000] {dagbag.py:545} INFO - Filling up the DagBag from /home/airflow/.local/lib/python3.12/site-packages/airflow/example_dags/example_branch_labels.py
[2024-06-16T20:28:56.830+0000] {processor.py:840} INFO - DAG(s) 'example_branch_labels' retrieved from /home/airflow/.local/lib/python3.12/site-packages/airflow/example_dags/example_branch_labels.py
[2024-06-16T20:28:56.852+0000] {logging_mixin.py:188} INFO - [2024-06-16T20:28:56.851+0000] {dag.py:3096} INFO - Sync 1 DAGs
[2024-06-16T20:28:56.874+0000] {logging_mixin.py:188} INFO - [2024-06-16T20:28:56.874+0000] {dag.py:3954} INFO - Setting next_dagrun for example_branch_labels to 2024-06-15 00:00:00+00:00, run_after=2024-06-16 00:00:00+00:00
[2024-06-16T20:28:56.893+0000] {processor.py:183} INFO - Processing /home/airflow/.local/lib/python3.12/site-packages/airflow/example_dags/example_branch_labels.py took 0.081 seconds
[2024-06-16T20:29:27.220+0000] {processor.py:161} INFO - Started process (PID=275) to work on /home/airflow/.local/lib/python3.12/site-packages/airflow/example_dags/example_branch_labels.py
[2024-06-16T20:29:27.223+0000] {processor.py:830} INFO - Processing file /home/airflow/.local/lib/python3.12/site-packages/airflow/example_dags/example_branch_labels.py for tasks to queue
[2024-06-16T20:29:27.227+0000] {logging_mixin.py:188} INFO - [2024-06-16T20:29:27.227+0000] {dagbag.py:545} INFO - Filling up the DagBag from /home/airflow/.local/lib/python3.12/site-packages/airflow/example_dags/example_branch_labels.py
[2024-06-16T20:29:27.243+0000] {processor.py:840} INFO - DAG(s) 'example_branch_labels' retrieved from /home/airflow/.local/lib/python3.12/site-packages/airflow/example_dags/example_branch_labels.py
[2024-06-16T20:29:27.285+0000] {logging_mixin.py:188} INFO - [2024-06-16T20:29:27.284+0000] {dag.py:3096} INFO - Sync 1 DAGs
[2024-06-16T20:29:27.332+0000] {logging_mixin.py:188} INFO - [2024-06-16T20:29:27.332+0000] {dag.py:3954} INFO - Setting next_dagrun for example_branch_labels to 2024-06-15 00:00:00+00:00, run_after=2024-06-16 00:00:00+00:00
[2024-06-16T20:29:27.364+0000] {processor.py:183} INFO - Processing /home/airflow/.local/lib/python3.12/site-packages/airflow/example_dags/example_branch_labels.py took 0.169 seconds
[2024-06-16T20:29:58.306+0000] {processor.py:161} INFO - Started process (PID=333) to work on /home/airflow/.local/lib/python3.12/site-packages/airflow/example_dags/example_branch_labels.py
[2024-06-16T20:29:58.307+0000] {processor.py:830} INFO - Processing file /home/airflow/.local/lib/python3.12/site-packages/airflow/example_dags/example_branch_labels.py for tasks to queue
[2024-06-16T20:29:58.310+0000] {logging_mixin.py:188} INFO - [2024-06-16T20:29:58.310+0000] {dagbag.py:545} INFO - Filling up the DagBag from /home/airflow/.local/lib/python3.12/site-packages/airflow/example_dags/example_branch_labels.py
[2024-06-16T20:29:58.321+0000] {processor.py:840} INFO - DAG(s) 'example_branch_labels' retrieved from /home/airflow/.local/lib/python3.12/site-packages/airflow/example_dags/example_branch_labels.py
[2024-06-16T20:29:58.352+0000] {logging_mixin.py:188} INFO - [2024-06-16T20:29:58.352+0000] {dag.py:3096} INFO - Sync 1 DAGs
[2024-06-16T20:29:58.399+0000] {logging_mixin.py:188} INFO - [2024-06-16T20:29:58.399+0000] {dag.py:3954} INFO - Setting next_dagrun for example_branch_labels to 2024-06-15 00:00:00+00:00, run_after=2024-06-16 00:00:00+00:00
[2024-06-16T20:29:58.427+0000] {processor.py:183} INFO - Processing /home/airflow/.local/lib/python3.12/site-packages/airflow/example_dags/example_branch_labels.py took 0.129 seconds
[2024-06-16T20:30:28.806+0000] {processor.py:161} INFO - Started process (PID=391) to work on /home/airflow/.local/lib/python3.12/site-packages/airflow/example_dags/example_branch_labels.py
[2024-06-16T20:30:28.808+0000] {processor.py:830} INFO - Processing file /home/airflow/.local/lib/python3.12/site-packages/airflow/example_dags/example_branch_labels.py for tasks to queue
[2024-06-16T20:30:28.810+0000] {logging_mixin.py:188} INFO - [2024-06-16T20:30:28.810+0000] {dagbag.py:545} INFO - Filling up the DagBag from /home/airflow/.local/lib/python3.12/site-packages/airflow/example_dags/example_branch_labels.py
[2024-06-16T20:30:28.822+0000] {processor.py:840} INFO - DAG(s) 'example_branch_labels' retrieved from /home/airflow/.local/lib/python3.12/site-packages/airflow/example_dags/example_branch_labels.py
[2024-06-16T20:30:28.849+0000] {logging_mixin.py:188} INFO - [2024-06-16T20:30:28.848+0000] {dag.py:3096} INFO - Sync 1 DAGs
[2024-06-16T20:30:28.876+0000] {logging_mixin.py:188} INFO - [2024-06-16T20:30:28.876+0000] {dag.py:3954} INFO - Setting next_dagrun for example_branch_labels to 2024-06-15 00:00:00+00:00, run_after=2024-06-16 00:00:00+00:00
[2024-06-16T20:30:28.947+0000] {processor.py:183} INFO - Processing /home/airflow/.local/lib/python3.12/site-packages/airflow/example_dags/example_branch_labels.py took 0.149 seconds
[2024-06-16T20:30:59.017+0000] {processor.py:161} INFO - Started process (PID=450) to work on /home/airflow/.local/lib/python3.12/site-packages/airflow/example_dags/example_branch_labels.py
[2024-06-16T20:30:59.018+0000] {processor.py:830} INFO - Processing file /home/airflow/.local/lib/python3.12/site-packages/airflow/example_dags/example_branch_labels.py for tasks to queue
[2024-06-16T20:30:59.020+0000] {logging_mixin.py:188} INFO - [2024-06-16T20:30:59.020+0000] {dagbag.py:545} INFO - Filling up the DagBag from /home/airflow/.local/lib/python3.12/site-packages/airflow/example_dags/example_branch_labels.py
[2024-06-16T20:30:59.029+0000] {processor.py:840} INFO - DAG(s) 'example_branch_labels' retrieved from /home/airflow/.local/lib/python3.12/site-packages/airflow/example_dags/example_branch_labels.py
[2024-06-16T20:30:59.051+0000] {logging_mixin.py:188} INFO - [2024-06-16T20:30:59.051+0000] {dag.py:3096} INFO - Sync 1 DAGs
[2024-06-16T20:30:59.074+0000] {logging_mixin.py:188} INFO - [2024-06-16T20:30:59.074+0000] {dag.py:3954} INFO - Setting next_dagrun for example_branch_labels to 2024-06-15 00:00:00+00:00, run_after=2024-06-16 00:00:00+00:00
[2024-06-16T20:30:59.093+0000] {processor.py:183} INFO - Processing /home/airflow/.local/lib/python3.12/site-packages/airflow/example_dags/example_branch_labels.py took 0.082 seconds
[2024-06-16T20:31:29.868+0000] {processor.py:161} INFO - Started process (PID=507) to work on /home/airflow/.local/lib/python3.12/site-packages/airflow/example_dags/example_branch_labels.py
[2024-06-16T20:31:29.870+0000] {processor.py:830} INFO - Processing file /home/airflow/.local/lib/python3.12/site-packages/airflow/example_dags/example_branch_labels.py for tasks to queue
[2024-06-16T20:31:29.872+0000] {logging_mixin.py:188} INFO - [2024-06-16T20:31:29.871+0000] {dagbag.py:545} INFO - Filling up the DagBag from /home/airflow/.local/lib/python3.12/site-packages/airflow/example_dags/example_branch_labels.py
[2024-06-16T20:31:29.883+0000] {processor.py:840} INFO - DAG(s) 'example_branch_labels' retrieved from /home/airflow/.local/lib/python3.12/site-packages/airflow/example_dags/example_branch_labels.py
[2024-06-16T20:31:29.906+0000] {logging_mixin.py:188} INFO - [2024-06-16T20:31:29.906+0000] {dag.py:3096} INFO - Sync 1 DAGs
[2024-06-16T20:31:29.928+0000] {logging_mixin.py:188} INFO - [2024-06-16T20:31:29.928+0000] {dag.py:3954} INFO - Setting next_dagrun for example_branch_labels to 2024-06-15 00:00:00+00:00, run_after=2024-06-16 00:00:00+00:00
[2024-06-16T20:31:29.948+0000] {processor.py:183} INFO - Processing /home/airflow/.local/lib/python3.12/site-packages/airflow/example_dags/example_branch_labels.py took 0.086 seconds
[2024-06-16T20:32:00.520+0000] {processor.py:161} INFO - Started process (PID=565) to work on /home/airflow/.local/lib/python3.12/site-packages/airflow/example_dags/example_branch_labels.py
[2024-06-16T20:32:00.522+0000] {processor.py:830} INFO - Processing file /home/airflow/.local/lib/python3.12/site-packages/airflow/example_dags/example_branch_labels.py for tasks to queue
[2024-06-16T20:32:00.525+0000] {logging_mixin.py:188} INFO - [2024-06-16T20:32:00.524+0000] {dagbag.py:545} INFO - Filling up the DagBag from /home/airflow/.local/lib/python3.12/site-packages/airflow/example_dags/example_branch_labels.py
[2024-06-16T20:32:00.535+0000] {processor.py:840} INFO - DAG(s) 'example_branch_labels' retrieved from /home/airflow/.local/lib/python3.12/site-packages/airflow/example_dags/example_branch_labels.py
[2024-06-16T20:32:00.558+0000] {logging_mixin.py:188} INFO - [2024-06-16T20:32:00.557+0000] {dag.py:3096} INFO - Sync 1 DAGs
[2024-06-16T20:32:00.588+0000] {logging_mixin.py:188} INFO - [2024-06-16T20:32:00.587+0000] {dag.py:3954} INFO - Setting next_dagrun for example_branch_labels to 2024-06-15 00:00:00+00:00, run_after=2024-06-16 00:00:00+00:00
[2024-06-16T20:32:00.611+0000] {processor.py:183} INFO - Processing /home/airflow/.local/lib/python3.12/site-packages/airflow/example_dags/example_branch_labels.py took 0.098 seconds
[2024-06-16T20:32:31.210+0000] {processor.py:161} INFO - Started process (PID=629) to work on /home/airflow/.local/lib/python3.12/site-packages/airflow/example_dags/example_branch_labels.py
[2024-06-16T20:32:31.218+0000] {processor.py:830} INFO - Processing file /home/airflow/.local/lib/python3.12/site-packages/airflow/example_dags/example_branch_labels.py for tasks to queue
[2024-06-16T20:32:31.220+0000] {logging_mixin.py:188} INFO - [2024-06-16T20:32:31.220+0000] {dagbag.py:545} INFO - Filling up the DagBag from /home/airflow/.local/lib/python3.12/site-packages/airflow/example_dags/example_branch_labels.py
[2024-06-16T20:32:31.228+0000] {processor.py:840} INFO - DAG(s) 'example_branch_labels' retrieved from /home/airflow/.local/lib/python3.12/site-packages/airflow/example_dags/example_branch_labels.py
[2024-06-16T20:32:31.249+0000] {logging_mixin.py:188} INFO - [2024-06-16T20:32:31.249+0000] {dag.py:3096} INFO - Sync 1 DAGs
[2024-06-16T20:32:31.271+0000] {logging_mixin.py:188} INFO - [2024-06-16T20:32:31.271+0000] {dag.py:3954} INFO - Setting next_dagrun for example_branch_labels to 2024-06-15 00:00:00+00:00, run_after=2024-06-16 00:00:00+00:00
[2024-06-16T20:32:31.292+0000] {processor.py:183} INFO - Processing /home/airflow/.local/lib/python3.12/site-packages/airflow/example_dags/example_branch_labels.py took 0.088 seconds
[2024-06-16T20:33:01.795+0000] {processor.py:161} INFO - Started process (PID=687) to work on /home/airflow/.local/lib/python3.12/site-packages/airflow/example_dags/example_branch_labels.py
[2024-06-16T20:33:01.797+0000] {processor.py:830} INFO - Processing file /home/airflow/.local/lib/python3.12/site-packages/airflow/example_dags/example_branch_labels.py for tasks to queue
[2024-06-16T20:33:01.799+0000] {logging_mixin.py:188} INFO - [2024-06-16T20:33:01.799+0000] {dagbag.py:545} INFO - Filling up the DagBag from /home/airflow/.local/lib/python3.12/site-packages/airflow/example_dags/example_branch_labels.py
[2024-06-16T20:33:01.808+0000] {processor.py:840} INFO - DAG(s) 'example_branch_labels' retrieved from /home/airflow/.local/lib/python3.12/site-packages/airflow/example_dags/example_branch_labels.py
[2024-06-16T20:33:01.830+0000] {logging_mixin.py:188} INFO - [2024-06-16T20:33:01.830+0000] {dag.py:3096} INFO - Sync 1 DAGs
[2024-06-16T20:33:01.853+0000] {logging_mixin.py:188} INFO - [2024-06-16T20:33:01.852+0000] {dag.py:3954} INFO - Setting next_dagrun for example_branch_labels to 2024-06-15 00:00:00+00:00, run_after=2024-06-16 00:00:00+00:00
[2024-06-16T20:33:01.873+0000] {processor.py:183} INFO - Processing /home/airflow/.local/lib/python3.12/site-packages/airflow/example_dags/example_branch_labels.py took 0.084 seconds
[2024-06-16T20:33:32.431+0000] {processor.py:161} INFO - Started process (PID=745) to work on /home/airflow/.local/lib/python3.12/site-packages/airflow/example_dags/example_branch_labels.py
[2024-06-16T20:33:32.432+0000] {processor.py:830} INFO - Processing file /home/airflow/.local/lib/python3.12/site-packages/airflow/example_dags/example_branch_labels.py for tasks to queue
[2024-06-16T20:33:32.434+0000] {logging_mixin.py:188} INFO - [2024-06-16T20:33:32.433+0000] {dagbag.py:545} INFO - Filling up the DagBag from /home/airflow/.local/lib/python3.12/site-packages/airflow/example_dags/example_branch_labels.py
[2024-06-16T20:33:32.441+0000] {processor.py:840} INFO - DAG(s) 'example_branch_labels' retrieved from /home/airflow/.local/lib/python3.12/site-packages/airflow/example_dags/example_branch_labels.py
[2024-06-16T20:33:32.464+0000] {logging_mixin.py:188} INFO - [2024-06-16T20:33:32.463+0000] {dag.py:3096} INFO - Sync 1 DAGs
[2024-06-16T20:33:32.486+0000] {logging_mixin.py:188} INFO - [2024-06-16T20:33:32.486+0000] {dag.py:3954} INFO - Setting next_dagrun for example_branch_labels to 2024-06-15 00:00:00+00:00, run_after=2024-06-16 00:00:00+00:00
[2024-06-16T20:33:32.508+0000] {processor.py:183} INFO - Processing /home/airflow/.local/lib/python3.12/site-packages/airflow/example_dags/example_branch_labels.py took 0.084 seconds
[2024-06-16T20:34:03.129+0000] {processor.py:161} INFO - Started process (PID=803) to work on /home/airflow/.local/lib/python3.12/site-packages/airflow/example_dags/example_branch_labels.py
[2024-06-16T20:34:03.130+0000] {processor.py:830} INFO - Processing file /home/airflow/.local/lib/python3.12/site-packages/airflow/example_dags/example_branch_labels.py for tasks to queue
[2024-06-16T20:34:03.132+0000] {logging_mixin.py:188} INFO - [2024-06-16T20:34:03.132+0000] {dagbag.py:545} INFO - Filling up the DagBag from /home/airflow/.local/lib/python3.12/site-packages/airflow/example_dags/example_branch_labels.py
[2024-06-16T20:34:03.141+0000] {processor.py:840} INFO - DAG(s) 'example_branch_labels' retrieved from /home/airflow/.local/lib/python3.12/site-packages/airflow/example_dags/example_branch_labels.py
[2024-06-16T20:34:03.165+0000] {logging_mixin.py:188} INFO - [2024-06-16T20:34:03.165+0000] {dag.py:3096} INFO - Sync 1 DAGs
[2024-06-16T20:34:03.190+0000] {logging_mixin.py:188} INFO - [2024-06-16T20:34:03.189+0000] {dag.py:3954} INFO - Setting next_dagrun for example_branch_labels to 2024-06-15 00:00:00+00:00, run_after=2024-06-16 00:00:00+00:00
[2024-06-16T20:34:03.215+0000] {processor.py:183} INFO - Processing /home/airflow/.local/lib/python3.12/site-packages/airflow/example_dags/example_branch_labels.py took 0.092 seconds
[2024-06-16T20:34:33.556+0000] {processor.py:161} INFO - Started process (PID=861) to work on /home/airflow/.local/lib/python3.12/site-packages/airflow/example_dags/example_branch_labels.py
[2024-06-16T20:34:33.558+0000] {processor.py:830} INFO - Processing file /home/airflow/.local/lib/python3.12/site-packages/airflow/example_dags/example_branch_labels.py for tasks to queue
[2024-06-16T20:34:33.560+0000] {logging_mixin.py:188} INFO - [2024-06-16T20:34:33.560+0000] {dagbag.py:545} INFO - Filling up the DagBag from /home/airflow/.local/lib/python3.12/site-packages/airflow/example_dags/example_branch_labels.py
[2024-06-16T20:34:33.570+0000] {processor.py:840} INFO - DAG(s) 'example_branch_labels' retrieved from /home/airflow/.local/lib/python3.12/site-packages/airflow/example_dags/example_branch_labels.py
[2024-06-16T20:34:33.592+0000] {logging_mixin.py:188} INFO - [2024-06-16T20:34:33.592+0000] {dag.py:3096} INFO - Sync 1 DAGs
[2024-06-16T20:34:33.616+0000] {logging_mixin.py:188} INFO - [2024-06-16T20:34:33.616+0000] {dag.py:3954} INFO - Setting next_dagrun for example_branch_labels to 2024-06-15 00:00:00+00:00, run_after=2024-06-16 00:00:00+00:00
[2024-06-16T20:34:33.635+0000] {processor.py:183} INFO - Processing /home/airflow/.local/lib/python3.12/site-packages/airflow/example_dags/example_branch_labels.py took 0.088 seconds
[2024-06-16T20:35:04.408+0000] {processor.py:161} INFO - Started process (PID=919) to work on /home/airflow/.local/lib/python3.12/site-packages/airflow/example_dags/example_branch_labels.py
[2024-06-16T20:35:04.409+0000] {processor.py:830} INFO - Processing file /home/airflow/.local/lib/python3.12/site-packages/airflow/example_dags/example_branch_labels.py for tasks to queue
[2024-06-16T20:35:04.411+0000] {logging_mixin.py:188} INFO - [2024-06-16T20:35:04.411+0000] {dagbag.py:545} INFO - Filling up the DagBag from /home/airflow/.local/lib/python3.12/site-packages/airflow/example_dags/example_branch_labels.py
[2024-06-16T20:35:04.420+0000] {processor.py:840} INFO - DAG(s) 'example_branch_labels' retrieved from /home/airflow/.local/lib/python3.12/site-packages/airflow/example_dags/example_branch_labels.py
[2024-06-16T20:35:04.441+0000] {logging_mixin.py:188} INFO - [2024-06-16T20:35:04.441+0000] {dag.py:3096} INFO - Sync 1 DAGs
[2024-06-16T20:35:04.463+0000] {logging_mixin.py:188} INFO - [2024-06-16T20:35:04.462+0000] {dag.py:3954} INFO - Setting next_dagrun for example_branch_labels to 2024-06-15 00:00:00+00:00, run_after=2024-06-16 00:00:00+00:00
[2024-06-16T20:35:04.483+0000] {processor.py:183} INFO - Processing /home/airflow/.local/lib/python3.12/site-packages/airflow/example_dags/example_branch_labels.py took 0.084 seconds
[2024-06-16T20:35:34.751+0000] {processor.py:161} INFO - Started process (PID=977) to work on /home/airflow/.local/lib/python3.12/site-packages/airflow/example_dags/example_branch_labels.py
[2024-06-16T20:35:34.751+0000] {processor.py:830} INFO - Processing file /home/airflow/.local/lib/python3.12/site-packages/airflow/example_dags/example_branch_labels.py for tasks to queue
[2024-06-16T20:35:34.753+0000] {logging_mixin.py:188} INFO - [2024-06-16T20:35:34.753+0000] {dagbag.py:545} INFO - Filling up the DagBag from /home/airflow/.local/lib/python3.12/site-packages/airflow/example_dags/example_branch_labels.py
[2024-06-16T20:35:34.762+0000] {processor.py:840} INFO - DAG(s) 'example_branch_labels' retrieved from /home/airflow/.local/lib/python3.12/site-packages/airflow/example_dags/example_branch_labels.py
[2024-06-16T20:35:34.784+0000] {logging_mixin.py:188} INFO - [2024-06-16T20:35:34.784+0000] {dag.py:3096} INFO - Sync 1 DAGs
[2024-06-16T20:35:34.808+0000] {logging_mixin.py:188} INFO - [2024-06-16T20:35:34.808+0000] {dag.py:3954} INFO - Setting next_dagrun for example_branch_labels to 2024-06-15 00:00:00+00:00, run_after=2024-06-16 00:00:00+00:00
[2024-06-16T20:35:34.828+0000] {processor.py:183} INFO - Processing /home/airflow/.local/lib/python3.12/site-packages/airflow/example_dags/example_branch_labels.py took 0.083 seconds
[2024-06-16T20:36:04.915+0000] {processor.py:161} INFO - Started process (PID=1034) to work on /home/airflow/.local/lib/python3.12/site-packages/airflow/example_dags/example_branch_labels.py
[2024-06-16T20:36:04.917+0000] {processor.py:830} INFO - Processing file /home/airflow/.local/lib/python3.12/site-packages/airflow/example_dags/example_branch_labels.py for tasks to queue
[2024-06-16T20:36:04.919+0000] {logging_mixin.py:188} INFO - [2024-06-16T20:36:04.919+0000] {dagbag.py:545} INFO - Filling up the DagBag from /home/airflow/.local/lib/python3.12/site-packages/airflow/example_dags/example_branch_labels.py
[2024-06-16T20:36:04.926+0000] {processor.py:840} INFO - DAG(s) 'example_branch_labels' retrieved from /home/airflow/.local/lib/python3.12/site-packages/airflow/example_dags/example_branch_labels.py
[2024-06-16T20:36:04.946+0000] {logging_mixin.py:188} INFO - [2024-06-16T20:36:04.946+0000] {dag.py:3096} INFO - Sync 1 DAGs
[2024-06-16T20:36:04.970+0000] {logging_mixin.py:188} INFO - [2024-06-16T20:36:04.969+0000] {dag.py:3954} INFO - Setting next_dagrun for example_branch_labels to 2024-06-15 00:00:00+00:00, run_after=2024-06-16 00:00:00+00:00
[2024-06-16T20:36:04.989+0000] {processor.py:183} INFO - Processing /home/airflow/.local/lib/python3.12/site-packages/airflow/example_dags/example_branch_labels.py took 0.079 seconds
[2024-06-16T20:36:35.044+0000] {processor.py:161} INFO - Started process (PID=1092) to work on /home/airflow/.local/lib/python3.12/site-packages/airflow/example_dags/example_branch_labels.py
[2024-06-16T20:36:35.046+0000] {processor.py:830} INFO - Processing file /home/airflow/.local/lib/python3.12/site-packages/airflow/example_dags/example_branch_labels.py for tasks to queue
[2024-06-16T20:36:35.048+0000] {logging_mixin.py:188} INFO - [2024-06-16T20:36:35.047+0000] {dagbag.py:545} INFO - Filling up the DagBag from /home/airflow/.local/lib/python3.12/site-packages/airflow/example_dags/example_branch_labels.py
[2024-06-16T20:36:35.056+0000] {processor.py:840} INFO - DAG(s) 'example_branch_labels' retrieved from /home/airflow/.local/lib/python3.12/site-packages/airflow/example_dags/example_branch_labels.py
[2024-06-16T20:36:35.078+0000] {logging_mixin.py:188} INFO - [2024-06-16T20:36:35.078+0000] {dag.py:3096} INFO - Sync 1 DAGs
[2024-06-16T20:36:35.102+0000] {logging_mixin.py:188} INFO - [2024-06-16T20:36:35.101+0000] {dag.py:3954} INFO - Setting next_dagrun for example_branch_labels to 2024-06-15 00:00:00+00:00, run_after=2024-06-16 00:00:00+00:00
[2024-06-16T20:36:35.122+0000] {processor.py:183} INFO - Processing /home/airflow/.local/lib/python3.12/site-packages/airflow/example_dags/example_branch_labels.py took 0.084 seconds
[2024-06-16T20:37:05.368+0000] {processor.py:161} INFO - Started process (PID=1150) to work on /home/airflow/.local/lib/python3.12/site-packages/airflow/example_dags/example_branch_labels.py
[2024-06-16T20:37:05.370+0000] {processor.py:830} INFO - Processing file /home/airflow/.local/lib/python3.12/site-packages/airflow/example_dags/example_branch_labels.py for tasks to queue
[2024-06-16T20:37:05.372+0000] {logging_mixin.py:188} INFO - [2024-06-16T20:37:05.371+0000] {dagbag.py:545} INFO - Filling up the DagBag from /home/airflow/.local/lib/python3.12/site-packages/airflow/example_dags/example_branch_labels.py
[2024-06-16T20:37:05.379+0000] {processor.py:840} INFO - DAG(s) 'example_branch_labels' retrieved from /home/airflow/.local/lib/python3.12/site-packages/airflow/example_dags/example_branch_labels.py
[2024-06-16T20:37:05.400+0000] {logging_mixin.py:188} INFO - [2024-06-16T20:37:05.400+0000] {dag.py:3096} INFO - Sync 1 DAGs
[2024-06-16T20:37:05.421+0000] {logging_mixin.py:188} INFO - [2024-06-16T20:37:05.421+0000] {dag.py:3954} INFO - Setting next_dagrun for example_branch_labels to 2024-06-15 00:00:00+00:00, run_after=2024-06-16 00:00:00+00:00
[2024-06-16T20:37:05.440+0000] {processor.py:183} INFO - Processing /home/airflow/.local/lib/python3.12/site-packages/airflow/example_dags/example_branch_labels.py took 0.077 seconds
[2024-06-16T20:37:35.665+0000] {processor.py:161} INFO - Started process (PID=1208) to work on /home/airflow/.local/lib/python3.12/site-packages/airflow/example_dags/example_branch_labels.py
[2024-06-16T20:37:35.667+0000] {processor.py:830} INFO - Processing file /home/airflow/.local/lib/python3.12/site-packages/airflow/example_dags/example_branch_labels.py for tasks to queue
[2024-06-16T20:37:35.668+0000] {logging_mixin.py:188} INFO - [2024-06-16T20:37:35.668+0000] {dagbag.py:545} INFO - Filling up the DagBag from /home/airflow/.local/lib/python3.12/site-packages/airflow/example_dags/example_branch_labels.py
[2024-06-16T20:37:35.676+0000] {processor.py:840} INFO - DAG(s) 'example_branch_labels' retrieved from /home/airflow/.local/lib/python3.12/site-packages/airflow/example_dags/example_branch_labels.py
[2024-06-16T20:37:35.699+0000] {logging_mixin.py:188} INFO - [2024-06-16T20:37:35.698+0000] {dag.py:3096} INFO - Sync 1 DAGs
[2024-06-16T20:37:35.722+0000] {logging_mixin.py:188} INFO - [2024-06-16T20:37:35.722+0000] {dag.py:3954} INFO - Setting next_dagrun for example_branch_labels to 2024-06-15 00:00:00+00:00, run_after=2024-06-16 00:00:00+00:00
[2024-06-16T20:37:35.741+0000] {processor.py:183} INFO - Processing /home/airflow/.local/lib/python3.12/site-packages/airflow/example_dags/example_branch_labels.py took 0.081 seconds
[2024-06-16T20:38:05.792+0000] {processor.py:161} INFO - Started process (PID=1266) to work on /home/airflow/.local/lib/python3.12/site-packages/airflow/example_dags/example_branch_labels.py
[2024-06-16T20:38:05.798+0000] {processor.py:830} INFO - Processing file /home/airflow/.local/lib/python3.12/site-packages/airflow/example_dags/example_branch_labels.py for tasks to queue
[2024-06-16T20:38:05.801+0000] {logging_mixin.py:188} INFO - [2024-06-16T20:38:05.800+0000] {dagbag.py:545} INFO - Filling up the DagBag from /home/airflow/.local/lib/python3.12/site-packages/airflow/example_dags/example_branch_labels.py
[2024-06-16T20:38:05.811+0000] {processor.py:840} INFO - DAG(s) 'example_branch_labels' retrieved from /home/airflow/.local/lib/python3.12/site-packages/airflow/example_dags/example_branch_labels.py
[2024-06-16T20:38:05.833+0000] {logging_mixin.py:188} INFO - [2024-06-16T20:38:05.833+0000] {dag.py:3096} INFO - Sync 1 DAGs
[2024-06-16T20:38:05.858+0000] {logging_mixin.py:188} INFO - [2024-06-16T20:38:05.858+0000] {dag.py:3954} INFO - Setting next_dagrun for example_branch_labels to 2024-06-15 00:00:00+00:00, run_after=2024-06-16 00:00:00+00:00
[2024-06-16T20:38:05.879+0000] {processor.py:183} INFO - Processing /home/airflow/.local/lib/python3.12/site-packages/airflow/example_dags/example_branch_labels.py took 0.092 seconds
[2024-06-16T20:38:36.513+0000] {processor.py:161} INFO - Started process (PID=1324) to work on /home/airflow/.local/lib/python3.12/site-packages/airflow/example_dags/example_branch_labels.py
[2024-06-16T20:38:36.515+0000] {processor.py:830} INFO - Processing file /home/airflow/.local/lib/python3.12/site-packages/airflow/example_dags/example_branch_labels.py for tasks to queue
[2024-06-16T20:38:36.516+0000] {logging_mixin.py:188} INFO - [2024-06-16T20:38:36.516+0000] {dagbag.py:545} INFO - Filling up the DagBag from /home/airflow/.local/lib/python3.12/site-packages/airflow/example_dags/example_branch_labels.py
[2024-06-16T20:38:36.525+0000] {processor.py:840} INFO - DAG(s) 'example_branch_labels' retrieved from /home/airflow/.local/lib/python3.12/site-packages/airflow/example_dags/example_branch_labels.py
[2024-06-16T20:38:36.548+0000] {logging_mixin.py:188} INFO - [2024-06-16T20:38:36.547+0000] {dag.py:3096} INFO - Sync 1 DAGs
[2024-06-16T20:38:36.570+0000] {logging_mixin.py:188} INFO - [2024-06-16T20:38:36.570+0000] {dag.py:3954} INFO - Setting next_dagrun for example_branch_labels to 2024-06-15 00:00:00+00:00, run_after=2024-06-16 00:00:00+00:00
[2024-06-16T20:38:36.592+0000] {processor.py:183} INFO - Processing /home/airflow/.local/lib/python3.12/site-packages/airflow/example_dags/example_branch_labels.py took 0.085 seconds
[2024-06-16T20:39:07.125+0000] {processor.py:161} INFO - Started process (PID=1382) to work on /home/airflow/.local/lib/python3.12/site-packages/airflow/example_dags/example_branch_labels.py
[2024-06-16T20:39:07.127+0000] {processor.py:830} INFO - Processing file /home/airflow/.local/lib/python3.12/site-packages/airflow/example_dags/example_branch_labels.py for tasks to queue
[2024-06-16T20:39:07.129+0000] {logging_mixin.py:188} INFO - [2024-06-16T20:39:07.129+0000] {dagbag.py:545} INFO - Filling up the DagBag from /home/airflow/.local/lib/python3.12/site-packages/airflow/example_dags/example_branch_labels.py
[2024-06-16T20:39:07.136+0000] {processor.py:840} INFO - DAG(s) 'example_branch_labels' retrieved from /home/airflow/.local/lib/python3.12/site-packages/airflow/example_dags/example_branch_labels.py
[2024-06-16T20:39:07.158+0000] {logging_mixin.py:188} INFO - [2024-06-16T20:39:07.158+0000] {dag.py:3096} INFO - Sync 1 DAGs
[2024-06-16T20:39:07.180+0000] {logging_mixin.py:188} INFO - [2024-06-16T20:39:07.179+0000] {dag.py:3954} INFO - Setting next_dagrun for example_branch_labels to 2024-06-15 00:00:00+00:00, run_after=2024-06-16 00:00:00+00:00
[2024-06-16T20:39:07.200+0000] {processor.py:183} INFO - Processing /home/airflow/.local/lib/python3.12/site-packages/airflow/example_dags/example_branch_labels.py took 0.081 seconds
[2024-06-16T20:39:37.625+0000] {processor.py:161} INFO - Started process (PID=1440) to work on /home/airflow/.local/lib/python3.12/site-packages/airflow/example_dags/example_branch_labels.py
[2024-06-16T20:39:37.627+0000] {processor.py:830} INFO - Processing file /home/airflow/.local/lib/python3.12/site-packages/airflow/example_dags/example_branch_labels.py for tasks to queue
[2024-06-16T20:39:37.629+0000] {logging_mixin.py:188} INFO - [2024-06-16T20:39:37.629+0000] {dagbag.py:545} INFO - Filling up the DagBag from /home/airflow/.local/lib/python3.12/site-packages/airflow/example_dags/example_branch_labels.py
[2024-06-16T20:39:37.638+0000] {processor.py:840} INFO - DAG(s) 'example_branch_labels' retrieved from /home/airflow/.local/lib/python3.12/site-packages/airflow/example_dags/example_branch_labels.py
[2024-06-16T20:39:37.660+0000] {logging_mixin.py:188} INFO - [2024-06-16T20:39:37.660+0000] {dag.py:3096} INFO - Sync 1 DAGs
[2024-06-16T20:39:37.682+0000] {logging_mixin.py:188} INFO - [2024-06-16T20:39:37.682+0000] {dag.py:3954} INFO - Setting next_dagrun for example_branch_labels to 2024-06-15 00:00:00+00:00, run_after=2024-06-16 00:00:00+00:00
[2024-06-16T20:39:37.703+0000] {processor.py:183} INFO - Processing /home/airflow/.local/lib/python3.12/site-packages/airflow/example_dags/example_branch_labels.py took 0.085 seconds
[2024-06-16T20:40:08.255+0000] {processor.py:161} INFO - Started process (PID=1498) to work on /home/airflow/.local/lib/python3.12/site-packages/airflow/example_dags/example_branch_labels.py
[2024-06-16T20:40:08.259+0000] {processor.py:830} INFO - Processing file /home/airflow/.local/lib/python3.12/site-packages/airflow/example_dags/example_branch_labels.py for tasks to queue
[2024-06-16T20:40:08.261+0000] {logging_mixin.py:188} INFO - [2024-06-16T20:40:08.261+0000] {dagbag.py:545} INFO - Filling up the DagBag from /home/airflow/.local/lib/python3.12/site-packages/airflow/example_dags/example_branch_labels.py
[2024-06-16T20:40:08.270+0000] {processor.py:840} INFO - DAG(s) 'example_branch_labels' retrieved from /home/airflow/.local/lib/python3.12/site-packages/airflow/example_dags/example_branch_labels.py
[2024-06-16T20:40:08.291+0000] {logging_mixin.py:188} INFO - [2024-06-16T20:40:08.291+0000] {dag.py:3096} INFO - Sync 1 DAGs
[2024-06-16T20:40:08.313+0000] {logging_mixin.py:188} INFO - [2024-06-16T20:40:08.312+0000] {dag.py:3954} INFO - Setting next_dagrun for example_branch_labels to 2024-06-15 00:00:00+00:00, run_after=2024-06-16 00:00:00+00:00
[2024-06-16T20:40:08.345+0000] {processor.py:183} INFO - Processing /home/airflow/.local/lib/python3.12/site-packages/airflow/example_dags/example_branch_labels.py took 0.096 seconds
[2024-06-16T20:40:38.795+0000] {processor.py:161} INFO - Started process (PID=1556) to work on /home/airflow/.local/lib/python3.12/site-packages/airflow/example_dags/example_branch_labels.py
[2024-06-16T20:40:38.796+0000] {processor.py:830} INFO - Processing file /home/airflow/.local/lib/python3.12/site-packages/airflow/example_dags/example_branch_labels.py for tasks to queue
[2024-06-16T20:40:38.798+0000] {logging_mixin.py:188} INFO - [2024-06-16T20:40:38.798+0000] {dagbag.py:545} INFO - Filling up the DagBag from /home/airflow/.local/lib/python3.12/site-packages/airflow/example_dags/example_branch_labels.py
[2024-06-16T20:40:38.806+0000] {processor.py:840} INFO - DAG(s) 'example_branch_labels' retrieved from /home/airflow/.local/lib/python3.12/site-packages/airflow/example_dags/example_branch_labels.py
[2024-06-16T20:40:38.828+0000] {logging_mixin.py:188} INFO - [2024-06-16T20:40:38.828+0000] {dag.py:3096} INFO - Sync 1 DAGs
[2024-06-16T20:40:38.850+0000] {logging_mixin.py:188} INFO - [2024-06-16T20:40:38.849+0000] {dag.py:3954} INFO - Setting next_dagrun for example_branch_labels to 2024-06-15 00:00:00+00:00, run_after=2024-06-16 00:00:00+00:00
[2024-06-16T20:40:38.869+0000] {processor.py:183} INFO - Processing /home/airflow/.local/lib/python3.12/site-packages/airflow/example_dags/example_branch_labels.py took 0.080 seconds
[2024-06-16T20:41:09.373+0000] {processor.py:161} INFO - Started process (PID=1614) to work on /home/airflow/.local/lib/python3.12/site-packages/airflow/example_dags/example_branch_labels.py
[2024-06-16T20:41:09.374+0000] {processor.py:830} INFO - Processing file /home/airflow/.local/lib/python3.12/site-packages/airflow/example_dags/example_branch_labels.py for tasks to queue
[2024-06-16T20:41:09.377+0000] {logging_mixin.py:188} INFO - [2024-06-16T20:41:09.376+0000] {dagbag.py:545} INFO - Filling up the DagBag from /home/airflow/.local/lib/python3.12/site-packages/airflow/example_dags/example_branch_labels.py
[2024-06-16T20:41:09.386+0000] {processor.py:840} INFO - DAG(s) 'example_branch_labels' retrieved from /home/airflow/.local/lib/python3.12/site-packages/airflow/example_dags/example_branch_labels.py
[2024-06-16T20:41:09.407+0000] {logging_mixin.py:188} INFO - [2024-06-16T20:41:09.407+0000] {dag.py:3096} INFO - Sync 1 DAGs
[2024-06-16T20:41:09.429+0000] {logging_mixin.py:188} INFO - [2024-06-16T20:41:09.429+0000] {dag.py:3954} INFO - Setting next_dagrun for example_branch_labels to 2024-06-15 00:00:00+00:00, run_after=2024-06-16 00:00:00+00:00
[2024-06-16T20:41:09.449+0000] {processor.py:183} INFO - Processing /home/airflow/.local/lib/python3.12/site-packages/airflow/example_dags/example_branch_labels.py took 0.083 seconds
[2024-06-16T20:41:40.024+0000] {processor.py:161} INFO - Started process (PID=1672) to work on /home/airflow/.local/lib/python3.12/site-packages/airflow/example_dags/example_branch_labels.py
[2024-06-16T20:41:40.026+0000] {processor.py:830} INFO - Processing file /home/airflow/.local/lib/python3.12/site-packages/airflow/example_dags/example_branch_labels.py for tasks to queue
[2024-06-16T20:41:40.028+0000] {logging_mixin.py:188} INFO - [2024-06-16T20:41:40.027+0000] {dagbag.py:545} INFO - Filling up the DagBag from /home/airflow/.local/lib/python3.12/site-packages/airflow/example_dags/example_branch_labels.py
[2024-06-16T20:41:40.036+0000] {processor.py:840} INFO - DAG(s) 'example_branch_labels' retrieved from /home/airflow/.local/lib/python3.12/site-packages/airflow/example_dags/example_branch_labels.py
[2024-06-16T20:41:40.058+0000] {logging_mixin.py:188} INFO - [2024-06-16T20:41:40.058+0000] {dag.py:3096} INFO - Sync 1 DAGs
[2024-06-16T20:41:40.081+0000] {logging_mixin.py:188} INFO - [2024-06-16T20:41:40.080+0000] {dag.py:3954} INFO - Setting next_dagrun for example_branch_labels to 2024-06-15 00:00:00+00:00, run_after=2024-06-16 00:00:00+00:00
[2024-06-16T20:41:40.104+0000] {processor.py:183} INFO - Processing /home/airflow/.local/lib/python3.12/site-packages/airflow/example_dags/example_branch_labels.py took 0.085 seconds
[2024-06-16T20:42:10.138+0000] {processor.py:161} INFO - Started process (PID=1730) to work on /home/airflow/.local/lib/python3.12/site-packages/airflow/example_dags/example_branch_labels.py
[2024-06-16T20:42:10.139+0000] {processor.py:830} INFO - Processing file /home/airflow/.local/lib/python3.12/site-packages/airflow/example_dags/example_branch_labels.py for tasks to queue
[2024-06-16T20:42:10.142+0000] {logging_mixin.py:188} INFO - [2024-06-16T20:42:10.142+0000] {dagbag.py:545} INFO - Filling up the DagBag from /home/airflow/.local/lib/python3.12/site-packages/airflow/example_dags/example_branch_labels.py
[2024-06-16T20:42:10.153+0000] {processor.py:840} INFO - DAG(s) 'example_branch_labels' retrieved from /home/airflow/.local/lib/python3.12/site-packages/airflow/example_dags/example_branch_labels.py
[2024-06-16T20:42:10.182+0000] {logging_mixin.py:188} INFO - [2024-06-16T20:42:10.182+0000] {dag.py:3096} INFO - Sync 1 DAGs
[2024-06-16T20:42:10.211+0000] {logging_mixin.py:188} INFO - [2024-06-16T20:42:10.211+0000] {dag.py:3954} INFO - Setting next_dagrun for example_branch_labels to 2024-06-15 00:00:00+00:00, run_after=2024-06-16 00:00:00+00:00
[2024-06-16T20:42:10.459+0000] {processor.py:183} INFO - Processing /home/airflow/.local/lib/python3.12/site-packages/airflow/example_dags/example_branch_labels.py took 0.321 seconds
[2024-06-16T20:42:40.537+0000] {processor.py:161} INFO - Started process (PID=1789) to work on /home/airflow/.local/lib/python3.12/site-packages/airflow/example_dags/example_branch_labels.py
[2024-06-16T20:42:40.538+0000] {processor.py:830} INFO - Processing file /home/airflow/.local/lib/python3.12/site-packages/airflow/example_dags/example_branch_labels.py for tasks to queue
[2024-06-16T20:42:40.540+0000] {logging_mixin.py:188} INFO - [2024-06-16T20:42:40.540+0000] {dagbag.py:545} INFO - Filling up the DagBag from /home/airflow/.local/lib/python3.12/site-packages/airflow/example_dags/example_branch_labels.py
[2024-06-16T20:42:40.548+0000] {processor.py:840} INFO - DAG(s) 'example_branch_labels' retrieved from /home/airflow/.local/lib/python3.12/site-packages/airflow/example_dags/example_branch_labels.py
[2024-06-16T20:42:40.567+0000] {logging_mixin.py:188} INFO - [2024-06-16T20:42:40.567+0000] {dag.py:3096} INFO - Sync 1 DAGs
[2024-06-16T20:42:40.588+0000] {logging_mixin.py:188} INFO - [2024-06-16T20:42:40.588+0000] {dag.py:3954} INFO - Setting next_dagrun for example_branch_labels to 2024-06-15 00:00:00+00:00, run_after=2024-06-16 00:00:00+00:00
[2024-06-16T20:42:40.606+0000] {processor.py:183} INFO - Processing /home/airflow/.local/lib/python3.12/site-packages/airflow/example_dags/example_branch_labels.py took 0.075 seconds
[2024-06-16T20:43:11.365+0000] {processor.py:161} INFO - Started process (PID=1846) to work on /home/airflow/.local/lib/python3.12/site-packages/airflow/example_dags/example_branch_labels.py
[2024-06-16T20:43:11.367+0000] {processor.py:830} INFO - Processing file /home/airflow/.local/lib/python3.12/site-packages/airflow/example_dags/example_branch_labels.py for tasks to queue
[2024-06-16T20:43:11.369+0000] {logging_mixin.py:188} INFO - [2024-06-16T20:43:11.368+0000] {dagbag.py:545} INFO - Filling up the DagBag from /home/airflow/.local/lib/python3.12/site-packages/airflow/example_dags/example_branch_labels.py
[2024-06-16T20:43:11.377+0000] {processor.py:840} INFO - DAG(s) 'example_branch_labels' retrieved from /home/airflow/.local/lib/python3.12/site-packages/airflow/example_dags/example_branch_labels.py
[2024-06-16T20:43:11.399+0000] {logging_mixin.py:188} INFO - [2024-06-16T20:43:11.398+0000] {dag.py:3096} INFO - Sync 1 DAGs
[2024-06-16T20:43:11.420+0000] {logging_mixin.py:188} INFO - [2024-06-16T20:43:11.420+0000] {dag.py:3954} INFO - Setting next_dagrun for example_branch_labels to 2024-06-15 00:00:00+00:00, run_after=2024-06-16 00:00:00+00:00
[2024-06-16T20:43:11.439+0000] {processor.py:183} INFO - Processing /home/airflow/.local/lib/python3.12/site-packages/airflow/example_dags/example_branch_labels.py took 0.081 seconds
[2024-06-16T20:43:41.623+0000] {processor.py:161} INFO - Started process (PID=1904) to work on /home/airflow/.local/lib/python3.12/site-packages/airflow/example_dags/example_branch_labels.py
[2024-06-16T20:43:41.624+0000] {processor.py:830} INFO - Processing file /home/airflow/.local/lib/python3.12/site-packages/airflow/example_dags/example_branch_labels.py for tasks to queue
[2024-06-16T20:43:41.626+0000] {logging_mixin.py:188} INFO - [2024-06-16T20:43:41.626+0000] {dagbag.py:545} INFO - Filling up the DagBag from /home/airflow/.local/lib/python3.12/site-packages/airflow/example_dags/example_branch_labels.py
[2024-06-16T20:43:41.634+0000] {processor.py:840} INFO - DAG(s) 'example_branch_labels' retrieved from /home/airflow/.local/lib/python3.12/site-packages/airflow/example_dags/example_branch_labels.py
[2024-06-16T20:43:41.656+0000] {logging_mixin.py:188} INFO - [2024-06-16T20:43:41.656+0000] {dag.py:3096} INFO - Sync 1 DAGs
[2024-06-16T20:43:41.680+0000] {logging_mixin.py:188} INFO - [2024-06-16T20:43:41.680+0000] {dag.py:3954} INFO - Setting next_dagrun for example_branch_labels to 2024-06-15 00:00:00+00:00, run_after=2024-06-16 00:00:00+00:00
[2024-06-16T20:43:41.702+0000] {processor.py:183} INFO - Processing /home/airflow/.local/lib/python3.12/site-packages/airflow/example_dags/example_branch_labels.py took 0.085 seconds
[2024-06-16T20:44:12.325+0000] {processor.py:161} INFO - Started process (PID=1962) to work on /home/airflow/.local/lib/python3.12/site-packages/airflow/example_dags/example_branch_labels.py
[2024-06-16T20:44:12.326+0000] {processor.py:830} INFO - Processing file /home/airflow/.local/lib/python3.12/site-packages/airflow/example_dags/example_branch_labels.py for tasks to queue
[2024-06-16T20:44:12.328+0000] {logging_mixin.py:188} INFO - [2024-06-16T20:44:12.328+0000] {dagbag.py:545} INFO - Filling up the DagBag from /home/airflow/.local/lib/python3.12/site-packages/airflow/example_dags/example_branch_labels.py
[2024-06-16T20:44:12.336+0000] {processor.py:840} INFO - DAG(s) 'example_branch_labels' retrieved from /home/airflow/.local/lib/python3.12/site-packages/airflow/example_dags/example_branch_labels.py
[2024-06-16T20:44:12.358+0000] {logging_mixin.py:188} INFO - [2024-06-16T20:44:12.357+0000] {dag.py:3096} INFO - Sync 1 DAGs
[2024-06-16T20:44:12.381+0000] {logging_mixin.py:188} INFO - [2024-06-16T20:44:12.381+0000] {dag.py:3954} INFO - Setting next_dagrun for example_branch_labels to 2024-06-15 00:00:00+00:00, run_after=2024-06-16 00:00:00+00:00
[2024-06-16T20:44:12.400+0000] {processor.py:183} INFO - Processing /home/airflow/.local/lib/python3.12/site-packages/airflow/example_dags/example_branch_labels.py took 0.081 seconds
[2024-06-16T20:44:42.906+0000] {processor.py:161} INFO - Started process (PID=2020) to work on /home/airflow/.local/lib/python3.12/site-packages/airflow/example_dags/example_branch_labels.py
[2024-06-16T20:44:42.908+0000] {processor.py:830} INFO - Processing file /home/airflow/.local/lib/python3.12/site-packages/airflow/example_dags/example_branch_labels.py for tasks to queue
[2024-06-16T20:44:42.909+0000] {logging_mixin.py:188} INFO - [2024-06-16T20:44:42.909+0000] {dagbag.py:545} INFO - Filling up the DagBag from /home/airflow/.local/lib/python3.12/site-packages/airflow/example_dags/example_branch_labels.py
[2024-06-16T20:44:43.066+0000] {processor.py:840} INFO - DAG(s) 'example_branch_labels' retrieved from /home/airflow/.local/lib/python3.12/site-packages/airflow/example_dags/example_branch_labels.py
[2024-06-16T20:44:43.086+0000] {logging_mixin.py:188} INFO - [2024-06-16T20:44:43.086+0000] {dag.py:3096} INFO - Sync 1 DAGs
[2024-06-16T20:44:43.107+0000] {logging_mixin.py:188} INFO - [2024-06-16T20:44:43.107+0000] {dag.py:3954} INFO - Setting next_dagrun for example_branch_labels to 2024-06-15 00:00:00+00:00, run_after=2024-06-16 00:00:00+00:00
[2024-06-16T20:44:43.126+0000] {processor.py:183} INFO - Processing /home/airflow/.local/lib/python3.12/site-packages/airflow/example_dags/example_branch_labels.py took 0.226 seconds
[2024-06-16T20:45:13.778+0000] {processor.py:161} INFO - Started process (PID=2078) to work on /home/airflow/.local/lib/python3.12/site-packages/airflow/example_dags/example_branch_labels.py
[2024-06-16T20:45:13.780+0000] {processor.py:830} INFO - Processing file /home/airflow/.local/lib/python3.12/site-packages/airflow/example_dags/example_branch_labels.py for tasks to queue
[2024-06-16T20:45:13.782+0000] {logging_mixin.py:188} INFO - [2024-06-16T20:45:13.781+0000] {dagbag.py:545} INFO - Filling up the DagBag from /home/airflow/.local/lib/python3.12/site-packages/airflow/example_dags/example_branch_labels.py
[2024-06-16T20:45:13.790+0000] {processor.py:840} INFO - DAG(s) 'example_branch_labels' retrieved from /home/airflow/.local/lib/python3.12/site-packages/airflow/example_dags/example_branch_labels.py
[2024-06-16T20:45:13.812+0000] {logging_mixin.py:188} INFO - [2024-06-16T20:45:13.812+0000] {dag.py:3096} INFO - Sync 1 DAGs
[2024-06-16T20:45:13.833+0000] {logging_mixin.py:188} INFO - [2024-06-16T20:45:13.833+0000] {dag.py:3954} INFO - Setting next_dagrun for example_branch_labels to 2024-06-15 00:00:00+00:00, run_after=2024-06-16 00:00:00+00:00
[2024-06-16T20:45:13.852+0000] {processor.py:183} INFO - Processing /home/airflow/.local/lib/python3.12/site-packages/airflow/example_dags/example_branch_labels.py took 0.080 seconds
[2024-06-16T20:45:44.296+0000] {processor.py:161} INFO - Started process (PID=2136) to work on /home/airflow/.local/lib/python3.12/site-packages/airflow/example_dags/example_branch_labels.py
[2024-06-16T20:45:44.297+0000] {processor.py:830} INFO - Processing file /home/airflow/.local/lib/python3.12/site-packages/airflow/example_dags/example_branch_labels.py for tasks to queue
[2024-06-16T20:45:44.299+0000] {logging_mixin.py:188} INFO - [2024-06-16T20:45:44.299+0000] {dagbag.py:545} INFO - Filling up the DagBag from /home/airflow/.local/lib/python3.12/site-packages/airflow/example_dags/example_branch_labels.py
[2024-06-16T20:45:44.308+0000] {processor.py:840} INFO - DAG(s) 'example_branch_labels' retrieved from /home/airflow/.local/lib/python3.12/site-packages/airflow/example_dags/example_branch_labels.py
[2024-06-16T20:45:44.331+0000] {logging_mixin.py:188} INFO - [2024-06-16T20:45:44.330+0000] {dag.py:3096} INFO - Sync 1 DAGs
[2024-06-16T20:45:44.353+0000] {logging_mixin.py:188} INFO - [2024-06-16T20:45:44.353+0000] {dag.py:3954} INFO - Setting next_dagrun for example_branch_labels to 2024-06-15 00:00:00+00:00, run_after=2024-06-16 00:00:00+00:00
[2024-06-16T20:45:44.373+0000] {processor.py:183} INFO - Processing /home/airflow/.local/lib/python3.12/site-packages/airflow/example_dags/example_branch_labels.py took 0.084 seconds
[2024-06-16T20:46:14.668+0000] {processor.py:161} INFO - Started process (PID=2194) to work on /home/airflow/.local/lib/python3.12/site-packages/airflow/example_dags/example_branch_labels.py
[2024-06-16T20:46:14.669+0000] {processor.py:830} INFO - Processing file /home/airflow/.local/lib/python3.12/site-packages/airflow/example_dags/example_branch_labels.py for tasks to queue
[2024-06-16T20:46:14.671+0000] {logging_mixin.py:188} INFO - [2024-06-16T20:46:14.671+0000] {dagbag.py:545} INFO - Filling up the DagBag from /home/airflow/.local/lib/python3.12/site-packages/airflow/example_dags/example_branch_labels.py
[2024-06-16T20:46:14.680+0000] {processor.py:840} INFO - DAG(s) 'example_branch_labels' retrieved from /home/airflow/.local/lib/python3.12/site-packages/airflow/example_dags/example_branch_labels.py
[2024-06-16T20:46:14.702+0000] {logging_mixin.py:188} INFO - [2024-06-16T20:46:14.702+0000] {dag.py:3096} INFO - Sync 1 DAGs
[2024-06-16T20:46:14.727+0000] {logging_mixin.py:188} INFO - [2024-06-16T20:46:14.727+0000] {dag.py:3954} INFO - Setting next_dagrun for example_branch_labels to 2024-06-15 00:00:00+00:00, run_after=2024-06-16 00:00:00+00:00
[2024-06-16T20:46:14.745+0000] {processor.py:183} INFO - Processing /home/airflow/.local/lib/python3.12/site-packages/airflow/example_dags/example_branch_labels.py took 0.084 seconds
[2024-06-16T20:46:45.142+0000] {processor.py:161} INFO - Started process (PID=2252) to work on /home/airflow/.local/lib/python3.12/site-packages/airflow/example_dags/example_branch_labels.py
[2024-06-16T20:46:45.143+0000] {processor.py:830} INFO - Processing file /home/airflow/.local/lib/python3.12/site-packages/airflow/example_dags/example_branch_labels.py for tasks to queue
[2024-06-16T20:46:45.145+0000] {logging_mixin.py:188} INFO - [2024-06-16T20:46:45.145+0000] {dagbag.py:545} INFO - Filling up the DagBag from /home/airflow/.local/lib/python3.12/site-packages/airflow/example_dags/example_branch_labels.py
[2024-06-16T20:46:45.153+0000] {processor.py:840} INFO - DAG(s) 'example_branch_labels' retrieved from /home/airflow/.local/lib/python3.12/site-packages/airflow/example_dags/example_branch_labels.py
[2024-06-16T20:46:45.175+0000] {logging_mixin.py:188} INFO - [2024-06-16T20:46:45.175+0000] {dag.py:3096} INFO - Sync 1 DAGs
[2024-06-16T20:46:45.197+0000] {logging_mixin.py:188} INFO - [2024-06-16T20:46:45.197+0000] {dag.py:3954} INFO - Setting next_dagrun for example_branch_labels to 2024-06-15 00:00:00+00:00, run_after=2024-06-16 00:00:00+00:00
[2024-06-16T20:46:45.217+0000] {processor.py:183} INFO - Processing /home/airflow/.local/lib/python3.12/site-packages/airflow/example_dags/example_branch_labels.py took 0.082 seconds
[2024-06-16T20:47:15.570+0000] {processor.py:161} INFO - Started process (PID=2310) to work on /home/airflow/.local/lib/python3.12/site-packages/airflow/example_dags/example_branch_labels.py
[2024-06-16T20:47:15.571+0000] {processor.py:830} INFO - Processing file /home/airflow/.local/lib/python3.12/site-packages/airflow/example_dags/example_branch_labels.py for tasks to queue
[2024-06-16T20:47:15.573+0000] {logging_mixin.py:188} INFO - [2024-06-16T20:47:15.573+0000] {dagbag.py:545} INFO - Filling up the DagBag from /home/airflow/.local/lib/python3.12/site-packages/airflow/example_dags/example_branch_labels.py
[2024-06-16T20:47:15.581+0000] {processor.py:840} INFO - DAG(s) 'example_branch_labels' retrieved from /home/airflow/.local/lib/python3.12/site-packages/airflow/example_dags/example_branch_labels.py
[2024-06-16T20:47:15.602+0000] {logging_mixin.py:188} INFO - [2024-06-16T20:47:15.602+0000] {dag.py:3096} INFO - Sync 1 DAGs
[2024-06-16T20:47:15.624+0000] {logging_mixin.py:188} INFO - [2024-06-16T20:47:15.624+0000] {dag.py:3954} INFO - Setting next_dagrun for example_branch_labels to 2024-06-15 00:00:00+00:00, run_after=2024-06-16 00:00:00+00:00
[2024-06-16T20:47:15.643+0000] {processor.py:183} INFO - Processing /home/airflow/.local/lib/python3.12/site-packages/airflow/example_dags/example_branch_labels.py took 0.079 seconds
[2024-06-16T20:47:46.047+0000] {processor.py:161} INFO - Started process (PID=2368) to work on /home/airflow/.local/lib/python3.12/site-packages/airflow/example_dags/example_branch_labels.py
[2024-06-16T20:47:46.048+0000] {processor.py:830} INFO - Processing file /home/airflow/.local/lib/python3.12/site-packages/airflow/example_dags/example_branch_labels.py for tasks to queue
[2024-06-16T20:47:46.050+0000] {logging_mixin.py:188} INFO - [2024-06-16T20:47:46.049+0000] {dagbag.py:545} INFO - Filling up the DagBag from /home/airflow/.local/lib/python3.12/site-packages/airflow/example_dags/example_branch_labels.py
[2024-06-16T20:47:46.058+0000] {processor.py:840} INFO - DAG(s) 'example_branch_labels' retrieved from /home/airflow/.local/lib/python3.12/site-packages/airflow/example_dags/example_branch_labels.py
[2024-06-16T20:47:46.080+0000] {logging_mixin.py:188} INFO - [2024-06-16T20:47:46.080+0000] {dag.py:3096} INFO - Sync 1 DAGs
[2024-06-16T20:47:46.102+0000] {logging_mixin.py:188} INFO - [2024-06-16T20:47:46.102+0000] {dag.py:3954} INFO - Setting next_dagrun for example_branch_labels to 2024-06-15 00:00:00+00:00, run_after=2024-06-16 00:00:00+00:00
[2024-06-16T20:47:46.123+0000] {processor.py:183} INFO - Processing /home/airflow/.local/lib/python3.12/site-packages/airflow/example_dags/example_branch_labels.py took 0.082 seconds
[2024-06-16T20:48:16.452+0000] {processor.py:161} INFO - Started process (PID=2426) to work on /home/airflow/.local/lib/python3.12/site-packages/airflow/example_dags/example_branch_labels.py
[2024-06-16T20:48:16.453+0000] {processor.py:830} INFO - Processing file /home/airflow/.local/lib/python3.12/site-packages/airflow/example_dags/example_branch_labels.py for tasks to queue
[2024-06-16T20:48:16.455+0000] {logging_mixin.py:188} INFO - [2024-06-16T20:48:16.455+0000] {dagbag.py:545} INFO - Filling up the DagBag from /home/airflow/.local/lib/python3.12/site-packages/airflow/example_dags/example_branch_labels.py
[2024-06-16T20:48:16.463+0000] {processor.py:840} INFO - DAG(s) 'example_branch_labels' retrieved from /home/airflow/.local/lib/python3.12/site-packages/airflow/example_dags/example_branch_labels.py
[2024-06-16T20:48:16.485+0000] {logging_mixin.py:188} INFO - [2024-06-16T20:48:16.485+0000] {dag.py:3096} INFO - Sync 1 DAGs
[2024-06-16T20:48:16.507+0000] {logging_mixin.py:188} INFO - [2024-06-16T20:48:16.507+0000] {dag.py:3954} INFO - Setting next_dagrun for example_branch_labels to 2024-06-15 00:00:00+00:00, run_after=2024-06-16 00:00:00+00:00
[2024-06-16T20:48:16.526+0000] {processor.py:183} INFO - Processing /home/airflow/.local/lib/python3.12/site-packages/airflow/example_dags/example_branch_labels.py took 0.082 seconds
[2024-06-16T20:48:47.039+0000] {processor.py:161} INFO - Started process (PID=2484) to work on /home/airflow/.local/lib/python3.12/site-packages/airflow/example_dags/example_branch_labels.py
[2024-06-16T20:48:47.040+0000] {processor.py:830} INFO - Processing file /home/airflow/.local/lib/python3.12/site-packages/airflow/example_dags/example_branch_labels.py for tasks to queue
[2024-06-16T20:48:47.042+0000] {logging_mixin.py:188} INFO - [2024-06-16T20:48:47.042+0000] {dagbag.py:545} INFO - Filling up the DagBag from /home/airflow/.local/lib/python3.12/site-packages/airflow/example_dags/example_branch_labels.py
[2024-06-16T20:48:47.051+0000] {processor.py:840} INFO - DAG(s) 'example_branch_labels' retrieved from /home/airflow/.local/lib/python3.12/site-packages/airflow/example_dags/example_branch_labels.py
[2024-06-16T20:48:47.071+0000] {logging_mixin.py:188} INFO - [2024-06-16T20:48:47.071+0000] {dag.py:3096} INFO - Sync 1 DAGs
[2024-06-16T20:48:47.093+0000] {logging_mixin.py:188} INFO - [2024-06-16T20:48:47.092+0000] {dag.py:3954} INFO - Setting next_dagrun for example_branch_labels to 2024-06-15 00:00:00+00:00, run_after=2024-06-16 00:00:00+00:00
[2024-06-16T20:48:47.111+0000] {processor.py:183} INFO - Processing /home/airflow/.local/lib/python3.12/site-packages/airflow/example_dags/example_branch_labels.py took 0.078 seconds
[2024-06-16T20:49:17.568+0000] {processor.py:161} INFO - Started process (PID=2542) to work on /home/airflow/.local/lib/python3.12/site-packages/airflow/example_dags/example_branch_labels.py
[2024-06-16T20:49:17.569+0000] {processor.py:830} INFO - Processing file /home/airflow/.local/lib/python3.12/site-packages/airflow/example_dags/example_branch_labels.py for tasks to queue
[2024-06-16T20:49:17.571+0000] {logging_mixin.py:188} INFO - [2024-06-16T20:49:17.571+0000] {dagbag.py:545} INFO - Filling up the DagBag from /home/airflow/.local/lib/python3.12/site-packages/airflow/example_dags/example_branch_labels.py
[2024-06-16T20:49:17.579+0000] {processor.py:840} INFO - DAG(s) 'example_branch_labels' retrieved from /home/airflow/.local/lib/python3.12/site-packages/airflow/example_dags/example_branch_labels.py
[2024-06-16T20:49:17.602+0000] {logging_mixin.py:188} INFO - [2024-06-16T20:49:17.601+0000] {dag.py:3096} INFO - Sync 1 DAGs
[2024-06-16T20:49:17.626+0000] {logging_mixin.py:188} INFO - [2024-06-16T20:49:17.625+0000] {dag.py:3954} INFO - Setting next_dagrun for example_branch_labels to 2024-06-15 00:00:00+00:00, run_after=2024-06-16 00:00:00+00:00
[2024-06-16T20:49:17.646+0000] {processor.py:183} INFO - Processing /home/airflow/.local/lib/python3.12/site-packages/airflow/example_dags/example_branch_labels.py took 0.083 seconds
[2024-06-16T20:49:48.020+0000] {processor.py:161} INFO - Started process (PID=2600) to work on /home/airflow/.local/lib/python3.12/site-packages/airflow/example_dags/example_branch_labels.py
[2024-06-16T20:49:48.021+0000] {processor.py:830} INFO - Processing file /home/airflow/.local/lib/python3.12/site-packages/airflow/example_dags/example_branch_labels.py for tasks to queue
[2024-06-16T20:49:48.024+0000] {logging_mixin.py:188} INFO - [2024-06-16T20:49:48.023+0000] {dagbag.py:545} INFO - Filling up the DagBag from /home/airflow/.local/lib/python3.12/site-packages/airflow/example_dags/example_branch_labels.py
[2024-06-16T20:49:48.034+0000] {processor.py:840} INFO - DAG(s) 'example_branch_labels' retrieved from /home/airflow/.local/lib/python3.12/site-packages/airflow/example_dags/example_branch_labels.py
[2024-06-16T20:49:48.055+0000] {logging_mixin.py:188} INFO - [2024-06-16T20:49:48.055+0000] {dag.py:3096} INFO - Sync 1 DAGs
[2024-06-16T20:49:48.077+0000] {logging_mixin.py:188} INFO - [2024-06-16T20:49:48.077+0000] {dag.py:3954} INFO - Setting next_dagrun for example_branch_labels to 2024-06-15 00:00:00+00:00, run_after=2024-06-16 00:00:00+00:00
[2024-06-16T20:49:48.096+0000] {processor.py:183} INFO - Processing /home/airflow/.local/lib/python3.12/site-packages/airflow/example_dags/example_branch_labels.py took 0.082 seconds
[2024-06-16T20:50:18.433+0000] {processor.py:161} INFO - Started process (PID=2658) to work on /home/airflow/.local/lib/python3.12/site-packages/airflow/example_dags/example_branch_labels.py
[2024-06-16T20:50:18.435+0000] {processor.py:830} INFO - Processing file /home/airflow/.local/lib/python3.12/site-packages/airflow/example_dags/example_branch_labels.py for tasks to queue
[2024-06-16T20:50:18.436+0000] {logging_mixin.py:188} INFO - [2024-06-16T20:50:18.436+0000] {dagbag.py:545} INFO - Filling up the DagBag from /home/airflow/.local/lib/python3.12/site-packages/airflow/example_dags/example_branch_labels.py
[2024-06-16T20:50:18.445+0000] {processor.py:840} INFO - DAG(s) 'example_branch_labels' retrieved from /home/airflow/.local/lib/python3.12/site-packages/airflow/example_dags/example_branch_labels.py
[2024-06-16T20:50:18.468+0000] {logging_mixin.py:188} INFO - [2024-06-16T20:50:18.468+0000] {dag.py:3096} INFO - Sync 1 DAGs
[2024-06-16T20:50:18.499+0000] {logging_mixin.py:188} INFO - [2024-06-16T20:50:18.499+0000] {dag.py:3954} INFO - Setting next_dagrun for example_branch_labels to 2024-06-15 00:00:00+00:00, run_after=2024-06-16 00:00:00+00:00
[2024-06-16T20:50:18.525+0000] {processor.py:183} INFO - Processing /home/airflow/.local/lib/python3.12/site-packages/airflow/example_dags/example_branch_labels.py took 0.098 seconds
[2024-06-16T20:50:48.810+0000] {processor.py:161} INFO - Started process (PID=2716) to work on /home/airflow/.local/lib/python3.12/site-packages/airflow/example_dags/example_branch_labels.py
[2024-06-16T20:50:48.812+0000] {processor.py:830} INFO - Processing file /home/airflow/.local/lib/python3.12/site-packages/airflow/example_dags/example_branch_labels.py for tasks to queue
[2024-06-16T20:50:48.814+0000] {logging_mixin.py:188} INFO - [2024-06-16T20:50:48.814+0000] {dagbag.py:545} INFO - Filling up the DagBag from /home/airflow/.local/lib/python3.12/site-packages/airflow/example_dags/example_branch_labels.py
[2024-06-16T20:50:48.825+0000] {processor.py:840} INFO - DAG(s) 'example_branch_labels' retrieved from /home/airflow/.local/lib/python3.12/site-packages/airflow/example_dags/example_branch_labels.py
[2024-06-16T20:50:48.856+0000] {logging_mixin.py:188} INFO - [2024-06-16T20:50:48.855+0000] {dag.py:3096} INFO - Sync 1 DAGs
[2024-06-16T20:50:48.890+0000] {logging_mixin.py:188} INFO - [2024-06-16T20:50:48.889+0000] {dag.py:3954} INFO - Setting next_dagrun for example_branch_labels to 2024-06-15 00:00:00+00:00, run_after=2024-06-16 00:00:00+00:00
[2024-06-16T20:50:48.920+0000] {processor.py:183} INFO - Processing /home/airflow/.local/lib/python3.12/site-packages/airflow/example_dags/example_branch_labels.py took 0.119 seconds
[2024-06-16T20:51:19.424+0000] {processor.py:161} INFO - Started process (PID=2774) to work on /home/airflow/.local/lib/python3.12/site-packages/airflow/example_dags/example_branch_labels.py
[2024-06-16T20:51:19.425+0000] {processor.py:830} INFO - Processing file /home/airflow/.local/lib/python3.12/site-packages/airflow/example_dags/example_branch_labels.py for tasks to queue
[2024-06-16T20:51:19.428+0000] {logging_mixin.py:188} INFO - [2024-06-16T20:51:19.427+0000] {dagbag.py:545} INFO - Filling up the DagBag from /home/airflow/.local/lib/python3.12/site-packages/airflow/example_dags/example_branch_labels.py
[2024-06-16T20:51:19.437+0000] {processor.py:840} INFO - DAG(s) 'example_branch_labels' retrieved from /home/airflow/.local/lib/python3.12/site-packages/airflow/example_dags/example_branch_labels.py
[2024-06-16T20:51:19.458+0000] {logging_mixin.py:188} INFO - [2024-06-16T20:51:19.458+0000] {dag.py:3096} INFO - Sync 1 DAGs
[2024-06-16T20:51:19.480+0000] {logging_mixin.py:188} INFO - [2024-06-16T20:51:19.480+0000] {dag.py:3954} INFO - Setting next_dagrun for example_branch_labels to 2024-06-15 00:00:00+00:00, run_after=2024-06-16 00:00:00+00:00
[2024-06-16T20:51:19.498+0000] {processor.py:183} INFO - Processing /home/airflow/.local/lib/python3.12/site-packages/airflow/example_dags/example_branch_labels.py took 0.080 seconds
[2024-06-16T20:51:49.861+0000] {processor.py:161} INFO - Started process (PID=2832) to work on /home/airflow/.local/lib/python3.12/site-packages/airflow/example_dags/example_branch_labels.py
[2024-06-16T20:51:49.862+0000] {processor.py:830} INFO - Processing file /home/airflow/.local/lib/python3.12/site-packages/airflow/example_dags/example_branch_labels.py for tasks to queue
[2024-06-16T20:51:49.864+0000] {logging_mixin.py:188} INFO - [2024-06-16T20:51:49.864+0000] {dagbag.py:545} INFO - Filling up the DagBag from /home/airflow/.local/lib/python3.12/site-packages/airflow/example_dags/example_branch_labels.py
[2024-06-16T20:51:49.873+0000] {processor.py:840} INFO - DAG(s) 'example_branch_labels' retrieved from /home/airflow/.local/lib/python3.12/site-packages/airflow/example_dags/example_branch_labels.py
[2024-06-16T20:51:49.894+0000] {logging_mixin.py:188} INFO - [2024-06-16T20:51:49.894+0000] {dag.py:3096} INFO - Sync 1 DAGs
[2024-06-16T20:51:49.916+0000] {logging_mixin.py:188} INFO - [2024-06-16T20:51:49.916+0000] {dag.py:3954} INFO - Setting next_dagrun for example_branch_labels to 2024-06-15 00:00:00+00:00, run_after=2024-06-16 00:00:00+00:00
[2024-06-16T20:51:49.935+0000] {processor.py:183} INFO - Processing /home/airflow/.local/lib/python3.12/site-packages/airflow/example_dags/example_branch_labels.py took 0.084 seconds
[2024-06-16T20:52:20.292+0000] {processor.py:161} INFO - Started process (PID=2890) to work on /home/airflow/.local/lib/python3.12/site-packages/airflow/example_dags/example_branch_labels.py
[2024-06-16T20:52:20.295+0000] {processor.py:830} INFO - Processing file /home/airflow/.local/lib/python3.12/site-packages/airflow/example_dags/example_branch_labels.py for tasks to queue
[2024-06-16T20:52:20.297+0000] {logging_mixin.py:188} INFO - [2024-06-16T20:52:20.297+0000] {dagbag.py:545} INFO - Filling up the DagBag from /home/airflow/.local/lib/python3.12/site-packages/airflow/example_dags/example_branch_labels.py
[2024-06-16T20:52:20.317+0000] {processor.py:840} INFO - DAG(s) 'example_branch_labels' retrieved from /home/airflow/.local/lib/python3.12/site-packages/airflow/example_dags/example_branch_labels.py
[2024-06-16T20:52:20.350+0000] {logging_mixin.py:188} INFO - [2024-06-16T20:52:20.350+0000] {dag.py:3096} INFO - Sync 1 DAGs
[2024-06-16T20:52:20.376+0000] {logging_mixin.py:188} INFO - [2024-06-16T20:52:20.376+0000] {dag.py:3954} INFO - Setting next_dagrun for example_branch_labels to 2024-06-15 00:00:00+00:00, run_after=2024-06-16 00:00:00+00:00
[2024-06-16T20:52:20.395+0000] {processor.py:183} INFO - Processing /home/airflow/.local/lib/python3.12/site-packages/airflow/example_dags/example_branch_labels.py took 0.121 seconds
[2024-06-16T20:52:50.715+0000] {processor.py:161} INFO - Started process (PID=2948) to work on /home/airflow/.local/lib/python3.12/site-packages/airflow/example_dags/example_branch_labels.py
[2024-06-16T20:52:50.717+0000] {processor.py:830} INFO - Processing file /home/airflow/.local/lib/python3.12/site-packages/airflow/example_dags/example_branch_labels.py for tasks to queue
[2024-06-16T20:52:50.719+0000] {logging_mixin.py:188} INFO - [2024-06-16T20:52:50.719+0000] {dagbag.py:545} INFO - Filling up the DagBag from /home/airflow/.local/lib/python3.12/site-packages/airflow/example_dags/example_branch_labels.py
[2024-06-16T20:52:50.728+0000] {processor.py:840} INFO - DAG(s) 'example_branch_labels' retrieved from /home/airflow/.local/lib/python3.12/site-packages/airflow/example_dags/example_branch_labels.py
[2024-06-16T20:52:50.749+0000] {logging_mixin.py:188} INFO - [2024-06-16T20:52:50.749+0000] {dag.py:3096} INFO - Sync 1 DAGs
[2024-06-16T20:52:50.770+0000] {logging_mixin.py:188} INFO - [2024-06-16T20:52:50.770+0000] {dag.py:3954} INFO - Setting next_dagrun for example_branch_labels to 2024-06-15 00:00:00+00:00, run_after=2024-06-16 00:00:00+00:00
[2024-06-16T20:52:50.789+0000] {processor.py:183} INFO - Processing /home/airflow/.local/lib/python3.12/site-packages/airflow/example_dags/example_branch_labels.py took 0.080 seconds
[2024-06-16T20:53:21.310+0000] {processor.py:161} INFO - Started process (PID=3006) to work on /home/airflow/.local/lib/python3.12/site-packages/airflow/example_dags/example_branch_labels.py
[2024-06-16T20:53:21.311+0000] {processor.py:830} INFO - Processing file /home/airflow/.local/lib/python3.12/site-packages/airflow/example_dags/example_branch_labels.py for tasks to queue
[2024-06-16T20:53:21.313+0000] {logging_mixin.py:188} INFO - [2024-06-16T20:53:21.313+0000] {dagbag.py:545} INFO - Filling up the DagBag from /home/airflow/.local/lib/python3.12/site-packages/airflow/example_dags/example_branch_labels.py
[2024-06-16T20:53:21.320+0000] {processor.py:840} INFO - DAG(s) 'example_branch_labels' retrieved from /home/airflow/.local/lib/python3.12/site-packages/airflow/example_dags/example_branch_labels.py
[2024-06-16T20:53:21.343+0000] {logging_mixin.py:188} INFO - [2024-06-16T20:53:21.343+0000] {dag.py:3096} INFO - Sync 1 DAGs
[2024-06-16T20:53:21.364+0000] {logging_mixin.py:188} INFO - [2024-06-16T20:53:21.364+0000] {dag.py:3954} INFO - Setting next_dagrun for example_branch_labels to 2024-06-15 00:00:00+00:00, run_after=2024-06-16 00:00:00+00:00
[2024-06-16T20:53:21.383+0000] {processor.py:183} INFO - Processing /home/airflow/.local/lib/python3.12/site-packages/airflow/example_dags/example_branch_labels.py took 0.079 seconds
[2024-06-16T20:53:51.740+0000] {processor.py:161} INFO - Started process (PID=3064) to work on /home/airflow/.local/lib/python3.12/site-packages/airflow/example_dags/example_branch_labels.py
[2024-06-16T20:53:51.741+0000] {processor.py:830} INFO - Processing file /home/airflow/.local/lib/python3.12/site-packages/airflow/example_dags/example_branch_labels.py for tasks to queue
[2024-06-16T20:53:51.744+0000] {logging_mixin.py:188} INFO - [2024-06-16T20:53:51.743+0000] {dagbag.py:545} INFO - Filling up the DagBag from /home/airflow/.local/lib/python3.12/site-packages/airflow/example_dags/example_branch_labels.py
[2024-06-16T20:53:51.753+0000] {processor.py:840} INFO - DAG(s) 'example_branch_labels' retrieved from /home/airflow/.local/lib/python3.12/site-packages/airflow/example_dags/example_branch_labels.py
[2024-06-16T20:53:51.775+0000] {logging_mixin.py:188} INFO - [2024-06-16T20:53:51.775+0000] {dag.py:3096} INFO - Sync 1 DAGs
[2024-06-16T20:53:51.797+0000] {logging_mixin.py:188} INFO - [2024-06-16T20:53:51.797+0000] {dag.py:3954} INFO - Setting next_dagrun for example_branch_labels to 2024-06-15 00:00:00+00:00, run_after=2024-06-16 00:00:00+00:00
[2024-06-16T20:53:51.818+0000] {processor.py:183} INFO - Processing /home/airflow/.local/lib/python3.12/site-packages/airflow/example_dags/example_branch_labels.py took 0.085 seconds
[2024-06-16T20:54:22.277+0000] {processor.py:161} INFO - Started process (PID=3122) to work on /home/airflow/.local/lib/python3.12/site-packages/airflow/example_dags/example_branch_labels.py
[2024-06-16T20:54:22.279+0000] {processor.py:830} INFO - Processing file /home/airflow/.local/lib/python3.12/site-packages/airflow/example_dags/example_branch_labels.py for tasks to queue
[2024-06-16T20:54:22.281+0000] {logging_mixin.py:188} INFO - [2024-06-16T20:54:22.280+0000] {dagbag.py:545} INFO - Filling up the DagBag from /home/airflow/.local/lib/python3.12/site-packages/airflow/example_dags/example_branch_labels.py
[2024-06-16T20:54:22.289+0000] {processor.py:840} INFO - DAG(s) 'example_branch_labels' retrieved from /home/airflow/.local/lib/python3.12/site-packages/airflow/example_dags/example_branch_labels.py
[2024-06-16T20:54:22.310+0000] {logging_mixin.py:188} INFO - [2024-06-16T20:54:22.310+0000] {dag.py:3096} INFO - Sync 1 DAGs
[2024-06-16T20:54:22.332+0000] {logging_mixin.py:188} INFO - [2024-06-16T20:54:22.332+0000] {dag.py:3954} INFO - Setting next_dagrun for example_branch_labels to 2024-06-15 00:00:00+00:00, run_after=2024-06-16 00:00:00+00:00
[2024-06-16T20:54:22.351+0000] {processor.py:183} INFO - Processing /home/airflow/.local/lib/python3.12/site-packages/airflow/example_dags/example_branch_labels.py took 0.080 seconds
[2024-06-16T20:54:52.706+0000] {processor.py:161} INFO - Started process (PID=3180) to work on /home/airflow/.local/lib/python3.12/site-packages/airflow/example_dags/example_branch_labels.py
[2024-06-16T20:54:52.711+0000] {processor.py:830} INFO - Processing file /home/airflow/.local/lib/python3.12/site-packages/airflow/example_dags/example_branch_labels.py for tasks to queue
[2024-06-16T20:54:52.713+0000] {logging_mixin.py:188} INFO - [2024-06-16T20:54:52.713+0000] {dagbag.py:545} INFO - Filling up the DagBag from /home/airflow/.local/lib/python3.12/site-packages/airflow/example_dags/example_branch_labels.py
[2024-06-16T20:54:52.721+0000] {processor.py:840} INFO - DAG(s) 'example_branch_labels' retrieved from /home/airflow/.local/lib/python3.12/site-packages/airflow/example_dags/example_branch_labels.py
[2024-06-16T20:54:52.741+0000] {logging_mixin.py:188} INFO - [2024-06-16T20:54:52.741+0000] {dag.py:3096} INFO - Sync 1 DAGs
[2024-06-16T20:54:52.765+0000] {logging_mixin.py:188} INFO - [2024-06-16T20:54:52.765+0000] {dag.py:3954} INFO - Setting next_dagrun for example_branch_labels to 2024-06-15 00:00:00+00:00, run_after=2024-06-16 00:00:00+00:00
[2024-06-16T20:54:52.785+0000] {processor.py:183} INFO - Processing /home/airflow/.local/lib/python3.12/site-packages/airflow/example_dags/example_branch_labels.py took 0.085 seconds
[2024-06-16T20:55:23.146+0000] {processor.py:161} INFO - Started process (PID=3238) to work on /home/airflow/.local/lib/python3.12/site-packages/airflow/example_dags/example_branch_labels.py
[2024-06-16T20:55:23.147+0000] {processor.py:830} INFO - Processing file /home/airflow/.local/lib/python3.12/site-packages/airflow/example_dags/example_branch_labels.py for tasks to queue
[2024-06-16T20:55:23.149+0000] {logging_mixin.py:188} INFO - [2024-06-16T20:55:23.149+0000] {dagbag.py:545} INFO - Filling up the DagBag from /home/airflow/.local/lib/python3.12/site-packages/airflow/example_dags/example_branch_labels.py
[2024-06-16T20:55:23.158+0000] {processor.py:840} INFO - DAG(s) 'example_branch_labels' retrieved from /home/airflow/.local/lib/python3.12/site-packages/airflow/example_dags/example_branch_labels.py
[2024-06-16T20:55:23.180+0000] {logging_mixin.py:188} INFO - [2024-06-16T20:55:23.180+0000] {dag.py:3096} INFO - Sync 1 DAGs
[2024-06-16T20:55:23.202+0000] {logging_mixin.py:188} INFO - [2024-06-16T20:55:23.202+0000] {dag.py:3954} INFO - Setting next_dagrun for example_branch_labels to 2024-06-15 00:00:00+00:00, run_after=2024-06-16 00:00:00+00:00
[2024-06-16T20:55:23.221+0000] {processor.py:183} INFO - Processing /home/airflow/.local/lib/python3.12/site-packages/airflow/example_dags/example_branch_labels.py took 0.082 seconds
[2024-06-16T20:55:53.335+0000] {processor.py:161} INFO - Started process (PID=3296) to work on /home/airflow/.local/lib/python3.12/site-packages/airflow/example_dags/example_branch_labels.py
[2024-06-16T20:55:53.336+0000] {processor.py:830} INFO - Processing file /home/airflow/.local/lib/python3.12/site-packages/airflow/example_dags/example_branch_labels.py for tasks to queue
[2024-06-16T20:55:53.338+0000] {logging_mixin.py:188} INFO - [2024-06-16T20:55:53.337+0000] {dagbag.py:545} INFO - Filling up the DagBag from /home/airflow/.local/lib/python3.12/site-packages/airflow/example_dags/example_branch_labels.py
[2024-06-16T20:55:53.346+0000] {processor.py:840} INFO - DAG(s) 'example_branch_labels' retrieved from /home/airflow/.local/lib/python3.12/site-packages/airflow/example_dags/example_branch_labels.py
[2024-06-16T20:55:53.371+0000] {logging_mixin.py:188} INFO - [2024-06-16T20:55:53.371+0000] {dag.py:3096} INFO - Sync 1 DAGs
[2024-06-16T20:55:53.396+0000] {logging_mixin.py:188} INFO - [2024-06-16T20:55:53.396+0000] {dag.py:3954} INFO - Setting next_dagrun for example_branch_labels to 2024-06-15 00:00:00+00:00, run_after=2024-06-16 00:00:00+00:00
[2024-06-16T20:55:53.420+0000] {processor.py:183} INFO - Processing /home/airflow/.local/lib/python3.12/site-packages/airflow/example_dags/example_branch_labels.py took 0.092 seconds
[2024-06-16T20:56:23.952+0000] {processor.py:161} INFO - Started process (PID=3354) to work on /home/airflow/.local/lib/python3.12/site-packages/airflow/example_dags/example_branch_labels.py
[2024-06-16T20:56:23.954+0000] {processor.py:830} INFO - Processing file /home/airflow/.local/lib/python3.12/site-packages/airflow/example_dags/example_branch_labels.py for tasks to queue
[2024-06-16T20:56:23.955+0000] {logging_mixin.py:188} INFO - [2024-06-16T20:56:23.955+0000] {dagbag.py:545} INFO - Filling up the DagBag from /home/airflow/.local/lib/python3.12/site-packages/airflow/example_dags/example_branch_labels.py
[2024-06-16T20:56:23.964+0000] {processor.py:840} INFO - DAG(s) 'example_branch_labels' retrieved from /home/airflow/.local/lib/python3.12/site-packages/airflow/example_dags/example_branch_labels.py
[2024-06-16T20:56:23.987+0000] {logging_mixin.py:188} INFO - [2024-06-16T20:56:23.987+0000] {dag.py:3096} INFO - Sync 1 DAGs
[2024-06-16T20:56:24.015+0000] {logging_mixin.py:188} INFO - [2024-06-16T20:56:24.015+0000] {dag.py:3954} INFO - Setting next_dagrun for example_branch_labels to 2024-06-15 00:00:00+00:00, run_after=2024-06-16 00:00:00+00:00
[2024-06-16T20:56:24.035+0000] {processor.py:183} INFO - Processing /home/airflow/.local/lib/python3.12/site-packages/airflow/example_dags/example_branch_labels.py took 0.089 seconds
[2024-06-16T20:56:54.360+0000] {processor.py:161} INFO - Started process (PID=3412) to work on /home/airflow/.local/lib/python3.12/site-packages/airflow/example_dags/example_branch_labels.py
[2024-06-16T20:56:54.362+0000] {processor.py:830} INFO - Processing file /home/airflow/.local/lib/python3.12/site-packages/airflow/example_dags/example_branch_labels.py for tasks to queue
[2024-06-16T20:56:54.366+0000] {logging_mixin.py:188} INFO - [2024-06-16T20:56:54.365+0000] {dagbag.py:545} INFO - Filling up the DagBag from /home/airflow/.local/lib/python3.12/site-packages/airflow/example_dags/example_branch_labels.py
[2024-06-16T20:56:54.379+0000] {processor.py:840} INFO - DAG(s) 'example_branch_labels' retrieved from /home/airflow/.local/lib/python3.12/site-packages/airflow/example_dags/example_branch_labels.py
[2024-06-16T20:56:54.410+0000] {logging_mixin.py:188} INFO - [2024-06-16T20:56:54.409+0000] {dag.py:3096} INFO - Sync 1 DAGs
[2024-06-16T20:56:54.460+0000] {logging_mixin.py:188} INFO - [2024-06-16T20:56:54.460+0000] {dag.py:3954} INFO - Setting next_dagrun for example_branch_labels to 2024-06-15 00:00:00+00:00, run_after=2024-06-16 00:00:00+00:00
[2024-06-16T20:56:54.507+0000] {processor.py:183} INFO - Processing /home/airflow/.local/lib/python3.12/site-packages/airflow/example_dags/example_branch_labels.py took 0.161 seconds
[2024-06-16T20:57:24.531+0000] {processor.py:161} INFO - Started process (PID=3470) to work on /home/airflow/.local/lib/python3.12/site-packages/airflow/example_dags/example_branch_labels.py
[2024-06-16T20:57:24.532+0000] {processor.py:830} INFO - Processing file /home/airflow/.local/lib/python3.12/site-packages/airflow/example_dags/example_branch_labels.py for tasks to queue
[2024-06-16T20:57:24.534+0000] {logging_mixin.py:188} INFO - [2024-06-16T20:57:24.534+0000] {dagbag.py:545} INFO - Filling up the DagBag from /home/airflow/.local/lib/python3.12/site-packages/airflow/example_dags/example_branch_labels.py
[2024-06-16T20:57:24.542+0000] {processor.py:840} INFO - DAG(s) 'example_branch_labels' retrieved from /home/airflow/.local/lib/python3.12/site-packages/airflow/example_dags/example_branch_labels.py
[2024-06-16T20:57:24.568+0000] {logging_mixin.py:188} INFO - [2024-06-16T20:57:24.567+0000] {dag.py:3096} INFO - Sync 1 DAGs
[2024-06-16T20:57:24.596+0000] {logging_mixin.py:188} INFO - [2024-06-16T20:57:24.596+0000] {dag.py:3954} INFO - Setting next_dagrun for example_branch_labels to 2024-06-15 00:00:00+00:00, run_after=2024-06-16 00:00:00+00:00
[2024-06-16T20:57:24.620+0000] {processor.py:183} INFO - Processing /home/airflow/.local/lib/python3.12/site-packages/airflow/example_dags/example_branch_labels.py took 0.094 seconds
[2024-06-16T20:57:54.660+0000] {processor.py:161} INFO - Started process (PID=3528) to work on /home/airflow/.local/lib/python3.12/site-packages/airflow/example_dags/example_branch_labels.py
[2024-06-16T20:57:54.661+0000] {processor.py:830} INFO - Processing file /home/airflow/.local/lib/python3.12/site-packages/airflow/example_dags/example_branch_labels.py for tasks to queue
[2024-06-16T20:57:54.663+0000] {logging_mixin.py:188} INFO - [2024-06-16T20:57:54.663+0000] {dagbag.py:545} INFO - Filling up the DagBag from /home/airflow/.local/lib/python3.12/site-packages/airflow/example_dags/example_branch_labels.py
[2024-06-16T20:57:54.671+0000] {processor.py:840} INFO - DAG(s) 'example_branch_labels' retrieved from /home/airflow/.local/lib/python3.12/site-packages/airflow/example_dags/example_branch_labels.py
[2024-06-16T20:57:54.693+0000] {logging_mixin.py:188} INFO - [2024-06-16T20:57:54.693+0000] {dag.py:3096} INFO - Sync 1 DAGs
[2024-06-16T20:57:54.719+0000] {logging_mixin.py:188} INFO - [2024-06-16T20:57:54.719+0000] {dag.py:3954} INFO - Setting next_dagrun for example_branch_labels to 2024-06-15 00:00:00+00:00, run_after=2024-06-16 00:00:00+00:00
[2024-06-16T20:57:54.743+0000] {processor.py:183} INFO - Processing /home/airflow/.local/lib/python3.12/site-packages/airflow/example_dags/example_branch_labels.py took 0.091 seconds
[2024-06-16T20:58:24.937+0000] {processor.py:161} INFO - Started process (PID=3586) to work on /home/airflow/.local/lib/python3.12/site-packages/airflow/example_dags/example_branch_labels.py
[2024-06-16T20:58:24.939+0000] {processor.py:830} INFO - Processing file /home/airflow/.local/lib/python3.12/site-packages/airflow/example_dags/example_branch_labels.py for tasks to queue
[2024-06-16T20:58:24.940+0000] {logging_mixin.py:188} INFO - [2024-06-16T20:58:24.940+0000] {dagbag.py:545} INFO - Filling up the DagBag from /home/airflow/.local/lib/python3.12/site-packages/airflow/example_dags/example_branch_labels.py
[2024-06-16T20:58:24.949+0000] {processor.py:840} INFO - DAG(s) 'example_branch_labels' retrieved from /home/airflow/.local/lib/python3.12/site-packages/airflow/example_dags/example_branch_labels.py
[2024-06-16T20:58:24.972+0000] {logging_mixin.py:188} INFO - [2024-06-16T20:58:24.971+0000] {dag.py:3096} INFO - Sync 1 DAGs
[2024-06-16T20:58:24.996+0000] {logging_mixin.py:188} INFO - [2024-06-16T20:58:24.996+0000] {dag.py:3954} INFO - Setting next_dagrun for example_branch_labels to 2024-06-15 00:00:00+00:00, run_after=2024-06-16 00:00:00+00:00
[2024-06-16T20:58:25.022+0000] {processor.py:183} INFO - Processing /home/airflow/.local/lib/python3.12/site-packages/airflow/example_dags/example_branch_labels.py took 0.091 seconds
[2024-06-16T20:58:55.126+0000] {processor.py:161} INFO - Started process (PID=3644) to work on /home/airflow/.local/lib/python3.12/site-packages/airflow/example_dags/example_branch_labels.py
[2024-06-16T20:58:55.128+0000] {processor.py:830} INFO - Processing file /home/airflow/.local/lib/python3.12/site-packages/airflow/example_dags/example_branch_labels.py for tasks to queue
[2024-06-16T20:58:55.130+0000] {logging_mixin.py:188} INFO - [2024-06-16T20:58:55.130+0000] {dagbag.py:545} INFO - Filling up the DagBag from /home/airflow/.local/lib/python3.12/site-packages/airflow/example_dags/example_branch_labels.py
[2024-06-16T20:58:55.138+0000] {processor.py:840} INFO - DAG(s) 'example_branch_labels' retrieved from /home/airflow/.local/lib/python3.12/site-packages/airflow/example_dags/example_branch_labels.py
[2024-06-16T20:58:55.160+0000] {logging_mixin.py:188} INFO - [2024-06-16T20:58:55.159+0000] {dag.py:3096} INFO - Sync 1 DAGs
[2024-06-16T20:58:55.228+0000] {logging_mixin.py:188} INFO - [2024-06-16T20:58:55.227+0000] {dag.py:3954} INFO - Setting next_dagrun for example_branch_labels to 2024-06-15 00:00:00+00:00, run_after=2024-06-16 00:00:00+00:00
[2024-06-16T20:58:56.319+0000] {processor.py:183} INFO - Processing /home/airflow/.local/lib/python3.12/site-packages/airflow/example_dags/example_branch_labels.py took 1.200 seconds
[2024-06-16T20:59:26.456+0000] {processor.py:161} INFO - Started process (PID=3703) to work on /home/airflow/.local/lib/python3.12/site-packages/airflow/example_dags/example_branch_labels.py
[2024-06-16T20:59:26.457+0000] {processor.py:830} INFO - Processing file /home/airflow/.local/lib/python3.12/site-packages/airflow/example_dags/example_branch_labels.py for tasks to queue
[2024-06-16T20:59:26.459+0000] {logging_mixin.py:188} INFO - [2024-06-16T20:59:26.459+0000] {dagbag.py:545} INFO - Filling up the DagBag from /home/airflow/.local/lib/python3.12/site-packages/airflow/example_dags/example_branch_labels.py
[2024-06-16T20:59:26.467+0000] {processor.py:840} INFO - DAG(s) 'example_branch_labels' retrieved from /home/airflow/.local/lib/python3.12/site-packages/airflow/example_dags/example_branch_labels.py
[2024-06-16T20:59:26.485+0000] {logging_mixin.py:188} INFO - [2024-06-16T20:59:26.485+0000] {dag.py:3096} INFO - Sync 1 DAGs
[2024-06-16T20:59:26.505+0000] {logging_mixin.py:188} INFO - [2024-06-16T20:59:26.505+0000] {dag.py:3954} INFO - Setting next_dagrun for example_branch_labels to 2024-06-15 00:00:00+00:00, run_after=2024-06-16 00:00:00+00:00
[2024-06-16T20:59:26.522+0000] {processor.py:183} INFO - Processing /home/airflow/.local/lib/python3.12/site-packages/airflow/example_dags/example_branch_labels.py took 0.072 seconds
