[2024-06-16T20:27:23.060+0000] {processor.py:161} INFO - Started process (PID=33) to work on /home/airflow/.local/lib/python3.12/site-packages/airflow/example_dags/example_branch_python_dop_operator_3.py
[2024-06-16T20:27:23.061+0000] {processor.py:830} INFO - Processing file /home/airflow/.local/lib/python3.12/site-packages/airflow/example_dags/example_branch_python_dop_operator_3.py for tasks to queue
[2024-06-16T20:27:23.064+0000] {logging_mixin.py:188} INFO - [2024-06-16T20:27:23.064+0000] {dagbag.py:545} INFO - Filling up the DagBag from /home/airflow/.local/lib/python3.12/site-packages/airflow/example_dags/example_branch_python_dop_operator_3.py
[2024-06-16T20:27:23.082+0000] {processor.py:840} INFO - DAG(s) 'example_branch_dop_operator_v3' retrieved from /home/airflow/.local/lib/python3.12/site-packages/airflow/example_dags/example_branch_python_dop_operator_3.py
[2024-06-16T20:27:23.272+0000] {logging_mixin.py:188} INFO - [2024-06-16T20:27:23.272+0000] {dag.py:3096} INFO - Sync 1 DAGs
[2024-06-16T20:27:23.311+0000] {logging_mixin.py:188} INFO - [2024-06-16T20:27:23.311+0000] {dag.py:3954} INFO - Setting next_dagrun for example_branch_dop_operator_v3 to 2024-06-16 20:26:00+00:00, run_after=2024-06-16 20:27:00+00:00
[2024-06-16T20:27:23.341+0000] {processor.py:183} INFO - Processing /home/airflow/.local/lib/python3.12/site-packages/airflow/example_dags/example_branch_python_dop_operator_3.py took 0.290 seconds
[2024-06-16T20:27:53.646+0000] {processor.py:161} INFO - Started process (PID=92) to work on /home/airflow/.local/lib/python3.12/site-packages/airflow/example_dags/example_branch_python_dop_operator_3.py
[2024-06-16T20:27:53.648+0000] {processor.py:830} INFO - Processing file /home/airflow/.local/lib/python3.12/site-packages/airflow/example_dags/example_branch_python_dop_operator_3.py for tasks to queue
[2024-06-16T20:27:53.650+0000] {logging_mixin.py:188} INFO - [2024-06-16T20:27:53.650+0000] {dagbag.py:545} INFO - Filling up the DagBag from /home/airflow/.local/lib/python3.12/site-packages/airflow/example_dags/example_branch_python_dop_operator_3.py
[2024-06-16T20:27:53.664+0000] {processor.py:840} INFO - DAG(s) 'example_branch_dop_operator_v3' retrieved from /home/airflow/.local/lib/python3.12/site-packages/airflow/example_dags/example_branch_python_dop_operator_3.py
[2024-06-16T20:27:53.694+0000] {logging_mixin.py:188} INFO - [2024-06-16T20:27:53.693+0000] {dag.py:3096} INFO - Sync 1 DAGs
[2024-06-16T20:27:53.803+0000] {logging_mixin.py:188} INFO - [2024-06-16T20:27:53.802+0000] {dag.py:3954} INFO - Setting next_dagrun for example_branch_dop_operator_v3 to 2024-06-16 20:26:00+00:00, run_after=2024-06-16 20:27:00+00:00
[2024-06-16T20:27:53.847+0000] {processor.py:183} INFO - Processing /home/airflow/.local/lib/python3.12/site-packages/airflow/example_dags/example_branch_python_dop_operator_3.py took 0.210 seconds
[2024-06-16T20:28:24.753+0000] {processor.py:161} INFO - Started process (PID=150) to work on /home/airflow/.local/lib/python3.12/site-packages/airflow/example_dags/example_branch_python_dop_operator_3.py
[2024-06-16T20:28:24.755+0000] {processor.py:830} INFO - Processing file /home/airflow/.local/lib/python3.12/site-packages/airflow/example_dags/example_branch_python_dop_operator_3.py for tasks to queue
[2024-06-16T20:28:24.756+0000] {logging_mixin.py:188} INFO - [2024-06-16T20:28:24.756+0000] {dagbag.py:545} INFO - Filling up the DagBag from /home/airflow/.local/lib/python3.12/site-packages/airflow/example_dags/example_branch_python_dop_operator_3.py
[2024-06-16T20:28:24.767+0000] {processor.py:840} INFO - DAG(s) 'example_branch_dop_operator_v3' retrieved from /home/airflow/.local/lib/python3.12/site-packages/airflow/example_dags/example_branch_python_dop_operator_3.py
[2024-06-16T20:28:24.788+0000] {logging_mixin.py:188} INFO - [2024-06-16T20:28:24.787+0000] {dag.py:3096} INFO - Sync 1 DAGs
[2024-06-16T20:28:24.813+0000] {logging_mixin.py:188} INFO - [2024-06-16T20:28:24.813+0000] {dag.py:3954} INFO - Setting next_dagrun for example_branch_dop_operator_v3 to 2024-06-16 20:27:00+00:00, run_after=2024-06-16 20:28:00+00:00
[2024-06-16T20:28:24.837+0000] {processor.py:183} INFO - Processing /home/airflow/.local/lib/python3.12/site-packages/airflow/example_dags/example_branch_python_dop_operator_3.py took 0.090 seconds
[2024-06-16T20:28:55.243+0000] {processor.py:161} INFO - Started process (PID=208) to work on /home/airflow/.local/lib/python3.12/site-packages/airflow/example_dags/example_branch_python_dop_operator_3.py
[2024-06-16T20:28:55.244+0000] {processor.py:830} INFO - Processing file /home/airflow/.local/lib/python3.12/site-packages/airflow/example_dags/example_branch_python_dop_operator_3.py for tasks to queue
[2024-06-16T20:28:55.247+0000] {logging_mixin.py:188} INFO - [2024-06-16T20:28:55.247+0000] {dagbag.py:545} INFO - Filling up the DagBag from /home/airflow/.local/lib/python3.12/site-packages/airflow/example_dags/example_branch_python_dop_operator_3.py
[2024-06-16T20:28:55.258+0000] {processor.py:840} INFO - DAG(s) 'example_branch_dop_operator_v3' retrieved from /home/airflow/.local/lib/python3.12/site-packages/airflow/example_dags/example_branch_python_dop_operator_3.py
[2024-06-16T20:28:55.278+0000] {logging_mixin.py:188} INFO - [2024-06-16T20:28:55.277+0000] {dag.py:3096} INFO - Sync 1 DAGs
[2024-06-16T20:28:55.303+0000] {logging_mixin.py:188} INFO - [2024-06-16T20:28:55.302+0000] {dag.py:3954} INFO - Setting next_dagrun for example_branch_dop_operator_v3 to 2024-06-16 20:27:00+00:00, run_after=2024-06-16 20:28:00+00:00
[2024-06-16T20:28:55.324+0000] {processor.py:183} INFO - Processing /home/airflow/.local/lib/python3.12/site-packages/airflow/example_dags/example_branch_python_dop_operator_3.py took 0.088 seconds
[2024-06-16T20:29:25.391+0000] {processor.py:161} INFO - Started process (PID=265) to work on /home/airflow/.local/lib/python3.12/site-packages/airflow/example_dags/example_branch_python_dop_operator_3.py
[2024-06-16T20:29:25.392+0000] {processor.py:830} INFO - Processing file /home/airflow/.local/lib/python3.12/site-packages/airflow/example_dags/example_branch_python_dop_operator_3.py for tasks to queue
[2024-06-16T20:29:25.394+0000] {logging_mixin.py:188} INFO - [2024-06-16T20:29:25.393+0000] {dagbag.py:545} INFO - Filling up the DagBag from /home/airflow/.local/lib/python3.12/site-packages/airflow/example_dags/example_branch_python_dop_operator_3.py
[2024-06-16T20:29:25.406+0000] {processor.py:840} INFO - DAG(s) 'example_branch_dop_operator_v3' retrieved from /home/airflow/.local/lib/python3.12/site-packages/airflow/example_dags/example_branch_python_dop_operator_3.py
[2024-06-16T20:29:25.429+0000] {logging_mixin.py:188} INFO - [2024-06-16T20:29:25.429+0000] {dag.py:3096} INFO - Sync 1 DAGs
[2024-06-16T20:29:25.454+0000] {logging_mixin.py:188} INFO - [2024-06-16T20:29:25.453+0000] {dag.py:3954} INFO - Setting next_dagrun for example_branch_dop_operator_v3 to 2024-06-16 20:28:00+00:00, run_after=2024-06-16 20:29:00+00:00
[2024-06-16T20:29:25.473+0000] {processor.py:183} INFO - Processing /home/airflow/.local/lib/python3.12/site-packages/airflow/example_dags/example_branch_python_dop_operator_3.py took 0.087 seconds
[2024-06-16T20:29:55.545+0000] {processor.py:161} INFO - Started process (PID=323) to work on /home/airflow/.local/lib/python3.12/site-packages/airflow/example_dags/example_branch_python_dop_operator_3.py
[2024-06-16T20:29:55.550+0000] {processor.py:830} INFO - Processing file /home/airflow/.local/lib/python3.12/site-packages/airflow/example_dags/example_branch_python_dop_operator_3.py for tasks to queue
[2024-06-16T20:29:55.552+0000] {logging_mixin.py:188} INFO - [2024-06-16T20:29:55.552+0000] {dagbag.py:545} INFO - Filling up the DagBag from /home/airflow/.local/lib/python3.12/site-packages/airflow/example_dags/example_branch_python_dop_operator_3.py
[2024-06-16T20:29:55.564+0000] {processor.py:840} INFO - DAG(s) 'example_branch_dop_operator_v3' retrieved from /home/airflow/.local/lib/python3.12/site-packages/airflow/example_dags/example_branch_python_dop_operator_3.py
[2024-06-16T20:29:55.589+0000] {logging_mixin.py:188} INFO - [2024-06-16T20:29:55.589+0000] {dag.py:3096} INFO - Sync 1 DAGs
[2024-06-16T20:29:55.619+0000] {logging_mixin.py:188} INFO - [2024-06-16T20:29:55.619+0000] {dag.py:3954} INFO - Setting next_dagrun for example_branch_dop_operator_v3 to 2024-06-16 20:28:00+00:00, run_after=2024-06-16 20:29:00+00:00
[2024-06-16T20:29:55.649+0000] {processor.py:183} INFO - Processing /home/airflow/.local/lib/python3.12/site-packages/airflow/example_dags/example_branch_python_dop_operator_3.py took 0.113 seconds
[2024-06-16T20:30:25.699+0000] {processor.py:161} INFO - Started process (PID=381) to work on /home/airflow/.local/lib/python3.12/site-packages/airflow/example_dags/example_branch_python_dop_operator_3.py
[2024-06-16T20:30:25.729+0000] {processor.py:830} INFO - Processing file /home/airflow/.local/lib/python3.12/site-packages/airflow/example_dags/example_branch_python_dop_operator_3.py for tasks to queue
[2024-06-16T20:30:25.732+0000] {logging_mixin.py:188} INFO - [2024-06-16T20:30:25.731+0000] {dagbag.py:545} INFO - Filling up the DagBag from /home/airflow/.local/lib/python3.12/site-packages/airflow/example_dags/example_branch_python_dop_operator_3.py
[2024-06-16T20:30:25.743+0000] {processor.py:840} INFO - DAG(s) 'example_branch_dop_operator_v3' retrieved from /home/airflow/.local/lib/python3.12/site-packages/airflow/example_dags/example_branch_python_dop_operator_3.py
[2024-06-16T20:30:25.765+0000] {logging_mixin.py:188} INFO - [2024-06-16T20:30:25.765+0000] {dag.py:3096} INFO - Sync 1 DAGs
[2024-06-16T20:30:25.797+0000] {logging_mixin.py:188} INFO - [2024-06-16T20:30:25.797+0000] {dag.py:3954} INFO - Setting next_dagrun for example_branch_dop_operator_v3 to 2024-06-16 20:29:00+00:00, run_after=2024-06-16 20:30:00+00:00
[2024-06-16T20:30:25.893+0000] {processor.py:183} INFO - Processing /home/airflow/.local/lib/python3.12/site-packages/airflow/example_dags/example_branch_python_dop_operator_3.py took 0.200 seconds
[2024-06-16T20:30:56.172+0000] {processor.py:161} INFO - Started process (PID=439) to work on /home/airflow/.local/lib/python3.12/site-packages/airflow/example_dags/example_branch_python_dop_operator_3.py
[2024-06-16T20:30:56.173+0000] {processor.py:830} INFO - Processing file /home/airflow/.local/lib/python3.12/site-packages/airflow/example_dags/example_branch_python_dop_operator_3.py for tasks to queue
[2024-06-16T20:30:56.175+0000] {logging_mixin.py:188} INFO - [2024-06-16T20:30:56.175+0000] {dagbag.py:545} INFO - Filling up the DagBag from /home/airflow/.local/lib/python3.12/site-packages/airflow/example_dags/example_branch_python_dop_operator_3.py
[2024-06-16T20:30:56.184+0000] {processor.py:840} INFO - DAG(s) 'example_branch_dop_operator_v3' retrieved from /home/airflow/.local/lib/python3.12/site-packages/airflow/example_dags/example_branch_python_dop_operator_3.py
[2024-06-16T20:30:56.206+0000] {logging_mixin.py:188} INFO - [2024-06-16T20:30:56.206+0000] {dag.py:3096} INFO - Sync 1 DAGs
[2024-06-16T20:30:56.231+0000] {logging_mixin.py:188} INFO - [2024-06-16T20:30:56.231+0000] {dag.py:3954} INFO - Setting next_dagrun for example_branch_dop_operator_v3 to 2024-06-16 20:29:00+00:00, run_after=2024-06-16 20:30:00+00:00
[2024-06-16T20:30:56.250+0000] {processor.py:183} INFO - Processing /home/airflow/.local/lib/python3.12/site-packages/airflow/example_dags/example_branch_python_dop_operator_3.py took 0.086 seconds
[2024-06-16T20:31:26.349+0000] {processor.py:161} INFO - Started process (PID=497) to work on /home/airflow/.local/lib/python3.12/site-packages/airflow/example_dags/example_branch_python_dop_operator_3.py
[2024-06-16T20:31:26.350+0000] {processor.py:830} INFO - Processing file /home/airflow/.local/lib/python3.12/site-packages/airflow/example_dags/example_branch_python_dop_operator_3.py for tasks to queue
[2024-06-16T20:31:26.353+0000] {logging_mixin.py:188} INFO - [2024-06-16T20:31:26.352+0000] {dagbag.py:545} INFO - Filling up the DagBag from /home/airflow/.local/lib/python3.12/site-packages/airflow/example_dags/example_branch_python_dop_operator_3.py
[2024-06-16T20:31:26.361+0000] {processor.py:840} INFO - DAG(s) 'example_branch_dop_operator_v3' retrieved from /home/airflow/.local/lib/python3.12/site-packages/airflow/example_dags/example_branch_python_dop_operator_3.py
[2024-06-16T20:31:26.383+0000] {logging_mixin.py:188} INFO - [2024-06-16T20:31:26.383+0000] {dag.py:3096} INFO - Sync 1 DAGs
[2024-06-16T20:31:26.409+0000] {logging_mixin.py:188} INFO - [2024-06-16T20:31:26.409+0000] {dag.py:3954} INFO - Setting next_dagrun for example_branch_dop_operator_v3 to 2024-06-16 20:30:00+00:00, run_after=2024-06-16 20:31:00+00:00
[2024-06-16T20:31:26.434+0000] {processor.py:183} INFO - Processing /home/airflow/.local/lib/python3.12/site-packages/airflow/example_dags/example_branch_python_dop_operator_3.py took 0.090 seconds
[2024-06-16T20:31:56.974+0000] {processor.py:161} INFO - Started process (PID=555) to work on /home/airflow/.local/lib/python3.12/site-packages/airflow/example_dags/example_branch_python_dop_operator_3.py
[2024-06-16T20:31:56.975+0000] {processor.py:830} INFO - Processing file /home/airflow/.local/lib/python3.12/site-packages/airflow/example_dags/example_branch_python_dop_operator_3.py for tasks to queue
[2024-06-16T20:31:56.977+0000] {logging_mixin.py:188} INFO - [2024-06-16T20:31:56.977+0000] {dagbag.py:545} INFO - Filling up the DagBag from /home/airflow/.local/lib/python3.12/site-packages/airflow/example_dags/example_branch_python_dop_operator_3.py
[2024-06-16T20:31:56.987+0000] {processor.py:840} INFO - DAG(s) 'example_branch_dop_operator_v3' retrieved from /home/airflow/.local/lib/python3.12/site-packages/airflow/example_dags/example_branch_python_dop_operator_3.py
[2024-06-16T20:31:57.009+0000] {logging_mixin.py:188} INFO - [2024-06-16T20:31:57.008+0000] {dag.py:3096} INFO - Sync 1 DAGs
[2024-06-16T20:31:57.034+0000] {logging_mixin.py:188} INFO - [2024-06-16T20:31:57.034+0000] {dag.py:3954} INFO - Setting next_dagrun for example_branch_dop_operator_v3 to 2024-06-16 20:30:00+00:00, run_after=2024-06-16 20:31:00+00:00
[2024-06-16T20:31:57.056+0000] {processor.py:183} INFO - Processing /home/airflow/.local/lib/python3.12/site-packages/airflow/example_dags/example_branch_python_dop_operator_3.py took 0.088 seconds
[2024-06-16T20:32:27.651+0000] {processor.py:161} INFO - Started process (PID=613) to work on /home/airflow/.local/lib/python3.12/site-packages/airflow/example_dags/example_branch_python_dop_operator_3.py
[2024-06-16T20:32:27.652+0000] {processor.py:830} INFO - Processing file /home/airflow/.local/lib/python3.12/site-packages/airflow/example_dags/example_branch_python_dop_operator_3.py for tasks to queue
[2024-06-16T20:32:27.654+0000] {logging_mixin.py:188} INFO - [2024-06-16T20:32:27.654+0000] {dagbag.py:545} INFO - Filling up the DagBag from /home/airflow/.local/lib/python3.12/site-packages/airflow/example_dags/example_branch_python_dop_operator_3.py
[2024-06-16T20:32:27.664+0000] {processor.py:840} INFO - DAG(s) 'example_branch_dop_operator_v3' retrieved from /home/airflow/.local/lib/python3.12/site-packages/airflow/example_dags/example_branch_python_dop_operator_3.py
[2024-06-16T20:32:27.688+0000] {logging_mixin.py:188} INFO - [2024-06-16T20:32:27.688+0000] {dag.py:3096} INFO - Sync 1 DAGs
[2024-06-16T20:32:27.718+0000] {logging_mixin.py:188} INFO - [2024-06-16T20:32:27.718+0000] {dag.py:3954} INFO - Setting next_dagrun for example_branch_dop_operator_v3 to 2024-06-16 20:31:00+00:00, run_after=2024-06-16 20:32:00+00:00
[2024-06-16T20:32:27.742+0000] {processor.py:183} INFO - Processing /home/airflow/.local/lib/python3.12/site-packages/airflow/example_dags/example_branch_python_dop_operator_3.py took 0.098 seconds
[2024-06-16T20:32:58.258+0000] {processor.py:161} INFO - Started process (PID=671) to work on /home/airflow/.local/lib/python3.12/site-packages/airflow/example_dags/example_branch_python_dop_operator_3.py
[2024-06-16T20:32:58.260+0000] {processor.py:830} INFO - Processing file /home/airflow/.local/lib/python3.12/site-packages/airflow/example_dags/example_branch_python_dop_operator_3.py for tasks to queue
[2024-06-16T20:32:58.261+0000] {logging_mixin.py:188} INFO - [2024-06-16T20:32:58.261+0000] {dagbag.py:545} INFO - Filling up the DagBag from /home/airflow/.local/lib/python3.12/site-packages/airflow/example_dags/example_branch_python_dop_operator_3.py
[2024-06-16T20:32:58.271+0000] {processor.py:840} INFO - DAG(s) 'example_branch_dop_operator_v3' retrieved from /home/airflow/.local/lib/python3.12/site-packages/airflow/example_dags/example_branch_python_dop_operator_3.py
[2024-06-16T20:32:58.293+0000] {logging_mixin.py:188} INFO - [2024-06-16T20:32:58.292+0000] {dag.py:3096} INFO - Sync 1 DAGs
[2024-06-16T20:32:58.321+0000] {logging_mixin.py:188} INFO - [2024-06-16T20:32:58.321+0000] {dag.py:3954} INFO - Setting next_dagrun for example_branch_dop_operator_v3 to 2024-06-16 20:31:00+00:00, run_after=2024-06-16 20:32:00+00:00
[2024-06-16T20:32:58.343+0000] {processor.py:183} INFO - Processing /home/airflow/.local/lib/python3.12/site-packages/airflow/example_dags/example_branch_python_dop_operator_3.py took 0.090 seconds
[2024-06-16T20:33:28.869+0000] {processor.py:161} INFO - Started process (PID=729) to work on /home/airflow/.local/lib/python3.12/site-packages/airflow/example_dags/example_branch_python_dop_operator_3.py
[2024-06-16T20:33:28.871+0000] {processor.py:830} INFO - Processing file /home/airflow/.local/lib/python3.12/site-packages/airflow/example_dags/example_branch_python_dop_operator_3.py for tasks to queue
[2024-06-16T20:33:28.873+0000] {logging_mixin.py:188} INFO - [2024-06-16T20:33:28.873+0000] {dagbag.py:545} INFO - Filling up the DagBag from /home/airflow/.local/lib/python3.12/site-packages/airflow/example_dags/example_branch_python_dop_operator_3.py
[2024-06-16T20:33:28.882+0000] {processor.py:840} INFO - DAG(s) 'example_branch_dop_operator_v3' retrieved from /home/airflow/.local/lib/python3.12/site-packages/airflow/example_dags/example_branch_python_dop_operator_3.py
[2024-06-16T20:33:28.903+0000] {logging_mixin.py:188} INFO - [2024-06-16T20:33:28.903+0000] {dag.py:3096} INFO - Sync 1 DAGs
[2024-06-16T20:33:28.928+0000] {logging_mixin.py:188} INFO - [2024-06-16T20:33:28.928+0000] {dag.py:3954} INFO - Setting next_dagrun for example_branch_dop_operator_v3 to 2024-06-16 20:32:00+00:00, run_after=2024-06-16 20:33:00+00:00
[2024-06-16T20:33:28.949+0000] {processor.py:183} INFO - Processing /home/airflow/.local/lib/python3.12/site-packages/airflow/example_dags/example_branch_python_dop_operator_3.py took 0.088 seconds
[2024-06-16T20:33:59.558+0000] {processor.py:161} INFO - Started process (PID=787) to work on /home/airflow/.local/lib/python3.12/site-packages/airflow/example_dags/example_branch_python_dop_operator_3.py
[2024-06-16T20:33:59.562+0000] {processor.py:830} INFO - Processing file /home/airflow/.local/lib/python3.12/site-packages/airflow/example_dags/example_branch_python_dop_operator_3.py for tasks to queue
[2024-06-16T20:33:59.564+0000] {logging_mixin.py:188} INFO - [2024-06-16T20:33:59.564+0000] {dagbag.py:545} INFO - Filling up the DagBag from /home/airflow/.local/lib/python3.12/site-packages/airflow/example_dags/example_branch_python_dop_operator_3.py
[2024-06-16T20:33:59.574+0000] {processor.py:840} INFO - DAG(s) 'example_branch_dop_operator_v3' retrieved from /home/airflow/.local/lib/python3.12/site-packages/airflow/example_dags/example_branch_python_dop_operator_3.py
[2024-06-16T20:33:59.593+0000] {logging_mixin.py:188} INFO - [2024-06-16T20:33:59.593+0000] {dag.py:3096} INFO - Sync 1 DAGs
[2024-06-16T20:33:59.619+0000] {logging_mixin.py:188} INFO - [2024-06-16T20:33:59.619+0000] {dag.py:3954} INFO - Setting next_dagrun for example_branch_dop_operator_v3 to 2024-06-16 20:32:00+00:00, run_after=2024-06-16 20:33:00+00:00
[2024-06-16T20:33:59.646+0000] {processor.py:183} INFO - Processing /home/airflow/.local/lib/python3.12/site-packages/airflow/example_dags/example_branch_python_dop_operator_3.py took 0.097 seconds
[2024-06-16T20:34:29.669+0000] {processor.py:161} INFO - Started process (PID=845) to work on /home/airflow/.local/lib/python3.12/site-packages/airflow/example_dags/example_branch_python_dop_operator_3.py
[2024-06-16T20:34:29.671+0000] {processor.py:830} INFO - Processing file /home/airflow/.local/lib/python3.12/site-packages/airflow/example_dags/example_branch_python_dop_operator_3.py for tasks to queue
[2024-06-16T20:34:29.673+0000] {logging_mixin.py:188} INFO - [2024-06-16T20:34:29.673+0000] {dagbag.py:545} INFO - Filling up the DagBag from /home/airflow/.local/lib/python3.12/site-packages/airflow/example_dags/example_branch_python_dop_operator_3.py
[2024-06-16T20:34:29.682+0000] {processor.py:840} INFO - DAG(s) 'example_branch_dop_operator_v3' retrieved from /home/airflow/.local/lib/python3.12/site-packages/airflow/example_dags/example_branch_python_dop_operator_3.py
[2024-06-16T20:34:29.704+0000] {logging_mixin.py:188} INFO - [2024-06-16T20:34:29.704+0000] {dag.py:3096} INFO - Sync 1 DAGs
[2024-06-16T20:34:29.729+0000] {logging_mixin.py:188} INFO - [2024-06-16T20:34:29.729+0000] {dag.py:3954} INFO - Setting next_dagrun for example_branch_dop_operator_v3 to 2024-06-16 20:33:00+00:00, run_after=2024-06-16 20:34:00+00:00
[2024-06-16T20:34:29.750+0000] {processor.py:183} INFO - Processing /home/airflow/.local/lib/python3.12/site-packages/airflow/example_dags/example_branch_python_dop_operator_3.py took 0.087 seconds
[2024-06-16T20:34:59.976+0000] {processor.py:161} INFO - Started process (PID=903) to work on /home/airflow/.local/lib/python3.12/site-packages/airflow/example_dags/example_branch_python_dop_operator_3.py
[2024-06-16T20:34:59.978+0000] {processor.py:830} INFO - Processing file /home/airflow/.local/lib/python3.12/site-packages/airflow/example_dags/example_branch_python_dop_operator_3.py for tasks to queue
[2024-06-16T20:34:59.980+0000] {logging_mixin.py:188} INFO - [2024-06-16T20:34:59.979+0000] {dagbag.py:545} INFO - Filling up the DagBag from /home/airflow/.local/lib/python3.12/site-packages/airflow/example_dags/example_branch_python_dop_operator_3.py
[2024-06-16T20:34:59.989+0000] {processor.py:840} INFO - DAG(s) 'example_branch_dop_operator_v3' retrieved from /home/airflow/.local/lib/python3.12/site-packages/airflow/example_dags/example_branch_python_dop_operator_3.py
[2024-06-16T20:35:00.018+0000] {logging_mixin.py:188} INFO - [2024-06-16T20:35:00.017+0000] {dag.py:3096} INFO - Sync 1 DAGs
[2024-06-16T20:35:00.045+0000] {logging_mixin.py:188} INFO - [2024-06-16T20:35:00.045+0000] {dag.py:3954} INFO - Setting next_dagrun for example_branch_dop_operator_v3 to 2024-06-16 20:34:00+00:00, run_after=2024-06-16 20:35:00+00:00
[2024-06-16T20:35:00.065+0000] {processor.py:183} INFO - Processing /home/airflow/.local/lib/python3.12/site-packages/airflow/example_dags/example_branch_python_dop_operator_3.py took 0.095 seconds
[2024-06-16T20:35:30.342+0000] {processor.py:161} INFO - Started process (PID=961) to work on /home/airflow/.local/lib/python3.12/site-packages/airflow/example_dags/example_branch_python_dop_operator_3.py
[2024-06-16T20:35:30.343+0000] {processor.py:830} INFO - Processing file /home/airflow/.local/lib/python3.12/site-packages/airflow/example_dags/example_branch_python_dop_operator_3.py for tasks to queue
[2024-06-16T20:35:30.345+0000] {logging_mixin.py:188} INFO - [2024-06-16T20:35:30.344+0000] {dagbag.py:545} INFO - Filling up the DagBag from /home/airflow/.local/lib/python3.12/site-packages/airflow/example_dags/example_branch_python_dop_operator_3.py
[2024-06-16T20:35:30.354+0000] {processor.py:840} INFO - DAG(s) 'example_branch_dop_operator_v3' retrieved from /home/airflow/.local/lib/python3.12/site-packages/airflow/example_dags/example_branch_python_dop_operator_3.py
[2024-06-16T20:35:30.374+0000] {logging_mixin.py:188} INFO - [2024-06-16T20:35:30.374+0000] {dag.py:3096} INFO - Sync 1 DAGs
[2024-06-16T20:35:30.399+0000] {logging_mixin.py:188} INFO - [2024-06-16T20:35:30.399+0000] {dag.py:3954} INFO - Setting next_dagrun for example_branch_dop_operator_v3 to 2024-06-16 20:34:00+00:00, run_after=2024-06-16 20:35:00+00:00
[2024-06-16T20:35:30.420+0000] {processor.py:183} INFO - Processing /home/airflow/.local/lib/python3.12/site-packages/airflow/example_dags/example_branch_python_dop_operator_3.py took 0.084 seconds
[2024-06-16T20:36:00.482+0000] {processor.py:161} INFO - Started process (PID=1019) to work on /home/airflow/.local/lib/python3.12/site-packages/airflow/example_dags/example_branch_python_dop_operator_3.py
[2024-06-16T20:36:00.484+0000] {processor.py:830} INFO - Processing file /home/airflow/.local/lib/python3.12/site-packages/airflow/example_dags/example_branch_python_dop_operator_3.py for tasks to queue
[2024-06-16T20:36:00.486+0000] {logging_mixin.py:188} INFO - [2024-06-16T20:36:00.485+0000] {dagbag.py:545} INFO - Filling up the DagBag from /home/airflow/.local/lib/python3.12/site-packages/airflow/example_dags/example_branch_python_dop_operator_3.py
[2024-06-16T20:36:00.494+0000] {processor.py:840} INFO - DAG(s) 'example_branch_dop_operator_v3' retrieved from /home/airflow/.local/lib/python3.12/site-packages/airflow/example_dags/example_branch_python_dop_operator_3.py
[2024-06-16T20:36:00.516+0000] {logging_mixin.py:188} INFO - [2024-06-16T20:36:00.516+0000] {dag.py:3096} INFO - Sync 1 DAGs
[2024-06-16T20:36:00.550+0000] {logging_mixin.py:188} INFO - [2024-06-16T20:36:00.550+0000] {dag.py:3954} INFO - Setting next_dagrun for example_branch_dop_operator_v3 to 2024-06-16 20:35:00+00:00, run_after=2024-06-16 20:36:00+00:00
[2024-06-16T20:36:00.577+0000] {processor.py:183} INFO - Processing /home/airflow/.local/lib/python3.12/site-packages/airflow/example_dags/example_branch_python_dop_operator_3.py took 0.102 seconds
[2024-06-16T20:36:30.642+0000] {processor.py:161} INFO - Started process (PID=1077) to work on /home/airflow/.local/lib/python3.12/site-packages/airflow/example_dags/example_branch_python_dop_operator_3.py
[2024-06-16T20:36:30.644+0000] {processor.py:830} INFO - Processing file /home/airflow/.local/lib/python3.12/site-packages/airflow/example_dags/example_branch_python_dop_operator_3.py for tasks to queue
[2024-06-16T20:36:30.646+0000] {logging_mixin.py:188} INFO - [2024-06-16T20:36:30.645+0000] {dagbag.py:545} INFO - Filling up the DagBag from /home/airflow/.local/lib/python3.12/site-packages/airflow/example_dags/example_branch_python_dop_operator_3.py
[2024-06-16T20:36:30.654+0000] {processor.py:840} INFO - DAG(s) 'example_branch_dop_operator_v3' retrieved from /home/airflow/.local/lib/python3.12/site-packages/airflow/example_dags/example_branch_python_dop_operator_3.py
[2024-06-16T20:36:30.677+0000] {logging_mixin.py:188} INFO - [2024-06-16T20:36:30.677+0000] {dag.py:3096} INFO - Sync 1 DAGs
[2024-06-16T20:36:30.704+0000] {logging_mixin.py:188} INFO - [2024-06-16T20:36:30.704+0000] {dag.py:3954} INFO - Setting next_dagrun for example_branch_dop_operator_v3 to 2024-06-16 20:35:00+00:00, run_after=2024-06-16 20:36:00+00:00
[2024-06-16T20:36:30.726+0000] {processor.py:183} INFO - Processing /home/airflow/.local/lib/python3.12/site-packages/airflow/example_dags/example_branch_python_dop_operator_3.py took 0.089 seconds
[2024-06-16T20:37:00.978+0000] {processor.py:161} INFO - Started process (PID=1135) to work on /home/airflow/.local/lib/python3.12/site-packages/airflow/example_dags/example_branch_python_dop_operator_3.py
[2024-06-16T20:37:00.980+0000] {processor.py:830} INFO - Processing file /home/airflow/.local/lib/python3.12/site-packages/airflow/example_dags/example_branch_python_dop_operator_3.py for tasks to queue
[2024-06-16T20:37:00.982+0000] {logging_mixin.py:188} INFO - [2024-06-16T20:37:00.981+0000] {dagbag.py:545} INFO - Filling up the DagBag from /home/airflow/.local/lib/python3.12/site-packages/airflow/example_dags/example_branch_python_dop_operator_3.py
[2024-06-16T20:37:00.992+0000] {processor.py:840} INFO - DAG(s) 'example_branch_dop_operator_v3' retrieved from /home/airflow/.local/lib/python3.12/site-packages/airflow/example_dags/example_branch_python_dop_operator_3.py
[2024-06-16T20:37:01.016+0000] {logging_mixin.py:188} INFO - [2024-06-16T20:37:01.015+0000] {dag.py:3096} INFO - Sync 1 DAGs
[2024-06-16T20:37:01.042+0000] {logging_mixin.py:188} INFO - [2024-06-16T20:37:01.042+0000] {dag.py:3954} INFO - Setting next_dagrun for example_branch_dop_operator_v3 to 2024-06-16 20:36:00+00:00, run_after=2024-06-16 20:37:00+00:00
[2024-06-16T20:37:01.064+0000] {processor.py:183} INFO - Processing /home/airflow/.local/lib/python3.12/site-packages/airflow/example_dags/example_branch_python_dop_operator_3.py took 0.092 seconds
[2024-06-16T20:37:31.226+0000] {processor.py:161} INFO - Started process (PID=1199) to work on /home/airflow/.local/lib/python3.12/site-packages/airflow/example_dags/example_branch_python_dop_operator_3.py
[2024-06-16T20:37:31.227+0000] {processor.py:830} INFO - Processing file /home/airflow/.local/lib/python3.12/site-packages/airflow/example_dags/example_branch_python_dop_operator_3.py for tasks to queue
[2024-06-16T20:37:31.230+0000] {logging_mixin.py:188} INFO - [2024-06-16T20:37:31.229+0000] {dagbag.py:545} INFO - Filling up the DagBag from /home/airflow/.local/lib/python3.12/site-packages/airflow/example_dags/example_branch_python_dop_operator_3.py
[2024-06-16T20:37:31.238+0000] {processor.py:840} INFO - DAG(s) 'example_branch_dop_operator_v3' retrieved from /home/airflow/.local/lib/python3.12/site-packages/airflow/example_dags/example_branch_python_dop_operator_3.py
[2024-06-16T20:37:31.262+0000] {logging_mixin.py:188} INFO - [2024-06-16T20:37:31.261+0000] {dag.py:3096} INFO - Sync 1 DAGs
[2024-06-16T20:37:31.290+0000] {logging_mixin.py:188} INFO - [2024-06-16T20:37:31.290+0000] {dag.py:3954} INFO - Setting next_dagrun for example_branch_dop_operator_v3 to 2024-06-16 20:36:00+00:00, run_after=2024-06-16 20:37:00+00:00
[2024-06-16T20:37:31.319+0000] {processor.py:183} INFO - Processing /home/airflow/.local/lib/python3.12/site-packages/airflow/example_dags/example_branch_python_dop_operator_3.py took 0.099 seconds
[2024-06-16T20:38:01.419+0000] {processor.py:161} INFO - Started process (PID=1257) to work on /home/airflow/.local/lib/python3.12/site-packages/airflow/example_dags/example_branch_python_dop_operator_3.py
[2024-06-16T20:38:01.421+0000] {processor.py:830} INFO - Processing file /home/airflow/.local/lib/python3.12/site-packages/airflow/example_dags/example_branch_python_dop_operator_3.py for tasks to queue
[2024-06-16T20:38:01.423+0000] {logging_mixin.py:188} INFO - [2024-06-16T20:38:01.423+0000] {dagbag.py:545} INFO - Filling up the DagBag from /home/airflow/.local/lib/python3.12/site-packages/airflow/example_dags/example_branch_python_dop_operator_3.py
[2024-06-16T20:38:01.431+0000] {processor.py:840} INFO - DAG(s) 'example_branch_dop_operator_v3' retrieved from /home/airflow/.local/lib/python3.12/site-packages/airflow/example_dags/example_branch_python_dop_operator_3.py
[2024-06-16T20:38:01.451+0000] {logging_mixin.py:188} INFO - [2024-06-16T20:38:01.451+0000] {dag.py:3096} INFO - Sync 1 DAGs
[2024-06-16T20:38:01.474+0000] {logging_mixin.py:188} INFO - [2024-06-16T20:38:01.474+0000] {dag.py:3954} INFO - Setting next_dagrun for example_branch_dop_operator_v3 to 2024-06-16 20:37:00+00:00, run_after=2024-06-16 20:38:00+00:00
[2024-06-16T20:38:01.496+0000] {processor.py:183} INFO - Processing /home/airflow/.local/lib/python3.12/site-packages/airflow/example_dags/example_branch_python_dop_operator_3.py took 0.083 seconds
[2024-06-16T20:38:32.138+0000] {processor.py:161} INFO - Started process (PID=1315) to work on /home/airflow/.local/lib/python3.12/site-packages/airflow/example_dags/example_branch_python_dop_operator_3.py
[2024-06-16T20:38:32.139+0000] {processor.py:830} INFO - Processing file /home/airflow/.local/lib/python3.12/site-packages/airflow/example_dags/example_branch_python_dop_operator_3.py for tasks to queue
[2024-06-16T20:38:32.142+0000] {logging_mixin.py:188} INFO - [2024-06-16T20:38:32.142+0000] {dagbag.py:545} INFO - Filling up the DagBag from /home/airflow/.local/lib/python3.12/site-packages/airflow/example_dags/example_branch_python_dop_operator_3.py
[2024-06-16T20:38:32.150+0000] {processor.py:840} INFO - DAG(s) 'example_branch_dop_operator_v3' retrieved from /home/airflow/.local/lib/python3.12/site-packages/airflow/example_dags/example_branch_python_dop_operator_3.py
[2024-06-16T20:38:32.171+0000] {logging_mixin.py:188} INFO - [2024-06-16T20:38:32.171+0000] {dag.py:3096} INFO - Sync 1 DAGs
[2024-06-16T20:38:32.194+0000] {logging_mixin.py:188} INFO - [2024-06-16T20:38:32.194+0000] {dag.py:3954} INFO - Setting next_dagrun for example_branch_dop_operator_v3 to 2024-06-16 20:37:00+00:00, run_after=2024-06-16 20:38:00+00:00
[2024-06-16T20:38:32.216+0000] {processor.py:183} INFO - Processing /home/airflow/.local/lib/python3.12/site-packages/airflow/example_dags/example_branch_python_dop_operator_3.py took 0.084 seconds
[2024-06-16T20:39:02.742+0000] {processor.py:161} INFO - Started process (PID=1373) to work on /home/airflow/.local/lib/python3.12/site-packages/airflow/example_dags/example_branch_python_dop_operator_3.py
[2024-06-16T20:39:02.743+0000] {processor.py:830} INFO - Processing file /home/airflow/.local/lib/python3.12/site-packages/airflow/example_dags/example_branch_python_dop_operator_3.py for tasks to queue
[2024-06-16T20:39:02.746+0000] {logging_mixin.py:188} INFO - [2024-06-16T20:39:02.746+0000] {dagbag.py:545} INFO - Filling up the DagBag from /home/airflow/.local/lib/python3.12/site-packages/airflow/example_dags/example_branch_python_dop_operator_3.py
[2024-06-16T20:39:02.755+0000] {processor.py:840} INFO - DAG(s) 'example_branch_dop_operator_v3' retrieved from /home/airflow/.local/lib/python3.12/site-packages/airflow/example_dags/example_branch_python_dop_operator_3.py
[2024-06-16T20:39:02.775+0000] {logging_mixin.py:188} INFO - [2024-06-16T20:39:02.774+0000] {dag.py:3096} INFO - Sync 1 DAGs
[2024-06-16T20:39:02.798+0000] {logging_mixin.py:188} INFO - [2024-06-16T20:39:02.798+0000] {dag.py:3954} INFO - Setting next_dagrun for example_branch_dop_operator_v3 to 2024-06-16 20:38:00+00:00, run_after=2024-06-16 20:39:00+00:00
[2024-06-16T20:39:02.817+0000] {processor.py:183} INFO - Processing /home/airflow/.local/lib/python3.12/site-packages/airflow/example_dags/example_branch_python_dop_operator_3.py took 0.081 seconds
[2024-06-16T20:39:33.212+0000] {processor.py:161} INFO - Started process (PID=1431) to work on /home/airflow/.local/lib/python3.12/site-packages/airflow/example_dags/example_branch_python_dop_operator_3.py
[2024-06-16T20:39:33.214+0000] {processor.py:830} INFO - Processing file /home/airflow/.local/lib/python3.12/site-packages/airflow/example_dags/example_branch_python_dop_operator_3.py for tasks to queue
[2024-06-16T20:39:33.217+0000] {logging_mixin.py:188} INFO - [2024-06-16T20:39:33.216+0000] {dagbag.py:545} INFO - Filling up the DagBag from /home/airflow/.local/lib/python3.12/site-packages/airflow/example_dags/example_branch_python_dop_operator_3.py
[2024-06-16T20:39:33.228+0000] {processor.py:840} INFO - DAG(s) 'example_branch_dop_operator_v3' retrieved from /home/airflow/.local/lib/python3.12/site-packages/airflow/example_dags/example_branch_python_dop_operator_3.py
[2024-06-16T20:39:33.249+0000] {logging_mixin.py:188} INFO - [2024-06-16T20:39:33.249+0000] {dag.py:3096} INFO - Sync 1 DAGs
[2024-06-16T20:39:33.274+0000] {logging_mixin.py:188} INFO - [2024-06-16T20:39:33.274+0000] {dag.py:3954} INFO - Setting next_dagrun for example_branch_dop_operator_v3 to 2024-06-16 20:38:00+00:00, run_after=2024-06-16 20:39:00+00:00
[2024-06-16T20:39:33.297+0000] {processor.py:183} INFO - Processing /home/airflow/.local/lib/python3.12/site-packages/airflow/example_dags/example_branch_python_dop_operator_3.py took 0.093 seconds
[2024-06-16T20:40:03.845+0000] {processor.py:161} INFO - Started process (PID=1489) to work on /home/airflow/.local/lib/python3.12/site-packages/airflow/example_dags/example_branch_python_dop_operator_3.py
[2024-06-16T20:40:03.849+0000] {processor.py:830} INFO - Processing file /home/airflow/.local/lib/python3.12/site-packages/airflow/example_dags/example_branch_python_dop_operator_3.py for tasks to queue
[2024-06-16T20:40:03.852+0000] {logging_mixin.py:188} INFO - [2024-06-16T20:40:03.851+0000] {dagbag.py:545} INFO - Filling up the DagBag from /home/airflow/.local/lib/python3.12/site-packages/airflow/example_dags/example_branch_python_dop_operator_3.py
[2024-06-16T20:40:03.861+0000] {processor.py:840} INFO - DAG(s) 'example_branch_dop_operator_v3' retrieved from /home/airflow/.local/lib/python3.12/site-packages/airflow/example_dags/example_branch_python_dop_operator_3.py
[2024-06-16T20:40:03.881+0000] {logging_mixin.py:188} INFO - [2024-06-16T20:40:03.881+0000] {dag.py:3096} INFO - Sync 1 DAGs
[2024-06-16T20:40:03.907+0000] {logging_mixin.py:188} INFO - [2024-06-16T20:40:03.906+0000] {dag.py:3954} INFO - Setting next_dagrun for example_branch_dop_operator_v3 to 2024-06-16 20:39:00+00:00, run_after=2024-06-16 20:40:00+00:00
[2024-06-16T20:40:03.939+0000] {processor.py:183} INFO - Processing /home/airflow/.local/lib/python3.12/site-packages/airflow/example_dags/example_branch_python_dop_operator_3.py took 0.100 seconds
[2024-06-16T20:40:34.431+0000] {processor.py:161} INFO - Started process (PID=1547) to work on /home/airflow/.local/lib/python3.12/site-packages/airflow/example_dags/example_branch_python_dop_operator_3.py
[2024-06-16T20:40:34.433+0000] {processor.py:830} INFO - Processing file /home/airflow/.local/lib/python3.12/site-packages/airflow/example_dags/example_branch_python_dop_operator_3.py for tasks to queue
[2024-06-16T20:40:34.436+0000] {logging_mixin.py:188} INFO - [2024-06-16T20:40:34.435+0000] {dagbag.py:545} INFO - Filling up the DagBag from /home/airflow/.local/lib/python3.12/site-packages/airflow/example_dags/example_branch_python_dop_operator_3.py
[2024-06-16T20:40:34.444+0000] {processor.py:840} INFO - DAG(s) 'example_branch_dop_operator_v3' retrieved from /home/airflow/.local/lib/python3.12/site-packages/airflow/example_dags/example_branch_python_dop_operator_3.py
[2024-06-16T20:40:34.464+0000] {logging_mixin.py:188} INFO - [2024-06-16T20:40:34.464+0000] {dag.py:3096} INFO - Sync 1 DAGs
[2024-06-16T20:40:34.488+0000] {logging_mixin.py:188} INFO - [2024-06-16T20:40:34.488+0000] {dag.py:3954} INFO - Setting next_dagrun for example_branch_dop_operator_v3 to 2024-06-16 20:39:00+00:00, run_after=2024-06-16 20:40:00+00:00
[2024-06-16T20:40:34.508+0000] {processor.py:183} INFO - Processing /home/airflow/.local/lib/python3.12/site-packages/airflow/example_dags/example_branch_python_dop_operator_3.py took 0.083 seconds
[2024-06-16T20:41:04.964+0000] {processor.py:161} INFO - Started process (PID=1605) to work on /home/airflow/.local/lib/python3.12/site-packages/airflow/example_dags/example_branch_python_dop_operator_3.py
[2024-06-16T20:41:04.965+0000] {processor.py:830} INFO - Processing file /home/airflow/.local/lib/python3.12/site-packages/airflow/example_dags/example_branch_python_dop_operator_3.py for tasks to queue
[2024-06-16T20:41:04.968+0000] {logging_mixin.py:188} INFO - [2024-06-16T20:41:04.967+0000] {dagbag.py:545} INFO - Filling up the DagBag from /home/airflow/.local/lib/python3.12/site-packages/airflow/example_dags/example_branch_python_dop_operator_3.py
[2024-06-16T20:41:04.976+0000] {processor.py:840} INFO - DAG(s) 'example_branch_dop_operator_v3' retrieved from /home/airflow/.local/lib/python3.12/site-packages/airflow/example_dags/example_branch_python_dop_operator_3.py
[2024-06-16T20:41:05.001+0000] {logging_mixin.py:188} INFO - [2024-06-16T20:41:05.001+0000] {dag.py:3096} INFO - Sync 1 DAGs
[2024-06-16T20:41:05.025+0000] {logging_mixin.py:188} INFO - [2024-06-16T20:41:05.025+0000] {dag.py:3954} INFO - Setting next_dagrun for example_branch_dop_operator_v3 to 2024-06-16 20:40:00+00:00, run_after=2024-06-16 20:41:00+00:00
[2024-06-16T20:41:05.047+0000] {processor.py:183} INFO - Processing /home/airflow/.local/lib/python3.12/site-packages/airflow/example_dags/example_branch_python_dop_operator_3.py took 0.089 seconds
[2024-06-16T20:41:35.627+0000] {processor.py:161} INFO - Started process (PID=1663) to work on /home/airflow/.local/lib/python3.12/site-packages/airflow/example_dags/example_branch_python_dop_operator_3.py
[2024-06-16T20:41:35.629+0000] {processor.py:830} INFO - Processing file /home/airflow/.local/lib/python3.12/site-packages/airflow/example_dags/example_branch_python_dop_operator_3.py for tasks to queue
[2024-06-16T20:41:35.631+0000] {logging_mixin.py:188} INFO - [2024-06-16T20:41:35.631+0000] {dagbag.py:545} INFO - Filling up the DagBag from /home/airflow/.local/lib/python3.12/site-packages/airflow/example_dags/example_branch_python_dop_operator_3.py
[2024-06-16T20:41:35.639+0000] {processor.py:840} INFO - DAG(s) 'example_branch_dop_operator_v3' retrieved from /home/airflow/.local/lib/python3.12/site-packages/airflow/example_dags/example_branch_python_dop_operator_3.py
[2024-06-16T20:41:35.658+0000] {logging_mixin.py:188} INFO - [2024-06-16T20:41:35.658+0000] {dag.py:3096} INFO - Sync 1 DAGs
[2024-06-16T20:41:35.684+0000] {logging_mixin.py:188} INFO - [2024-06-16T20:41:35.684+0000] {dag.py:3954} INFO - Setting next_dagrun for example_branch_dop_operator_v3 to 2024-06-16 20:40:00+00:00, run_after=2024-06-16 20:41:00+00:00
[2024-06-16T20:41:35.705+0000] {processor.py:183} INFO - Processing /home/airflow/.local/lib/python3.12/site-packages/airflow/example_dags/example_branch_python_dop_operator_3.py took 0.083 seconds
[2024-06-16T20:42:06.226+0000] {processor.py:161} INFO - Started process (PID=1721) to work on /home/airflow/.local/lib/python3.12/site-packages/airflow/example_dags/example_branch_python_dop_operator_3.py
[2024-06-16T20:42:06.228+0000] {processor.py:830} INFO - Processing file /home/airflow/.local/lib/python3.12/site-packages/airflow/example_dags/example_branch_python_dop_operator_3.py for tasks to queue
[2024-06-16T20:42:06.230+0000] {logging_mixin.py:188} INFO - [2024-06-16T20:42:06.230+0000] {dagbag.py:545} INFO - Filling up the DagBag from /home/airflow/.local/lib/python3.12/site-packages/airflow/example_dags/example_branch_python_dop_operator_3.py
[2024-06-16T20:42:06.240+0000] {processor.py:840} INFO - DAG(s) 'example_branch_dop_operator_v3' retrieved from /home/airflow/.local/lib/python3.12/site-packages/airflow/example_dags/example_branch_python_dop_operator_3.py
[2024-06-16T20:42:06.268+0000] {logging_mixin.py:188} INFO - [2024-06-16T20:42:06.268+0000] {dag.py:3096} INFO - Sync 1 DAGs
[2024-06-16T20:42:06.296+0000] {logging_mixin.py:188} INFO - [2024-06-16T20:42:06.296+0000] {dag.py:3954} INFO - Setting next_dagrun for example_branch_dop_operator_v3 to 2024-06-16 20:41:00+00:00, run_after=2024-06-16 20:42:00+00:00
[2024-06-16T20:42:06.482+0000] {processor.py:183} INFO - Processing /home/airflow/.local/lib/python3.12/site-packages/airflow/example_dags/example_branch_python_dop_operator_3.py took 0.262 seconds
[2024-06-16T20:42:36.791+0000] {processor.py:161} INFO - Started process (PID=1779) to work on /home/airflow/.local/lib/python3.12/site-packages/airflow/example_dags/example_branch_python_dop_operator_3.py
[2024-06-16T20:42:36.793+0000] {processor.py:830} INFO - Processing file /home/airflow/.local/lib/python3.12/site-packages/airflow/example_dags/example_branch_python_dop_operator_3.py for tasks to queue
[2024-06-16T20:42:36.795+0000] {logging_mixin.py:188} INFO - [2024-06-16T20:42:36.795+0000] {dagbag.py:545} INFO - Filling up the DagBag from /home/airflow/.local/lib/python3.12/site-packages/airflow/example_dags/example_branch_python_dop_operator_3.py
[2024-06-16T20:42:36.804+0000] {processor.py:840} INFO - DAG(s) 'example_branch_dop_operator_v3' retrieved from /home/airflow/.local/lib/python3.12/site-packages/airflow/example_dags/example_branch_python_dop_operator_3.py
[2024-06-16T20:42:36.823+0000] {logging_mixin.py:188} INFO - [2024-06-16T20:42:36.823+0000] {dag.py:3096} INFO - Sync 1 DAGs
[2024-06-16T20:42:36.847+0000] {logging_mixin.py:188} INFO - [2024-06-16T20:42:36.847+0000] {dag.py:3954} INFO - Setting next_dagrun for example_branch_dop_operator_v3 to 2024-06-16 20:41:00+00:00, run_after=2024-06-16 20:42:00+00:00
[2024-06-16T20:42:36.867+0000] {processor.py:183} INFO - Processing /home/airflow/.local/lib/python3.12/site-packages/airflow/example_dags/example_branch_python_dop_operator_3.py took 0.082 seconds
[2024-06-16T20:43:06.987+0000] {processor.py:161} INFO - Started process (PID=1837) to work on /home/airflow/.local/lib/python3.12/site-packages/airflow/example_dags/example_branch_python_dop_operator_3.py
[2024-06-16T20:43:06.988+0000] {processor.py:830} INFO - Processing file /home/airflow/.local/lib/python3.12/site-packages/airflow/example_dags/example_branch_python_dop_operator_3.py for tasks to queue
[2024-06-16T20:43:06.990+0000] {logging_mixin.py:188} INFO - [2024-06-16T20:43:06.990+0000] {dagbag.py:545} INFO - Filling up the DagBag from /home/airflow/.local/lib/python3.12/site-packages/airflow/example_dags/example_branch_python_dop_operator_3.py
[2024-06-16T20:43:06.998+0000] {processor.py:840} INFO - DAG(s) 'example_branch_dop_operator_v3' retrieved from /home/airflow/.local/lib/python3.12/site-packages/airflow/example_dags/example_branch_python_dop_operator_3.py
[2024-06-16T20:43:07.018+0000] {logging_mixin.py:188} INFO - [2024-06-16T20:43:07.018+0000] {dag.py:3096} INFO - Sync 1 DAGs
[2024-06-16T20:43:07.041+0000] {logging_mixin.py:188} INFO - [2024-06-16T20:43:07.041+0000] {dag.py:3954} INFO - Setting next_dagrun for example_branch_dop_operator_v3 to 2024-06-16 20:42:00+00:00, run_after=2024-06-16 20:43:00+00:00
[2024-06-16T20:43:07.060+0000] {processor.py:183} INFO - Processing /home/airflow/.local/lib/python3.12/site-packages/airflow/example_dags/example_branch_python_dop_operator_3.py took 0.078 seconds
[2024-06-16T20:43:37.250+0000] {processor.py:161} INFO - Started process (PID=1895) to work on /home/airflow/.local/lib/python3.12/site-packages/airflow/example_dags/example_branch_python_dop_operator_3.py
[2024-06-16T20:43:37.254+0000] {processor.py:830} INFO - Processing file /home/airflow/.local/lib/python3.12/site-packages/airflow/example_dags/example_branch_python_dop_operator_3.py for tasks to queue
[2024-06-16T20:43:37.256+0000] {logging_mixin.py:188} INFO - [2024-06-16T20:43:37.256+0000] {dagbag.py:545} INFO - Filling up the DagBag from /home/airflow/.local/lib/python3.12/site-packages/airflow/example_dags/example_branch_python_dop_operator_3.py
[2024-06-16T20:43:37.265+0000] {processor.py:840} INFO - DAG(s) 'example_branch_dop_operator_v3' retrieved from /home/airflow/.local/lib/python3.12/site-packages/airflow/example_dags/example_branch_python_dop_operator_3.py
[2024-06-16T20:43:37.286+0000] {logging_mixin.py:188} INFO - [2024-06-16T20:43:37.286+0000] {dag.py:3096} INFO - Sync 1 DAGs
[2024-06-16T20:43:37.311+0000] {logging_mixin.py:188} INFO - [2024-06-16T20:43:37.311+0000] {dag.py:3954} INFO - Setting next_dagrun for example_branch_dop_operator_v3 to 2024-06-16 20:42:00+00:00, run_after=2024-06-16 20:43:00+00:00
[2024-06-16T20:43:37.333+0000] {processor.py:183} INFO - Processing /home/airflow/.local/lib/python3.12/site-packages/airflow/example_dags/example_branch_python_dop_operator_3.py took 0.089 seconds
[2024-06-16T20:44:07.944+0000] {processor.py:161} INFO - Started process (PID=1953) to work on /home/airflow/.local/lib/python3.12/site-packages/airflow/example_dags/example_branch_python_dop_operator_3.py
[2024-06-16T20:44:07.946+0000] {processor.py:830} INFO - Processing file /home/airflow/.local/lib/python3.12/site-packages/airflow/example_dags/example_branch_python_dop_operator_3.py for tasks to queue
[2024-06-16T20:44:07.947+0000] {logging_mixin.py:188} INFO - [2024-06-16T20:44:07.947+0000] {dagbag.py:545} INFO - Filling up the DagBag from /home/airflow/.local/lib/python3.12/site-packages/airflow/example_dags/example_branch_python_dop_operator_3.py
[2024-06-16T20:44:07.957+0000] {processor.py:840} INFO - DAG(s) 'example_branch_dop_operator_v3' retrieved from /home/airflow/.local/lib/python3.12/site-packages/airflow/example_dags/example_branch_python_dop_operator_3.py
[2024-06-16T20:44:07.977+0000] {logging_mixin.py:188} INFO - [2024-06-16T20:44:07.977+0000] {dag.py:3096} INFO - Sync 1 DAGs
[2024-06-16T20:44:08.001+0000] {logging_mixin.py:188} INFO - [2024-06-16T20:44:08.001+0000] {dag.py:3954} INFO - Setting next_dagrun for example_branch_dop_operator_v3 to 2024-06-16 20:43:00+00:00, run_after=2024-06-16 20:44:00+00:00
[2024-06-16T20:44:08.024+0000] {processor.py:183} INFO - Processing /home/airflow/.local/lib/python3.12/site-packages/airflow/example_dags/example_branch_python_dop_operator_3.py took 0.086 seconds
[2024-06-16T20:44:38.066+0000] {processor.py:161} INFO - Started process (PID=2011) to work on /home/airflow/.local/lib/python3.12/site-packages/airflow/example_dags/example_branch_python_dop_operator_3.py
[2024-06-16T20:44:38.068+0000] {processor.py:830} INFO - Processing file /home/airflow/.local/lib/python3.12/site-packages/airflow/example_dags/example_branch_python_dop_operator_3.py for tasks to queue
[2024-06-16T20:44:38.070+0000] {logging_mixin.py:188} INFO - [2024-06-16T20:44:38.069+0000] {dagbag.py:545} INFO - Filling up the DagBag from /home/airflow/.local/lib/python3.12/site-packages/airflow/example_dags/example_branch_python_dop_operator_3.py
[2024-06-16T20:44:38.080+0000] {processor.py:840} INFO - DAG(s) 'example_branch_dop_operator_v3' retrieved from /home/airflow/.local/lib/python3.12/site-packages/airflow/example_dags/example_branch_python_dop_operator_3.py
[2024-06-16T20:44:38.234+0000] {logging_mixin.py:188} INFO - [2024-06-16T20:44:38.234+0000] {dag.py:3096} INFO - Sync 1 DAGs
[2024-06-16T20:44:38.261+0000] {logging_mixin.py:188} INFO - [2024-06-16T20:44:38.261+0000] {dag.py:3954} INFO - Setting next_dagrun for example_branch_dop_operator_v3 to 2024-06-16 20:43:00+00:00, run_after=2024-06-16 20:44:00+00:00
[2024-06-16T20:44:38.281+0000] {processor.py:183} INFO - Processing /home/airflow/.local/lib/python3.12/site-packages/airflow/example_dags/example_branch_python_dop_operator_3.py took 0.221 seconds
[2024-06-16T20:45:08.307+0000] {processor.py:161} INFO - Started process (PID=2069) to work on /home/airflow/.local/lib/python3.12/site-packages/airflow/example_dags/example_branch_python_dop_operator_3.py
[2024-06-16T20:45:08.308+0000] {processor.py:830} INFO - Processing file /home/airflow/.local/lib/python3.12/site-packages/airflow/example_dags/example_branch_python_dop_operator_3.py for tasks to queue
[2024-06-16T20:45:08.310+0000] {logging_mixin.py:188} INFO - [2024-06-16T20:45:08.309+0000] {dagbag.py:545} INFO - Filling up the DagBag from /home/airflow/.local/lib/python3.12/site-packages/airflow/example_dags/example_branch_python_dop_operator_3.py
[2024-06-16T20:45:08.317+0000] {processor.py:840} INFO - DAG(s) 'example_branch_dop_operator_v3' retrieved from /home/airflow/.local/lib/python3.12/site-packages/airflow/example_dags/example_branch_python_dop_operator_3.py
[2024-06-16T20:45:08.337+0000] {logging_mixin.py:188} INFO - [2024-06-16T20:45:08.337+0000] {dag.py:3096} INFO - Sync 1 DAGs
[2024-06-16T20:45:08.360+0000] {logging_mixin.py:188} INFO - [2024-06-16T20:45:08.360+0000] {dag.py:3954} INFO - Setting next_dagrun for example_branch_dop_operator_v3 to 2024-06-16 20:44:00+00:00, run_after=2024-06-16 20:45:00+00:00
[2024-06-16T20:45:08.379+0000] {processor.py:183} INFO - Processing /home/airflow/.local/lib/python3.12/site-packages/airflow/example_dags/example_branch_python_dop_operator_3.py took 0.079 seconds
[2024-06-16T20:45:38.915+0000] {processor.py:161} INFO - Started process (PID=2127) to work on /home/airflow/.local/lib/python3.12/site-packages/airflow/example_dags/example_branch_python_dop_operator_3.py
[2024-06-16T20:45:38.916+0000] {processor.py:830} INFO - Processing file /home/airflow/.local/lib/python3.12/site-packages/airflow/example_dags/example_branch_python_dop_operator_3.py for tasks to queue
[2024-06-16T20:45:38.919+0000] {logging_mixin.py:188} INFO - [2024-06-16T20:45:38.918+0000] {dagbag.py:545} INFO - Filling up the DagBag from /home/airflow/.local/lib/python3.12/site-packages/airflow/example_dags/example_branch_python_dop_operator_3.py
[2024-06-16T20:45:38.927+0000] {processor.py:840} INFO - DAG(s) 'example_branch_dop_operator_v3' retrieved from /home/airflow/.local/lib/python3.12/site-packages/airflow/example_dags/example_branch_python_dop_operator_3.py
[2024-06-16T20:45:38.947+0000] {logging_mixin.py:188} INFO - [2024-06-16T20:45:38.947+0000] {dag.py:3096} INFO - Sync 1 DAGs
[2024-06-16T20:45:38.971+0000] {logging_mixin.py:188} INFO - [2024-06-16T20:45:38.970+0000] {dag.py:3954} INFO - Setting next_dagrun for example_branch_dop_operator_v3 to 2024-06-16 20:44:00+00:00, run_after=2024-06-16 20:45:00+00:00
[2024-06-16T20:45:38.991+0000] {processor.py:183} INFO - Processing /home/airflow/.local/lib/python3.12/site-packages/airflow/example_dags/example_branch_python_dop_operator_3.py took 0.082 seconds
[2024-06-16T20:46:09.248+0000] {processor.py:161} INFO - Started process (PID=2185) to work on /home/airflow/.local/lib/python3.12/site-packages/airflow/example_dags/example_branch_python_dop_operator_3.py
[2024-06-16T20:46:09.250+0000] {processor.py:830} INFO - Processing file /home/airflow/.local/lib/python3.12/site-packages/airflow/example_dags/example_branch_python_dop_operator_3.py for tasks to queue
[2024-06-16T20:46:09.253+0000] {logging_mixin.py:188} INFO - [2024-06-16T20:46:09.252+0000] {dagbag.py:545} INFO - Filling up the DagBag from /home/airflow/.local/lib/python3.12/site-packages/airflow/example_dags/example_branch_python_dop_operator_3.py
[2024-06-16T20:46:09.260+0000] {processor.py:840} INFO - DAG(s) 'example_branch_dop_operator_v3' retrieved from /home/airflow/.local/lib/python3.12/site-packages/airflow/example_dags/example_branch_python_dop_operator_3.py
[2024-06-16T20:46:09.280+0000] {logging_mixin.py:188} INFO - [2024-06-16T20:46:09.280+0000] {dag.py:3096} INFO - Sync 1 DAGs
[2024-06-16T20:46:09.304+0000] {logging_mixin.py:188} INFO - [2024-06-16T20:46:09.303+0000] {dag.py:3954} INFO - Setting next_dagrun for example_branch_dop_operator_v3 to 2024-06-16 20:45:00+00:00, run_after=2024-06-16 20:46:00+00:00
[2024-06-16T20:46:09.324+0000] {processor.py:183} INFO - Processing /home/airflow/.local/lib/python3.12/site-packages/airflow/example_dags/example_branch_python_dop_operator_3.py took 0.082 seconds
[2024-06-16T20:46:39.752+0000] {processor.py:161} INFO - Started process (PID=2243) to work on /home/airflow/.local/lib/python3.12/site-packages/airflow/example_dags/example_branch_python_dop_operator_3.py
[2024-06-16T20:46:39.754+0000] {processor.py:830} INFO - Processing file /home/airflow/.local/lib/python3.12/site-packages/airflow/example_dags/example_branch_python_dop_operator_3.py for tasks to queue
[2024-06-16T20:46:39.757+0000] {logging_mixin.py:188} INFO - [2024-06-16T20:46:39.757+0000] {dagbag.py:545} INFO - Filling up the DagBag from /home/airflow/.local/lib/python3.12/site-packages/airflow/example_dags/example_branch_python_dop_operator_3.py
[2024-06-16T20:46:39.765+0000] {processor.py:840} INFO - DAG(s) 'example_branch_dop_operator_v3' retrieved from /home/airflow/.local/lib/python3.12/site-packages/airflow/example_dags/example_branch_python_dop_operator_3.py
[2024-06-16T20:46:39.786+0000] {logging_mixin.py:188} INFO - [2024-06-16T20:46:39.786+0000] {dag.py:3096} INFO - Sync 1 DAGs
[2024-06-16T20:46:39.810+0000] {logging_mixin.py:188} INFO - [2024-06-16T20:46:39.810+0000] {dag.py:3954} INFO - Setting next_dagrun for example_branch_dop_operator_v3 to 2024-06-16 20:45:00+00:00, run_after=2024-06-16 20:46:00+00:00
[2024-06-16T20:46:39.829+0000] {processor.py:183} INFO - Processing /home/airflow/.local/lib/python3.12/site-packages/airflow/example_dags/example_branch_python_dop_operator_3.py took 0.083 seconds
[2024-06-16T20:47:10.171+0000] {processor.py:161} INFO - Started process (PID=2301) to work on /home/airflow/.local/lib/python3.12/site-packages/airflow/example_dags/example_branch_python_dop_operator_3.py
[2024-06-16T20:47:10.175+0000] {processor.py:830} INFO - Processing file /home/airflow/.local/lib/python3.12/site-packages/airflow/example_dags/example_branch_python_dop_operator_3.py for tasks to queue
[2024-06-16T20:47:10.177+0000] {logging_mixin.py:188} INFO - [2024-06-16T20:47:10.177+0000] {dagbag.py:545} INFO - Filling up the DagBag from /home/airflow/.local/lib/python3.12/site-packages/airflow/example_dags/example_branch_python_dop_operator_3.py
[2024-06-16T20:47:10.186+0000] {processor.py:840} INFO - DAG(s) 'example_branch_dop_operator_v3' retrieved from /home/airflow/.local/lib/python3.12/site-packages/airflow/example_dags/example_branch_python_dop_operator_3.py
[2024-06-16T20:47:10.207+0000] {logging_mixin.py:188} INFO - [2024-06-16T20:47:10.207+0000] {dag.py:3096} INFO - Sync 1 DAGs
[2024-06-16T20:47:10.233+0000] {logging_mixin.py:188} INFO - [2024-06-16T20:47:10.232+0000] {dag.py:3954} INFO - Setting next_dagrun for example_branch_dop_operator_v3 to 2024-06-16 20:46:00+00:00, run_after=2024-06-16 20:47:00+00:00
[2024-06-16T20:47:10.254+0000] {processor.py:183} INFO - Processing /home/airflow/.local/lib/python3.12/site-packages/airflow/example_dags/example_branch_python_dop_operator_3.py took 0.090 seconds
[2024-06-16T20:47:40.598+0000] {processor.py:161} INFO - Started process (PID=2359) to work on /home/airflow/.local/lib/python3.12/site-packages/airflow/example_dags/example_branch_python_dop_operator_3.py
[2024-06-16T20:47:40.599+0000] {processor.py:830} INFO - Processing file /home/airflow/.local/lib/python3.12/site-packages/airflow/example_dags/example_branch_python_dop_operator_3.py for tasks to queue
[2024-06-16T20:47:40.602+0000] {logging_mixin.py:188} INFO - [2024-06-16T20:47:40.601+0000] {dagbag.py:545} INFO - Filling up the DagBag from /home/airflow/.local/lib/python3.12/site-packages/airflow/example_dags/example_branch_python_dop_operator_3.py
[2024-06-16T20:47:40.614+0000] {processor.py:840} INFO - DAG(s) 'example_branch_dop_operator_v3' retrieved from /home/airflow/.local/lib/python3.12/site-packages/airflow/example_dags/example_branch_python_dop_operator_3.py
[2024-06-16T20:47:40.641+0000] {logging_mixin.py:188} INFO - [2024-06-16T20:47:40.641+0000] {dag.py:3096} INFO - Sync 1 DAGs
[2024-06-16T20:47:40.671+0000] {logging_mixin.py:188} INFO - [2024-06-16T20:47:40.671+0000] {dag.py:3954} INFO - Setting next_dagrun for example_branch_dop_operator_v3 to 2024-06-16 20:46:00+00:00, run_after=2024-06-16 20:47:00+00:00
[2024-06-16T20:47:40.692+0000] {processor.py:183} INFO - Processing /home/airflow/.local/lib/python3.12/site-packages/airflow/example_dags/example_branch_python_dop_operator_3.py took 0.103 seconds
[2024-06-16T20:48:11.029+0000] {processor.py:161} INFO - Started process (PID=2417) to work on /home/airflow/.local/lib/python3.12/site-packages/airflow/example_dags/example_branch_python_dop_operator_3.py
[2024-06-16T20:48:11.030+0000] {processor.py:830} INFO - Processing file /home/airflow/.local/lib/python3.12/site-packages/airflow/example_dags/example_branch_python_dop_operator_3.py for tasks to queue
[2024-06-16T20:48:11.032+0000] {logging_mixin.py:188} INFO - [2024-06-16T20:48:11.032+0000] {dagbag.py:545} INFO - Filling up the DagBag from /home/airflow/.local/lib/python3.12/site-packages/airflow/example_dags/example_branch_python_dop_operator_3.py
[2024-06-16T20:48:11.041+0000] {processor.py:840} INFO - DAG(s) 'example_branch_dop_operator_v3' retrieved from /home/airflow/.local/lib/python3.12/site-packages/airflow/example_dags/example_branch_python_dop_operator_3.py
[2024-06-16T20:48:11.062+0000] {logging_mixin.py:188} INFO - [2024-06-16T20:48:11.062+0000] {dag.py:3096} INFO - Sync 1 DAGs
[2024-06-16T20:48:11.089+0000] {logging_mixin.py:188} INFO - [2024-06-16T20:48:11.088+0000] {dag.py:3954} INFO - Setting next_dagrun for example_branch_dop_operator_v3 to 2024-06-16 20:47:00+00:00, run_after=2024-06-16 20:48:00+00:00
[2024-06-16T20:48:11.112+0000] {processor.py:183} INFO - Processing /home/airflow/.local/lib/python3.12/site-packages/airflow/example_dags/example_branch_python_dop_operator_3.py took 0.089 seconds
[2024-06-16T20:48:41.613+0000] {processor.py:161} INFO - Started process (PID=2475) to work on /home/airflow/.local/lib/python3.12/site-packages/airflow/example_dags/example_branch_python_dop_operator_3.py
[2024-06-16T20:48:41.617+0000] {processor.py:830} INFO - Processing file /home/airflow/.local/lib/python3.12/site-packages/airflow/example_dags/example_branch_python_dop_operator_3.py for tasks to queue
[2024-06-16T20:48:41.620+0000] {logging_mixin.py:188} INFO - [2024-06-16T20:48:41.619+0000] {dagbag.py:545} INFO - Filling up the DagBag from /home/airflow/.local/lib/python3.12/site-packages/airflow/example_dags/example_branch_python_dop_operator_3.py
[2024-06-16T20:48:41.632+0000] {processor.py:840} INFO - DAG(s) 'example_branch_dop_operator_v3' retrieved from /home/airflow/.local/lib/python3.12/site-packages/airflow/example_dags/example_branch_python_dop_operator_3.py
[2024-06-16T20:48:41.651+0000] {logging_mixin.py:188} INFO - [2024-06-16T20:48:41.651+0000] {dag.py:3096} INFO - Sync 1 DAGs
[2024-06-16T20:48:41.676+0000] {logging_mixin.py:188} INFO - [2024-06-16T20:48:41.676+0000] {dag.py:3954} INFO - Setting next_dagrun for example_branch_dop_operator_v3 to 2024-06-16 20:47:00+00:00, run_after=2024-06-16 20:48:00+00:00
[2024-06-16T20:48:41.698+0000] {processor.py:183} INFO - Processing /home/airflow/.local/lib/python3.12/site-packages/airflow/example_dags/example_branch_python_dop_operator_3.py took 0.094 seconds
[2024-06-16T20:49:12.165+0000] {processor.py:161} INFO - Started process (PID=2533) to work on /home/airflow/.local/lib/python3.12/site-packages/airflow/example_dags/example_branch_python_dop_operator_3.py
[2024-06-16T20:49:12.167+0000] {processor.py:830} INFO - Processing file /home/airflow/.local/lib/python3.12/site-packages/airflow/example_dags/example_branch_python_dop_operator_3.py for tasks to queue
[2024-06-16T20:49:12.169+0000] {logging_mixin.py:188} INFO - [2024-06-16T20:49:12.168+0000] {dagbag.py:545} INFO - Filling up the DagBag from /home/airflow/.local/lib/python3.12/site-packages/airflow/example_dags/example_branch_python_dop_operator_3.py
[2024-06-16T20:49:12.178+0000] {processor.py:840} INFO - DAG(s) 'example_branch_dop_operator_v3' retrieved from /home/airflow/.local/lib/python3.12/site-packages/airflow/example_dags/example_branch_python_dop_operator_3.py
[2024-06-16T20:49:12.198+0000] {logging_mixin.py:188} INFO - [2024-06-16T20:49:12.198+0000] {dag.py:3096} INFO - Sync 1 DAGs
[2024-06-16T20:49:12.221+0000] {logging_mixin.py:188} INFO - [2024-06-16T20:49:12.221+0000] {dag.py:3954} INFO - Setting next_dagrun for example_branch_dop_operator_v3 to 2024-06-16 20:48:00+00:00, run_after=2024-06-16 20:49:00+00:00
[2024-06-16T20:49:12.240+0000] {processor.py:183} INFO - Processing /home/airflow/.local/lib/python3.12/site-packages/airflow/example_dags/example_branch_python_dop_operator_3.py took 0.081 seconds
[2024-06-16T20:49:42.610+0000] {processor.py:161} INFO - Started process (PID=2591) to work on /home/airflow/.local/lib/python3.12/site-packages/airflow/example_dags/example_branch_python_dop_operator_3.py
[2024-06-16T20:49:42.611+0000] {processor.py:830} INFO - Processing file /home/airflow/.local/lib/python3.12/site-packages/airflow/example_dags/example_branch_python_dop_operator_3.py for tasks to queue
[2024-06-16T20:49:42.613+0000] {logging_mixin.py:188} INFO - [2024-06-16T20:49:42.613+0000] {dagbag.py:545} INFO - Filling up the DagBag from /home/airflow/.local/lib/python3.12/site-packages/airflow/example_dags/example_branch_python_dop_operator_3.py
[2024-06-16T20:49:42.621+0000] {processor.py:840} INFO - DAG(s) 'example_branch_dop_operator_v3' retrieved from /home/airflow/.local/lib/python3.12/site-packages/airflow/example_dags/example_branch_python_dop_operator_3.py
[2024-06-16T20:49:42.645+0000] {logging_mixin.py:188} INFO - [2024-06-16T20:49:42.645+0000] {dag.py:3096} INFO - Sync 1 DAGs
[2024-06-16T20:49:42.675+0000] {logging_mixin.py:188} INFO - [2024-06-16T20:49:42.675+0000] {dag.py:3954} INFO - Setting next_dagrun for example_branch_dop_operator_v3 to 2024-06-16 20:48:00+00:00, run_after=2024-06-16 20:49:00+00:00
[2024-06-16T20:49:42.698+0000] {processor.py:183} INFO - Processing /home/airflow/.local/lib/python3.12/site-packages/airflow/example_dags/example_branch_python_dop_operator_3.py took 0.094 seconds
[2024-06-16T20:50:13.033+0000] {processor.py:161} INFO - Started process (PID=2649) to work on /home/airflow/.local/lib/python3.12/site-packages/airflow/example_dags/example_branch_python_dop_operator_3.py
[2024-06-16T20:50:13.034+0000] {processor.py:830} INFO - Processing file /home/airflow/.local/lib/python3.12/site-packages/airflow/example_dags/example_branch_python_dop_operator_3.py for tasks to queue
[2024-06-16T20:50:13.036+0000] {logging_mixin.py:188} INFO - [2024-06-16T20:50:13.035+0000] {dagbag.py:545} INFO - Filling up the DagBag from /home/airflow/.local/lib/python3.12/site-packages/airflow/example_dags/example_branch_python_dop_operator_3.py
[2024-06-16T20:50:13.045+0000] {processor.py:840} INFO - DAG(s) 'example_branch_dop_operator_v3' retrieved from /home/airflow/.local/lib/python3.12/site-packages/airflow/example_dags/example_branch_python_dop_operator_3.py
[2024-06-16T20:50:13.065+0000] {logging_mixin.py:188} INFO - [2024-06-16T20:50:13.065+0000] {dag.py:3096} INFO - Sync 1 DAGs
[2024-06-16T20:50:13.092+0000] {logging_mixin.py:188} INFO - [2024-06-16T20:50:13.092+0000] {dag.py:3954} INFO - Setting next_dagrun for example_branch_dop_operator_v3 to 2024-06-16 20:49:00+00:00, run_after=2024-06-16 20:50:00+00:00
[2024-06-16T20:50:13.114+0000] {processor.py:183} INFO - Processing /home/airflow/.local/lib/python3.12/site-packages/airflow/example_dags/example_branch_python_dop_operator_3.py took 0.088 seconds
[2024-06-16T20:50:43.424+0000] {processor.py:161} INFO - Started process (PID=2707) to work on /home/airflow/.local/lib/python3.12/site-packages/airflow/example_dags/example_branch_python_dop_operator_3.py
[2024-06-16T20:50:43.425+0000] {processor.py:830} INFO - Processing file /home/airflow/.local/lib/python3.12/site-packages/airflow/example_dags/example_branch_python_dop_operator_3.py for tasks to queue
[2024-06-16T20:50:43.426+0000] {logging_mixin.py:188} INFO - [2024-06-16T20:50:43.426+0000] {dagbag.py:545} INFO - Filling up the DagBag from /home/airflow/.local/lib/python3.12/site-packages/airflow/example_dags/example_branch_python_dop_operator_3.py
[2024-06-16T20:50:43.435+0000] {processor.py:840} INFO - DAG(s) 'example_branch_dop_operator_v3' retrieved from /home/airflow/.local/lib/python3.12/site-packages/airflow/example_dags/example_branch_python_dop_operator_3.py
[2024-06-16T20:50:43.455+0000] {logging_mixin.py:188} INFO - [2024-06-16T20:50:43.455+0000] {dag.py:3096} INFO - Sync 1 DAGs
[2024-06-16T20:50:43.478+0000] {logging_mixin.py:188} INFO - [2024-06-16T20:50:43.478+0000] {dag.py:3954} INFO - Setting next_dagrun for example_branch_dop_operator_v3 to 2024-06-16 20:49:00+00:00, run_after=2024-06-16 20:50:00+00:00
[2024-06-16T20:50:43.500+0000] {processor.py:183} INFO - Processing /home/airflow/.local/lib/python3.12/site-packages/airflow/example_dags/example_branch_python_dop_operator_3.py took 0.082 seconds
[2024-06-16T20:51:14.011+0000] {processor.py:161} INFO - Started process (PID=2765) to work on /home/airflow/.local/lib/python3.12/site-packages/airflow/example_dags/example_branch_python_dop_operator_3.py
[2024-06-16T20:51:14.018+0000] {processor.py:830} INFO - Processing file /home/airflow/.local/lib/python3.12/site-packages/airflow/example_dags/example_branch_python_dop_operator_3.py for tasks to queue
[2024-06-16T20:51:14.020+0000] {logging_mixin.py:188} INFO - [2024-06-16T20:51:14.019+0000] {dagbag.py:545} INFO - Filling up the DagBag from /home/airflow/.local/lib/python3.12/site-packages/airflow/example_dags/example_branch_python_dop_operator_3.py
[2024-06-16T20:51:14.029+0000] {processor.py:840} INFO - DAG(s) 'example_branch_dop_operator_v3' retrieved from /home/airflow/.local/lib/python3.12/site-packages/airflow/example_dags/example_branch_python_dop_operator_3.py
[2024-06-16T20:51:14.050+0000] {logging_mixin.py:188} INFO - [2024-06-16T20:51:14.049+0000] {dag.py:3096} INFO - Sync 1 DAGs
[2024-06-16T20:51:14.074+0000] {logging_mixin.py:188} INFO - [2024-06-16T20:51:14.074+0000] {dag.py:3954} INFO - Setting next_dagrun for example_branch_dop_operator_v3 to 2024-06-16 20:50:00+00:00, run_after=2024-06-16 20:51:00+00:00
[2024-06-16T20:51:14.098+0000] {processor.py:183} INFO - Processing /home/airflow/.local/lib/python3.12/site-packages/airflow/example_dags/example_branch_python_dop_operator_3.py took 0.093 seconds
[2024-06-16T20:51:44.460+0000] {processor.py:161} INFO - Started process (PID=2823) to work on /home/airflow/.local/lib/python3.12/site-packages/airflow/example_dags/example_branch_python_dop_operator_3.py
[2024-06-16T20:51:44.462+0000] {processor.py:830} INFO - Processing file /home/airflow/.local/lib/python3.12/site-packages/airflow/example_dags/example_branch_python_dop_operator_3.py for tasks to queue
[2024-06-16T20:51:44.464+0000] {logging_mixin.py:188} INFO - [2024-06-16T20:51:44.464+0000] {dagbag.py:545} INFO - Filling up the DagBag from /home/airflow/.local/lib/python3.12/site-packages/airflow/example_dags/example_branch_python_dop_operator_3.py
[2024-06-16T20:51:44.474+0000] {processor.py:840} INFO - DAG(s) 'example_branch_dop_operator_v3' retrieved from /home/airflow/.local/lib/python3.12/site-packages/airflow/example_dags/example_branch_python_dop_operator_3.py
[2024-06-16T20:51:44.494+0000] {logging_mixin.py:188} INFO - [2024-06-16T20:51:44.494+0000] {dag.py:3096} INFO - Sync 1 DAGs
[2024-06-16T20:51:44.521+0000] {logging_mixin.py:188} INFO - [2024-06-16T20:51:44.520+0000] {dag.py:3954} INFO - Setting next_dagrun for example_branch_dop_operator_v3 to 2024-06-16 20:50:00+00:00, run_after=2024-06-16 20:51:00+00:00
[2024-06-16T20:51:44.538+0000] {processor.py:183} INFO - Processing /home/airflow/.local/lib/python3.12/site-packages/airflow/example_dags/example_branch_python_dop_operator_3.py took 0.087 seconds
[2024-06-16T20:52:14.881+0000] {processor.py:161} INFO - Started process (PID=2881) to work on /home/airflow/.local/lib/python3.12/site-packages/airflow/example_dags/example_branch_python_dop_operator_3.py
[2024-06-16T20:52:14.883+0000] {processor.py:830} INFO - Processing file /home/airflow/.local/lib/python3.12/site-packages/airflow/example_dags/example_branch_python_dop_operator_3.py for tasks to queue
[2024-06-16T20:52:14.885+0000] {logging_mixin.py:188} INFO - [2024-06-16T20:52:14.885+0000] {dagbag.py:545} INFO - Filling up the DagBag from /home/airflow/.local/lib/python3.12/site-packages/airflow/example_dags/example_branch_python_dop_operator_3.py
[2024-06-16T20:52:14.894+0000] {processor.py:840} INFO - DAG(s) 'example_branch_dop_operator_v3' retrieved from /home/airflow/.local/lib/python3.12/site-packages/airflow/example_dags/example_branch_python_dop_operator_3.py
[2024-06-16T20:52:14.915+0000] {logging_mixin.py:188} INFO - [2024-06-16T20:52:14.915+0000] {dag.py:3096} INFO - Sync 1 DAGs
[2024-06-16T20:52:14.939+0000] {logging_mixin.py:188} INFO - [2024-06-16T20:52:14.939+0000] {dag.py:3954} INFO - Setting next_dagrun for example_branch_dop_operator_v3 to 2024-06-16 20:51:00+00:00, run_after=2024-06-16 20:52:00+00:00
[2024-06-16T20:52:14.961+0000] {processor.py:183} INFO - Processing /home/airflow/.local/lib/python3.12/site-packages/airflow/example_dags/example_branch_python_dop_operator_3.py took 0.089 seconds
[2024-06-16T20:52:45.430+0000] {processor.py:161} INFO - Started process (PID=2939) to work on /home/airflow/.local/lib/python3.12/site-packages/airflow/example_dags/example_branch_python_dop_operator_3.py
[2024-06-16T20:52:45.431+0000] {processor.py:830} INFO - Processing file /home/airflow/.local/lib/python3.12/site-packages/airflow/example_dags/example_branch_python_dop_operator_3.py for tasks to queue
[2024-06-16T20:52:45.433+0000] {logging_mixin.py:188} INFO - [2024-06-16T20:52:45.433+0000] {dagbag.py:545} INFO - Filling up the DagBag from /home/airflow/.local/lib/python3.12/site-packages/airflow/example_dags/example_branch_python_dop_operator_3.py
[2024-06-16T20:52:45.443+0000] {processor.py:840} INFO - DAG(s) 'example_branch_dop_operator_v3' retrieved from /home/airflow/.local/lib/python3.12/site-packages/airflow/example_dags/example_branch_python_dop_operator_3.py
[2024-06-16T20:52:45.463+0000] {logging_mixin.py:188} INFO - [2024-06-16T20:52:45.463+0000] {dag.py:3096} INFO - Sync 1 DAGs
[2024-06-16T20:52:45.488+0000] {logging_mixin.py:188} INFO - [2024-06-16T20:52:45.488+0000] {dag.py:3954} INFO - Setting next_dagrun for example_branch_dop_operator_v3 to 2024-06-16 20:51:00+00:00, run_after=2024-06-16 20:52:00+00:00
[2024-06-16T20:52:45.507+0000] {processor.py:183} INFO - Processing /home/airflow/.local/lib/python3.12/site-packages/airflow/example_dags/example_branch_python_dop_operator_3.py took 0.084 seconds
[2024-06-16T20:53:15.921+0000] {processor.py:161} INFO - Started process (PID=2997) to work on /home/airflow/.local/lib/python3.12/site-packages/airflow/example_dags/example_branch_python_dop_operator_3.py
[2024-06-16T20:53:15.925+0000] {processor.py:830} INFO - Processing file /home/airflow/.local/lib/python3.12/site-packages/airflow/example_dags/example_branch_python_dop_operator_3.py for tasks to queue
[2024-06-16T20:53:15.927+0000] {logging_mixin.py:188} INFO - [2024-06-16T20:53:15.927+0000] {dagbag.py:545} INFO - Filling up the DagBag from /home/airflow/.local/lib/python3.12/site-packages/airflow/example_dags/example_branch_python_dop_operator_3.py
[2024-06-16T20:53:15.937+0000] {processor.py:840} INFO - DAG(s) 'example_branch_dop_operator_v3' retrieved from /home/airflow/.local/lib/python3.12/site-packages/airflow/example_dags/example_branch_python_dop_operator_3.py
[2024-06-16T20:53:15.957+0000] {logging_mixin.py:188} INFO - [2024-06-16T20:53:15.957+0000] {dag.py:3096} INFO - Sync 1 DAGs
[2024-06-16T20:53:15.981+0000] {logging_mixin.py:188} INFO - [2024-06-16T20:53:15.980+0000] {dag.py:3954} INFO - Setting next_dagrun for example_branch_dop_operator_v3 to 2024-06-16 20:52:00+00:00, run_after=2024-06-16 20:53:00+00:00
[2024-06-16T20:53:16.010+0000] {processor.py:183} INFO - Processing /home/airflow/.local/lib/python3.12/site-packages/airflow/example_dags/example_branch_python_dop_operator_3.py took 0.098 seconds
[2024-06-16T20:53:46.326+0000] {processor.py:161} INFO - Started process (PID=3055) to work on /home/airflow/.local/lib/python3.12/site-packages/airflow/example_dags/example_branch_python_dop_operator_3.py
[2024-06-16T20:53:46.328+0000] {processor.py:830} INFO - Processing file /home/airflow/.local/lib/python3.12/site-packages/airflow/example_dags/example_branch_python_dop_operator_3.py for tasks to queue
[2024-06-16T20:53:46.330+0000] {logging_mixin.py:188} INFO - [2024-06-16T20:53:46.330+0000] {dagbag.py:545} INFO - Filling up the DagBag from /home/airflow/.local/lib/python3.12/site-packages/airflow/example_dags/example_branch_python_dop_operator_3.py
[2024-06-16T20:53:46.338+0000] {processor.py:840} INFO - DAG(s) 'example_branch_dop_operator_v3' retrieved from /home/airflow/.local/lib/python3.12/site-packages/airflow/example_dags/example_branch_python_dop_operator_3.py
[2024-06-16T20:53:46.359+0000] {logging_mixin.py:188} INFO - [2024-06-16T20:53:46.359+0000] {dag.py:3096} INFO - Sync 1 DAGs
[2024-06-16T20:53:46.383+0000] {logging_mixin.py:188} INFO - [2024-06-16T20:53:46.383+0000] {dag.py:3954} INFO - Setting next_dagrun for example_branch_dop_operator_v3 to 2024-06-16 20:52:00+00:00, run_after=2024-06-16 20:53:00+00:00
[2024-06-16T20:53:46.405+0000] {processor.py:183} INFO - Processing /home/airflow/.local/lib/python3.12/site-packages/airflow/example_dags/example_branch_python_dop_operator_3.py took 0.085 seconds
[2024-06-16T20:54:16.862+0000] {processor.py:161} INFO - Started process (PID=3113) to work on /home/airflow/.local/lib/python3.12/site-packages/airflow/example_dags/example_branch_python_dop_operator_3.py
[2024-06-16T20:54:16.864+0000] {processor.py:830} INFO - Processing file /home/airflow/.local/lib/python3.12/site-packages/airflow/example_dags/example_branch_python_dop_operator_3.py for tasks to queue
[2024-06-16T20:54:16.866+0000] {logging_mixin.py:188} INFO - [2024-06-16T20:54:16.866+0000] {dagbag.py:545} INFO - Filling up the DagBag from /home/airflow/.local/lib/python3.12/site-packages/airflow/example_dags/example_branch_python_dop_operator_3.py
[2024-06-16T20:54:16.875+0000] {processor.py:840} INFO - DAG(s) 'example_branch_dop_operator_v3' retrieved from /home/airflow/.local/lib/python3.12/site-packages/airflow/example_dags/example_branch_python_dop_operator_3.py
[2024-06-16T20:54:16.896+0000] {logging_mixin.py:188} INFO - [2024-06-16T20:54:16.895+0000] {dag.py:3096} INFO - Sync 1 DAGs
[2024-06-16T20:54:16.924+0000] {logging_mixin.py:188} INFO - [2024-06-16T20:54:16.924+0000] {dag.py:3954} INFO - Setting next_dagrun for example_branch_dop_operator_v3 to 2024-06-16 20:53:00+00:00, run_after=2024-06-16 20:54:00+00:00
[2024-06-16T20:54:16.949+0000] {processor.py:183} INFO - Processing /home/airflow/.local/lib/python3.12/site-packages/airflow/example_dags/example_branch_python_dop_operator_3.py took 0.093 seconds
[2024-06-16T20:54:47.270+0000] {processor.py:161} INFO - Started process (PID=3171) to work on /home/airflow/.local/lib/python3.12/site-packages/airflow/example_dags/example_branch_python_dop_operator_3.py
[2024-06-16T20:54:47.271+0000] {processor.py:830} INFO - Processing file /home/airflow/.local/lib/python3.12/site-packages/airflow/example_dags/example_branch_python_dop_operator_3.py for tasks to queue
[2024-06-16T20:54:47.273+0000] {logging_mixin.py:188} INFO - [2024-06-16T20:54:47.273+0000] {dagbag.py:545} INFO - Filling up the DagBag from /home/airflow/.local/lib/python3.12/site-packages/airflow/example_dags/example_branch_python_dop_operator_3.py
[2024-06-16T20:54:47.282+0000] {processor.py:840} INFO - DAG(s) 'example_branch_dop_operator_v3' retrieved from /home/airflow/.local/lib/python3.12/site-packages/airflow/example_dags/example_branch_python_dop_operator_3.py
[2024-06-16T20:54:47.305+0000] {logging_mixin.py:188} INFO - [2024-06-16T20:54:47.304+0000] {dag.py:3096} INFO - Sync 1 DAGs
[2024-06-16T20:54:47.329+0000] {logging_mixin.py:188} INFO - [2024-06-16T20:54:47.328+0000] {dag.py:3954} INFO - Setting next_dagrun for example_branch_dop_operator_v3 to 2024-06-16 20:53:00+00:00, run_after=2024-06-16 20:54:00+00:00
[2024-06-16T20:54:47.356+0000] {processor.py:183} INFO - Processing /home/airflow/.local/lib/python3.12/site-packages/airflow/example_dags/example_branch_python_dop_operator_3.py took 0.093 seconds
[2024-06-16T20:55:17.692+0000] {processor.py:161} INFO - Started process (PID=3229) to work on /home/airflow/.local/lib/python3.12/site-packages/airflow/example_dags/example_branch_python_dop_operator_3.py
[2024-06-16T20:55:17.695+0000] {processor.py:830} INFO - Processing file /home/airflow/.local/lib/python3.12/site-packages/airflow/example_dags/example_branch_python_dop_operator_3.py for tasks to queue
[2024-06-16T20:55:17.697+0000] {logging_mixin.py:188} INFO - [2024-06-16T20:55:17.697+0000] {dagbag.py:545} INFO - Filling up the DagBag from /home/airflow/.local/lib/python3.12/site-packages/airflow/example_dags/example_branch_python_dop_operator_3.py
[2024-06-16T20:55:17.706+0000] {processor.py:840} INFO - DAG(s) 'example_branch_dop_operator_v3' retrieved from /home/airflow/.local/lib/python3.12/site-packages/airflow/example_dags/example_branch_python_dop_operator_3.py
[2024-06-16T20:55:17.727+0000] {logging_mixin.py:188} INFO - [2024-06-16T20:55:17.727+0000] {dag.py:3096} INFO - Sync 1 DAGs
[2024-06-16T20:55:17.753+0000] {logging_mixin.py:188} INFO - [2024-06-16T20:55:17.752+0000] {dag.py:3954} INFO - Setting next_dagrun for example_branch_dop_operator_v3 to 2024-06-16 20:54:00+00:00, run_after=2024-06-16 20:55:00+00:00
[2024-06-16T20:55:17.776+0000] {processor.py:183} INFO - Processing /home/airflow/.local/lib/python3.12/site-packages/airflow/example_dags/example_branch_python_dop_operator_3.py took 0.089 seconds
[2024-06-16T20:55:47.925+0000] {processor.py:161} INFO - Started process (PID=3287) to work on /home/airflow/.local/lib/python3.12/site-packages/airflow/example_dags/example_branch_python_dop_operator_3.py
[2024-06-16T20:55:47.926+0000] {processor.py:830} INFO - Processing file /home/airflow/.local/lib/python3.12/site-packages/airflow/example_dags/example_branch_python_dop_operator_3.py for tasks to queue
[2024-06-16T20:55:47.928+0000] {logging_mixin.py:188} INFO - [2024-06-16T20:55:47.928+0000] {dagbag.py:545} INFO - Filling up the DagBag from /home/airflow/.local/lib/python3.12/site-packages/airflow/example_dags/example_branch_python_dop_operator_3.py
[2024-06-16T20:55:47.940+0000] {processor.py:840} INFO - DAG(s) 'example_branch_dop_operator_v3' retrieved from /home/airflow/.local/lib/python3.12/site-packages/airflow/example_dags/example_branch_python_dop_operator_3.py
[2024-06-16T20:55:47.965+0000] {logging_mixin.py:188} INFO - [2024-06-16T20:55:47.965+0000] {dag.py:3096} INFO - Sync 1 DAGs
[2024-06-16T20:55:47.993+0000] {logging_mixin.py:188} INFO - [2024-06-16T20:55:47.993+0000] {dag.py:3954} INFO - Setting next_dagrun for example_branch_dop_operator_v3 to 2024-06-16 20:54:00+00:00, run_after=2024-06-16 20:55:00+00:00
[2024-06-16T20:55:48.015+0000] {processor.py:183} INFO - Processing /home/airflow/.local/lib/python3.12/site-packages/airflow/example_dags/example_branch_python_dop_operator_3.py took 0.097 seconds
[2024-06-16T20:56:18.521+0000] {processor.py:161} INFO - Started process (PID=3345) to work on /home/airflow/.local/lib/python3.12/site-packages/airflow/example_dags/example_branch_python_dop_operator_3.py
[2024-06-16T20:56:18.522+0000] {processor.py:830} INFO - Processing file /home/airflow/.local/lib/python3.12/site-packages/airflow/example_dags/example_branch_python_dop_operator_3.py for tasks to queue
[2024-06-16T20:56:18.524+0000] {logging_mixin.py:188} INFO - [2024-06-16T20:56:18.524+0000] {dagbag.py:545} INFO - Filling up the DagBag from /home/airflow/.local/lib/python3.12/site-packages/airflow/example_dags/example_branch_python_dop_operator_3.py
[2024-06-16T20:56:18.532+0000] {processor.py:840} INFO - DAG(s) 'example_branch_dop_operator_v3' retrieved from /home/airflow/.local/lib/python3.12/site-packages/airflow/example_dags/example_branch_python_dop_operator_3.py
[2024-06-16T20:56:18.553+0000] {logging_mixin.py:188} INFO - [2024-06-16T20:56:18.553+0000] {dag.py:3096} INFO - Sync 1 DAGs
[2024-06-16T20:56:18.578+0000] {logging_mixin.py:188} INFO - [2024-06-16T20:56:18.578+0000] {dag.py:3954} INFO - Setting next_dagrun for example_branch_dop_operator_v3 to 2024-06-16 20:55:00+00:00, run_after=2024-06-16 20:56:00+00:00
[2024-06-16T20:56:18.599+0000] {processor.py:183} INFO - Processing /home/airflow/.local/lib/python3.12/site-packages/airflow/example_dags/example_branch_python_dop_operator_3.py took 0.085 seconds
[2024-06-16T20:56:48.733+0000] {processor.py:161} INFO - Started process (PID=3403) to work on /home/airflow/.local/lib/python3.12/site-packages/airflow/example_dags/example_branch_python_dop_operator_3.py
[2024-06-16T20:56:48.734+0000] {processor.py:830} INFO - Processing file /home/airflow/.local/lib/python3.12/site-packages/airflow/example_dags/example_branch_python_dop_operator_3.py for tasks to queue
[2024-06-16T20:56:48.736+0000] {logging_mixin.py:188} INFO - [2024-06-16T20:56:48.735+0000] {dagbag.py:545} INFO - Filling up the DagBag from /home/airflow/.local/lib/python3.12/site-packages/airflow/example_dags/example_branch_python_dop_operator_3.py
[2024-06-16T20:56:48.745+0000] {processor.py:840} INFO - DAG(s) 'example_branch_dop_operator_v3' retrieved from /home/airflow/.local/lib/python3.12/site-packages/airflow/example_dags/example_branch_python_dop_operator_3.py
[2024-06-16T20:56:48.766+0000] {logging_mixin.py:188} INFO - [2024-06-16T20:56:48.766+0000] {dag.py:3096} INFO - Sync 1 DAGs
[2024-06-16T20:56:48.791+0000] {logging_mixin.py:188} INFO - [2024-06-16T20:56:48.791+0000] {dag.py:3954} INFO - Setting next_dagrun for example_branch_dop_operator_v3 to 2024-06-16 20:55:00+00:00, run_after=2024-06-16 20:56:00+00:00
[2024-06-16T20:56:48.812+0000] {processor.py:183} INFO - Processing /home/airflow/.local/lib/python3.12/site-packages/airflow/example_dags/example_branch_python_dop_operator_3.py took 0.085 seconds
[2024-06-16T20:57:19.008+0000] {processor.py:161} INFO - Started process (PID=3461) to work on /home/airflow/.local/lib/python3.12/site-packages/airflow/example_dags/example_branch_python_dop_operator_3.py
[2024-06-16T20:57:19.010+0000] {processor.py:830} INFO - Processing file /home/airflow/.local/lib/python3.12/site-packages/airflow/example_dags/example_branch_python_dop_operator_3.py for tasks to queue
[2024-06-16T20:57:19.012+0000] {logging_mixin.py:188} INFO - [2024-06-16T20:57:19.011+0000] {dagbag.py:545} INFO - Filling up the DagBag from /home/airflow/.local/lib/python3.12/site-packages/airflow/example_dags/example_branch_python_dop_operator_3.py
[2024-06-16T20:57:19.021+0000] {processor.py:840} INFO - DAG(s) 'example_branch_dop_operator_v3' retrieved from /home/airflow/.local/lib/python3.12/site-packages/airflow/example_dags/example_branch_python_dop_operator_3.py
[2024-06-16T20:57:19.041+0000] {logging_mixin.py:188} INFO - [2024-06-16T20:57:19.040+0000] {dag.py:3096} INFO - Sync 1 DAGs
[2024-06-16T20:57:19.065+0000] {logging_mixin.py:188} INFO - [2024-06-16T20:57:19.064+0000] {dag.py:3954} INFO - Setting next_dagrun for example_branch_dop_operator_v3 to 2024-06-16 20:56:00+00:00, run_after=2024-06-16 20:57:00+00:00
[2024-06-16T20:57:19.084+0000] {processor.py:183} INFO - Processing /home/airflow/.local/lib/python3.12/site-packages/airflow/example_dags/example_branch_python_dop_operator_3.py took 0.081 seconds
[2024-06-16T20:57:49.178+0000] {processor.py:161} INFO - Started process (PID=3519) to work on /home/airflow/.local/lib/python3.12/site-packages/airflow/example_dags/example_branch_python_dop_operator_3.py
[2024-06-16T20:57:49.179+0000] {processor.py:830} INFO - Processing file /home/airflow/.local/lib/python3.12/site-packages/airflow/example_dags/example_branch_python_dop_operator_3.py for tasks to queue
[2024-06-16T20:57:49.180+0000] {logging_mixin.py:188} INFO - [2024-06-16T20:57:49.180+0000] {dagbag.py:545} INFO - Filling up the DagBag from /home/airflow/.local/lib/python3.12/site-packages/airflow/example_dags/example_branch_python_dop_operator_3.py
[2024-06-16T20:57:49.190+0000] {processor.py:840} INFO - DAG(s) 'example_branch_dop_operator_v3' retrieved from /home/airflow/.local/lib/python3.12/site-packages/airflow/example_dags/example_branch_python_dop_operator_3.py
[2024-06-16T20:57:49.212+0000] {logging_mixin.py:188} INFO - [2024-06-16T20:57:49.212+0000] {dag.py:3096} INFO - Sync 1 DAGs
[2024-06-16T20:57:49.240+0000] {logging_mixin.py:188} INFO - [2024-06-16T20:57:49.240+0000] {dag.py:3954} INFO - Setting next_dagrun for example_branch_dop_operator_v3 to 2024-06-16 20:56:00+00:00, run_after=2024-06-16 20:57:00+00:00
[2024-06-16T20:57:49.264+0000] {processor.py:183} INFO - Processing /home/airflow/.local/lib/python3.12/site-packages/airflow/example_dags/example_branch_python_dop_operator_3.py took 0.093 seconds
[2024-06-16T20:58:19.420+0000] {processor.py:161} INFO - Started process (PID=3577) to work on /home/airflow/.local/lib/python3.12/site-packages/airflow/example_dags/example_branch_python_dop_operator_3.py
[2024-06-16T20:58:19.421+0000] {processor.py:830} INFO - Processing file /home/airflow/.local/lib/python3.12/site-packages/airflow/example_dags/example_branch_python_dop_operator_3.py for tasks to queue
[2024-06-16T20:58:19.423+0000] {logging_mixin.py:188} INFO - [2024-06-16T20:58:19.423+0000] {dagbag.py:545} INFO - Filling up the DagBag from /home/airflow/.local/lib/python3.12/site-packages/airflow/example_dags/example_branch_python_dop_operator_3.py
[2024-06-16T20:58:19.432+0000] {processor.py:840} INFO - DAG(s) 'example_branch_dop_operator_v3' retrieved from /home/airflow/.local/lib/python3.12/site-packages/airflow/example_dags/example_branch_python_dop_operator_3.py
[2024-06-16T20:58:19.454+0000] {logging_mixin.py:188} INFO - [2024-06-16T20:58:19.453+0000] {dag.py:3096} INFO - Sync 1 DAGs
[2024-06-16T20:58:19.477+0000] {logging_mixin.py:188} INFO - [2024-06-16T20:58:19.477+0000] {dag.py:3954} INFO - Setting next_dagrun for example_branch_dop_operator_v3 to 2024-06-16 20:57:00+00:00, run_after=2024-06-16 20:58:00+00:00
[2024-06-16T20:58:19.498+0000] {processor.py:183} INFO - Processing /home/airflow/.local/lib/python3.12/site-packages/airflow/example_dags/example_branch_python_dop_operator_3.py took 0.084 seconds
[2024-06-16T20:58:49.661+0000] {processor.py:161} INFO - Started process (PID=3635) to work on /home/airflow/.local/lib/python3.12/site-packages/airflow/example_dags/example_branch_python_dop_operator_3.py
[2024-06-16T20:58:49.663+0000] {processor.py:830} INFO - Processing file /home/airflow/.local/lib/python3.12/site-packages/airflow/example_dags/example_branch_python_dop_operator_3.py for tasks to queue
[2024-06-16T20:58:49.665+0000] {logging_mixin.py:188} INFO - [2024-06-16T20:58:49.665+0000] {dagbag.py:545} INFO - Filling up the DagBag from /home/airflow/.local/lib/python3.12/site-packages/airflow/example_dags/example_branch_python_dop_operator_3.py
[2024-06-16T20:58:49.675+0000] {processor.py:840} INFO - DAG(s) 'example_branch_dop_operator_v3' retrieved from /home/airflow/.local/lib/python3.12/site-packages/airflow/example_dags/example_branch_python_dop_operator_3.py
[2024-06-16T20:58:49.696+0000] {logging_mixin.py:188} INFO - [2024-06-16T20:58:49.696+0000] {dag.py:3096} INFO - Sync 1 DAGs
[2024-06-16T20:58:49.720+0000] {logging_mixin.py:188} INFO - [2024-06-16T20:58:49.720+0000] {dag.py:3954} INFO - Setting next_dagrun for example_branch_dop_operator_v3 to 2024-06-16 20:57:00+00:00, run_after=2024-06-16 20:58:00+00:00
[2024-06-16T20:58:49.740+0000] {processor.py:183} INFO - Processing /home/airflow/.local/lib/python3.12/site-packages/airflow/example_dags/example_branch_python_dop_operator_3.py took 0.088 seconds
[2024-06-16T20:59:19.768+0000] {processor.py:161} INFO - Started process (PID=3693) to work on /home/airflow/.local/lib/python3.12/site-packages/airflow/example_dags/example_branch_python_dop_operator_3.py
[2024-06-16T20:59:19.770+0000] {processor.py:830} INFO - Processing file /home/airflow/.local/lib/python3.12/site-packages/airflow/example_dags/example_branch_python_dop_operator_3.py for tasks to queue
[2024-06-16T20:59:19.771+0000] {logging_mixin.py:188} INFO - [2024-06-16T20:59:19.771+0000] {dagbag.py:545} INFO - Filling up the DagBag from /home/airflow/.local/lib/python3.12/site-packages/airflow/example_dags/example_branch_python_dop_operator_3.py
[2024-06-16T20:59:19.780+0000] {processor.py:840} INFO - DAG(s) 'example_branch_dop_operator_v3' retrieved from /home/airflow/.local/lib/python3.12/site-packages/airflow/example_dags/example_branch_python_dop_operator_3.py
[2024-06-16T20:59:19.800+0000] {logging_mixin.py:188} INFO - [2024-06-16T20:59:19.799+0000] {dag.py:3096} INFO - Sync 1 DAGs
[2024-06-16T20:59:19.824+0000] {logging_mixin.py:188} INFO - [2024-06-16T20:59:19.824+0000] {dag.py:3954} INFO - Setting next_dagrun for example_branch_dop_operator_v3 to 2024-06-16 20:58:00+00:00, run_after=2024-06-16 20:59:00+00:00
[2024-06-16T20:59:19.845+0000] {processor.py:183} INFO - Processing /home/airflow/.local/lib/python3.12/site-packages/airflow/example_dags/example_branch_python_dop_operator_3.py took 0.083 seconds
[2024-06-16T20:59:49.964+0000] {processor.py:161} INFO - Started process (PID=3749) to work on /home/airflow/.local/lib/python3.12/site-packages/airflow/example_dags/example_branch_python_dop_operator_3.py
[2024-06-16T20:59:49.965+0000] {processor.py:830} INFO - Processing file /home/airflow/.local/lib/python3.12/site-packages/airflow/example_dags/example_branch_python_dop_operator_3.py for tasks to queue
[2024-06-16T20:59:49.967+0000] {logging_mixin.py:188} INFO - [2024-06-16T20:59:49.966+0000] {dagbag.py:545} INFO - Filling up the DagBag from /home/airflow/.local/lib/python3.12/site-packages/airflow/example_dags/example_branch_python_dop_operator_3.py
[2024-06-16T20:59:49.977+0000] {processor.py:840} INFO - DAG(s) 'example_branch_dop_operator_v3' retrieved from /home/airflow/.local/lib/python3.12/site-packages/airflow/example_dags/example_branch_python_dop_operator_3.py
[2024-06-16T20:59:49.996+0000] {logging_mixin.py:188} INFO - [2024-06-16T20:59:49.996+0000] {dag.py:3096} INFO - Sync 1 DAGs
[2024-06-16T20:59:50.023+0000] {logging_mixin.py:188} INFO - [2024-06-16T20:59:50.023+0000] {dag.py:3954} INFO - Setting next_dagrun for example_branch_dop_operator_v3 to 2024-06-16 20:58:00+00:00, run_after=2024-06-16 20:59:00+00:00
[2024-06-16T20:59:50.043+0000] {processor.py:183} INFO - Processing /home/airflow/.local/lib/python3.12/site-packages/airflow/example_dags/example_branch_python_dop_operator_3.py took 0.086 seconds
