[2024-06-16T20:27:25.476+0000] {processor.py:161} INFO - Started process (PID=45) to work on /home/airflow/.local/lib/python3.12/site-packages/airflow/example_dags/example_skip_dag.py
[2024-06-16T20:27:25.478+0000] {processor.py:830} INFO - Processing file /home/airflow/.local/lib/python3.12/site-packages/airflow/example_dags/example_skip_dag.py for tasks to queue
[2024-06-16T20:27:25.480+0000] {logging_mixin.py:188} INFO - [2024-06-16T20:27:25.480+0000] {dagbag.py:545} INFO - Filling up the DagBag from /home/airflow/.local/lib/python3.12/site-packages/airflow/example_dags/example_skip_dag.py
[2024-06-16T20:27:25.496+0000] {processor.py:840} INFO - DAG(s) 'example_skip_dag' retrieved from /home/airflow/.local/lib/python3.12/site-packages/airflow/example_dags/example_skip_dag.py
[2024-06-16T20:27:25.708+0000] {logging_mixin.py:188} INFO - [2024-06-16T20:27:25.707+0000] {dag.py:3096} INFO - Sync 1 DAGs
[2024-06-16T20:27:25.760+0000] {logging_mixin.py:188} INFO - [2024-06-16T20:27:25.760+0000] {dag.py:3954} INFO - Setting next_dagrun for example_skip_dag to 2024-06-15 00:00:00+00:00, run_after=2024-06-16 00:00:00+00:00
[2024-06-16T20:27:25.800+0000] {processor.py:183} INFO - Processing /home/airflow/.local/lib/python3.12/site-packages/airflow/example_dags/example_skip_dag.py took 0.336 seconds
[2024-06-16T20:27:56.658+0000] {processor.py:161} INFO - Started process (PID=104) to work on /home/airflow/.local/lib/python3.12/site-packages/airflow/example_dags/example_skip_dag.py
[2024-06-16T20:27:56.660+0000] {processor.py:830} INFO - Processing file /home/airflow/.local/lib/python3.12/site-packages/airflow/example_dags/example_skip_dag.py for tasks to queue
[2024-06-16T20:27:56.662+0000] {logging_mixin.py:188} INFO - [2024-06-16T20:27:56.662+0000] {dagbag.py:545} INFO - Filling up the DagBag from /home/airflow/.local/lib/python3.12/site-packages/airflow/example_dags/example_skip_dag.py
[2024-06-16T20:27:56.672+0000] {processor.py:840} INFO - DAG(s) 'example_skip_dag' retrieved from /home/airflow/.local/lib/python3.12/site-packages/airflow/example_dags/example_skip_dag.py
[2024-06-16T20:27:56.695+0000] {logging_mixin.py:188} INFO - [2024-06-16T20:27:56.694+0000] {dag.py:3096} INFO - Sync 1 DAGs
[2024-06-16T20:27:56.717+0000] {logging_mixin.py:188} INFO - [2024-06-16T20:27:56.716+0000] {dag.py:3954} INFO - Setting next_dagrun for example_skip_dag to 2024-06-15 00:00:00+00:00, run_after=2024-06-16 00:00:00+00:00
[2024-06-16T20:27:56.736+0000] {processor.py:183} INFO - Processing /home/airflow/.local/lib/python3.12/site-packages/airflow/example_dags/example_skip_dag.py took 0.089 seconds
[2024-06-16T20:28:27.446+0000] {processor.py:161} INFO - Started process (PID=162) to work on /home/airflow/.local/lib/python3.12/site-packages/airflow/example_dags/example_skip_dag.py
[2024-06-16T20:28:27.448+0000] {processor.py:830} INFO - Processing file /home/airflow/.local/lib/python3.12/site-packages/airflow/example_dags/example_skip_dag.py for tasks to queue
[2024-06-16T20:28:27.450+0000] {logging_mixin.py:188} INFO - [2024-06-16T20:28:27.450+0000] {dagbag.py:545} INFO - Filling up the DagBag from /home/airflow/.local/lib/python3.12/site-packages/airflow/example_dags/example_skip_dag.py
[2024-06-16T20:28:27.460+0000] {processor.py:840} INFO - DAG(s) 'example_skip_dag' retrieved from /home/airflow/.local/lib/python3.12/site-packages/airflow/example_dags/example_skip_dag.py
[2024-06-16T20:28:27.485+0000] {logging_mixin.py:188} INFO - [2024-06-16T20:28:27.485+0000] {dag.py:3096} INFO - Sync 1 DAGs
[2024-06-16T20:28:27.510+0000] {logging_mixin.py:188} INFO - [2024-06-16T20:28:27.509+0000] {dag.py:3954} INFO - Setting next_dagrun for example_skip_dag to 2024-06-15 00:00:00+00:00, run_after=2024-06-16 00:00:00+00:00
[2024-06-16T20:28:27.541+0000] {processor.py:183} INFO - Processing /home/airflow/.local/lib/python3.12/site-packages/airflow/example_dags/example_skip_dag.py took 0.101 seconds
[2024-06-16T20:28:57.943+0000] {processor.py:161} INFO - Started process (PID=220) to work on /home/airflow/.local/lib/python3.12/site-packages/airflow/example_dags/example_skip_dag.py
[2024-06-16T20:28:57.944+0000] {processor.py:830} INFO - Processing file /home/airflow/.local/lib/python3.12/site-packages/airflow/example_dags/example_skip_dag.py for tasks to queue
[2024-06-16T20:28:57.947+0000] {logging_mixin.py:188} INFO - [2024-06-16T20:28:57.946+0000] {dagbag.py:545} INFO - Filling up the DagBag from /home/airflow/.local/lib/python3.12/site-packages/airflow/example_dags/example_skip_dag.py
[2024-06-16T20:28:57.954+0000] {processor.py:840} INFO - DAG(s) 'example_skip_dag' retrieved from /home/airflow/.local/lib/python3.12/site-packages/airflow/example_dags/example_skip_dag.py
[2024-06-16T20:28:57.977+0000] {logging_mixin.py:188} INFO - [2024-06-16T20:28:57.977+0000] {dag.py:3096} INFO - Sync 1 DAGs
[2024-06-16T20:28:57.999+0000] {logging_mixin.py:188} INFO - [2024-06-16T20:28:57.998+0000] {dag.py:3954} INFO - Setting next_dagrun for example_skip_dag to 2024-06-15 00:00:00+00:00, run_after=2024-06-16 00:00:00+00:00
[2024-06-16T20:28:58.019+0000] {processor.py:183} INFO - Processing /home/airflow/.local/lib/python3.12/site-packages/airflow/example_dags/example_skip_dag.py took 0.087 seconds
[2024-06-16T20:29:28.513+0000] {processor.py:161} INFO - Started process (PID=278) to work on /home/airflow/.local/lib/python3.12/site-packages/airflow/example_dags/example_skip_dag.py
[2024-06-16T20:29:28.515+0000] {processor.py:830} INFO - Processing file /home/airflow/.local/lib/python3.12/site-packages/airflow/example_dags/example_skip_dag.py for tasks to queue
[2024-06-16T20:29:28.518+0000] {logging_mixin.py:188} INFO - [2024-06-16T20:29:28.517+0000] {dagbag.py:545} INFO - Filling up the DagBag from /home/airflow/.local/lib/python3.12/site-packages/airflow/example_dags/example_skip_dag.py
[2024-06-16T20:29:28.530+0000] {processor.py:840} INFO - DAG(s) 'example_skip_dag' retrieved from /home/airflow/.local/lib/python3.12/site-packages/airflow/example_dags/example_skip_dag.py
[2024-06-16T20:29:28.568+0000] {logging_mixin.py:188} INFO - [2024-06-16T20:29:28.567+0000] {dag.py:3096} INFO - Sync 1 DAGs
[2024-06-16T20:29:28.608+0000] {logging_mixin.py:188} INFO - [2024-06-16T20:29:28.607+0000] {dag.py:3954} INFO - Setting next_dagrun for example_skip_dag to 2024-06-15 00:00:00+00:00, run_after=2024-06-16 00:00:00+00:00
[2024-06-16T20:29:28.632+0000] {processor.py:183} INFO - Processing /home/airflow/.local/lib/python3.12/site-packages/airflow/example_dags/example_skip_dag.py took 0.129 seconds
[2024-06-16T20:29:59.460+0000] {processor.py:161} INFO - Started process (PID=336) to work on /home/airflow/.local/lib/python3.12/site-packages/airflow/example_dags/example_skip_dag.py
[2024-06-16T20:29:59.461+0000] {processor.py:830} INFO - Processing file /home/airflow/.local/lib/python3.12/site-packages/airflow/example_dags/example_skip_dag.py for tasks to queue
[2024-06-16T20:29:59.465+0000] {logging_mixin.py:188} INFO - [2024-06-16T20:29:59.465+0000] {dagbag.py:545} INFO - Filling up the DagBag from /home/airflow/.local/lib/python3.12/site-packages/airflow/example_dags/example_skip_dag.py
[2024-06-16T20:29:59.477+0000] {processor.py:840} INFO - DAG(s) 'example_skip_dag' retrieved from /home/airflow/.local/lib/python3.12/site-packages/airflow/example_dags/example_skip_dag.py
[2024-06-16T20:29:59.500+0000] {logging_mixin.py:188} INFO - [2024-06-16T20:29:59.500+0000] {dag.py:3096} INFO - Sync 1 DAGs
[2024-06-16T20:29:59.525+0000] {logging_mixin.py:188} INFO - [2024-06-16T20:29:59.525+0000] {dag.py:3954} INFO - Setting next_dagrun for example_skip_dag to 2024-06-15 00:00:00+00:00, run_after=2024-06-16 00:00:00+00:00
[2024-06-16T20:29:59.548+0000] {processor.py:183} INFO - Processing /home/airflow/.local/lib/python3.12/site-packages/airflow/example_dags/example_skip_dag.py took 0.095 seconds
[2024-06-16T20:30:29.984+0000] {processor.py:161} INFO - Started process (PID=394) to work on /home/airflow/.local/lib/python3.12/site-packages/airflow/example_dags/example_skip_dag.py
[2024-06-16T20:30:29.986+0000] {processor.py:830} INFO - Processing file /home/airflow/.local/lib/python3.12/site-packages/airflow/example_dags/example_skip_dag.py for tasks to queue
[2024-06-16T20:30:29.989+0000] {logging_mixin.py:188} INFO - [2024-06-16T20:30:29.989+0000] {dagbag.py:545} INFO - Filling up the DagBag from /home/airflow/.local/lib/python3.12/site-packages/airflow/example_dags/example_skip_dag.py
[2024-06-16T20:30:29.998+0000] {processor.py:840} INFO - DAG(s) 'example_skip_dag' retrieved from /home/airflow/.local/lib/python3.12/site-packages/airflow/example_dags/example_skip_dag.py
[2024-06-16T20:30:30.026+0000] {logging_mixin.py:188} INFO - [2024-06-16T20:30:30.026+0000] {dag.py:3096} INFO - Sync 1 DAGs
[2024-06-16T20:30:30.054+0000] {logging_mixin.py:188} INFO - [2024-06-16T20:30:30.054+0000] {dag.py:3954} INFO - Setting next_dagrun for example_skip_dag to 2024-06-15 00:00:00+00:00, run_after=2024-06-16 00:00:00+00:00
[2024-06-16T20:30:30.082+0000] {processor.py:183} INFO - Processing /home/airflow/.local/lib/python3.12/site-packages/airflow/example_dags/example_skip_dag.py took 0.105 seconds
[2024-06-16T20:31:00.121+0000] {processor.py:161} INFO - Started process (PID=452) to work on /home/airflow/.local/lib/python3.12/site-packages/airflow/example_dags/example_skip_dag.py
[2024-06-16T20:31:00.122+0000] {processor.py:830} INFO - Processing file /home/airflow/.local/lib/python3.12/site-packages/airflow/example_dags/example_skip_dag.py for tasks to queue
[2024-06-16T20:31:00.124+0000] {logging_mixin.py:188} INFO - [2024-06-16T20:31:00.124+0000] {dagbag.py:545} INFO - Filling up the DagBag from /home/airflow/.local/lib/python3.12/site-packages/airflow/example_dags/example_skip_dag.py
[2024-06-16T20:31:00.130+0000] {processor.py:840} INFO - DAG(s) 'example_skip_dag' retrieved from /home/airflow/.local/lib/python3.12/site-packages/airflow/example_dags/example_skip_dag.py
[2024-06-16T20:31:00.151+0000] {logging_mixin.py:188} INFO - [2024-06-16T20:31:00.151+0000] {dag.py:3096} INFO - Sync 1 DAGs
[2024-06-16T20:31:00.175+0000] {logging_mixin.py:188} INFO - [2024-06-16T20:31:00.175+0000] {dag.py:3954} INFO - Setting next_dagrun for example_skip_dag to 2024-06-15 00:00:00+00:00, run_after=2024-06-16 00:00:00+00:00
[2024-06-16T20:31:00.198+0000] {processor.py:183} INFO - Processing /home/airflow/.local/lib/python3.12/site-packages/airflow/example_dags/example_skip_dag.py took 0.082 seconds
[2024-06-16T20:31:30.978+0000] {processor.py:161} INFO - Started process (PID=516) to work on /home/airflow/.local/lib/python3.12/site-packages/airflow/example_dags/example_skip_dag.py
[2024-06-16T20:31:30.979+0000] {processor.py:830} INFO - Processing file /home/airflow/.local/lib/python3.12/site-packages/airflow/example_dags/example_skip_dag.py for tasks to queue
[2024-06-16T20:31:30.981+0000] {logging_mixin.py:188} INFO - [2024-06-16T20:31:30.981+0000] {dagbag.py:545} INFO - Filling up the DagBag from /home/airflow/.local/lib/python3.12/site-packages/airflow/example_dags/example_skip_dag.py
[2024-06-16T20:31:30.988+0000] {processor.py:840} INFO - DAG(s) 'example_skip_dag' retrieved from /home/airflow/.local/lib/python3.12/site-packages/airflow/example_dags/example_skip_dag.py
[2024-06-16T20:31:31.010+0000] {logging_mixin.py:188} INFO - [2024-06-16T20:31:31.010+0000] {dag.py:3096} INFO - Sync 1 DAGs
[2024-06-16T20:31:31.033+0000] {logging_mixin.py:188} INFO - [2024-06-16T20:31:31.033+0000] {dag.py:3954} INFO - Setting next_dagrun for example_skip_dag to 2024-06-15 00:00:00+00:00, run_after=2024-06-16 00:00:00+00:00
[2024-06-16T20:31:31.052+0000] {processor.py:183} INFO - Processing /home/airflow/.local/lib/python3.12/site-packages/airflow/example_dags/example_skip_dag.py took 0.081 seconds
[2024-06-16T20:32:01.642+0000] {processor.py:161} INFO - Started process (PID=574) to work on /home/airflow/.local/lib/python3.12/site-packages/airflow/example_dags/example_skip_dag.py
[2024-06-16T20:32:01.643+0000] {processor.py:830} INFO - Processing file /home/airflow/.local/lib/python3.12/site-packages/airflow/example_dags/example_skip_dag.py for tasks to queue
[2024-06-16T20:32:01.645+0000] {logging_mixin.py:188} INFO - [2024-06-16T20:32:01.645+0000] {dagbag.py:545} INFO - Filling up the DagBag from /home/airflow/.local/lib/python3.12/site-packages/airflow/example_dags/example_skip_dag.py
[2024-06-16T20:32:01.652+0000] {processor.py:840} INFO - DAG(s) 'example_skip_dag' retrieved from /home/airflow/.local/lib/python3.12/site-packages/airflow/example_dags/example_skip_dag.py
[2024-06-16T20:32:01.675+0000] {logging_mixin.py:188} INFO - [2024-06-16T20:32:01.675+0000] {dag.py:3096} INFO - Sync 1 DAGs
[2024-06-16T20:32:01.697+0000] {logging_mixin.py:188} INFO - [2024-06-16T20:32:01.696+0000] {dag.py:3954} INFO - Setting next_dagrun for example_skip_dag to 2024-06-15 00:00:00+00:00, run_after=2024-06-16 00:00:00+00:00
[2024-06-16T20:32:01.717+0000] {processor.py:183} INFO - Processing /home/airflow/.local/lib/python3.12/site-packages/airflow/example_dags/example_skip_dag.py took 0.081 seconds
[2024-06-16T20:32:32.327+0000] {processor.py:161} INFO - Started process (PID=632) to work on /home/airflow/.local/lib/python3.12/site-packages/airflow/example_dags/example_skip_dag.py
[2024-06-16T20:32:32.329+0000] {processor.py:830} INFO - Processing file /home/airflow/.local/lib/python3.12/site-packages/airflow/example_dags/example_skip_dag.py for tasks to queue
[2024-06-16T20:32:32.332+0000] {logging_mixin.py:188} INFO - [2024-06-16T20:32:32.331+0000] {dagbag.py:545} INFO - Filling up the DagBag from /home/airflow/.local/lib/python3.12/site-packages/airflow/example_dags/example_skip_dag.py
[2024-06-16T20:32:32.340+0000] {processor.py:840} INFO - DAG(s) 'example_skip_dag' retrieved from /home/airflow/.local/lib/python3.12/site-packages/airflow/example_dags/example_skip_dag.py
[2024-06-16T20:32:32.370+0000] {logging_mixin.py:188} INFO - [2024-06-16T20:32:32.369+0000] {dag.py:3096} INFO - Sync 1 DAGs
[2024-06-16T20:32:32.392+0000] {logging_mixin.py:188} INFO - [2024-06-16T20:32:32.392+0000] {dag.py:3954} INFO - Setting next_dagrun for example_skip_dag to 2024-06-15 00:00:00+00:00, run_after=2024-06-16 00:00:00+00:00
[2024-06-16T20:32:32.414+0000] {processor.py:183} INFO - Processing /home/airflow/.local/lib/python3.12/site-packages/airflow/example_dags/example_skip_dag.py took 0.096 seconds
[2024-06-16T20:33:02.900+0000] {processor.py:161} INFO - Started process (PID=690) to work on /home/airflow/.local/lib/python3.12/site-packages/airflow/example_dags/example_skip_dag.py
[2024-06-16T20:33:02.902+0000] {processor.py:830} INFO - Processing file /home/airflow/.local/lib/python3.12/site-packages/airflow/example_dags/example_skip_dag.py for tasks to queue
[2024-06-16T20:33:02.904+0000] {logging_mixin.py:188} INFO - [2024-06-16T20:33:02.904+0000] {dagbag.py:545} INFO - Filling up the DagBag from /home/airflow/.local/lib/python3.12/site-packages/airflow/example_dags/example_skip_dag.py
[2024-06-16T20:33:02.911+0000] {processor.py:840} INFO - DAG(s) 'example_skip_dag' retrieved from /home/airflow/.local/lib/python3.12/site-packages/airflow/example_dags/example_skip_dag.py
[2024-06-16T20:33:02.934+0000] {logging_mixin.py:188} INFO - [2024-06-16T20:33:02.934+0000] {dag.py:3096} INFO - Sync 1 DAGs
[2024-06-16T20:33:02.958+0000] {logging_mixin.py:188} INFO - [2024-06-16T20:33:02.958+0000] {dag.py:3954} INFO - Setting next_dagrun for example_skip_dag to 2024-06-15 00:00:00+00:00, run_after=2024-06-16 00:00:00+00:00
[2024-06-16T20:33:02.979+0000] {processor.py:183} INFO - Processing /home/airflow/.local/lib/python3.12/site-packages/airflow/example_dags/example_skip_dag.py took 0.084 seconds
[2024-06-16T20:33:33.543+0000] {processor.py:161} INFO - Started process (PID=748) to work on /home/airflow/.local/lib/python3.12/site-packages/airflow/example_dags/example_skip_dag.py
[2024-06-16T20:33:33.544+0000] {processor.py:830} INFO - Processing file /home/airflow/.local/lib/python3.12/site-packages/airflow/example_dags/example_skip_dag.py for tasks to queue
[2024-06-16T20:33:33.546+0000] {logging_mixin.py:188} INFO - [2024-06-16T20:33:33.546+0000] {dagbag.py:545} INFO - Filling up the DagBag from /home/airflow/.local/lib/python3.12/site-packages/airflow/example_dags/example_skip_dag.py
[2024-06-16T20:33:33.553+0000] {processor.py:840} INFO - DAG(s) 'example_skip_dag' retrieved from /home/airflow/.local/lib/python3.12/site-packages/airflow/example_dags/example_skip_dag.py
[2024-06-16T20:33:33.576+0000] {logging_mixin.py:188} INFO - [2024-06-16T20:33:33.576+0000] {dag.py:3096} INFO - Sync 1 DAGs
[2024-06-16T20:33:33.598+0000] {logging_mixin.py:188} INFO - [2024-06-16T20:33:33.597+0000] {dag.py:3954} INFO - Setting next_dagrun for example_skip_dag to 2024-06-15 00:00:00+00:00, run_after=2024-06-16 00:00:00+00:00
[2024-06-16T20:33:33.619+0000] {processor.py:183} INFO - Processing /home/airflow/.local/lib/python3.12/site-packages/airflow/example_dags/example_skip_dag.py took 0.082 seconds
[2024-06-16T20:34:04.240+0000] {processor.py:161} INFO - Started process (PID=806) to work on /home/airflow/.local/lib/python3.12/site-packages/airflow/example_dags/example_skip_dag.py
[2024-06-16T20:34:04.242+0000] {processor.py:830} INFO - Processing file /home/airflow/.local/lib/python3.12/site-packages/airflow/example_dags/example_skip_dag.py for tasks to queue
[2024-06-16T20:34:04.245+0000] {logging_mixin.py:188} INFO - [2024-06-16T20:34:04.245+0000] {dagbag.py:545} INFO - Filling up the DagBag from /home/airflow/.local/lib/python3.12/site-packages/airflow/example_dags/example_skip_dag.py
[2024-06-16T20:34:04.252+0000] {processor.py:840} INFO - DAG(s) 'example_skip_dag' retrieved from /home/airflow/.local/lib/python3.12/site-packages/airflow/example_dags/example_skip_dag.py
[2024-06-16T20:34:04.275+0000] {logging_mixin.py:188} INFO - [2024-06-16T20:34:04.274+0000] {dag.py:3096} INFO - Sync 1 DAGs
[2024-06-16T20:34:04.300+0000] {logging_mixin.py:188} INFO - [2024-06-16T20:34:04.300+0000] {dag.py:3954} INFO - Setting next_dagrun for example_skip_dag to 2024-06-15 00:00:00+00:00, run_after=2024-06-16 00:00:00+00:00
[2024-06-16T20:34:04.327+0000] {processor.py:183} INFO - Processing /home/airflow/.local/lib/python3.12/site-packages/airflow/example_dags/example_skip_dag.py took 0.093 seconds
[2024-06-16T20:34:34.685+0000] {processor.py:161} INFO - Started process (PID=864) to work on /home/airflow/.local/lib/python3.12/site-packages/airflow/example_dags/example_skip_dag.py
[2024-06-16T20:34:34.686+0000] {processor.py:830} INFO - Processing file /home/airflow/.local/lib/python3.12/site-packages/airflow/example_dags/example_skip_dag.py for tasks to queue
[2024-06-16T20:34:34.688+0000] {logging_mixin.py:188} INFO - [2024-06-16T20:34:34.688+0000] {dagbag.py:545} INFO - Filling up the DagBag from /home/airflow/.local/lib/python3.12/site-packages/airflow/example_dags/example_skip_dag.py
[2024-06-16T20:34:34.695+0000] {processor.py:840} INFO - DAG(s) 'example_skip_dag' retrieved from /home/airflow/.local/lib/python3.12/site-packages/airflow/example_dags/example_skip_dag.py
[2024-06-16T20:34:34.718+0000] {logging_mixin.py:188} INFO - [2024-06-16T20:34:34.717+0000] {dag.py:3096} INFO - Sync 1 DAGs
[2024-06-16T20:34:34.739+0000] {logging_mixin.py:188} INFO - [2024-06-16T20:34:34.739+0000] {dag.py:3954} INFO - Setting next_dagrun for example_skip_dag to 2024-06-15 00:00:00+00:00, run_after=2024-06-16 00:00:00+00:00
[2024-06-16T20:34:34.760+0000] {processor.py:183} INFO - Processing /home/airflow/.local/lib/python3.12/site-packages/airflow/example_dags/example_skip_dag.py took 0.085 seconds
[2024-06-16T20:35:05.591+0000] {processor.py:161} INFO - Started process (PID=922) to work on /home/airflow/.local/lib/python3.12/site-packages/airflow/example_dags/example_skip_dag.py
[2024-06-16T20:35:05.596+0000] {processor.py:830} INFO - Processing file /home/airflow/.local/lib/python3.12/site-packages/airflow/example_dags/example_skip_dag.py for tasks to queue
[2024-06-16T20:35:05.598+0000] {logging_mixin.py:188} INFO - [2024-06-16T20:35:05.598+0000] {dagbag.py:545} INFO - Filling up the DagBag from /home/airflow/.local/lib/python3.12/site-packages/airflow/example_dags/example_skip_dag.py
[2024-06-16T20:35:05.605+0000] {processor.py:840} INFO - DAG(s) 'example_skip_dag' retrieved from /home/airflow/.local/lib/python3.12/site-packages/airflow/example_dags/example_skip_dag.py
[2024-06-16T20:35:05.628+0000] {logging_mixin.py:188} INFO - [2024-06-16T20:35:05.628+0000] {dag.py:3096} INFO - Sync 1 DAGs
[2024-06-16T20:35:05.649+0000] {logging_mixin.py:188} INFO - [2024-06-16T20:35:05.648+0000] {dag.py:3954} INFO - Setting next_dagrun for example_skip_dag to 2024-06-15 00:00:00+00:00, run_after=2024-06-16 00:00:00+00:00
[2024-06-16T20:35:05.669+0000] {processor.py:183} INFO - Processing /home/airflow/.local/lib/python3.12/site-packages/airflow/example_dags/example_skip_dag.py took 0.084 seconds
[2024-06-16T20:35:35.936+0000] {processor.py:161} INFO - Started process (PID=980) to work on /home/airflow/.local/lib/python3.12/site-packages/airflow/example_dags/example_skip_dag.py
[2024-06-16T20:35:35.937+0000] {processor.py:830} INFO - Processing file /home/airflow/.local/lib/python3.12/site-packages/airflow/example_dags/example_skip_dag.py for tasks to queue
[2024-06-16T20:35:35.938+0000] {logging_mixin.py:188} INFO - [2024-06-16T20:35:35.938+0000] {dagbag.py:545} INFO - Filling up the DagBag from /home/airflow/.local/lib/python3.12/site-packages/airflow/example_dags/example_skip_dag.py
[2024-06-16T20:35:35.945+0000] {processor.py:840} INFO - DAG(s) 'example_skip_dag' retrieved from /home/airflow/.local/lib/python3.12/site-packages/airflow/example_dags/example_skip_dag.py
[2024-06-16T20:35:35.967+0000] {logging_mixin.py:188} INFO - [2024-06-16T20:35:35.966+0000] {dag.py:3096} INFO - Sync 1 DAGs
[2024-06-16T20:35:35.988+0000] {logging_mixin.py:188} INFO - [2024-06-16T20:35:35.988+0000] {dag.py:3954} INFO - Setting next_dagrun for example_skip_dag to 2024-06-15 00:00:00+00:00, run_after=2024-06-16 00:00:00+00:00
[2024-06-16T20:35:36.008+0000] {processor.py:183} INFO - Processing /home/airflow/.local/lib/python3.12/site-packages/airflow/example_dags/example_skip_dag.py took 0.078 seconds
[2024-06-16T20:36:06.131+0000] {processor.py:161} INFO - Started process (PID=1038) to work on /home/airflow/.local/lib/python3.12/site-packages/airflow/example_dags/example_skip_dag.py
[2024-06-16T20:36:06.133+0000] {processor.py:830} INFO - Processing file /home/airflow/.local/lib/python3.12/site-packages/airflow/example_dags/example_skip_dag.py for tasks to queue
[2024-06-16T20:36:06.135+0000] {logging_mixin.py:188} INFO - [2024-06-16T20:36:06.134+0000] {dagbag.py:545} INFO - Filling up the DagBag from /home/airflow/.local/lib/python3.12/site-packages/airflow/example_dags/example_skip_dag.py
[2024-06-16T20:36:06.145+0000] {processor.py:840} INFO - DAG(s) 'example_skip_dag' retrieved from /home/airflow/.local/lib/python3.12/site-packages/airflow/example_dags/example_skip_dag.py
[2024-06-16T20:36:06.168+0000] {logging_mixin.py:188} INFO - [2024-06-16T20:36:06.168+0000] {dag.py:3096} INFO - Sync 1 DAGs
[2024-06-16T20:36:06.190+0000] {logging_mixin.py:188} INFO - [2024-06-16T20:36:06.190+0000] {dag.py:3954} INFO - Setting next_dagrun for example_skip_dag to 2024-06-15 00:00:00+00:00, run_after=2024-06-16 00:00:00+00:00
[2024-06-16T20:36:06.215+0000] {processor.py:183} INFO - Processing /home/airflow/.local/lib/python3.12/site-packages/airflow/example_dags/example_skip_dag.py took 0.092 seconds
[2024-06-16T20:36:36.529+0000] {processor.py:161} INFO - Started process (PID=1096) to work on /home/airflow/.local/lib/python3.12/site-packages/airflow/example_dags/example_skip_dag.py
[2024-06-16T20:36:36.530+0000] {processor.py:830} INFO - Processing file /home/airflow/.local/lib/python3.12/site-packages/airflow/example_dags/example_skip_dag.py for tasks to queue
[2024-06-16T20:36:36.532+0000] {logging_mixin.py:188} INFO - [2024-06-16T20:36:36.532+0000] {dagbag.py:545} INFO - Filling up the DagBag from /home/airflow/.local/lib/python3.12/site-packages/airflow/example_dags/example_skip_dag.py
[2024-06-16T20:36:36.538+0000] {processor.py:840} INFO - DAG(s) 'example_skip_dag' retrieved from /home/airflow/.local/lib/python3.12/site-packages/airflow/example_dags/example_skip_dag.py
[2024-06-16T20:36:36.560+0000] {logging_mixin.py:188} INFO - [2024-06-16T20:36:36.560+0000] {dag.py:3096} INFO - Sync 1 DAGs
[2024-06-16T20:36:36.581+0000] {logging_mixin.py:188} INFO - [2024-06-16T20:36:36.581+0000] {dag.py:3954} INFO - Setting next_dagrun for example_skip_dag to 2024-06-15 00:00:00+00:00, run_after=2024-06-16 00:00:00+00:00
[2024-06-16T20:36:36.600+0000] {processor.py:183} INFO - Processing /home/airflow/.local/lib/python3.12/site-packages/airflow/example_dags/example_skip_dag.py took 0.076 seconds
[2024-06-16T20:37:06.908+0000] {processor.py:161} INFO - Started process (PID=1154) to work on /home/airflow/.local/lib/python3.12/site-packages/airflow/example_dags/example_skip_dag.py
[2024-06-16T20:37:06.909+0000] {processor.py:830} INFO - Processing file /home/airflow/.local/lib/python3.12/site-packages/airflow/example_dags/example_skip_dag.py for tasks to queue
[2024-06-16T20:37:06.911+0000] {logging_mixin.py:188} INFO - [2024-06-16T20:37:06.910+0000] {dagbag.py:545} INFO - Filling up the DagBag from /home/airflow/.local/lib/python3.12/site-packages/airflow/example_dags/example_skip_dag.py
[2024-06-16T20:37:06.917+0000] {processor.py:840} INFO - DAG(s) 'example_skip_dag' retrieved from /home/airflow/.local/lib/python3.12/site-packages/airflow/example_dags/example_skip_dag.py
[2024-06-16T20:37:06.938+0000] {logging_mixin.py:188} INFO - [2024-06-16T20:37:06.938+0000] {dag.py:3096} INFO - Sync 1 DAGs
[2024-06-16T20:37:06.961+0000] {logging_mixin.py:188} INFO - [2024-06-16T20:37:06.961+0000] {dag.py:3954} INFO - Setting next_dagrun for example_skip_dag to 2024-06-15 00:00:00+00:00, run_after=2024-06-16 00:00:00+00:00
[2024-06-16T20:37:06.989+0000] {processor.py:183} INFO - Processing /home/airflow/.local/lib/python3.12/site-packages/airflow/example_dags/example_skip_dag.py took 0.086 seconds
[2024-06-16T20:37:37.782+0000] {processor.py:161} INFO - Started process (PID=1212) to work on /home/airflow/.local/lib/python3.12/site-packages/airflow/example_dags/example_skip_dag.py
[2024-06-16T20:37:37.785+0000] {processor.py:830} INFO - Processing file /home/airflow/.local/lib/python3.12/site-packages/airflow/example_dags/example_skip_dag.py for tasks to queue
[2024-06-16T20:37:37.787+0000] {logging_mixin.py:188} INFO - [2024-06-16T20:37:37.786+0000] {dagbag.py:545} INFO - Filling up the DagBag from /home/airflow/.local/lib/python3.12/site-packages/airflow/example_dags/example_skip_dag.py
[2024-06-16T20:37:37.795+0000] {processor.py:840} INFO - DAG(s) 'example_skip_dag' retrieved from /home/airflow/.local/lib/python3.12/site-packages/airflow/example_dags/example_skip_dag.py
[2024-06-16T20:37:37.820+0000] {logging_mixin.py:188} INFO - [2024-06-16T20:37:37.820+0000] {dag.py:3096} INFO - Sync 1 DAGs
[2024-06-16T20:37:37.853+0000] {logging_mixin.py:188} INFO - [2024-06-16T20:37:37.852+0000] {dag.py:3954} INFO - Setting next_dagrun for example_skip_dag to 2024-06-15 00:00:00+00:00, run_after=2024-06-16 00:00:00+00:00
[2024-06-16T20:37:37.875+0000] {processor.py:183} INFO - Processing /home/airflow/.local/lib/python3.12/site-packages/airflow/example_dags/example_skip_dag.py took 0.099 seconds
[2024-06-16T20:38:07.927+0000] {processor.py:161} INFO - Started process (PID=1269) to work on /home/airflow/.local/lib/python3.12/site-packages/airflow/example_dags/example_skip_dag.py
[2024-06-16T20:38:07.938+0000] {processor.py:830} INFO - Processing file /home/airflow/.local/lib/python3.12/site-packages/airflow/example_dags/example_skip_dag.py for tasks to queue
[2024-06-16T20:38:07.940+0000] {logging_mixin.py:188} INFO - [2024-06-16T20:38:07.940+0000] {dagbag.py:545} INFO - Filling up the DagBag from /home/airflow/.local/lib/python3.12/site-packages/airflow/example_dags/example_skip_dag.py
[2024-06-16T20:38:07.947+0000] {processor.py:840} INFO - DAG(s) 'example_skip_dag' retrieved from /home/airflow/.local/lib/python3.12/site-packages/airflow/example_dags/example_skip_dag.py
[2024-06-16T20:38:07.969+0000] {logging_mixin.py:188} INFO - [2024-06-16T20:38:07.968+0000] {dag.py:3096} INFO - Sync 1 DAGs
[2024-06-16T20:38:07.990+0000] {logging_mixin.py:188} INFO - [2024-06-16T20:38:07.990+0000] {dag.py:3954} INFO - Setting next_dagrun for example_skip_dag to 2024-06-15 00:00:00+00:00, run_after=2024-06-16 00:00:00+00:00
[2024-06-16T20:38:08.011+0000] {processor.py:183} INFO - Processing /home/airflow/.local/lib/python3.12/site-packages/airflow/example_dags/example_skip_dag.py took 0.090 seconds
[2024-06-16T20:38:38.641+0000] {processor.py:161} INFO - Started process (PID=1327) to work on /home/airflow/.local/lib/python3.12/site-packages/airflow/example_dags/example_skip_dag.py
[2024-06-16T20:38:38.642+0000] {processor.py:830} INFO - Processing file /home/airflow/.local/lib/python3.12/site-packages/airflow/example_dags/example_skip_dag.py for tasks to queue
[2024-06-16T20:38:38.644+0000] {logging_mixin.py:188} INFO - [2024-06-16T20:38:38.643+0000] {dagbag.py:545} INFO - Filling up the DagBag from /home/airflow/.local/lib/python3.12/site-packages/airflow/example_dags/example_skip_dag.py
[2024-06-16T20:38:38.650+0000] {processor.py:840} INFO - DAG(s) 'example_skip_dag' retrieved from /home/airflow/.local/lib/python3.12/site-packages/airflow/example_dags/example_skip_dag.py
[2024-06-16T20:38:38.674+0000] {logging_mixin.py:188} INFO - [2024-06-16T20:38:38.674+0000] {dag.py:3096} INFO - Sync 1 DAGs
[2024-06-16T20:38:38.697+0000] {logging_mixin.py:188} INFO - [2024-06-16T20:38:38.697+0000] {dag.py:3954} INFO - Setting next_dagrun for example_skip_dag to 2024-06-15 00:00:00+00:00, run_after=2024-06-16 00:00:00+00:00
[2024-06-16T20:38:38.717+0000] {processor.py:183} INFO - Processing /home/airflow/.local/lib/python3.12/site-packages/airflow/example_dags/example_skip_dag.py took 0.083 seconds
[2024-06-16T20:39:09.235+0000] {processor.py:161} INFO - Started process (PID=1385) to work on /home/airflow/.local/lib/python3.12/site-packages/airflow/example_dags/example_skip_dag.py
[2024-06-16T20:39:09.237+0000] {processor.py:830} INFO - Processing file /home/airflow/.local/lib/python3.12/site-packages/airflow/example_dags/example_skip_dag.py for tasks to queue
[2024-06-16T20:39:09.238+0000] {logging_mixin.py:188} INFO - [2024-06-16T20:39:09.238+0000] {dagbag.py:545} INFO - Filling up the DagBag from /home/airflow/.local/lib/python3.12/site-packages/airflow/example_dags/example_skip_dag.py
[2024-06-16T20:39:09.244+0000] {processor.py:840} INFO - DAG(s) 'example_skip_dag' retrieved from /home/airflow/.local/lib/python3.12/site-packages/airflow/example_dags/example_skip_dag.py
[2024-06-16T20:39:09.265+0000] {logging_mixin.py:188} INFO - [2024-06-16T20:39:09.265+0000] {dag.py:3096} INFO - Sync 1 DAGs
[2024-06-16T20:39:09.286+0000] {logging_mixin.py:188} INFO - [2024-06-16T20:39:09.286+0000] {dag.py:3954} INFO - Setting next_dagrun for example_skip_dag to 2024-06-15 00:00:00+00:00, run_after=2024-06-16 00:00:00+00:00
[2024-06-16T20:39:09.305+0000] {processor.py:183} INFO - Processing /home/airflow/.local/lib/python3.12/site-packages/airflow/example_dags/example_skip_dag.py took 0.076 seconds
[2024-06-16T20:39:39.733+0000] {processor.py:161} INFO - Started process (PID=1443) to work on /home/airflow/.local/lib/python3.12/site-packages/airflow/example_dags/example_skip_dag.py
[2024-06-16T20:39:39.735+0000] {processor.py:830} INFO - Processing file /home/airflow/.local/lib/python3.12/site-packages/airflow/example_dags/example_skip_dag.py for tasks to queue
[2024-06-16T20:39:39.737+0000] {logging_mixin.py:188} INFO - [2024-06-16T20:39:39.736+0000] {dagbag.py:545} INFO - Filling up the DagBag from /home/airflow/.local/lib/python3.12/site-packages/airflow/example_dags/example_skip_dag.py
[2024-06-16T20:39:39.743+0000] {processor.py:840} INFO - DAG(s) 'example_skip_dag' retrieved from /home/airflow/.local/lib/python3.12/site-packages/airflow/example_dags/example_skip_dag.py
[2024-06-16T20:39:39.765+0000] {logging_mixin.py:188} INFO - [2024-06-16T20:39:39.765+0000] {dag.py:3096} INFO - Sync 1 DAGs
[2024-06-16T20:39:39.787+0000] {logging_mixin.py:188} INFO - [2024-06-16T20:39:39.786+0000] {dag.py:3954} INFO - Setting next_dagrun for example_skip_dag to 2024-06-15 00:00:00+00:00, run_after=2024-06-16 00:00:00+00:00
[2024-06-16T20:39:39.807+0000] {processor.py:183} INFO - Processing /home/airflow/.local/lib/python3.12/site-packages/airflow/example_dags/example_skip_dag.py took 0.079 seconds
[2024-06-16T20:40:10.381+0000] {processor.py:161} INFO - Started process (PID=1501) to work on /home/airflow/.local/lib/python3.12/site-packages/airflow/example_dags/example_skip_dag.py
[2024-06-16T20:40:10.382+0000] {processor.py:830} INFO - Processing file /home/airflow/.local/lib/python3.12/site-packages/airflow/example_dags/example_skip_dag.py for tasks to queue
[2024-06-16T20:40:10.385+0000] {logging_mixin.py:188} INFO - [2024-06-16T20:40:10.384+0000] {dagbag.py:545} INFO - Filling up the DagBag from /home/airflow/.local/lib/python3.12/site-packages/airflow/example_dags/example_skip_dag.py
[2024-06-16T20:40:10.394+0000] {processor.py:840} INFO - DAG(s) 'example_skip_dag' retrieved from /home/airflow/.local/lib/python3.12/site-packages/airflow/example_dags/example_skip_dag.py
[2024-06-16T20:40:10.420+0000] {logging_mixin.py:188} INFO - [2024-06-16T20:40:10.419+0000] {dag.py:3096} INFO - Sync 1 DAGs
[2024-06-16T20:40:10.445+0000] {logging_mixin.py:188} INFO - [2024-06-16T20:40:10.445+0000] {dag.py:3954} INFO - Setting next_dagrun for example_skip_dag to 2024-06-15 00:00:00+00:00, run_after=2024-06-16 00:00:00+00:00
[2024-06-16T20:40:10.469+0000] {processor.py:183} INFO - Processing /home/airflow/.local/lib/python3.12/site-packages/airflow/example_dags/example_skip_dag.py took 0.095 seconds
[2024-06-16T20:40:40.924+0000] {processor.py:161} INFO - Started process (PID=1559) to work on /home/airflow/.local/lib/python3.12/site-packages/airflow/example_dags/example_skip_dag.py
[2024-06-16T20:40:40.925+0000] {processor.py:830} INFO - Processing file /home/airflow/.local/lib/python3.12/site-packages/airflow/example_dags/example_skip_dag.py for tasks to queue
[2024-06-16T20:40:40.927+0000] {logging_mixin.py:188} INFO - [2024-06-16T20:40:40.927+0000] {dagbag.py:545} INFO - Filling up the DagBag from /home/airflow/.local/lib/python3.12/site-packages/airflow/example_dags/example_skip_dag.py
[2024-06-16T20:40:40.934+0000] {processor.py:840} INFO - DAG(s) 'example_skip_dag' retrieved from /home/airflow/.local/lib/python3.12/site-packages/airflow/example_dags/example_skip_dag.py
[2024-06-16T20:40:40.957+0000] {logging_mixin.py:188} INFO - [2024-06-16T20:40:40.957+0000] {dag.py:3096} INFO - Sync 1 DAGs
[2024-06-16T20:40:40.978+0000] {logging_mixin.py:188} INFO - [2024-06-16T20:40:40.978+0000] {dag.py:3954} INFO - Setting next_dagrun for example_skip_dag to 2024-06-15 00:00:00+00:00, run_after=2024-06-16 00:00:00+00:00
[2024-06-16T20:40:40.997+0000] {processor.py:183} INFO - Processing /home/airflow/.local/lib/python3.12/site-packages/airflow/example_dags/example_skip_dag.py took 0.080 seconds
[2024-06-16T20:41:11.482+0000] {processor.py:161} INFO - Started process (PID=1617) to work on /home/airflow/.local/lib/python3.12/site-packages/airflow/example_dags/example_skip_dag.py
[2024-06-16T20:41:11.483+0000] {processor.py:830} INFO - Processing file /home/airflow/.local/lib/python3.12/site-packages/airflow/example_dags/example_skip_dag.py for tasks to queue
[2024-06-16T20:41:11.485+0000] {logging_mixin.py:188} INFO - [2024-06-16T20:41:11.485+0000] {dagbag.py:545} INFO - Filling up the DagBag from /home/airflow/.local/lib/python3.12/site-packages/airflow/example_dags/example_skip_dag.py
[2024-06-16T20:41:11.491+0000] {processor.py:840} INFO - DAG(s) 'example_skip_dag' retrieved from /home/airflow/.local/lib/python3.12/site-packages/airflow/example_dags/example_skip_dag.py
[2024-06-16T20:41:11.514+0000] {logging_mixin.py:188} INFO - [2024-06-16T20:41:11.514+0000] {dag.py:3096} INFO - Sync 1 DAGs
[2024-06-16T20:41:11.539+0000] {logging_mixin.py:188} INFO - [2024-06-16T20:41:11.538+0000] {dag.py:3954} INFO - Setting next_dagrun for example_skip_dag to 2024-06-15 00:00:00+00:00, run_after=2024-06-16 00:00:00+00:00
[2024-06-16T20:41:11.559+0000] {processor.py:183} INFO - Processing /home/airflow/.local/lib/python3.12/site-packages/airflow/example_dags/example_skip_dag.py took 0.083 seconds
[2024-06-16T20:41:42.139+0000] {processor.py:161} INFO - Started process (PID=1675) to work on /home/airflow/.local/lib/python3.12/site-packages/airflow/example_dags/example_skip_dag.py
[2024-06-16T20:41:42.141+0000] {processor.py:830} INFO - Processing file /home/airflow/.local/lib/python3.12/site-packages/airflow/example_dags/example_skip_dag.py for tasks to queue
[2024-06-16T20:41:42.143+0000] {logging_mixin.py:188} INFO - [2024-06-16T20:41:42.142+0000] {dagbag.py:545} INFO - Filling up the DagBag from /home/airflow/.local/lib/python3.12/site-packages/airflow/example_dags/example_skip_dag.py
[2024-06-16T20:41:42.149+0000] {processor.py:840} INFO - DAG(s) 'example_skip_dag' retrieved from /home/airflow/.local/lib/python3.12/site-packages/airflow/example_dags/example_skip_dag.py
[2024-06-16T20:41:42.172+0000] {logging_mixin.py:188} INFO - [2024-06-16T20:41:42.172+0000] {dag.py:3096} INFO - Sync 1 DAGs
[2024-06-16T20:41:42.194+0000] {logging_mixin.py:188} INFO - [2024-06-16T20:41:42.194+0000] {dag.py:3954} INFO - Setting next_dagrun for example_skip_dag to 2024-06-15 00:00:00+00:00, run_after=2024-06-16 00:00:00+00:00
[2024-06-16T20:41:42.214+0000] {processor.py:183} INFO - Processing /home/airflow/.local/lib/python3.12/site-packages/airflow/example_dags/example_skip_dag.py took 0.082 seconds
[2024-06-16T20:42:12.502+0000] {processor.py:161} INFO - Started process (PID=1733) to work on /home/airflow/.local/lib/python3.12/site-packages/airflow/example_dags/example_skip_dag.py
[2024-06-16T20:42:12.504+0000] {processor.py:830} INFO - Processing file /home/airflow/.local/lib/python3.12/site-packages/airflow/example_dags/example_skip_dag.py for tasks to queue
[2024-06-16T20:42:12.506+0000] {logging_mixin.py:188} INFO - [2024-06-16T20:42:12.506+0000] {dagbag.py:545} INFO - Filling up the DagBag from /home/airflow/.local/lib/python3.12/site-packages/airflow/example_dags/example_skip_dag.py
[2024-06-16T20:42:12.513+0000] {processor.py:840} INFO - DAG(s) 'example_skip_dag' retrieved from /home/airflow/.local/lib/python3.12/site-packages/airflow/example_dags/example_skip_dag.py
[2024-06-16T20:42:12.534+0000] {logging_mixin.py:188} INFO - [2024-06-16T20:42:12.534+0000] {dag.py:3096} INFO - Sync 1 DAGs
[2024-06-16T20:42:12.556+0000] {logging_mixin.py:188} INFO - [2024-06-16T20:42:12.556+0000] {dag.py:3954} INFO - Setting next_dagrun for example_skip_dag to 2024-06-15 00:00:00+00:00, run_after=2024-06-16 00:00:00+00:00
[2024-06-16T20:42:12.575+0000] {processor.py:183} INFO - Processing /home/airflow/.local/lib/python3.12/site-packages/airflow/example_dags/example_skip_dag.py took 0.083 seconds
[2024-06-16T20:42:42.634+0000] {processor.py:161} INFO - Started process (PID=1791) to work on /home/airflow/.local/lib/python3.12/site-packages/airflow/example_dags/example_skip_dag.py
[2024-06-16T20:42:42.635+0000] {processor.py:830} INFO - Processing file /home/airflow/.local/lib/python3.12/site-packages/airflow/example_dags/example_skip_dag.py for tasks to queue
[2024-06-16T20:42:42.637+0000] {logging_mixin.py:188} INFO - [2024-06-16T20:42:42.636+0000] {dagbag.py:545} INFO - Filling up the DagBag from /home/airflow/.local/lib/python3.12/site-packages/airflow/example_dags/example_skip_dag.py
[2024-06-16T20:42:42.643+0000] {processor.py:840} INFO - DAG(s) 'example_skip_dag' retrieved from /home/airflow/.local/lib/python3.12/site-packages/airflow/example_dags/example_skip_dag.py
[2024-06-16T20:42:42.666+0000] {logging_mixin.py:188} INFO - [2024-06-16T20:42:42.666+0000] {dag.py:3096} INFO - Sync 1 DAGs
[2024-06-16T20:42:42.688+0000] {logging_mixin.py:188} INFO - [2024-06-16T20:42:42.688+0000] {dag.py:3954} INFO - Setting next_dagrun for example_skip_dag to 2024-06-15 00:00:00+00:00, run_after=2024-06-16 00:00:00+00:00
[2024-06-16T20:42:42.860+0000] {processor.py:183} INFO - Processing /home/airflow/.local/lib/python3.12/site-packages/airflow/example_dags/example_skip_dag.py took 0.232 seconds
[2024-06-16T20:43:13.496+0000] {processor.py:161} INFO - Started process (PID=1849) to work on /home/airflow/.local/lib/python3.12/site-packages/airflow/example_dags/example_skip_dag.py
[2024-06-16T20:43:13.498+0000] {processor.py:830} INFO - Processing file /home/airflow/.local/lib/python3.12/site-packages/airflow/example_dags/example_skip_dag.py for tasks to queue
[2024-06-16T20:43:13.500+0000] {logging_mixin.py:188} INFO - [2024-06-16T20:43:13.500+0000] {dagbag.py:545} INFO - Filling up the DagBag from /home/airflow/.local/lib/python3.12/site-packages/airflow/example_dags/example_skip_dag.py
[2024-06-16T20:43:13.508+0000] {processor.py:840} INFO - DAG(s) 'example_skip_dag' retrieved from /home/airflow/.local/lib/python3.12/site-packages/airflow/example_dags/example_skip_dag.py
[2024-06-16T20:43:13.530+0000] {logging_mixin.py:188} INFO - [2024-06-16T20:43:13.530+0000] {dag.py:3096} INFO - Sync 1 DAGs
[2024-06-16T20:43:13.557+0000] {logging_mixin.py:188} INFO - [2024-06-16T20:43:13.557+0000] {dag.py:3954} INFO - Setting next_dagrun for example_skip_dag to 2024-06-15 00:00:00+00:00, run_after=2024-06-16 00:00:00+00:00
[2024-06-16T20:43:13.585+0000] {processor.py:183} INFO - Processing /home/airflow/.local/lib/python3.12/site-packages/airflow/example_dags/example_skip_dag.py took 0.099 seconds
[2024-06-16T20:43:43.734+0000] {processor.py:161} INFO - Started process (PID=1907) to work on /home/airflow/.local/lib/python3.12/site-packages/airflow/example_dags/example_skip_dag.py
[2024-06-16T20:43:43.735+0000] {processor.py:830} INFO - Processing file /home/airflow/.local/lib/python3.12/site-packages/airflow/example_dags/example_skip_dag.py for tasks to queue
[2024-06-16T20:43:43.737+0000] {logging_mixin.py:188} INFO - [2024-06-16T20:43:43.737+0000] {dagbag.py:545} INFO - Filling up the DagBag from /home/airflow/.local/lib/python3.12/site-packages/airflow/example_dags/example_skip_dag.py
[2024-06-16T20:43:43.746+0000] {processor.py:840} INFO - DAG(s) 'example_skip_dag' retrieved from /home/airflow/.local/lib/python3.12/site-packages/airflow/example_dags/example_skip_dag.py
[2024-06-16T20:43:43.769+0000] {logging_mixin.py:188} INFO - [2024-06-16T20:43:43.769+0000] {dag.py:3096} INFO - Sync 1 DAGs
[2024-06-16T20:43:43.795+0000] {logging_mixin.py:188} INFO - [2024-06-16T20:43:43.795+0000] {dag.py:3954} INFO - Setting next_dagrun for example_skip_dag to 2024-06-15 00:00:00+00:00, run_after=2024-06-16 00:00:00+00:00
[2024-06-16T20:43:43.818+0000] {processor.py:183} INFO - Processing /home/airflow/.local/lib/python3.12/site-packages/airflow/example_dags/example_skip_dag.py took 0.091 seconds
[2024-06-16T20:44:14.456+0000] {processor.py:161} INFO - Started process (PID=1965) to work on /home/airflow/.local/lib/python3.12/site-packages/airflow/example_dags/example_skip_dag.py
[2024-06-16T20:44:14.457+0000] {processor.py:830} INFO - Processing file /home/airflow/.local/lib/python3.12/site-packages/airflow/example_dags/example_skip_dag.py for tasks to queue
[2024-06-16T20:44:14.460+0000] {logging_mixin.py:188} INFO - [2024-06-16T20:44:14.459+0000] {dagbag.py:545} INFO - Filling up the DagBag from /home/airflow/.local/lib/python3.12/site-packages/airflow/example_dags/example_skip_dag.py
[2024-06-16T20:44:14.467+0000] {processor.py:840} INFO - DAG(s) 'example_skip_dag' retrieved from /home/airflow/.local/lib/python3.12/site-packages/airflow/example_dags/example_skip_dag.py
[2024-06-16T20:44:14.489+0000] {logging_mixin.py:188} INFO - [2024-06-16T20:44:14.489+0000] {dag.py:3096} INFO - Sync 1 DAGs
[2024-06-16T20:44:14.513+0000] {logging_mixin.py:188} INFO - [2024-06-16T20:44:14.513+0000] {dag.py:3954} INFO - Setting next_dagrun for example_skip_dag to 2024-06-15 00:00:00+00:00, run_after=2024-06-16 00:00:00+00:00
[2024-06-16T20:44:14.531+0000] {processor.py:183} INFO - Processing /home/airflow/.local/lib/python3.12/site-packages/airflow/example_dags/example_skip_dag.py took 0.085 seconds
[2024-06-16T20:44:45.300+0000] {processor.py:161} INFO - Started process (PID=2023) to work on /home/airflow/.local/lib/python3.12/site-packages/airflow/example_dags/example_skip_dag.py
[2024-06-16T20:44:45.301+0000] {processor.py:830} INFO - Processing file /home/airflow/.local/lib/python3.12/site-packages/airflow/example_dags/example_skip_dag.py for tasks to queue
[2024-06-16T20:44:45.303+0000] {logging_mixin.py:188} INFO - [2024-06-16T20:44:45.302+0000] {dagbag.py:545} INFO - Filling up the DagBag from /home/airflow/.local/lib/python3.12/site-packages/airflow/example_dags/example_skip_dag.py
[2024-06-16T20:44:45.309+0000] {processor.py:840} INFO - DAG(s) 'example_skip_dag' retrieved from /home/airflow/.local/lib/python3.12/site-packages/airflow/example_dags/example_skip_dag.py
[2024-06-16T20:44:45.331+0000] {logging_mixin.py:188} INFO - [2024-06-16T20:44:45.331+0000] {dag.py:3096} INFO - Sync 1 DAGs
[2024-06-16T20:44:45.352+0000] {logging_mixin.py:188} INFO - [2024-06-16T20:44:45.351+0000] {dag.py:3954} INFO - Setting next_dagrun for example_skip_dag to 2024-06-15 00:00:00+00:00, run_after=2024-06-16 00:00:00+00:00
[2024-06-16T20:44:45.371+0000] {processor.py:183} INFO - Processing /home/airflow/.local/lib/python3.12/site-packages/airflow/example_dags/example_skip_dag.py took 0.078 seconds
[2024-06-16T20:45:15.913+0000] {processor.py:161} INFO - Started process (PID=2081) to work on /home/airflow/.local/lib/python3.12/site-packages/airflow/example_dags/example_skip_dag.py
[2024-06-16T20:45:15.917+0000] {processor.py:830} INFO - Processing file /home/airflow/.local/lib/python3.12/site-packages/airflow/example_dags/example_skip_dag.py for tasks to queue
[2024-06-16T20:45:15.919+0000] {logging_mixin.py:188} INFO - [2024-06-16T20:45:15.919+0000] {dagbag.py:545} INFO - Filling up the DagBag from /home/airflow/.local/lib/python3.12/site-packages/airflow/example_dags/example_skip_dag.py
[2024-06-16T20:45:15.926+0000] {processor.py:840} INFO - DAG(s) 'example_skip_dag' retrieved from /home/airflow/.local/lib/python3.12/site-packages/airflow/example_dags/example_skip_dag.py
[2024-06-16T20:45:15.949+0000] {logging_mixin.py:188} INFO - [2024-06-16T20:45:15.949+0000] {dag.py:3096} INFO - Sync 1 DAGs
[2024-06-16T20:45:15.970+0000] {logging_mixin.py:188} INFO - [2024-06-16T20:45:15.969+0000] {dag.py:3954} INFO - Setting next_dagrun for example_skip_dag to 2024-06-15 00:00:00+00:00, run_after=2024-06-16 00:00:00+00:00
[2024-06-16T20:45:15.989+0000] {processor.py:183} INFO - Processing /home/airflow/.local/lib/python3.12/site-packages/airflow/example_dags/example_skip_dag.py took 0.086 seconds
[2024-06-16T20:45:46.418+0000] {processor.py:161} INFO - Started process (PID=2139) to work on /home/airflow/.local/lib/python3.12/site-packages/airflow/example_dags/example_skip_dag.py
[2024-06-16T20:45:46.419+0000] {processor.py:830} INFO - Processing file /home/airflow/.local/lib/python3.12/site-packages/airflow/example_dags/example_skip_dag.py for tasks to queue
[2024-06-16T20:45:46.421+0000] {logging_mixin.py:188} INFO - [2024-06-16T20:45:46.421+0000] {dagbag.py:545} INFO - Filling up the DagBag from /home/airflow/.local/lib/python3.12/site-packages/airflow/example_dags/example_skip_dag.py
[2024-06-16T20:45:46.427+0000] {processor.py:840} INFO - DAG(s) 'example_skip_dag' retrieved from /home/airflow/.local/lib/python3.12/site-packages/airflow/example_dags/example_skip_dag.py
[2024-06-16T20:45:46.451+0000] {logging_mixin.py:188} INFO - [2024-06-16T20:45:46.451+0000] {dag.py:3096} INFO - Sync 1 DAGs
[2024-06-16T20:45:46.472+0000] {logging_mixin.py:188} INFO - [2024-06-16T20:45:46.472+0000] {dag.py:3954} INFO - Setting next_dagrun for example_skip_dag to 2024-06-15 00:00:00+00:00, run_after=2024-06-16 00:00:00+00:00
[2024-06-16T20:45:46.492+0000] {processor.py:183} INFO - Processing /home/airflow/.local/lib/python3.12/site-packages/airflow/example_dags/example_skip_dag.py took 0.081 seconds
[2024-06-16T20:46:16.786+0000] {processor.py:161} INFO - Started process (PID=2197) to work on /home/airflow/.local/lib/python3.12/site-packages/airflow/example_dags/example_skip_dag.py
[2024-06-16T20:46:16.788+0000] {processor.py:830} INFO - Processing file /home/airflow/.local/lib/python3.12/site-packages/airflow/example_dags/example_skip_dag.py for tasks to queue
[2024-06-16T20:46:16.790+0000] {logging_mixin.py:188} INFO - [2024-06-16T20:46:16.789+0000] {dagbag.py:545} INFO - Filling up the DagBag from /home/airflow/.local/lib/python3.12/site-packages/airflow/example_dags/example_skip_dag.py
[2024-06-16T20:46:16.796+0000] {processor.py:840} INFO - DAG(s) 'example_skip_dag' retrieved from /home/airflow/.local/lib/python3.12/site-packages/airflow/example_dags/example_skip_dag.py
[2024-06-16T20:46:16.819+0000] {logging_mixin.py:188} INFO - [2024-06-16T20:46:16.819+0000] {dag.py:3096} INFO - Sync 1 DAGs
[2024-06-16T20:46:16.843+0000] {logging_mixin.py:188} INFO - [2024-06-16T20:46:16.843+0000] {dag.py:3954} INFO - Setting next_dagrun for example_skip_dag to 2024-06-15 00:00:00+00:00, run_after=2024-06-16 00:00:00+00:00
[2024-06-16T20:46:16.869+0000] {processor.py:183} INFO - Processing /home/airflow/.local/lib/python3.12/site-packages/airflow/example_dags/example_skip_dag.py took 0.090 seconds
[2024-06-16T20:46:47.262+0000] {processor.py:161} INFO - Started process (PID=2255) to work on /home/airflow/.local/lib/python3.12/site-packages/airflow/example_dags/example_skip_dag.py
[2024-06-16T20:46:47.263+0000] {processor.py:830} INFO - Processing file /home/airflow/.local/lib/python3.12/site-packages/airflow/example_dags/example_skip_dag.py for tasks to queue
[2024-06-16T20:46:47.265+0000] {logging_mixin.py:188} INFO - [2024-06-16T20:46:47.265+0000] {dagbag.py:545} INFO - Filling up the DagBag from /home/airflow/.local/lib/python3.12/site-packages/airflow/example_dags/example_skip_dag.py
[2024-06-16T20:46:47.272+0000] {processor.py:840} INFO - DAG(s) 'example_skip_dag' retrieved from /home/airflow/.local/lib/python3.12/site-packages/airflow/example_dags/example_skip_dag.py
[2024-06-16T20:46:47.296+0000] {logging_mixin.py:188} INFO - [2024-06-16T20:46:47.296+0000] {dag.py:3096} INFO - Sync 1 DAGs
[2024-06-16T20:46:47.318+0000] {logging_mixin.py:188} INFO - [2024-06-16T20:46:47.318+0000] {dag.py:3954} INFO - Setting next_dagrun for example_skip_dag to 2024-06-15 00:00:00+00:00, run_after=2024-06-16 00:00:00+00:00
[2024-06-16T20:46:47.337+0000] {processor.py:183} INFO - Processing /home/airflow/.local/lib/python3.12/site-packages/airflow/example_dags/example_skip_dag.py took 0.083 seconds
[2024-06-16T20:47:17.693+0000] {processor.py:161} INFO - Started process (PID=2313) to work on /home/airflow/.local/lib/python3.12/site-packages/airflow/example_dags/example_skip_dag.py
[2024-06-16T20:47:17.694+0000] {processor.py:830} INFO - Processing file /home/airflow/.local/lib/python3.12/site-packages/airflow/example_dags/example_skip_dag.py for tasks to queue
[2024-06-16T20:47:17.696+0000] {logging_mixin.py:188} INFO - [2024-06-16T20:47:17.695+0000] {dagbag.py:545} INFO - Filling up the DagBag from /home/airflow/.local/lib/python3.12/site-packages/airflow/example_dags/example_skip_dag.py
[2024-06-16T20:47:17.702+0000] {processor.py:840} INFO - DAG(s) 'example_skip_dag' retrieved from /home/airflow/.local/lib/python3.12/site-packages/airflow/example_dags/example_skip_dag.py
[2024-06-16T20:47:17.725+0000] {logging_mixin.py:188} INFO - [2024-06-16T20:47:17.725+0000] {dag.py:3096} INFO - Sync 1 DAGs
[2024-06-16T20:47:17.746+0000] {logging_mixin.py:188} INFO - [2024-06-16T20:47:17.746+0000] {dag.py:3954} INFO - Setting next_dagrun for example_skip_dag to 2024-06-15 00:00:00+00:00, run_after=2024-06-16 00:00:00+00:00
[2024-06-16T20:47:17.766+0000] {processor.py:183} INFO - Processing /home/airflow/.local/lib/python3.12/site-packages/airflow/example_dags/example_skip_dag.py took 0.080 seconds
[2024-06-16T20:47:48.165+0000] {processor.py:161} INFO - Started process (PID=2371) to work on /home/airflow/.local/lib/python3.12/site-packages/airflow/example_dags/example_skip_dag.py
[2024-06-16T20:47:48.167+0000] {processor.py:830} INFO - Processing file /home/airflow/.local/lib/python3.12/site-packages/airflow/example_dags/example_skip_dag.py for tasks to queue
[2024-06-16T20:47:48.168+0000] {logging_mixin.py:188} INFO - [2024-06-16T20:47:48.168+0000] {dagbag.py:545} INFO - Filling up the DagBag from /home/airflow/.local/lib/python3.12/site-packages/airflow/example_dags/example_skip_dag.py
[2024-06-16T20:47:48.175+0000] {processor.py:840} INFO - DAG(s) 'example_skip_dag' retrieved from /home/airflow/.local/lib/python3.12/site-packages/airflow/example_dags/example_skip_dag.py
[2024-06-16T20:47:48.198+0000] {logging_mixin.py:188} INFO - [2024-06-16T20:47:48.197+0000] {dag.py:3096} INFO - Sync 1 DAGs
[2024-06-16T20:47:48.219+0000] {logging_mixin.py:188} INFO - [2024-06-16T20:47:48.219+0000] {dag.py:3954} INFO - Setting next_dagrun for example_skip_dag to 2024-06-15 00:00:00+00:00, run_after=2024-06-16 00:00:00+00:00
[2024-06-16T20:47:48.238+0000] {processor.py:183} INFO - Processing /home/airflow/.local/lib/python3.12/site-packages/airflow/example_dags/example_skip_dag.py took 0.079 seconds
[2024-06-16T20:48:18.560+0000] {processor.py:161} INFO - Started process (PID=2429) to work on /home/airflow/.local/lib/python3.12/site-packages/airflow/example_dags/example_skip_dag.py
[2024-06-16T20:48:18.567+0000] {processor.py:830} INFO - Processing file /home/airflow/.local/lib/python3.12/site-packages/airflow/example_dags/example_skip_dag.py for tasks to queue
[2024-06-16T20:48:18.569+0000] {logging_mixin.py:188} INFO - [2024-06-16T20:48:18.569+0000] {dagbag.py:545} INFO - Filling up the DagBag from /home/airflow/.local/lib/python3.12/site-packages/airflow/example_dags/example_skip_dag.py
[2024-06-16T20:48:18.576+0000] {processor.py:840} INFO - DAG(s) 'example_skip_dag' retrieved from /home/airflow/.local/lib/python3.12/site-packages/airflow/example_dags/example_skip_dag.py
[2024-06-16T20:48:18.599+0000] {logging_mixin.py:188} INFO - [2024-06-16T20:48:18.599+0000] {dag.py:3096} INFO - Sync 1 DAGs
[2024-06-16T20:48:18.620+0000] {logging_mixin.py:188} INFO - [2024-06-16T20:48:18.620+0000] {dag.py:3954} INFO - Setting next_dagrun for example_skip_dag to 2024-06-15 00:00:00+00:00, run_after=2024-06-16 00:00:00+00:00
[2024-06-16T20:48:18.640+0000] {processor.py:183} INFO - Processing /home/airflow/.local/lib/python3.12/site-packages/airflow/example_dags/example_skip_dag.py took 0.086 seconds
[2024-06-16T20:48:49.156+0000] {processor.py:161} INFO - Started process (PID=2487) to work on /home/airflow/.local/lib/python3.12/site-packages/airflow/example_dags/example_skip_dag.py
[2024-06-16T20:48:49.158+0000] {processor.py:830} INFO - Processing file /home/airflow/.local/lib/python3.12/site-packages/airflow/example_dags/example_skip_dag.py for tasks to queue
[2024-06-16T20:48:49.160+0000] {logging_mixin.py:188} INFO - [2024-06-16T20:48:49.160+0000] {dagbag.py:545} INFO - Filling up the DagBag from /home/airflow/.local/lib/python3.12/site-packages/airflow/example_dags/example_skip_dag.py
[2024-06-16T20:48:49.167+0000] {processor.py:840} INFO - DAG(s) 'example_skip_dag' retrieved from /home/airflow/.local/lib/python3.12/site-packages/airflow/example_dags/example_skip_dag.py
[2024-06-16T20:48:49.188+0000] {logging_mixin.py:188} INFO - [2024-06-16T20:48:49.188+0000] {dag.py:3096} INFO - Sync 1 DAGs
[2024-06-16T20:48:49.209+0000] {logging_mixin.py:188} INFO - [2024-06-16T20:48:49.208+0000] {dag.py:3954} INFO - Setting next_dagrun for example_skip_dag to 2024-06-15 00:00:00+00:00, run_after=2024-06-16 00:00:00+00:00
[2024-06-16T20:48:49.227+0000] {processor.py:183} INFO - Processing /home/airflow/.local/lib/python3.12/site-packages/airflow/example_dags/example_skip_dag.py took 0.077 seconds
[2024-06-16T20:49:19.704+0000] {processor.py:161} INFO - Started process (PID=2545) to work on /home/airflow/.local/lib/python3.12/site-packages/airflow/example_dags/example_skip_dag.py
[2024-06-16T20:49:19.706+0000] {processor.py:830} INFO - Processing file /home/airflow/.local/lib/python3.12/site-packages/airflow/example_dags/example_skip_dag.py for tasks to queue
[2024-06-16T20:49:19.708+0000] {logging_mixin.py:188} INFO - [2024-06-16T20:49:19.707+0000] {dagbag.py:545} INFO - Filling up the DagBag from /home/airflow/.local/lib/python3.12/site-packages/airflow/example_dags/example_skip_dag.py
[2024-06-16T20:49:19.714+0000] {processor.py:840} INFO - DAG(s) 'example_skip_dag' retrieved from /home/airflow/.local/lib/python3.12/site-packages/airflow/example_dags/example_skip_dag.py
[2024-06-16T20:49:19.737+0000] {logging_mixin.py:188} INFO - [2024-06-16T20:49:19.737+0000] {dag.py:3096} INFO - Sync 1 DAGs
[2024-06-16T20:49:19.758+0000] {logging_mixin.py:188} INFO - [2024-06-16T20:49:19.757+0000] {dag.py:3954} INFO - Setting next_dagrun for example_skip_dag to 2024-06-15 00:00:00+00:00, run_after=2024-06-16 00:00:00+00:00
[2024-06-16T20:49:19.777+0000] {processor.py:183} INFO - Processing /home/airflow/.local/lib/python3.12/site-packages/airflow/example_dags/example_skip_dag.py took 0.080 seconds
[2024-06-16T20:49:50.129+0000] {processor.py:161} INFO - Started process (PID=2603) to work on /home/airflow/.local/lib/python3.12/site-packages/airflow/example_dags/example_skip_dag.py
[2024-06-16T20:49:50.130+0000] {processor.py:830} INFO - Processing file /home/airflow/.local/lib/python3.12/site-packages/airflow/example_dags/example_skip_dag.py for tasks to queue
[2024-06-16T20:49:50.132+0000] {logging_mixin.py:188} INFO - [2024-06-16T20:49:50.132+0000] {dagbag.py:545} INFO - Filling up the DagBag from /home/airflow/.local/lib/python3.12/site-packages/airflow/example_dags/example_skip_dag.py
[2024-06-16T20:49:50.140+0000] {processor.py:840} INFO - DAG(s) 'example_skip_dag' retrieved from /home/airflow/.local/lib/python3.12/site-packages/airflow/example_dags/example_skip_dag.py
[2024-06-16T20:49:50.162+0000] {logging_mixin.py:188} INFO - [2024-06-16T20:49:50.162+0000] {dag.py:3096} INFO - Sync 1 DAGs
[2024-06-16T20:49:50.185+0000] {logging_mixin.py:188} INFO - [2024-06-16T20:49:50.185+0000] {dag.py:3954} INFO - Setting next_dagrun for example_skip_dag to 2024-06-15 00:00:00+00:00, run_after=2024-06-16 00:00:00+00:00
[2024-06-16T20:49:50.206+0000] {processor.py:183} INFO - Processing /home/airflow/.local/lib/python3.12/site-packages/airflow/example_dags/example_skip_dag.py took 0.084 seconds
[2024-06-16T20:50:20.574+0000] {processor.py:161} INFO - Started process (PID=2661) to work on /home/airflow/.local/lib/python3.12/site-packages/airflow/example_dags/example_skip_dag.py
[2024-06-16T20:50:20.576+0000] {processor.py:830} INFO - Processing file /home/airflow/.local/lib/python3.12/site-packages/airflow/example_dags/example_skip_dag.py for tasks to queue
[2024-06-16T20:50:20.578+0000] {logging_mixin.py:188} INFO - [2024-06-16T20:50:20.577+0000] {dagbag.py:545} INFO - Filling up the DagBag from /home/airflow/.local/lib/python3.12/site-packages/airflow/example_dags/example_skip_dag.py
[2024-06-16T20:50:20.584+0000] {processor.py:840} INFO - DAG(s) 'example_skip_dag' retrieved from /home/airflow/.local/lib/python3.12/site-packages/airflow/example_dags/example_skip_dag.py
[2024-06-16T20:50:20.607+0000] {logging_mixin.py:188} INFO - [2024-06-16T20:50:20.607+0000] {dag.py:3096} INFO - Sync 1 DAGs
[2024-06-16T20:50:20.629+0000] {logging_mixin.py:188} INFO - [2024-06-16T20:50:20.628+0000] {dag.py:3954} INFO - Setting next_dagrun for example_skip_dag to 2024-06-15 00:00:00+00:00, run_after=2024-06-16 00:00:00+00:00
[2024-06-16T20:50:20.647+0000] {processor.py:183} INFO - Processing /home/airflow/.local/lib/python3.12/site-packages/airflow/example_dags/example_skip_dag.py took 0.079 seconds
[2024-06-16T20:50:50.990+0000] {processor.py:161} INFO - Started process (PID=2719) to work on /home/airflow/.local/lib/python3.12/site-packages/airflow/example_dags/example_skip_dag.py
[2024-06-16T20:50:50.991+0000] {processor.py:830} INFO - Processing file /home/airflow/.local/lib/python3.12/site-packages/airflow/example_dags/example_skip_dag.py for tasks to queue
[2024-06-16T20:50:50.993+0000] {logging_mixin.py:188} INFO - [2024-06-16T20:50:50.993+0000] {dagbag.py:545} INFO - Filling up the DagBag from /home/airflow/.local/lib/python3.12/site-packages/airflow/example_dags/example_skip_dag.py
[2024-06-16T20:50:51.000+0000] {processor.py:840} INFO - DAG(s) 'example_skip_dag' retrieved from /home/airflow/.local/lib/python3.12/site-packages/airflow/example_dags/example_skip_dag.py
[2024-06-16T20:50:51.022+0000] {logging_mixin.py:188} INFO - [2024-06-16T20:50:51.022+0000] {dag.py:3096} INFO - Sync 1 DAGs
[2024-06-16T20:50:51.044+0000] {logging_mixin.py:188} INFO - [2024-06-16T20:50:51.044+0000] {dag.py:3954} INFO - Setting next_dagrun for example_skip_dag to 2024-06-15 00:00:00+00:00, run_after=2024-06-16 00:00:00+00:00
[2024-06-16T20:50:51.064+0000] {processor.py:183} INFO - Processing /home/airflow/.local/lib/python3.12/site-packages/airflow/example_dags/example_skip_dag.py took 0.084 seconds
[2024-06-16T20:51:21.531+0000] {processor.py:161} INFO - Started process (PID=2777) to work on /home/airflow/.local/lib/python3.12/site-packages/airflow/example_dags/example_skip_dag.py
[2024-06-16T20:51:21.535+0000] {processor.py:830} INFO - Processing file /home/airflow/.local/lib/python3.12/site-packages/airflow/example_dags/example_skip_dag.py for tasks to queue
[2024-06-16T20:51:21.538+0000] {logging_mixin.py:188} INFO - [2024-06-16T20:51:21.537+0000] {dagbag.py:545} INFO - Filling up the DagBag from /home/airflow/.local/lib/python3.12/site-packages/airflow/example_dags/example_skip_dag.py
[2024-06-16T20:51:21.543+0000] {processor.py:840} INFO - DAG(s) 'example_skip_dag' retrieved from /home/airflow/.local/lib/python3.12/site-packages/airflow/example_dags/example_skip_dag.py
[2024-06-16T20:51:21.566+0000] {logging_mixin.py:188} INFO - [2024-06-16T20:51:21.566+0000] {dag.py:3096} INFO - Sync 1 DAGs
[2024-06-16T20:51:21.587+0000] {logging_mixin.py:188} INFO - [2024-06-16T20:51:21.587+0000] {dag.py:3954} INFO - Setting next_dagrun for example_skip_dag to 2024-06-15 00:00:00+00:00, run_after=2024-06-16 00:00:00+00:00
[2024-06-16T20:51:21.608+0000] {processor.py:183} INFO - Processing /home/airflow/.local/lib/python3.12/site-packages/airflow/example_dags/example_skip_dag.py took 0.082 seconds
[2024-06-16T20:51:51.989+0000] {processor.py:161} INFO - Started process (PID=2835) to work on /home/airflow/.local/lib/python3.12/site-packages/airflow/example_dags/example_skip_dag.py
[2024-06-16T20:51:51.991+0000] {processor.py:830} INFO - Processing file /home/airflow/.local/lib/python3.12/site-packages/airflow/example_dags/example_skip_dag.py for tasks to queue
[2024-06-16T20:51:51.993+0000] {logging_mixin.py:188} INFO - [2024-06-16T20:51:51.993+0000] {dagbag.py:545} INFO - Filling up the DagBag from /home/airflow/.local/lib/python3.12/site-packages/airflow/example_dags/example_skip_dag.py
[2024-06-16T20:51:52.000+0000] {processor.py:840} INFO - DAG(s) 'example_skip_dag' retrieved from /home/airflow/.local/lib/python3.12/site-packages/airflow/example_dags/example_skip_dag.py
[2024-06-16T20:51:52.024+0000] {logging_mixin.py:188} INFO - [2024-06-16T20:51:52.024+0000] {dag.py:3096} INFO - Sync 1 DAGs
[2024-06-16T20:51:52.046+0000] {logging_mixin.py:188} INFO - [2024-06-16T20:51:52.045+0000] {dag.py:3954} INFO - Setting next_dagrun for example_skip_dag to 2024-06-15 00:00:00+00:00, run_after=2024-06-16 00:00:00+00:00
[2024-06-16T20:51:52.065+0000] {processor.py:183} INFO - Processing /home/airflow/.local/lib/python3.12/site-packages/airflow/example_dags/example_skip_dag.py took 0.084 seconds
[2024-06-16T20:52:22.449+0000] {processor.py:161} INFO - Started process (PID=2893) to work on /home/airflow/.local/lib/python3.12/site-packages/airflow/example_dags/example_skip_dag.py
[2024-06-16T20:52:22.451+0000] {processor.py:830} INFO - Processing file /home/airflow/.local/lib/python3.12/site-packages/airflow/example_dags/example_skip_dag.py for tasks to queue
[2024-06-16T20:52:22.453+0000] {logging_mixin.py:188} INFO - [2024-06-16T20:52:22.453+0000] {dagbag.py:545} INFO - Filling up the DagBag from /home/airflow/.local/lib/python3.12/site-packages/airflow/example_dags/example_skip_dag.py
[2024-06-16T20:52:22.460+0000] {processor.py:840} INFO - DAG(s) 'example_skip_dag' retrieved from /home/airflow/.local/lib/python3.12/site-packages/airflow/example_dags/example_skip_dag.py
[2024-06-16T20:52:22.483+0000] {logging_mixin.py:188} INFO - [2024-06-16T20:52:22.482+0000] {dag.py:3096} INFO - Sync 1 DAGs
[2024-06-16T20:52:22.503+0000] {logging_mixin.py:188} INFO - [2024-06-16T20:52:22.503+0000] {dag.py:3954} INFO - Setting next_dagrun for example_skip_dag to 2024-06-15 00:00:00+00:00, run_after=2024-06-16 00:00:00+00:00
[2024-06-16T20:52:22.522+0000] {processor.py:183} INFO - Processing /home/airflow/.local/lib/python3.12/site-packages/airflow/example_dags/example_skip_dag.py took 0.082 seconds
[2024-06-16T20:52:52.836+0000] {processor.py:161} INFO - Started process (PID=2951) to work on /home/airflow/.local/lib/python3.12/site-packages/airflow/example_dags/example_skip_dag.py
[2024-06-16T20:52:52.838+0000] {processor.py:830} INFO - Processing file /home/airflow/.local/lib/python3.12/site-packages/airflow/example_dags/example_skip_dag.py for tasks to queue
[2024-06-16T20:52:52.840+0000] {logging_mixin.py:188} INFO - [2024-06-16T20:52:52.840+0000] {dagbag.py:545} INFO - Filling up the DagBag from /home/airflow/.local/lib/python3.12/site-packages/airflow/example_dags/example_skip_dag.py
[2024-06-16T20:52:52.846+0000] {processor.py:840} INFO - DAG(s) 'example_skip_dag' retrieved from /home/airflow/.local/lib/python3.12/site-packages/airflow/example_dags/example_skip_dag.py
[2024-06-16T20:52:52.869+0000] {logging_mixin.py:188} INFO - [2024-06-16T20:52:52.869+0000] {dag.py:3096} INFO - Sync 1 DAGs
[2024-06-16T20:52:52.893+0000] {logging_mixin.py:188} INFO - [2024-06-16T20:52:52.892+0000] {dag.py:3954} INFO - Setting next_dagrun for example_skip_dag to 2024-06-15 00:00:00+00:00, run_after=2024-06-16 00:00:00+00:00
[2024-06-16T20:52:52.914+0000] {processor.py:183} INFO - Processing /home/airflow/.local/lib/python3.12/site-packages/airflow/example_dags/example_skip_dag.py took 0.084 seconds
[2024-06-16T20:53:23.434+0000] {processor.py:161} INFO - Started process (PID=3009) to work on /home/airflow/.local/lib/python3.12/site-packages/airflow/example_dags/example_skip_dag.py
[2024-06-16T20:53:23.436+0000] {processor.py:830} INFO - Processing file /home/airflow/.local/lib/python3.12/site-packages/airflow/example_dags/example_skip_dag.py for tasks to queue
[2024-06-16T20:53:23.438+0000] {logging_mixin.py:188} INFO - [2024-06-16T20:53:23.437+0000] {dagbag.py:545} INFO - Filling up the DagBag from /home/airflow/.local/lib/python3.12/site-packages/airflow/example_dags/example_skip_dag.py
[2024-06-16T20:53:23.445+0000] {processor.py:840} INFO - DAG(s) 'example_skip_dag' retrieved from /home/airflow/.local/lib/python3.12/site-packages/airflow/example_dags/example_skip_dag.py
[2024-06-16T20:53:23.467+0000] {logging_mixin.py:188} INFO - [2024-06-16T20:53:23.467+0000] {dag.py:3096} INFO - Sync 1 DAGs
[2024-06-16T20:53:23.491+0000] {logging_mixin.py:188} INFO - [2024-06-16T20:53:23.490+0000] {dag.py:3954} INFO - Setting next_dagrun for example_skip_dag to 2024-06-15 00:00:00+00:00, run_after=2024-06-16 00:00:00+00:00
[2024-06-16T20:53:23.511+0000] {processor.py:183} INFO - Processing /home/airflow/.local/lib/python3.12/site-packages/airflow/example_dags/example_skip_dag.py took 0.083 seconds
[2024-06-16T20:53:53.887+0000] {processor.py:161} INFO - Started process (PID=3067) to work on /home/airflow/.local/lib/python3.12/site-packages/airflow/example_dags/example_skip_dag.py
[2024-06-16T20:53:53.888+0000] {processor.py:830} INFO - Processing file /home/airflow/.local/lib/python3.12/site-packages/airflow/example_dags/example_skip_dag.py for tasks to queue
[2024-06-16T20:53:53.890+0000] {logging_mixin.py:188} INFO - [2024-06-16T20:53:53.890+0000] {dagbag.py:545} INFO - Filling up the DagBag from /home/airflow/.local/lib/python3.12/site-packages/airflow/example_dags/example_skip_dag.py
[2024-06-16T20:53:53.897+0000] {processor.py:840} INFO - DAG(s) 'example_skip_dag' retrieved from /home/airflow/.local/lib/python3.12/site-packages/airflow/example_dags/example_skip_dag.py
[2024-06-16T20:53:53.920+0000] {logging_mixin.py:188} INFO - [2024-06-16T20:53:53.920+0000] {dag.py:3096} INFO - Sync 1 DAGs
[2024-06-16T20:53:53.941+0000] {logging_mixin.py:188} INFO - [2024-06-16T20:53:53.940+0000] {dag.py:3954} INFO - Setting next_dagrun for example_skip_dag to 2024-06-15 00:00:00+00:00, run_after=2024-06-16 00:00:00+00:00
[2024-06-16T20:53:53.960+0000] {processor.py:183} INFO - Processing /home/airflow/.local/lib/python3.12/site-packages/airflow/example_dags/example_skip_dag.py took 0.081 seconds
[2024-06-16T20:54:24.392+0000] {processor.py:161} INFO - Started process (PID=3125) to work on /home/airflow/.local/lib/python3.12/site-packages/airflow/example_dags/example_skip_dag.py
[2024-06-16T20:54:24.393+0000] {processor.py:830} INFO - Processing file /home/airflow/.local/lib/python3.12/site-packages/airflow/example_dags/example_skip_dag.py for tasks to queue
[2024-06-16T20:54:24.395+0000] {logging_mixin.py:188} INFO - [2024-06-16T20:54:24.395+0000] {dagbag.py:545} INFO - Filling up the DagBag from /home/airflow/.local/lib/python3.12/site-packages/airflow/example_dags/example_skip_dag.py
[2024-06-16T20:54:24.402+0000] {processor.py:840} INFO - DAG(s) 'example_skip_dag' retrieved from /home/airflow/.local/lib/python3.12/site-packages/airflow/example_dags/example_skip_dag.py
[2024-06-16T20:54:24.426+0000] {logging_mixin.py:188} INFO - [2024-06-16T20:54:24.426+0000] {dag.py:3096} INFO - Sync 1 DAGs
[2024-06-16T20:54:24.447+0000] {logging_mixin.py:188} INFO - [2024-06-16T20:54:24.447+0000] {dag.py:3954} INFO - Setting next_dagrun for example_skip_dag to 2024-06-15 00:00:00+00:00, run_after=2024-06-16 00:00:00+00:00
[2024-06-16T20:54:24.466+0000] {processor.py:183} INFO - Processing /home/airflow/.local/lib/python3.12/site-packages/airflow/example_dags/example_skip_dag.py took 0.080 seconds
[2024-06-16T20:54:54.816+0000] {processor.py:161} INFO - Started process (PID=3183) to work on /home/airflow/.local/lib/python3.12/site-packages/airflow/example_dags/example_skip_dag.py
[2024-06-16T20:54:54.817+0000] {processor.py:830} INFO - Processing file /home/airflow/.local/lib/python3.12/site-packages/airflow/example_dags/example_skip_dag.py for tasks to queue
[2024-06-16T20:54:54.819+0000] {logging_mixin.py:188} INFO - [2024-06-16T20:54:54.819+0000] {dagbag.py:545} INFO - Filling up the DagBag from /home/airflow/.local/lib/python3.12/site-packages/airflow/example_dags/example_skip_dag.py
[2024-06-16T20:54:54.825+0000] {processor.py:840} INFO - DAG(s) 'example_skip_dag' retrieved from /home/airflow/.local/lib/python3.12/site-packages/airflow/example_dags/example_skip_dag.py
[2024-06-16T20:54:54.848+0000] {logging_mixin.py:188} INFO - [2024-06-16T20:54:54.848+0000] {dag.py:3096} INFO - Sync 1 DAGs
[2024-06-16T20:54:54.870+0000] {logging_mixin.py:188} INFO - [2024-06-16T20:54:54.870+0000] {dag.py:3954} INFO - Setting next_dagrun for example_skip_dag to 2024-06-15 00:00:00+00:00, run_after=2024-06-16 00:00:00+00:00
[2024-06-16T20:54:54.890+0000] {processor.py:183} INFO - Processing /home/airflow/.local/lib/python3.12/site-packages/airflow/example_dags/example_skip_dag.py took 0.080 seconds
[2024-06-16T20:55:25.267+0000] {processor.py:161} INFO - Started process (PID=3241) to work on /home/airflow/.local/lib/python3.12/site-packages/airflow/example_dags/example_skip_dag.py
[2024-06-16T20:55:25.269+0000] {processor.py:830} INFO - Processing file /home/airflow/.local/lib/python3.12/site-packages/airflow/example_dags/example_skip_dag.py for tasks to queue
[2024-06-16T20:55:25.271+0000] {logging_mixin.py:188} INFO - [2024-06-16T20:55:25.271+0000] {dagbag.py:545} INFO - Filling up the DagBag from /home/airflow/.local/lib/python3.12/site-packages/airflow/example_dags/example_skip_dag.py
[2024-06-16T20:55:25.278+0000] {processor.py:840} INFO - DAG(s) 'example_skip_dag' retrieved from /home/airflow/.local/lib/python3.12/site-packages/airflow/example_dags/example_skip_dag.py
[2024-06-16T20:55:25.300+0000] {logging_mixin.py:188} INFO - [2024-06-16T20:55:25.300+0000] {dag.py:3096} INFO - Sync 1 DAGs
[2024-06-16T20:55:25.321+0000] {logging_mixin.py:188} INFO - [2024-06-16T20:55:25.321+0000] {dag.py:3954} INFO - Setting next_dagrun for example_skip_dag to 2024-06-15 00:00:00+00:00, run_after=2024-06-16 00:00:00+00:00
[2024-06-16T20:55:25.339+0000] {processor.py:183} INFO - Processing /home/airflow/.local/lib/python3.12/site-packages/airflow/example_dags/example_skip_dag.py took 0.078 seconds
[2024-06-16T20:55:55.464+0000] {processor.py:161} INFO - Started process (PID=3299) to work on /home/airflow/.local/lib/python3.12/site-packages/airflow/example_dags/example_skip_dag.py
[2024-06-16T20:55:55.465+0000] {processor.py:830} INFO - Processing file /home/airflow/.local/lib/python3.12/site-packages/airflow/example_dags/example_skip_dag.py for tasks to queue
[2024-06-16T20:55:55.467+0000] {logging_mixin.py:188} INFO - [2024-06-16T20:55:55.467+0000] {dagbag.py:545} INFO - Filling up the DagBag from /home/airflow/.local/lib/python3.12/site-packages/airflow/example_dags/example_skip_dag.py
[2024-06-16T20:55:55.474+0000] {processor.py:840} INFO - DAG(s) 'example_skip_dag' retrieved from /home/airflow/.local/lib/python3.12/site-packages/airflow/example_dags/example_skip_dag.py
[2024-06-16T20:55:55.497+0000] {logging_mixin.py:188} INFO - [2024-06-16T20:55:55.497+0000] {dag.py:3096} INFO - Sync 1 DAGs
[2024-06-16T20:55:55.519+0000] {logging_mixin.py:188} INFO - [2024-06-16T20:55:55.519+0000] {dag.py:3954} INFO - Setting next_dagrun for example_skip_dag to 2024-06-15 00:00:00+00:00, run_after=2024-06-16 00:00:00+00:00
[2024-06-16T20:55:55.538+0000] {processor.py:183} INFO - Processing /home/airflow/.local/lib/python3.12/site-packages/airflow/example_dags/example_skip_dag.py took 0.080 seconds
[2024-06-16T20:56:26.068+0000] {processor.py:161} INFO - Started process (PID=3357) to work on /home/airflow/.local/lib/python3.12/site-packages/airflow/example_dags/example_skip_dag.py
[2024-06-16T20:56:26.070+0000] {processor.py:830} INFO - Processing file /home/airflow/.local/lib/python3.12/site-packages/airflow/example_dags/example_skip_dag.py for tasks to queue
[2024-06-16T20:56:26.072+0000] {logging_mixin.py:188} INFO - [2024-06-16T20:56:26.072+0000] {dagbag.py:545} INFO - Filling up the DagBag from /home/airflow/.local/lib/python3.12/site-packages/airflow/example_dags/example_skip_dag.py
[2024-06-16T20:56:26.079+0000] {processor.py:840} INFO - DAG(s) 'example_skip_dag' retrieved from /home/airflow/.local/lib/python3.12/site-packages/airflow/example_dags/example_skip_dag.py
[2024-06-16T20:56:26.102+0000] {logging_mixin.py:188} INFO - [2024-06-16T20:56:26.101+0000] {dag.py:3096} INFO - Sync 1 DAGs
[2024-06-16T20:56:26.126+0000] {logging_mixin.py:188} INFO - [2024-06-16T20:56:26.126+0000] {dag.py:3954} INFO - Setting next_dagrun for example_skip_dag to 2024-06-15 00:00:00+00:00, run_after=2024-06-16 00:00:00+00:00
[2024-06-16T20:56:26.147+0000] {processor.py:183} INFO - Processing /home/airflow/.local/lib/python3.12/site-packages/airflow/example_dags/example_skip_dag.py took 0.085 seconds
[2024-06-16T20:56:56.565+0000] {processor.py:161} INFO - Started process (PID=3415) to work on /home/airflow/.local/lib/python3.12/site-packages/airflow/example_dags/example_skip_dag.py
[2024-06-16T20:56:56.565+0000] {processor.py:830} INFO - Processing file /home/airflow/.local/lib/python3.12/site-packages/airflow/example_dags/example_skip_dag.py for tasks to queue
[2024-06-16T20:56:56.568+0000] {logging_mixin.py:188} INFO - [2024-06-16T20:56:56.568+0000] {dagbag.py:545} INFO - Filling up the DagBag from /home/airflow/.local/lib/python3.12/site-packages/airflow/example_dags/example_skip_dag.py
[2024-06-16T20:56:56.574+0000] {processor.py:840} INFO - DAG(s) 'example_skip_dag' retrieved from /home/airflow/.local/lib/python3.12/site-packages/airflow/example_dags/example_skip_dag.py
[2024-06-16T20:56:56.599+0000] {logging_mixin.py:188} INFO - [2024-06-16T20:56:56.599+0000] {dag.py:3096} INFO - Sync 1 DAGs
[2024-06-16T20:56:56.627+0000] {logging_mixin.py:188} INFO - [2024-06-16T20:56:56.626+0000] {dag.py:3954} INFO - Setting next_dagrun for example_skip_dag to 2024-06-15 00:00:00+00:00, run_after=2024-06-16 00:00:00+00:00
[2024-06-16T20:56:56.650+0000] {processor.py:183} INFO - Processing /home/airflow/.local/lib/python3.12/site-packages/airflow/example_dags/example_skip_dag.py took 0.092 seconds
[2024-06-16T20:57:26.742+0000] {processor.py:161} INFO - Started process (PID=3473) to work on /home/airflow/.local/lib/python3.12/site-packages/airflow/example_dags/example_skip_dag.py
[2024-06-16T20:57:26.743+0000] {processor.py:830} INFO - Processing file /home/airflow/.local/lib/python3.12/site-packages/airflow/example_dags/example_skip_dag.py for tasks to queue
[2024-06-16T20:57:26.745+0000] {logging_mixin.py:188} INFO - [2024-06-16T20:57:26.745+0000] {dagbag.py:545} INFO - Filling up the DagBag from /home/airflow/.local/lib/python3.12/site-packages/airflow/example_dags/example_skip_dag.py
[2024-06-16T20:57:26.752+0000] {processor.py:840} INFO - DAG(s) 'example_skip_dag' retrieved from /home/airflow/.local/lib/python3.12/site-packages/airflow/example_dags/example_skip_dag.py
[2024-06-16T20:57:26.774+0000] {logging_mixin.py:188} INFO - [2024-06-16T20:57:26.773+0000] {dag.py:3096} INFO - Sync 1 DAGs
[2024-06-16T20:57:26.796+0000] {logging_mixin.py:188} INFO - [2024-06-16T20:57:26.796+0000] {dag.py:3954} INFO - Setting next_dagrun for example_skip_dag to 2024-06-15 00:00:00+00:00, run_after=2024-06-16 00:00:00+00:00
[2024-06-16T20:57:26.816+0000] {processor.py:183} INFO - Processing /home/airflow/.local/lib/python3.12/site-packages/airflow/example_dags/example_skip_dag.py took 0.081 seconds
[2024-06-16T20:57:56.843+0000] {processor.py:161} INFO - Started process (PID=3531) to work on /home/airflow/.local/lib/python3.12/site-packages/airflow/example_dags/example_skip_dag.py
[2024-06-16T20:57:56.844+0000] {processor.py:830} INFO - Processing file /home/airflow/.local/lib/python3.12/site-packages/airflow/example_dags/example_skip_dag.py for tasks to queue
[2024-06-16T20:57:56.846+0000] {logging_mixin.py:188} INFO - [2024-06-16T20:57:56.846+0000] {dagbag.py:545} INFO - Filling up the DagBag from /home/airflow/.local/lib/python3.12/site-packages/airflow/example_dags/example_skip_dag.py
[2024-06-16T20:57:56.852+0000] {processor.py:840} INFO - DAG(s) 'example_skip_dag' retrieved from /home/airflow/.local/lib/python3.12/site-packages/airflow/example_dags/example_skip_dag.py
[2024-06-16T20:57:56.874+0000] {logging_mixin.py:188} INFO - [2024-06-16T20:57:56.873+0000] {dag.py:3096} INFO - Sync 1 DAGs
[2024-06-16T20:57:56.894+0000] {logging_mixin.py:188} INFO - [2024-06-16T20:57:56.894+0000] {dag.py:3954} INFO - Setting next_dagrun for example_skip_dag to 2024-06-15 00:00:00+00:00, run_after=2024-06-16 00:00:00+00:00
[2024-06-16T20:57:56.914+0000] {processor.py:183} INFO - Processing /home/airflow/.local/lib/python3.12/site-packages/airflow/example_dags/example_skip_dag.py took 0.077 seconds
[2024-06-16T20:58:27.055+0000] {processor.py:161} INFO - Started process (PID=3589) to work on /home/airflow/.local/lib/python3.12/site-packages/airflow/example_dags/example_skip_dag.py
[2024-06-16T20:58:27.056+0000] {processor.py:830} INFO - Processing file /home/airflow/.local/lib/python3.12/site-packages/airflow/example_dags/example_skip_dag.py for tasks to queue
[2024-06-16T20:58:27.059+0000] {logging_mixin.py:188} INFO - [2024-06-16T20:58:27.058+0000] {dagbag.py:545} INFO - Filling up the DagBag from /home/airflow/.local/lib/python3.12/site-packages/airflow/example_dags/example_skip_dag.py
[2024-06-16T20:58:27.064+0000] {processor.py:840} INFO - DAG(s) 'example_skip_dag' retrieved from /home/airflow/.local/lib/python3.12/site-packages/airflow/example_dags/example_skip_dag.py
[2024-06-16T20:58:27.089+0000] {logging_mixin.py:188} INFO - [2024-06-16T20:58:27.088+0000] {dag.py:3096} INFO - Sync 1 DAGs
[2024-06-16T20:58:27.113+0000] {logging_mixin.py:188} INFO - [2024-06-16T20:58:27.112+0000] {dag.py:3954} INFO - Setting next_dagrun for example_skip_dag to 2024-06-15 00:00:00+00:00, run_after=2024-06-16 00:00:00+00:00
[2024-06-16T20:58:27.138+0000] {processor.py:183} INFO - Processing /home/airflow/.local/lib/python3.12/site-packages/airflow/example_dags/example_skip_dag.py took 0.090 seconds
[2024-06-16T20:58:57.361+0000] {processor.py:161} INFO - Started process (PID=3647) to work on /home/airflow/.local/lib/python3.12/site-packages/airflow/example_dags/example_skip_dag.py
[2024-06-16T20:58:57.363+0000] {processor.py:830} INFO - Processing file /home/airflow/.local/lib/python3.12/site-packages/airflow/example_dags/example_skip_dag.py for tasks to queue
[2024-06-16T20:58:57.366+0000] {logging_mixin.py:188} INFO - [2024-06-16T20:58:57.365+0000] {dagbag.py:545} INFO - Filling up the DagBag from /home/airflow/.local/lib/python3.12/site-packages/airflow/example_dags/example_skip_dag.py
[2024-06-16T20:58:57.373+0000] {processor.py:840} INFO - DAG(s) 'example_skip_dag' retrieved from /home/airflow/.local/lib/python3.12/site-packages/airflow/example_dags/example_skip_dag.py
[2024-06-16T20:58:57.399+0000] {logging_mixin.py:188} INFO - [2024-06-16T20:58:57.399+0000] {dag.py:3096} INFO - Sync 1 DAGs
[2024-06-16T20:58:57.422+0000] {logging_mixin.py:188} INFO - [2024-06-16T20:58:57.422+0000] {dag.py:3954} INFO - Setting next_dagrun for example_skip_dag to 2024-06-15 00:00:00+00:00, run_after=2024-06-16 00:00:00+00:00
[2024-06-16T20:58:57.442+0000] {processor.py:183} INFO - Processing /home/airflow/.local/lib/python3.12/site-packages/airflow/example_dags/example_skip_dag.py took 0.088 seconds
[2024-06-16T20:59:27.555+0000] {processor.py:161} INFO - Started process (PID=3705) to work on /home/airflow/.local/lib/python3.12/site-packages/airflow/example_dags/example_skip_dag.py
[2024-06-16T20:59:27.557+0000] {processor.py:830} INFO - Processing file /home/airflow/.local/lib/python3.12/site-packages/airflow/example_dags/example_skip_dag.py for tasks to queue
[2024-06-16T20:59:27.559+0000] {logging_mixin.py:188} INFO - [2024-06-16T20:59:27.558+0000] {dagbag.py:545} INFO - Filling up the DagBag from /home/airflow/.local/lib/python3.12/site-packages/airflow/example_dags/example_skip_dag.py
[2024-06-16T20:59:27.565+0000] {processor.py:840} INFO - DAG(s) 'example_skip_dag' retrieved from /home/airflow/.local/lib/python3.12/site-packages/airflow/example_dags/example_skip_dag.py
[2024-06-16T20:59:27.591+0000] {logging_mixin.py:188} INFO - [2024-06-16T20:59:27.591+0000] {dag.py:3096} INFO - Sync 1 DAGs
[2024-06-16T20:59:27.621+0000] {logging_mixin.py:188} INFO - [2024-06-16T20:59:27.621+0000] {dag.py:3954} INFO - Setting next_dagrun for example_skip_dag to 2024-06-15 00:00:00+00:00, run_after=2024-06-16 00:00:00+00:00
[2024-06-16T20:59:27.648+0000] {processor.py:183} INFO - Processing /home/airflow/.local/lib/python3.12/site-packages/airflow/example_dags/example_skip_dag.py took 0.100 seconds
