[2024-06-16T20:27:23.603+0000] {processor.py:161} INFO - Started process (PID=36) to work on /home/airflow/.local/lib/python3.12/site-packages/airflow/example_dags/example_task_group_decorator.py
[2024-06-16T20:27:23.604+0000] {processor.py:830} INFO - Processing file /home/airflow/.local/lib/python3.12/site-packages/airflow/example_dags/example_task_group_decorator.py for tasks to queue
[2024-06-16T20:27:23.606+0000] {logging_mixin.py:188} INFO - [2024-06-16T20:27:23.606+0000] {dagbag.py:545} INFO - Filling up the DagBag from /home/airflow/.local/lib/python3.12/site-packages/airflow/example_dags/example_task_group_decorator.py
[2024-06-16T20:27:23.628+0000] {processor.py:840} INFO - DAG(s) 'example_task_group_decorator' retrieved from /home/airflow/.local/lib/python3.12/site-packages/airflow/example_dags/example_task_group_decorator.py
[2024-06-16T20:27:23.837+0000] {logging_mixin.py:188} INFO - [2024-06-16T20:27:23.837+0000] {dag.py:3096} INFO - Sync 1 DAGs
[2024-06-16T20:27:23.863+0000] {logging_mixin.py:188} INFO - [2024-06-16T20:27:23.863+0000] {dag.py:3954} INFO - Setting next_dagrun for example_task_group_decorator to 2024-06-15 00:00:00+00:00, run_after=2024-06-16 00:00:00+00:00
[2024-06-16T20:27:23.888+0000] {processor.py:183} INFO - Processing /home/airflow/.local/lib/python3.12/site-packages/airflow/example_dags/example_task_group_decorator.py took 0.296 seconds
[2024-06-16T20:27:54.145+0000] {processor.py:161} INFO - Started process (PID=95) to work on /home/airflow/.local/lib/python3.12/site-packages/airflow/example_dags/example_task_group_decorator.py
[2024-06-16T20:27:54.147+0000] {processor.py:830} INFO - Processing file /home/airflow/.local/lib/python3.12/site-packages/airflow/example_dags/example_task_group_decorator.py for tasks to queue
[2024-06-16T20:27:54.150+0000] {logging_mixin.py:188} INFO - [2024-06-16T20:27:54.149+0000] {dagbag.py:545} INFO - Filling up the DagBag from /home/airflow/.local/lib/python3.12/site-packages/airflow/example_dags/example_task_group_decorator.py
[2024-06-16T20:27:54.171+0000] {processor.py:840} INFO - DAG(s) 'example_task_group_decorator' retrieved from /home/airflow/.local/lib/python3.12/site-packages/airflow/example_dags/example_task_group_decorator.py
[2024-06-16T20:27:54.212+0000] {logging_mixin.py:188} INFO - [2024-06-16T20:27:54.212+0000] {dag.py:3096} INFO - Sync 1 DAGs
[2024-06-16T20:27:54.246+0000] {logging_mixin.py:188} INFO - [2024-06-16T20:27:54.246+0000] {dag.py:3954} INFO - Setting next_dagrun for example_task_group_decorator to 2024-06-15 00:00:00+00:00, run_after=2024-06-16 00:00:00+00:00
[2024-06-16T20:27:54.276+0000] {processor.py:183} INFO - Processing /home/airflow/.local/lib/python3.12/site-packages/airflow/example_dags/example_task_group_decorator.py took 0.140 seconds
[2024-06-16T20:28:25.026+0000] {processor.py:161} INFO - Started process (PID=153) to work on /home/airflow/.local/lib/python3.12/site-packages/airflow/example_dags/example_task_group_decorator.py
[2024-06-16T20:28:25.027+0000] {processor.py:830} INFO - Processing file /home/airflow/.local/lib/python3.12/site-packages/airflow/example_dags/example_task_group_decorator.py for tasks to queue
[2024-06-16T20:28:25.028+0000] {logging_mixin.py:188} INFO - [2024-06-16T20:28:25.028+0000] {dagbag.py:545} INFO - Filling up the DagBag from /home/airflow/.local/lib/python3.12/site-packages/airflow/example_dags/example_task_group_decorator.py
[2024-06-16T20:28:25.042+0000] {processor.py:840} INFO - DAG(s) 'example_task_group_decorator' retrieved from /home/airflow/.local/lib/python3.12/site-packages/airflow/example_dags/example_task_group_decorator.py
[2024-06-16T20:28:25.067+0000] {logging_mixin.py:188} INFO - [2024-06-16T20:28:25.067+0000] {dag.py:3096} INFO - Sync 1 DAGs
[2024-06-16T20:28:25.089+0000] {logging_mixin.py:188} INFO - [2024-06-16T20:28:25.088+0000] {dag.py:3954} INFO - Setting next_dagrun for example_task_group_decorator to 2024-06-15 00:00:00+00:00, run_after=2024-06-16 00:00:00+00:00
[2024-06-16T20:28:25.106+0000] {processor.py:183} INFO - Processing /home/airflow/.local/lib/python3.12/site-packages/airflow/example_dags/example_task_group_decorator.py took 0.086 seconds
[2024-06-16T20:28:55.497+0000] {processor.py:161} INFO - Started process (PID=211) to work on /home/airflow/.local/lib/python3.12/site-packages/airflow/example_dags/example_task_group_decorator.py
[2024-06-16T20:28:55.498+0000] {processor.py:830} INFO - Processing file /home/airflow/.local/lib/python3.12/site-packages/airflow/example_dags/example_task_group_decorator.py for tasks to queue
[2024-06-16T20:28:55.500+0000] {logging_mixin.py:188} INFO - [2024-06-16T20:28:55.499+0000] {dagbag.py:545} INFO - Filling up the DagBag from /home/airflow/.local/lib/python3.12/site-packages/airflow/example_dags/example_task_group_decorator.py
[2024-06-16T20:28:55.513+0000] {processor.py:840} INFO - DAG(s) 'example_task_group_decorator' retrieved from /home/airflow/.local/lib/python3.12/site-packages/airflow/example_dags/example_task_group_decorator.py
[2024-06-16T20:28:55.537+0000] {logging_mixin.py:188} INFO - [2024-06-16T20:28:55.537+0000] {dag.py:3096} INFO - Sync 1 DAGs
[2024-06-16T20:28:55.558+0000] {logging_mixin.py:188} INFO - [2024-06-16T20:28:55.558+0000] {dag.py:3954} INFO - Setting next_dagrun for example_task_group_decorator to 2024-06-15 00:00:00+00:00, run_after=2024-06-16 00:00:00+00:00
[2024-06-16T20:28:55.577+0000] {processor.py:183} INFO - Processing /home/airflow/.local/lib/python3.12/site-packages/airflow/example_dags/example_task_group_decorator.py took 0.085 seconds
[2024-06-16T20:29:25.695+0000] {processor.py:161} INFO - Started process (PID=269) to work on /home/airflow/.local/lib/python3.12/site-packages/airflow/example_dags/example_task_group_decorator.py
[2024-06-16T20:29:25.696+0000] {processor.py:830} INFO - Processing file /home/airflow/.local/lib/python3.12/site-packages/airflow/example_dags/example_task_group_decorator.py for tasks to queue
[2024-06-16T20:29:25.698+0000] {logging_mixin.py:188} INFO - [2024-06-16T20:29:25.698+0000] {dagbag.py:545} INFO - Filling up the DagBag from /home/airflow/.local/lib/python3.12/site-packages/airflow/example_dags/example_task_group_decorator.py
[2024-06-16T20:29:25.712+0000] {processor.py:840} INFO - DAG(s) 'example_task_group_decorator' retrieved from /home/airflow/.local/lib/python3.12/site-packages/airflow/example_dags/example_task_group_decorator.py
[2024-06-16T20:29:25.736+0000] {logging_mixin.py:188} INFO - [2024-06-16T20:29:25.736+0000] {dag.py:3096} INFO - Sync 1 DAGs
[2024-06-16T20:29:25.758+0000] {logging_mixin.py:188} INFO - [2024-06-16T20:29:25.758+0000] {dag.py:3954} INFO - Setting next_dagrun for example_task_group_decorator to 2024-06-15 00:00:00+00:00, run_after=2024-06-16 00:00:00+00:00
[2024-06-16T20:29:25.776+0000] {processor.py:183} INFO - Processing /home/airflow/.local/lib/python3.12/site-packages/airflow/example_dags/example_task_group_decorator.py took 0.089 seconds
[2024-06-16T20:29:55.865+0000] {processor.py:161} INFO - Started process (PID=326) to work on /home/airflow/.local/lib/python3.12/site-packages/airflow/example_dags/example_task_group_decorator.py
[2024-06-16T20:29:55.867+0000] {processor.py:830} INFO - Processing file /home/airflow/.local/lib/python3.12/site-packages/airflow/example_dags/example_task_group_decorator.py for tasks to queue
[2024-06-16T20:29:55.868+0000] {logging_mixin.py:188} INFO - [2024-06-16T20:29:55.868+0000] {dagbag.py:545} INFO - Filling up the DagBag from /home/airflow/.local/lib/python3.12/site-packages/airflow/example_dags/example_task_group_decorator.py
[2024-06-16T20:29:55.882+0000] {processor.py:840} INFO - DAG(s) 'example_task_group_decorator' retrieved from /home/airflow/.local/lib/python3.12/site-packages/airflow/example_dags/example_task_group_decorator.py
[2024-06-16T20:29:55.907+0000] {logging_mixin.py:188} INFO - [2024-06-16T20:29:55.907+0000] {dag.py:3096} INFO - Sync 1 DAGs
[2024-06-16T20:29:55.928+0000] {logging_mixin.py:188} INFO - [2024-06-16T20:29:55.928+0000] {dag.py:3954} INFO - Setting next_dagrun for example_task_group_decorator to 2024-06-15 00:00:00+00:00, run_after=2024-06-16 00:00:00+00:00
[2024-06-16T20:29:55.947+0000] {processor.py:183} INFO - Processing /home/airflow/.local/lib/python3.12/site-packages/airflow/example_dags/example_task_group_decorator.py took 0.087 seconds
[2024-06-16T20:30:26.165+0000] {processor.py:161} INFO - Started process (PID=384) to work on /home/airflow/.local/lib/python3.12/site-packages/airflow/example_dags/example_task_group_decorator.py
[2024-06-16T20:30:26.174+0000] {processor.py:830} INFO - Processing file /home/airflow/.local/lib/python3.12/site-packages/airflow/example_dags/example_task_group_decorator.py for tasks to queue
[2024-06-16T20:30:26.177+0000] {logging_mixin.py:188} INFO - [2024-06-16T20:30:26.177+0000] {dagbag.py:545} INFO - Filling up the DagBag from /home/airflow/.local/lib/python3.12/site-packages/airflow/example_dags/example_task_group_decorator.py
[2024-06-16T20:30:26.207+0000] {processor.py:840} INFO - DAG(s) 'example_task_group_decorator' retrieved from /home/airflow/.local/lib/python3.12/site-packages/airflow/example_dags/example_task_group_decorator.py
[2024-06-16T20:30:26.255+0000] {logging_mixin.py:188} INFO - [2024-06-16T20:30:26.255+0000] {dag.py:3096} INFO - Sync 1 DAGs
[2024-06-16T20:30:26.292+0000] {logging_mixin.py:188} INFO - [2024-06-16T20:30:26.292+0000] {dag.py:3954} INFO - Setting next_dagrun for example_task_group_decorator to 2024-06-15 00:00:00+00:00, run_after=2024-06-16 00:00:00+00:00
[2024-06-16T20:30:26.945+0000] {processor.py:183} INFO - Processing /home/airflow/.local/lib/python3.12/site-packages/airflow/example_dags/example_task_group_decorator.py took 0.788 seconds
[2024-06-16T20:30:57.279+0000] {processor.py:161} INFO - Started process (PID=442) to work on /home/airflow/.local/lib/python3.12/site-packages/airflow/example_dags/example_task_group_decorator.py
[2024-06-16T20:30:57.280+0000] {processor.py:830} INFO - Processing file /home/airflow/.local/lib/python3.12/site-packages/airflow/example_dags/example_task_group_decorator.py for tasks to queue
[2024-06-16T20:30:57.282+0000] {logging_mixin.py:188} INFO - [2024-06-16T20:30:57.282+0000] {dagbag.py:545} INFO - Filling up the DagBag from /home/airflow/.local/lib/python3.12/site-packages/airflow/example_dags/example_task_group_decorator.py
[2024-06-16T20:30:57.296+0000] {processor.py:840} INFO - DAG(s) 'example_task_group_decorator' retrieved from /home/airflow/.local/lib/python3.12/site-packages/airflow/example_dags/example_task_group_decorator.py
[2024-06-16T20:30:57.325+0000] {logging_mixin.py:188} INFO - [2024-06-16T20:30:57.325+0000] {dag.py:3096} INFO - Sync 1 DAGs
[2024-06-16T20:30:57.346+0000] {logging_mixin.py:188} INFO - [2024-06-16T20:30:57.346+0000] {dag.py:3954} INFO - Setting next_dagrun for example_task_group_decorator to 2024-06-15 00:00:00+00:00, run_after=2024-06-16 00:00:00+00:00
[2024-06-16T20:30:57.368+0000] {processor.py:183} INFO - Processing /home/airflow/.local/lib/python3.12/site-packages/airflow/example_dags/example_task_group_decorator.py took 0.096 seconds
[2024-06-16T20:31:27.467+0000] {processor.py:161} INFO - Started process (PID=500) to work on /home/airflow/.local/lib/python3.12/site-packages/airflow/example_dags/example_task_group_decorator.py
[2024-06-16T20:31:27.469+0000] {processor.py:830} INFO - Processing file /home/airflow/.local/lib/python3.12/site-packages/airflow/example_dags/example_task_group_decorator.py for tasks to queue
[2024-06-16T20:31:27.471+0000] {logging_mixin.py:188} INFO - [2024-06-16T20:31:27.471+0000] {dagbag.py:545} INFO - Filling up the DagBag from /home/airflow/.local/lib/python3.12/site-packages/airflow/example_dags/example_task_group_decorator.py
[2024-06-16T20:31:27.487+0000] {processor.py:840} INFO - DAG(s) 'example_task_group_decorator' retrieved from /home/airflow/.local/lib/python3.12/site-packages/airflow/example_dags/example_task_group_decorator.py
[2024-06-16T20:31:27.512+0000] {logging_mixin.py:188} INFO - [2024-06-16T20:31:27.512+0000] {dag.py:3096} INFO - Sync 1 DAGs
[2024-06-16T20:31:27.537+0000] {logging_mixin.py:188} INFO - [2024-06-16T20:31:27.536+0000] {dag.py:3954} INFO - Setting next_dagrun for example_task_group_decorator to 2024-06-15 00:00:00+00:00, run_after=2024-06-16 00:00:00+00:00
[2024-06-16T20:31:27.559+0000] {processor.py:183} INFO - Processing /home/airflow/.local/lib/python3.12/site-packages/airflow/example_dags/example_task_group_decorator.py took 0.098 seconds
[2024-06-16T20:31:58.083+0000] {processor.py:161} INFO - Started process (PID=558) to work on /home/airflow/.local/lib/python3.12/site-packages/airflow/example_dags/example_task_group_decorator.py
[2024-06-16T20:31:58.084+0000] {processor.py:830} INFO - Processing file /home/airflow/.local/lib/python3.12/site-packages/airflow/example_dags/example_task_group_decorator.py for tasks to queue
[2024-06-16T20:31:58.086+0000] {logging_mixin.py:188} INFO - [2024-06-16T20:31:58.086+0000] {dagbag.py:545} INFO - Filling up the DagBag from /home/airflow/.local/lib/python3.12/site-packages/airflow/example_dags/example_task_group_decorator.py
[2024-06-16T20:31:58.105+0000] {processor.py:840} INFO - DAG(s) 'example_task_group_decorator' retrieved from /home/airflow/.local/lib/python3.12/site-packages/airflow/example_dags/example_task_group_decorator.py
[2024-06-16T20:31:58.138+0000] {logging_mixin.py:188} INFO - [2024-06-16T20:31:58.137+0000] {dag.py:3096} INFO - Sync 1 DAGs
[2024-06-16T20:31:58.162+0000] {logging_mixin.py:188} INFO - [2024-06-16T20:31:58.162+0000] {dag.py:3954} INFO - Setting next_dagrun for example_task_group_decorator to 2024-06-15 00:00:00+00:00, run_after=2024-06-16 00:00:00+00:00
[2024-06-16T20:31:58.187+0000] {processor.py:183} INFO - Processing /home/airflow/.local/lib/python3.12/site-packages/airflow/example_dags/example_task_group_decorator.py took 0.109 seconds
[2024-06-16T20:32:28.776+0000] {processor.py:161} INFO - Started process (PID=616) to work on /home/airflow/.local/lib/python3.12/site-packages/airflow/example_dags/example_task_group_decorator.py
[2024-06-16T20:32:28.777+0000] {processor.py:830} INFO - Processing file /home/airflow/.local/lib/python3.12/site-packages/airflow/example_dags/example_task_group_decorator.py for tasks to queue
[2024-06-16T20:32:28.779+0000] {logging_mixin.py:188} INFO - [2024-06-16T20:32:28.779+0000] {dagbag.py:545} INFO - Filling up the DagBag from /home/airflow/.local/lib/python3.12/site-packages/airflow/example_dags/example_task_group_decorator.py
[2024-06-16T20:32:28.793+0000] {processor.py:840} INFO - DAG(s) 'example_task_group_decorator' retrieved from /home/airflow/.local/lib/python3.12/site-packages/airflow/example_dags/example_task_group_decorator.py
[2024-06-16T20:32:28.820+0000] {logging_mixin.py:188} INFO - [2024-06-16T20:32:28.820+0000] {dag.py:3096} INFO - Sync 1 DAGs
[2024-06-16T20:32:28.841+0000] {logging_mixin.py:188} INFO - [2024-06-16T20:32:28.841+0000] {dag.py:3954} INFO - Setting next_dagrun for example_task_group_decorator to 2024-06-15 00:00:00+00:00, run_after=2024-06-16 00:00:00+00:00
[2024-06-16T20:32:28.861+0000] {processor.py:183} INFO - Processing /home/airflow/.local/lib/python3.12/site-packages/airflow/example_dags/example_task_group_decorator.py took 0.092 seconds
[2024-06-16T20:32:59.369+0000] {processor.py:161} INFO - Started process (PID=674) to work on /home/airflow/.local/lib/python3.12/site-packages/airflow/example_dags/example_task_group_decorator.py
[2024-06-16T20:32:59.371+0000] {processor.py:830} INFO - Processing file /home/airflow/.local/lib/python3.12/site-packages/airflow/example_dags/example_task_group_decorator.py for tasks to queue
[2024-06-16T20:32:59.372+0000] {logging_mixin.py:188} INFO - [2024-06-16T20:32:59.372+0000] {dagbag.py:545} INFO - Filling up the DagBag from /home/airflow/.local/lib/python3.12/site-packages/airflow/example_dags/example_task_group_decorator.py
[2024-06-16T20:32:59.388+0000] {processor.py:840} INFO - DAG(s) 'example_task_group_decorator' retrieved from /home/airflow/.local/lib/python3.12/site-packages/airflow/example_dags/example_task_group_decorator.py
[2024-06-16T20:32:59.416+0000] {logging_mixin.py:188} INFO - [2024-06-16T20:32:59.416+0000] {dag.py:3096} INFO - Sync 1 DAGs
[2024-06-16T20:32:59.441+0000] {logging_mixin.py:188} INFO - [2024-06-16T20:32:59.441+0000] {dag.py:3954} INFO - Setting next_dagrun for example_task_group_decorator to 2024-06-15 00:00:00+00:00, run_after=2024-06-16 00:00:00+00:00
[2024-06-16T20:32:59.464+0000] {processor.py:183} INFO - Processing /home/airflow/.local/lib/python3.12/site-packages/airflow/example_dags/example_task_group_decorator.py took 0.101 seconds
[2024-06-16T20:33:29.980+0000] {processor.py:161} INFO - Started process (PID=732) to work on /home/airflow/.local/lib/python3.12/site-packages/airflow/example_dags/example_task_group_decorator.py
[2024-06-16T20:33:29.982+0000] {processor.py:830} INFO - Processing file /home/airflow/.local/lib/python3.12/site-packages/airflow/example_dags/example_task_group_decorator.py for tasks to queue
[2024-06-16T20:33:29.984+0000] {logging_mixin.py:188} INFO - [2024-06-16T20:33:29.983+0000] {dagbag.py:545} INFO - Filling up the DagBag from /home/airflow/.local/lib/python3.12/site-packages/airflow/example_dags/example_task_group_decorator.py
[2024-06-16T20:33:29.999+0000] {processor.py:840} INFO - DAG(s) 'example_task_group_decorator' retrieved from /home/airflow/.local/lib/python3.12/site-packages/airflow/example_dags/example_task_group_decorator.py
[2024-06-16T20:33:30.025+0000] {logging_mixin.py:188} INFO - [2024-06-16T20:33:30.024+0000] {dag.py:3096} INFO - Sync 1 DAGs
[2024-06-16T20:33:30.046+0000] {logging_mixin.py:188} INFO - [2024-06-16T20:33:30.046+0000] {dag.py:3954} INFO - Setting next_dagrun for example_task_group_decorator to 2024-06-15 00:00:00+00:00, run_after=2024-06-16 00:00:00+00:00
[2024-06-16T20:33:30.068+0000] {processor.py:183} INFO - Processing /home/airflow/.local/lib/python3.12/site-packages/airflow/example_dags/example_task_group_decorator.py took 0.094 seconds
[2024-06-16T20:34:00.690+0000] {processor.py:161} INFO - Started process (PID=790) to work on /home/airflow/.local/lib/python3.12/site-packages/airflow/example_dags/example_task_group_decorator.py
[2024-06-16T20:34:00.691+0000] {processor.py:830} INFO - Processing file /home/airflow/.local/lib/python3.12/site-packages/airflow/example_dags/example_task_group_decorator.py for tasks to queue
[2024-06-16T20:34:00.693+0000] {logging_mixin.py:188} INFO - [2024-06-16T20:34:00.693+0000] {dagbag.py:545} INFO - Filling up the DagBag from /home/airflow/.local/lib/python3.12/site-packages/airflow/example_dags/example_task_group_decorator.py
[2024-06-16T20:34:00.714+0000] {processor.py:840} INFO - DAG(s) 'example_task_group_decorator' retrieved from /home/airflow/.local/lib/python3.12/site-packages/airflow/example_dags/example_task_group_decorator.py
[2024-06-16T20:34:00.745+0000] {logging_mixin.py:188} INFO - [2024-06-16T20:34:00.744+0000] {dag.py:3096} INFO - Sync 1 DAGs
[2024-06-16T20:34:00.771+0000] {logging_mixin.py:188} INFO - [2024-06-16T20:34:00.770+0000] {dag.py:3954} INFO - Setting next_dagrun for example_task_group_decorator to 2024-06-15 00:00:00+00:00, run_after=2024-06-16 00:00:00+00:00
[2024-06-16T20:34:00.792+0000] {processor.py:183} INFO - Processing /home/airflow/.local/lib/python3.12/site-packages/airflow/example_dags/example_task_group_decorator.py took 0.111 seconds
[2024-06-16T20:34:30.881+0000] {processor.py:161} INFO - Started process (PID=854) to work on /home/airflow/.local/lib/python3.12/site-packages/airflow/example_dags/example_task_group_decorator.py
[2024-06-16T20:34:30.883+0000] {processor.py:830} INFO - Processing file /home/airflow/.local/lib/python3.12/site-packages/airflow/example_dags/example_task_group_decorator.py for tasks to queue
[2024-06-16T20:34:30.886+0000] {logging_mixin.py:188} INFO - [2024-06-16T20:34:30.885+0000] {dagbag.py:545} INFO - Filling up the DagBag from /home/airflow/.local/lib/python3.12/site-packages/airflow/example_dags/example_task_group_decorator.py
[2024-06-16T20:34:30.902+0000] {processor.py:840} INFO - DAG(s) 'example_task_group_decorator' retrieved from /home/airflow/.local/lib/python3.12/site-packages/airflow/example_dags/example_task_group_decorator.py
[2024-06-16T20:34:30.927+0000] {logging_mixin.py:188} INFO - [2024-06-16T20:34:30.927+0000] {dag.py:3096} INFO - Sync 1 DAGs
[2024-06-16T20:34:30.949+0000] {logging_mixin.py:188} INFO - [2024-06-16T20:34:30.949+0000] {dag.py:3954} INFO - Setting next_dagrun for example_task_group_decorator to 2024-06-15 00:00:00+00:00, run_after=2024-06-16 00:00:00+00:00
[2024-06-16T20:34:30.968+0000] {processor.py:183} INFO - Processing /home/airflow/.local/lib/python3.12/site-packages/airflow/example_dags/example_task_group_decorator.py took 0.098 seconds
[2024-06-16T20:35:01.110+0000] {processor.py:161} INFO - Started process (PID=912) to work on /home/airflow/.local/lib/python3.12/site-packages/airflow/example_dags/example_task_group_decorator.py
[2024-06-16T20:35:01.111+0000] {processor.py:830} INFO - Processing file /home/airflow/.local/lib/python3.12/site-packages/airflow/example_dags/example_task_group_decorator.py for tasks to queue
[2024-06-16T20:35:01.113+0000] {logging_mixin.py:188} INFO - [2024-06-16T20:35:01.113+0000] {dagbag.py:545} INFO - Filling up the DagBag from /home/airflow/.local/lib/python3.12/site-packages/airflow/example_dags/example_task_group_decorator.py
[2024-06-16T20:35:01.129+0000] {processor.py:840} INFO - DAG(s) 'example_task_group_decorator' retrieved from /home/airflow/.local/lib/python3.12/site-packages/airflow/example_dags/example_task_group_decorator.py
[2024-06-16T20:35:01.155+0000] {logging_mixin.py:188} INFO - [2024-06-16T20:35:01.154+0000] {dag.py:3096} INFO - Sync 1 DAGs
[2024-06-16T20:35:01.176+0000] {logging_mixin.py:188} INFO - [2024-06-16T20:35:01.176+0000] {dag.py:3954} INFO - Setting next_dagrun for example_task_group_decorator to 2024-06-15 00:00:00+00:00, run_after=2024-06-16 00:00:00+00:00
[2024-06-16T20:35:01.196+0000] {processor.py:183} INFO - Processing /home/airflow/.local/lib/python3.12/site-packages/airflow/example_dags/example_task_group_decorator.py took 0.096 seconds
[2024-06-16T20:35:31.466+0000] {processor.py:161} INFO - Started process (PID=970) to work on /home/airflow/.local/lib/python3.12/site-packages/airflow/example_dags/example_task_group_decorator.py
[2024-06-16T20:35:31.467+0000] {processor.py:830} INFO - Processing file /home/airflow/.local/lib/python3.12/site-packages/airflow/example_dags/example_task_group_decorator.py for tasks to queue
[2024-06-16T20:35:31.469+0000] {logging_mixin.py:188} INFO - [2024-06-16T20:35:31.469+0000] {dagbag.py:545} INFO - Filling up the DagBag from /home/airflow/.local/lib/python3.12/site-packages/airflow/example_dags/example_task_group_decorator.py
[2024-06-16T20:35:31.486+0000] {processor.py:840} INFO - DAG(s) 'example_task_group_decorator' retrieved from /home/airflow/.local/lib/python3.12/site-packages/airflow/example_dags/example_task_group_decorator.py
[2024-06-16T20:35:31.512+0000] {logging_mixin.py:188} INFO - [2024-06-16T20:35:31.512+0000] {dag.py:3096} INFO - Sync 1 DAGs
[2024-06-16T20:35:31.533+0000] {logging_mixin.py:188} INFO - [2024-06-16T20:35:31.533+0000] {dag.py:3954} INFO - Setting next_dagrun for example_task_group_decorator to 2024-06-15 00:00:00+00:00, run_after=2024-06-16 00:00:00+00:00
[2024-06-16T20:35:31.554+0000] {processor.py:183} INFO - Processing /home/airflow/.local/lib/python3.12/site-packages/airflow/example_dags/example_task_group_decorator.py took 0.099 seconds
[2024-06-16T20:36:01.607+0000] {processor.py:161} INFO - Started process (PID=1028) to work on /home/airflow/.local/lib/python3.12/site-packages/airflow/example_dags/example_task_group_decorator.py
[2024-06-16T20:36:01.609+0000] {processor.py:830} INFO - Processing file /home/airflow/.local/lib/python3.12/site-packages/airflow/example_dags/example_task_group_decorator.py for tasks to queue
[2024-06-16T20:36:01.611+0000] {logging_mixin.py:188} INFO - [2024-06-16T20:36:01.610+0000] {dagbag.py:545} INFO - Filling up the DagBag from /home/airflow/.local/lib/python3.12/site-packages/airflow/example_dags/example_task_group_decorator.py
[2024-06-16T20:36:01.626+0000] {processor.py:840} INFO - DAG(s) 'example_task_group_decorator' retrieved from /home/airflow/.local/lib/python3.12/site-packages/airflow/example_dags/example_task_group_decorator.py
[2024-06-16T20:36:01.653+0000] {logging_mixin.py:188} INFO - [2024-06-16T20:36:01.653+0000] {dag.py:3096} INFO - Sync 1 DAGs
[2024-06-16T20:36:01.677+0000] {logging_mixin.py:188} INFO - [2024-06-16T20:36:01.677+0000] {dag.py:3954} INFO - Setting next_dagrun for example_task_group_decorator to 2024-06-15 00:00:00+00:00, run_after=2024-06-16 00:00:00+00:00
[2024-06-16T20:36:01.701+0000] {processor.py:183} INFO - Processing /home/airflow/.local/lib/python3.12/site-packages/airflow/example_dags/example_task_group_decorator.py took 0.101 seconds
[2024-06-16T20:36:31.756+0000] {processor.py:161} INFO - Started process (PID=1086) to work on /home/airflow/.local/lib/python3.12/site-packages/airflow/example_dags/example_task_group_decorator.py
[2024-06-16T20:36:31.757+0000] {processor.py:830} INFO - Processing file /home/airflow/.local/lib/python3.12/site-packages/airflow/example_dags/example_task_group_decorator.py for tasks to queue
[2024-06-16T20:36:31.759+0000] {logging_mixin.py:188} INFO - [2024-06-16T20:36:31.759+0000] {dagbag.py:545} INFO - Filling up the DagBag from /home/airflow/.local/lib/python3.12/site-packages/airflow/example_dags/example_task_group_decorator.py
[2024-06-16T20:36:31.775+0000] {processor.py:840} INFO - DAG(s) 'example_task_group_decorator' retrieved from /home/airflow/.local/lib/python3.12/site-packages/airflow/example_dags/example_task_group_decorator.py
[2024-06-16T20:36:31.805+0000] {logging_mixin.py:188} INFO - [2024-06-16T20:36:31.805+0000] {dag.py:3096} INFO - Sync 1 DAGs
[2024-06-16T20:36:31.832+0000] {logging_mixin.py:188} INFO - [2024-06-16T20:36:31.832+0000] {dag.py:3954} INFO - Setting next_dagrun for example_task_group_decorator to 2024-06-15 00:00:00+00:00, run_after=2024-06-16 00:00:00+00:00
[2024-06-16T20:36:31.858+0000] {processor.py:183} INFO - Processing /home/airflow/.local/lib/python3.12/site-packages/airflow/example_dags/example_task_group_decorator.py took 0.108 seconds
[2024-06-16T20:37:02.092+0000] {processor.py:161} INFO - Started process (PID=1144) to work on /home/airflow/.local/lib/python3.12/site-packages/airflow/example_dags/example_task_group_decorator.py
[2024-06-16T20:37:02.094+0000] {processor.py:830} INFO - Processing file /home/airflow/.local/lib/python3.12/site-packages/airflow/example_dags/example_task_group_decorator.py for tasks to queue
[2024-06-16T20:37:02.096+0000] {logging_mixin.py:188} INFO - [2024-06-16T20:37:02.095+0000] {dagbag.py:545} INFO - Filling up the DagBag from /home/airflow/.local/lib/python3.12/site-packages/airflow/example_dags/example_task_group_decorator.py
[2024-06-16T20:37:02.114+0000] {processor.py:840} INFO - DAG(s) 'example_task_group_decorator' retrieved from /home/airflow/.local/lib/python3.12/site-packages/airflow/example_dags/example_task_group_decorator.py
[2024-06-16T20:37:02.143+0000] {logging_mixin.py:188} INFO - [2024-06-16T20:37:02.142+0000] {dag.py:3096} INFO - Sync 1 DAGs
[2024-06-16T20:37:02.167+0000] {logging_mixin.py:188} INFO - [2024-06-16T20:37:02.167+0000] {dag.py:3954} INFO - Setting next_dagrun for example_task_group_decorator to 2024-06-15 00:00:00+00:00, run_after=2024-06-16 00:00:00+00:00
[2024-06-16T20:37:02.187+0000] {processor.py:183} INFO - Processing /home/airflow/.local/lib/python3.12/site-packages/airflow/example_dags/example_task_group_decorator.py took 0.101 seconds
[2024-06-16T20:37:32.349+0000] {processor.py:161} INFO - Started process (PID=1202) to work on /home/airflow/.local/lib/python3.12/site-packages/airflow/example_dags/example_task_group_decorator.py
[2024-06-16T20:37:32.350+0000] {processor.py:830} INFO - Processing file /home/airflow/.local/lib/python3.12/site-packages/airflow/example_dags/example_task_group_decorator.py for tasks to queue
[2024-06-16T20:37:32.352+0000] {logging_mixin.py:188} INFO - [2024-06-16T20:37:32.352+0000] {dagbag.py:545} INFO - Filling up the DagBag from /home/airflow/.local/lib/python3.12/site-packages/airflow/example_dags/example_task_group_decorator.py
[2024-06-16T20:37:32.368+0000] {processor.py:840} INFO - DAG(s) 'example_task_group_decorator' retrieved from /home/airflow/.local/lib/python3.12/site-packages/airflow/example_dags/example_task_group_decorator.py
[2024-06-16T20:37:32.396+0000] {logging_mixin.py:188} INFO - [2024-06-16T20:37:32.395+0000] {dag.py:3096} INFO - Sync 1 DAGs
[2024-06-16T20:37:32.422+0000] {logging_mixin.py:188} INFO - [2024-06-16T20:37:32.422+0000] {dag.py:3954} INFO - Setting next_dagrun for example_task_group_decorator to 2024-06-15 00:00:00+00:00, run_after=2024-06-16 00:00:00+00:00
[2024-06-16T20:37:32.446+0000] {processor.py:183} INFO - Processing /home/airflow/.local/lib/python3.12/site-packages/airflow/example_dags/example_task_group_decorator.py took 0.103 seconds
[2024-06-16T20:38:02.527+0000] {processor.py:161} INFO - Started process (PID=1260) to work on /home/airflow/.local/lib/python3.12/site-packages/airflow/example_dags/example_task_group_decorator.py
[2024-06-16T20:38:02.529+0000] {processor.py:830} INFO - Processing file /home/airflow/.local/lib/python3.12/site-packages/airflow/example_dags/example_task_group_decorator.py for tasks to queue
[2024-06-16T20:38:02.531+0000] {logging_mixin.py:188} INFO - [2024-06-16T20:38:02.531+0000] {dagbag.py:545} INFO - Filling up the DagBag from /home/airflow/.local/lib/python3.12/site-packages/airflow/example_dags/example_task_group_decorator.py
[2024-06-16T20:38:02.546+0000] {processor.py:840} INFO - DAG(s) 'example_task_group_decorator' retrieved from /home/airflow/.local/lib/python3.12/site-packages/airflow/example_dags/example_task_group_decorator.py
[2024-06-16T20:38:02.571+0000] {logging_mixin.py:188} INFO - [2024-06-16T20:38:02.570+0000] {dag.py:3096} INFO - Sync 1 DAGs
[2024-06-16T20:38:02.592+0000] {logging_mixin.py:188} INFO - [2024-06-16T20:38:02.592+0000] {dag.py:3954} INFO - Setting next_dagrun for example_task_group_decorator to 2024-06-15 00:00:00+00:00, run_after=2024-06-16 00:00:00+00:00
[2024-06-16T20:38:02.612+0000] {processor.py:183} INFO - Processing /home/airflow/.local/lib/python3.12/site-packages/airflow/example_dags/example_task_group_decorator.py took 0.092 seconds
[2024-06-16T20:38:33.243+0000] {processor.py:161} INFO - Started process (PID=1318) to work on /home/airflow/.local/lib/python3.12/site-packages/airflow/example_dags/example_task_group_decorator.py
[2024-06-16T20:38:33.245+0000] {processor.py:830} INFO - Processing file /home/airflow/.local/lib/python3.12/site-packages/airflow/example_dags/example_task_group_decorator.py for tasks to queue
[2024-06-16T20:38:33.246+0000] {logging_mixin.py:188} INFO - [2024-06-16T20:38:33.246+0000] {dagbag.py:545} INFO - Filling up the DagBag from /home/airflow/.local/lib/python3.12/site-packages/airflow/example_dags/example_task_group_decorator.py
[2024-06-16T20:38:33.260+0000] {processor.py:840} INFO - DAG(s) 'example_task_group_decorator' retrieved from /home/airflow/.local/lib/python3.12/site-packages/airflow/example_dags/example_task_group_decorator.py
[2024-06-16T20:38:33.286+0000] {logging_mixin.py:188} INFO - [2024-06-16T20:38:33.286+0000] {dag.py:3096} INFO - Sync 1 DAGs
[2024-06-16T20:38:33.308+0000] {logging_mixin.py:188} INFO - [2024-06-16T20:38:33.307+0000] {dag.py:3954} INFO - Setting next_dagrun for example_task_group_decorator to 2024-06-15 00:00:00+00:00, run_after=2024-06-16 00:00:00+00:00
[2024-06-16T20:38:33.328+0000] {processor.py:183} INFO - Processing /home/airflow/.local/lib/python3.12/site-packages/airflow/example_dags/example_task_group_decorator.py took 0.091 seconds
[2024-06-16T20:39:03.854+0000] {processor.py:161} INFO - Started process (PID=1376) to work on /home/airflow/.local/lib/python3.12/site-packages/airflow/example_dags/example_task_group_decorator.py
[2024-06-16T20:39:03.856+0000] {processor.py:830} INFO - Processing file /home/airflow/.local/lib/python3.12/site-packages/airflow/example_dags/example_task_group_decorator.py for tasks to queue
[2024-06-16T20:39:03.857+0000] {logging_mixin.py:188} INFO - [2024-06-16T20:39:03.857+0000] {dagbag.py:545} INFO - Filling up the DagBag from /home/airflow/.local/lib/python3.12/site-packages/airflow/example_dags/example_task_group_decorator.py
[2024-06-16T20:39:03.871+0000] {processor.py:840} INFO - DAG(s) 'example_task_group_decorator' retrieved from /home/airflow/.local/lib/python3.12/site-packages/airflow/example_dags/example_task_group_decorator.py
[2024-06-16T20:39:03.896+0000] {logging_mixin.py:188} INFO - [2024-06-16T20:39:03.895+0000] {dag.py:3096} INFO - Sync 1 DAGs
[2024-06-16T20:39:03.917+0000] {logging_mixin.py:188} INFO - [2024-06-16T20:39:03.917+0000] {dag.py:3954} INFO - Setting next_dagrun for example_task_group_decorator to 2024-06-15 00:00:00+00:00, run_after=2024-06-16 00:00:00+00:00
[2024-06-16T20:39:03.937+0000] {processor.py:183} INFO - Processing /home/airflow/.local/lib/python3.12/site-packages/airflow/example_dags/example_task_group_decorator.py took 0.091 seconds
[2024-06-16T20:39:34.327+0000] {processor.py:161} INFO - Started process (PID=1434) to work on /home/airflow/.local/lib/python3.12/site-packages/airflow/example_dags/example_task_group_decorator.py
[2024-06-16T20:39:34.329+0000] {processor.py:830} INFO - Processing file /home/airflow/.local/lib/python3.12/site-packages/airflow/example_dags/example_task_group_decorator.py for tasks to queue
[2024-06-16T20:39:34.331+0000] {logging_mixin.py:188} INFO - [2024-06-16T20:39:34.330+0000] {dagbag.py:545} INFO - Filling up the DagBag from /home/airflow/.local/lib/python3.12/site-packages/airflow/example_dags/example_task_group_decorator.py
[2024-06-16T20:39:34.352+0000] {processor.py:840} INFO - DAG(s) 'example_task_group_decorator' retrieved from /home/airflow/.local/lib/python3.12/site-packages/airflow/example_dags/example_task_group_decorator.py
[2024-06-16T20:39:34.381+0000] {logging_mixin.py:188} INFO - [2024-06-16T20:39:34.381+0000] {dag.py:3096} INFO - Sync 1 DAGs
[2024-06-16T20:39:34.408+0000] {logging_mixin.py:188} INFO - [2024-06-16T20:39:34.407+0000] {dag.py:3954} INFO - Setting next_dagrun for example_task_group_decorator to 2024-06-15 00:00:00+00:00, run_after=2024-06-16 00:00:00+00:00
[2024-06-16T20:39:34.430+0000] {processor.py:183} INFO - Processing /home/airflow/.local/lib/python3.12/site-packages/airflow/example_dags/example_task_group_decorator.py took 0.112 seconds
[2024-06-16T20:40:04.967+0000] {processor.py:161} INFO - Started process (PID=1492) to work on /home/airflow/.local/lib/python3.12/site-packages/airflow/example_dags/example_task_group_decorator.py
[2024-06-16T20:40:04.969+0000] {processor.py:830} INFO - Processing file /home/airflow/.local/lib/python3.12/site-packages/airflow/example_dags/example_task_group_decorator.py for tasks to queue
[2024-06-16T20:40:04.972+0000] {logging_mixin.py:188} INFO - [2024-06-16T20:40:04.971+0000] {dagbag.py:545} INFO - Filling up the DagBag from /home/airflow/.local/lib/python3.12/site-packages/airflow/example_dags/example_task_group_decorator.py
[2024-06-16T20:40:04.987+0000] {processor.py:840} INFO - DAG(s) 'example_task_group_decorator' retrieved from /home/airflow/.local/lib/python3.12/site-packages/airflow/example_dags/example_task_group_decorator.py
[2024-06-16T20:40:05.013+0000] {logging_mixin.py:188} INFO - [2024-06-16T20:40:05.013+0000] {dag.py:3096} INFO - Sync 1 DAGs
[2024-06-16T20:40:05.035+0000] {logging_mixin.py:188} INFO - [2024-06-16T20:40:05.034+0000] {dag.py:3954} INFO - Setting next_dagrun for example_task_group_decorator to 2024-06-15 00:00:00+00:00, run_after=2024-06-16 00:00:00+00:00
[2024-06-16T20:40:05.055+0000] {processor.py:183} INFO - Processing /home/airflow/.local/lib/python3.12/site-packages/airflow/example_dags/example_task_group_decorator.py took 0.094 seconds
[2024-06-16T20:40:35.536+0000] {processor.py:161} INFO - Started process (PID=1550) to work on /home/airflow/.local/lib/python3.12/site-packages/airflow/example_dags/example_task_group_decorator.py
[2024-06-16T20:40:35.537+0000] {processor.py:830} INFO - Processing file /home/airflow/.local/lib/python3.12/site-packages/airflow/example_dags/example_task_group_decorator.py for tasks to queue
[2024-06-16T20:40:35.539+0000] {logging_mixin.py:188} INFO - [2024-06-16T20:40:35.539+0000] {dagbag.py:545} INFO - Filling up the DagBag from /home/airflow/.local/lib/python3.12/site-packages/airflow/example_dags/example_task_group_decorator.py
[2024-06-16T20:40:35.553+0000] {processor.py:840} INFO - DAG(s) 'example_task_group_decorator' retrieved from /home/airflow/.local/lib/python3.12/site-packages/airflow/example_dags/example_task_group_decorator.py
[2024-06-16T20:40:35.579+0000] {logging_mixin.py:188} INFO - [2024-06-16T20:40:35.579+0000] {dag.py:3096} INFO - Sync 1 DAGs
[2024-06-16T20:40:35.600+0000] {logging_mixin.py:188} INFO - [2024-06-16T20:40:35.600+0000] {dag.py:3954} INFO - Setting next_dagrun for example_task_group_decorator to 2024-06-15 00:00:00+00:00, run_after=2024-06-16 00:00:00+00:00
[2024-06-16T20:40:35.621+0000] {processor.py:183} INFO - Processing /home/airflow/.local/lib/python3.12/site-packages/airflow/example_dags/example_task_group_decorator.py took 0.092 seconds
[2024-06-16T20:41:06.072+0000] {processor.py:161} INFO - Started process (PID=1608) to work on /home/airflow/.local/lib/python3.12/site-packages/airflow/example_dags/example_task_group_decorator.py
[2024-06-16T20:41:06.074+0000] {processor.py:830} INFO - Processing file /home/airflow/.local/lib/python3.12/site-packages/airflow/example_dags/example_task_group_decorator.py for tasks to queue
[2024-06-16T20:41:06.075+0000] {logging_mixin.py:188} INFO - [2024-06-16T20:41:06.075+0000] {dagbag.py:545} INFO - Filling up the DagBag from /home/airflow/.local/lib/python3.12/site-packages/airflow/example_dags/example_task_group_decorator.py
[2024-06-16T20:41:06.091+0000] {processor.py:840} INFO - DAG(s) 'example_task_group_decorator' retrieved from /home/airflow/.local/lib/python3.12/site-packages/airflow/example_dags/example_task_group_decorator.py
[2024-06-16T20:41:06.122+0000] {logging_mixin.py:188} INFO - [2024-06-16T20:41:06.121+0000] {dag.py:3096} INFO - Sync 1 DAGs
[2024-06-16T20:41:06.146+0000] {logging_mixin.py:188} INFO - [2024-06-16T20:41:06.146+0000] {dag.py:3954} INFO - Setting next_dagrun for example_task_group_decorator to 2024-06-15 00:00:00+00:00, run_after=2024-06-16 00:00:00+00:00
[2024-06-16T20:41:06.166+0000] {processor.py:183} INFO - Processing /home/airflow/.local/lib/python3.12/site-packages/airflow/example_dags/example_task_group_decorator.py took 0.099 seconds
[2024-06-16T20:41:36.746+0000] {processor.py:161} INFO - Started process (PID=1666) to work on /home/airflow/.local/lib/python3.12/site-packages/airflow/example_dags/example_task_group_decorator.py
[2024-06-16T20:41:36.748+0000] {processor.py:830} INFO - Processing file /home/airflow/.local/lib/python3.12/site-packages/airflow/example_dags/example_task_group_decorator.py for tasks to queue
[2024-06-16T20:41:36.750+0000] {logging_mixin.py:188} INFO - [2024-06-16T20:41:36.750+0000] {dagbag.py:545} INFO - Filling up the DagBag from /home/airflow/.local/lib/python3.12/site-packages/airflow/example_dags/example_task_group_decorator.py
[2024-06-16T20:41:36.767+0000] {processor.py:840} INFO - DAG(s) 'example_task_group_decorator' retrieved from /home/airflow/.local/lib/python3.12/site-packages/airflow/example_dags/example_task_group_decorator.py
[2024-06-16T20:41:36.794+0000] {logging_mixin.py:188} INFO - [2024-06-16T20:41:36.794+0000] {dag.py:3096} INFO - Sync 1 DAGs
[2024-06-16T20:41:36.817+0000] {logging_mixin.py:188} INFO - [2024-06-16T20:41:36.817+0000] {dag.py:3954} INFO - Setting next_dagrun for example_task_group_decorator to 2024-06-15 00:00:00+00:00, run_after=2024-06-16 00:00:00+00:00
[2024-06-16T20:41:36.837+0000] {processor.py:183} INFO - Processing /home/airflow/.local/lib/python3.12/site-packages/airflow/example_dags/example_task_group_decorator.py took 0.096 seconds
[2024-06-16T20:42:07.523+0000] {processor.py:161} INFO - Started process (PID=1724) to work on /home/airflow/.local/lib/python3.12/site-packages/airflow/example_dags/example_task_group_decorator.py
[2024-06-16T20:42:07.524+0000] {processor.py:830} INFO - Processing file /home/airflow/.local/lib/python3.12/site-packages/airflow/example_dags/example_task_group_decorator.py for tasks to queue
[2024-06-16T20:42:07.526+0000] {logging_mixin.py:188} INFO - [2024-06-16T20:42:07.526+0000] {dagbag.py:545} INFO - Filling up the DagBag from /home/airflow/.local/lib/python3.12/site-packages/airflow/example_dags/example_task_group_decorator.py
[2024-06-16T20:42:07.540+0000] {processor.py:840} INFO - DAG(s) 'example_task_group_decorator' retrieved from /home/airflow/.local/lib/python3.12/site-packages/airflow/example_dags/example_task_group_decorator.py
[2024-06-16T20:42:07.567+0000] {logging_mixin.py:188} INFO - [2024-06-16T20:42:07.566+0000] {dag.py:3096} INFO - Sync 1 DAGs
[2024-06-16T20:42:07.594+0000] {logging_mixin.py:188} INFO - [2024-06-16T20:42:07.593+0000] {dag.py:3954} INFO - Setting next_dagrun for example_task_group_decorator to 2024-06-15 00:00:00+00:00, run_after=2024-06-16 00:00:00+00:00
[2024-06-16T20:42:07.615+0000] {processor.py:183} INFO - Processing /home/airflow/.local/lib/python3.12/site-packages/airflow/example_dags/example_task_group_decorator.py took 0.099 seconds
[2024-06-16T20:42:38.001+0000] {processor.py:161} INFO - Started process (PID=1782) to work on /home/airflow/.local/lib/python3.12/site-packages/airflow/example_dags/example_task_group_decorator.py
[2024-06-16T20:42:38.003+0000] {processor.py:830} INFO - Processing file /home/airflow/.local/lib/python3.12/site-packages/airflow/example_dags/example_task_group_decorator.py for tasks to queue
[2024-06-16T20:42:38.005+0000] {logging_mixin.py:188} INFO - [2024-06-16T20:42:38.005+0000] {dagbag.py:545} INFO - Filling up the DagBag from /home/airflow/.local/lib/python3.12/site-packages/airflow/example_dags/example_task_group_decorator.py
[2024-06-16T20:42:38.024+0000] {processor.py:840} INFO - DAG(s) 'example_task_group_decorator' retrieved from /home/airflow/.local/lib/python3.12/site-packages/airflow/example_dags/example_task_group_decorator.py
[2024-06-16T20:42:38.051+0000] {logging_mixin.py:188} INFO - [2024-06-16T20:42:38.050+0000] {dag.py:3096} INFO - Sync 1 DAGs
[2024-06-16T20:42:38.073+0000] {logging_mixin.py:188} INFO - [2024-06-16T20:42:38.072+0000] {dag.py:3954} INFO - Setting next_dagrun for example_task_group_decorator to 2024-06-15 00:00:00+00:00, run_after=2024-06-16 00:00:00+00:00
[2024-06-16T20:42:38.223+0000] {processor.py:183} INFO - Processing /home/airflow/.local/lib/python3.12/site-packages/airflow/example_dags/example_task_group_decorator.py took 0.228 seconds
[2024-06-16T20:43:09.095+0000] {processor.py:161} INFO - Started process (PID=1840) to work on /home/airflow/.local/lib/python3.12/site-packages/airflow/example_dags/example_task_group_decorator.py
[2024-06-16T20:43:09.097+0000] {processor.py:830} INFO - Processing file /home/airflow/.local/lib/python3.12/site-packages/airflow/example_dags/example_task_group_decorator.py for tasks to queue
[2024-06-16T20:43:09.099+0000] {logging_mixin.py:188} INFO - [2024-06-16T20:43:09.098+0000] {dagbag.py:545} INFO - Filling up the DagBag from /home/airflow/.local/lib/python3.12/site-packages/airflow/example_dags/example_task_group_decorator.py
[2024-06-16T20:43:09.114+0000] {processor.py:840} INFO - DAG(s) 'example_task_group_decorator' retrieved from /home/airflow/.local/lib/python3.12/site-packages/airflow/example_dags/example_task_group_decorator.py
[2024-06-16T20:43:09.141+0000] {logging_mixin.py:188} INFO - [2024-06-16T20:43:09.141+0000] {dag.py:3096} INFO - Sync 1 DAGs
[2024-06-16T20:43:09.163+0000] {logging_mixin.py:188} INFO - [2024-06-16T20:43:09.162+0000] {dag.py:3954} INFO - Setting next_dagrun for example_task_group_decorator to 2024-06-15 00:00:00+00:00, run_after=2024-06-16 00:00:00+00:00
[2024-06-16T20:43:09.182+0000] {processor.py:183} INFO - Processing /home/airflow/.local/lib/python3.12/site-packages/airflow/example_dags/example_task_group_decorator.py took 0.093 seconds
[2024-06-16T20:43:39.363+0000] {processor.py:161} INFO - Started process (PID=1898) to work on /home/airflow/.local/lib/python3.12/site-packages/airflow/example_dags/example_task_group_decorator.py
[2024-06-16T20:43:39.364+0000] {processor.py:830} INFO - Processing file /home/airflow/.local/lib/python3.12/site-packages/airflow/example_dags/example_task_group_decorator.py for tasks to queue
[2024-06-16T20:43:39.366+0000] {logging_mixin.py:188} INFO - [2024-06-16T20:43:39.366+0000] {dagbag.py:545} INFO - Filling up the DagBag from /home/airflow/.local/lib/python3.12/site-packages/airflow/example_dags/example_task_group_decorator.py
[2024-06-16T20:43:39.380+0000] {processor.py:840} INFO - DAG(s) 'example_task_group_decorator' retrieved from /home/airflow/.local/lib/python3.12/site-packages/airflow/example_dags/example_task_group_decorator.py
[2024-06-16T20:43:39.407+0000] {logging_mixin.py:188} INFO - [2024-06-16T20:43:39.406+0000] {dag.py:3096} INFO - Sync 1 DAGs
[2024-06-16T20:43:39.429+0000] {logging_mixin.py:188} INFO - [2024-06-16T20:43:39.429+0000] {dag.py:3954} INFO - Setting next_dagrun for example_task_group_decorator to 2024-06-15 00:00:00+00:00, run_after=2024-06-16 00:00:00+00:00
[2024-06-16T20:43:39.448+0000] {processor.py:183} INFO - Processing /home/airflow/.local/lib/python3.12/site-packages/airflow/example_dags/example_task_group_decorator.py took 0.091 seconds
[2024-06-16T20:44:10.069+0000] {processor.py:161} INFO - Started process (PID=1956) to work on /home/airflow/.local/lib/python3.12/site-packages/airflow/example_dags/example_task_group_decorator.py
[2024-06-16T20:44:10.070+0000] {processor.py:830} INFO - Processing file /home/airflow/.local/lib/python3.12/site-packages/airflow/example_dags/example_task_group_decorator.py for tasks to queue
[2024-06-16T20:44:10.072+0000] {logging_mixin.py:188} INFO - [2024-06-16T20:44:10.072+0000] {dagbag.py:545} INFO - Filling up the DagBag from /home/airflow/.local/lib/python3.12/site-packages/airflow/example_dags/example_task_group_decorator.py
[2024-06-16T20:44:10.087+0000] {processor.py:840} INFO - DAG(s) 'example_task_group_decorator' retrieved from /home/airflow/.local/lib/python3.12/site-packages/airflow/example_dags/example_task_group_decorator.py
[2024-06-16T20:44:10.117+0000] {logging_mixin.py:188} INFO - [2024-06-16T20:44:10.117+0000] {dag.py:3096} INFO - Sync 1 DAGs
[2024-06-16T20:44:10.138+0000] {logging_mixin.py:188} INFO - [2024-06-16T20:44:10.137+0000] {dag.py:3954} INFO - Setting next_dagrun for example_task_group_decorator to 2024-06-15 00:00:00+00:00, run_after=2024-06-16 00:00:00+00:00
[2024-06-16T20:44:10.157+0000] {processor.py:183} INFO - Processing /home/airflow/.local/lib/python3.12/site-packages/airflow/example_dags/example_task_group_decorator.py took 0.094 seconds
[2024-06-16T20:44:40.358+0000] {processor.py:161} INFO - Started process (PID=2014) to work on /home/airflow/.local/lib/python3.12/site-packages/airflow/example_dags/example_task_group_decorator.py
[2024-06-16T20:44:40.360+0000] {processor.py:830} INFO - Processing file /home/airflow/.local/lib/python3.12/site-packages/airflow/example_dags/example_task_group_decorator.py for tasks to queue
[2024-06-16T20:44:40.361+0000] {logging_mixin.py:188} INFO - [2024-06-16T20:44:40.361+0000] {dagbag.py:545} INFO - Filling up the DagBag from /home/airflow/.local/lib/python3.12/site-packages/airflow/example_dags/example_task_group_decorator.py
[2024-06-16T20:44:40.522+0000] {processor.py:840} INFO - DAG(s) 'example_task_group_decorator' retrieved from /home/airflow/.local/lib/python3.12/site-packages/airflow/example_dags/example_task_group_decorator.py
[2024-06-16T20:44:40.547+0000] {logging_mixin.py:188} INFO - [2024-06-16T20:44:40.547+0000] {dag.py:3096} INFO - Sync 1 DAGs
[2024-06-16T20:44:40.565+0000] {logging_mixin.py:188} INFO - [2024-06-16T20:44:40.565+0000] {dag.py:3954} INFO - Setting next_dagrun for example_task_group_decorator to 2024-06-15 00:00:00+00:00, run_after=2024-06-16 00:00:00+00:00
[2024-06-16T20:44:40.582+0000] {processor.py:183} INFO - Processing /home/airflow/.local/lib/python3.12/site-packages/airflow/example_dags/example_task_group_decorator.py took 0.235 seconds
[2024-06-16T20:45:11.500+0000] {processor.py:161} INFO - Started process (PID=2072) to work on /home/airflow/.local/lib/python3.12/site-packages/airflow/example_dags/example_task_group_decorator.py
[2024-06-16T20:45:11.501+0000] {processor.py:830} INFO - Processing file /home/airflow/.local/lib/python3.12/site-packages/airflow/example_dags/example_task_group_decorator.py for tasks to queue
[2024-06-16T20:45:11.504+0000] {logging_mixin.py:188} INFO - [2024-06-16T20:45:11.503+0000] {dagbag.py:545} INFO - Filling up the DagBag from /home/airflow/.local/lib/python3.12/site-packages/airflow/example_dags/example_task_group_decorator.py
[2024-06-16T20:45:11.520+0000] {processor.py:840} INFO - DAG(s) 'example_task_group_decorator' retrieved from /home/airflow/.local/lib/python3.12/site-packages/airflow/example_dags/example_task_group_decorator.py
[2024-06-16T20:45:11.547+0000] {logging_mixin.py:188} INFO - [2024-06-16T20:45:11.547+0000] {dag.py:3096} INFO - Sync 1 DAGs
[2024-06-16T20:45:11.569+0000] {logging_mixin.py:188} INFO - [2024-06-16T20:45:11.569+0000] {dag.py:3954} INFO - Setting next_dagrun for example_task_group_decorator to 2024-06-15 00:00:00+00:00, run_after=2024-06-16 00:00:00+00:00
[2024-06-16T20:45:11.589+0000] {processor.py:183} INFO - Processing /home/airflow/.local/lib/python3.12/site-packages/airflow/example_dags/example_task_group_decorator.py took 0.096 seconds
[2024-06-16T20:45:42.031+0000] {processor.py:161} INFO - Started process (PID=2130) to work on /home/airflow/.local/lib/python3.12/site-packages/airflow/example_dags/example_task_group_decorator.py
[2024-06-16T20:45:42.032+0000] {processor.py:830} INFO - Processing file /home/airflow/.local/lib/python3.12/site-packages/airflow/example_dags/example_task_group_decorator.py for tasks to queue
[2024-06-16T20:45:42.034+0000] {logging_mixin.py:188} INFO - [2024-06-16T20:45:42.034+0000] {dagbag.py:545} INFO - Filling up the DagBag from /home/airflow/.local/lib/python3.12/site-packages/airflow/example_dags/example_task_group_decorator.py
[2024-06-16T20:45:42.047+0000] {processor.py:840} INFO - DAG(s) 'example_task_group_decorator' retrieved from /home/airflow/.local/lib/python3.12/site-packages/airflow/example_dags/example_task_group_decorator.py
[2024-06-16T20:45:42.072+0000] {logging_mixin.py:188} INFO - [2024-06-16T20:45:42.072+0000] {dag.py:3096} INFO - Sync 1 DAGs
[2024-06-16T20:45:42.098+0000] {logging_mixin.py:188} INFO - [2024-06-16T20:45:42.098+0000] {dag.py:3954} INFO - Setting next_dagrun for example_task_group_decorator to 2024-06-15 00:00:00+00:00, run_after=2024-06-16 00:00:00+00:00
[2024-06-16T20:45:42.119+0000] {processor.py:183} INFO - Processing /home/airflow/.local/lib/python3.12/site-packages/airflow/example_dags/example_task_group_decorator.py took 0.094 seconds
[2024-06-16T20:46:12.384+0000] {processor.py:161} INFO - Started process (PID=2188) to work on /home/airflow/.local/lib/python3.12/site-packages/airflow/example_dags/example_task_group_decorator.py
[2024-06-16T20:46:12.386+0000] {processor.py:830} INFO - Processing file /home/airflow/.local/lib/python3.12/site-packages/airflow/example_dags/example_task_group_decorator.py for tasks to queue
[2024-06-16T20:46:12.388+0000] {logging_mixin.py:188} INFO - [2024-06-16T20:46:12.388+0000] {dagbag.py:545} INFO - Filling up the DagBag from /home/airflow/.local/lib/python3.12/site-packages/airflow/example_dags/example_task_group_decorator.py
[2024-06-16T20:46:12.403+0000] {processor.py:840} INFO - DAG(s) 'example_task_group_decorator' retrieved from /home/airflow/.local/lib/python3.12/site-packages/airflow/example_dags/example_task_group_decorator.py
[2024-06-16T20:46:12.428+0000] {logging_mixin.py:188} INFO - [2024-06-16T20:46:12.428+0000] {dag.py:3096} INFO - Sync 1 DAGs
[2024-06-16T20:46:12.449+0000] {logging_mixin.py:188} INFO - [2024-06-16T20:46:12.449+0000] {dag.py:3954} INFO - Setting next_dagrun for example_task_group_decorator to 2024-06-15 00:00:00+00:00, run_after=2024-06-16 00:00:00+00:00
[2024-06-16T20:46:12.469+0000] {processor.py:183} INFO - Processing /home/airflow/.local/lib/python3.12/site-packages/airflow/example_dags/example_task_group_decorator.py took 0.091 seconds
[2024-06-16T20:46:42.876+0000] {processor.py:161} INFO - Started process (PID=2246) to work on /home/airflow/.local/lib/python3.12/site-packages/airflow/example_dags/example_task_group_decorator.py
[2024-06-16T20:46:42.878+0000] {processor.py:830} INFO - Processing file /home/airflow/.local/lib/python3.12/site-packages/airflow/example_dags/example_task_group_decorator.py for tasks to queue
[2024-06-16T20:46:42.880+0000] {logging_mixin.py:188} INFO - [2024-06-16T20:46:42.879+0000] {dagbag.py:545} INFO - Filling up the DagBag from /home/airflow/.local/lib/python3.12/site-packages/airflow/example_dags/example_task_group_decorator.py
[2024-06-16T20:46:42.895+0000] {processor.py:840} INFO - DAG(s) 'example_task_group_decorator' retrieved from /home/airflow/.local/lib/python3.12/site-packages/airflow/example_dags/example_task_group_decorator.py
[2024-06-16T20:46:42.922+0000] {logging_mixin.py:188} INFO - [2024-06-16T20:46:42.922+0000] {dag.py:3096} INFO - Sync 1 DAGs
[2024-06-16T20:46:42.944+0000] {logging_mixin.py:188} INFO - [2024-06-16T20:46:42.944+0000] {dag.py:3954} INFO - Setting next_dagrun for example_task_group_decorator to 2024-06-15 00:00:00+00:00, run_after=2024-06-16 00:00:00+00:00
[2024-06-16T20:46:42.964+0000] {processor.py:183} INFO - Processing /home/airflow/.local/lib/python3.12/site-packages/airflow/example_dags/example_task_group_decorator.py took 0.094 seconds
[2024-06-16T20:47:13.295+0000] {processor.py:161} INFO - Started process (PID=2304) to work on /home/airflow/.local/lib/python3.12/site-packages/airflow/example_dags/example_task_group_decorator.py
[2024-06-16T20:47:13.299+0000] {processor.py:830} INFO - Processing file /home/airflow/.local/lib/python3.12/site-packages/airflow/example_dags/example_task_group_decorator.py for tasks to queue
[2024-06-16T20:47:13.301+0000] {logging_mixin.py:188} INFO - [2024-06-16T20:47:13.301+0000] {dagbag.py:545} INFO - Filling up the DagBag from /home/airflow/.local/lib/python3.12/site-packages/airflow/example_dags/example_task_group_decorator.py
[2024-06-16T20:47:13.316+0000] {processor.py:840} INFO - DAG(s) 'example_task_group_decorator' retrieved from /home/airflow/.local/lib/python3.12/site-packages/airflow/example_dags/example_task_group_decorator.py
[2024-06-16T20:47:13.340+0000] {logging_mixin.py:188} INFO - [2024-06-16T20:47:13.340+0000] {dag.py:3096} INFO - Sync 1 DAGs
[2024-06-16T20:47:13.363+0000] {logging_mixin.py:188} INFO - [2024-06-16T20:47:13.362+0000] {dag.py:3954} INFO - Setting next_dagrun for example_task_group_decorator to 2024-06-15 00:00:00+00:00, run_after=2024-06-16 00:00:00+00:00
[2024-06-16T20:47:13.383+0000] {processor.py:183} INFO - Processing /home/airflow/.local/lib/python3.12/site-packages/airflow/example_dags/example_task_group_decorator.py took 0.093 seconds
[2024-06-16T20:47:43.764+0000] {processor.py:161} INFO - Started process (PID=2362) to work on /home/airflow/.local/lib/python3.12/site-packages/airflow/example_dags/example_task_group_decorator.py
[2024-06-16T20:47:43.786+0000] {processor.py:830} INFO - Processing file /home/airflow/.local/lib/python3.12/site-packages/airflow/example_dags/example_task_group_decorator.py for tasks to queue
[2024-06-16T20:47:43.788+0000] {logging_mixin.py:188} INFO - [2024-06-16T20:47:43.788+0000] {dagbag.py:545} INFO - Filling up the DagBag from /home/airflow/.local/lib/python3.12/site-packages/airflow/example_dags/example_task_group_decorator.py
[2024-06-16T20:47:43.803+0000] {processor.py:840} INFO - DAG(s) 'example_task_group_decorator' retrieved from /home/airflow/.local/lib/python3.12/site-packages/airflow/example_dags/example_task_group_decorator.py
[2024-06-16T20:47:43.830+0000] {logging_mixin.py:188} INFO - [2024-06-16T20:47:43.830+0000] {dag.py:3096} INFO - Sync 1 DAGs
[2024-06-16T20:47:43.850+0000] {logging_mixin.py:188} INFO - [2024-06-16T20:47:43.850+0000] {dag.py:3954} INFO - Setting next_dagrun for example_task_group_decorator to 2024-06-15 00:00:00+00:00, run_after=2024-06-16 00:00:00+00:00
[2024-06-16T20:47:43.870+0000] {processor.py:183} INFO - Processing /home/airflow/.local/lib/python3.12/site-packages/airflow/example_dags/example_task_group_decorator.py took 0.115 seconds
[2024-06-16T20:48:14.167+0000] {processor.py:161} INFO - Started process (PID=2420) to work on /home/airflow/.local/lib/python3.12/site-packages/airflow/example_dags/example_task_group_decorator.py
[2024-06-16T20:48:14.169+0000] {processor.py:830} INFO - Processing file /home/airflow/.local/lib/python3.12/site-packages/airflow/example_dags/example_task_group_decorator.py for tasks to queue
[2024-06-16T20:48:14.171+0000] {logging_mixin.py:188} INFO - [2024-06-16T20:48:14.170+0000] {dagbag.py:545} INFO - Filling up the DagBag from /home/airflow/.local/lib/python3.12/site-packages/airflow/example_dags/example_task_group_decorator.py
[2024-06-16T20:48:14.184+0000] {processor.py:840} INFO - DAG(s) 'example_task_group_decorator' retrieved from /home/airflow/.local/lib/python3.12/site-packages/airflow/example_dags/example_task_group_decorator.py
[2024-06-16T20:48:14.211+0000] {logging_mixin.py:188} INFO - [2024-06-16T20:48:14.211+0000] {dag.py:3096} INFO - Sync 1 DAGs
[2024-06-16T20:48:14.231+0000] {logging_mixin.py:188} INFO - [2024-06-16T20:48:14.231+0000] {dag.py:3954} INFO - Setting next_dagrun for example_task_group_decorator to 2024-06-15 00:00:00+00:00, run_after=2024-06-16 00:00:00+00:00
[2024-06-16T20:48:14.253+0000] {processor.py:183} INFO - Processing /home/airflow/.local/lib/python3.12/site-packages/airflow/example_dags/example_task_group_decorator.py took 0.097 seconds
[2024-06-16T20:48:44.736+0000] {processor.py:161} INFO - Started process (PID=2478) to work on /home/airflow/.local/lib/python3.12/site-packages/airflow/example_dags/example_task_group_decorator.py
[2024-06-16T20:48:44.737+0000] {processor.py:830} INFO - Processing file /home/airflow/.local/lib/python3.12/site-packages/airflow/example_dags/example_task_group_decorator.py for tasks to queue
[2024-06-16T20:48:44.739+0000] {logging_mixin.py:188} INFO - [2024-06-16T20:48:44.739+0000] {dagbag.py:545} INFO - Filling up the DagBag from /home/airflow/.local/lib/python3.12/site-packages/airflow/example_dags/example_task_group_decorator.py
[2024-06-16T20:48:44.753+0000] {processor.py:840} INFO - DAG(s) 'example_task_group_decorator' retrieved from /home/airflow/.local/lib/python3.12/site-packages/airflow/example_dags/example_task_group_decorator.py
[2024-06-16T20:48:44.783+0000] {logging_mixin.py:188} INFO - [2024-06-16T20:48:44.783+0000] {dag.py:3096} INFO - Sync 1 DAGs
[2024-06-16T20:48:44.810+0000] {logging_mixin.py:188} INFO - [2024-06-16T20:48:44.810+0000] {dag.py:3954} INFO - Setting next_dagrun for example_task_group_decorator to 2024-06-15 00:00:00+00:00, run_after=2024-06-16 00:00:00+00:00
[2024-06-16T20:48:44.832+0000] {processor.py:183} INFO - Processing /home/airflow/.local/lib/python3.12/site-packages/airflow/example_dags/example_task_group_decorator.py took 0.101 seconds
[2024-06-16T20:49:15.289+0000] {processor.py:161} INFO - Started process (PID=2536) to work on /home/airflow/.local/lib/python3.12/site-packages/airflow/example_dags/example_task_group_decorator.py
[2024-06-16T20:49:15.291+0000] {processor.py:830} INFO - Processing file /home/airflow/.local/lib/python3.12/site-packages/airflow/example_dags/example_task_group_decorator.py for tasks to queue
[2024-06-16T20:49:15.293+0000] {logging_mixin.py:188} INFO - [2024-06-16T20:49:15.292+0000] {dagbag.py:545} INFO - Filling up the DagBag from /home/airflow/.local/lib/python3.12/site-packages/airflow/example_dags/example_task_group_decorator.py
[2024-06-16T20:49:15.306+0000] {processor.py:840} INFO - DAG(s) 'example_task_group_decorator' retrieved from /home/airflow/.local/lib/python3.12/site-packages/airflow/example_dags/example_task_group_decorator.py
[2024-06-16T20:49:15.340+0000] {logging_mixin.py:188} INFO - [2024-06-16T20:49:15.340+0000] {dag.py:3096} INFO - Sync 1 DAGs
[2024-06-16T20:49:15.362+0000] {logging_mixin.py:188} INFO - [2024-06-16T20:49:15.362+0000] {dag.py:3954} INFO - Setting next_dagrun for example_task_group_decorator to 2024-06-15 00:00:00+00:00, run_after=2024-06-16 00:00:00+00:00
[2024-06-16T20:49:15.384+0000] {processor.py:183} INFO - Processing /home/airflow/.local/lib/python3.12/site-packages/airflow/example_dags/example_task_group_decorator.py took 0.100 seconds
[2024-06-16T20:49:45.756+0000] {processor.py:161} INFO - Started process (PID=2594) to work on /home/airflow/.local/lib/python3.12/site-packages/airflow/example_dags/example_task_group_decorator.py
[2024-06-16T20:49:45.761+0000] {processor.py:830} INFO - Processing file /home/airflow/.local/lib/python3.12/site-packages/airflow/example_dags/example_task_group_decorator.py for tasks to queue
[2024-06-16T20:49:45.763+0000] {logging_mixin.py:188} INFO - [2024-06-16T20:49:45.762+0000] {dagbag.py:545} INFO - Filling up the DagBag from /home/airflow/.local/lib/python3.12/site-packages/airflow/example_dags/example_task_group_decorator.py
[2024-06-16T20:49:45.778+0000] {processor.py:840} INFO - DAG(s) 'example_task_group_decorator' retrieved from /home/airflow/.local/lib/python3.12/site-packages/airflow/example_dags/example_task_group_decorator.py
[2024-06-16T20:49:45.805+0000] {logging_mixin.py:188} INFO - [2024-06-16T20:49:45.804+0000] {dag.py:3096} INFO - Sync 1 DAGs
[2024-06-16T20:49:45.825+0000] {logging_mixin.py:188} INFO - [2024-06-16T20:49:45.825+0000] {dag.py:3954} INFO - Setting next_dagrun for example_task_group_decorator to 2024-06-15 00:00:00+00:00, run_after=2024-06-16 00:00:00+00:00
[2024-06-16T20:49:45.846+0000] {processor.py:183} INFO - Processing /home/airflow/.local/lib/python3.12/site-packages/airflow/example_dags/example_task_group_decorator.py took 0.096 seconds
[2024-06-16T20:50:16.152+0000] {processor.py:161} INFO - Started process (PID=2652) to work on /home/airflow/.local/lib/python3.12/site-packages/airflow/example_dags/example_task_group_decorator.py
[2024-06-16T20:50:16.153+0000] {processor.py:830} INFO - Processing file /home/airflow/.local/lib/python3.12/site-packages/airflow/example_dags/example_task_group_decorator.py for tasks to queue
[2024-06-16T20:50:16.155+0000] {logging_mixin.py:188} INFO - [2024-06-16T20:50:16.155+0000] {dagbag.py:545} INFO - Filling up the DagBag from /home/airflow/.local/lib/python3.12/site-packages/airflow/example_dags/example_task_group_decorator.py
[2024-06-16T20:50:16.169+0000] {processor.py:840} INFO - DAG(s) 'example_task_group_decorator' retrieved from /home/airflow/.local/lib/python3.12/site-packages/airflow/example_dags/example_task_group_decorator.py
[2024-06-16T20:50:16.195+0000] {logging_mixin.py:188} INFO - [2024-06-16T20:50:16.194+0000] {dag.py:3096} INFO - Sync 1 DAGs
[2024-06-16T20:50:16.223+0000] {logging_mixin.py:188} INFO - [2024-06-16T20:50:16.223+0000] {dag.py:3954} INFO - Setting next_dagrun for example_task_group_decorator to 2024-06-15 00:00:00+00:00, run_after=2024-06-16 00:00:00+00:00
[2024-06-16T20:50:16.247+0000] {processor.py:183} INFO - Processing /home/airflow/.local/lib/python3.12/site-packages/airflow/example_dags/example_task_group_decorator.py took 0.102 seconds
[2024-06-16T20:50:46.539+0000] {processor.py:161} INFO - Started process (PID=2710) to work on /home/airflow/.local/lib/python3.12/site-packages/airflow/example_dags/example_task_group_decorator.py
[2024-06-16T20:50:46.540+0000] {processor.py:830} INFO - Processing file /home/airflow/.local/lib/python3.12/site-packages/airflow/example_dags/example_task_group_decorator.py for tasks to queue
[2024-06-16T20:50:46.542+0000] {logging_mixin.py:188} INFO - [2024-06-16T20:50:46.542+0000] {dagbag.py:545} INFO - Filling up the DagBag from /home/airflow/.local/lib/python3.12/site-packages/airflow/example_dags/example_task_group_decorator.py
[2024-06-16T20:50:46.560+0000] {processor.py:840} INFO - DAG(s) 'example_task_group_decorator' retrieved from /home/airflow/.local/lib/python3.12/site-packages/airflow/example_dags/example_task_group_decorator.py
[2024-06-16T20:50:46.586+0000] {logging_mixin.py:188} INFO - [2024-06-16T20:50:46.586+0000] {dag.py:3096} INFO - Sync 1 DAGs
[2024-06-16T20:50:46.608+0000] {logging_mixin.py:188} INFO - [2024-06-16T20:50:46.607+0000] {dag.py:3954} INFO - Setting next_dagrun for example_task_group_decorator to 2024-06-15 00:00:00+00:00, run_after=2024-06-16 00:00:00+00:00
[2024-06-16T20:50:46.627+0000] {processor.py:183} INFO - Processing /home/airflow/.local/lib/python3.12/site-packages/airflow/example_dags/example_task_group_decorator.py took 0.095 seconds
[2024-06-16T20:51:17.166+0000] {processor.py:161} INFO - Started process (PID=2768) to work on /home/airflow/.local/lib/python3.12/site-packages/airflow/example_dags/example_task_group_decorator.py
[2024-06-16T20:51:17.169+0000] {processor.py:830} INFO - Processing file /home/airflow/.local/lib/python3.12/site-packages/airflow/example_dags/example_task_group_decorator.py for tasks to queue
[2024-06-16T20:51:17.172+0000] {logging_mixin.py:188} INFO - [2024-06-16T20:51:17.171+0000] {dagbag.py:545} INFO - Filling up the DagBag from /home/airflow/.local/lib/python3.12/site-packages/airflow/example_dags/example_task_group_decorator.py
[2024-06-16T20:51:17.188+0000] {processor.py:840} INFO - DAG(s) 'example_task_group_decorator' retrieved from /home/airflow/.local/lib/python3.12/site-packages/airflow/example_dags/example_task_group_decorator.py
[2024-06-16T20:51:17.213+0000] {logging_mixin.py:188} INFO - [2024-06-16T20:51:17.213+0000] {dag.py:3096} INFO - Sync 1 DAGs
[2024-06-16T20:51:17.233+0000] {logging_mixin.py:188} INFO - [2024-06-16T20:51:17.233+0000] {dag.py:3954} INFO - Setting next_dagrun for example_task_group_decorator to 2024-06-15 00:00:00+00:00, run_after=2024-06-16 00:00:00+00:00
[2024-06-16T20:51:17.255+0000] {processor.py:183} INFO - Processing /home/airflow/.local/lib/python3.12/site-packages/airflow/example_dags/example_task_group_decorator.py took 0.100 seconds
[2024-06-16T20:51:47.588+0000] {processor.py:161} INFO - Started process (PID=2826) to work on /home/airflow/.local/lib/python3.12/site-packages/airflow/example_dags/example_task_group_decorator.py
[2024-06-16T20:51:47.590+0000] {processor.py:830} INFO - Processing file /home/airflow/.local/lib/python3.12/site-packages/airflow/example_dags/example_task_group_decorator.py for tasks to queue
[2024-06-16T20:51:47.592+0000] {logging_mixin.py:188} INFO - [2024-06-16T20:51:47.591+0000] {dagbag.py:545} INFO - Filling up the DagBag from /home/airflow/.local/lib/python3.12/site-packages/airflow/example_dags/example_task_group_decorator.py
[2024-06-16T20:51:47.607+0000] {processor.py:840} INFO - DAG(s) 'example_task_group_decorator' retrieved from /home/airflow/.local/lib/python3.12/site-packages/airflow/example_dags/example_task_group_decorator.py
[2024-06-16T20:51:47.632+0000] {logging_mixin.py:188} INFO - [2024-06-16T20:51:47.632+0000] {dag.py:3096} INFO - Sync 1 DAGs
[2024-06-16T20:51:47.653+0000] {logging_mixin.py:188} INFO - [2024-06-16T20:51:47.652+0000] {dag.py:3954} INFO - Setting next_dagrun for example_task_group_decorator to 2024-06-15 00:00:00+00:00, run_after=2024-06-16 00:00:00+00:00
[2024-06-16T20:51:47.673+0000] {processor.py:183} INFO - Processing /home/airflow/.local/lib/python3.12/site-packages/airflow/example_dags/example_task_group_decorator.py took 0.092 seconds
[2024-06-16T20:52:18.004+0000] {processor.py:161} INFO - Started process (PID=2884) to work on /home/airflow/.local/lib/python3.12/site-packages/airflow/example_dags/example_task_group_decorator.py
[2024-06-16T20:52:18.006+0000] {processor.py:830} INFO - Processing file /home/airflow/.local/lib/python3.12/site-packages/airflow/example_dags/example_task_group_decorator.py for tasks to queue
[2024-06-16T20:52:18.007+0000] {logging_mixin.py:188} INFO - [2024-06-16T20:52:18.007+0000] {dagbag.py:545} INFO - Filling up the DagBag from /home/airflow/.local/lib/python3.12/site-packages/airflow/example_dags/example_task_group_decorator.py
[2024-06-16T20:52:18.020+0000] {processor.py:840} INFO - DAG(s) 'example_task_group_decorator' retrieved from /home/airflow/.local/lib/python3.12/site-packages/airflow/example_dags/example_task_group_decorator.py
[2024-06-16T20:52:18.047+0000] {logging_mixin.py:188} INFO - [2024-06-16T20:52:18.047+0000] {dag.py:3096} INFO - Sync 1 DAGs
[2024-06-16T20:52:18.068+0000] {logging_mixin.py:188} INFO - [2024-06-16T20:52:18.068+0000] {dag.py:3954} INFO - Setting next_dagrun for example_task_group_decorator to 2024-06-15 00:00:00+00:00, run_after=2024-06-16 00:00:00+00:00
[2024-06-16T20:52:18.090+0000] {processor.py:183} INFO - Processing /home/airflow/.local/lib/python3.12/site-packages/airflow/example_dags/example_task_group_decorator.py took 0.091 seconds
[2024-06-16T20:52:48.457+0000] {processor.py:161} INFO - Started process (PID=2942) to work on /home/airflow/.local/lib/python3.12/site-packages/airflow/example_dags/example_task_group_decorator.py
[2024-06-16T20:52:48.462+0000] {processor.py:830} INFO - Processing file /home/airflow/.local/lib/python3.12/site-packages/airflow/example_dags/example_task_group_decorator.py for tasks to queue
[2024-06-16T20:52:48.463+0000] {logging_mixin.py:188} INFO - [2024-06-16T20:52:48.463+0000] {dagbag.py:545} INFO - Filling up the DagBag from /home/airflow/.local/lib/python3.12/site-packages/airflow/example_dags/example_task_group_decorator.py
[2024-06-16T20:52:48.476+0000] {processor.py:840} INFO - DAG(s) 'example_task_group_decorator' retrieved from /home/airflow/.local/lib/python3.12/site-packages/airflow/example_dags/example_task_group_decorator.py
[2024-06-16T20:52:48.502+0000] {logging_mixin.py:188} INFO - [2024-06-16T20:52:48.502+0000] {dag.py:3096} INFO - Sync 1 DAGs
[2024-06-16T20:52:48.525+0000] {logging_mixin.py:188} INFO - [2024-06-16T20:52:48.524+0000] {dag.py:3954} INFO - Setting next_dagrun for example_task_group_decorator to 2024-06-15 00:00:00+00:00, run_after=2024-06-16 00:00:00+00:00
[2024-06-16T20:52:48.547+0000] {processor.py:183} INFO - Processing /home/airflow/.local/lib/python3.12/site-packages/airflow/example_dags/example_task_group_decorator.py took 0.096 seconds
[2024-06-16T20:53:19.046+0000] {processor.py:161} INFO - Started process (PID=3000) to work on /home/airflow/.local/lib/python3.12/site-packages/airflow/example_dags/example_task_group_decorator.py
[2024-06-16T20:53:19.048+0000] {processor.py:830} INFO - Processing file /home/airflow/.local/lib/python3.12/site-packages/airflow/example_dags/example_task_group_decorator.py for tasks to queue
[2024-06-16T20:53:19.050+0000] {logging_mixin.py:188} INFO - [2024-06-16T20:53:19.049+0000] {dagbag.py:545} INFO - Filling up the DagBag from /home/airflow/.local/lib/python3.12/site-packages/airflow/example_dags/example_task_group_decorator.py
[2024-06-16T20:53:19.064+0000] {processor.py:840} INFO - DAG(s) 'example_task_group_decorator' retrieved from /home/airflow/.local/lib/python3.12/site-packages/airflow/example_dags/example_task_group_decorator.py
[2024-06-16T20:53:19.091+0000] {logging_mixin.py:188} INFO - [2024-06-16T20:53:19.090+0000] {dag.py:3096} INFO - Sync 1 DAGs
[2024-06-16T20:53:19.111+0000] {logging_mixin.py:188} INFO - [2024-06-16T20:53:19.111+0000] {dag.py:3954} INFO - Setting next_dagrun for example_task_group_decorator to 2024-06-15 00:00:00+00:00, run_after=2024-06-16 00:00:00+00:00
[2024-06-16T20:53:19.132+0000] {processor.py:183} INFO - Processing /home/airflow/.local/lib/python3.12/site-packages/airflow/example_dags/example_task_group_decorator.py took 0.092 seconds
[2024-06-16T20:53:49.469+0000] {processor.py:161} INFO - Started process (PID=3058) to work on /home/airflow/.local/lib/python3.12/site-packages/airflow/example_dags/example_task_group_decorator.py
[2024-06-16T20:53:49.474+0000] {processor.py:830} INFO - Processing file /home/airflow/.local/lib/python3.12/site-packages/airflow/example_dags/example_task_group_decorator.py for tasks to queue
[2024-06-16T20:53:49.476+0000] {logging_mixin.py:188} INFO - [2024-06-16T20:53:49.475+0000] {dagbag.py:545} INFO - Filling up the DagBag from /home/airflow/.local/lib/python3.12/site-packages/airflow/example_dags/example_task_group_decorator.py
[2024-06-16T20:53:49.490+0000] {processor.py:840} INFO - DAG(s) 'example_task_group_decorator' retrieved from /home/airflow/.local/lib/python3.12/site-packages/airflow/example_dags/example_task_group_decorator.py
[2024-06-16T20:53:49.517+0000] {logging_mixin.py:188} INFO - [2024-06-16T20:53:49.517+0000] {dag.py:3096} INFO - Sync 1 DAGs
[2024-06-16T20:53:49.538+0000] {logging_mixin.py:188} INFO - [2024-06-16T20:53:49.538+0000] {dag.py:3954} INFO - Setting next_dagrun for example_task_group_decorator to 2024-06-15 00:00:00+00:00, run_after=2024-06-16 00:00:00+00:00
[2024-06-16T20:53:49.558+0000] {processor.py:183} INFO - Processing /home/airflow/.local/lib/python3.12/site-packages/airflow/example_dags/example_task_group_decorator.py took 0.095 seconds
[2024-06-16T20:54:19.986+0000] {processor.py:161} INFO - Started process (PID=3116) to work on /home/airflow/.local/lib/python3.12/site-packages/airflow/example_dags/example_task_group_decorator.py
[2024-06-16T20:54:19.988+0000] {processor.py:830} INFO - Processing file /home/airflow/.local/lib/python3.12/site-packages/airflow/example_dags/example_task_group_decorator.py for tasks to queue
[2024-06-16T20:54:19.990+0000] {logging_mixin.py:188} INFO - [2024-06-16T20:54:19.990+0000] {dagbag.py:545} INFO - Filling up the DagBag from /home/airflow/.local/lib/python3.12/site-packages/airflow/example_dags/example_task_group_decorator.py
[2024-06-16T20:54:20.006+0000] {processor.py:840} INFO - DAG(s) 'example_task_group_decorator' retrieved from /home/airflow/.local/lib/python3.12/site-packages/airflow/example_dags/example_task_group_decorator.py
[2024-06-16T20:54:20.037+0000] {logging_mixin.py:188} INFO - [2024-06-16T20:54:20.036+0000] {dag.py:3096} INFO - Sync 1 DAGs
[2024-06-16T20:54:20.063+0000] {logging_mixin.py:188} INFO - [2024-06-16T20:54:20.063+0000] {dag.py:3954} INFO - Setting next_dagrun for example_task_group_decorator to 2024-06-15 00:00:00+00:00, run_after=2024-06-16 00:00:00+00:00
[2024-06-16T20:54:20.083+0000] {processor.py:183} INFO - Processing /home/airflow/.local/lib/python3.12/site-packages/airflow/example_dags/example_task_group_decorator.py took 0.105 seconds
[2024-06-16T20:54:50.410+0000] {processor.py:161} INFO - Started process (PID=3174) to work on /home/airflow/.local/lib/python3.12/site-packages/airflow/example_dags/example_task_group_decorator.py
[2024-06-16T20:54:50.411+0000] {processor.py:830} INFO - Processing file /home/airflow/.local/lib/python3.12/site-packages/airflow/example_dags/example_task_group_decorator.py for tasks to queue
[2024-06-16T20:54:50.413+0000] {logging_mixin.py:188} INFO - [2024-06-16T20:54:50.413+0000] {dagbag.py:545} INFO - Filling up the DagBag from /home/airflow/.local/lib/python3.12/site-packages/airflow/example_dags/example_task_group_decorator.py
[2024-06-16T20:54:50.428+0000] {processor.py:840} INFO - DAG(s) 'example_task_group_decorator' retrieved from /home/airflow/.local/lib/python3.12/site-packages/airflow/example_dags/example_task_group_decorator.py
[2024-06-16T20:54:50.455+0000] {logging_mixin.py:188} INFO - [2024-06-16T20:54:50.454+0000] {dag.py:3096} INFO - Sync 1 DAGs
[2024-06-16T20:54:50.476+0000] {logging_mixin.py:188} INFO - [2024-06-16T20:54:50.476+0000] {dag.py:3954} INFO - Setting next_dagrun for example_task_group_decorator to 2024-06-15 00:00:00+00:00, run_after=2024-06-16 00:00:00+00:00
[2024-06-16T20:54:50.496+0000] {processor.py:183} INFO - Processing /home/airflow/.local/lib/python3.12/site-packages/airflow/example_dags/example_task_group_decorator.py took 0.093 seconds
[2024-06-16T20:55:20.833+0000] {processor.py:161} INFO - Started process (PID=3232) to work on /home/airflow/.local/lib/python3.12/site-packages/airflow/example_dags/example_task_group_decorator.py
[2024-06-16T20:55:20.837+0000] {processor.py:830} INFO - Processing file /home/airflow/.local/lib/python3.12/site-packages/airflow/example_dags/example_task_group_decorator.py for tasks to queue
[2024-06-16T20:55:20.839+0000] {logging_mixin.py:188} INFO - [2024-06-16T20:55:20.839+0000] {dagbag.py:545} INFO - Filling up the DagBag from /home/airflow/.local/lib/python3.12/site-packages/airflow/example_dags/example_task_group_decorator.py
[2024-06-16T20:55:20.855+0000] {processor.py:840} INFO - DAG(s) 'example_task_group_decorator' retrieved from /home/airflow/.local/lib/python3.12/site-packages/airflow/example_dags/example_task_group_decorator.py
[2024-06-16T20:55:20.881+0000] {logging_mixin.py:188} INFO - [2024-06-16T20:55:20.881+0000] {dag.py:3096} INFO - Sync 1 DAGs
[2024-06-16T20:55:20.903+0000] {logging_mixin.py:188} INFO - [2024-06-16T20:55:20.902+0000] {dag.py:3954} INFO - Setting next_dagrun for example_task_group_decorator to 2024-06-15 00:00:00+00:00, run_after=2024-06-16 00:00:00+00:00
[2024-06-16T20:55:20.947+0000] {processor.py:183} INFO - Processing /home/airflow/.local/lib/python3.12/site-packages/airflow/example_dags/example_task_group_decorator.py took 0.121 seconds
[2024-06-16T20:55:51.042+0000] {processor.py:161} INFO - Started process (PID=3290) to work on /home/airflow/.local/lib/python3.12/site-packages/airflow/example_dags/example_task_group_decorator.py
[2024-06-16T20:55:51.043+0000] {processor.py:830} INFO - Processing file /home/airflow/.local/lib/python3.12/site-packages/airflow/example_dags/example_task_group_decorator.py for tasks to queue
[2024-06-16T20:55:51.045+0000] {logging_mixin.py:188} INFO - [2024-06-16T20:55:51.045+0000] {dagbag.py:545} INFO - Filling up the DagBag from /home/airflow/.local/lib/python3.12/site-packages/airflow/example_dags/example_task_group_decorator.py
[2024-06-16T20:55:51.059+0000] {processor.py:840} INFO - DAG(s) 'example_task_group_decorator' retrieved from /home/airflow/.local/lib/python3.12/site-packages/airflow/example_dags/example_task_group_decorator.py
[2024-06-16T20:55:51.087+0000] {logging_mixin.py:188} INFO - [2024-06-16T20:55:51.087+0000] {dag.py:3096} INFO - Sync 1 DAGs
[2024-06-16T20:55:51.112+0000] {logging_mixin.py:188} INFO - [2024-06-16T20:55:51.111+0000] {dag.py:3954} INFO - Setting next_dagrun for example_task_group_decorator to 2024-06-15 00:00:00+00:00, run_after=2024-06-16 00:00:00+00:00
[2024-06-16T20:55:51.132+0000] {processor.py:183} INFO - Processing /home/airflow/.local/lib/python3.12/site-packages/airflow/example_dags/example_task_group_decorator.py took 0.096 seconds
[2024-06-16T20:56:21.643+0000] {processor.py:161} INFO - Started process (PID=3348) to work on /home/airflow/.local/lib/python3.12/site-packages/airflow/example_dags/example_task_group_decorator.py
[2024-06-16T20:56:21.645+0000] {processor.py:830} INFO - Processing file /home/airflow/.local/lib/python3.12/site-packages/airflow/example_dags/example_task_group_decorator.py for tasks to queue
[2024-06-16T20:56:21.647+0000] {logging_mixin.py:188} INFO - [2024-06-16T20:56:21.647+0000] {dagbag.py:545} INFO - Filling up the DagBag from /home/airflow/.local/lib/python3.12/site-packages/airflow/example_dags/example_task_group_decorator.py
[2024-06-16T20:56:21.666+0000] {processor.py:840} INFO - DAG(s) 'example_task_group_decorator' retrieved from /home/airflow/.local/lib/python3.12/site-packages/airflow/example_dags/example_task_group_decorator.py
[2024-06-16T20:56:21.695+0000] {logging_mixin.py:188} INFO - [2024-06-16T20:56:21.694+0000] {dag.py:3096} INFO - Sync 1 DAGs
[2024-06-16T20:56:21.720+0000] {logging_mixin.py:188} INFO - [2024-06-16T20:56:21.720+0000] {dag.py:3954} INFO - Setting next_dagrun for example_task_group_decorator to 2024-06-15 00:00:00+00:00, run_after=2024-06-16 00:00:00+00:00
[2024-06-16T20:56:21.741+0000] {processor.py:183} INFO - Processing /home/airflow/.local/lib/python3.12/site-packages/airflow/example_dags/example_task_group_decorator.py took 0.104 seconds
[2024-06-16T20:56:51.866+0000] {processor.py:161} INFO - Started process (PID=3406) to work on /home/airflow/.local/lib/python3.12/site-packages/airflow/example_dags/example_task_group_decorator.py
[2024-06-16T20:56:51.867+0000] {processor.py:830} INFO - Processing file /home/airflow/.local/lib/python3.12/site-packages/airflow/example_dags/example_task_group_decorator.py for tasks to queue
[2024-06-16T20:56:51.872+0000] {logging_mixin.py:188} INFO - [2024-06-16T20:56:51.871+0000] {dagbag.py:545} INFO - Filling up the DagBag from /home/airflow/.local/lib/python3.12/site-packages/airflow/example_dags/example_task_group_decorator.py
[2024-06-16T20:56:51.894+0000] {processor.py:840} INFO - DAG(s) 'example_task_group_decorator' retrieved from /home/airflow/.local/lib/python3.12/site-packages/airflow/example_dags/example_task_group_decorator.py
[2024-06-16T20:56:51.950+0000] {logging_mixin.py:188} INFO - [2024-06-16T20:56:51.949+0000] {dag.py:3096} INFO - Sync 1 DAGs
[2024-06-16T20:56:52.006+0000] {logging_mixin.py:188} INFO - [2024-06-16T20:56:52.006+0000] {dag.py:3954} INFO - Setting next_dagrun for example_task_group_decorator to 2024-06-15 00:00:00+00:00, run_after=2024-06-16 00:00:00+00:00
[2024-06-16T20:56:52.046+0000] {processor.py:183} INFO - Processing /home/airflow/.local/lib/python3.12/site-packages/airflow/example_dags/example_task_group_decorator.py took 0.189 seconds
[2024-06-16T20:57:22.128+0000] {processor.py:161} INFO - Started process (PID=3464) to work on /home/airflow/.local/lib/python3.12/site-packages/airflow/example_dags/example_task_group_decorator.py
[2024-06-16T20:57:22.130+0000] {processor.py:830} INFO - Processing file /home/airflow/.local/lib/python3.12/site-packages/airflow/example_dags/example_task_group_decorator.py for tasks to queue
[2024-06-16T20:57:22.133+0000] {logging_mixin.py:188} INFO - [2024-06-16T20:57:22.133+0000] {dagbag.py:545} INFO - Filling up the DagBag from /home/airflow/.local/lib/python3.12/site-packages/airflow/example_dags/example_task_group_decorator.py
[2024-06-16T20:57:22.148+0000] {processor.py:840} INFO - DAG(s) 'example_task_group_decorator' retrieved from /home/airflow/.local/lib/python3.12/site-packages/airflow/example_dags/example_task_group_decorator.py
[2024-06-16T20:57:22.174+0000] {logging_mixin.py:188} INFO - [2024-06-16T20:57:22.174+0000] {dag.py:3096} INFO - Sync 1 DAGs
[2024-06-16T20:57:22.194+0000] {logging_mixin.py:188} INFO - [2024-06-16T20:57:22.194+0000] {dag.py:3954} INFO - Setting next_dagrun for example_task_group_decorator to 2024-06-15 00:00:00+00:00, run_after=2024-06-16 00:00:00+00:00
[2024-06-16T20:57:22.215+0000] {processor.py:183} INFO - Processing /home/airflow/.local/lib/python3.12/site-packages/airflow/example_dags/example_task_group_decorator.py took 0.094 seconds
[2024-06-16T20:57:52.299+0000] {processor.py:161} INFO - Started process (PID=3522) to work on /home/airflow/.local/lib/python3.12/site-packages/airflow/example_dags/example_task_group_decorator.py
[2024-06-16T20:57:52.301+0000] {processor.py:830} INFO - Processing file /home/airflow/.local/lib/python3.12/site-packages/airflow/example_dags/example_task_group_decorator.py for tasks to queue
[2024-06-16T20:57:52.303+0000] {logging_mixin.py:188} INFO - [2024-06-16T20:57:52.303+0000] {dagbag.py:545} INFO - Filling up the DagBag from /home/airflow/.local/lib/python3.12/site-packages/airflow/example_dags/example_task_group_decorator.py
[2024-06-16T20:57:52.321+0000] {processor.py:840} INFO - DAG(s) 'example_task_group_decorator' retrieved from /home/airflow/.local/lib/python3.12/site-packages/airflow/example_dags/example_task_group_decorator.py
[2024-06-16T20:57:52.349+0000] {logging_mixin.py:188} INFO - [2024-06-16T20:57:52.349+0000] {dag.py:3096} INFO - Sync 1 DAGs
[2024-06-16T20:57:52.373+0000] {logging_mixin.py:188} INFO - [2024-06-16T20:57:52.373+0000] {dag.py:3954} INFO - Setting next_dagrun for example_task_group_decorator to 2024-06-15 00:00:00+00:00, run_after=2024-06-16 00:00:00+00:00
[2024-06-16T20:57:52.397+0000] {processor.py:183} INFO - Processing /home/airflow/.local/lib/python3.12/site-packages/airflow/example_dags/example_task_group_decorator.py took 0.104 seconds
[2024-06-16T20:58:22.539+0000] {processor.py:161} INFO - Started process (PID=3580) to work on /home/airflow/.local/lib/python3.12/site-packages/airflow/example_dags/example_task_group_decorator.py
[2024-06-16T20:58:22.541+0000] {processor.py:830} INFO - Processing file /home/airflow/.local/lib/python3.12/site-packages/airflow/example_dags/example_task_group_decorator.py for tasks to queue
[2024-06-16T20:58:22.542+0000] {logging_mixin.py:188} INFO - [2024-06-16T20:58:22.542+0000] {dagbag.py:545} INFO - Filling up the DagBag from /home/airflow/.local/lib/python3.12/site-packages/airflow/example_dags/example_task_group_decorator.py
[2024-06-16T20:58:22.558+0000] {processor.py:840} INFO - DAG(s) 'example_task_group_decorator' retrieved from /home/airflow/.local/lib/python3.12/site-packages/airflow/example_dags/example_task_group_decorator.py
[2024-06-16T20:58:22.586+0000] {logging_mixin.py:188} INFO - [2024-06-16T20:58:22.586+0000] {dag.py:3096} INFO - Sync 1 DAGs
[2024-06-16T20:58:22.626+0000] {logging_mixin.py:188} INFO - [2024-06-16T20:58:22.626+0000] {dag.py:3954} INFO - Setting next_dagrun for example_task_group_decorator to 2024-06-15 00:00:00+00:00, run_after=2024-06-16 00:00:00+00:00
[2024-06-16T20:58:22.647+0000] {processor.py:183} INFO - Processing /home/airflow/.local/lib/python3.12/site-packages/airflow/example_dags/example_task_group_decorator.py took 0.114 seconds
[2024-06-16T20:58:52.781+0000] {processor.py:161} INFO - Started process (PID=3638) to work on /home/airflow/.local/lib/python3.12/site-packages/airflow/example_dags/example_task_group_decorator.py
[2024-06-16T20:58:52.783+0000] {processor.py:830} INFO - Processing file /home/airflow/.local/lib/python3.12/site-packages/airflow/example_dags/example_task_group_decorator.py for tasks to queue
[2024-06-16T20:58:52.785+0000] {logging_mixin.py:188} INFO - [2024-06-16T20:58:52.785+0000] {dagbag.py:545} INFO - Filling up the DagBag from /home/airflow/.local/lib/python3.12/site-packages/airflow/example_dags/example_task_group_decorator.py
[2024-06-16T20:58:52.800+0000] {processor.py:840} INFO - DAG(s) 'example_task_group_decorator' retrieved from /home/airflow/.local/lib/python3.12/site-packages/airflow/example_dags/example_task_group_decorator.py
[2024-06-16T20:58:52.826+0000] {logging_mixin.py:188} INFO - [2024-06-16T20:58:52.825+0000] {dag.py:3096} INFO - Sync 1 DAGs
[2024-06-16T20:58:52.847+0000] {logging_mixin.py:188} INFO - [2024-06-16T20:58:52.847+0000] {dag.py:3954} INFO - Setting next_dagrun for example_task_group_decorator to 2024-06-15 00:00:00+00:00, run_after=2024-06-16 00:00:00+00:00
[2024-06-16T20:58:52.869+0000] {processor.py:183} INFO - Processing /home/airflow/.local/lib/python3.12/site-packages/airflow/example_dags/example_task_group_decorator.py took 0.095 seconds
[2024-06-16T20:59:22.994+0000] {processor.py:161} INFO - Started process (PID=3696) to work on /home/airflow/.local/lib/python3.12/site-packages/airflow/example_dags/example_task_group_decorator.py
[2024-06-16T20:59:22.995+0000] {processor.py:830} INFO - Processing file /home/airflow/.local/lib/python3.12/site-packages/airflow/example_dags/example_task_group_decorator.py for tasks to queue
[2024-06-16T20:59:22.997+0000] {logging_mixin.py:188} INFO - [2024-06-16T20:59:22.997+0000] {dagbag.py:545} INFO - Filling up the DagBag from /home/airflow/.local/lib/python3.12/site-packages/airflow/example_dags/example_task_group_decorator.py
[2024-06-16T20:59:23.015+0000] {processor.py:840} INFO - DAG(s) 'example_task_group_decorator' retrieved from /home/airflow/.local/lib/python3.12/site-packages/airflow/example_dags/example_task_group_decorator.py
[2024-06-16T20:59:23.043+0000] {logging_mixin.py:188} INFO - [2024-06-16T20:59:23.043+0000] {dag.py:3096} INFO - Sync 1 DAGs
[2024-06-16T20:59:23.068+0000] {logging_mixin.py:188} INFO - [2024-06-16T20:59:23.068+0000] {dag.py:3954} INFO - Setting next_dagrun for example_task_group_decorator to 2024-06-15 00:00:00+00:00, run_after=2024-06-16 00:00:00+00:00
[2024-06-16T20:59:23.090+0000] {processor.py:183} INFO - Processing /home/airflow/.local/lib/python3.12/site-packages/airflow/example_dags/example_task_group_decorator.py took 0.106 seconds
