[2024-06-16T20:27:28.536+0000] {processor.py:161} INFO - Started process (PID=63) to work on /home/airflow/.local/lib/python3.12/site-packages/airflow/example_dags/example_nested_branch_dag.py
[2024-06-16T20:27:28.537+0000] {processor.py:830} INFO - Processing file /home/airflow/.local/lib/python3.12/site-packages/airflow/example_dags/example_nested_branch_dag.py for tasks to queue
[2024-06-16T20:27:28.539+0000] {logging_mixin.py:188} INFO - [2024-06-16T20:27:28.539+0000] {dagbag.py:545} INFO - Filling up the DagBag from /home/airflow/.local/lib/python3.12/site-packages/airflow/example_dags/example_nested_branch_dag.py
[2024-06-16T20:27:28.548+0000] {processor.py:840} INFO - DAG(s) 'example_nested_branch_dag' retrieved from /home/airflow/.local/lib/python3.12/site-packages/airflow/example_dags/example_nested_branch_dag.py
[2024-06-16T20:27:28.669+0000] {logging_mixin.py:188} INFO - [2024-06-16T20:27:28.669+0000] {dag.py:3096} INFO - Sync 1 DAGs
[2024-06-16T20:27:28.691+0000] {logging_mixin.py:188} INFO - [2024-06-16T20:27:28.691+0000] {dag.py:3954} INFO - Setting next_dagrun for example_nested_branch_dag to 2024-06-15 00:00:00+00:00, run_after=2024-06-16 00:00:00+00:00
[2024-06-16T20:27:28.736+0000] {processor.py:183} INFO - Processing /home/airflow/.local/lib/python3.12/site-packages/airflow/example_dags/example_nested_branch_dag.py took 0.205 seconds
[2024-06-16T20:27:59.685+0000] {processor.py:161} INFO - Started process (PID=122) to work on /home/airflow/.local/lib/python3.12/site-packages/airflow/example_dags/example_nested_branch_dag.py
[2024-06-16T20:27:59.686+0000] {processor.py:830} INFO - Processing file /home/airflow/.local/lib/python3.12/site-packages/airflow/example_dags/example_nested_branch_dag.py for tasks to queue
[2024-06-16T20:27:59.688+0000] {logging_mixin.py:188} INFO - [2024-06-16T20:27:59.688+0000] {dagbag.py:545} INFO - Filling up the DagBag from /home/airflow/.local/lib/python3.12/site-packages/airflow/example_dags/example_nested_branch_dag.py
[2024-06-16T20:27:59.698+0000] {processor.py:840} INFO - DAG(s) 'example_nested_branch_dag' retrieved from /home/airflow/.local/lib/python3.12/site-packages/airflow/example_dags/example_nested_branch_dag.py
[2024-06-16T20:27:59.720+0000] {logging_mixin.py:188} INFO - [2024-06-16T20:27:59.719+0000] {dag.py:3096} INFO - Sync 1 DAGs
[2024-06-16T20:27:59.745+0000] {logging_mixin.py:188} INFO - [2024-06-16T20:27:59.745+0000] {dag.py:3954} INFO - Setting next_dagrun for example_nested_branch_dag to 2024-06-15 00:00:00+00:00, run_after=2024-06-16 00:00:00+00:00
[2024-06-16T20:27:59.766+0000] {processor.py:183} INFO - Processing /home/airflow/.local/lib/python3.12/site-packages/airflow/example_dags/example_nested_branch_dag.py took 0.086 seconds
[2024-06-16T20:28:30.553+0000] {processor.py:161} INFO - Started process (PID=186) to work on /home/airflow/.local/lib/python3.12/site-packages/airflow/example_dags/example_nested_branch_dag.py
[2024-06-16T20:28:30.554+0000] {processor.py:830} INFO - Processing file /home/airflow/.local/lib/python3.12/site-packages/airflow/example_dags/example_nested_branch_dag.py for tasks to queue
[2024-06-16T20:28:30.556+0000] {logging_mixin.py:188} INFO - [2024-06-16T20:28:30.556+0000] {dagbag.py:545} INFO - Filling up the DagBag from /home/airflow/.local/lib/python3.12/site-packages/airflow/example_dags/example_nested_branch_dag.py
[2024-06-16T20:28:30.567+0000] {processor.py:840} INFO - DAG(s) 'example_nested_branch_dag' retrieved from /home/airflow/.local/lib/python3.12/site-packages/airflow/example_dags/example_nested_branch_dag.py
[2024-06-16T20:28:30.589+0000] {logging_mixin.py:188} INFO - [2024-06-16T20:28:30.588+0000] {dag.py:3096} INFO - Sync 1 DAGs
[2024-06-16T20:28:30.620+0000] {logging_mixin.py:188} INFO - [2024-06-16T20:28:30.619+0000] {dag.py:3954} INFO - Setting next_dagrun for example_nested_branch_dag to 2024-06-15 00:00:00+00:00, run_after=2024-06-16 00:00:00+00:00
[2024-06-16T20:28:30.646+0000] {processor.py:183} INFO - Processing /home/airflow/.local/lib/python3.12/site-packages/airflow/example_dags/example_nested_branch_dag.py took 0.099 seconds
[2024-06-16T20:29:00.852+0000] {processor.py:161} INFO - Started process (PID=244) to work on /home/airflow/.local/lib/python3.12/site-packages/airflow/example_dags/example_nested_branch_dag.py
[2024-06-16T20:29:00.889+0000] {processor.py:830} INFO - Processing file /home/airflow/.local/lib/python3.12/site-packages/airflow/example_dags/example_nested_branch_dag.py for tasks to queue
[2024-06-16T20:29:00.890+0000] {logging_mixin.py:188} INFO - [2024-06-16T20:29:00.890+0000] {dagbag.py:545} INFO - Filling up the DagBag from /home/airflow/.local/lib/python3.12/site-packages/airflow/example_dags/example_nested_branch_dag.py
[2024-06-16T20:29:00.900+0000] {processor.py:840} INFO - DAG(s) 'example_nested_branch_dag' retrieved from /home/airflow/.local/lib/python3.12/site-packages/airflow/example_dags/example_nested_branch_dag.py
[2024-06-16T20:29:00.923+0000] {logging_mixin.py:188} INFO - [2024-06-16T20:29:00.923+0000] {dag.py:3096} INFO - Sync 1 DAGs
[2024-06-16T20:29:00.946+0000] {logging_mixin.py:188} INFO - [2024-06-16T20:29:00.946+0000] {dag.py:3954} INFO - Setting next_dagrun for example_nested_branch_dag to 2024-06-15 00:00:00+00:00, run_after=2024-06-16 00:00:00+00:00
[2024-06-16T20:29:00.975+0000] {processor.py:183} INFO - Processing /home/airflow/.local/lib/python3.12/site-packages/airflow/example_dags/example_nested_branch_dag.py took 0.129 seconds
[2024-06-16T20:29:31.502+0000] {processor.py:161} INFO - Started process (PID=302) to work on /home/airflow/.local/lib/python3.12/site-packages/airflow/example_dags/example_nested_branch_dag.py
[2024-06-16T20:29:31.504+0000] {processor.py:830} INFO - Processing file /home/airflow/.local/lib/python3.12/site-packages/airflow/example_dags/example_nested_branch_dag.py for tasks to queue
[2024-06-16T20:29:31.506+0000] {logging_mixin.py:188} INFO - [2024-06-16T20:29:31.506+0000] {dagbag.py:545} INFO - Filling up the DagBag from /home/airflow/.local/lib/python3.12/site-packages/airflow/example_dags/example_nested_branch_dag.py
[2024-06-16T20:29:31.521+0000] {processor.py:840} INFO - DAG(s) 'example_nested_branch_dag' retrieved from /home/airflow/.local/lib/python3.12/site-packages/airflow/example_dags/example_nested_branch_dag.py
[2024-06-16T20:29:31.547+0000] {logging_mixin.py:188} INFO - [2024-06-16T20:29:31.547+0000] {dag.py:3096} INFO - Sync 1 DAGs
[2024-06-16T20:29:31.570+0000] {logging_mixin.py:188} INFO - [2024-06-16T20:29:31.570+0000] {dag.py:3954} INFO - Setting next_dagrun for example_nested_branch_dag to 2024-06-15 00:00:00+00:00, run_after=2024-06-16 00:00:00+00:00
[2024-06-16T20:29:31.589+0000] {processor.py:183} INFO - Processing /home/airflow/.local/lib/python3.12/site-packages/airflow/example_dags/example_nested_branch_dag.py took 0.093 seconds
[2024-06-16T20:30:02.482+0000] {processor.py:161} INFO - Started process (PID=360) to work on /home/airflow/.local/lib/python3.12/site-packages/airflow/example_dags/example_nested_branch_dag.py
[2024-06-16T20:30:02.483+0000] {processor.py:830} INFO - Processing file /home/airflow/.local/lib/python3.12/site-packages/airflow/example_dags/example_nested_branch_dag.py for tasks to queue
[2024-06-16T20:30:02.487+0000] {logging_mixin.py:188} INFO - [2024-06-16T20:30:02.487+0000] {dagbag.py:545} INFO - Filling up the DagBag from /home/airflow/.local/lib/python3.12/site-packages/airflow/example_dags/example_nested_branch_dag.py
[2024-06-16T20:30:02.500+0000] {processor.py:840} INFO - DAG(s) 'example_nested_branch_dag' retrieved from /home/airflow/.local/lib/python3.12/site-packages/airflow/example_dags/example_nested_branch_dag.py
[2024-06-16T20:30:02.524+0000] {logging_mixin.py:188} INFO - [2024-06-16T20:30:02.524+0000] {dag.py:3096} INFO - Sync 1 DAGs
[2024-06-16T20:30:02.549+0000] {logging_mixin.py:188} INFO - [2024-06-16T20:30:02.549+0000] {dag.py:3954} INFO - Setting next_dagrun for example_nested_branch_dag to 2024-06-15 00:00:00+00:00, run_after=2024-06-16 00:00:00+00:00
[2024-06-16T20:30:02.573+0000] {processor.py:183} INFO - Processing /home/airflow/.local/lib/python3.12/site-packages/airflow/example_dags/example_nested_branch_dag.py took 0.098 seconds
[2024-06-16T20:30:33.084+0000] {processor.py:161} INFO - Started process (PID=418) to work on /home/airflow/.local/lib/python3.12/site-packages/airflow/example_dags/example_nested_branch_dag.py
[2024-06-16T20:30:33.086+0000] {processor.py:830} INFO - Processing file /home/airflow/.local/lib/python3.12/site-packages/airflow/example_dags/example_nested_branch_dag.py for tasks to queue
[2024-06-16T20:30:33.088+0000] {logging_mixin.py:188} INFO - [2024-06-16T20:30:33.088+0000] {dagbag.py:545} INFO - Filling up the DagBag from /home/airflow/.local/lib/python3.12/site-packages/airflow/example_dags/example_nested_branch_dag.py
[2024-06-16T20:30:33.103+0000] {processor.py:840} INFO - DAG(s) 'example_nested_branch_dag' retrieved from /home/airflow/.local/lib/python3.12/site-packages/airflow/example_dags/example_nested_branch_dag.py
[2024-06-16T20:30:33.129+0000] {logging_mixin.py:188} INFO - [2024-06-16T20:30:33.128+0000] {dag.py:3096} INFO - Sync 1 DAGs
[2024-06-16T20:30:33.158+0000] {logging_mixin.py:188} INFO - [2024-06-16T20:30:33.158+0000] {dag.py:3954} INFO - Setting next_dagrun for example_nested_branch_dag to 2024-06-15 00:00:00+00:00, run_after=2024-06-16 00:00:00+00:00
[2024-06-16T20:30:33.180+0000] {processor.py:183} INFO - Processing /home/airflow/.local/lib/python3.12/site-packages/airflow/example_dags/example_nested_branch_dag.py took 0.101 seconds
[2024-06-16T20:31:03.715+0000] {processor.py:161} INFO - Started process (PID=476) to work on /home/airflow/.local/lib/python3.12/site-packages/airflow/example_dags/example_nested_branch_dag.py
[2024-06-16T20:31:03.716+0000] {processor.py:830} INFO - Processing file /home/airflow/.local/lib/python3.12/site-packages/airflow/example_dags/example_nested_branch_dag.py for tasks to queue
[2024-06-16T20:31:03.718+0000] {logging_mixin.py:188} INFO - [2024-06-16T20:31:03.718+0000] {dagbag.py:545} INFO - Filling up the DagBag from /home/airflow/.local/lib/python3.12/site-packages/airflow/example_dags/example_nested_branch_dag.py
[2024-06-16T20:31:03.729+0000] {processor.py:840} INFO - DAG(s) 'example_nested_branch_dag' retrieved from /home/airflow/.local/lib/python3.12/site-packages/airflow/example_dags/example_nested_branch_dag.py
[2024-06-16T20:31:03.753+0000] {logging_mixin.py:188} INFO - [2024-06-16T20:31:03.752+0000] {dag.py:3096} INFO - Sync 1 DAGs
[2024-06-16T20:31:03.777+0000] {logging_mixin.py:188} INFO - [2024-06-16T20:31:03.777+0000] {dag.py:3954} INFO - Setting next_dagrun for example_nested_branch_dag to 2024-06-15 00:00:00+00:00, run_after=2024-06-16 00:00:00+00:00
[2024-06-16T20:31:03.799+0000] {processor.py:183} INFO - Processing /home/airflow/.local/lib/python3.12/site-packages/airflow/example_dags/example_nested_branch_dag.py took 0.093 seconds
[2024-06-16T20:31:33.953+0000] {processor.py:161} INFO - Started process (PID=534) to work on /home/airflow/.local/lib/python3.12/site-packages/airflow/example_dags/example_nested_branch_dag.py
[2024-06-16T20:31:33.956+0000] {processor.py:830} INFO - Processing file /home/airflow/.local/lib/python3.12/site-packages/airflow/example_dags/example_nested_branch_dag.py for tasks to queue
[2024-06-16T20:31:33.958+0000] {logging_mixin.py:188} INFO - [2024-06-16T20:31:33.958+0000] {dagbag.py:545} INFO - Filling up the DagBag from /home/airflow/.local/lib/python3.12/site-packages/airflow/example_dags/example_nested_branch_dag.py
[2024-06-16T20:31:33.971+0000] {processor.py:840} INFO - DAG(s) 'example_nested_branch_dag' retrieved from /home/airflow/.local/lib/python3.12/site-packages/airflow/example_dags/example_nested_branch_dag.py
[2024-06-16T20:31:33.996+0000] {logging_mixin.py:188} INFO - [2024-06-16T20:31:33.996+0000] {dag.py:3096} INFO - Sync 1 DAGs
[2024-06-16T20:31:34.023+0000] {logging_mixin.py:188} INFO - [2024-06-16T20:31:34.023+0000] {dag.py:3954} INFO - Setting next_dagrun for example_nested_branch_dag to 2024-06-15 00:00:00+00:00, run_after=2024-06-16 00:00:00+00:00
[2024-06-16T20:31:34.046+0000] {processor.py:183} INFO - Processing /home/airflow/.local/lib/python3.12/site-packages/airflow/example_dags/example_nested_branch_dag.py took 0.099 seconds
[2024-06-16T20:32:04.682+0000] {processor.py:161} INFO - Started process (PID=592) to work on /home/airflow/.local/lib/python3.12/site-packages/airflow/example_dags/example_nested_branch_dag.py
[2024-06-16T20:32:04.684+0000] {processor.py:830} INFO - Processing file /home/airflow/.local/lib/python3.12/site-packages/airflow/example_dags/example_nested_branch_dag.py for tasks to queue
[2024-06-16T20:32:04.686+0000] {logging_mixin.py:188} INFO - [2024-06-16T20:32:04.685+0000] {dagbag.py:545} INFO - Filling up the DagBag from /home/airflow/.local/lib/python3.12/site-packages/airflow/example_dags/example_nested_branch_dag.py
[2024-06-16T20:32:04.696+0000] {processor.py:840} INFO - DAG(s) 'example_nested_branch_dag' retrieved from /home/airflow/.local/lib/python3.12/site-packages/airflow/example_dags/example_nested_branch_dag.py
[2024-06-16T20:32:04.718+0000] {logging_mixin.py:188} INFO - [2024-06-16T20:32:04.717+0000] {dag.py:3096} INFO - Sync 1 DAGs
[2024-06-16T20:32:04.739+0000] {logging_mixin.py:188} INFO - [2024-06-16T20:32:04.739+0000] {dag.py:3954} INFO - Setting next_dagrun for example_nested_branch_dag to 2024-06-15 00:00:00+00:00, run_after=2024-06-16 00:00:00+00:00
[2024-06-16T20:32:04.760+0000] {processor.py:183} INFO - Processing /home/airflow/.local/lib/python3.12/site-packages/airflow/example_dags/example_nested_branch_dag.py took 0.085 seconds
[2024-06-16T20:32:35.290+0000] {processor.py:161} INFO - Started process (PID=650) to work on /home/airflow/.local/lib/python3.12/site-packages/airflow/example_dags/example_nested_branch_dag.py
[2024-06-16T20:32:35.294+0000] {processor.py:830} INFO - Processing file /home/airflow/.local/lib/python3.12/site-packages/airflow/example_dags/example_nested_branch_dag.py for tasks to queue
[2024-06-16T20:32:35.296+0000] {logging_mixin.py:188} INFO - [2024-06-16T20:32:35.296+0000] {dagbag.py:545} INFO - Filling up the DagBag from /home/airflow/.local/lib/python3.12/site-packages/airflow/example_dags/example_nested_branch_dag.py
[2024-06-16T20:32:35.306+0000] {processor.py:840} INFO - DAG(s) 'example_nested_branch_dag' retrieved from /home/airflow/.local/lib/python3.12/site-packages/airflow/example_dags/example_nested_branch_dag.py
[2024-06-16T20:32:35.328+0000] {logging_mixin.py:188} INFO - [2024-06-16T20:32:35.327+0000] {dag.py:3096} INFO - Sync 1 DAGs
[2024-06-16T20:32:35.351+0000] {logging_mixin.py:188} INFO - [2024-06-16T20:32:35.351+0000] {dag.py:3954} INFO - Setting next_dagrun for example_nested_branch_dag to 2024-06-15 00:00:00+00:00, run_after=2024-06-16 00:00:00+00:00
[2024-06-16T20:32:35.373+0000] {processor.py:183} INFO - Processing /home/airflow/.local/lib/python3.12/site-packages/airflow/example_dags/example_nested_branch_dag.py took 0.091 seconds
[2024-06-16T20:33:05.961+0000] {processor.py:161} INFO - Started process (PID=708) to work on /home/airflow/.local/lib/python3.12/site-packages/airflow/example_dags/example_nested_branch_dag.py
[2024-06-16T20:33:05.963+0000] {processor.py:830} INFO - Processing file /home/airflow/.local/lib/python3.12/site-packages/airflow/example_dags/example_nested_branch_dag.py for tasks to queue
[2024-06-16T20:33:05.964+0000] {logging_mixin.py:188} INFO - [2024-06-16T20:33:05.964+0000] {dagbag.py:545} INFO - Filling up the DagBag from /home/airflow/.local/lib/python3.12/site-packages/airflow/example_dags/example_nested_branch_dag.py
[2024-06-16T20:33:05.974+0000] {processor.py:840} INFO - DAG(s) 'example_nested_branch_dag' retrieved from /home/airflow/.local/lib/python3.12/site-packages/airflow/example_dags/example_nested_branch_dag.py
[2024-06-16T20:33:05.996+0000] {logging_mixin.py:188} INFO - [2024-06-16T20:33:05.996+0000] {dag.py:3096} INFO - Sync 1 DAGs
[2024-06-16T20:33:06.018+0000] {logging_mixin.py:188} INFO - [2024-06-16T20:33:06.018+0000] {dag.py:3954} INFO - Setting next_dagrun for example_nested_branch_dag to 2024-06-15 00:00:00+00:00, run_after=2024-06-16 00:00:00+00:00
[2024-06-16T20:33:06.038+0000] {processor.py:183} INFO - Processing /home/airflow/.local/lib/python3.12/site-packages/airflow/example_dags/example_nested_branch_dag.py took 0.082 seconds
[2024-06-16T20:33:36.581+0000] {processor.py:161} INFO - Started process (PID=766) to work on /home/airflow/.local/lib/python3.12/site-packages/airflow/example_dags/example_nested_branch_dag.py
[2024-06-16T20:33:36.585+0000] {processor.py:830} INFO - Processing file /home/airflow/.local/lib/python3.12/site-packages/airflow/example_dags/example_nested_branch_dag.py for tasks to queue
[2024-06-16T20:33:36.587+0000] {logging_mixin.py:188} INFO - [2024-06-16T20:33:36.587+0000] {dagbag.py:545} INFO - Filling up the DagBag from /home/airflow/.local/lib/python3.12/site-packages/airflow/example_dags/example_nested_branch_dag.py
[2024-06-16T20:33:36.597+0000] {processor.py:840} INFO - DAG(s) 'example_nested_branch_dag' retrieved from /home/airflow/.local/lib/python3.12/site-packages/airflow/example_dags/example_nested_branch_dag.py
[2024-06-16T20:33:36.626+0000] {logging_mixin.py:188} INFO - [2024-06-16T20:33:36.625+0000] {dag.py:3096} INFO - Sync 1 DAGs
[2024-06-16T20:33:36.656+0000] {logging_mixin.py:188} INFO - [2024-06-16T20:33:36.655+0000] {dag.py:3954} INFO - Setting next_dagrun for example_nested_branch_dag to 2024-06-15 00:00:00+00:00, run_after=2024-06-16 00:00:00+00:00
[2024-06-16T20:33:36.702+0000] {processor.py:183} INFO - Processing /home/airflow/.local/lib/python3.12/site-packages/airflow/example_dags/example_nested_branch_dag.py took 0.126 seconds
[2024-06-16T20:34:07.219+0000] {processor.py:161} INFO - Started process (PID=824) to work on /home/airflow/.local/lib/python3.12/site-packages/airflow/example_dags/example_nested_branch_dag.py
[2024-06-16T20:34:07.220+0000] {processor.py:830} INFO - Processing file /home/airflow/.local/lib/python3.12/site-packages/airflow/example_dags/example_nested_branch_dag.py for tasks to queue
[2024-06-16T20:34:07.222+0000] {logging_mixin.py:188} INFO - [2024-06-16T20:34:07.222+0000] {dagbag.py:545} INFO - Filling up the DagBag from /home/airflow/.local/lib/python3.12/site-packages/airflow/example_dags/example_nested_branch_dag.py
[2024-06-16T20:34:07.232+0000] {processor.py:840} INFO - DAG(s) 'example_nested_branch_dag' retrieved from /home/airflow/.local/lib/python3.12/site-packages/airflow/example_dags/example_nested_branch_dag.py
[2024-06-16T20:34:07.255+0000] {logging_mixin.py:188} INFO - [2024-06-16T20:34:07.254+0000] {dag.py:3096} INFO - Sync 1 DAGs
[2024-06-16T20:34:07.277+0000] {logging_mixin.py:188} INFO - [2024-06-16T20:34:07.277+0000] {dag.py:3954} INFO - Setting next_dagrun for example_nested_branch_dag to 2024-06-15 00:00:00+00:00, run_after=2024-06-16 00:00:00+00:00
[2024-06-16T20:34:07.297+0000] {processor.py:183} INFO - Processing /home/airflow/.local/lib/python3.12/site-packages/airflow/example_dags/example_nested_branch_dag.py took 0.084 seconds
[2024-06-16T20:34:37.673+0000] {processor.py:161} INFO - Started process (PID=882) to work on /home/airflow/.local/lib/python3.12/site-packages/airflow/example_dags/example_nested_branch_dag.py
[2024-06-16T20:34:37.675+0000] {processor.py:830} INFO - Processing file /home/airflow/.local/lib/python3.12/site-packages/airflow/example_dags/example_nested_branch_dag.py for tasks to queue
[2024-06-16T20:34:37.677+0000] {logging_mixin.py:188} INFO - [2024-06-16T20:34:37.676+0000] {dagbag.py:545} INFO - Filling up the DagBag from /home/airflow/.local/lib/python3.12/site-packages/airflow/example_dags/example_nested_branch_dag.py
[2024-06-16T20:34:37.687+0000] {processor.py:840} INFO - DAG(s) 'example_nested_branch_dag' retrieved from /home/airflow/.local/lib/python3.12/site-packages/airflow/example_dags/example_nested_branch_dag.py
[2024-06-16T20:34:37.709+0000] {logging_mixin.py:188} INFO - [2024-06-16T20:34:37.709+0000] {dag.py:3096} INFO - Sync 1 DAGs
[2024-06-16T20:34:37.731+0000] {logging_mixin.py:188} INFO - [2024-06-16T20:34:37.731+0000] {dag.py:3954} INFO - Setting next_dagrun for example_nested_branch_dag to 2024-06-15 00:00:00+00:00, run_after=2024-06-16 00:00:00+00:00
[2024-06-16T20:34:37.753+0000] {processor.py:183} INFO - Processing /home/airflow/.local/lib/python3.12/site-packages/airflow/example_dags/example_nested_branch_dag.py took 0.087 seconds
[2024-06-16T20:35:08.211+0000] {processor.py:161} INFO - Started process (PID=940) to work on /home/airflow/.local/lib/python3.12/site-packages/airflow/example_dags/example_nested_branch_dag.py
[2024-06-16T20:35:08.213+0000] {processor.py:830} INFO - Processing file /home/airflow/.local/lib/python3.12/site-packages/airflow/example_dags/example_nested_branch_dag.py for tasks to queue
[2024-06-16T20:35:08.215+0000] {logging_mixin.py:188} INFO - [2024-06-16T20:35:08.215+0000] {dagbag.py:545} INFO - Filling up the DagBag from /home/airflow/.local/lib/python3.12/site-packages/airflow/example_dags/example_nested_branch_dag.py
[2024-06-16T20:35:08.227+0000] {processor.py:840} INFO - DAG(s) 'example_nested_branch_dag' retrieved from /home/airflow/.local/lib/python3.12/site-packages/airflow/example_dags/example_nested_branch_dag.py
[2024-06-16T20:35:08.256+0000] {logging_mixin.py:188} INFO - [2024-06-16T20:35:08.256+0000] {dag.py:3096} INFO - Sync 1 DAGs
[2024-06-16T20:35:08.287+0000] {logging_mixin.py:188} INFO - [2024-06-16T20:35:08.287+0000] {dag.py:3954} INFO - Setting next_dagrun for example_nested_branch_dag to 2024-06-15 00:00:00+00:00, run_after=2024-06-16 00:00:00+00:00
[2024-06-16T20:35:08.312+0000] {processor.py:183} INFO - Processing /home/airflow/.local/lib/python3.12/site-packages/airflow/example_dags/example_nested_branch_dag.py took 0.107 seconds
[2024-06-16T20:35:39.024+0000] {processor.py:161} INFO - Started process (PID=998) to work on /home/airflow/.local/lib/python3.12/site-packages/airflow/example_dags/example_nested_branch_dag.py
[2024-06-16T20:35:39.025+0000] {processor.py:830} INFO - Processing file /home/airflow/.local/lib/python3.12/site-packages/airflow/example_dags/example_nested_branch_dag.py for tasks to queue
[2024-06-16T20:35:39.026+0000] {logging_mixin.py:188} INFO - [2024-06-16T20:35:39.026+0000] {dagbag.py:545} INFO - Filling up the DagBag from /home/airflow/.local/lib/python3.12/site-packages/airflow/example_dags/example_nested_branch_dag.py
[2024-06-16T20:35:39.035+0000] {processor.py:840} INFO - DAG(s) 'example_nested_branch_dag' retrieved from /home/airflow/.local/lib/python3.12/site-packages/airflow/example_dags/example_nested_branch_dag.py
[2024-06-16T20:35:39.056+0000] {logging_mixin.py:188} INFO - [2024-06-16T20:35:39.056+0000] {dag.py:3096} INFO - Sync 1 DAGs
[2024-06-16T20:35:39.079+0000] {logging_mixin.py:188} INFO - [2024-06-16T20:35:39.079+0000] {dag.py:3954} INFO - Setting next_dagrun for example_nested_branch_dag to 2024-06-15 00:00:00+00:00, run_after=2024-06-16 00:00:00+00:00
[2024-06-16T20:35:39.098+0000] {processor.py:183} INFO - Processing /home/airflow/.local/lib/python3.12/site-packages/airflow/example_dags/example_nested_branch_dag.py took 0.079 seconds
[2024-06-16T20:36:09.150+0000] {processor.py:161} INFO - Started process (PID=1056) to work on /home/airflow/.local/lib/python3.12/site-packages/airflow/example_dags/example_nested_branch_dag.py
[2024-06-16T20:36:09.151+0000] {processor.py:830} INFO - Processing file /home/airflow/.local/lib/python3.12/site-packages/airflow/example_dags/example_nested_branch_dag.py for tasks to queue
[2024-06-16T20:36:09.153+0000] {logging_mixin.py:188} INFO - [2024-06-16T20:36:09.152+0000] {dagbag.py:545} INFO - Filling up the DagBag from /home/airflow/.local/lib/python3.12/site-packages/airflow/example_dags/example_nested_branch_dag.py
[2024-06-16T20:36:09.162+0000] {processor.py:840} INFO - DAG(s) 'example_nested_branch_dag' retrieved from /home/airflow/.local/lib/python3.12/site-packages/airflow/example_dags/example_nested_branch_dag.py
[2024-06-16T20:36:09.182+0000] {logging_mixin.py:188} INFO - [2024-06-16T20:36:09.181+0000] {dag.py:3096} INFO - Sync 1 DAGs
[2024-06-16T20:36:09.204+0000] {logging_mixin.py:188} INFO - [2024-06-16T20:36:09.203+0000] {dag.py:3954} INFO - Setting next_dagrun for example_nested_branch_dag to 2024-06-15 00:00:00+00:00, run_after=2024-06-16 00:00:00+00:00
[2024-06-16T20:36:09.223+0000] {processor.py:183} INFO - Processing /home/airflow/.local/lib/python3.12/site-packages/airflow/example_dags/example_nested_branch_dag.py took 0.078 seconds
[2024-06-16T20:36:39.554+0000] {processor.py:161} INFO - Started process (PID=1114) to work on /home/airflow/.local/lib/python3.12/site-packages/airflow/example_dags/example_nested_branch_dag.py
[2024-06-16T20:36:39.555+0000] {processor.py:830} INFO - Processing file /home/airflow/.local/lib/python3.12/site-packages/airflow/example_dags/example_nested_branch_dag.py for tasks to queue
[2024-06-16T20:36:39.557+0000] {logging_mixin.py:188} INFO - [2024-06-16T20:36:39.556+0000] {dagbag.py:545} INFO - Filling up the DagBag from /home/airflow/.local/lib/python3.12/site-packages/airflow/example_dags/example_nested_branch_dag.py
[2024-06-16T20:36:39.566+0000] {processor.py:840} INFO - DAG(s) 'example_nested_branch_dag' retrieved from /home/airflow/.local/lib/python3.12/site-packages/airflow/example_dags/example_nested_branch_dag.py
[2024-06-16T20:36:39.587+0000] {logging_mixin.py:188} INFO - [2024-06-16T20:36:39.587+0000] {dag.py:3096} INFO - Sync 1 DAGs
[2024-06-16T20:36:39.608+0000] {logging_mixin.py:188} INFO - [2024-06-16T20:36:39.608+0000] {dag.py:3954} INFO - Setting next_dagrun for example_nested_branch_dag to 2024-06-15 00:00:00+00:00, run_after=2024-06-16 00:00:00+00:00
[2024-06-16T20:36:39.628+0000] {processor.py:183} INFO - Processing /home/airflow/.local/lib/python3.12/site-packages/airflow/example_dags/example_nested_branch_dag.py took 0.080 seconds
[2024-06-16T20:37:09.951+0000] {processor.py:161} INFO - Started process (PID=1172) to work on /home/airflow/.local/lib/python3.12/site-packages/airflow/example_dags/example_nested_branch_dag.py
[2024-06-16T20:37:09.952+0000] {processor.py:830} INFO - Processing file /home/airflow/.local/lib/python3.12/site-packages/airflow/example_dags/example_nested_branch_dag.py for tasks to queue
[2024-06-16T20:37:09.954+0000] {logging_mixin.py:188} INFO - [2024-06-16T20:37:09.954+0000] {dagbag.py:545} INFO - Filling up the DagBag from /home/airflow/.local/lib/python3.12/site-packages/airflow/example_dags/example_nested_branch_dag.py
[2024-06-16T20:37:09.963+0000] {processor.py:840} INFO - DAG(s) 'example_nested_branch_dag' retrieved from /home/airflow/.local/lib/python3.12/site-packages/airflow/example_dags/example_nested_branch_dag.py
[2024-06-16T20:37:09.983+0000] {logging_mixin.py:188} INFO - [2024-06-16T20:37:09.983+0000] {dag.py:3096} INFO - Sync 1 DAGs
[2024-06-16T20:37:10.004+0000] {logging_mixin.py:188} INFO - [2024-06-16T20:37:10.004+0000] {dag.py:3954} INFO - Setting next_dagrun for example_nested_branch_dag to 2024-06-15 00:00:00+00:00, run_after=2024-06-16 00:00:00+00:00
[2024-06-16T20:37:10.023+0000] {processor.py:183} INFO - Processing /home/airflow/.local/lib/python3.12/site-packages/airflow/example_dags/example_nested_branch_dag.py took 0.077 seconds
[2024-06-16T20:37:40.098+0000] {processor.py:161} INFO - Started process (PID=1230) to work on /home/airflow/.local/lib/python3.12/site-packages/airflow/example_dags/example_nested_branch_dag.py
[2024-06-16T20:37:40.099+0000] {processor.py:830} INFO - Processing file /home/airflow/.local/lib/python3.12/site-packages/airflow/example_dags/example_nested_branch_dag.py for tasks to queue
[2024-06-16T20:37:40.100+0000] {logging_mixin.py:188} INFO - [2024-06-16T20:37:40.100+0000] {dagbag.py:545} INFO - Filling up the DagBag from /home/airflow/.local/lib/python3.12/site-packages/airflow/example_dags/example_nested_branch_dag.py
[2024-06-16T20:37:40.110+0000] {processor.py:840} INFO - DAG(s) 'example_nested_branch_dag' retrieved from /home/airflow/.local/lib/python3.12/site-packages/airflow/example_dags/example_nested_branch_dag.py
[2024-06-16T20:37:40.130+0000] {logging_mixin.py:188} INFO - [2024-06-16T20:37:40.130+0000] {dag.py:3096} INFO - Sync 1 DAGs
[2024-06-16T20:37:40.152+0000] {logging_mixin.py:188} INFO - [2024-06-16T20:37:40.152+0000] {dag.py:3954} INFO - Setting next_dagrun for example_nested_branch_dag to 2024-06-15 00:00:00+00:00, run_after=2024-06-16 00:00:00+00:00
[2024-06-16T20:37:40.172+0000] {processor.py:183} INFO - Processing /home/airflow/.local/lib/python3.12/site-packages/airflow/example_dags/example_nested_branch_dag.py took 0.080 seconds
[2024-06-16T20:38:11.038+0000] {processor.py:161} INFO - Started process (PID=1288) to work on /home/airflow/.local/lib/python3.12/site-packages/airflow/example_dags/example_nested_branch_dag.py
[2024-06-16T20:38:11.039+0000] {processor.py:830} INFO - Processing file /home/airflow/.local/lib/python3.12/site-packages/airflow/example_dags/example_nested_branch_dag.py for tasks to queue
[2024-06-16T20:38:11.041+0000] {logging_mixin.py:188} INFO - [2024-06-16T20:38:11.041+0000] {dagbag.py:545} INFO - Filling up the DagBag from /home/airflow/.local/lib/python3.12/site-packages/airflow/example_dags/example_nested_branch_dag.py
[2024-06-16T20:38:11.050+0000] {processor.py:840} INFO - DAG(s) 'example_nested_branch_dag' retrieved from /home/airflow/.local/lib/python3.12/site-packages/airflow/example_dags/example_nested_branch_dag.py
[2024-06-16T20:38:11.071+0000] {logging_mixin.py:188} INFO - [2024-06-16T20:38:11.071+0000] {dag.py:3096} INFO - Sync 1 DAGs
[2024-06-16T20:38:11.094+0000] {logging_mixin.py:188} INFO - [2024-06-16T20:38:11.094+0000] {dag.py:3954} INFO - Setting next_dagrun for example_nested_branch_dag to 2024-06-15 00:00:00+00:00, run_after=2024-06-16 00:00:00+00:00
[2024-06-16T20:38:11.113+0000] {processor.py:183} INFO - Processing /home/airflow/.local/lib/python3.12/site-packages/airflow/example_dags/example_nested_branch_dag.py took 0.080 seconds
[2024-06-16T20:38:41.765+0000] {processor.py:161} INFO - Started process (PID=1346) to work on /home/airflow/.local/lib/python3.12/site-packages/airflow/example_dags/example_nested_branch_dag.py
[2024-06-16T20:38:41.767+0000] {processor.py:830} INFO - Processing file /home/airflow/.local/lib/python3.12/site-packages/airflow/example_dags/example_nested_branch_dag.py for tasks to queue
[2024-06-16T20:38:41.768+0000] {logging_mixin.py:188} INFO - [2024-06-16T20:38:41.768+0000] {dagbag.py:545} INFO - Filling up the DagBag from /home/airflow/.local/lib/python3.12/site-packages/airflow/example_dags/example_nested_branch_dag.py
[2024-06-16T20:38:41.777+0000] {processor.py:840} INFO - DAG(s) 'example_nested_branch_dag' retrieved from /home/airflow/.local/lib/python3.12/site-packages/airflow/example_dags/example_nested_branch_dag.py
[2024-06-16T20:38:41.798+0000] {logging_mixin.py:188} INFO - [2024-06-16T20:38:41.798+0000] {dag.py:3096} INFO - Sync 1 DAGs
[2024-06-16T20:38:41.819+0000] {logging_mixin.py:188} INFO - [2024-06-16T20:38:41.819+0000] {dag.py:3954} INFO - Setting next_dagrun for example_nested_branch_dag to 2024-06-15 00:00:00+00:00, run_after=2024-06-16 00:00:00+00:00
[2024-06-16T20:38:41.838+0000] {processor.py:183} INFO - Processing /home/airflow/.local/lib/python3.12/site-packages/airflow/example_dags/example_nested_branch_dag.py took 0.078 seconds
[2024-06-16T20:39:12.297+0000] {processor.py:161} INFO - Started process (PID=1404) to work on /home/airflow/.local/lib/python3.12/site-packages/airflow/example_dags/example_nested_branch_dag.py
[2024-06-16T20:39:12.298+0000] {processor.py:830} INFO - Processing file /home/airflow/.local/lib/python3.12/site-packages/airflow/example_dags/example_nested_branch_dag.py for tasks to queue
[2024-06-16T20:39:12.300+0000] {logging_mixin.py:188} INFO - [2024-06-16T20:39:12.299+0000] {dagbag.py:545} INFO - Filling up the DagBag from /home/airflow/.local/lib/python3.12/site-packages/airflow/example_dags/example_nested_branch_dag.py
[2024-06-16T20:39:12.309+0000] {processor.py:840} INFO - DAG(s) 'example_nested_branch_dag' retrieved from /home/airflow/.local/lib/python3.12/site-packages/airflow/example_dags/example_nested_branch_dag.py
[2024-06-16T20:39:12.329+0000] {logging_mixin.py:188} INFO - [2024-06-16T20:39:12.328+0000] {dag.py:3096} INFO - Sync 1 DAGs
[2024-06-16T20:39:12.352+0000] {logging_mixin.py:188} INFO - [2024-06-16T20:39:12.351+0000] {dag.py:3954} INFO - Setting next_dagrun for example_nested_branch_dag to 2024-06-15 00:00:00+00:00, run_after=2024-06-16 00:00:00+00:00
[2024-06-16T20:39:12.371+0000] {processor.py:183} INFO - Processing /home/airflow/.local/lib/python3.12/site-packages/airflow/example_dags/example_nested_branch_dag.py took 0.079 seconds
[2024-06-16T20:39:42.862+0000] {processor.py:161} INFO - Started process (PID=1462) to work on /home/airflow/.local/lib/python3.12/site-packages/airflow/example_dags/example_nested_branch_dag.py
[2024-06-16T20:39:42.864+0000] {processor.py:830} INFO - Processing file /home/airflow/.local/lib/python3.12/site-packages/airflow/example_dags/example_nested_branch_dag.py for tasks to queue
[2024-06-16T20:39:42.865+0000] {logging_mixin.py:188} INFO - [2024-06-16T20:39:42.865+0000] {dagbag.py:545} INFO - Filling up the DagBag from /home/airflow/.local/lib/python3.12/site-packages/airflow/example_dags/example_nested_branch_dag.py
[2024-06-16T20:39:42.874+0000] {processor.py:840} INFO - DAG(s) 'example_nested_branch_dag' retrieved from /home/airflow/.local/lib/python3.12/site-packages/airflow/example_dags/example_nested_branch_dag.py
[2024-06-16T20:39:42.894+0000] {logging_mixin.py:188} INFO - [2024-06-16T20:39:42.894+0000] {dag.py:3096} INFO - Sync 1 DAGs
[2024-06-16T20:39:42.916+0000] {logging_mixin.py:188} INFO - [2024-06-16T20:39:42.916+0000] {dag.py:3954} INFO - Setting next_dagrun for example_nested_branch_dag to 2024-06-15 00:00:00+00:00, run_after=2024-06-16 00:00:00+00:00
[2024-06-16T20:39:42.935+0000] {processor.py:183} INFO - Processing /home/airflow/.local/lib/python3.12/site-packages/airflow/example_dags/example_nested_branch_dag.py took 0.078 seconds
[2024-06-16T20:40:13.481+0000] {processor.py:161} INFO - Started process (PID=1520) to work on /home/airflow/.local/lib/python3.12/site-packages/airflow/example_dags/example_nested_branch_dag.py
[2024-06-16T20:40:13.482+0000] {processor.py:830} INFO - Processing file /home/airflow/.local/lib/python3.12/site-packages/airflow/example_dags/example_nested_branch_dag.py for tasks to queue
[2024-06-16T20:40:13.484+0000] {logging_mixin.py:188} INFO - [2024-06-16T20:40:13.483+0000] {dagbag.py:545} INFO - Filling up the DagBag from /home/airflow/.local/lib/python3.12/site-packages/airflow/example_dags/example_nested_branch_dag.py
[2024-06-16T20:40:13.493+0000] {processor.py:840} INFO - DAG(s) 'example_nested_branch_dag' retrieved from /home/airflow/.local/lib/python3.12/site-packages/airflow/example_dags/example_nested_branch_dag.py
[2024-06-16T20:40:13.513+0000] {logging_mixin.py:188} INFO - [2024-06-16T20:40:13.513+0000] {dag.py:3096} INFO - Sync 1 DAGs
[2024-06-16T20:40:13.534+0000] {logging_mixin.py:188} INFO - [2024-06-16T20:40:13.534+0000] {dag.py:3954} INFO - Setting next_dagrun for example_nested_branch_dag to 2024-06-15 00:00:00+00:00, run_after=2024-06-16 00:00:00+00:00
[2024-06-16T20:40:13.554+0000] {processor.py:183} INFO - Processing /home/airflow/.local/lib/python3.12/site-packages/airflow/example_dags/example_nested_branch_dag.py took 0.078 seconds
[2024-06-16T20:40:44.055+0000] {processor.py:161} INFO - Started process (PID=1578) to work on /home/airflow/.local/lib/python3.12/site-packages/airflow/example_dags/example_nested_branch_dag.py
[2024-06-16T20:40:44.056+0000] {processor.py:830} INFO - Processing file /home/airflow/.local/lib/python3.12/site-packages/airflow/example_dags/example_nested_branch_dag.py for tasks to queue
[2024-06-16T20:40:44.058+0000] {logging_mixin.py:188} INFO - [2024-06-16T20:40:44.057+0000] {dagbag.py:545} INFO - Filling up the DagBag from /home/airflow/.local/lib/python3.12/site-packages/airflow/example_dags/example_nested_branch_dag.py
[2024-06-16T20:40:44.067+0000] {processor.py:840} INFO - DAG(s) 'example_nested_branch_dag' retrieved from /home/airflow/.local/lib/python3.12/site-packages/airflow/example_dags/example_nested_branch_dag.py
[2024-06-16T20:40:44.087+0000] {logging_mixin.py:188} INFO - [2024-06-16T20:40:44.087+0000] {dag.py:3096} INFO - Sync 1 DAGs
[2024-06-16T20:40:44.109+0000] {logging_mixin.py:188} INFO - [2024-06-16T20:40:44.109+0000] {dag.py:3954} INFO - Setting next_dagrun for example_nested_branch_dag to 2024-06-15 00:00:00+00:00, run_after=2024-06-16 00:00:00+00:00
[2024-06-16T20:40:44.128+0000] {processor.py:183} INFO - Processing /home/airflow/.local/lib/python3.12/site-packages/airflow/example_dags/example_nested_branch_dag.py took 0.079 seconds
[2024-06-16T20:41:14.668+0000] {processor.py:161} INFO - Started process (PID=1636) to work on /home/airflow/.local/lib/python3.12/site-packages/airflow/example_dags/example_nested_branch_dag.py
[2024-06-16T20:41:14.669+0000] {processor.py:830} INFO - Processing file /home/airflow/.local/lib/python3.12/site-packages/airflow/example_dags/example_nested_branch_dag.py for tasks to queue
[2024-06-16T20:41:14.671+0000] {logging_mixin.py:188} INFO - [2024-06-16T20:41:14.671+0000] {dagbag.py:545} INFO - Filling up the DagBag from /home/airflow/.local/lib/python3.12/site-packages/airflow/example_dags/example_nested_branch_dag.py
[2024-06-16T20:41:14.680+0000] {processor.py:840} INFO - DAG(s) 'example_nested_branch_dag' retrieved from /home/airflow/.local/lib/python3.12/site-packages/airflow/example_dags/example_nested_branch_dag.py
[2024-06-16T20:41:14.701+0000] {logging_mixin.py:188} INFO - [2024-06-16T20:41:14.701+0000] {dag.py:3096} INFO - Sync 1 DAGs
[2024-06-16T20:41:14.722+0000] {logging_mixin.py:188} INFO - [2024-06-16T20:41:14.722+0000] {dag.py:3954} INFO - Setting next_dagrun for example_nested_branch_dag to 2024-06-15 00:00:00+00:00, run_after=2024-06-16 00:00:00+00:00
[2024-06-16T20:41:14.740+0000] {processor.py:183} INFO - Processing /home/airflow/.local/lib/python3.12/site-packages/airflow/example_dags/example_nested_branch_dag.py took 0.077 seconds
[2024-06-16T20:41:45.250+0000] {processor.py:161} INFO - Started process (PID=1694) to work on /home/airflow/.local/lib/python3.12/site-packages/airflow/example_dags/example_nested_branch_dag.py
[2024-06-16T20:41:45.251+0000] {processor.py:830} INFO - Processing file /home/airflow/.local/lib/python3.12/site-packages/airflow/example_dags/example_nested_branch_dag.py for tasks to queue
[2024-06-16T20:41:45.253+0000] {logging_mixin.py:188} INFO - [2024-06-16T20:41:45.253+0000] {dagbag.py:545} INFO - Filling up the DagBag from /home/airflow/.local/lib/python3.12/site-packages/airflow/example_dags/example_nested_branch_dag.py
[2024-06-16T20:41:45.262+0000] {processor.py:840} INFO - DAG(s) 'example_nested_branch_dag' retrieved from /home/airflow/.local/lib/python3.12/site-packages/airflow/example_dags/example_nested_branch_dag.py
[2024-06-16T20:41:45.282+0000] {logging_mixin.py:188} INFO - [2024-06-16T20:41:45.281+0000] {dag.py:3096} INFO - Sync 1 DAGs
[2024-06-16T20:41:45.302+0000] {logging_mixin.py:188} INFO - [2024-06-16T20:41:45.302+0000] {dag.py:3954} INFO - Setting next_dagrun for example_nested_branch_dag to 2024-06-15 00:00:00+00:00, run_after=2024-06-16 00:00:00+00:00
[2024-06-16T20:41:45.322+0000] {processor.py:183} INFO - Processing /home/airflow/.local/lib/python3.12/site-packages/airflow/example_dags/example_nested_branch_dag.py took 0.077 seconds
[2024-06-16T20:42:15.676+0000] {processor.py:161} INFO - Started process (PID=1752) to work on /home/airflow/.local/lib/python3.12/site-packages/airflow/example_dags/example_nested_branch_dag.py
[2024-06-16T20:42:15.678+0000] {processor.py:830} INFO - Processing file /home/airflow/.local/lib/python3.12/site-packages/airflow/example_dags/example_nested_branch_dag.py for tasks to queue
[2024-06-16T20:42:15.679+0000] {logging_mixin.py:188} INFO - [2024-06-16T20:42:15.679+0000] {dagbag.py:545} INFO - Filling up the DagBag from /home/airflow/.local/lib/python3.12/site-packages/airflow/example_dags/example_nested_branch_dag.py
[2024-06-16T20:42:15.689+0000] {processor.py:840} INFO - DAG(s) 'example_nested_branch_dag' retrieved from /home/airflow/.local/lib/python3.12/site-packages/airflow/example_dags/example_nested_branch_dag.py
[2024-06-16T20:42:15.710+0000] {logging_mixin.py:188} INFO - [2024-06-16T20:42:15.710+0000] {dag.py:3096} INFO - Sync 1 DAGs
[2024-06-16T20:42:15.734+0000] {logging_mixin.py:188} INFO - [2024-06-16T20:42:15.733+0000] {dag.py:3954} INFO - Setting next_dagrun for example_nested_branch_dag to 2024-06-15 00:00:00+00:00, run_after=2024-06-16 00:00:00+00:00
[2024-06-16T20:42:15.754+0000] {processor.py:183} INFO - Processing /home/airflow/.local/lib/python3.12/site-packages/airflow/example_dags/example_nested_branch_dag.py took 0.085 seconds
[2024-06-16T20:42:46.044+0000] {processor.py:161} INFO - Started process (PID=1810) to work on /home/airflow/.local/lib/python3.12/site-packages/airflow/example_dags/example_nested_branch_dag.py
[2024-06-16T20:42:46.045+0000] {processor.py:830} INFO - Processing file /home/airflow/.local/lib/python3.12/site-packages/airflow/example_dags/example_nested_branch_dag.py for tasks to queue
[2024-06-16T20:42:46.046+0000] {logging_mixin.py:188} INFO - [2024-06-16T20:42:46.046+0000] {dagbag.py:545} INFO - Filling up the DagBag from /home/airflow/.local/lib/python3.12/site-packages/airflow/example_dags/example_nested_branch_dag.py
[2024-06-16T20:42:46.056+0000] {processor.py:840} INFO - DAG(s) 'example_nested_branch_dag' retrieved from /home/airflow/.local/lib/python3.12/site-packages/airflow/example_dags/example_nested_branch_dag.py
[2024-06-16T20:42:46.076+0000] {logging_mixin.py:188} INFO - [2024-06-16T20:42:46.076+0000] {dag.py:3096} INFO - Sync 1 DAGs
[2024-06-16T20:42:46.098+0000] {logging_mixin.py:188} INFO - [2024-06-16T20:42:46.098+0000] {dag.py:3954} INFO - Setting next_dagrun for example_nested_branch_dag to 2024-06-15 00:00:00+00:00, run_after=2024-06-16 00:00:00+00:00
[2024-06-16T20:42:46.117+0000] {processor.py:183} INFO - Processing /home/airflow/.local/lib/python3.12/site-packages/airflow/example_dags/example_nested_branch_dag.py took 0.079 seconds
[2024-06-16T20:43:17.334+0000] {processor.py:161} INFO - Started process (PID=1868) to work on /home/airflow/.local/lib/python3.12/site-packages/airflow/example_dags/example_nested_branch_dag.py
[2024-06-16T20:43:17.335+0000] {processor.py:830} INFO - Processing file /home/airflow/.local/lib/python3.12/site-packages/airflow/example_dags/example_nested_branch_dag.py for tasks to queue
[2024-06-16T20:43:17.337+0000] {logging_mixin.py:188} INFO - [2024-06-16T20:43:17.337+0000] {dagbag.py:545} INFO - Filling up the DagBag from /home/airflow/.local/lib/python3.12/site-packages/airflow/example_dags/example_nested_branch_dag.py
[2024-06-16T20:43:17.347+0000] {processor.py:840} INFO - DAG(s) 'example_nested_branch_dag' retrieved from /home/airflow/.local/lib/python3.12/site-packages/airflow/example_dags/example_nested_branch_dag.py
[2024-06-16T20:43:17.368+0000] {logging_mixin.py:188} INFO - [2024-06-16T20:43:17.368+0000] {dag.py:3096} INFO - Sync 1 DAGs
[2024-06-16T20:43:17.390+0000] {logging_mixin.py:188} INFO - [2024-06-16T20:43:17.390+0000] {dag.py:3954} INFO - Setting next_dagrun for example_nested_branch_dag to 2024-06-15 00:00:00+00:00, run_after=2024-06-16 00:00:00+00:00
[2024-06-16T20:43:17.409+0000] {processor.py:183} INFO - Processing /home/airflow/.local/lib/python3.12/site-packages/airflow/example_dags/example_nested_branch_dag.py took 0.080 seconds
[2024-06-16T20:43:48.790+0000] {processor.py:161} INFO - Started process (PID=1926) to work on /home/airflow/.local/lib/python3.12/site-packages/airflow/example_dags/example_nested_branch_dag.py
[2024-06-16T20:43:48.791+0000] {processor.py:830} INFO - Processing file /home/airflow/.local/lib/python3.12/site-packages/airflow/example_dags/example_nested_branch_dag.py for tasks to queue
[2024-06-16T20:43:48.794+0000] {logging_mixin.py:188} INFO - [2024-06-16T20:43:48.793+0000] {dagbag.py:545} INFO - Filling up the DagBag from /home/airflow/.local/lib/python3.12/site-packages/airflow/example_dags/example_nested_branch_dag.py
[2024-06-16T20:43:48.807+0000] {processor.py:840} INFO - DAG(s) 'example_nested_branch_dag' retrieved from /home/airflow/.local/lib/python3.12/site-packages/airflow/example_dags/example_nested_branch_dag.py
[2024-06-16T20:43:48.832+0000] {logging_mixin.py:188} INFO - [2024-06-16T20:43:48.832+0000] {dag.py:3096} INFO - Sync 1 DAGs
[2024-06-16T20:43:49.019+0000] {logging_mixin.py:188} INFO - [2024-06-16T20:43:49.019+0000] {dag.py:3954} INFO - Setting next_dagrun for example_nested_branch_dag to 2024-06-15 00:00:00+00:00, run_after=2024-06-16 00:00:00+00:00
[2024-06-16T20:43:49.044+0000] {processor.py:183} INFO - Processing /home/airflow/.local/lib/python3.12/site-packages/airflow/example_dags/example_nested_branch_dag.py took 0.261 seconds
[2024-06-16T20:44:19.119+0000] {processor.py:161} INFO - Started process (PID=1984) to work on /home/airflow/.local/lib/python3.12/site-packages/airflow/example_dags/example_nested_branch_dag.py
[2024-06-16T20:44:19.120+0000] {processor.py:830} INFO - Processing file /home/airflow/.local/lib/python3.12/site-packages/airflow/example_dags/example_nested_branch_dag.py for tasks to queue
[2024-06-16T20:44:19.122+0000] {logging_mixin.py:188} INFO - [2024-06-16T20:44:19.121+0000] {dagbag.py:545} INFO - Filling up the DagBag from /home/airflow/.local/lib/python3.12/site-packages/airflow/example_dags/example_nested_branch_dag.py
[2024-06-16T20:44:19.133+0000] {processor.py:840} INFO - DAG(s) 'example_nested_branch_dag' retrieved from /home/airflow/.local/lib/python3.12/site-packages/airflow/example_dags/example_nested_branch_dag.py
[2024-06-16T20:44:19.155+0000] {logging_mixin.py:188} INFO - [2024-06-16T20:44:19.155+0000] {dag.py:3096} INFO - Sync 1 DAGs
[2024-06-16T20:44:19.327+0000] {logging_mixin.py:188} INFO - [2024-06-16T20:44:19.326+0000] {dag.py:3954} INFO - Setting next_dagrun for example_nested_branch_dag to 2024-06-15 00:00:00+00:00, run_after=2024-06-16 00:00:00+00:00
[2024-06-16T20:44:19.346+0000] {processor.py:183} INFO - Processing /home/airflow/.local/lib/python3.12/site-packages/airflow/example_dags/example_nested_branch_dag.py took 0.233 seconds
[2024-06-16T20:44:49.366+0000] {processor.py:161} INFO - Started process (PID=2042) to work on /home/airflow/.local/lib/python3.12/site-packages/airflow/example_dags/example_nested_branch_dag.py
[2024-06-16T20:44:49.367+0000] {processor.py:830} INFO - Processing file /home/airflow/.local/lib/python3.12/site-packages/airflow/example_dags/example_nested_branch_dag.py for tasks to queue
[2024-06-16T20:44:49.369+0000] {logging_mixin.py:188} INFO - [2024-06-16T20:44:49.369+0000] {dagbag.py:545} INFO - Filling up the DagBag from /home/airflow/.local/lib/python3.12/site-packages/airflow/example_dags/example_nested_branch_dag.py
[2024-06-16T20:44:49.378+0000] {processor.py:840} INFO - DAG(s) 'example_nested_branch_dag' retrieved from /home/airflow/.local/lib/python3.12/site-packages/airflow/example_dags/example_nested_branch_dag.py
[2024-06-16T20:44:49.398+0000] {logging_mixin.py:188} INFO - [2024-06-16T20:44:49.398+0000] {dag.py:3096} INFO - Sync 1 DAGs
[2024-06-16T20:44:49.420+0000] {logging_mixin.py:188} INFO - [2024-06-16T20:44:49.420+0000] {dag.py:3954} INFO - Setting next_dagrun for example_nested_branch_dag to 2024-06-15 00:00:00+00:00, run_after=2024-06-16 00:00:00+00:00
[2024-06-16T20:44:49.438+0000] {processor.py:183} INFO - Processing /home/airflow/.local/lib/python3.12/site-packages/airflow/example_dags/example_nested_branch_dag.py took 0.077 seconds
[2024-06-16T20:45:19.950+0000] {processor.py:161} INFO - Started process (PID=2100) to work on /home/airflow/.local/lib/python3.12/site-packages/airflow/example_dags/example_nested_branch_dag.py
[2024-06-16T20:45:19.951+0000] {processor.py:830} INFO - Processing file /home/airflow/.local/lib/python3.12/site-packages/airflow/example_dags/example_nested_branch_dag.py for tasks to queue
[2024-06-16T20:45:19.953+0000] {logging_mixin.py:188} INFO - [2024-06-16T20:45:19.952+0000] {dagbag.py:545} INFO - Filling up the DagBag from /home/airflow/.local/lib/python3.12/site-packages/airflow/example_dags/example_nested_branch_dag.py
[2024-06-16T20:45:19.962+0000] {processor.py:840} INFO - DAG(s) 'example_nested_branch_dag' retrieved from /home/airflow/.local/lib/python3.12/site-packages/airflow/example_dags/example_nested_branch_dag.py
[2024-06-16T20:45:19.980+0000] {logging_mixin.py:188} INFO - [2024-06-16T20:45:19.980+0000] {dag.py:3096} INFO - Sync 1 DAGs
[2024-06-16T20:45:20.002+0000] {logging_mixin.py:188} INFO - [2024-06-16T20:45:20.002+0000] {dag.py:3954} INFO - Setting next_dagrun for example_nested_branch_dag to 2024-06-15 00:00:00+00:00, run_after=2024-06-16 00:00:00+00:00
[2024-06-16T20:45:20.020+0000] {processor.py:183} INFO - Processing /home/airflow/.local/lib/python3.12/site-packages/airflow/example_dags/example_nested_branch_dag.py took 0.077 seconds
[2024-06-16T20:45:50.461+0000] {processor.py:161} INFO - Started process (PID=2158) to work on /home/airflow/.local/lib/python3.12/site-packages/airflow/example_dags/example_nested_branch_dag.py
[2024-06-16T20:45:50.462+0000] {processor.py:830} INFO - Processing file /home/airflow/.local/lib/python3.12/site-packages/airflow/example_dags/example_nested_branch_dag.py for tasks to queue
[2024-06-16T20:45:50.464+0000] {logging_mixin.py:188} INFO - [2024-06-16T20:45:50.463+0000] {dagbag.py:545} INFO - Filling up the DagBag from /home/airflow/.local/lib/python3.12/site-packages/airflow/example_dags/example_nested_branch_dag.py
[2024-06-16T20:45:50.472+0000] {processor.py:840} INFO - DAG(s) 'example_nested_branch_dag' retrieved from /home/airflow/.local/lib/python3.12/site-packages/airflow/example_dags/example_nested_branch_dag.py
[2024-06-16T20:45:50.492+0000] {logging_mixin.py:188} INFO - [2024-06-16T20:45:50.492+0000] {dag.py:3096} INFO - Sync 1 DAGs
[2024-06-16T20:45:50.514+0000] {logging_mixin.py:188} INFO - [2024-06-16T20:45:50.513+0000] {dag.py:3954} INFO - Setting next_dagrun for example_nested_branch_dag to 2024-06-15 00:00:00+00:00, run_after=2024-06-16 00:00:00+00:00
[2024-06-16T20:45:50.532+0000] {processor.py:183} INFO - Processing /home/airflow/.local/lib/python3.12/site-packages/airflow/example_dags/example_nested_branch_dag.py took 0.076 seconds
[2024-06-16T20:46:20.850+0000] {processor.py:161} INFO - Started process (PID=2216) to work on /home/airflow/.local/lib/python3.12/site-packages/airflow/example_dags/example_nested_branch_dag.py
[2024-06-16T20:46:20.851+0000] {processor.py:830} INFO - Processing file /home/airflow/.local/lib/python3.12/site-packages/airflow/example_dags/example_nested_branch_dag.py for tasks to queue
[2024-06-16T20:46:20.852+0000] {logging_mixin.py:188} INFO - [2024-06-16T20:46:20.852+0000] {dagbag.py:545} INFO - Filling up the DagBag from /home/airflow/.local/lib/python3.12/site-packages/airflow/example_dags/example_nested_branch_dag.py
[2024-06-16T20:46:20.861+0000] {processor.py:840} INFO - DAG(s) 'example_nested_branch_dag' retrieved from /home/airflow/.local/lib/python3.12/site-packages/airflow/example_dags/example_nested_branch_dag.py
[2024-06-16T20:46:20.880+0000] {logging_mixin.py:188} INFO - [2024-06-16T20:46:20.879+0000] {dag.py:3096} INFO - Sync 1 DAGs
[2024-06-16T20:46:20.902+0000] {logging_mixin.py:188} INFO - [2024-06-16T20:46:20.901+0000] {dag.py:3954} INFO - Setting next_dagrun for example_nested_branch_dag to 2024-06-15 00:00:00+00:00, run_after=2024-06-16 00:00:00+00:00
[2024-06-16T20:46:20.919+0000] {processor.py:183} INFO - Processing /home/airflow/.local/lib/python3.12/site-packages/airflow/example_dags/example_nested_branch_dag.py took 0.074 seconds
[2024-06-16T20:46:51.339+0000] {processor.py:161} INFO - Started process (PID=2274) to work on /home/airflow/.local/lib/python3.12/site-packages/airflow/example_dags/example_nested_branch_dag.py
[2024-06-16T20:46:51.340+0000] {processor.py:830} INFO - Processing file /home/airflow/.local/lib/python3.12/site-packages/airflow/example_dags/example_nested_branch_dag.py for tasks to queue
[2024-06-16T20:46:51.342+0000] {logging_mixin.py:188} INFO - [2024-06-16T20:46:51.341+0000] {dagbag.py:545} INFO - Filling up the DagBag from /home/airflow/.local/lib/python3.12/site-packages/airflow/example_dags/example_nested_branch_dag.py
[2024-06-16T20:46:51.351+0000] {processor.py:840} INFO - DAG(s) 'example_nested_branch_dag' retrieved from /home/airflow/.local/lib/python3.12/site-packages/airflow/example_dags/example_nested_branch_dag.py
[2024-06-16T20:46:51.370+0000] {logging_mixin.py:188} INFO - [2024-06-16T20:46:51.369+0000] {dag.py:3096} INFO - Sync 1 DAGs
[2024-06-16T20:46:51.391+0000] {logging_mixin.py:188} INFO - [2024-06-16T20:46:51.391+0000] {dag.py:3954} INFO - Setting next_dagrun for example_nested_branch_dag to 2024-06-15 00:00:00+00:00, run_after=2024-06-16 00:00:00+00:00
[2024-06-16T20:46:51.409+0000] {processor.py:183} INFO - Processing /home/airflow/.local/lib/python3.12/site-packages/airflow/example_dags/example_nested_branch_dag.py took 0.076 seconds
[2024-06-16T20:47:21.753+0000] {processor.py:161} INFO - Started process (PID=2332) to work on /home/airflow/.local/lib/python3.12/site-packages/airflow/example_dags/example_nested_branch_dag.py
[2024-06-16T20:47:21.754+0000] {processor.py:830} INFO - Processing file /home/airflow/.local/lib/python3.12/site-packages/airflow/example_dags/example_nested_branch_dag.py for tasks to queue
[2024-06-16T20:47:21.756+0000] {logging_mixin.py:188} INFO - [2024-06-16T20:47:21.756+0000] {dagbag.py:545} INFO - Filling up the DagBag from /home/airflow/.local/lib/python3.12/site-packages/airflow/example_dags/example_nested_branch_dag.py
[2024-06-16T20:47:21.765+0000] {processor.py:840} INFO - DAG(s) 'example_nested_branch_dag' retrieved from /home/airflow/.local/lib/python3.12/site-packages/airflow/example_dags/example_nested_branch_dag.py
[2024-06-16T20:47:21.785+0000] {logging_mixin.py:188} INFO - [2024-06-16T20:47:21.784+0000] {dag.py:3096} INFO - Sync 1 DAGs
[2024-06-16T20:47:21.806+0000] {logging_mixin.py:188} INFO - [2024-06-16T20:47:21.806+0000] {dag.py:3954} INFO - Setting next_dagrun for example_nested_branch_dag to 2024-06-15 00:00:00+00:00, run_after=2024-06-16 00:00:00+00:00
[2024-06-16T20:47:21.824+0000] {processor.py:183} INFO - Processing /home/airflow/.local/lib/python3.12/site-packages/airflow/example_dags/example_nested_branch_dag.py took 0.076 seconds
[2024-06-16T20:47:52.228+0000] {processor.py:161} INFO - Started process (PID=2390) to work on /home/airflow/.local/lib/python3.12/site-packages/airflow/example_dags/example_nested_branch_dag.py
[2024-06-16T20:47:52.229+0000] {processor.py:830} INFO - Processing file /home/airflow/.local/lib/python3.12/site-packages/airflow/example_dags/example_nested_branch_dag.py for tasks to queue
[2024-06-16T20:47:52.230+0000] {logging_mixin.py:188} INFO - [2024-06-16T20:47:52.230+0000] {dagbag.py:545} INFO - Filling up the DagBag from /home/airflow/.local/lib/python3.12/site-packages/airflow/example_dags/example_nested_branch_dag.py
[2024-06-16T20:47:52.239+0000] {processor.py:840} INFO - DAG(s) 'example_nested_branch_dag' retrieved from /home/airflow/.local/lib/python3.12/site-packages/airflow/example_dags/example_nested_branch_dag.py
[2024-06-16T20:47:52.259+0000] {logging_mixin.py:188} INFO - [2024-06-16T20:47:52.259+0000] {dag.py:3096} INFO - Sync 1 DAGs
[2024-06-16T20:47:52.281+0000] {logging_mixin.py:188} INFO - [2024-06-16T20:47:52.280+0000] {dag.py:3954} INFO - Setting next_dagrun for example_nested_branch_dag to 2024-06-15 00:00:00+00:00, run_after=2024-06-16 00:00:00+00:00
[2024-06-16T20:47:52.297+0000] {processor.py:183} INFO - Processing /home/airflow/.local/lib/python3.12/site-packages/airflow/example_dags/example_nested_branch_dag.py took 0.075 seconds
[2024-06-16T20:48:22.627+0000] {processor.py:161} INFO - Started process (PID=2448) to work on /home/airflow/.local/lib/python3.12/site-packages/airflow/example_dags/example_nested_branch_dag.py
[2024-06-16T20:48:22.628+0000] {processor.py:830} INFO - Processing file /home/airflow/.local/lib/python3.12/site-packages/airflow/example_dags/example_nested_branch_dag.py for tasks to queue
[2024-06-16T20:48:22.630+0000] {logging_mixin.py:188} INFO - [2024-06-16T20:48:22.630+0000] {dagbag.py:545} INFO - Filling up the DagBag from /home/airflow/.local/lib/python3.12/site-packages/airflow/example_dags/example_nested_branch_dag.py
[2024-06-16T20:48:22.642+0000] {processor.py:840} INFO - DAG(s) 'example_nested_branch_dag' retrieved from /home/airflow/.local/lib/python3.12/site-packages/airflow/example_dags/example_nested_branch_dag.py
[2024-06-16T20:48:22.663+0000] {logging_mixin.py:188} INFO - [2024-06-16T20:48:22.663+0000] {dag.py:3096} INFO - Sync 1 DAGs
[2024-06-16T20:48:22.686+0000] {logging_mixin.py:188} INFO - [2024-06-16T20:48:22.685+0000] {dag.py:3954} INFO - Setting next_dagrun for example_nested_branch_dag to 2024-06-15 00:00:00+00:00, run_after=2024-06-16 00:00:00+00:00
[2024-06-16T20:48:22.702+0000] {processor.py:183} INFO - Processing /home/airflow/.local/lib/python3.12/site-packages/airflow/example_dags/example_nested_branch_dag.py took 0.081 seconds
[2024-06-16T20:48:53.207+0000] {processor.py:161} INFO - Started process (PID=2506) to work on /home/airflow/.local/lib/python3.12/site-packages/airflow/example_dags/example_nested_branch_dag.py
[2024-06-16T20:48:53.208+0000] {processor.py:830} INFO - Processing file /home/airflow/.local/lib/python3.12/site-packages/airflow/example_dags/example_nested_branch_dag.py for tasks to queue
[2024-06-16T20:48:53.209+0000] {logging_mixin.py:188} INFO - [2024-06-16T20:48:53.209+0000] {dagbag.py:545} INFO - Filling up the DagBag from /home/airflow/.local/lib/python3.12/site-packages/airflow/example_dags/example_nested_branch_dag.py
[2024-06-16T20:48:53.219+0000] {processor.py:840} INFO - DAG(s) 'example_nested_branch_dag' retrieved from /home/airflow/.local/lib/python3.12/site-packages/airflow/example_dags/example_nested_branch_dag.py
[2024-06-16T20:48:53.238+0000] {logging_mixin.py:188} INFO - [2024-06-16T20:48:53.238+0000] {dag.py:3096} INFO - Sync 1 DAGs
[2024-06-16T20:48:53.261+0000] {logging_mixin.py:188} INFO - [2024-06-16T20:48:53.261+0000] {dag.py:3954} INFO - Setting next_dagrun for example_nested_branch_dag to 2024-06-15 00:00:00+00:00, run_after=2024-06-16 00:00:00+00:00
[2024-06-16T20:48:53.278+0000] {processor.py:183} INFO - Processing /home/airflow/.local/lib/python3.12/site-packages/airflow/example_dags/example_nested_branch_dag.py took 0.077 seconds
[2024-06-16T20:49:23.747+0000] {processor.py:161} INFO - Started process (PID=2564) to work on /home/airflow/.local/lib/python3.12/site-packages/airflow/example_dags/example_nested_branch_dag.py
[2024-06-16T20:49:23.748+0000] {processor.py:830} INFO - Processing file /home/airflow/.local/lib/python3.12/site-packages/airflow/example_dags/example_nested_branch_dag.py for tasks to queue
[2024-06-16T20:49:23.750+0000] {logging_mixin.py:188} INFO - [2024-06-16T20:49:23.750+0000] {dagbag.py:545} INFO - Filling up the DagBag from /home/airflow/.local/lib/python3.12/site-packages/airflow/example_dags/example_nested_branch_dag.py
[2024-06-16T20:49:23.759+0000] {processor.py:840} INFO - DAG(s) 'example_nested_branch_dag' retrieved from /home/airflow/.local/lib/python3.12/site-packages/airflow/example_dags/example_nested_branch_dag.py
[2024-06-16T20:49:23.780+0000] {logging_mixin.py:188} INFO - [2024-06-16T20:49:23.779+0000] {dag.py:3096} INFO - Sync 1 DAGs
[2024-06-16T20:49:23.802+0000] {logging_mixin.py:188} INFO - [2024-06-16T20:49:23.802+0000] {dag.py:3954} INFO - Setting next_dagrun for example_nested_branch_dag to 2024-06-15 00:00:00+00:00, run_after=2024-06-16 00:00:00+00:00
[2024-06-16T20:49:23.820+0000] {processor.py:183} INFO - Processing /home/airflow/.local/lib/python3.12/site-packages/airflow/example_dags/example_nested_branch_dag.py took 0.080 seconds
[2024-06-16T20:49:54.175+0000] {processor.py:161} INFO - Started process (PID=2622) to work on /home/airflow/.local/lib/python3.12/site-packages/airflow/example_dags/example_nested_branch_dag.py
[2024-06-16T20:49:54.176+0000] {processor.py:830} INFO - Processing file /home/airflow/.local/lib/python3.12/site-packages/airflow/example_dags/example_nested_branch_dag.py for tasks to queue
[2024-06-16T20:49:54.177+0000] {logging_mixin.py:188} INFO - [2024-06-16T20:49:54.177+0000] {dagbag.py:545} INFO - Filling up the DagBag from /home/airflow/.local/lib/python3.12/site-packages/airflow/example_dags/example_nested_branch_dag.py
[2024-06-16T20:49:54.186+0000] {processor.py:840} INFO - DAG(s) 'example_nested_branch_dag' retrieved from /home/airflow/.local/lib/python3.12/site-packages/airflow/example_dags/example_nested_branch_dag.py
[2024-06-16T20:49:54.206+0000] {logging_mixin.py:188} INFO - [2024-06-16T20:49:54.205+0000] {dag.py:3096} INFO - Sync 1 DAGs
[2024-06-16T20:49:54.227+0000] {logging_mixin.py:188} INFO - [2024-06-16T20:49:54.227+0000] {dag.py:3954} INFO - Setting next_dagrun for example_nested_branch_dag to 2024-06-15 00:00:00+00:00, run_after=2024-06-16 00:00:00+00:00
[2024-06-16T20:49:54.246+0000] {processor.py:183} INFO - Processing /home/airflow/.local/lib/python3.12/site-packages/airflow/example_dags/example_nested_branch_dag.py took 0.076 seconds
[2024-06-16T20:50:24.603+0000] {processor.py:161} INFO - Started process (PID=2680) to work on /home/airflow/.local/lib/python3.12/site-packages/airflow/example_dags/example_nested_branch_dag.py
[2024-06-16T20:50:24.604+0000] {processor.py:830} INFO - Processing file /home/airflow/.local/lib/python3.12/site-packages/airflow/example_dags/example_nested_branch_dag.py for tasks to queue
[2024-06-16T20:50:24.606+0000] {logging_mixin.py:188} INFO - [2024-06-16T20:50:24.605+0000] {dagbag.py:545} INFO - Filling up the DagBag from /home/airflow/.local/lib/python3.12/site-packages/airflow/example_dags/example_nested_branch_dag.py
[2024-06-16T20:50:24.615+0000] {processor.py:840} INFO - DAG(s) 'example_nested_branch_dag' retrieved from /home/airflow/.local/lib/python3.12/site-packages/airflow/example_dags/example_nested_branch_dag.py
[2024-06-16T20:50:24.634+0000] {logging_mixin.py:188} INFO - [2024-06-16T20:50:24.634+0000] {dag.py:3096} INFO - Sync 1 DAGs
[2024-06-16T20:50:24.656+0000] {logging_mixin.py:188} INFO - [2024-06-16T20:50:24.655+0000] {dag.py:3954} INFO - Setting next_dagrun for example_nested_branch_dag to 2024-06-15 00:00:00+00:00, run_after=2024-06-16 00:00:00+00:00
[2024-06-16T20:50:24.673+0000] {processor.py:183} INFO - Processing /home/airflow/.local/lib/python3.12/site-packages/airflow/example_dags/example_nested_branch_dag.py took 0.075 seconds
[2024-06-16T20:50:55.103+0000] {processor.py:161} INFO - Started process (PID=2738) to work on /home/airflow/.local/lib/python3.12/site-packages/airflow/example_dags/example_nested_branch_dag.py
[2024-06-16T20:50:55.104+0000] {processor.py:830} INFO - Processing file /home/airflow/.local/lib/python3.12/site-packages/airflow/example_dags/example_nested_branch_dag.py for tasks to queue
[2024-06-16T20:50:55.106+0000] {logging_mixin.py:188} INFO - [2024-06-16T20:50:55.106+0000] {dagbag.py:545} INFO - Filling up the DagBag from /home/airflow/.local/lib/python3.12/site-packages/airflow/example_dags/example_nested_branch_dag.py
[2024-06-16T20:50:55.116+0000] {processor.py:840} INFO - DAG(s) 'example_nested_branch_dag' retrieved from /home/airflow/.local/lib/python3.12/site-packages/airflow/example_dags/example_nested_branch_dag.py
[2024-06-16T20:50:55.135+0000] {logging_mixin.py:188} INFO - [2024-06-16T20:50:55.135+0000] {dag.py:3096} INFO - Sync 1 DAGs
[2024-06-16T20:50:55.156+0000] {logging_mixin.py:188} INFO - [2024-06-16T20:50:55.156+0000] {dag.py:3954} INFO - Setting next_dagrun for example_nested_branch_dag to 2024-06-15 00:00:00+00:00, run_after=2024-06-16 00:00:00+00:00
[2024-06-16T20:50:55.174+0000] {processor.py:183} INFO - Processing /home/airflow/.local/lib/python3.12/site-packages/airflow/example_dags/example_nested_branch_dag.py took 0.077 seconds
[2024-06-16T20:51:25.518+0000] {processor.py:161} INFO - Started process (PID=2796) to work on /home/airflow/.local/lib/python3.12/site-packages/airflow/example_dags/example_nested_branch_dag.py
[2024-06-16T20:51:25.518+0000] {processor.py:830} INFO - Processing file /home/airflow/.local/lib/python3.12/site-packages/airflow/example_dags/example_nested_branch_dag.py for tasks to queue
[2024-06-16T20:51:25.520+0000] {logging_mixin.py:188} INFO - [2024-06-16T20:51:25.520+0000] {dagbag.py:545} INFO - Filling up the DagBag from /home/airflow/.local/lib/python3.12/site-packages/airflow/example_dags/example_nested_branch_dag.py
[2024-06-16T20:51:25.529+0000] {processor.py:840} INFO - DAG(s) 'example_nested_branch_dag' retrieved from /home/airflow/.local/lib/python3.12/site-packages/airflow/example_dags/example_nested_branch_dag.py
[2024-06-16T20:51:25.549+0000] {logging_mixin.py:188} INFO - [2024-06-16T20:51:25.549+0000] {dag.py:3096} INFO - Sync 1 DAGs
[2024-06-16T20:51:25.570+0000] {logging_mixin.py:188} INFO - [2024-06-16T20:51:25.570+0000] {dag.py:3954} INFO - Setting next_dagrun for example_nested_branch_dag to 2024-06-15 00:00:00+00:00, run_after=2024-06-16 00:00:00+00:00
[2024-06-16T20:51:25.588+0000] {processor.py:183} INFO - Processing /home/airflow/.local/lib/python3.12/site-packages/airflow/example_dags/example_nested_branch_dag.py took 0.076 seconds
[2024-06-16T20:51:56.008+0000] {processor.py:161} INFO - Started process (PID=2854) to work on /home/airflow/.local/lib/python3.12/site-packages/airflow/example_dags/example_nested_branch_dag.py
[2024-06-16T20:51:56.010+0000] {processor.py:830} INFO - Processing file /home/airflow/.local/lib/python3.12/site-packages/airflow/example_dags/example_nested_branch_dag.py for tasks to queue
[2024-06-16T20:51:56.011+0000] {logging_mixin.py:188} INFO - [2024-06-16T20:51:56.011+0000] {dagbag.py:545} INFO - Filling up the DagBag from /home/airflow/.local/lib/python3.12/site-packages/airflow/example_dags/example_nested_branch_dag.py
[2024-06-16T20:51:56.020+0000] {processor.py:840} INFO - DAG(s) 'example_nested_branch_dag' retrieved from /home/airflow/.local/lib/python3.12/site-packages/airflow/example_dags/example_nested_branch_dag.py
[2024-06-16T20:51:56.039+0000] {logging_mixin.py:188} INFO - [2024-06-16T20:51:56.039+0000] {dag.py:3096} INFO - Sync 1 DAGs
[2024-06-16T20:51:56.060+0000] {logging_mixin.py:188} INFO - [2024-06-16T20:51:56.060+0000] {dag.py:3954} INFO - Setting next_dagrun for example_nested_branch_dag to 2024-06-15 00:00:00+00:00, run_after=2024-06-16 00:00:00+00:00
[2024-06-16T20:51:56.079+0000] {processor.py:183} INFO - Processing /home/airflow/.local/lib/python3.12/site-packages/airflow/example_dags/example_nested_branch_dag.py took 0.076 seconds
[2024-06-16T20:52:26.612+0000] {processor.py:161} INFO - Started process (PID=2912) to work on /home/airflow/.local/lib/python3.12/site-packages/airflow/example_dags/example_nested_branch_dag.py
[2024-06-16T20:52:26.613+0000] {processor.py:830} INFO - Processing file /home/airflow/.local/lib/python3.12/site-packages/airflow/example_dags/example_nested_branch_dag.py for tasks to queue
[2024-06-16T20:52:26.614+0000] {logging_mixin.py:188} INFO - [2024-06-16T20:52:26.614+0000] {dagbag.py:545} INFO - Filling up the DagBag from /home/airflow/.local/lib/python3.12/site-packages/airflow/example_dags/example_nested_branch_dag.py
[2024-06-16T20:52:26.624+0000] {processor.py:840} INFO - DAG(s) 'example_nested_branch_dag' retrieved from /home/airflow/.local/lib/python3.12/site-packages/airflow/example_dags/example_nested_branch_dag.py
[2024-06-16T20:52:26.644+0000] {logging_mixin.py:188} INFO - [2024-06-16T20:52:26.644+0000] {dag.py:3096} INFO - Sync 1 DAGs
[2024-06-16T20:52:26.666+0000] {logging_mixin.py:188} INFO - [2024-06-16T20:52:26.666+0000] {dag.py:3954} INFO - Setting next_dagrun for example_nested_branch_dag to 2024-06-15 00:00:00+00:00, run_after=2024-06-16 00:00:00+00:00
[2024-06-16T20:52:26.683+0000] {processor.py:183} INFO - Processing /home/airflow/.local/lib/python3.12/site-packages/airflow/example_dags/example_nested_branch_dag.py took 0.077 seconds
[2024-06-16T20:52:57.032+0000] {processor.py:161} INFO - Started process (PID=2970) to work on /home/airflow/.local/lib/python3.12/site-packages/airflow/example_dags/example_nested_branch_dag.py
[2024-06-16T20:52:57.033+0000] {processor.py:830} INFO - Processing file /home/airflow/.local/lib/python3.12/site-packages/airflow/example_dags/example_nested_branch_dag.py for tasks to queue
[2024-06-16T20:52:57.035+0000] {logging_mixin.py:188} INFO - [2024-06-16T20:52:57.035+0000] {dagbag.py:545} INFO - Filling up the DagBag from /home/airflow/.local/lib/python3.12/site-packages/airflow/example_dags/example_nested_branch_dag.py
[2024-06-16T20:52:57.046+0000] {processor.py:840} INFO - DAG(s) 'example_nested_branch_dag' retrieved from /home/airflow/.local/lib/python3.12/site-packages/airflow/example_dags/example_nested_branch_dag.py
[2024-06-16T20:52:57.067+0000] {logging_mixin.py:188} INFO - [2024-06-16T20:52:57.067+0000] {dag.py:3096} INFO - Sync 1 DAGs
[2024-06-16T20:52:57.093+0000] {logging_mixin.py:188} INFO - [2024-06-16T20:52:57.093+0000] {dag.py:3954} INFO - Setting next_dagrun for example_nested_branch_dag to 2024-06-15 00:00:00+00:00, run_after=2024-06-16 00:00:00+00:00
[2024-06-16T20:52:57.113+0000] {processor.py:183} INFO - Processing /home/airflow/.local/lib/python3.12/site-packages/airflow/example_dags/example_nested_branch_dag.py took 0.087 seconds
[2024-06-16T20:53:27.456+0000] {processor.py:161} INFO - Started process (PID=3028) to work on /home/airflow/.local/lib/python3.12/site-packages/airflow/example_dags/example_nested_branch_dag.py
[2024-06-16T20:53:27.457+0000] {processor.py:830} INFO - Processing file /home/airflow/.local/lib/python3.12/site-packages/airflow/example_dags/example_nested_branch_dag.py for tasks to queue
[2024-06-16T20:53:27.459+0000] {logging_mixin.py:188} INFO - [2024-06-16T20:53:27.459+0000] {dagbag.py:545} INFO - Filling up the DagBag from /home/airflow/.local/lib/python3.12/site-packages/airflow/example_dags/example_nested_branch_dag.py
[2024-06-16T20:53:27.469+0000] {processor.py:840} INFO - DAG(s) 'example_nested_branch_dag' retrieved from /home/airflow/.local/lib/python3.12/site-packages/airflow/example_dags/example_nested_branch_dag.py
[2024-06-16T20:53:27.488+0000] {logging_mixin.py:188} INFO - [2024-06-16T20:53:27.488+0000] {dag.py:3096} INFO - Sync 1 DAGs
[2024-06-16T20:53:27.510+0000] {logging_mixin.py:188} INFO - [2024-06-16T20:53:27.510+0000] {dag.py:3954} INFO - Setting next_dagrun for example_nested_branch_dag to 2024-06-15 00:00:00+00:00, run_after=2024-06-16 00:00:00+00:00
[2024-06-16T20:53:27.530+0000] {processor.py:183} INFO - Processing /home/airflow/.local/lib/python3.12/site-packages/airflow/example_dags/example_nested_branch_dag.py took 0.079 seconds
[2024-06-16T20:53:57.975+0000] {processor.py:161} INFO - Started process (PID=3086) to work on /home/airflow/.local/lib/python3.12/site-packages/airflow/example_dags/example_nested_branch_dag.py
[2024-06-16T20:53:57.977+0000] {processor.py:830} INFO - Processing file /home/airflow/.local/lib/python3.12/site-packages/airflow/example_dags/example_nested_branch_dag.py for tasks to queue
[2024-06-16T20:53:57.978+0000] {logging_mixin.py:188} INFO - [2024-06-16T20:53:57.978+0000] {dagbag.py:545} INFO - Filling up the DagBag from /home/airflow/.local/lib/python3.12/site-packages/airflow/example_dags/example_nested_branch_dag.py
[2024-06-16T20:53:57.987+0000] {processor.py:840} INFO - DAG(s) 'example_nested_branch_dag' retrieved from /home/airflow/.local/lib/python3.12/site-packages/airflow/example_dags/example_nested_branch_dag.py
[2024-06-16T20:53:58.009+0000] {logging_mixin.py:188} INFO - [2024-06-16T20:53:58.008+0000] {dag.py:3096} INFO - Sync 1 DAGs
[2024-06-16T20:53:58.030+0000] {logging_mixin.py:188} INFO - [2024-06-16T20:53:58.030+0000] {dag.py:3954} INFO - Setting next_dagrun for example_nested_branch_dag to 2024-06-15 00:00:00+00:00, run_after=2024-06-16 00:00:00+00:00
[2024-06-16T20:53:58.048+0000] {processor.py:183} INFO - Processing /home/airflow/.local/lib/python3.12/site-packages/airflow/example_dags/example_nested_branch_dag.py took 0.079 seconds
[2024-06-16T20:54:28.445+0000] {processor.py:161} INFO - Started process (PID=3144) to work on /home/airflow/.local/lib/python3.12/site-packages/airflow/example_dags/example_nested_branch_dag.py
[2024-06-16T20:54:28.446+0000] {processor.py:830} INFO - Processing file /home/airflow/.local/lib/python3.12/site-packages/airflow/example_dags/example_nested_branch_dag.py for tasks to queue
[2024-06-16T20:54:28.447+0000] {logging_mixin.py:188} INFO - [2024-06-16T20:54:28.447+0000] {dagbag.py:545} INFO - Filling up the DagBag from /home/airflow/.local/lib/python3.12/site-packages/airflow/example_dags/example_nested_branch_dag.py
[2024-06-16T20:54:28.456+0000] {processor.py:840} INFO - DAG(s) 'example_nested_branch_dag' retrieved from /home/airflow/.local/lib/python3.12/site-packages/airflow/example_dags/example_nested_branch_dag.py
[2024-06-16T20:54:28.475+0000] {logging_mixin.py:188} INFO - [2024-06-16T20:54:28.475+0000] {dag.py:3096} INFO - Sync 1 DAGs
[2024-06-16T20:54:28.495+0000] {logging_mixin.py:188} INFO - [2024-06-16T20:54:28.495+0000] {dag.py:3954} INFO - Setting next_dagrun for example_nested_branch_dag to 2024-06-15 00:00:00+00:00, run_after=2024-06-16 00:00:00+00:00
[2024-06-16T20:54:28.515+0000] {processor.py:183} INFO - Processing /home/airflow/.local/lib/python3.12/site-packages/airflow/example_dags/example_nested_branch_dag.py took 0.076 seconds
[2024-06-16T20:54:58.869+0000] {processor.py:161} INFO - Started process (PID=3202) to work on /home/airflow/.local/lib/python3.12/site-packages/airflow/example_dags/example_nested_branch_dag.py
[2024-06-16T20:54:58.871+0000] {processor.py:830} INFO - Processing file /home/airflow/.local/lib/python3.12/site-packages/airflow/example_dags/example_nested_branch_dag.py for tasks to queue
[2024-06-16T20:54:58.872+0000] {logging_mixin.py:188} INFO - [2024-06-16T20:54:58.872+0000] {dagbag.py:545} INFO - Filling up the DagBag from /home/airflow/.local/lib/python3.12/site-packages/airflow/example_dags/example_nested_branch_dag.py
[2024-06-16T20:54:58.881+0000] {processor.py:840} INFO - DAG(s) 'example_nested_branch_dag' retrieved from /home/airflow/.local/lib/python3.12/site-packages/airflow/example_dags/example_nested_branch_dag.py
[2024-06-16T20:54:58.901+0000] {logging_mixin.py:188} INFO - [2024-06-16T20:54:58.901+0000] {dag.py:3096} INFO - Sync 1 DAGs
[2024-06-16T20:54:58.922+0000] {logging_mixin.py:188} INFO - [2024-06-16T20:54:58.921+0000] {dag.py:3954} INFO - Setting next_dagrun for example_nested_branch_dag to 2024-06-15 00:00:00+00:00, run_after=2024-06-16 00:00:00+00:00
[2024-06-16T20:54:58.940+0000] {processor.py:183} INFO - Processing /home/airflow/.local/lib/python3.12/site-packages/airflow/example_dags/example_nested_branch_dag.py took 0.076 seconds
[2024-06-16T20:55:29.287+0000] {processor.py:161} INFO - Started process (PID=3260) to work on /home/airflow/.local/lib/python3.12/site-packages/airflow/example_dags/example_nested_branch_dag.py
[2024-06-16T20:55:29.288+0000] {processor.py:830} INFO - Processing file /home/airflow/.local/lib/python3.12/site-packages/airflow/example_dags/example_nested_branch_dag.py for tasks to queue
[2024-06-16T20:55:29.290+0000] {logging_mixin.py:188} INFO - [2024-06-16T20:55:29.289+0000] {dagbag.py:545} INFO - Filling up the DagBag from /home/airflow/.local/lib/python3.12/site-packages/airflow/example_dags/example_nested_branch_dag.py
[2024-06-16T20:55:29.298+0000] {processor.py:840} INFO - DAG(s) 'example_nested_branch_dag' retrieved from /home/airflow/.local/lib/python3.12/site-packages/airflow/example_dags/example_nested_branch_dag.py
[2024-06-16T20:55:29.319+0000] {logging_mixin.py:188} INFO - [2024-06-16T20:55:29.319+0000] {dag.py:3096} INFO - Sync 1 DAGs
[2024-06-16T20:55:29.339+0000] {logging_mixin.py:188} INFO - [2024-06-16T20:55:29.339+0000] {dag.py:3954} INFO - Setting next_dagrun for example_nested_branch_dag to 2024-06-15 00:00:00+00:00, run_after=2024-06-16 00:00:00+00:00
[2024-06-16T20:55:29.357+0000] {processor.py:183} INFO - Processing /home/airflow/.local/lib/python3.12/site-packages/airflow/example_dags/example_nested_branch_dag.py took 0.075 seconds
[2024-06-16T20:55:59.531+0000] {processor.py:161} INFO - Started process (PID=3318) to work on /home/airflow/.local/lib/python3.12/site-packages/airflow/example_dags/example_nested_branch_dag.py
[2024-06-16T20:55:59.531+0000] {processor.py:830} INFO - Processing file /home/airflow/.local/lib/python3.12/site-packages/airflow/example_dags/example_nested_branch_dag.py for tasks to queue
[2024-06-16T20:55:59.533+0000] {logging_mixin.py:188} INFO - [2024-06-16T20:55:59.533+0000] {dagbag.py:545} INFO - Filling up the DagBag from /home/airflow/.local/lib/python3.12/site-packages/airflow/example_dags/example_nested_branch_dag.py
[2024-06-16T20:55:59.543+0000] {processor.py:840} INFO - DAG(s) 'example_nested_branch_dag' retrieved from /home/airflow/.local/lib/python3.12/site-packages/airflow/example_dags/example_nested_branch_dag.py
[2024-06-16T20:55:59.561+0000] {logging_mixin.py:188} INFO - [2024-06-16T20:55:59.561+0000] {dag.py:3096} INFO - Sync 1 DAGs
[2024-06-16T20:55:59.582+0000] {logging_mixin.py:188} INFO - [2024-06-16T20:55:59.581+0000] {dag.py:3954} INFO - Setting next_dagrun for example_nested_branch_dag to 2024-06-15 00:00:00+00:00, run_after=2024-06-16 00:00:00+00:00
[2024-06-16T20:55:59.598+0000] {processor.py:183} INFO - Processing /home/airflow/.local/lib/python3.12/site-packages/airflow/example_dags/example_nested_branch_dag.py took 0.074 seconds
[2024-06-16T20:56:30.160+0000] {processor.py:161} INFO - Started process (PID=3376) to work on /home/airflow/.local/lib/python3.12/site-packages/airflow/example_dags/example_nested_branch_dag.py
[2024-06-16T20:56:30.161+0000] {processor.py:830} INFO - Processing file /home/airflow/.local/lib/python3.12/site-packages/airflow/example_dags/example_nested_branch_dag.py for tasks to queue
[2024-06-16T20:56:30.162+0000] {logging_mixin.py:188} INFO - [2024-06-16T20:56:30.162+0000] {dagbag.py:545} INFO - Filling up the DagBag from /home/airflow/.local/lib/python3.12/site-packages/airflow/example_dags/example_nested_branch_dag.py
[2024-06-16T20:56:30.172+0000] {processor.py:840} INFO - DAG(s) 'example_nested_branch_dag' retrieved from /home/airflow/.local/lib/python3.12/site-packages/airflow/example_dags/example_nested_branch_dag.py
[2024-06-16T20:56:30.192+0000] {logging_mixin.py:188} INFO - [2024-06-16T20:56:30.191+0000] {dag.py:3096} INFO - Sync 1 DAGs
[2024-06-16T20:56:30.213+0000] {logging_mixin.py:188} INFO - [2024-06-16T20:56:30.213+0000] {dag.py:3954} INFO - Setting next_dagrun for example_nested_branch_dag to 2024-06-15 00:00:00+00:00, run_after=2024-06-16 00:00:00+00:00
[2024-06-16T20:56:30.233+0000] {processor.py:183} INFO - Processing /home/airflow/.local/lib/python3.12/site-packages/airflow/example_dags/example_nested_branch_dag.py took 0.079 seconds
[2024-06-16T20:57:00.935+0000] {processor.py:161} INFO - Started process (PID=3434) to work on /home/airflow/.local/lib/python3.12/site-packages/airflow/example_dags/example_nested_branch_dag.py
[2024-06-16T20:57:00.936+0000] {processor.py:830} INFO - Processing file /home/airflow/.local/lib/python3.12/site-packages/airflow/example_dags/example_nested_branch_dag.py for tasks to queue
[2024-06-16T20:57:00.938+0000] {logging_mixin.py:188} INFO - [2024-06-16T20:57:00.937+0000] {dagbag.py:545} INFO - Filling up the DagBag from /home/airflow/.local/lib/python3.12/site-packages/airflow/example_dags/example_nested_branch_dag.py
[2024-06-16T20:57:00.947+0000] {processor.py:840} INFO - DAG(s) 'example_nested_branch_dag' retrieved from /home/airflow/.local/lib/python3.12/site-packages/airflow/example_dags/example_nested_branch_dag.py
[2024-06-16T20:57:00.967+0000] {logging_mixin.py:188} INFO - [2024-06-16T20:57:00.966+0000] {dag.py:3096} INFO - Sync 1 DAGs
[2024-06-16T20:57:00.990+0000] {logging_mixin.py:188} INFO - [2024-06-16T20:57:00.989+0000] {dag.py:3954} INFO - Setting next_dagrun for example_nested_branch_dag to 2024-06-15 00:00:00+00:00, run_after=2024-06-16 00:00:00+00:00
[2024-06-16T20:57:01.009+0000] {processor.py:183} INFO - Processing /home/airflow/.local/lib/python3.12/site-packages/airflow/example_dags/example_nested_branch_dag.py took 0.080 seconds
[2024-06-16T20:57:31.942+0000] {processor.py:161} INFO - Started process (PID=3492) to work on /home/airflow/.local/lib/python3.12/site-packages/airflow/example_dags/example_nested_branch_dag.py
[2024-06-16T20:57:31.943+0000] {processor.py:830} INFO - Processing file /home/airflow/.local/lib/python3.12/site-packages/airflow/example_dags/example_nested_branch_dag.py for tasks to queue
[2024-06-16T20:57:31.945+0000] {logging_mixin.py:188} INFO - [2024-06-16T20:57:31.945+0000] {dagbag.py:545} INFO - Filling up the DagBag from /home/airflow/.local/lib/python3.12/site-packages/airflow/example_dags/example_nested_branch_dag.py
[2024-06-16T20:57:31.955+0000] {processor.py:840} INFO - DAG(s) 'example_nested_branch_dag' retrieved from /home/airflow/.local/lib/python3.12/site-packages/airflow/example_dags/example_nested_branch_dag.py
[2024-06-16T20:57:31.975+0000] {logging_mixin.py:188} INFO - [2024-06-16T20:57:31.975+0000] {dag.py:3096} INFO - Sync 1 DAGs
[2024-06-16T20:57:32.000+0000] {logging_mixin.py:188} INFO - [2024-06-16T20:57:32.000+0000] {dag.py:3954} INFO - Setting next_dagrun for example_nested_branch_dag to 2024-06-15 00:00:00+00:00, run_after=2024-06-16 00:00:00+00:00
[2024-06-16T20:57:32.019+0000] {processor.py:183} INFO - Processing /home/airflow/.local/lib/python3.12/site-packages/airflow/example_dags/example_nested_branch_dag.py took 0.083 seconds
[2024-06-16T20:58:02.158+0000] {processor.py:161} INFO - Started process (PID=3550) to work on /home/airflow/.local/lib/python3.12/site-packages/airflow/example_dags/example_nested_branch_dag.py
[2024-06-16T20:58:02.159+0000] {processor.py:830} INFO - Processing file /home/airflow/.local/lib/python3.12/site-packages/airflow/example_dags/example_nested_branch_dag.py for tasks to queue
[2024-06-16T20:58:02.161+0000] {logging_mixin.py:188} INFO - [2024-06-16T20:58:02.161+0000] {dagbag.py:545} INFO - Filling up the DagBag from /home/airflow/.local/lib/python3.12/site-packages/airflow/example_dags/example_nested_branch_dag.py
[2024-06-16T20:58:02.170+0000] {processor.py:840} INFO - DAG(s) 'example_nested_branch_dag' retrieved from /home/airflow/.local/lib/python3.12/site-packages/airflow/example_dags/example_nested_branch_dag.py
[2024-06-16T20:58:02.190+0000] {logging_mixin.py:188} INFO - [2024-06-16T20:58:02.190+0000] {dag.py:3096} INFO - Sync 1 DAGs
[2024-06-16T20:58:02.212+0000] {logging_mixin.py:188} INFO - [2024-06-16T20:58:02.212+0000] {dag.py:3954} INFO - Setting next_dagrun for example_nested_branch_dag to 2024-06-15 00:00:00+00:00, run_after=2024-06-16 00:00:00+00:00
[2024-06-16T20:58:02.230+0000] {processor.py:183} INFO - Processing /home/airflow/.local/lib/python3.12/site-packages/airflow/example_dags/example_nested_branch_dag.py took 0.078 seconds
[2024-06-16T20:58:32.402+0000] {processor.py:161} INFO - Started process (PID=3608) to work on /home/airflow/.local/lib/python3.12/site-packages/airflow/example_dags/example_nested_branch_dag.py
[2024-06-16T20:58:32.403+0000] {processor.py:830} INFO - Processing file /home/airflow/.local/lib/python3.12/site-packages/airflow/example_dags/example_nested_branch_dag.py for tasks to queue
[2024-06-16T20:58:32.404+0000] {logging_mixin.py:188} INFO - [2024-06-16T20:58:32.404+0000] {dagbag.py:545} INFO - Filling up the DagBag from /home/airflow/.local/lib/python3.12/site-packages/airflow/example_dags/example_nested_branch_dag.py
[2024-06-16T20:58:32.414+0000] {processor.py:840} INFO - DAG(s) 'example_nested_branch_dag' retrieved from /home/airflow/.local/lib/python3.12/site-packages/airflow/example_dags/example_nested_branch_dag.py
[2024-06-16T20:58:32.435+0000] {logging_mixin.py:188} INFO - [2024-06-16T20:58:32.434+0000] {dag.py:3096} INFO - Sync 1 DAGs
[2024-06-16T20:58:32.458+0000] {logging_mixin.py:188} INFO - [2024-06-16T20:58:32.458+0000] {dag.py:3954} INFO - Setting next_dagrun for example_nested_branch_dag to 2024-06-15 00:00:00+00:00, run_after=2024-06-16 00:00:00+00:00
[2024-06-16T20:58:32.477+0000] {processor.py:183} INFO - Processing /home/airflow/.local/lib/python3.12/site-packages/airflow/example_dags/example_nested_branch_dag.py took 0.081 seconds
[2024-06-16T20:59:02.593+0000] {processor.py:161} INFO - Started process (PID=3666) to work on /home/airflow/.local/lib/python3.12/site-packages/airflow/example_dags/example_nested_branch_dag.py
[2024-06-16T20:59:02.594+0000] {processor.py:830} INFO - Processing file /home/airflow/.local/lib/python3.12/site-packages/airflow/example_dags/example_nested_branch_dag.py for tasks to queue
[2024-06-16T20:59:02.596+0000] {logging_mixin.py:188} INFO - [2024-06-16T20:59:02.596+0000] {dagbag.py:545} INFO - Filling up the DagBag from /home/airflow/.local/lib/python3.12/site-packages/airflow/example_dags/example_nested_branch_dag.py
[2024-06-16T20:59:02.609+0000] {processor.py:840} INFO - DAG(s) 'example_nested_branch_dag' retrieved from /home/airflow/.local/lib/python3.12/site-packages/airflow/example_dags/example_nested_branch_dag.py
[2024-06-16T20:59:02.635+0000] {logging_mixin.py:188} INFO - [2024-06-16T20:59:02.635+0000] {dag.py:3096} INFO - Sync 1 DAGs
[2024-06-16T20:59:02.658+0000] {logging_mixin.py:188} INFO - [2024-06-16T20:59:02.658+0000] {dag.py:3954} INFO - Setting next_dagrun for example_nested_branch_dag to 2024-06-15 00:00:00+00:00, run_after=2024-06-16 00:00:00+00:00
[2024-06-16T20:59:02.677+0000] {processor.py:183} INFO - Processing /home/airflow/.local/lib/python3.12/site-packages/airflow/example_dags/example_nested_branch_dag.py took 0.091 seconds
[2024-06-16T20:59:32.813+0000] {processor.py:161} INFO - Started process (PID=3724) to work on /home/airflow/.local/lib/python3.12/site-packages/airflow/example_dags/example_nested_branch_dag.py
[2024-06-16T20:59:32.815+0000] {processor.py:830} INFO - Processing file /home/airflow/.local/lib/python3.12/site-packages/airflow/example_dags/example_nested_branch_dag.py for tasks to queue
[2024-06-16T20:59:32.817+0000] {logging_mixin.py:188} INFO - [2024-06-16T20:59:32.816+0000] {dagbag.py:545} INFO - Filling up the DagBag from /home/airflow/.local/lib/python3.12/site-packages/airflow/example_dags/example_nested_branch_dag.py
[2024-06-16T20:59:32.827+0000] {processor.py:840} INFO - DAG(s) 'example_nested_branch_dag' retrieved from /home/airflow/.local/lib/python3.12/site-packages/airflow/example_dags/example_nested_branch_dag.py
[2024-06-16T20:59:32.846+0000] {logging_mixin.py:188} INFO - [2024-06-16T20:59:32.846+0000] {dag.py:3096} INFO - Sync 1 DAGs
[2024-06-16T20:59:32.867+0000] {logging_mixin.py:188} INFO - [2024-06-16T20:59:32.867+0000] {dag.py:3954} INFO - Setting next_dagrun for example_nested_branch_dag to 2024-06-15 00:00:00+00:00, run_after=2024-06-16 00:00:00+00:00
[2024-06-16T20:59:32.884+0000] {processor.py:183} INFO - Processing /home/airflow/.local/lib/python3.12/site-packages/airflow/example_dags/example_nested_branch_dag.py took 0.078 seconds
