[2024-06-16T20:27:22.519+0000] {processor.py:161} INFO - Started process (PID=32) to work on /home/airflow/.local/lib/python3.12/site-packages/airflow/example_dags/example_branch_day_of_week_operator.py
[2024-06-16T20:27:22.521+0000] {processor.py:830} INFO - Processing file /home/airflow/.local/lib/python3.12/site-packages/airflow/example_dags/example_branch_day_of_week_operator.py for tasks to queue
[2024-06-16T20:27:22.525+0000] {logging_mixin.py:188} INFO - [2024-06-16T20:27:22.525+0000] {dagbag.py:545} INFO - Filling up the DagBag from /home/airflow/.local/lib/python3.12/site-packages/airflow/example_dags/example_branch_day_of_week_operator.py
[2024-06-16T20:27:22.562+0000] {processor.py:840} INFO - DAG(s) 'example_weekday_branch_operator' retrieved from /home/airflow/.local/lib/python3.12/site-packages/airflow/example_dags/example_branch_day_of_week_operator.py
[2024-06-16T20:27:22.965+0000] {logging_mixin.py:188} INFO - [2024-06-16T20:27:22.965+0000] {dag.py:3096} INFO - Sync 1 DAGs
[2024-06-16T20:27:22.997+0000] {logging_mixin.py:188} INFO - [2024-06-16T20:27:22.996+0000] {dag.py:3954} INFO - Setting next_dagrun for example_weekday_branch_operator to 2024-06-15 00:00:00+00:00, run_after=2024-06-16 00:00:00+00:00
[2024-06-16T20:27:23.028+0000] {processor.py:183} INFO - Processing /home/airflow/.local/lib/python3.12/site-packages/airflow/example_dags/example_branch_day_of_week_operator.py took 0.521 seconds
[2024-06-16T20:27:53.448+0000] {processor.py:161} INFO - Started process (PID=91) to work on /home/airflow/.local/lib/python3.12/site-packages/airflow/example_dags/example_branch_day_of_week_operator.py
[2024-06-16T20:27:53.460+0000] {processor.py:830} INFO - Processing file /home/airflow/.local/lib/python3.12/site-packages/airflow/example_dags/example_branch_day_of_week_operator.py for tasks to queue
[2024-06-16T20:27:53.465+0000] {logging_mixin.py:188} INFO - [2024-06-16T20:27:53.463+0000] {dagbag.py:545} INFO - Filling up the DagBag from /home/airflow/.local/lib/python3.12/site-packages/airflow/example_dags/example_branch_day_of_week_operator.py
[2024-06-16T20:27:53.482+0000] {processor.py:840} INFO - DAG(s) 'example_weekday_branch_operator' retrieved from /home/airflow/.local/lib/python3.12/site-packages/airflow/example_dags/example_branch_day_of_week_operator.py
[2024-06-16T20:27:53.519+0000] {logging_mixin.py:188} INFO - [2024-06-16T20:27:53.519+0000] {dag.py:3096} INFO - Sync 1 DAGs
[2024-06-16T20:27:53.559+0000] {logging_mixin.py:188} INFO - [2024-06-16T20:27:53.559+0000] {dag.py:3954} INFO - Setting next_dagrun for example_weekday_branch_operator to 2024-06-15 00:00:00+00:00, run_after=2024-06-16 00:00:00+00:00
[2024-06-16T20:27:53.616+0000] {processor.py:183} INFO - Processing /home/airflow/.local/lib/python3.12/site-packages/airflow/example_dags/example_branch_day_of_week_operator.py took 0.182 seconds
[2024-06-16T20:28:23.739+0000] {processor.py:161} INFO - Started process (PID=148) to work on /home/airflow/.local/lib/python3.12/site-packages/airflow/example_dags/example_branch_day_of_week_operator.py
[2024-06-16T20:28:23.741+0000] {processor.py:830} INFO - Processing file /home/airflow/.local/lib/python3.12/site-packages/airflow/example_dags/example_branch_day_of_week_operator.py for tasks to queue
[2024-06-16T20:28:23.746+0000] {logging_mixin.py:188} INFO - [2024-06-16T20:28:23.744+0000] {dagbag.py:545} INFO - Filling up the DagBag from /home/airflow/.local/lib/python3.12/site-packages/airflow/example_dags/example_branch_day_of_week_operator.py
[2024-06-16T20:28:23.756+0000] {processor.py:840} INFO - DAG(s) 'example_weekday_branch_operator' retrieved from /home/airflow/.local/lib/python3.12/site-packages/airflow/example_dags/example_branch_day_of_week_operator.py
[2024-06-16T20:28:23.779+0000] {logging_mixin.py:188} INFO - [2024-06-16T20:28:23.778+0000] {dag.py:3096} INFO - Sync 1 DAGs
[2024-06-16T20:28:23.803+0000] {logging_mixin.py:188} INFO - [2024-06-16T20:28:23.803+0000] {dag.py:3954} INFO - Setting next_dagrun for example_weekday_branch_operator to 2024-06-15 00:00:00+00:00, run_after=2024-06-16 00:00:00+00:00
[2024-06-16T20:28:23.824+0000] {processor.py:183} INFO - Processing /home/airflow/.local/lib/python3.12/site-packages/airflow/example_dags/example_branch_day_of_week_operator.py took 0.092 seconds
[2024-06-16T20:28:54.206+0000] {processor.py:161} INFO - Started process (PID=206) to work on /home/airflow/.local/lib/python3.12/site-packages/airflow/example_dags/example_branch_day_of_week_operator.py
[2024-06-16T20:28:54.207+0000] {processor.py:830} INFO - Processing file /home/airflow/.local/lib/python3.12/site-packages/airflow/example_dags/example_branch_day_of_week_operator.py for tasks to queue
[2024-06-16T20:28:54.209+0000] {logging_mixin.py:188} INFO - [2024-06-16T20:28:54.208+0000] {dagbag.py:545} INFO - Filling up the DagBag from /home/airflow/.local/lib/python3.12/site-packages/airflow/example_dags/example_branch_day_of_week_operator.py
[2024-06-16T20:28:54.218+0000] {processor.py:840} INFO - DAG(s) 'example_weekday_branch_operator' retrieved from /home/airflow/.local/lib/python3.12/site-packages/airflow/example_dags/example_branch_day_of_week_operator.py
[2024-06-16T20:28:54.241+0000] {logging_mixin.py:188} INFO - [2024-06-16T20:28:54.241+0000] {dag.py:3096} INFO - Sync 1 DAGs
[2024-06-16T20:28:54.268+0000] {logging_mixin.py:188} INFO - [2024-06-16T20:28:54.268+0000] {dag.py:3954} INFO - Setting next_dagrun for example_weekday_branch_operator to 2024-06-15 00:00:00+00:00, run_after=2024-06-16 00:00:00+00:00
[2024-06-16T20:28:54.293+0000] {processor.py:183} INFO - Processing /home/airflow/.local/lib/python3.12/site-packages/airflow/example_dags/example_branch_day_of_week_operator.py took 0.093 seconds
[2024-06-16T20:29:24.393+0000] {processor.py:161} INFO - Started process (PID=264) to work on /home/airflow/.local/lib/python3.12/site-packages/airflow/example_dags/example_branch_day_of_week_operator.py
[2024-06-16T20:29:24.394+0000] {processor.py:830} INFO - Processing file /home/airflow/.local/lib/python3.12/site-packages/airflow/example_dags/example_branch_day_of_week_operator.py for tasks to queue
[2024-06-16T20:29:24.396+0000] {logging_mixin.py:188} INFO - [2024-06-16T20:29:24.396+0000] {dagbag.py:545} INFO - Filling up the DagBag from /home/airflow/.local/lib/python3.12/site-packages/airflow/example_dags/example_branch_day_of_week_operator.py
[2024-06-16T20:29:24.404+0000] {processor.py:840} INFO - DAG(s) 'example_weekday_branch_operator' retrieved from /home/airflow/.local/lib/python3.12/site-packages/airflow/example_dags/example_branch_day_of_week_operator.py
[2024-06-16T20:29:24.427+0000] {logging_mixin.py:188} INFO - [2024-06-16T20:29:24.427+0000] {dag.py:3096} INFO - Sync 1 DAGs
[2024-06-16T20:29:24.449+0000] {logging_mixin.py:188} INFO - [2024-06-16T20:29:24.449+0000] {dag.py:3954} INFO - Setting next_dagrun for example_weekday_branch_operator to 2024-06-15 00:00:00+00:00, run_after=2024-06-16 00:00:00+00:00
[2024-06-16T20:29:24.468+0000] {processor.py:183} INFO - Processing /home/airflow/.local/lib/python3.12/site-packages/airflow/example_dags/example_branch_day_of_week_operator.py took 0.086 seconds
[2024-06-16T20:29:54.533+0000] {processor.py:161} INFO - Started process (PID=322) to work on /home/airflow/.local/lib/python3.12/site-packages/airflow/example_dags/example_branch_day_of_week_operator.py
[2024-06-16T20:29:54.535+0000] {processor.py:830} INFO - Processing file /home/airflow/.local/lib/python3.12/site-packages/airflow/example_dags/example_branch_day_of_week_operator.py for tasks to queue
[2024-06-16T20:29:54.538+0000] {logging_mixin.py:188} INFO - [2024-06-16T20:29:54.537+0000] {dagbag.py:545} INFO - Filling up the DagBag from /home/airflow/.local/lib/python3.12/site-packages/airflow/example_dags/example_branch_day_of_week_operator.py
[2024-06-16T20:29:54.546+0000] {processor.py:840} INFO - DAG(s) 'example_weekday_branch_operator' retrieved from /home/airflow/.local/lib/python3.12/site-packages/airflow/example_dags/example_branch_day_of_week_operator.py
[2024-06-16T20:29:54.567+0000] {logging_mixin.py:188} INFO - [2024-06-16T20:29:54.567+0000] {dag.py:3096} INFO - Sync 1 DAGs
[2024-06-16T20:29:54.590+0000] {logging_mixin.py:188} INFO - [2024-06-16T20:29:54.590+0000] {dag.py:3954} INFO - Setting next_dagrun for example_weekday_branch_operator to 2024-06-15 00:00:00+00:00, run_after=2024-06-16 00:00:00+00:00
[2024-06-16T20:29:54.610+0000] {processor.py:183} INFO - Processing /home/airflow/.local/lib/python3.12/site-packages/airflow/example_dags/example_branch_day_of_week_operator.py took 0.082 seconds
[2024-06-16T20:30:24.684+0000] {processor.py:161} INFO - Started process (PID=380) to work on /home/airflow/.local/lib/python3.12/site-packages/airflow/example_dags/example_branch_day_of_week_operator.py
[2024-06-16T20:30:24.707+0000] {processor.py:830} INFO - Processing file /home/airflow/.local/lib/python3.12/site-packages/airflow/example_dags/example_branch_day_of_week_operator.py for tasks to queue
[2024-06-16T20:30:24.709+0000] {logging_mixin.py:188} INFO - [2024-06-16T20:30:24.709+0000] {dagbag.py:545} INFO - Filling up the DagBag from /home/airflow/.local/lib/python3.12/site-packages/airflow/example_dags/example_branch_day_of_week_operator.py
[2024-06-16T20:30:24.720+0000] {processor.py:840} INFO - DAG(s) 'example_weekday_branch_operator' retrieved from /home/airflow/.local/lib/python3.12/site-packages/airflow/example_dags/example_branch_day_of_week_operator.py
[2024-06-16T20:30:24.742+0000] {logging_mixin.py:188} INFO - [2024-06-16T20:30:24.742+0000] {dag.py:3096} INFO - Sync 1 DAGs
[2024-06-16T20:30:24.765+0000] {logging_mixin.py:188} INFO - [2024-06-16T20:30:24.765+0000] {dag.py:3954} INFO - Setting next_dagrun for example_weekday_branch_operator to 2024-06-15 00:00:00+00:00, run_after=2024-06-16 00:00:00+00:00
[2024-06-16T20:30:24.903+0000] {processor.py:183} INFO - Processing /home/airflow/.local/lib/python3.12/site-packages/airflow/example_dags/example_branch_day_of_week_operator.py took 0.228 seconds
[2024-06-16T20:30:55.168+0000] {processor.py:161} INFO - Started process (PID=438) to work on /home/airflow/.local/lib/python3.12/site-packages/airflow/example_dags/example_branch_day_of_week_operator.py
[2024-06-16T20:30:55.170+0000] {processor.py:830} INFO - Processing file /home/airflow/.local/lib/python3.12/site-packages/airflow/example_dags/example_branch_day_of_week_operator.py for tasks to queue
[2024-06-16T20:30:55.172+0000] {logging_mixin.py:188} INFO - [2024-06-16T20:30:55.172+0000] {dagbag.py:545} INFO - Filling up the DagBag from /home/airflow/.local/lib/python3.12/site-packages/airflow/example_dags/example_branch_day_of_week_operator.py
[2024-06-16T20:30:55.181+0000] {processor.py:840} INFO - DAG(s) 'example_weekday_branch_operator' retrieved from /home/airflow/.local/lib/python3.12/site-packages/airflow/example_dags/example_branch_day_of_week_operator.py
[2024-06-16T20:30:55.201+0000] {logging_mixin.py:188} INFO - [2024-06-16T20:30:55.201+0000] {dag.py:3096} INFO - Sync 1 DAGs
[2024-06-16T20:30:55.223+0000] {logging_mixin.py:188} INFO - [2024-06-16T20:30:55.223+0000] {dag.py:3954} INFO - Setting next_dagrun for example_weekday_branch_operator to 2024-06-15 00:00:00+00:00, run_after=2024-06-16 00:00:00+00:00
[2024-06-16T20:30:55.244+0000] {processor.py:183} INFO - Processing /home/airflow/.local/lib/python3.12/site-packages/airflow/example_dags/example_branch_day_of_week_operator.py took 0.086 seconds
[2024-06-16T20:31:25.341+0000] {processor.py:161} INFO - Started process (PID=496) to work on /home/airflow/.local/lib/python3.12/site-packages/airflow/example_dags/example_branch_day_of_week_operator.py
[2024-06-16T20:31:25.342+0000] {processor.py:830} INFO - Processing file /home/airflow/.local/lib/python3.12/site-packages/airflow/example_dags/example_branch_day_of_week_operator.py for tasks to queue
[2024-06-16T20:31:25.344+0000] {logging_mixin.py:188} INFO - [2024-06-16T20:31:25.343+0000] {dagbag.py:545} INFO - Filling up the DagBag from /home/airflow/.local/lib/python3.12/site-packages/airflow/example_dags/example_branch_day_of_week_operator.py
[2024-06-16T20:31:25.351+0000] {processor.py:840} INFO - DAG(s) 'example_weekday_branch_operator' retrieved from /home/airflow/.local/lib/python3.12/site-packages/airflow/example_dags/example_branch_day_of_week_operator.py
[2024-06-16T20:31:25.374+0000] {logging_mixin.py:188} INFO - [2024-06-16T20:31:25.373+0000] {dag.py:3096} INFO - Sync 1 DAGs
[2024-06-16T20:31:25.404+0000] {logging_mixin.py:188} INFO - [2024-06-16T20:31:25.404+0000] {dag.py:3954} INFO - Setting next_dagrun for example_weekday_branch_operator to 2024-06-15 00:00:00+00:00, run_after=2024-06-16 00:00:00+00:00
[2024-06-16T20:31:25.424+0000] {processor.py:183} INFO - Processing /home/airflow/.local/lib/python3.12/site-packages/airflow/example_dags/example_branch_day_of_week_operator.py took 0.089 seconds
[2024-06-16T20:31:55.965+0000] {processor.py:161} INFO - Started process (PID=554) to work on /home/airflow/.local/lib/python3.12/site-packages/airflow/example_dags/example_branch_day_of_week_operator.py
[2024-06-16T20:31:55.966+0000] {processor.py:830} INFO - Processing file /home/airflow/.local/lib/python3.12/site-packages/airflow/example_dags/example_branch_day_of_week_operator.py for tasks to queue
[2024-06-16T20:31:55.968+0000] {logging_mixin.py:188} INFO - [2024-06-16T20:31:55.968+0000] {dagbag.py:545} INFO - Filling up the DagBag from /home/airflow/.local/lib/python3.12/site-packages/airflow/example_dags/example_branch_day_of_week_operator.py
[2024-06-16T20:31:55.976+0000] {processor.py:840} INFO - DAG(s) 'example_weekday_branch_operator' retrieved from /home/airflow/.local/lib/python3.12/site-packages/airflow/example_dags/example_branch_day_of_week_operator.py
[2024-06-16T20:31:55.998+0000] {logging_mixin.py:188} INFO - [2024-06-16T20:31:55.997+0000] {dag.py:3096} INFO - Sync 1 DAGs
[2024-06-16T20:31:56.020+0000] {logging_mixin.py:188} INFO - [2024-06-16T20:31:56.019+0000] {dag.py:3954} INFO - Setting next_dagrun for example_weekday_branch_operator to 2024-06-15 00:00:00+00:00, run_after=2024-06-16 00:00:00+00:00
[2024-06-16T20:31:56.039+0000] {processor.py:183} INFO - Processing /home/airflow/.local/lib/python3.12/site-packages/airflow/example_dags/example_branch_day_of_week_operator.py took 0.080 seconds
[2024-06-16T20:32:26.643+0000] {processor.py:161} INFO - Started process (PID=612) to work on /home/airflow/.local/lib/python3.12/site-packages/airflow/example_dags/example_branch_day_of_week_operator.py
[2024-06-16T20:32:26.644+0000] {processor.py:830} INFO - Processing file /home/airflow/.local/lib/python3.12/site-packages/airflow/example_dags/example_branch_day_of_week_operator.py for tasks to queue
[2024-06-16T20:32:26.646+0000] {logging_mixin.py:188} INFO - [2024-06-16T20:32:26.646+0000] {dagbag.py:545} INFO - Filling up the DagBag from /home/airflow/.local/lib/python3.12/site-packages/airflow/example_dags/example_branch_day_of_week_operator.py
[2024-06-16T20:32:26.656+0000] {processor.py:840} INFO - DAG(s) 'example_weekday_branch_operator' retrieved from /home/airflow/.local/lib/python3.12/site-packages/airflow/example_dags/example_branch_day_of_week_operator.py
[2024-06-16T20:32:26.684+0000] {logging_mixin.py:188} INFO - [2024-06-16T20:32:26.684+0000] {dag.py:3096} INFO - Sync 1 DAGs
[2024-06-16T20:32:26.711+0000] {logging_mixin.py:188} INFO - [2024-06-16T20:32:26.710+0000] {dag.py:3954} INFO - Setting next_dagrun for example_weekday_branch_operator to 2024-06-15 00:00:00+00:00, run_after=2024-06-16 00:00:00+00:00
[2024-06-16T20:32:26.732+0000] {processor.py:183} INFO - Processing /home/airflow/.local/lib/python3.12/site-packages/airflow/example_dags/example_branch_day_of_week_operator.py took 0.096 seconds
[2024-06-16T20:32:57.257+0000] {processor.py:161} INFO - Started process (PID=670) to work on /home/airflow/.local/lib/python3.12/site-packages/airflow/example_dags/example_branch_day_of_week_operator.py
[2024-06-16T20:32:57.259+0000] {processor.py:830} INFO - Processing file /home/airflow/.local/lib/python3.12/site-packages/airflow/example_dags/example_branch_day_of_week_operator.py for tasks to queue
[2024-06-16T20:32:57.262+0000] {logging_mixin.py:188} INFO - [2024-06-16T20:32:57.262+0000] {dagbag.py:545} INFO - Filling up the DagBag from /home/airflow/.local/lib/python3.12/site-packages/airflow/example_dags/example_branch_day_of_week_operator.py
[2024-06-16T20:32:57.272+0000] {processor.py:840} INFO - DAG(s) 'example_weekday_branch_operator' retrieved from /home/airflow/.local/lib/python3.12/site-packages/airflow/example_dags/example_branch_day_of_week_operator.py
[2024-06-16T20:32:57.301+0000] {logging_mixin.py:188} INFO - [2024-06-16T20:32:57.301+0000] {dag.py:3096} INFO - Sync 1 DAGs
[2024-06-16T20:32:57.324+0000] {logging_mixin.py:188} INFO - [2024-06-16T20:32:57.323+0000] {dag.py:3954} INFO - Setting next_dagrun for example_weekday_branch_operator to 2024-06-15 00:00:00+00:00, run_after=2024-06-16 00:00:00+00:00
[2024-06-16T20:32:57.344+0000] {processor.py:183} INFO - Processing /home/airflow/.local/lib/python3.12/site-packages/airflow/example_dags/example_branch_day_of_week_operator.py took 0.099 seconds
[2024-06-16T20:33:27.859+0000] {processor.py:161} INFO - Started process (PID=728) to work on /home/airflow/.local/lib/python3.12/site-packages/airflow/example_dags/example_branch_day_of_week_operator.py
[2024-06-16T20:33:27.860+0000] {processor.py:830} INFO - Processing file /home/airflow/.local/lib/python3.12/site-packages/airflow/example_dags/example_branch_day_of_week_operator.py for tasks to queue
[2024-06-16T20:33:27.862+0000] {logging_mixin.py:188} INFO - [2024-06-16T20:33:27.862+0000] {dagbag.py:545} INFO - Filling up the DagBag from /home/airflow/.local/lib/python3.12/site-packages/airflow/example_dags/example_branch_day_of_week_operator.py
[2024-06-16T20:33:27.869+0000] {processor.py:840} INFO - DAG(s) 'example_weekday_branch_operator' retrieved from /home/airflow/.local/lib/python3.12/site-packages/airflow/example_dags/example_branch_day_of_week_operator.py
[2024-06-16T20:33:27.890+0000] {logging_mixin.py:188} INFO - [2024-06-16T20:33:27.890+0000] {dag.py:3096} INFO - Sync 1 DAGs
[2024-06-16T20:33:27.911+0000] {logging_mixin.py:188} INFO - [2024-06-16T20:33:27.911+0000] {dag.py:3954} INFO - Setting next_dagrun for example_weekday_branch_operator to 2024-06-15 00:00:00+00:00, run_after=2024-06-16 00:00:00+00:00
[2024-06-16T20:33:27.932+0000] {processor.py:183} INFO - Processing /home/airflow/.local/lib/python3.12/site-packages/airflow/example_dags/example_branch_day_of_week_operator.py took 0.079 seconds
[2024-06-16T20:33:58.533+0000] {processor.py:161} INFO - Started process (PID=786) to work on /home/airflow/.local/lib/python3.12/site-packages/airflow/example_dags/example_branch_day_of_week_operator.py
[2024-06-16T20:33:58.536+0000] {processor.py:830} INFO - Processing file /home/airflow/.local/lib/python3.12/site-packages/airflow/example_dags/example_branch_day_of_week_operator.py for tasks to queue
[2024-06-16T20:33:58.538+0000] {logging_mixin.py:188} INFO - [2024-06-16T20:33:58.537+0000] {dagbag.py:545} INFO - Filling up the DagBag from /home/airflow/.local/lib/python3.12/site-packages/airflow/example_dags/example_branch_day_of_week_operator.py
[2024-06-16T20:33:58.545+0000] {processor.py:840} INFO - DAG(s) 'example_weekday_branch_operator' retrieved from /home/airflow/.local/lib/python3.12/site-packages/airflow/example_dags/example_branch_day_of_week_operator.py
[2024-06-16T20:33:58.566+0000] {logging_mixin.py:188} INFO - [2024-06-16T20:33:58.565+0000] {dag.py:3096} INFO - Sync 1 DAGs
[2024-06-16T20:33:58.588+0000] {logging_mixin.py:188} INFO - [2024-06-16T20:33:58.587+0000] {dag.py:3954} INFO - Setting next_dagrun for example_weekday_branch_operator to 2024-06-15 00:00:00+00:00, run_after=2024-06-16 00:00:00+00:00
[2024-06-16T20:33:58.607+0000] {processor.py:183} INFO - Processing /home/airflow/.local/lib/python3.12/site-packages/airflow/example_dags/example_branch_day_of_week_operator.py took 0.080 seconds
[2024-06-16T20:34:28.657+0000] {processor.py:161} INFO - Started process (PID=844) to work on /home/airflow/.local/lib/python3.12/site-packages/airflow/example_dags/example_branch_day_of_week_operator.py
[2024-06-16T20:34:28.658+0000] {processor.py:830} INFO - Processing file /home/airflow/.local/lib/python3.12/site-packages/airflow/example_dags/example_branch_day_of_week_operator.py for tasks to queue
[2024-06-16T20:34:28.660+0000] {logging_mixin.py:188} INFO - [2024-06-16T20:34:28.660+0000] {dagbag.py:545} INFO - Filling up the DagBag from /home/airflow/.local/lib/python3.12/site-packages/airflow/example_dags/example_branch_day_of_week_operator.py
[2024-06-16T20:34:28.668+0000] {processor.py:840} INFO - DAG(s) 'example_weekday_branch_operator' retrieved from /home/airflow/.local/lib/python3.12/site-packages/airflow/example_dags/example_branch_day_of_week_operator.py
[2024-06-16T20:34:28.689+0000] {logging_mixin.py:188} INFO - [2024-06-16T20:34:28.689+0000] {dag.py:3096} INFO - Sync 1 DAGs
[2024-06-16T20:34:28.711+0000] {logging_mixin.py:188} INFO - [2024-06-16T20:34:28.711+0000] {dag.py:3954} INFO - Setting next_dagrun for example_weekday_branch_operator to 2024-06-15 00:00:00+00:00, run_after=2024-06-16 00:00:00+00:00
[2024-06-16T20:34:28.730+0000] {processor.py:183} INFO - Processing /home/airflow/.local/lib/python3.12/site-packages/airflow/example_dags/example_branch_day_of_week_operator.py took 0.080 seconds
[2024-06-16T20:34:58.968+0000] {processor.py:161} INFO - Started process (PID=902) to work on /home/airflow/.local/lib/python3.12/site-packages/airflow/example_dags/example_branch_day_of_week_operator.py
[2024-06-16T20:34:58.970+0000] {processor.py:830} INFO - Processing file /home/airflow/.local/lib/python3.12/site-packages/airflow/example_dags/example_branch_day_of_week_operator.py for tasks to queue
[2024-06-16T20:34:58.972+0000] {logging_mixin.py:188} INFO - [2024-06-16T20:34:58.972+0000] {dagbag.py:545} INFO - Filling up the DagBag from /home/airflow/.local/lib/python3.12/site-packages/airflow/example_dags/example_branch_day_of_week_operator.py
[2024-06-16T20:34:58.979+0000] {processor.py:840} INFO - DAG(s) 'example_weekday_branch_operator' retrieved from /home/airflow/.local/lib/python3.12/site-packages/airflow/example_dags/example_branch_day_of_week_operator.py
[2024-06-16T20:34:59.000+0000] {logging_mixin.py:188} INFO - [2024-06-16T20:34:59.000+0000] {dag.py:3096} INFO - Sync 1 DAGs
[2024-06-16T20:34:59.025+0000] {logging_mixin.py:188} INFO - [2024-06-16T20:34:59.025+0000] {dag.py:3954} INFO - Setting next_dagrun for example_weekday_branch_operator to 2024-06-15 00:00:00+00:00, run_after=2024-06-16 00:00:00+00:00
[2024-06-16T20:34:59.045+0000] {processor.py:183} INFO - Processing /home/airflow/.local/lib/python3.12/site-packages/airflow/example_dags/example_branch_day_of_week_operator.py took 0.084 seconds
[2024-06-16T20:35:29.239+0000] {processor.py:161} INFO - Started process (PID=960) to work on /home/airflow/.local/lib/python3.12/site-packages/airflow/example_dags/example_branch_day_of_week_operator.py
[2024-06-16T20:35:29.240+0000] {processor.py:830} INFO - Processing file /home/airflow/.local/lib/python3.12/site-packages/airflow/example_dags/example_branch_day_of_week_operator.py for tasks to queue
[2024-06-16T20:35:29.242+0000] {logging_mixin.py:188} INFO - [2024-06-16T20:35:29.241+0000] {dagbag.py:545} INFO - Filling up the DagBag from /home/airflow/.local/lib/python3.12/site-packages/airflow/example_dags/example_branch_day_of_week_operator.py
[2024-06-16T20:35:29.251+0000] {processor.py:840} INFO - DAG(s) 'example_weekday_branch_operator' retrieved from /home/airflow/.local/lib/python3.12/site-packages/airflow/example_dags/example_branch_day_of_week_operator.py
[2024-06-16T20:35:29.283+0000] {logging_mixin.py:188} INFO - [2024-06-16T20:35:29.283+0000] {dag.py:3096} INFO - Sync 1 DAGs
[2024-06-16T20:35:29.308+0000] {logging_mixin.py:188} INFO - [2024-06-16T20:35:29.308+0000] {dag.py:3954} INFO - Setting next_dagrun for example_weekday_branch_operator to 2024-06-15 00:00:00+00:00, run_after=2024-06-16 00:00:00+00:00
[2024-06-16T20:35:29.328+0000] {processor.py:183} INFO - Processing /home/airflow/.local/lib/python3.12/site-packages/airflow/example_dags/example_branch_day_of_week_operator.py took 0.103 seconds
[2024-06-16T20:35:59.381+0000] {processor.py:161} INFO - Started process (PID=1018) to work on /home/airflow/.local/lib/python3.12/site-packages/airflow/example_dags/example_branch_day_of_week_operator.py
[2024-06-16T20:35:59.383+0000] {processor.py:830} INFO - Processing file /home/airflow/.local/lib/python3.12/site-packages/airflow/example_dags/example_branch_day_of_week_operator.py for tasks to queue
[2024-06-16T20:35:59.385+0000] {logging_mixin.py:188} INFO - [2024-06-16T20:35:59.385+0000] {dagbag.py:545} INFO - Filling up the DagBag from /home/airflow/.local/lib/python3.12/site-packages/airflow/example_dags/example_branch_day_of_week_operator.py
[2024-06-16T20:35:59.393+0000] {processor.py:840} INFO - DAG(s) 'example_weekday_branch_operator' retrieved from /home/airflow/.local/lib/python3.12/site-packages/airflow/example_dags/example_branch_day_of_week_operator.py
[2024-06-16T20:35:59.415+0000] {logging_mixin.py:188} INFO - [2024-06-16T20:35:59.415+0000] {dag.py:3096} INFO - Sync 1 DAGs
[2024-06-16T20:35:59.438+0000] {logging_mixin.py:188} INFO - [2024-06-16T20:35:59.438+0000] {dag.py:3954} INFO - Setting next_dagrun for example_weekday_branch_operator to 2024-06-15 00:00:00+00:00, run_after=2024-06-16 00:00:00+00:00
[2024-06-16T20:35:59.457+0000] {processor.py:183} INFO - Processing /home/airflow/.local/lib/python3.12/site-packages/airflow/example_dags/example_branch_day_of_week_operator.py took 0.081 seconds
[2024-06-16T20:36:29.633+0000] {processor.py:161} INFO - Started process (PID=1076) to work on /home/airflow/.local/lib/python3.12/site-packages/airflow/example_dags/example_branch_day_of_week_operator.py
[2024-06-16T20:36:29.636+0000] {processor.py:830} INFO - Processing file /home/airflow/.local/lib/python3.12/site-packages/airflow/example_dags/example_branch_day_of_week_operator.py for tasks to queue
[2024-06-16T20:36:29.638+0000] {logging_mixin.py:188} INFO - [2024-06-16T20:36:29.638+0000] {dagbag.py:545} INFO - Filling up the DagBag from /home/airflow/.local/lib/python3.12/site-packages/airflow/example_dags/example_branch_day_of_week_operator.py
[2024-06-16T20:36:29.646+0000] {processor.py:840} INFO - DAG(s) 'example_weekday_branch_operator' retrieved from /home/airflow/.local/lib/python3.12/site-packages/airflow/example_dags/example_branch_day_of_week_operator.py
[2024-06-16T20:36:29.667+0000] {logging_mixin.py:188} INFO - [2024-06-16T20:36:29.667+0000] {dag.py:3096} INFO - Sync 1 DAGs
[2024-06-16T20:36:29.689+0000] {logging_mixin.py:188} INFO - [2024-06-16T20:36:29.689+0000] {dag.py:3954} INFO - Setting next_dagrun for example_weekday_branch_operator to 2024-06-15 00:00:00+00:00, run_after=2024-06-16 00:00:00+00:00
[2024-06-16T20:36:29.709+0000] {processor.py:183} INFO - Processing /home/airflow/.local/lib/python3.12/site-packages/airflow/example_dags/example_branch_day_of_week_operator.py took 0.082 seconds
[2024-06-16T20:36:59.953+0000] {processor.py:161} INFO - Started process (PID=1134) to work on /home/airflow/.local/lib/python3.12/site-packages/airflow/example_dags/example_branch_day_of_week_operator.py
[2024-06-16T20:36:59.955+0000] {processor.py:830} INFO - Processing file /home/airflow/.local/lib/python3.12/site-packages/airflow/example_dags/example_branch_day_of_week_operator.py for tasks to queue
[2024-06-16T20:36:59.958+0000] {logging_mixin.py:188} INFO - [2024-06-16T20:36:59.958+0000] {dagbag.py:545} INFO - Filling up the DagBag from /home/airflow/.local/lib/python3.12/site-packages/airflow/example_dags/example_branch_day_of_week_operator.py
[2024-06-16T20:36:59.965+0000] {processor.py:840} INFO - DAG(s) 'example_weekday_branch_operator' retrieved from /home/airflow/.local/lib/python3.12/site-packages/airflow/example_dags/example_branch_day_of_week_operator.py
[2024-06-16T20:36:59.986+0000] {logging_mixin.py:188} INFO - [2024-06-16T20:36:59.986+0000] {dag.py:3096} INFO - Sync 1 DAGs
[2024-06-16T20:37:00.008+0000] {logging_mixin.py:188} INFO - [2024-06-16T20:37:00.008+0000] {dag.py:3954} INFO - Setting next_dagrun for example_weekday_branch_operator to 2024-06-15 00:00:00+00:00, run_after=2024-06-16 00:00:00+00:00
[2024-06-16T20:37:00.032+0000] {processor.py:183} INFO - Processing /home/airflow/.local/lib/python3.12/site-packages/airflow/example_dags/example_branch_day_of_week_operator.py took 0.085 seconds
[2024-06-16T20:37:30.217+0000] {processor.py:161} INFO - Started process (PID=1192) to work on /home/airflow/.local/lib/python3.12/site-packages/airflow/example_dags/example_branch_day_of_week_operator.py
[2024-06-16T20:37:30.220+0000] {processor.py:830} INFO - Processing file /home/airflow/.local/lib/python3.12/site-packages/airflow/example_dags/example_branch_day_of_week_operator.py for tasks to queue
[2024-06-16T20:37:30.222+0000] {logging_mixin.py:188} INFO - [2024-06-16T20:37:30.221+0000] {dagbag.py:545} INFO - Filling up the DagBag from /home/airflow/.local/lib/python3.12/site-packages/airflow/example_dags/example_branch_day_of_week_operator.py
[2024-06-16T20:37:30.229+0000] {processor.py:840} INFO - DAG(s) 'example_weekday_branch_operator' retrieved from /home/airflow/.local/lib/python3.12/site-packages/airflow/example_dags/example_branch_day_of_week_operator.py
[2024-06-16T20:37:30.248+0000] {logging_mixin.py:188} INFO - [2024-06-16T20:37:30.248+0000] {dag.py:3096} INFO - Sync 1 DAGs
[2024-06-16T20:37:30.273+0000] {logging_mixin.py:188} INFO - [2024-06-16T20:37:30.273+0000] {dag.py:3954} INFO - Setting next_dagrun for example_weekday_branch_operator to 2024-06-15 00:00:00+00:00, run_after=2024-06-16 00:00:00+00:00
[2024-06-16T20:37:30.294+0000] {processor.py:183} INFO - Processing /home/airflow/.local/lib/python3.12/site-packages/airflow/example_dags/example_branch_day_of_week_operator.py took 0.083 seconds
[2024-06-16T20:38:00.406+0000] {processor.py:161} INFO - Started process (PID=1250) to work on /home/airflow/.local/lib/python3.12/site-packages/airflow/example_dags/example_branch_day_of_week_operator.py
[2024-06-16T20:38:00.413+0000] {processor.py:830} INFO - Processing file /home/airflow/.local/lib/python3.12/site-packages/airflow/example_dags/example_branch_day_of_week_operator.py for tasks to queue
[2024-06-16T20:38:00.415+0000] {logging_mixin.py:188} INFO - [2024-06-16T20:38:00.415+0000] {dagbag.py:545} INFO - Filling up the DagBag from /home/airflow/.local/lib/python3.12/site-packages/airflow/example_dags/example_branch_day_of_week_operator.py
[2024-06-16T20:38:00.422+0000] {processor.py:840} INFO - DAG(s) 'example_weekday_branch_operator' retrieved from /home/airflow/.local/lib/python3.12/site-packages/airflow/example_dags/example_branch_day_of_week_operator.py
[2024-06-16T20:38:00.442+0000] {logging_mixin.py:188} INFO - [2024-06-16T20:38:00.442+0000] {dag.py:3096} INFO - Sync 1 DAGs
[2024-06-16T20:38:00.464+0000] {logging_mixin.py:188} INFO - [2024-06-16T20:38:00.464+0000] {dag.py:3954} INFO - Setting next_dagrun for example_weekday_branch_operator to 2024-06-15 00:00:00+00:00, run_after=2024-06-16 00:00:00+00:00
[2024-06-16T20:38:00.484+0000] {processor.py:183} INFO - Processing /home/airflow/.local/lib/python3.12/site-packages/airflow/example_dags/example_branch_day_of_week_operator.py took 0.083 seconds
[2024-06-16T20:38:31.120+0000] {processor.py:161} INFO - Started process (PID=1308) to work on /home/airflow/.local/lib/python3.12/site-packages/airflow/example_dags/example_branch_day_of_week_operator.py
[2024-06-16T20:38:31.128+0000] {processor.py:830} INFO - Processing file /home/airflow/.local/lib/python3.12/site-packages/airflow/example_dags/example_branch_day_of_week_operator.py for tasks to queue
[2024-06-16T20:38:31.129+0000] {logging_mixin.py:188} INFO - [2024-06-16T20:38:31.129+0000] {dagbag.py:545} INFO - Filling up the DagBag from /home/airflow/.local/lib/python3.12/site-packages/airflow/example_dags/example_branch_day_of_week_operator.py
[2024-06-16T20:38:31.137+0000] {processor.py:840} INFO - DAG(s) 'example_weekday_branch_operator' retrieved from /home/airflow/.local/lib/python3.12/site-packages/airflow/example_dags/example_branch_day_of_week_operator.py
[2024-06-16T20:38:31.161+0000] {logging_mixin.py:188} INFO - [2024-06-16T20:38:31.160+0000] {dag.py:3096} INFO - Sync 1 DAGs
[2024-06-16T20:38:31.187+0000] {logging_mixin.py:188} INFO - [2024-06-16T20:38:31.187+0000] {dag.py:3954} INFO - Setting next_dagrun for example_weekday_branch_operator to 2024-06-15 00:00:00+00:00, run_after=2024-06-16 00:00:00+00:00
[2024-06-16T20:38:31.211+0000] {processor.py:183} INFO - Processing /home/airflow/.local/lib/python3.12/site-packages/airflow/example_dags/example_branch_day_of_week_operator.py took 0.096 seconds
[2024-06-16T20:39:01.731+0000] {processor.py:161} INFO - Started process (PID=1372) to work on /home/airflow/.local/lib/python3.12/site-packages/airflow/example_dags/example_branch_day_of_week_operator.py
[2024-06-16T20:39:01.732+0000] {processor.py:830} INFO - Processing file /home/airflow/.local/lib/python3.12/site-packages/airflow/example_dags/example_branch_day_of_week_operator.py for tasks to queue
[2024-06-16T20:39:01.734+0000] {logging_mixin.py:188} INFO - [2024-06-16T20:39:01.734+0000] {dagbag.py:545} INFO - Filling up the DagBag from /home/airflow/.local/lib/python3.12/site-packages/airflow/example_dags/example_branch_day_of_week_operator.py
[2024-06-16T20:39:01.741+0000] {processor.py:840} INFO - DAG(s) 'example_weekday_branch_operator' retrieved from /home/airflow/.local/lib/python3.12/site-packages/airflow/example_dags/example_branch_day_of_week_operator.py
[2024-06-16T20:39:01.762+0000] {logging_mixin.py:188} INFO - [2024-06-16T20:39:01.761+0000] {dag.py:3096} INFO - Sync 1 DAGs
[2024-06-16T20:39:01.784+0000] {logging_mixin.py:188} INFO - [2024-06-16T20:39:01.784+0000] {dag.py:3954} INFO - Setting next_dagrun for example_weekday_branch_operator to 2024-06-15 00:00:00+00:00, run_after=2024-06-16 00:00:00+00:00
[2024-06-16T20:39:01.801+0000] {processor.py:183} INFO - Processing /home/airflow/.local/lib/python3.12/site-packages/airflow/example_dags/example_branch_day_of_week_operator.py took 0.076 seconds
[2024-06-16T20:39:32.201+0000] {processor.py:161} INFO - Started process (PID=1430) to work on /home/airflow/.local/lib/python3.12/site-packages/airflow/example_dags/example_branch_day_of_week_operator.py
[2024-06-16T20:39:32.202+0000] {processor.py:830} INFO - Processing file /home/airflow/.local/lib/python3.12/site-packages/airflow/example_dags/example_branch_day_of_week_operator.py for tasks to queue
[2024-06-16T20:39:32.204+0000] {logging_mixin.py:188} INFO - [2024-06-16T20:39:32.204+0000] {dagbag.py:545} INFO - Filling up the DagBag from /home/airflow/.local/lib/python3.12/site-packages/airflow/example_dags/example_branch_day_of_week_operator.py
[2024-06-16T20:39:32.211+0000] {processor.py:840} INFO - DAG(s) 'example_weekday_branch_operator' retrieved from /home/airflow/.local/lib/python3.12/site-packages/airflow/example_dags/example_branch_day_of_week_operator.py
[2024-06-16T20:39:32.232+0000] {logging_mixin.py:188} INFO - [2024-06-16T20:39:32.232+0000] {dag.py:3096} INFO - Sync 1 DAGs
[2024-06-16T20:39:32.256+0000] {logging_mixin.py:188} INFO - [2024-06-16T20:39:32.256+0000] {dag.py:3954} INFO - Setting next_dagrun for example_weekday_branch_operator to 2024-06-15 00:00:00+00:00, run_after=2024-06-16 00:00:00+00:00
[2024-06-16T20:39:32.278+0000] {processor.py:183} INFO - Processing /home/airflow/.local/lib/python3.12/site-packages/airflow/example_dags/example_branch_day_of_week_operator.py took 0.083 seconds
[2024-06-16T20:40:02.837+0000] {processor.py:161} INFO - Started process (PID=1488) to work on /home/airflow/.local/lib/python3.12/site-packages/airflow/example_dags/example_branch_day_of_week_operator.py
[2024-06-16T20:40:02.841+0000] {processor.py:830} INFO - Processing file /home/airflow/.local/lib/python3.12/site-packages/airflow/example_dags/example_branch_day_of_week_operator.py for tasks to queue
[2024-06-16T20:40:02.843+0000] {logging_mixin.py:188} INFO - [2024-06-16T20:40:02.842+0000] {dagbag.py:545} INFO - Filling up the DagBag from /home/airflow/.local/lib/python3.12/site-packages/airflow/example_dags/example_branch_day_of_week_operator.py
[2024-06-16T20:40:02.850+0000] {processor.py:840} INFO - DAG(s) 'example_weekday_branch_operator' retrieved from /home/airflow/.local/lib/python3.12/site-packages/airflow/example_dags/example_branch_day_of_week_operator.py
[2024-06-16T20:40:02.870+0000] {logging_mixin.py:188} INFO - [2024-06-16T20:40:02.870+0000] {dag.py:3096} INFO - Sync 1 DAGs
[2024-06-16T20:40:02.891+0000] {logging_mixin.py:188} INFO - [2024-06-16T20:40:02.891+0000] {dag.py:3954} INFO - Setting next_dagrun for example_weekday_branch_operator to 2024-06-15 00:00:00+00:00, run_after=2024-06-16 00:00:00+00:00
[2024-06-16T20:40:02.910+0000] {processor.py:183} INFO - Processing /home/airflow/.local/lib/python3.12/site-packages/airflow/example_dags/example_branch_day_of_week_operator.py took 0.079 seconds
[2024-06-16T20:40:33.422+0000] {processor.py:161} INFO - Started process (PID=1546) to work on /home/airflow/.local/lib/python3.12/site-packages/airflow/example_dags/example_branch_day_of_week_operator.py
[2024-06-16T20:40:33.426+0000] {processor.py:830} INFO - Processing file /home/airflow/.local/lib/python3.12/site-packages/airflow/example_dags/example_branch_day_of_week_operator.py for tasks to queue
[2024-06-16T20:40:33.428+0000] {logging_mixin.py:188} INFO - [2024-06-16T20:40:33.427+0000] {dagbag.py:545} INFO - Filling up the DagBag from /home/airflow/.local/lib/python3.12/site-packages/airflow/example_dags/example_branch_day_of_week_operator.py
[2024-06-16T20:40:33.435+0000] {processor.py:840} INFO - DAG(s) 'example_weekday_branch_operator' retrieved from /home/airflow/.local/lib/python3.12/site-packages/airflow/example_dags/example_branch_day_of_week_operator.py
[2024-06-16T20:40:33.458+0000] {logging_mixin.py:188} INFO - [2024-06-16T20:40:33.458+0000] {dag.py:3096} INFO - Sync 1 DAGs
[2024-06-16T20:40:33.481+0000] {logging_mixin.py:188} INFO - [2024-06-16T20:40:33.481+0000] {dag.py:3954} INFO - Setting next_dagrun for example_weekday_branch_operator to 2024-06-15 00:00:00+00:00, run_after=2024-06-16 00:00:00+00:00
[2024-06-16T20:40:33.502+0000] {processor.py:183} INFO - Processing /home/airflow/.local/lib/python3.12/site-packages/airflow/example_dags/example_branch_day_of_week_operator.py took 0.085 seconds
[2024-06-16T20:41:03.957+0000] {processor.py:161} INFO - Started process (PID=1604) to work on /home/airflow/.local/lib/python3.12/site-packages/airflow/example_dags/example_branch_day_of_week_operator.py
[2024-06-16T20:41:03.959+0000] {processor.py:830} INFO - Processing file /home/airflow/.local/lib/python3.12/site-packages/airflow/example_dags/example_branch_day_of_week_operator.py for tasks to queue
[2024-06-16T20:41:03.961+0000] {logging_mixin.py:188} INFO - [2024-06-16T20:41:03.961+0000] {dagbag.py:545} INFO - Filling up the DagBag from /home/airflow/.local/lib/python3.12/site-packages/airflow/example_dags/example_branch_day_of_week_operator.py
[2024-06-16T20:41:03.970+0000] {processor.py:840} INFO - DAG(s) 'example_weekday_branch_operator' retrieved from /home/airflow/.local/lib/python3.12/site-packages/airflow/example_dags/example_branch_day_of_week_operator.py
[2024-06-16T20:41:03.990+0000] {logging_mixin.py:188} INFO - [2024-06-16T20:41:03.989+0000] {dag.py:3096} INFO - Sync 1 DAGs
[2024-06-16T20:41:04.011+0000] {logging_mixin.py:188} INFO - [2024-06-16T20:41:04.010+0000] {dag.py:3954} INFO - Setting next_dagrun for example_weekday_branch_operator to 2024-06-15 00:00:00+00:00, run_after=2024-06-16 00:00:00+00:00
[2024-06-16T20:41:04.029+0000] {processor.py:183} INFO - Processing /home/airflow/.local/lib/python3.12/site-packages/airflow/example_dags/example_branch_day_of_week_operator.py took 0.080 seconds
[2024-06-16T20:41:34.614+0000] {processor.py:161} INFO - Started process (PID=1662) to work on /home/airflow/.local/lib/python3.12/site-packages/airflow/example_dags/example_branch_day_of_week_operator.py
[2024-06-16T20:41:34.615+0000] {processor.py:830} INFO - Processing file /home/airflow/.local/lib/python3.12/site-packages/airflow/example_dags/example_branch_day_of_week_operator.py for tasks to queue
[2024-06-16T20:41:34.617+0000] {logging_mixin.py:188} INFO - [2024-06-16T20:41:34.617+0000] {dagbag.py:545} INFO - Filling up the DagBag from /home/airflow/.local/lib/python3.12/site-packages/airflow/example_dags/example_branch_day_of_week_operator.py
[2024-06-16T20:41:34.627+0000] {processor.py:840} INFO - DAG(s) 'example_weekday_branch_operator' retrieved from /home/airflow/.local/lib/python3.12/site-packages/airflow/example_dags/example_branch_day_of_week_operator.py
[2024-06-16T20:41:34.646+0000] {logging_mixin.py:188} INFO - [2024-06-16T20:41:34.646+0000] {dag.py:3096} INFO - Sync 1 DAGs
[2024-06-16T20:41:34.668+0000] {logging_mixin.py:188} INFO - [2024-06-16T20:41:34.668+0000] {dag.py:3954} INFO - Setting next_dagrun for example_weekday_branch_operator to 2024-06-15 00:00:00+00:00, run_after=2024-06-16 00:00:00+00:00
[2024-06-16T20:41:34.686+0000] {processor.py:183} INFO - Processing /home/airflow/.local/lib/python3.12/site-packages/airflow/example_dags/example_branch_day_of_week_operator.py took 0.079 seconds
[2024-06-16T20:42:05.215+0000] {processor.py:161} INFO - Started process (PID=1720) to work on /home/airflow/.local/lib/python3.12/site-packages/airflow/example_dags/example_branch_day_of_week_operator.py
[2024-06-16T20:42:05.217+0000] {processor.py:830} INFO - Processing file /home/airflow/.local/lib/python3.12/site-packages/airflow/example_dags/example_branch_day_of_week_operator.py for tasks to queue
[2024-06-16T20:42:05.219+0000] {logging_mixin.py:188} INFO - [2024-06-16T20:42:05.219+0000] {dagbag.py:545} INFO - Filling up the DagBag from /home/airflow/.local/lib/python3.12/site-packages/airflow/example_dags/example_branch_day_of_week_operator.py
[2024-06-16T20:42:05.228+0000] {processor.py:840} INFO - DAG(s) 'example_weekday_branch_operator' retrieved from /home/airflow/.local/lib/python3.12/site-packages/airflow/example_dags/example_branch_day_of_week_operator.py
[2024-06-16T20:42:05.249+0000] {logging_mixin.py:188} INFO - [2024-06-16T20:42:05.249+0000] {dag.py:3096} INFO - Sync 1 DAGs
[2024-06-16T20:42:05.271+0000] {logging_mixin.py:188} INFO - [2024-06-16T20:42:05.271+0000] {dag.py:3954} INFO - Setting next_dagrun for example_weekday_branch_operator to 2024-06-15 00:00:00+00:00, run_after=2024-06-16 00:00:00+00:00
[2024-06-16T20:42:05.406+0000] {processor.py:183} INFO - Processing /home/airflow/.local/lib/python3.12/site-packages/airflow/example_dags/example_branch_day_of_week_operator.py took 0.197 seconds
[2024-06-16T20:42:35.781+0000] {processor.py:161} INFO - Started process (PID=1778) to work on /home/airflow/.local/lib/python3.12/site-packages/airflow/example_dags/example_branch_day_of_week_operator.py
[2024-06-16T20:42:35.783+0000] {processor.py:830} INFO - Processing file /home/airflow/.local/lib/python3.12/site-packages/airflow/example_dags/example_branch_day_of_week_operator.py for tasks to queue
[2024-06-16T20:42:35.785+0000] {logging_mixin.py:188} INFO - [2024-06-16T20:42:35.784+0000] {dagbag.py:545} INFO - Filling up the DagBag from /home/airflow/.local/lib/python3.12/site-packages/airflow/example_dags/example_branch_day_of_week_operator.py
[2024-06-16T20:42:35.791+0000] {processor.py:840} INFO - DAG(s) 'example_weekday_branch_operator' retrieved from /home/airflow/.local/lib/python3.12/site-packages/airflow/example_dags/example_branch_day_of_week_operator.py
[2024-06-16T20:42:35.811+0000] {logging_mixin.py:188} INFO - [2024-06-16T20:42:35.810+0000] {dag.py:3096} INFO - Sync 1 DAGs
[2024-06-16T20:42:35.831+0000] {logging_mixin.py:188} INFO - [2024-06-16T20:42:35.831+0000] {dag.py:3954} INFO - Setting next_dagrun for example_weekday_branch_operator to 2024-06-15 00:00:00+00:00, run_after=2024-06-16 00:00:00+00:00
[2024-06-16T20:42:35.851+0000] {processor.py:183} INFO - Processing /home/airflow/.local/lib/python3.12/site-packages/airflow/example_dags/example_branch_day_of_week_operator.py took 0.075 seconds
[2024-06-16T20:43:05.979+0000] {processor.py:161} INFO - Started process (PID=1836) to work on /home/airflow/.local/lib/python3.12/site-packages/airflow/example_dags/example_branch_day_of_week_operator.py
[2024-06-16T20:43:05.981+0000] {processor.py:830} INFO - Processing file /home/airflow/.local/lib/python3.12/site-packages/airflow/example_dags/example_branch_day_of_week_operator.py for tasks to queue
[2024-06-16T20:43:05.983+0000] {logging_mixin.py:188} INFO - [2024-06-16T20:43:05.983+0000] {dagbag.py:545} INFO - Filling up the DagBag from /home/airflow/.local/lib/python3.12/site-packages/airflow/example_dags/example_branch_day_of_week_operator.py
[2024-06-16T20:43:05.991+0000] {processor.py:840} INFO - DAG(s) 'example_weekday_branch_operator' retrieved from /home/airflow/.local/lib/python3.12/site-packages/airflow/example_dags/example_branch_day_of_week_operator.py
[2024-06-16T20:43:06.014+0000] {logging_mixin.py:188} INFO - [2024-06-16T20:43:06.014+0000] {dag.py:3096} INFO - Sync 1 DAGs
[2024-06-16T20:43:06.035+0000] {logging_mixin.py:188} INFO - [2024-06-16T20:43:06.035+0000] {dag.py:3954} INFO - Setting next_dagrun for example_weekday_branch_operator to 2024-06-15 00:00:00+00:00, run_after=2024-06-16 00:00:00+00:00
[2024-06-16T20:43:06.054+0000] {processor.py:183} INFO - Processing /home/airflow/.local/lib/python3.12/site-packages/airflow/example_dags/example_branch_day_of_week_operator.py took 0.080 seconds
[2024-06-16T20:43:36.242+0000] {processor.py:161} INFO - Started process (PID=1894) to work on /home/airflow/.local/lib/python3.12/site-packages/airflow/example_dags/example_branch_day_of_week_operator.py
[2024-06-16T20:43:36.244+0000] {processor.py:830} INFO - Processing file /home/airflow/.local/lib/python3.12/site-packages/airflow/example_dags/example_branch_day_of_week_operator.py for tasks to queue
[2024-06-16T20:43:36.246+0000] {logging_mixin.py:188} INFO - [2024-06-16T20:43:36.245+0000] {dagbag.py:545} INFO - Filling up the DagBag from /home/airflow/.local/lib/python3.12/site-packages/airflow/example_dags/example_branch_day_of_week_operator.py
[2024-06-16T20:43:36.254+0000] {processor.py:840} INFO - DAG(s) 'example_weekday_branch_operator' retrieved from /home/airflow/.local/lib/python3.12/site-packages/airflow/example_dags/example_branch_day_of_week_operator.py
[2024-06-16T20:43:36.277+0000] {logging_mixin.py:188} INFO - [2024-06-16T20:43:36.277+0000] {dag.py:3096} INFO - Sync 1 DAGs
[2024-06-16T20:43:36.299+0000] {logging_mixin.py:188} INFO - [2024-06-16T20:43:36.299+0000] {dag.py:3954} INFO - Setting next_dagrun for example_weekday_branch_operator to 2024-06-15 00:00:00+00:00, run_after=2024-06-16 00:00:00+00:00
[2024-06-16T20:43:36.321+0000] {processor.py:183} INFO - Processing /home/airflow/.local/lib/python3.12/site-packages/airflow/example_dags/example_branch_day_of_week_operator.py took 0.085 seconds
[2024-06-16T20:44:06.933+0000] {processor.py:161} INFO - Started process (PID=1952) to work on /home/airflow/.local/lib/python3.12/site-packages/airflow/example_dags/example_branch_day_of_week_operator.py
[2024-06-16T20:44:06.935+0000] {processor.py:830} INFO - Processing file /home/airflow/.local/lib/python3.12/site-packages/airflow/example_dags/example_branch_day_of_week_operator.py for tasks to queue
[2024-06-16T20:44:06.937+0000] {logging_mixin.py:188} INFO - [2024-06-16T20:44:06.936+0000] {dagbag.py:545} INFO - Filling up the DagBag from /home/airflow/.local/lib/python3.12/site-packages/airflow/example_dags/example_branch_day_of_week_operator.py
[2024-06-16T20:44:06.946+0000] {processor.py:840} INFO - DAG(s) 'example_weekday_branch_operator' retrieved from /home/airflow/.local/lib/python3.12/site-packages/airflow/example_dags/example_branch_day_of_week_operator.py
[2024-06-16T20:44:06.965+0000] {logging_mixin.py:188} INFO - [2024-06-16T20:44:06.965+0000] {dag.py:3096} INFO - Sync 1 DAGs
[2024-06-16T20:44:06.987+0000] {logging_mixin.py:188} INFO - [2024-06-16T20:44:06.986+0000] {dag.py:3954} INFO - Setting next_dagrun for example_weekday_branch_operator to 2024-06-15 00:00:00+00:00, run_after=2024-06-16 00:00:00+00:00
[2024-06-16T20:44:07.006+0000] {processor.py:183} INFO - Processing /home/airflow/.local/lib/python3.12/site-packages/airflow/example_dags/example_branch_day_of_week_operator.py took 0.082 seconds
[2024-06-16T20:44:37.050+0000] {processor.py:161} INFO - Started process (PID=2010) to work on /home/airflow/.local/lib/python3.12/site-packages/airflow/example_dags/example_branch_day_of_week_operator.py
[2024-06-16T20:44:37.053+0000] {processor.py:830} INFO - Processing file /home/airflow/.local/lib/python3.12/site-packages/airflow/example_dags/example_branch_day_of_week_operator.py for tasks to queue
[2024-06-16T20:44:37.055+0000] {logging_mixin.py:188} INFO - [2024-06-16T20:44:37.055+0000] {dagbag.py:545} INFO - Filling up the DagBag from /home/airflow/.local/lib/python3.12/site-packages/airflow/example_dags/example_branch_day_of_week_operator.py
[2024-06-16T20:44:37.062+0000] {processor.py:840} INFO - DAG(s) 'example_weekday_branch_operator' retrieved from /home/airflow/.local/lib/python3.12/site-packages/airflow/example_dags/example_branch_day_of_week_operator.py
[2024-06-16T20:44:37.196+0000] {logging_mixin.py:188} INFO - [2024-06-16T20:44:37.196+0000] {dag.py:3096} INFO - Sync 1 DAGs
[2024-06-16T20:44:37.217+0000] {logging_mixin.py:188} INFO - [2024-06-16T20:44:37.216+0000] {dag.py:3954} INFO - Setting next_dagrun for example_weekday_branch_operator to 2024-06-15 00:00:00+00:00, run_after=2024-06-16 00:00:00+00:00
[2024-06-16T20:44:37.236+0000] {processor.py:183} INFO - Processing /home/airflow/.local/lib/python3.12/site-packages/airflow/example_dags/example_branch_day_of_week_operator.py took 0.191 seconds
[2024-06-16T20:45:07.295+0000] {processor.py:161} INFO - Started process (PID=2068) to work on /home/airflow/.local/lib/python3.12/site-packages/airflow/example_dags/example_branch_day_of_week_operator.py
[2024-06-16T20:45:07.296+0000] {processor.py:830} INFO - Processing file /home/airflow/.local/lib/python3.12/site-packages/airflow/example_dags/example_branch_day_of_week_operator.py for tasks to queue
[2024-06-16T20:45:07.299+0000] {logging_mixin.py:188} INFO - [2024-06-16T20:45:07.298+0000] {dagbag.py:545} INFO - Filling up the DagBag from /home/airflow/.local/lib/python3.12/site-packages/airflow/example_dags/example_branch_day_of_week_operator.py
[2024-06-16T20:45:07.306+0000] {processor.py:840} INFO - DAG(s) 'example_weekday_branch_operator' retrieved from /home/airflow/.local/lib/python3.12/site-packages/airflow/example_dags/example_branch_day_of_week_operator.py
[2024-06-16T20:45:07.327+0000] {logging_mixin.py:188} INFO - [2024-06-16T20:45:07.326+0000] {dag.py:3096} INFO - Sync 1 DAGs
[2024-06-16T20:45:07.350+0000] {logging_mixin.py:188} INFO - [2024-06-16T20:45:07.350+0000] {dag.py:3954} INFO - Setting next_dagrun for example_weekday_branch_operator to 2024-06-15 00:00:00+00:00, run_after=2024-06-16 00:00:00+00:00
[2024-06-16T20:45:07.370+0000] {processor.py:183} INFO - Processing /home/airflow/.local/lib/python3.12/site-packages/airflow/example_dags/example_branch_day_of_week_operator.py took 0.081 seconds
[2024-06-16T20:45:37.904+0000] {processor.py:161} INFO - Started process (PID=2126) to work on /home/airflow/.local/lib/python3.12/site-packages/airflow/example_dags/example_branch_day_of_week_operator.py
[2024-06-16T20:45:37.905+0000] {processor.py:830} INFO - Processing file /home/airflow/.local/lib/python3.12/site-packages/airflow/example_dags/example_branch_day_of_week_operator.py for tasks to queue
[2024-06-16T20:45:37.907+0000] {logging_mixin.py:188} INFO - [2024-06-16T20:45:37.907+0000] {dagbag.py:545} INFO - Filling up the DagBag from /home/airflow/.local/lib/python3.12/site-packages/airflow/example_dags/example_branch_day_of_week_operator.py
[2024-06-16T20:45:37.914+0000] {processor.py:840} INFO - DAG(s) 'example_weekday_branch_operator' retrieved from /home/airflow/.local/lib/python3.12/site-packages/airflow/example_dags/example_branch_day_of_week_operator.py
[2024-06-16T20:45:37.934+0000] {logging_mixin.py:188} INFO - [2024-06-16T20:45:37.933+0000] {dag.py:3096} INFO - Sync 1 DAGs
[2024-06-16T20:45:37.954+0000] {logging_mixin.py:188} INFO - [2024-06-16T20:45:37.954+0000] {dag.py:3954} INFO - Setting next_dagrun for example_weekday_branch_operator to 2024-06-15 00:00:00+00:00, run_after=2024-06-16 00:00:00+00:00
[2024-06-16T20:45:37.973+0000] {processor.py:183} INFO - Processing /home/airflow/.local/lib/python3.12/site-packages/airflow/example_dags/example_branch_day_of_week_operator.py took 0.074 seconds
[2024-06-16T20:46:08.240+0000] {processor.py:161} INFO - Started process (PID=2184) to work on /home/airflow/.local/lib/python3.12/site-packages/airflow/example_dags/example_branch_day_of_week_operator.py
[2024-06-16T20:46:08.242+0000] {processor.py:830} INFO - Processing file /home/airflow/.local/lib/python3.12/site-packages/airflow/example_dags/example_branch_day_of_week_operator.py for tasks to queue
[2024-06-16T20:46:08.245+0000] {logging_mixin.py:188} INFO - [2024-06-16T20:46:08.245+0000] {dagbag.py:545} INFO - Filling up the DagBag from /home/airflow/.local/lib/python3.12/site-packages/airflow/example_dags/example_branch_day_of_week_operator.py
[2024-06-16T20:46:08.254+0000] {processor.py:840} INFO - DAG(s) 'example_weekday_branch_operator' retrieved from /home/airflow/.local/lib/python3.12/site-packages/airflow/example_dags/example_branch_day_of_week_operator.py
[2024-06-16T20:46:08.273+0000] {logging_mixin.py:188} INFO - [2024-06-16T20:46:08.273+0000] {dag.py:3096} INFO - Sync 1 DAGs
[2024-06-16T20:46:08.295+0000] {logging_mixin.py:188} INFO - [2024-06-16T20:46:08.294+0000] {dag.py:3954} INFO - Setting next_dagrun for example_weekday_branch_operator to 2024-06-15 00:00:00+00:00, run_after=2024-06-16 00:00:00+00:00
[2024-06-16T20:46:08.313+0000] {processor.py:183} INFO - Processing /home/airflow/.local/lib/python3.12/site-packages/airflow/example_dags/example_branch_day_of_week_operator.py took 0.080 seconds
[2024-06-16T20:46:38.736+0000] {processor.py:161} INFO - Started process (PID=2242) to work on /home/airflow/.local/lib/python3.12/site-packages/airflow/example_dags/example_branch_day_of_week_operator.py
[2024-06-16T20:46:38.738+0000] {processor.py:830} INFO - Processing file /home/airflow/.local/lib/python3.12/site-packages/airflow/example_dags/example_branch_day_of_week_operator.py for tasks to queue
[2024-06-16T20:46:38.739+0000] {logging_mixin.py:188} INFO - [2024-06-16T20:46:38.739+0000] {dagbag.py:545} INFO - Filling up the DagBag from /home/airflow/.local/lib/python3.12/site-packages/airflow/example_dags/example_branch_day_of_week_operator.py
[2024-06-16T20:46:38.746+0000] {processor.py:840} INFO - DAG(s) 'example_weekday_branch_operator' retrieved from /home/airflow/.local/lib/python3.12/site-packages/airflow/example_dags/example_branch_day_of_week_operator.py
[2024-06-16T20:46:38.766+0000] {logging_mixin.py:188} INFO - [2024-06-16T20:46:38.766+0000] {dag.py:3096} INFO - Sync 1 DAGs
[2024-06-16T20:46:38.787+0000] {logging_mixin.py:188} INFO - [2024-06-16T20:46:38.787+0000] {dag.py:3954} INFO - Setting next_dagrun for example_weekday_branch_operator to 2024-06-15 00:00:00+00:00, run_after=2024-06-16 00:00:00+00:00
[2024-06-16T20:46:38.806+0000] {processor.py:183} INFO - Processing /home/airflow/.local/lib/python3.12/site-packages/airflow/example_dags/example_branch_day_of_week_operator.py took 0.074 seconds
[2024-06-16T20:47:09.159+0000] {processor.py:161} INFO - Started process (PID=2300) to work on /home/airflow/.local/lib/python3.12/site-packages/airflow/example_dags/example_branch_day_of_week_operator.py
[2024-06-16T20:47:09.164+0000] {processor.py:830} INFO - Processing file /home/airflow/.local/lib/python3.12/site-packages/airflow/example_dags/example_branch_day_of_week_operator.py for tasks to queue
[2024-06-16T20:47:09.166+0000] {logging_mixin.py:188} INFO - [2024-06-16T20:47:09.165+0000] {dagbag.py:545} INFO - Filling up the DagBag from /home/airflow/.local/lib/python3.12/site-packages/airflow/example_dags/example_branch_day_of_week_operator.py
[2024-06-16T20:47:09.174+0000] {processor.py:840} INFO - DAG(s) 'example_weekday_branch_operator' retrieved from /home/airflow/.local/lib/python3.12/site-packages/airflow/example_dags/example_branch_day_of_week_operator.py
[2024-06-16T20:47:09.193+0000] {logging_mixin.py:188} INFO - [2024-06-16T20:47:09.193+0000] {dag.py:3096} INFO - Sync 1 DAGs
[2024-06-16T20:47:09.215+0000] {logging_mixin.py:188} INFO - [2024-06-16T20:47:09.215+0000] {dag.py:3954} INFO - Setting next_dagrun for example_weekday_branch_operator to 2024-06-15 00:00:00+00:00, run_after=2024-06-16 00:00:00+00:00
[2024-06-16T20:47:09.234+0000] {processor.py:183} INFO - Processing /home/airflow/.local/lib/python3.12/site-packages/airflow/example_dags/example_branch_day_of_week_operator.py took 0.083 seconds
[2024-06-16T20:47:39.584+0000] {processor.py:161} INFO - Started process (PID=2358) to work on /home/airflow/.local/lib/python3.12/site-packages/airflow/example_dags/example_branch_day_of_week_operator.py
[2024-06-16T20:47:39.585+0000] {processor.py:830} INFO - Processing file /home/airflow/.local/lib/python3.12/site-packages/airflow/example_dags/example_branch_day_of_week_operator.py for tasks to queue
[2024-06-16T20:47:39.587+0000] {logging_mixin.py:188} INFO - [2024-06-16T20:47:39.587+0000] {dagbag.py:545} INFO - Filling up the DagBag from /home/airflow/.local/lib/python3.12/site-packages/airflow/example_dags/example_branch_day_of_week_operator.py
[2024-06-16T20:47:39.595+0000] {processor.py:840} INFO - DAG(s) 'example_weekday_branch_operator' retrieved from /home/airflow/.local/lib/python3.12/site-packages/airflow/example_dags/example_branch_day_of_week_operator.py
[2024-06-16T20:47:39.615+0000] {logging_mixin.py:188} INFO - [2024-06-16T20:47:39.614+0000] {dag.py:3096} INFO - Sync 1 DAGs
[2024-06-16T20:47:39.636+0000] {logging_mixin.py:188} INFO - [2024-06-16T20:47:39.636+0000] {dag.py:3954} INFO - Setting next_dagrun for example_weekday_branch_operator to 2024-06-15 00:00:00+00:00, run_after=2024-06-16 00:00:00+00:00
[2024-06-16T20:47:39.657+0000] {processor.py:183} INFO - Processing /home/airflow/.local/lib/python3.12/site-packages/airflow/example_dags/example_branch_day_of_week_operator.py took 0.078 seconds
[2024-06-16T20:48:10.012+0000] {processor.py:161} INFO - Started process (PID=2416) to work on /home/airflow/.local/lib/python3.12/site-packages/airflow/example_dags/example_branch_day_of_week_operator.py
[2024-06-16T20:48:10.014+0000] {processor.py:830} INFO - Processing file /home/airflow/.local/lib/python3.12/site-packages/airflow/example_dags/example_branch_day_of_week_operator.py for tasks to queue
[2024-06-16T20:48:10.016+0000] {logging_mixin.py:188} INFO - [2024-06-16T20:48:10.016+0000] {dagbag.py:545} INFO - Filling up the DagBag from /home/airflow/.local/lib/python3.12/site-packages/airflow/example_dags/example_branch_day_of_week_operator.py
[2024-06-16T20:48:10.024+0000] {processor.py:840} INFO - DAG(s) 'example_weekday_branch_operator' retrieved from /home/airflow/.local/lib/python3.12/site-packages/airflow/example_dags/example_branch_day_of_week_operator.py
[2024-06-16T20:48:10.044+0000] {logging_mixin.py:188} INFO - [2024-06-16T20:48:10.044+0000] {dag.py:3096} INFO - Sync 1 DAGs
[2024-06-16T20:48:10.065+0000] {logging_mixin.py:188} INFO - [2024-06-16T20:48:10.065+0000] {dag.py:3954} INFO - Setting next_dagrun for example_weekday_branch_operator to 2024-06-15 00:00:00+00:00, run_after=2024-06-16 00:00:00+00:00
[2024-06-16T20:48:10.084+0000] {processor.py:183} INFO - Processing /home/airflow/.local/lib/python3.12/site-packages/airflow/example_dags/example_branch_day_of_week_operator.py took 0.077 seconds
[2024-06-16T20:48:40.595+0000] {processor.py:161} INFO - Started process (PID=2474) to work on /home/airflow/.local/lib/python3.12/site-packages/airflow/example_dags/example_branch_day_of_week_operator.py
[2024-06-16T20:48:40.596+0000] {processor.py:830} INFO - Processing file /home/airflow/.local/lib/python3.12/site-packages/airflow/example_dags/example_branch_day_of_week_operator.py for tasks to queue
[2024-06-16T20:48:40.598+0000] {logging_mixin.py:188} INFO - [2024-06-16T20:48:40.598+0000] {dagbag.py:545} INFO - Filling up the DagBag from /home/airflow/.local/lib/python3.12/site-packages/airflow/example_dags/example_branch_day_of_week_operator.py
[2024-06-16T20:48:40.607+0000] {processor.py:840} INFO - DAG(s) 'example_weekday_branch_operator' retrieved from /home/airflow/.local/lib/python3.12/site-packages/airflow/example_dags/example_branch_day_of_week_operator.py
[2024-06-16T20:48:40.626+0000] {logging_mixin.py:188} INFO - [2024-06-16T20:48:40.626+0000] {dag.py:3096} INFO - Sync 1 DAGs
[2024-06-16T20:48:40.647+0000] {logging_mixin.py:188} INFO - [2024-06-16T20:48:40.647+0000] {dag.py:3954} INFO - Setting next_dagrun for example_weekday_branch_operator to 2024-06-15 00:00:00+00:00, run_after=2024-06-16 00:00:00+00:00
[2024-06-16T20:48:40.667+0000] {processor.py:183} INFO - Processing /home/airflow/.local/lib/python3.12/site-packages/airflow/example_dags/example_branch_day_of_week_operator.py took 0.078 seconds
[2024-06-16T20:49:11.154+0000] {processor.py:161} INFO - Started process (PID=2532) to work on /home/airflow/.local/lib/python3.12/site-packages/airflow/example_dags/example_branch_day_of_week_operator.py
[2024-06-16T20:49:11.155+0000] {processor.py:830} INFO - Processing file /home/airflow/.local/lib/python3.12/site-packages/airflow/example_dags/example_branch_day_of_week_operator.py for tasks to queue
[2024-06-16T20:49:11.157+0000] {logging_mixin.py:188} INFO - [2024-06-16T20:49:11.157+0000] {dagbag.py:545} INFO - Filling up the DagBag from /home/airflow/.local/lib/python3.12/site-packages/airflow/example_dags/example_branch_day_of_week_operator.py
[2024-06-16T20:49:11.165+0000] {processor.py:840} INFO - DAG(s) 'example_weekday_branch_operator' retrieved from /home/airflow/.local/lib/python3.12/site-packages/airflow/example_dags/example_branch_day_of_week_operator.py
[2024-06-16T20:49:11.187+0000] {logging_mixin.py:188} INFO - [2024-06-16T20:49:11.187+0000] {dag.py:3096} INFO - Sync 1 DAGs
[2024-06-16T20:49:11.211+0000] {logging_mixin.py:188} INFO - [2024-06-16T20:49:11.210+0000] {dag.py:3954} INFO - Setting next_dagrun for example_weekday_branch_operator to 2024-06-15 00:00:00+00:00, run_after=2024-06-16 00:00:00+00:00
[2024-06-16T20:49:11.230+0000] {processor.py:183} INFO - Processing /home/airflow/.local/lib/python3.12/site-packages/airflow/example_dags/example_branch_day_of_week_operator.py took 0.081 seconds
[2024-06-16T20:49:41.602+0000] {processor.py:161} INFO - Started process (PID=2590) to work on /home/airflow/.local/lib/python3.12/site-packages/airflow/example_dags/example_branch_day_of_week_operator.py
[2024-06-16T20:49:41.604+0000] {processor.py:830} INFO - Processing file /home/airflow/.local/lib/python3.12/site-packages/airflow/example_dags/example_branch_day_of_week_operator.py for tasks to queue
[2024-06-16T20:49:41.606+0000] {logging_mixin.py:188} INFO - [2024-06-16T20:49:41.606+0000] {dagbag.py:545} INFO - Filling up the DagBag from /home/airflow/.local/lib/python3.12/site-packages/airflow/example_dags/example_branch_day_of_week_operator.py
[2024-06-16T20:49:41.614+0000] {processor.py:840} INFO - DAG(s) 'example_weekday_branch_operator' retrieved from /home/airflow/.local/lib/python3.12/site-packages/airflow/example_dags/example_branch_day_of_week_operator.py
[2024-06-16T20:49:41.635+0000] {logging_mixin.py:188} INFO - [2024-06-16T20:49:41.635+0000] {dag.py:3096} INFO - Sync 1 DAGs
[2024-06-16T20:49:41.656+0000] {logging_mixin.py:188} INFO - [2024-06-16T20:49:41.656+0000] {dag.py:3954} INFO - Setting next_dagrun for example_weekday_branch_operator to 2024-06-15 00:00:00+00:00, run_after=2024-06-16 00:00:00+00:00
[2024-06-16T20:49:41.675+0000] {processor.py:183} INFO - Processing /home/airflow/.local/lib/python3.12/site-packages/airflow/example_dags/example_branch_day_of_week_operator.py took 0.079 seconds
[2024-06-16T20:50:12.021+0000] {processor.py:161} INFO - Started process (PID=2648) to work on /home/airflow/.local/lib/python3.12/site-packages/airflow/example_dags/example_branch_day_of_week_operator.py
[2024-06-16T20:50:12.022+0000] {processor.py:830} INFO - Processing file /home/airflow/.local/lib/python3.12/site-packages/airflow/example_dags/example_branch_day_of_week_operator.py for tasks to queue
[2024-06-16T20:50:12.024+0000] {logging_mixin.py:188} INFO - [2024-06-16T20:50:12.024+0000] {dagbag.py:545} INFO - Filling up the DagBag from /home/airflow/.local/lib/python3.12/site-packages/airflow/example_dags/example_branch_day_of_week_operator.py
[2024-06-16T20:50:12.031+0000] {processor.py:840} INFO - DAG(s) 'example_weekday_branch_operator' retrieved from /home/airflow/.local/lib/python3.12/site-packages/airflow/example_dags/example_branch_day_of_week_operator.py
[2024-06-16T20:50:12.051+0000] {logging_mixin.py:188} INFO - [2024-06-16T20:50:12.051+0000] {dag.py:3096} INFO - Sync 1 DAGs
[2024-06-16T20:50:12.072+0000] {logging_mixin.py:188} INFO - [2024-06-16T20:50:12.072+0000] {dag.py:3954} INFO - Setting next_dagrun for example_weekday_branch_operator to 2024-06-15 00:00:00+00:00, run_after=2024-06-16 00:00:00+00:00
[2024-06-16T20:50:12.090+0000] {processor.py:183} INFO - Processing /home/airflow/.local/lib/python3.12/site-packages/airflow/example_dags/example_branch_day_of_week_operator.py took 0.074 seconds
[2024-06-16T20:50:42.414+0000] {processor.py:161} INFO - Started process (PID=2706) to work on /home/airflow/.local/lib/python3.12/site-packages/airflow/example_dags/example_branch_day_of_week_operator.py
[2024-06-16T20:50:42.422+0000] {processor.py:830} INFO - Processing file /home/airflow/.local/lib/python3.12/site-packages/airflow/example_dags/example_branch_day_of_week_operator.py for tasks to queue
[2024-06-16T20:50:42.423+0000] {logging_mixin.py:188} INFO - [2024-06-16T20:50:42.423+0000] {dagbag.py:545} INFO - Filling up the DagBag from /home/airflow/.local/lib/python3.12/site-packages/airflow/example_dags/example_branch_day_of_week_operator.py
[2024-06-16T20:50:42.430+0000] {processor.py:840} INFO - DAG(s) 'example_weekday_branch_operator' retrieved from /home/airflow/.local/lib/python3.12/site-packages/airflow/example_dags/example_branch_day_of_week_operator.py
[2024-06-16T20:50:42.450+0000] {logging_mixin.py:188} INFO - [2024-06-16T20:50:42.449+0000] {dag.py:3096} INFO - Sync 1 DAGs
[2024-06-16T20:50:42.470+0000] {logging_mixin.py:188} INFO - [2024-06-16T20:50:42.470+0000] {dag.py:3954} INFO - Setting next_dagrun for example_weekday_branch_operator to 2024-06-15 00:00:00+00:00, run_after=2024-06-16 00:00:00+00:00
[2024-06-16T20:50:42.488+0000] {processor.py:183} INFO - Processing /home/airflow/.local/lib/python3.12/site-packages/airflow/example_dags/example_branch_day_of_week_operator.py took 0.079 seconds
[2024-06-16T20:51:12.994+0000] {processor.py:161} INFO - Started process (PID=2764) to work on /home/airflow/.local/lib/python3.12/site-packages/airflow/example_dags/example_branch_day_of_week_operator.py
[2024-06-16T20:51:12.999+0000] {processor.py:830} INFO - Processing file /home/airflow/.local/lib/python3.12/site-packages/airflow/example_dags/example_branch_day_of_week_operator.py for tasks to queue
[2024-06-16T20:51:13.001+0000] {logging_mixin.py:188} INFO - [2024-06-16T20:51:13.001+0000] {dagbag.py:545} INFO - Filling up the DagBag from /home/airflow/.local/lib/python3.12/site-packages/airflow/example_dags/example_branch_day_of_week_operator.py
[2024-06-16T20:51:13.009+0000] {processor.py:840} INFO - DAG(s) 'example_weekday_branch_operator' retrieved from /home/airflow/.local/lib/python3.12/site-packages/airflow/example_dags/example_branch_day_of_week_operator.py
[2024-06-16T20:51:13.031+0000] {logging_mixin.py:188} INFO - [2024-06-16T20:51:13.031+0000] {dag.py:3096} INFO - Sync 1 DAGs
[2024-06-16T20:51:13.052+0000] {logging_mixin.py:188} INFO - [2024-06-16T20:51:13.052+0000] {dag.py:3954} INFO - Setting next_dagrun for example_weekday_branch_operator to 2024-06-15 00:00:00+00:00, run_after=2024-06-16 00:00:00+00:00
[2024-06-16T20:51:13.071+0000] {processor.py:183} INFO - Processing /home/airflow/.local/lib/python3.12/site-packages/airflow/example_dags/example_branch_day_of_week_operator.py took 0.083 seconds
[2024-06-16T20:51:43.432+0000] {processor.py:161} INFO - Started process (PID=2822) to work on /home/airflow/.local/lib/python3.12/site-packages/airflow/example_dags/example_branch_day_of_week_operator.py
[2024-06-16T20:51:43.433+0000] {processor.py:830} INFO - Processing file /home/airflow/.local/lib/python3.12/site-packages/airflow/example_dags/example_branch_day_of_week_operator.py for tasks to queue
[2024-06-16T20:51:43.435+0000] {logging_mixin.py:188} INFO - [2024-06-16T20:51:43.435+0000] {dagbag.py:545} INFO - Filling up the DagBag from /home/airflow/.local/lib/python3.12/site-packages/airflow/example_dags/example_branch_day_of_week_operator.py
[2024-06-16T20:51:43.444+0000] {processor.py:840} INFO - DAG(s) 'example_weekday_branch_operator' retrieved from /home/airflow/.local/lib/python3.12/site-packages/airflow/example_dags/example_branch_day_of_week_operator.py
[2024-06-16T20:51:43.464+0000] {logging_mixin.py:188} INFO - [2024-06-16T20:51:43.464+0000] {dag.py:3096} INFO - Sync 1 DAGs
[2024-06-16T20:51:43.489+0000] {logging_mixin.py:188} INFO - [2024-06-16T20:51:43.488+0000] {dag.py:3954} INFO - Setting next_dagrun for example_weekday_branch_operator to 2024-06-15 00:00:00+00:00, run_after=2024-06-16 00:00:00+00:00
[2024-06-16T20:51:43.507+0000] {processor.py:183} INFO - Processing /home/airflow/.local/lib/python3.12/site-packages/airflow/example_dags/example_branch_day_of_week_operator.py took 0.081 seconds
[2024-06-16T20:52:13.856+0000] {processor.py:161} INFO - Started process (PID=2880) to work on /home/airflow/.local/lib/python3.12/site-packages/airflow/example_dags/example_branch_day_of_week_operator.py
[2024-06-16T20:52:13.863+0000] {processor.py:830} INFO - Processing file /home/airflow/.local/lib/python3.12/site-packages/airflow/example_dags/example_branch_day_of_week_operator.py for tasks to queue
[2024-06-16T20:52:13.865+0000] {logging_mixin.py:188} INFO - [2024-06-16T20:52:13.865+0000] {dagbag.py:545} INFO - Filling up the DagBag from /home/airflow/.local/lib/python3.12/site-packages/airflow/example_dags/example_branch_day_of_week_operator.py
[2024-06-16T20:52:13.873+0000] {processor.py:840} INFO - DAG(s) 'example_weekday_branch_operator' retrieved from /home/airflow/.local/lib/python3.12/site-packages/airflow/example_dags/example_branch_day_of_week_operator.py
[2024-06-16T20:52:13.894+0000] {logging_mixin.py:188} INFO - [2024-06-16T20:52:13.894+0000] {dag.py:3096} INFO - Sync 1 DAGs
[2024-06-16T20:52:13.915+0000] {logging_mixin.py:188} INFO - [2024-06-16T20:52:13.914+0000] {dag.py:3954} INFO - Setting next_dagrun for example_weekday_branch_operator to 2024-06-15 00:00:00+00:00, run_after=2024-06-16 00:00:00+00:00
[2024-06-16T20:52:13.933+0000] {processor.py:183} INFO - Processing /home/airflow/.local/lib/python3.12/site-packages/airflow/example_dags/example_branch_day_of_week_operator.py took 0.083 seconds
[2024-06-16T20:52:44.422+0000] {processor.py:161} INFO - Started process (PID=2938) to work on /home/airflow/.local/lib/python3.12/site-packages/airflow/example_dags/example_branch_day_of_week_operator.py
[2024-06-16T20:52:44.426+0000] {processor.py:830} INFO - Processing file /home/airflow/.local/lib/python3.12/site-packages/airflow/example_dags/example_branch_day_of_week_operator.py for tasks to queue
[2024-06-16T20:52:44.429+0000] {logging_mixin.py:188} INFO - [2024-06-16T20:52:44.429+0000] {dagbag.py:545} INFO - Filling up the DagBag from /home/airflow/.local/lib/python3.12/site-packages/airflow/example_dags/example_branch_day_of_week_operator.py
[2024-06-16T20:52:44.441+0000] {processor.py:840} INFO - DAG(s) 'example_weekday_branch_operator' retrieved from /home/airflow/.local/lib/python3.12/site-packages/airflow/example_dags/example_branch_day_of_week_operator.py
[2024-06-16T20:52:44.463+0000] {logging_mixin.py:188} INFO - [2024-06-16T20:52:44.463+0000] {dag.py:3096} INFO - Sync 1 DAGs
[2024-06-16T20:52:44.484+0000] {logging_mixin.py:188} INFO - [2024-06-16T20:52:44.484+0000] {dag.py:3954} INFO - Setting next_dagrun for example_weekday_branch_operator to 2024-06-15 00:00:00+00:00, run_after=2024-06-16 00:00:00+00:00
[2024-06-16T20:52:44.502+0000] {processor.py:183} INFO - Processing /home/airflow/.local/lib/python3.12/site-packages/airflow/example_dags/example_branch_day_of_week_operator.py took 0.093 seconds
[2024-06-16T20:53:14.898+0000] {processor.py:161} INFO - Started process (PID=2996) to work on /home/airflow/.local/lib/python3.12/site-packages/airflow/example_dags/example_branch_day_of_week_operator.py
[2024-06-16T20:53:14.899+0000] {processor.py:830} INFO - Processing file /home/airflow/.local/lib/python3.12/site-packages/airflow/example_dags/example_branch_day_of_week_operator.py for tasks to queue
[2024-06-16T20:53:14.901+0000] {logging_mixin.py:188} INFO - [2024-06-16T20:53:14.901+0000] {dagbag.py:545} INFO - Filling up the DagBag from /home/airflow/.local/lib/python3.12/site-packages/airflow/example_dags/example_branch_day_of_week_operator.py
[2024-06-16T20:53:14.909+0000] {processor.py:840} INFO - DAG(s) 'example_weekday_branch_operator' retrieved from /home/airflow/.local/lib/python3.12/site-packages/airflow/example_dags/example_branch_day_of_week_operator.py
[2024-06-16T20:53:14.929+0000] {logging_mixin.py:188} INFO - [2024-06-16T20:53:14.929+0000] {dag.py:3096} INFO - Sync 1 DAGs
[2024-06-16T20:53:14.950+0000] {logging_mixin.py:188} INFO - [2024-06-16T20:53:14.950+0000] {dag.py:3954} INFO - Setting next_dagrun for example_weekday_branch_operator to 2024-06-15 00:00:00+00:00, run_after=2024-06-16 00:00:00+00:00
[2024-06-16T20:53:14.971+0000] {processor.py:183} INFO - Processing /home/airflow/.local/lib/python3.12/site-packages/airflow/example_dags/example_branch_day_of_week_operator.py took 0.081 seconds
[2024-06-16T20:53:45.317+0000] {processor.py:161} INFO - Started process (PID=3054) to work on /home/airflow/.local/lib/python3.12/site-packages/airflow/example_dags/example_branch_day_of_week_operator.py
[2024-06-16T20:53:45.319+0000] {processor.py:830} INFO - Processing file /home/airflow/.local/lib/python3.12/site-packages/airflow/example_dags/example_branch_day_of_week_operator.py for tasks to queue
[2024-06-16T20:53:45.321+0000] {logging_mixin.py:188} INFO - [2024-06-16T20:53:45.321+0000] {dagbag.py:545} INFO - Filling up the DagBag from /home/airflow/.local/lib/python3.12/site-packages/airflow/example_dags/example_branch_day_of_week_operator.py
[2024-06-16T20:53:45.330+0000] {processor.py:840} INFO - DAG(s) 'example_weekday_branch_operator' retrieved from /home/airflow/.local/lib/python3.12/site-packages/airflow/example_dags/example_branch_day_of_week_operator.py
[2024-06-16T20:53:45.351+0000] {logging_mixin.py:188} INFO - [2024-06-16T20:53:45.351+0000] {dag.py:3096} INFO - Sync 1 DAGs
[2024-06-16T20:53:45.372+0000] {logging_mixin.py:188} INFO - [2024-06-16T20:53:45.372+0000] {dag.py:3954} INFO - Setting next_dagrun for example_weekday_branch_operator to 2024-06-15 00:00:00+00:00, run_after=2024-06-16 00:00:00+00:00
[2024-06-16T20:53:45.394+0000] {processor.py:183} INFO - Processing /home/airflow/.local/lib/python3.12/site-packages/airflow/example_dags/example_branch_day_of_week_operator.py took 0.083 seconds
[2024-06-16T20:54:15.838+0000] {processor.py:161} INFO - Started process (PID=3112) to work on /home/airflow/.local/lib/python3.12/site-packages/airflow/example_dags/example_branch_day_of_week_operator.py
[2024-06-16T20:54:15.839+0000] {processor.py:830} INFO - Processing file /home/airflow/.local/lib/python3.12/site-packages/airflow/example_dags/example_branch_day_of_week_operator.py for tasks to queue
[2024-06-16T20:54:15.841+0000] {logging_mixin.py:188} INFO - [2024-06-16T20:54:15.841+0000] {dagbag.py:545} INFO - Filling up the DagBag from /home/airflow/.local/lib/python3.12/site-packages/airflow/example_dags/example_branch_day_of_week_operator.py
[2024-06-16T20:54:15.850+0000] {processor.py:840} INFO - DAG(s) 'example_weekday_branch_operator' retrieved from /home/airflow/.local/lib/python3.12/site-packages/airflow/example_dags/example_branch_day_of_week_operator.py
[2024-06-16T20:54:15.870+0000] {logging_mixin.py:188} INFO - [2024-06-16T20:54:15.869+0000] {dag.py:3096} INFO - Sync 1 DAGs
[2024-06-16T20:54:15.892+0000] {logging_mixin.py:188} INFO - [2024-06-16T20:54:15.892+0000] {dag.py:3954} INFO - Setting next_dagrun for example_weekday_branch_operator to 2024-06-15 00:00:00+00:00, run_after=2024-06-16 00:00:00+00:00
[2024-06-16T20:54:15.910+0000] {processor.py:183} INFO - Processing /home/airflow/.local/lib/python3.12/site-packages/airflow/example_dags/example_branch_day_of_week_operator.py took 0.078 seconds
[2024-06-16T20:54:46.251+0000] {processor.py:161} INFO - Started process (PID=3170) to work on /home/airflow/.local/lib/python3.12/site-packages/airflow/example_dags/example_branch_day_of_week_operator.py
[2024-06-16T20:54:46.253+0000] {processor.py:830} INFO - Processing file /home/airflow/.local/lib/python3.12/site-packages/airflow/example_dags/example_branch_day_of_week_operator.py for tasks to queue
[2024-06-16T20:54:46.254+0000] {logging_mixin.py:188} INFO - [2024-06-16T20:54:46.254+0000] {dagbag.py:545} INFO - Filling up the DagBag from /home/airflow/.local/lib/python3.12/site-packages/airflow/example_dags/example_branch_day_of_week_operator.py
[2024-06-16T20:54:46.263+0000] {processor.py:840} INFO - DAG(s) 'example_weekday_branch_operator' retrieved from /home/airflow/.local/lib/python3.12/site-packages/airflow/example_dags/example_branch_day_of_week_operator.py
[2024-06-16T20:54:46.284+0000] {logging_mixin.py:188} INFO - [2024-06-16T20:54:46.283+0000] {dag.py:3096} INFO - Sync 1 DAGs
[2024-06-16T20:54:46.306+0000] {logging_mixin.py:188} INFO - [2024-06-16T20:54:46.306+0000] {dag.py:3954} INFO - Setting next_dagrun for example_weekday_branch_operator to 2024-06-15 00:00:00+00:00, run_after=2024-06-16 00:00:00+00:00
[2024-06-16T20:54:46.324+0000] {processor.py:183} INFO - Processing /home/airflow/.local/lib/python3.12/site-packages/airflow/example_dags/example_branch_day_of_week_operator.py took 0.078 seconds
[2024-06-16T20:55:16.683+0000] {processor.py:161} INFO - Started process (PID=3228) to work on /home/airflow/.local/lib/python3.12/site-packages/airflow/example_dags/example_branch_day_of_week_operator.py
[2024-06-16T20:55:16.685+0000] {processor.py:830} INFO - Processing file /home/airflow/.local/lib/python3.12/site-packages/airflow/example_dags/example_branch_day_of_week_operator.py for tasks to queue
[2024-06-16T20:55:16.686+0000] {logging_mixin.py:188} INFO - [2024-06-16T20:55:16.686+0000] {dagbag.py:545} INFO - Filling up the DagBag from /home/airflow/.local/lib/python3.12/site-packages/airflow/example_dags/example_branch_day_of_week_operator.py
[2024-06-16T20:55:16.694+0000] {processor.py:840} INFO - DAG(s) 'example_weekday_branch_operator' retrieved from /home/airflow/.local/lib/python3.12/site-packages/airflow/example_dags/example_branch_day_of_week_operator.py
[2024-06-16T20:55:16.713+0000] {logging_mixin.py:188} INFO - [2024-06-16T20:55:16.713+0000] {dag.py:3096} INFO - Sync 1 DAGs
[2024-06-16T20:55:16.734+0000] {logging_mixin.py:188} INFO - [2024-06-16T20:55:16.734+0000] {dag.py:3954} INFO - Setting next_dagrun for example_weekday_branch_operator to 2024-06-15 00:00:00+00:00, run_after=2024-06-16 00:00:00+00:00
[2024-06-16T20:55:16.752+0000] {processor.py:183} INFO - Processing /home/airflow/.local/lib/python3.12/site-packages/airflow/example_dags/example_branch_day_of_week_operator.py took 0.074 seconds
[2024-06-16T20:55:46.914+0000] {processor.py:161} INFO - Started process (PID=3286) to work on /home/airflow/.local/lib/python3.12/site-packages/airflow/example_dags/example_branch_day_of_week_operator.py
[2024-06-16T20:55:46.915+0000] {processor.py:830} INFO - Processing file /home/airflow/.local/lib/python3.12/site-packages/airflow/example_dags/example_branch_day_of_week_operator.py for tasks to queue
[2024-06-16T20:55:46.917+0000] {logging_mixin.py:188} INFO - [2024-06-16T20:55:46.917+0000] {dagbag.py:545} INFO - Filling up the DagBag from /home/airflow/.local/lib/python3.12/site-packages/airflow/example_dags/example_branch_day_of_week_operator.py
[2024-06-16T20:55:46.928+0000] {processor.py:840} INFO - DAG(s) 'example_weekday_branch_operator' retrieved from /home/airflow/.local/lib/python3.12/site-packages/airflow/example_dags/example_branch_day_of_week_operator.py
[2024-06-16T20:55:46.952+0000] {logging_mixin.py:188} INFO - [2024-06-16T20:55:46.952+0000] {dag.py:3096} INFO - Sync 1 DAGs
[2024-06-16T20:55:46.979+0000] {logging_mixin.py:188} INFO - [2024-06-16T20:55:46.979+0000] {dag.py:3954} INFO - Setting next_dagrun for example_weekday_branch_operator to 2024-06-15 00:00:00+00:00, run_after=2024-06-16 00:00:00+00:00
[2024-06-16T20:55:47.010+0000] {processor.py:183} INFO - Processing /home/airflow/.local/lib/python3.12/site-packages/airflow/example_dags/example_branch_day_of_week_operator.py took 0.102 seconds
[2024-06-16T20:56:17.512+0000] {processor.py:161} INFO - Started process (PID=3344) to work on /home/airflow/.local/lib/python3.12/site-packages/airflow/example_dags/example_branch_day_of_week_operator.py
[2024-06-16T20:56:17.513+0000] {processor.py:830} INFO - Processing file /home/airflow/.local/lib/python3.12/site-packages/airflow/example_dags/example_branch_day_of_week_operator.py for tasks to queue
[2024-06-16T20:56:17.515+0000] {logging_mixin.py:188} INFO - [2024-06-16T20:56:17.515+0000] {dagbag.py:545} INFO - Filling up the DagBag from /home/airflow/.local/lib/python3.12/site-packages/airflow/example_dags/example_branch_day_of_week_operator.py
[2024-06-16T20:56:17.524+0000] {processor.py:840} INFO - DAG(s) 'example_weekday_branch_operator' retrieved from /home/airflow/.local/lib/python3.12/site-packages/airflow/example_dags/example_branch_day_of_week_operator.py
[2024-06-16T20:56:17.544+0000] {logging_mixin.py:188} INFO - [2024-06-16T20:56:17.544+0000] {dag.py:3096} INFO - Sync 1 DAGs
[2024-06-16T20:56:17.570+0000] {logging_mixin.py:188} INFO - [2024-06-16T20:56:17.570+0000] {dag.py:3954} INFO - Setting next_dagrun for example_weekday_branch_operator to 2024-06-15 00:00:00+00:00, run_after=2024-06-16 00:00:00+00:00
[2024-06-16T20:56:17.591+0000] {processor.py:183} INFO - Processing /home/airflow/.local/lib/python3.12/site-packages/airflow/example_dags/example_branch_day_of_week_operator.py took 0.085 seconds
[2024-06-16T20:56:47.719+0000] {processor.py:161} INFO - Started process (PID=3402) to work on /home/airflow/.local/lib/python3.12/site-packages/airflow/example_dags/example_branch_day_of_week_operator.py
[2024-06-16T20:56:47.721+0000] {processor.py:830} INFO - Processing file /home/airflow/.local/lib/python3.12/site-packages/airflow/example_dags/example_branch_day_of_week_operator.py for tasks to queue
[2024-06-16T20:56:47.722+0000] {logging_mixin.py:188} INFO - [2024-06-16T20:56:47.722+0000] {dagbag.py:545} INFO - Filling up the DagBag from /home/airflow/.local/lib/python3.12/site-packages/airflow/example_dags/example_branch_day_of_week_operator.py
[2024-06-16T20:56:47.731+0000] {processor.py:840} INFO - DAG(s) 'example_weekday_branch_operator' retrieved from /home/airflow/.local/lib/python3.12/site-packages/airflow/example_dags/example_branch_day_of_week_operator.py
[2024-06-16T20:56:47.751+0000] {logging_mixin.py:188} INFO - [2024-06-16T20:56:47.751+0000] {dag.py:3096} INFO - Sync 1 DAGs
[2024-06-16T20:56:47.776+0000] {logging_mixin.py:188} INFO - [2024-06-16T20:56:47.776+0000] {dag.py:3954} INFO - Setting next_dagrun for example_weekday_branch_operator to 2024-06-15 00:00:00+00:00, run_after=2024-06-16 00:00:00+00:00
[2024-06-16T20:56:47.798+0000] {processor.py:183} INFO - Processing /home/airflow/.local/lib/python3.12/site-packages/airflow/example_dags/example_branch_day_of_week_operator.py took 0.086 seconds
[2024-06-16T20:57:18.000+0000] {processor.py:161} INFO - Started process (PID=3460) to work on /home/airflow/.local/lib/python3.12/site-packages/airflow/example_dags/example_branch_day_of_week_operator.py
[2024-06-16T20:57:18.002+0000] {processor.py:830} INFO - Processing file /home/airflow/.local/lib/python3.12/site-packages/airflow/example_dags/example_branch_day_of_week_operator.py for tasks to queue
[2024-06-16T20:57:18.004+0000] {logging_mixin.py:188} INFO - [2024-06-16T20:57:18.004+0000] {dagbag.py:545} INFO - Filling up the DagBag from /home/airflow/.local/lib/python3.12/site-packages/airflow/example_dags/example_branch_day_of_week_operator.py
[2024-06-16T20:57:18.013+0000] {processor.py:840} INFO - DAG(s) 'example_weekday_branch_operator' retrieved from /home/airflow/.local/lib/python3.12/site-packages/airflow/example_dags/example_branch_day_of_week_operator.py
[2024-06-16T20:57:18.037+0000] {logging_mixin.py:188} INFO - [2024-06-16T20:57:18.037+0000] {dag.py:3096} INFO - Sync 1 DAGs
[2024-06-16T20:57:18.062+0000] {logging_mixin.py:188} INFO - [2024-06-16T20:57:18.062+0000] {dag.py:3954} INFO - Setting next_dagrun for example_weekday_branch_operator to 2024-06-15 00:00:00+00:00, run_after=2024-06-16 00:00:00+00:00
[2024-06-16T20:57:18.083+0000] {processor.py:183} INFO - Processing /home/airflow/.local/lib/python3.12/site-packages/airflow/example_dags/example_branch_day_of_week_operator.py took 0.088 seconds
[2024-06-16T20:57:48.167+0000] {processor.py:161} INFO - Started process (PID=3518) to work on /home/airflow/.local/lib/python3.12/site-packages/airflow/example_dags/example_branch_day_of_week_operator.py
[2024-06-16T20:57:48.168+0000] {processor.py:830} INFO - Processing file /home/airflow/.local/lib/python3.12/site-packages/airflow/example_dags/example_branch_day_of_week_operator.py for tasks to queue
[2024-06-16T20:57:48.170+0000] {logging_mixin.py:188} INFO - [2024-06-16T20:57:48.170+0000] {dagbag.py:545} INFO - Filling up the DagBag from /home/airflow/.local/lib/python3.12/site-packages/airflow/example_dags/example_branch_day_of_week_operator.py
[2024-06-16T20:57:48.177+0000] {processor.py:840} INFO - DAG(s) 'example_weekday_branch_operator' retrieved from /home/airflow/.local/lib/python3.12/site-packages/airflow/example_dags/example_branch_day_of_week_operator.py
[2024-06-16T20:57:48.197+0000] {logging_mixin.py:188} INFO - [2024-06-16T20:57:48.197+0000] {dag.py:3096} INFO - Sync 1 DAGs
[2024-06-16T20:57:48.221+0000] {logging_mixin.py:188} INFO - [2024-06-16T20:57:48.221+0000] {dag.py:3954} INFO - Setting next_dagrun for example_weekday_branch_operator to 2024-06-15 00:00:00+00:00, run_after=2024-06-16 00:00:00+00:00
[2024-06-16T20:57:48.241+0000] {processor.py:183} INFO - Processing /home/airflow/.local/lib/python3.12/site-packages/airflow/example_dags/example_branch_day_of_week_operator.py took 0.080 seconds
[2024-06-16T20:58:18.398+0000] {processor.py:161} INFO - Started process (PID=3576) to work on /home/airflow/.local/lib/python3.12/site-packages/airflow/example_dags/example_branch_day_of_week_operator.py
[2024-06-16T20:58:18.402+0000] {processor.py:830} INFO - Processing file /home/airflow/.local/lib/python3.12/site-packages/airflow/example_dags/example_branch_day_of_week_operator.py for tasks to queue
[2024-06-16T20:58:18.404+0000] {logging_mixin.py:188} INFO - [2024-06-16T20:58:18.404+0000] {dagbag.py:545} INFO - Filling up the DagBag from /home/airflow/.local/lib/python3.12/site-packages/airflow/example_dags/example_branch_day_of_week_operator.py
[2024-06-16T20:58:18.412+0000] {processor.py:840} INFO - DAG(s) 'example_weekday_branch_operator' retrieved from /home/airflow/.local/lib/python3.12/site-packages/airflow/example_dags/example_branch_day_of_week_operator.py
[2024-06-16T20:58:18.433+0000] {logging_mixin.py:188} INFO - [2024-06-16T20:58:18.433+0000] {dag.py:3096} INFO - Sync 1 DAGs
[2024-06-16T20:58:18.454+0000] {logging_mixin.py:188} INFO - [2024-06-16T20:58:18.454+0000] {dag.py:3954} INFO - Setting next_dagrun for example_weekday_branch_operator to 2024-06-15 00:00:00+00:00, run_after=2024-06-16 00:00:00+00:00
[2024-06-16T20:58:18.474+0000] {processor.py:183} INFO - Processing /home/airflow/.local/lib/python3.12/site-packages/airflow/example_dags/example_branch_day_of_week_operator.py took 0.082 seconds
[2024-06-16T20:58:48.640+0000] {processor.py:161} INFO - Started process (PID=3634) to work on /home/airflow/.local/lib/python3.12/site-packages/airflow/example_dags/example_branch_day_of_week_operator.py
[2024-06-16T20:58:48.641+0000] {processor.py:830} INFO - Processing file /home/airflow/.local/lib/python3.12/site-packages/airflow/example_dags/example_branch_day_of_week_operator.py for tasks to queue
[2024-06-16T20:58:48.643+0000] {logging_mixin.py:188} INFO - [2024-06-16T20:58:48.643+0000] {dagbag.py:545} INFO - Filling up the DagBag from /home/airflow/.local/lib/python3.12/site-packages/airflow/example_dags/example_branch_day_of_week_operator.py
[2024-06-16T20:58:48.651+0000] {processor.py:840} INFO - DAG(s) 'example_weekday_branch_operator' retrieved from /home/airflow/.local/lib/python3.12/site-packages/airflow/example_dags/example_branch_day_of_week_operator.py
[2024-06-16T20:58:48.671+0000] {logging_mixin.py:188} INFO - [2024-06-16T20:58:48.671+0000] {dag.py:3096} INFO - Sync 1 DAGs
[2024-06-16T20:58:48.694+0000] {logging_mixin.py:188} INFO - [2024-06-16T20:58:48.693+0000] {dag.py:3954} INFO - Setting next_dagrun for example_weekday_branch_operator to 2024-06-15 00:00:00+00:00, run_after=2024-06-16 00:00:00+00:00
[2024-06-16T20:58:48.714+0000] {processor.py:183} INFO - Processing /home/airflow/.local/lib/python3.12/site-packages/airflow/example_dags/example_branch_day_of_week_operator.py took 0.079 seconds
[2024-06-16T20:59:19.462+0000] {processor.py:161} INFO - Started process (PID=3690) to work on /home/airflow/.local/lib/python3.12/site-packages/airflow/example_dags/example_branch_day_of_week_operator.py
[2024-06-16T20:59:19.464+0000] {processor.py:830} INFO - Processing file /home/airflow/.local/lib/python3.12/site-packages/airflow/example_dags/example_branch_day_of_week_operator.py for tasks to queue
[2024-06-16T20:59:19.466+0000] {logging_mixin.py:188} INFO - [2024-06-16T20:59:19.465+0000] {dagbag.py:545} INFO - Filling up the DagBag from /home/airflow/.local/lib/python3.12/site-packages/airflow/example_dags/example_branch_day_of_week_operator.py
[2024-06-16T20:59:19.474+0000] {processor.py:840} INFO - DAG(s) 'example_weekday_branch_operator' retrieved from /home/airflow/.local/lib/python3.12/site-packages/airflow/example_dags/example_branch_day_of_week_operator.py
[2024-06-16T20:59:19.495+0000] {logging_mixin.py:188} INFO - [2024-06-16T20:59:19.494+0000] {dag.py:3096} INFO - Sync 1 DAGs
[2024-06-16T20:59:19.517+0000] {logging_mixin.py:188} INFO - [2024-06-16T20:59:19.516+0000] {dag.py:3954} INFO - Setting next_dagrun for example_weekday_branch_operator to 2024-06-15 00:00:00+00:00, run_after=2024-06-16 00:00:00+00:00
[2024-06-16T20:59:19.536+0000] {processor.py:183} INFO - Processing /home/airflow/.local/lib/python3.12/site-packages/airflow/example_dags/example_branch_day_of_week_operator.py took 0.080 seconds
[2024-06-16T20:59:49.957+0000] {processor.py:161} INFO - Started process (PID=3748) to work on /home/airflow/.local/lib/python3.12/site-packages/airflow/example_dags/example_branch_day_of_week_operator.py
[2024-06-16T20:59:49.958+0000] {processor.py:830} INFO - Processing file /home/airflow/.local/lib/python3.12/site-packages/airflow/example_dags/example_branch_day_of_week_operator.py for tasks to queue
[2024-06-16T20:59:49.960+0000] {logging_mixin.py:188} INFO - [2024-06-16T20:59:49.960+0000] {dagbag.py:545} INFO - Filling up the DagBag from /home/airflow/.local/lib/python3.12/site-packages/airflow/example_dags/example_branch_day_of_week_operator.py
[2024-06-16T20:59:49.969+0000] {processor.py:840} INFO - DAG(s) 'example_weekday_branch_operator' retrieved from /home/airflow/.local/lib/python3.12/site-packages/airflow/example_dags/example_branch_day_of_week_operator.py
[2024-06-16T20:59:49.992+0000] {logging_mixin.py:188} INFO - [2024-06-16T20:59:49.992+0000] {dag.py:3096} INFO - Sync 1 DAGs
[2024-06-16T20:59:50.015+0000] {logging_mixin.py:188} INFO - [2024-06-16T20:59:50.015+0000] {dag.py:3954} INFO - Setting next_dagrun for example_weekday_branch_operator to 2024-06-15 00:00:00+00:00, run_after=2024-06-16 00:00:00+00:00
[2024-06-16T20:59:50.035+0000] {processor.py:183} INFO - Processing /home/airflow/.local/lib/python3.12/site-packages/airflow/example_dags/example_branch_day_of_week_operator.py took 0.085 seconds
