[2024-06-16T20:27:27.690+0000] {processor.py:161} INFO - Started process (PID=56) to work on /home/airflow/.local/lib/python3.12/site-packages/airflow/example_dags/example_setup_teardown.py
[2024-06-16T20:27:27.691+0000] {processor.py:830} INFO - Processing file /home/airflow/.local/lib/python3.12/site-packages/airflow/example_dags/example_setup_teardown.py for tasks to queue
[2024-06-16T20:27:27.693+0000] {logging_mixin.py:188} INFO - [2024-06-16T20:27:27.692+0000] {dagbag.py:545} INFO - Filling up the DagBag from /home/airflow/.local/lib/python3.12/site-packages/airflow/example_dags/example_setup_teardown.py
[2024-06-16T20:27:27.700+0000] {processor.py:840} INFO - DAG(s) 'example_setup_teardown' retrieved from /home/airflow/.local/lib/python3.12/site-packages/airflow/example_dags/example_setup_teardown.py
[2024-06-16T20:27:27.809+0000] {logging_mixin.py:188} INFO - [2024-06-16T20:27:27.808+0000] {dag.py:3096} INFO - Sync 1 DAGs
[2024-06-16T20:27:27.838+0000] {logging_mixin.py:188} INFO - [2024-06-16T20:27:27.837+0000] {dag.py:3954} INFO - Setting next_dagrun for example_setup_teardown to 2024-06-15 00:00:00+00:00, run_after=2024-06-16 00:00:00+00:00
[2024-06-16T20:27:27.863+0000] {processor.py:183} INFO - Processing /home/airflow/.local/lib/python3.12/site-packages/airflow/example_dags/example_setup_teardown.py took 0.178 seconds
[2024-06-16T20:27:58.322+0000] {processor.py:161} INFO - Started process (PID=115) to work on /home/airflow/.local/lib/python3.12/site-packages/airflow/example_dags/example_setup_teardown.py
[2024-06-16T20:27:58.324+0000] {processor.py:830} INFO - Processing file /home/airflow/.local/lib/python3.12/site-packages/airflow/example_dags/example_setup_teardown.py for tasks to queue
[2024-06-16T20:27:58.325+0000] {logging_mixin.py:188} INFO - [2024-06-16T20:27:58.325+0000] {dagbag.py:545} INFO - Filling up the DagBag from /home/airflow/.local/lib/python3.12/site-packages/airflow/example_dags/example_setup_teardown.py
[2024-06-16T20:27:58.332+0000] {processor.py:840} INFO - DAG(s) 'example_setup_teardown' retrieved from /home/airflow/.local/lib/python3.12/site-packages/airflow/example_dags/example_setup_teardown.py
[2024-06-16T20:27:58.352+0000] {logging_mixin.py:188} INFO - [2024-06-16T20:27:58.352+0000] {dag.py:3096} INFO - Sync 1 DAGs
[2024-06-16T20:27:58.374+0000] {logging_mixin.py:188} INFO - [2024-06-16T20:27:58.373+0000] {dag.py:3954} INFO - Setting next_dagrun for example_setup_teardown to 2024-06-15 00:00:00+00:00, run_after=2024-06-16 00:00:00+00:00
[2024-06-16T20:27:58.394+0000] {processor.py:183} INFO - Processing /home/airflow/.local/lib/python3.12/site-packages/airflow/example_dags/example_setup_teardown.py took 0.077 seconds
[2024-06-16T20:28:29.033+0000] {processor.py:161} INFO - Started process (PID=173) to work on /home/airflow/.local/lib/python3.12/site-packages/airflow/example_dags/example_setup_teardown.py
[2024-06-16T20:28:29.033+0000] {processor.py:830} INFO - Processing file /home/airflow/.local/lib/python3.12/site-packages/airflow/example_dags/example_setup_teardown.py for tasks to queue
[2024-06-16T20:28:29.035+0000] {logging_mixin.py:188} INFO - [2024-06-16T20:28:29.035+0000] {dagbag.py:545} INFO - Filling up the DagBag from /home/airflow/.local/lib/python3.12/site-packages/airflow/example_dags/example_setup_teardown.py
[2024-06-16T20:28:29.041+0000] {processor.py:840} INFO - DAG(s) 'example_setup_teardown' retrieved from /home/airflow/.local/lib/python3.12/site-packages/airflow/example_dags/example_setup_teardown.py
[2024-06-16T20:28:29.061+0000] {logging_mixin.py:188} INFO - [2024-06-16T20:28:29.061+0000] {dag.py:3096} INFO - Sync 1 DAGs
[2024-06-16T20:28:29.082+0000] {logging_mixin.py:188} INFO - [2024-06-16T20:28:29.082+0000] {dag.py:3954} INFO - Setting next_dagrun for example_setup_teardown to 2024-06-15 00:00:00+00:00, run_after=2024-06-16 00:00:00+00:00
[2024-06-16T20:28:29.101+0000] {processor.py:183} INFO - Processing /home/airflow/.local/lib/python3.12/site-packages/airflow/example_dags/example_setup_teardown.py took 0.074 seconds
[2024-06-16T20:28:59.493+0000] {processor.py:161} INFO - Started process (PID=231) to work on /home/airflow/.local/lib/python3.12/site-packages/airflow/example_dags/example_setup_teardown.py
[2024-06-16T20:28:59.494+0000] {processor.py:830} INFO - Processing file /home/airflow/.local/lib/python3.12/site-packages/airflow/example_dags/example_setup_teardown.py for tasks to queue
[2024-06-16T20:28:59.496+0000] {logging_mixin.py:188} INFO - [2024-06-16T20:28:59.495+0000] {dagbag.py:545} INFO - Filling up the DagBag from /home/airflow/.local/lib/python3.12/site-packages/airflow/example_dags/example_setup_teardown.py
[2024-06-16T20:28:59.502+0000] {processor.py:840} INFO - DAG(s) 'example_setup_teardown' retrieved from /home/airflow/.local/lib/python3.12/site-packages/airflow/example_dags/example_setup_teardown.py
[2024-06-16T20:28:59.523+0000] {logging_mixin.py:188} INFO - [2024-06-16T20:28:59.522+0000] {dag.py:3096} INFO - Sync 1 DAGs
[2024-06-16T20:28:59.543+0000] {logging_mixin.py:188} INFO - [2024-06-16T20:28:59.543+0000] {dag.py:3954} INFO - Setting next_dagrun for example_setup_teardown to 2024-06-15 00:00:00+00:00, run_after=2024-06-16 00:00:00+00:00
[2024-06-16T20:28:59.563+0000] {processor.py:183} INFO - Processing /home/airflow/.local/lib/python3.12/site-packages/airflow/example_dags/example_setup_teardown.py took 0.076 seconds
[2024-06-16T20:29:30.124+0000] {processor.py:161} INFO - Started process (PID=289) to work on /home/airflow/.local/lib/python3.12/site-packages/airflow/example_dags/example_setup_teardown.py
[2024-06-16T20:29:30.125+0000] {processor.py:830} INFO - Processing file /home/airflow/.local/lib/python3.12/site-packages/airflow/example_dags/example_setup_teardown.py for tasks to queue
[2024-06-16T20:29:30.127+0000] {logging_mixin.py:188} INFO - [2024-06-16T20:29:30.127+0000] {dagbag.py:545} INFO - Filling up the DagBag from /home/airflow/.local/lib/python3.12/site-packages/airflow/example_dags/example_setup_teardown.py
[2024-06-16T20:29:30.135+0000] {processor.py:840} INFO - DAG(s) 'example_setup_teardown' retrieved from /home/airflow/.local/lib/python3.12/site-packages/airflow/example_dags/example_setup_teardown.py
[2024-06-16T20:29:30.155+0000] {logging_mixin.py:188} INFO - [2024-06-16T20:29:30.154+0000] {dag.py:3096} INFO - Sync 1 DAGs
[2024-06-16T20:29:30.176+0000] {logging_mixin.py:188} INFO - [2024-06-16T20:29:30.176+0000] {dag.py:3954} INFO - Setting next_dagrun for example_setup_teardown to 2024-06-15 00:00:00+00:00, run_after=2024-06-16 00:00:00+00:00
[2024-06-16T20:29:30.198+0000] {processor.py:183} INFO - Processing /home/airflow/.local/lib/python3.12/site-packages/airflow/example_dags/example_setup_teardown.py took 0.079 seconds
[2024-06-16T20:30:01.111+0000] {processor.py:161} INFO - Started process (PID=353) to work on /home/airflow/.local/lib/python3.12/site-packages/airflow/example_dags/example_setup_teardown.py
[2024-06-16T20:30:01.112+0000] {processor.py:830} INFO - Processing file /home/airflow/.local/lib/python3.12/site-packages/airflow/example_dags/example_setup_teardown.py for tasks to queue
[2024-06-16T20:30:01.114+0000] {logging_mixin.py:188} INFO - [2024-06-16T20:30:01.113+0000] {dagbag.py:545} INFO - Filling up the DagBag from /home/airflow/.local/lib/python3.12/site-packages/airflow/example_dags/example_setup_teardown.py
[2024-06-16T20:30:01.120+0000] {processor.py:840} INFO - DAG(s) 'example_setup_teardown' retrieved from /home/airflow/.local/lib/python3.12/site-packages/airflow/example_dags/example_setup_teardown.py
[2024-06-16T20:30:01.142+0000] {logging_mixin.py:188} INFO - [2024-06-16T20:30:01.141+0000] {dag.py:3096} INFO - Sync 1 DAGs
[2024-06-16T20:30:01.163+0000] {logging_mixin.py:188} INFO - [2024-06-16T20:30:01.163+0000] {dag.py:3954} INFO - Setting next_dagrun for example_setup_teardown to 2024-06-15 00:00:00+00:00, run_after=2024-06-16 00:00:00+00:00
[2024-06-16T20:30:01.183+0000] {processor.py:183} INFO - Processing /home/airflow/.local/lib/python3.12/site-packages/airflow/example_dags/example_setup_teardown.py took 0.078 seconds
[2024-06-16T20:30:31.638+0000] {processor.py:161} INFO - Started process (PID=411) to work on /home/airflow/.local/lib/python3.12/site-packages/airflow/example_dags/example_setup_teardown.py
[2024-06-16T20:30:31.640+0000] {processor.py:830} INFO - Processing file /home/airflow/.local/lib/python3.12/site-packages/airflow/example_dags/example_setup_teardown.py for tasks to queue
[2024-06-16T20:30:31.642+0000] {logging_mixin.py:188} INFO - [2024-06-16T20:30:31.642+0000] {dagbag.py:545} INFO - Filling up the DagBag from /home/airflow/.local/lib/python3.12/site-packages/airflow/example_dags/example_setup_teardown.py
[2024-06-16T20:30:31.650+0000] {processor.py:840} INFO - DAG(s) 'example_setup_teardown' retrieved from /home/airflow/.local/lib/python3.12/site-packages/airflow/example_dags/example_setup_teardown.py
[2024-06-16T20:30:31.671+0000] {logging_mixin.py:188} INFO - [2024-06-16T20:30:31.671+0000] {dag.py:3096} INFO - Sync 1 DAGs
[2024-06-16T20:30:31.694+0000] {logging_mixin.py:188} INFO - [2024-06-16T20:30:31.694+0000] {dag.py:3954} INFO - Setting next_dagrun for example_setup_teardown to 2024-06-15 00:00:00+00:00, run_after=2024-06-16 00:00:00+00:00
[2024-06-16T20:30:31.715+0000] {processor.py:183} INFO - Processing /home/airflow/.local/lib/python3.12/site-packages/airflow/example_dags/example_setup_teardown.py took 0.085 seconds
[2024-06-16T20:31:02.264+0000] {processor.py:161} INFO - Started process (PID=469) to work on /home/airflow/.local/lib/python3.12/site-packages/airflow/example_dags/example_setup_teardown.py
[2024-06-16T20:31:02.266+0000] {processor.py:830} INFO - Processing file /home/airflow/.local/lib/python3.12/site-packages/airflow/example_dags/example_setup_teardown.py for tasks to queue
[2024-06-16T20:31:02.268+0000] {logging_mixin.py:188} INFO - [2024-06-16T20:31:02.268+0000] {dagbag.py:545} INFO - Filling up the DagBag from /home/airflow/.local/lib/python3.12/site-packages/airflow/example_dags/example_setup_teardown.py
[2024-06-16T20:31:02.279+0000] {processor.py:840} INFO - DAG(s) 'example_setup_teardown' retrieved from /home/airflow/.local/lib/python3.12/site-packages/airflow/example_dags/example_setup_teardown.py
[2024-06-16T20:31:02.305+0000] {logging_mixin.py:188} INFO - [2024-06-16T20:31:02.305+0000] {dag.py:3096} INFO - Sync 1 DAGs
[2024-06-16T20:31:02.332+0000] {logging_mixin.py:188} INFO - [2024-06-16T20:31:02.332+0000] {dag.py:3954} INFO - Setting next_dagrun for example_setup_teardown to 2024-06-15 00:00:00+00:00, run_after=2024-06-16 00:00:00+00:00
[2024-06-16T20:31:02.355+0000] {processor.py:183} INFO - Processing /home/airflow/.local/lib/python3.12/site-packages/airflow/example_dags/example_setup_teardown.py took 0.101 seconds
[2024-06-16T20:31:32.583+0000] {processor.py:161} INFO - Started process (PID=527) to work on /home/airflow/.local/lib/python3.12/site-packages/airflow/example_dags/example_setup_teardown.py
[2024-06-16T20:31:32.585+0000] {processor.py:830} INFO - Processing file /home/airflow/.local/lib/python3.12/site-packages/airflow/example_dags/example_setup_teardown.py for tasks to queue
[2024-06-16T20:31:32.587+0000] {logging_mixin.py:188} INFO - [2024-06-16T20:31:32.586+0000] {dagbag.py:545} INFO - Filling up the DagBag from /home/airflow/.local/lib/python3.12/site-packages/airflow/example_dags/example_setup_teardown.py
[2024-06-16T20:31:32.593+0000] {processor.py:840} INFO - DAG(s) 'example_setup_teardown' retrieved from /home/airflow/.local/lib/python3.12/site-packages/airflow/example_dags/example_setup_teardown.py
[2024-06-16T20:31:32.613+0000] {logging_mixin.py:188} INFO - [2024-06-16T20:31:32.613+0000] {dag.py:3096} INFO - Sync 1 DAGs
[2024-06-16T20:31:32.634+0000] {logging_mixin.py:188} INFO - [2024-06-16T20:31:32.634+0000] {dag.py:3954} INFO - Setting next_dagrun for example_setup_teardown to 2024-06-15 00:00:00+00:00, run_after=2024-06-16 00:00:00+00:00
[2024-06-16T20:31:32.654+0000] {processor.py:183} INFO - Processing /home/airflow/.local/lib/python3.12/site-packages/airflow/example_dags/example_setup_teardown.py took 0.076 seconds
[2024-06-16T20:32:03.245+0000] {processor.py:161} INFO - Started process (PID=585) to work on /home/airflow/.local/lib/python3.12/site-packages/airflow/example_dags/example_setup_teardown.py
[2024-06-16T20:32:03.246+0000] {processor.py:830} INFO - Processing file /home/airflow/.local/lib/python3.12/site-packages/airflow/example_dags/example_setup_teardown.py for tasks to queue
[2024-06-16T20:32:03.248+0000] {logging_mixin.py:188} INFO - [2024-06-16T20:32:03.248+0000] {dagbag.py:545} INFO - Filling up the DagBag from /home/airflow/.local/lib/python3.12/site-packages/airflow/example_dags/example_setup_teardown.py
[2024-06-16T20:32:03.254+0000] {processor.py:840} INFO - DAG(s) 'example_setup_teardown' retrieved from /home/airflow/.local/lib/python3.12/site-packages/airflow/example_dags/example_setup_teardown.py
[2024-06-16T20:32:03.273+0000] {logging_mixin.py:188} INFO - [2024-06-16T20:32:03.273+0000] {dag.py:3096} INFO - Sync 1 DAGs
[2024-06-16T20:32:03.294+0000] {logging_mixin.py:188} INFO - [2024-06-16T20:32:03.293+0000] {dag.py:3954} INFO - Setting next_dagrun for example_setup_teardown to 2024-06-15 00:00:00+00:00, run_after=2024-06-16 00:00:00+00:00
[2024-06-16T20:32:03.312+0000] {processor.py:183} INFO - Processing /home/airflow/.local/lib/python3.12/site-packages/airflow/example_dags/example_setup_teardown.py took 0.072 seconds
[2024-06-16T20:32:33.948+0000] {processor.py:161} INFO - Started process (PID=643) to work on /home/airflow/.local/lib/python3.12/site-packages/airflow/example_dags/example_setup_teardown.py
[2024-06-16T20:32:33.949+0000] {processor.py:830} INFO - Processing file /home/airflow/.local/lib/python3.12/site-packages/airflow/example_dags/example_setup_teardown.py for tasks to queue
[2024-06-16T20:32:33.951+0000] {logging_mixin.py:188} INFO - [2024-06-16T20:32:33.951+0000] {dagbag.py:545} INFO - Filling up the DagBag from /home/airflow/.local/lib/python3.12/site-packages/airflow/example_dags/example_setup_teardown.py
[2024-06-16T20:32:33.957+0000] {processor.py:840} INFO - DAG(s) 'example_setup_teardown' retrieved from /home/airflow/.local/lib/python3.12/site-packages/airflow/example_dags/example_setup_teardown.py
[2024-06-16T20:32:33.978+0000] {logging_mixin.py:188} INFO - [2024-06-16T20:32:33.977+0000] {dag.py:3096} INFO - Sync 1 DAGs
[2024-06-16T20:32:33.998+0000] {logging_mixin.py:188} INFO - [2024-06-16T20:32:33.998+0000] {dag.py:3954} INFO - Setting next_dagrun for example_setup_teardown to 2024-06-15 00:00:00+00:00, run_after=2024-06-16 00:00:00+00:00
[2024-06-16T20:32:34.017+0000] {processor.py:183} INFO - Processing /home/airflow/.local/lib/python3.12/site-packages/airflow/example_dags/example_setup_teardown.py took 0.074 seconds
[2024-06-16T20:33:04.542+0000] {processor.py:161} INFO - Started process (PID=701) to work on /home/airflow/.local/lib/python3.12/site-packages/airflow/example_dags/example_setup_teardown.py
[2024-06-16T20:33:04.543+0000] {processor.py:830} INFO - Processing file /home/airflow/.local/lib/python3.12/site-packages/airflow/example_dags/example_setup_teardown.py for tasks to queue
[2024-06-16T20:33:04.545+0000] {logging_mixin.py:188} INFO - [2024-06-16T20:33:04.545+0000] {dagbag.py:545} INFO - Filling up the DagBag from /home/airflow/.local/lib/python3.12/site-packages/airflow/example_dags/example_setup_teardown.py
[2024-06-16T20:33:04.552+0000] {processor.py:840} INFO - DAG(s) 'example_setup_teardown' retrieved from /home/airflow/.local/lib/python3.12/site-packages/airflow/example_dags/example_setup_teardown.py
[2024-06-16T20:33:04.572+0000] {logging_mixin.py:188} INFO - [2024-06-16T20:33:04.571+0000] {dag.py:3096} INFO - Sync 1 DAGs
[2024-06-16T20:33:04.595+0000] {logging_mixin.py:188} INFO - [2024-06-16T20:33:04.595+0000] {dag.py:3954} INFO - Setting next_dagrun for example_setup_teardown to 2024-06-15 00:00:00+00:00, run_after=2024-06-16 00:00:00+00:00
[2024-06-16T20:33:04.614+0000] {processor.py:183} INFO - Processing /home/airflow/.local/lib/python3.12/site-packages/airflow/example_dags/example_setup_teardown.py took 0.077 seconds
[2024-06-16T20:33:35.182+0000] {processor.py:161} INFO - Started process (PID=759) to work on /home/airflow/.local/lib/python3.12/site-packages/airflow/example_dags/example_setup_teardown.py
[2024-06-16T20:33:35.183+0000] {processor.py:830} INFO - Processing file /home/airflow/.local/lib/python3.12/site-packages/airflow/example_dags/example_setup_teardown.py for tasks to queue
[2024-06-16T20:33:35.185+0000] {logging_mixin.py:188} INFO - [2024-06-16T20:33:35.185+0000] {dagbag.py:545} INFO - Filling up the DagBag from /home/airflow/.local/lib/python3.12/site-packages/airflow/example_dags/example_setup_teardown.py
[2024-06-16T20:33:35.192+0000] {processor.py:840} INFO - DAG(s) 'example_setup_teardown' retrieved from /home/airflow/.local/lib/python3.12/site-packages/airflow/example_dags/example_setup_teardown.py
[2024-06-16T20:33:35.212+0000] {logging_mixin.py:188} INFO - [2024-06-16T20:33:35.212+0000] {dag.py:3096} INFO - Sync 1 DAGs
[2024-06-16T20:33:35.238+0000] {logging_mixin.py:188} INFO - [2024-06-16T20:33:35.238+0000] {dag.py:3954} INFO - Setting next_dagrun for example_setup_teardown to 2024-06-15 00:00:00+00:00, run_after=2024-06-16 00:00:00+00:00
[2024-06-16T20:33:35.258+0000] {processor.py:183} INFO - Processing /home/airflow/.local/lib/python3.12/site-packages/airflow/example_dags/example_setup_teardown.py took 0.082 seconds
[2024-06-16T20:34:05.857+0000] {processor.py:161} INFO - Started process (PID=817) to work on /home/airflow/.local/lib/python3.12/site-packages/airflow/example_dags/example_setup_teardown.py
[2024-06-16T20:34:05.858+0000] {processor.py:830} INFO - Processing file /home/airflow/.local/lib/python3.12/site-packages/airflow/example_dags/example_setup_teardown.py for tasks to queue
[2024-06-16T20:34:05.859+0000] {logging_mixin.py:188} INFO - [2024-06-16T20:34:05.859+0000] {dagbag.py:545} INFO - Filling up the DagBag from /home/airflow/.local/lib/python3.12/site-packages/airflow/example_dags/example_setup_teardown.py
[2024-06-16T20:34:05.865+0000] {processor.py:840} INFO - DAG(s) 'example_setup_teardown' retrieved from /home/airflow/.local/lib/python3.12/site-packages/airflow/example_dags/example_setup_teardown.py
[2024-06-16T20:34:05.885+0000] {logging_mixin.py:188} INFO - [2024-06-16T20:34:05.884+0000] {dag.py:3096} INFO - Sync 1 DAGs
[2024-06-16T20:34:05.905+0000] {logging_mixin.py:188} INFO - [2024-06-16T20:34:05.905+0000] {dag.py:3954} INFO - Setting next_dagrun for example_setup_teardown to 2024-06-15 00:00:00+00:00, run_after=2024-06-16 00:00:00+00:00
[2024-06-16T20:34:05.924+0000] {processor.py:183} INFO - Processing /home/airflow/.local/lib/python3.12/site-packages/airflow/example_dags/example_setup_teardown.py took 0.073 seconds
[2024-06-16T20:34:36.284+0000] {processor.py:161} INFO - Started process (PID=875) to work on /home/airflow/.local/lib/python3.12/site-packages/airflow/example_dags/example_setup_teardown.py
[2024-06-16T20:34:36.285+0000] {processor.py:830} INFO - Processing file /home/airflow/.local/lib/python3.12/site-packages/airflow/example_dags/example_setup_teardown.py for tasks to queue
[2024-06-16T20:34:36.287+0000] {logging_mixin.py:188} INFO - [2024-06-16T20:34:36.286+0000] {dagbag.py:545} INFO - Filling up the DagBag from /home/airflow/.local/lib/python3.12/site-packages/airflow/example_dags/example_setup_teardown.py
[2024-06-16T20:34:36.293+0000] {processor.py:840} INFO - DAG(s) 'example_setup_teardown' retrieved from /home/airflow/.local/lib/python3.12/site-packages/airflow/example_dags/example_setup_teardown.py
[2024-06-16T20:34:36.312+0000] {logging_mixin.py:188} INFO - [2024-06-16T20:34:36.312+0000] {dag.py:3096} INFO - Sync 1 DAGs
[2024-06-16T20:34:36.338+0000] {logging_mixin.py:188} INFO - [2024-06-16T20:34:36.338+0000] {dag.py:3954} INFO - Setting next_dagrun for example_setup_teardown to 2024-06-15 00:00:00+00:00, run_after=2024-06-16 00:00:00+00:00
[2024-06-16T20:34:36.358+0000] {processor.py:183} INFO - Processing /home/airflow/.local/lib/python3.12/site-packages/airflow/example_dags/example_setup_teardown.py took 0.082 seconds
[2024-06-16T20:35:07.520+0000] {processor.py:161} INFO - Started process (PID=933) to work on /home/airflow/.local/lib/python3.12/site-packages/airflow/example_dags/example_setup_teardown.py
[2024-06-16T20:35:07.522+0000] {processor.py:830} INFO - Processing file /home/airflow/.local/lib/python3.12/site-packages/airflow/example_dags/example_setup_teardown.py for tasks to queue
[2024-06-16T20:35:07.524+0000] {logging_mixin.py:188} INFO - [2024-06-16T20:35:07.523+0000] {dagbag.py:545} INFO - Filling up the DagBag from /home/airflow/.local/lib/python3.12/site-packages/airflow/example_dags/example_setup_teardown.py
[2024-06-16T20:35:07.532+0000] {processor.py:840} INFO - DAG(s) 'example_setup_teardown' retrieved from /home/airflow/.local/lib/python3.12/site-packages/airflow/example_dags/example_setup_teardown.py
[2024-06-16T20:35:07.557+0000] {logging_mixin.py:188} INFO - [2024-06-16T20:35:07.557+0000] {dag.py:3096} INFO - Sync 1 DAGs
[2024-06-16T20:35:07.588+0000] {logging_mixin.py:188} INFO - [2024-06-16T20:35:07.588+0000] {dag.py:3954} INFO - Setting next_dagrun for example_setup_teardown to 2024-06-15 00:00:00+00:00, run_after=2024-06-16 00:00:00+00:00
[2024-06-16T20:35:07.612+0000] {processor.py:183} INFO - Processing /home/airflow/.local/lib/python3.12/site-packages/airflow/example_dags/example_setup_teardown.py took 0.100 seconds
[2024-06-16T20:35:37.669+0000] {processor.py:161} INFO - Started process (PID=991) to work on /home/airflow/.local/lib/python3.12/site-packages/airflow/example_dags/example_setup_teardown.py
[2024-06-16T20:35:37.670+0000] {processor.py:830} INFO - Processing file /home/airflow/.local/lib/python3.12/site-packages/airflow/example_dags/example_setup_teardown.py for tasks to queue
[2024-06-16T20:35:37.671+0000] {logging_mixin.py:188} INFO - [2024-06-16T20:35:37.671+0000] {dagbag.py:545} INFO - Filling up the DagBag from /home/airflow/.local/lib/python3.12/site-packages/airflow/example_dags/example_setup_teardown.py
[2024-06-16T20:35:37.677+0000] {processor.py:840} INFO - DAG(s) 'example_setup_teardown' retrieved from /home/airflow/.local/lib/python3.12/site-packages/airflow/example_dags/example_setup_teardown.py
[2024-06-16T20:35:37.696+0000] {logging_mixin.py:188} INFO - [2024-06-16T20:35:37.696+0000] {dag.py:3096} INFO - Sync 1 DAGs
[2024-06-16T20:35:37.716+0000] {logging_mixin.py:188} INFO - [2024-06-16T20:35:37.715+0000] {dag.py:3954} INFO - Setting next_dagrun for example_setup_teardown to 2024-06-15 00:00:00+00:00, run_after=2024-06-16 00:00:00+00:00
[2024-06-16T20:35:37.734+0000] {processor.py:183} INFO - Processing /home/airflow/.local/lib/python3.12/site-packages/airflow/example_dags/example_setup_teardown.py took 0.070 seconds
[2024-06-16T20:36:07.806+0000] {processor.py:161} INFO - Started process (PID=1049) to work on /home/airflow/.local/lib/python3.12/site-packages/airflow/example_dags/example_setup_teardown.py
[2024-06-16T20:36:07.807+0000] {processor.py:830} INFO - Processing file /home/airflow/.local/lib/python3.12/site-packages/airflow/example_dags/example_setup_teardown.py for tasks to queue
[2024-06-16T20:36:07.808+0000] {logging_mixin.py:188} INFO - [2024-06-16T20:36:07.808+0000] {dagbag.py:545} INFO - Filling up the DagBag from /home/airflow/.local/lib/python3.12/site-packages/airflow/example_dags/example_setup_teardown.py
[2024-06-16T20:36:07.814+0000] {processor.py:840} INFO - DAG(s) 'example_setup_teardown' retrieved from /home/airflow/.local/lib/python3.12/site-packages/airflow/example_dags/example_setup_teardown.py
[2024-06-16T20:36:07.833+0000] {logging_mixin.py:188} INFO - [2024-06-16T20:36:07.833+0000] {dag.py:3096} INFO - Sync 1 DAGs
[2024-06-16T20:36:07.853+0000] {logging_mixin.py:188} INFO - [2024-06-16T20:36:07.853+0000] {dag.py:3954} INFO - Setting next_dagrun for example_setup_teardown to 2024-06-15 00:00:00+00:00, run_after=2024-06-16 00:00:00+00:00
[2024-06-16T20:36:07.872+0000] {processor.py:183} INFO - Processing /home/airflow/.local/lib/python3.12/site-packages/airflow/example_dags/example_setup_teardown.py took 0.072 seconds
[2024-06-16T20:36:38.131+0000] {processor.py:161} INFO - Started process (PID=1107) to work on /home/airflow/.local/lib/python3.12/site-packages/airflow/example_dags/example_setup_teardown.py
[2024-06-16T20:36:38.132+0000] {processor.py:830} INFO - Processing file /home/airflow/.local/lib/python3.12/site-packages/airflow/example_dags/example_setup_teardown.py for tasks to queue
[2024-06-16T20:36:38.134+0000] {logging_mixin.py:188} INFO - [2024-06-16T20:36:38.134+0000] {dagbag.py:545} INFO - Filling up the DagBag from /home/airflow/.local/lib/python3.12/site-packages/airflow/example_dags/example_setup_teardown.py
[2024-06-16T20:36:38.140+0000] {processor.py:840} INFO - DAG(s) 'example_setup_teardown' retrieved from /home/airflow/.local/lib/python3.12/site-packages/airflow/example_dags/example_setup_teardown.py
[2024-06-16T20:36:38.162+0000] {logging_mixin.py:188} INFO - [2024-06-16T20:36:38.162+0000] {dag.py:3096} INFO - Sync 1 DAGs
[2024-06-16T20:36:38.182+0000] {logging_mixin.py:188} INFO - [2024-06-16T20:36:38.182+0000] {dag.py:3954} INFO - Setting next_dagrun for example_setup_teardown to 2024-06-15 00:00:00+00:00, run_after=2024-06-16 00:00:00+00:00
[2024-06-16T20:36:38.202+0000] {processor.py:183} INFO - Processing /home/airflow/.local/lib/python3.12/site-packages/airflow/example_dags/example_setup_teardown.py took 0.076 seconds
[2024-06-16T20:37:08.527+0000] {processor.py:161} INFO - Started process (PID=1165) to work on /home/airflow/.local/lib/python3.12/site-packages/airflow/example_dags/example_setup_teardown.py
[2024-06-16T20:37:08.529+0000] {processor.py:830} INFO - Processing file /home/airflow/.local/lib/python3.12/site-packages/airflow/example_dags/example_setup_teardown.py for tasks to queue
[2024-06-16T20:37:08.530+0000] {logging_mixin.py:188} INFO - [2024-06-16T20:37:08.530+0000] {dagbag.py:545} INFO - Filling up the DagBag from /home/airflow/.local/lib/python3.12/site-packages/airflow/example_dags/example_setup_teardown.py
[2024-06-16T20:37:08.536+0000] {processor.py:840} INFO - DAG(s) 'example_setup_teardown' retrieved from /home/airflow/.local/lib/python3.12/site-packages/airflow/example_dags/example_setup_teardown.py
[2024-06-16T20:37:08.555+0000] {logging_mixin.py:188} INFO - [2024-06-16T20:37:08.555+0000] {dag.py:3096} INFO - Sync 1 DAGs
[2024-06-16T20:37:08.575+0000] {logging_mixin.py:188} INFO - [2024-06-16T20:37:08.575+0000] {dag.py:3954} INFO - Setting next_dagrun for example_setup_teardown to 2024-06-15 00:00:00+00:00, run_after=2024-06-16 00:00:00+00:00
[2024-06-16T20:37:08.596+0000] {processor.py:183} INFO - Processing /home/airflow/.local/lib/python3.12/site-packages/airflow/example_dags/example_setup_teardown.py took 0.074 seconds
[2024-06-16T20:37:38.676+0000] {processor.py:161} INFO - Started process (PID=1223) to work on /home/airflow/.local/lib/python3.12/site-packages/airflow/example_dags/example_setup_teardown.py
[2024-06-16T20:37:38.678+0000] {processor.py:830} INFO - Processing file /home/airflow/.local/lib/python3.12/site-packages/airflow/example_dags/example_setup_teardown.py for tasks to queue
[2024-06-16T20:37:38.680+0000] {logging_mixin.py:188} INFO - [2024-06-16T20:37:38.679+0000] {dagbag.py:545} INFO - Filling up the DagBag from /home/airflow/.local/lib/python3.12/site-packages/airflow/example_dags/example_setup_teardown.py
[2024-06-16T20:37:38.686+0000] {processor.py:840} INFO - DAG(s) 'example_setup_teardown' retrieved from /home/airflow/.local/lib/python3.12/site-packages/airflow/example_dags/example_setup_teardown.py
[2024-06-16T20:37:38.706+0000] {logging_mixin.py:188} INFO - [2024-06-16T20:37:38.706+0000] {dag.py:3096} INFO - Sync 1 DAGs
[2024-06-16T20:37:38.728+0000] {logging_mixin.py:188} INFO - [2024-06-16T20:37:38.727+0000] {dag.py:3954} INFO - Setting next_dagrun for example_setup_teardown to 2024-06-15 00:00:00+00:00, run_after=2024-06-16 00:00:00+00:00
[2024-06-16T20:37:38.746+0000] {processor.py:183} INFO - Processing /home/airflow/.local/lib/python3.12/site-packages/airflow/example_dags/example_setup_teardown.py took 0.075 seconds
[2024-06-16T20:38:09.681+0000] {processor.py:161} INFO - Started process (PID=1281) to work on /home/airflow/.local/lib/python3.12/site-packages/airflow/example_dags/example_setup_teardown.py
[2024-06-16T20:38:09.682+0000] {processor.py:830} INFO - Processing file /home/airflow/.local/lib/python3.12/site-packages/airflow/example_dags/example_setup_teardown.py for tasks to queue
[2024-06-16T20:38:09.683+0000] {logging_mixin.py:188} INFO - [2024-06-16T20:38:09.683+0000] {dagbag.py:545} INFO - Filling up the DagBag from /home/airflow/.local/lib/python3.12/site-packages/airflow/example_dags/example_setup_teardown.py
[2024-06-16T20:38:09.689+0000] {processor.py:840} INFO - DAG(s) 'example_setup_teardown' retrieved from /home/airflow/.local/lib/python3.12/site-packages/airflow/example_dags/example_setup_teardown.py
[2024-06-16T20:38:09.708+0000] {logging_mixin.py:188} INFO - [2024-06-16T20:38:09.707+0000] {dag.py:3096} INFO - Sync 1 DAGs
[2024-06-16T20:38:09.728+0000] {logging_mixin.py:188} INFO - [2024-06-16T20:38:09.728+0000] {dag.py:3954} INFO - Setting next_dagrun for example_setup_teardown to 2024-06-15 00:00:00+00:00, run_after=2024-06-16 00:00:00+00:00
[2024-06-16T20:38:09.747+0000] {processor.py:183} INFO - Processing /home/airflow/.local/lib/python3.12/site-packages/airflow/example_dags/example_setup_teardown.py took 0.071 seconds
[2024-06-16T20:38:40.412+0000] {processor.py:161} INFO - Started process (PID=1339) to work on /home/airflow/.local/lib/python3.12/site-packages/airflow/example_dags/example_setup_teardown.py
[2024-06-16T20:38:40.413+0000] {processor.py:830} INFO - Processing file /home/airflow/.local/lib/python3.12/site-packages/airflow/example_dags/example_setup_teardown.py for tasks to queue
[2024-06-16T20:38:40.415+0000] {logging_mixin.py:188} INFO - [2024-06-16T20:38:40.415+0000] {dagbag.py:545} INFO - Filling up the DagBag from /home/airflow/.local/lib/python3.12/site-packages/airflow/example_dags/example_setup_teardown.py
[2024-06-16T20:38:40.422+0000] {processor.py:840} INFO - DAG(s) 'example_setup_teardown' retrieved from /home/airflow/.local/lib/python3.12/site-packages/airflow/example_dags/example_setup_teardown.py
[2024-06-16T20:38:40.444+0000] {logging_mixin.py:188} INFO - [2024-06-16T20:38:40.443+0000] {dag.py:3096} INFO - Sync 1 DAGs
[2024-06-16T20:38:40.468+0000] {logging_mixin.py:188} INFO - [2024-06-16T20:38:40.468+0000] {dag.py:3954} INFO - Setting next_dagrun for example_setup_teardown to 2024-06-15 00:00:00+00:00, run_after=2024-06-16 00:00:00+00:00
[2024-06-16T20:38:40.486+0000] {processor.py:183} INFO - Processing /home/airflow/.local/lib/python3.12/site-packages/airflow/example_dags/example_setup_teardown.py took 0.081 seconds
[2024-06-16T20:39:10.992+0000] {processor.py:161} INFO - Started process (PID=1397) to work on /home/airflow/.local/lib/python3.12/site-packages/airflow/example_dags/example_setup_teardown.py
[2024-06-16T20:39:10.993+0000] {processor.py:830} INFO - Processing file /home/airflow/.local/lib/python3.12/site-packages/airflow/example_dags/example_setup_teardown.py for tasks to queue
[2024-06-16T20:39:10.995+0000] {logging_mixin.py:188} INFO - [2024-06-16T20:39:10.995+0000] {dagbag.py:545} INFO - Filling up the DagBag from /home/airflow/.local/lib/python3.12/site-packages/airflow/example_dags/example_setup_teardown.py
[2024-06-16T20:39:11.001+0000] {processor.py:840} INFO - DAG(s) 'example_setup_teardown' retrieved from /home/airflow/.local/lib/python3.12/site-packages/airflow/example_dags/example_setup_teardown.py
[2024-06-16T20:39:11.019+0000] {logging_mixin.py:188} INFO - [2024-06-16T20:39:11.019+0000] {dag.py:3096} INFO - Sync 1 DAGs
[2024-06-16T20:39:11.039+0000] {logging_mixin.py:188} INFO - [2024-06-16T20:39:11.038+0000] {dag.py:3954} INFO - Setting next_dagrun for example_setup_teardown to 2024-06-15 00:00:00+00:00, run_after=2024-06-16 00:00:00+00:00
[2024-06-16T20:39:11.057+0000] {processor.py:183} INFO - Processing /home/airflow/.local/lib/python3.12/site-packages/airflow/example_dags/example_setup_teardown.py took 0.070 seconds
[2024-06-16T20:39:41.510+0000] {processor.py:161} INFO - Started process (PID=1455) to work on /home/airflow/.local/lib/python3.12/site-packages/airflow/example_dags/example_setup_teardown.py
[2024-06-16T20:39:41.511+0000] {processor.py:830} INFO - Processing file /home/airflow/.local/lib/python3.12/site-packages/airflow/example_dags/example_setup_teardown.py for tasks to queue
[2024-06-16T20:39:41.512+0000] {logging_mixin.py:188} INFO - [2024-06-16T20:39:41.512+0000] {dagbag.py:545} INFO - Filling up the DagBag from /home/airflow/.local/lib/python3.12/site-packages/airflow/example_dags/example_setup_teardown.py
[2024-06-16T20:39:41.518+0000] {processor.py:840} INFO - DAG(s) 'example_setup_teardown' retrieved from /home/airflow/.local/lib/python3.12/site-packages/airflow/example_dags/example_setup_teardown.py
[2024-06-16T20:39:41.535+0000] {logging_mixin.py:188} INFO - [2024-06-16T20:39:41.535+0000] {dag.py:3096} INFO - Sync 1 DAGs
[2024-06-16T20:39:41.555+0000] {logging_mixin.py:188} INFO - [2024-06-16T20:39:41.555+0000] {dag.py:3954} INFO - Setting next_dagrun for example_setup_teardown to 2024-06-15 00:00:00+00:00, run_after=2024-06-16 00:00:00+00:00
[2024-06-16T20:39:41.573+0000] {processor.py:183} INFO - Processing /home/airflow/.local/lib/python3.12/site-packages/airflow/example_dags/example_setup_teardown.py took 0.069 seconds
[2024-06-16T20:40:12.128+0000] {processor.py:161} INFO - Started process (PID=1513) to work on /home/airflow/.local/lib/python3.12/site-packages/airflow/example_dags/example_setup_teardown.py
[2024-06-16T20:40:12.129+0000] {processor.py:830} INFO - Processing file /home/airflow/.local/lib/python3.12/site-packages/airflow/example_dags/example_setup_teardown.py for tasks to queue
[2024-06-16T20:40:12.130+0000] {logging_mixin.py:188} INFO - [2024-06-16T20:40:12.130+0000] {dagbag.py:545} INFO - Filling up the DagBag from /home/airflow/.local/lib/python3.12/site-packages/airflow/example_dags/example_setup_teardown.py
[2024-06-16T20:40:12.136+0000] {processor.py:840} INFO - DAG(s) 'example_setup_teardown' retrieved from /home/airflow/.local/lib/python3.12/site-packages/airflow/example_dags/example_setup_teardown.py
[2024-06-16T20:40:12.154+0000] {logging_mixin.py:188} INFO - [2024-06-16T20:40:12.154+0000] {dag.py:3096} INFO - Sync 1 DAGs
[2024-06-16T20:40:12.174+0000] {logging_mixin.py:188} INFO - [2024-06-16T20:40:12.174+0000] {dag.py:3954} INFO - Setting next_dagrun for example_setup_teardown to 2024-06-15 00:00:00+00:00, run_after=2024-06-16 00:00:00+00:00
[2024-06-16T20:40:12.192+0000] {processor.py:183} INFO - Processing /home/airflow/.local/lib/python3.12/site-packages/airflow/example_dags/example_setup_teardown.py took 0.070 seconds
[2024-06-16T20:40:42.667+0000] {processor.py:161} INFO - Started process (PID=1571) to work on /home/airflow/.local/lib/python3.12/site-packages/airflow/example_dags/example_setup_teardown.py
[2024-06-16T20:40:42.668+0000] {processor.py:830} INFO - Processing file /home/airflow/.local/lib/python3.12/site-packages/airflow/example_dags/example_setup_teardown.py for tasks to queue
[2024-06-16T20:40:42.669+0000] {logging_mixin.py:188} INFO - [2024-06-16T20:40:42.669+0000] {dagbag.py:545} INFO - Filling up the DagBag from /home/airflow/.local/lib/python3.12/site-packages/airflow/example_dags/example_setup_teardown.py
[2024-06-16T20:40:42.675+0000] {processor.py:840} INFO - DAG(s) 'example_setup_teardown' retrieved from /home/airflow/.local/lib/python3.12/site-packages/airflow/example_dags/example_setup_teardown.py
[2024-06-16T20:40:42.694+0000] {logging_mixin.py:188} INFO - [2024-06-16T20:40:42.694+0000] {dag.py:3096} INFO - Sync 1 DAGs
[2024-06-16T20:40:42.714+0000] {logging_mixin.py:188} INFO - [2024-06-16T20:40:42.714+0000] {dag.py:3954} INFO - Setting next_dagrun for example_setup_teardown to 2024-06-15 00:00:00+00:00, run_after=2024-06-16 00:00:00+00:00
[2024-06-16T20:40:42.732+0000] {processor.py:183} INFO - Processing /home/airflow/.local/lib/python3.12/site-packages/airflow/example_dags/example_setup_teardown.py took 0.071 seconds
[2024-06-16T20:41:13.273+0000] {processor.py:161} INFO - Started process (PID=1629) to work on /home/airflow/.local/lib/python3.12/site-packages/airflow/example_dags/example_setup_teardown.py
[2024-06-16T20:41:13.275+0000] {processor.py:830} INFO - Processing file /home/airflow/.local/lib/python3.12/site-packages/airflow/example_dags/example_setup_teardown.py for tasks to queue
[2024-06-16T20:41:13.277+0000] {logging_mixin.py:188} INFO - [2024-06-16T20:41:13.277+0000] {dagbag.py:545} INFO - Filling up the DagBag from /home/airflow/.local/lib/python3.12/site-packages/airflow/example_dags/example_setup_teardown.py
[2024-06-16T20:41:13.285+0000] {processor.py:840} INFO - DAG(s) 'example_setup_teardown' retrieved from /home/airflow/.local/lib/python3.12/site-packages/airflow/example_dags/example_setup_teardown.py
[2024-06-16T20:41:13.306+0000] {logging_mixin.py:188} INFO - [2024-06-16T20:41:13.305+0000] {dag.py:3096} INFO - Sync 1 DAGs
[2024-06-16T20:41:13.326+0000] {logging_mixin.py:188} INFO - [2024-06-16T20:41:13.326+0000] {dag.py:3954} INFO - Setting next_dagrun for example_setup_teardown to 2024-06-15 00:00:00+00:00, run_after=2024-06-16 00:00:00+00:00
[2024-06-16T20:41:13.345+0000] {processor.py:183} INFO - Processing /home/airflow/.local/lib/python3.12/site-packages/airflow/example_dags/example_setup_teardown.py took 0.077 seconds
[2024-06-16T20:41:44.754+0000] {processor.py:161} INFO - Started process (PID=1687) to work on /home/airflow/.local/lib/python3.12/site-packages/airflow/example_dags/example_setup_teardown.py
[2024-06-16T20:41:44.756+0000] {processor.py:830} INFO - Processing file /home/airflow/.local/lib/python3.12/site-packages/airflow/example_dags/example_setup_teardown.py for tasks to queue
[2024-06-16T20:41:44.758+0000] {logging_mixin.py:188} INFO - [2024-06-16T20:41:44.758+0000] {dagbag.py:545} INFO - Filling up the DagBag from /home/airflow/.local/lib/python3.12/site-packages/airflow/example_dags/example_setup_teardown.py
[2024-06-16T20:41:44.765+0000] {processor.py:840} INFO - DAG(s) 'example_setup_teardown' retrieved from /home/airflow/.local/lib/python3.12/site-packages/airflow/example_dags/example_setup_teardown.py
[2024-06-16T20:41:44.788+0000] {logging_mixin.py:188} INFO - [2024-06-16T20:41:44.788+0000] {dag.py:3096} INFO - Sync 1 DAGs
[2024-06-16T20:41:44.813+0000] {logging_mixin.py:188} INFO - [2024-06-16T20:41:44.813+0000] {dag.py:3954} INFO - Setting next_dagrun for example_setup_teardown to 2024-06-15 00:00:00+00:00, run_after=2024-06-16 00:00:00+00:00
[2024-06-16T20:41:44.835+0000] {processor.py:183} INFO - Processing /home/airflow/.local/lib/python3.12/site-packages/airflow/example_dags/example_setup_teardown.py took 0.088 seconds
[2024-06-16T20:42:15.278+0000] {processor.py:161} INFO - Started process (PID=1745) to work on /home/airflow/.local/lib/python3.12/site-packages/airflow/example_dags/example_setup_teardown.py
[2024-06-16T20:42:15.280+0000] {processor.py:830} INFO - Processing file /home/airflow/.local/lib/python3.12/site-packages/airflow/example_dags/example_setup_teardown.py for tasks to queue
[2024-06-16T20:42:15.282+0000] {logging_mixin.py:188} INFO - [2024-06-16T20:42:15.281+0000] {dagbag.py:545} INFO - Filling up the DagBag from /home/airflow/.local/lib/python3.12/site-packages/airflow/example_dags/example_setup_teardown.py
[2024-06-16T20:42:15.288+0000] {processor.py:840} INFO - DAG(s) 'example_setup_teardown' retrieved from /home/airflow/.local/lib/python3.12/site-packages/airflow/example_dags/example_setup_teardown.py
[2024-06-16T20:42:15.309+0000] {logging_mixin.py:188} INFO - [2024-06-16T20:42:15.308+0000] {dag.py:3096} INFO - Sync 1 DAGs
[2024-06-16T20:42:15.330+0000] {logging_mixin.py:188} INFO - [2024-06-16T20:42:15.330+0000] {dag.py:3954} INFO - Setting next_dagrun for example_setup_teardown to 2024-06-15 00:00:00+00:00, run_after=2024-06-16 00:00:00+00:00
[2024-06-16T20:42:15.351+0000] {processor.py:183} INFO - Processing /home/airflow/.local/lib/python3.12/site-packages/airflow/example_dags/example_setup_teardown.py took 0.078 seconds
[2024-06-16T20:42:45.686+0000] {processor.py:161} INFO - Started process (PID=1803) to work on /home/airflow/.local/lib/python3.12/site-packages/airflow/example_dags/example_setup_teardown.py
[2024-06-16T20:42:45.688+0000] {processor.py:830} INFO - Processing file /home/airflow/.local/lib/python3.12/site-packages/airflow/example_dags/example_setup_teardown.py for tasks to queue
[2024-06-16T20:42:45.689+0000] {logging_mixin.py:188} INFO - [2024-06-16T20:42:45.689+0000] {dagbag.py:545} INFO - Filling up the DagBag from /home/airflow/.local/lib/python3.12/site-packages/airflow/example_dags/example_setup_teardown.py
[2024-06-16T20:42:45.696+0000] {processor.py:840} INFO - DAG(s) 'example_setup_teardown' retrieved from /home/airflow/.local/lib/python3.12/site-packages/airflow/example_dags/example_setup_teardown.py
[2024-06-16T20:42:45.716+0000] {logging_mixin.py:188} INFO - [2024-06-16T20:42:45.716+0000] {dag.py:3096} INFO - Sync 1 DAGs
[2024-06-16T20:42:45.738+0000] {logging_mixin.py:188} INFO - [2024-06-16T20:42:45.738+0000] {dag.py:3954} INFO - Setting next_dagrun for example_setup_teardown to 2024-06-15 00:00:00+00:00, run_after=2024-06-16 00:00:00+00:00
[2024-06-16T20:42:45.759+0000] {processor.py:183} INFO - Processing /home/airflow/.local/lib/python3.12/site-packages/airflow/example_dags/example_setup_teardown.py took 0.078 seconds
[2024-06-16T20:43:16.929+0000] {processor.py:161} INFO - Started process (PID=1861) to work on /home/airflow/.local/lib/python3.12/site-packages/airflow/example_dags/example_setup_teardown.py
[2024-06-16T20:43:16.930+0000] {processor.py:830} INFO - Processing file /home/airflow/.local/lib/python3.12/site-packages/airflow/example_dags/example_setup_teardown.py for tasks to queue
[2024-06-16T20:43:16.932+0000] {logging_mixin.py:188} INFO - [2024-06-16T20:43:16.931+0000] {dagbag.py:545} INFO - Filling up the DagBag from /home/airflow/.local/lib/python3.12/site-packages/airflow/example_dags/example_setup_teardown.py
[2024-06-16T20:43:16.940+0000] {processor.py:840} INFO - DAG(s) 'example_setup_teardown' retrieved from /home/airflow/.local/lib/python3.12/site-packages/airflow/example_dags/example_setup_teardown.py
[2024-06-16T20:43:16.963+0000] {logging_mixin.py:188} INFO - [2024-06-16T20:43:16.963+0000] {dag.py:3096} INFO - Sync 1 DAGs
[2024-06-16T20:43:17.108+0000] {logging_mixin.py:188} INFO - [2024-06-16T20:43:17.108+0000] {dag.py:3954} INFO - Setting next_dagrun for example_setup_teardown to 2024-06-15 00:00:00+00:00, run_after=2024-06-16 00:00:00+00:00
[2024-06-16T20:43:17.129+0000] {processor.py:183} INFO - Processing /home/airflow/.local/lib/python3.12/site-packages/airflow/example_dags/example_setup_teardown.py took 0.206 seconds
[2024-06-16T20:43:47.807+0000] {processor.py:161} INFO - Started process (PID=1919) to work on /home/airflow/.local/lib/python3.12/site-packages/airflow/example_dags/example_setup_teardown.py
[2024-06-16T20:43:47.808+0000] {processor.py:830} INFO - Processing file /home/airflow/.local/lib/python3.12/site-packages/airflow/example_dags/example_setup_teardown.py for tasks to queue
[2024-06-16T20:43:47.810+0000] {logging_mixin.py:188} INFO - [2024-06-16T20:43:47.810+0000] {dagbag.py:545} INFO - Filling up the DagBag from /home/airflow/.local/lib/python3.12/site-packages/airflow/example_dags/example_setup_teardown.py
[2024-06-16T20:43:47.819+0000] {processor.py:840} INFO - DAG(s) 'example_setup_teardown' retrieved from /home/airflow/.local/lib/python3.12/site-packages/airflow/example_dags/example_setup_teardown.py
[2024-06-16T20:43:47.842+0000] {logging_mixin.py:188} INFO - [2024-06-16T20:43:47.841+0000] {dag.py:3096} INFO - Sync 1 DAGs
[2024-06-16T20:43:47.866+0000] {logging_mixin.py:188} INFO - [2024-06-16T20:43:47.866+0000] {dag.py:3954} INFO - Setting next_dagrun for example_setup_teardown to 2024-06-15 00:00:00+00:00, run_after=2024-06-16 00:00:00+00:00
[2024-06-16T20:43:48.043+0000] {processor.py:183} INFO - Processing /home/airflow/.local/lib/python3.12/site-packages/airflow/example_dags/example_setup_teardown.py took 0.242 seconds
[2024-06-16T20:44:18.327+0000] {processor.py:161} INFO - Started process (PID=1977) to work on /home/airflow/.local/lib/python3.12/site-packages/airflow/example_dags/example_setup_teardown.py
[2024-06-16T20:44:18.329+0000] {processor.py:830} INFO - Processing file /home/airflow/.local/lib/python3.12/site-packages/airflow/example_dags/example_setup_teardown.py for tasks to queue
[2024-06-16T20:44:18.331+0000] {logging_mixin.py:188} INFO - [2024-06-16T20:44:18.330+0000] {dagbag.py:545} INFO - Filling up the DagBag from /home/airflow/.local/lib/python3.12/site-packages/airflow/example_dags/example_setup_teardown.py
[2024-06-16T20:44:18.339+0000] {processor.py:840} INFO - DAG(s) 'example_setup_teardown' retrieved from /home/airflow/.local/lib/python3.12/site-packages/airflow/example_dags/example_setup_teardown.py
[2024-06-16T20:44:18.366+0000] {logging_mixin.py:188} INFO - [2024-06-16T20:44:18.366+0000] {dag.py:3096} INFO - Sync 1 DAGs
[2024-06-16T20:44:18.390+0000] {logging_mixin.py:188} INFO - [2024-06-16T20:44:18.390+0000] {dag.py:3954} INFO - Setting next_dagrun for example_setup_teardown to 2024-06-15 00:00:00+00:00, run_after=2024-06-16 00:00:00+00:00
[2024-06-16T20:44:18.537+0000] {processor.py:183} INFO - Processing /home/airflow/.local/lib/python3.12/site-packages/airflow/example_dags/example_setup_teardown.py took 0.217 seconds
[2024-06-16T20:44:49.013+0000] {processor.py:161} INFO - Started process (PID=2035) to work on /home/airflow/.local/lib/python3.12/site-packages/airflow/example_dags/example_setup_teardown.py
[2024-06-16T20:44:49.014+0000] {processor.py:830} INFO - Processing file /home/airflow/.local/lib/python3.12/site-packages/airflow/example_dags/example_setup_teardown.py for tasks to queue
[2024-06-16T20:44:49.016+0000] {logging_mixin.py:188} INFO - [2024-06-16T20:44:49.015+0000] {dagbag.py:545} INFO - Filling up the DagBag from /home/airflow/.local/lib/python3.12/site-packages/airflow/example_dags/example_setup_teardown.py
[2024-06-16T20:44:49.022+0000] {processor.py:840} INFO - DAG(s) 'example_setup_teardown' retrieved from /home/airflow/.local/lib/python3.12/site-packages/airflow/example_dags/example_setup_teardown.py
[2024-06-16T20:44:49.040+0000] {logging_mixin.py:188} INFO - [2024-06-16T20:44:49.040+0000] {dag.py:3096} INFO - Sync 1 DAGs
[2024-06-16T20:44:49.061+0000] {logging_mixin.py:188} INFO - [2024-06-16T20:44:49.061+0000] {dag.py:3954} INFO - Setting next_dagrun for example_setup_teardown to 2024-06-15 00:00:00+00:00, run_after=2024-06-16 00:00:00+00:00
[2024-06-16T20:44:49.081+0000] {processor.py:183} INFO - Processing /home/airflow/.local/lib/python3.12/site-packages/airflow/example_dags/example_setup_teardown.py took 0.073 seconds
[2024-06-16T20:45:19.599+0000] {processor.py:161} INFO - Started process (PID=2093) to work on /home/airflow/.local/lib/python3.12/site-packages/airflow/example_dags/example_setup_teardown.py
[2024-06-16T20:45:19.600+0000] {processor.py:830} INFO - Processing file /home/airflow/.local/lib/python3.12/site-packages/airflow/example_dags/example_setup_teardown.py for tasks to queue
[2024-06-16T20:45:19.602+0000] {logging_mixin.py:188} INFO - [2024-06-16T20:45:19.602+0000] {dagbag.py:545} INFO - Filling up the DagBag from /home/airflow/.local/lib/python3.12/site-packages/airflow/example_dags/example_setup_teardown.py
[2024-06-16T20:45:19.608+0000] {processor.py:840} INFO - DAG(s) 'example_setup_teardown' retrieved from /home/airflow/.local/lib/python3.12/site-packages/airflow/example_dags/example_setup_teardown.py
[2024-06-16T20:45:19.628+0000] {logging_mixin.py:188} INFO - [2024-06-16T20:45:19.628+0000] {dag.py:3096} INFO - Sync 1 DAGs
[2024-06-16T20:45:19.649+0000] {logging_mixin.py:188} INFO - [2024-06-16T20:45:19.649+0000] {dag.py:3954} INFO - Setting next_dagrun for example_setup_teardown to 2024-06-15 00:00:00+00:00, run_after=2024-06-16 00:00:00+00:00
[2024-06-16T20:45:19.668+0000] {processor.py:183} INFO - Processing /home/airflow/.local/lib/python3.12/site-packages/airflow/example_dags/example_setup_teardown.py took 0.075 seconds
[2024-06-16T20:45:50.108+0000] {processor.py:161} INFO - Started process (PID=2151) to work on /home/airflow/.local/lib/python3.12/site-packages/airflow/example_dags/example_setup_teardown.py
[2024-06-16T20:45:50.110+0000] {processor.py:830} INFO - Processing file /home/airflow/.local/lib/python3.12/site-packages/airflow/example_dags/example_setup_teardown.py for tasks to queue
[2024-06-16T20:45:50.111+0000] {logging_mixin.py:188} INFO - [2024-06-16T20:45:50.111+0000] {dagbag.py:545} INFO - Filling up the DagBag from /home/airflow/.local/lib/python3.12/site-packages/airflow/example_dags/example_setup_teardown.py
[2024-06-16T20:45:50.118+0000] {processor.py:840} INFO - DAG(s) 'example_setup_teardown' retrieved from /home/airflow/.local/lib/python3.12/site-packages/airflow/example_dags/example_setup_teardown.py
[2024-06-16T20:45:50.137+0000] {logging_mixin.py:188} INFO - [2024-06-16T20:45:50.137+0000] {dag.py:3096} INFO - Sync 1 DAGs
[2024-06-16T20:45:50.159+0000] {logging_mixin.py:188} INFO - [2024-06-16T20:45:50.158+0000] {dag.py:3954} INFO - Setting next_dagrun for example_setup_teardown to 2024-06-15 00:00:00+00:00, run_after=2024-06-16 00:00:00+00:00
[2024-06-16T20:45:50.178+0000] {processor.py:183} INFO - Processing /home/airflow/.local/lib/python3.12/site-packages/airflow/example_dags/example_setup_teardown.py took 0.075 seconds
[2024-06-16T20:46:20.500+0000] {processor.py:161} INFO - Started process (PID=2209) to work on /home/airflow/.local/lib/python3.12/site-packages/airflow/example_dags/example_setup_teardown.py
[2024-06-16T20:46:20.501+0000] {processor.py:830} INFO - Processing file /home/airflow/.local/lib/python3.12/site-packages/airflow/example_dags/example_setup_teardown.py for tasks to queue
[2024-06-16T20:46:20.503+0000] {logging_mixin.py:188} INFO - [2024-06-16T20:46:20.503+0000] {dagbag.py:545} INFO - Filling up the DagBag from /home/airflow/.local/lib/python3.12/site-packages/airflow/example_dags/example_setup_teardown.py
[2024-06-16T20:46:20.509+0000] {processor.py:840} INFO - DAG(s) 'example_setup_teardown' retrieved from /home/airflow/.local/lib/python3.12/site-packages/airflow/example_dags/example_setup_teardown.py
[2024-06-16T20:46:20.529+0000] {logging_mixin.py:188} INFO - [2024-06-16T20:46:20.529+0000] {dag.py:3096} INFO - Sync 1 DAGs
[2024-06-16T20:46:20.550+0000] {logging_mixin.py:188} INFO - [2024-06-16T20:46:20.550+0000] {dag.py:3954} INFO - Setting next_dagrun for example_setup_teardown to 2024-06-15 00:00:00+00:00, run_after=2024-06-16 00:00:00+00:00
[2024-06-16T20:46:20.569+0000] {processor.py:183} INFO - Processing /home/airflow/.local/lib/python3.12/site-packages/airflow/example_dags/example_setup_teardown.py took 0.075 seconds
[2024-06-16T20:46:50.990+0000] {processor.py:161} INFO - Started process (PID=2267) to work on /home/airflow/.local/lib/python3.12/site-packages/airflow/example_dags/example_setup_teardown.py
[2024-06-16T20:46:50.991+0000] {processor.py:830} INFO - Processing file /home/airflow/.local/lib/python3.12/site-packages/airflow/example_dags/example_setup_teardown.py for tasks to queue
[2024-06-16T20:46:50.993+0000] {logging_mixin.py:188} INFO - [2024-06-16T20:46:50.993+0000] {dagbag.py:545} INFO - Filling up the DagBag from /home/airflow/.local/lib/python3.12/site-packages/airflow/example_dags/example_setup_teardown.py
[2024-06-16T20:46:50.999+0000] {processor.py:840} INFO - DAG(s) 'example_setup_teardown' retrieved from /home/airflow/.local/lib/python3.12/site-packages/airflow/example_dags/example_setup_teardown.py
[2024-06-16T20:46:51.018+0000] {logging_mixin.py:188} INFO - [2024-06-16T20:46:51.018+0000] {dag.py:3096} INFO - Sync 1 DAGs
[2024-06-16T20:46:51.039+0000] {logging_mixin.py:188} INFO - [2024-06-16T20:46:51.039+0000] {dag.py:3954} INFO - Setting next_dagrun for example_setup_teardown to 2024-06-15 00:00:00+00:00, run_after=2024-06-16 00:00:00+00:00
[2024-06-16T20:46:51.058+0000] {processor.py:183} INFO - Processing /home/airflow/.local/lib/python3.12/site-packages/airflow/example_dags/example_setup_teardown.py took 0.074 seconds
[2024-06-16T20:47:21.399+0000] {processor.py:161} INFO - Started process (PID=2325) to work on /home/airflow/.local/lib/python3.12/site-packages/airflow/example_dags/example_setup_teardown.py
[2024-06-16T20:47:21.400+0000] {processor.py:830} INFO - Processing file /home/airflow/.local/lib/python3.12/site-packages/airflow/example_dags/example_setup_teardown.py for tasks to queue
[2024-06-16T20:47:21.402+0000] {logging_mixin.py:188} INFO - [2024-06-16T20:47:21.402+0000] {dagbag.py:545} INFO - Filling up the DagBag from /home/airflow/.local/lib/python3.12/site-packages/airflow/example_dags/example_setup_teardown.py
[2024-06-16T20:47:21.408+0000] {processor.py:840} INFO - DAG(s) 'example_setup_teardown' retrieved from /home/airflow/.local/lib/python3.12/site-packages/airflow/example_dags/example_setup_teardown.py
[2024-06-16T20:47:21.429+0000] {logging_mixin.py:188} INFO - [2024-06-16T20:47:21.429+0000] {dag.py:3096} INFO - Sync 1 DAGs
[2024-06-16T20:47:21.452+0000] {logging_mixin.py:188} INFO - [2024-06-16T20:47:21.452+0000] {dag.py:3954} INFO - Setting next_dagrun for example_setup_teardown to 2024-06-15 00:00:00+00:00, run_after=2024-06-16 00:00:00+00:00
[2024-06-16T20:47:21.473+0000] {processor.py:183} INFO - Processing /home/airflow/.local/lib/python3.12/site-packages/airflow/example_dags/example_setup_teardown.py took 0.080 seconds
[2024-06-16T20:47:51.886+0000] {processor.py:161} INFO - Started process (PID=2383) to work on /home/airflow/.local/lib/python3.12/site-packages/airflow/example_dags/example_setup_teardown.py
[2024-06-16T20:47:51.887+0000] {processor.py:830} INFO - Processing file /home/airflow/.local/lib/python3.12/site-packages/airflow/example_dags/example_setup_teardown.py for tasks to queue
[2024-06-16T20:47:51.889+0000] {logging_mixin.py:188} INFO - [2024-06-16T20:47:51.889+0000] {dagbag.py:545} INFO - Filling up the DagBag from /home/airflow/.local/lib/python3.12/site-packages/airflow/example_dags/example_setup_teardown.py
[2024-06-16T20:47:51.895+0000] {processor.py:840} INFO - DAG(s) 'example_setup_teardown' retrieved from /home/airflow/.local/lib/python3.12/site-packages/airflow/example_dags/example_setup_teardown.py
[2024-06-16T20:47:51.914+0000] {logging_mixin.py:188} INFO - [2024-06-16T20:47:51.914+0000] {dag.py:3096} INFO - Sync 1 DAGs
[2024-06-16T20:47:51.935+0000] {logging_mixin.py:188} INFO - [2024-06-16T20:47:51.934+0000] {dag.py:3954} INFO - Setting next_dagrun for example_setup_teardown to 2024-06-15 00:00:00+00:00, run_after=2024-06-16 00:00:00+00:00
[2024-06-16T20:47:51.954+0000] {processor.py:183} INFO - Processing /home/airflow/.local/lib/python3.12/site-packages/airflow/example_dags/example_setup_teardown.py took 0.073 seconds
[2024-06-16T20:48:22.274+0000] {processor.py:161} INFO - Started process (PID=2441) to work on /home/airflow/.local/lib/python3.12/site-packages/airflow/example_dags/example_setup_teardown.py
[2024-06-16T20:48:22.275+0000] {processor.py:830} INFO - Processing file /home/airflow/.local/lib/python3.12/site-packages/airflow/example_dags/example_setup_teardown.py for tasks to queue
[2024-06-16T20:48:22.277+0000] {logging_mixin.py:188} INFO - [2024-06-16T20:48:22.276+0000] {dagbag.py:545} INFO - Filling up the DagBag from /home/airflow/.local/lib/python3.12/site-packages/airflow/example_dags/example_setup_teardown.py
[2024-06-16T20:48:22.284+0000] {processor.py:840} INFO - DAG(s) 'example_setup_teardown' retrieved from /home/airflow/.local/lib/python3.12/site-packages/airflow/example_dags/example_setup_teardown.py
[2024-06-16T20:48:22.304+0000] {logging_mixin.py:188} INFO - [2024-06-16T20:48:22.304+0000] {dag.py:3096} INFO - Sync 1 DAGs
[2024-06-16T20:48:22.325+0000] {logging_mixin.py:188} INFO - [2024-06-16T20:48:22.325+0000] {dag.py:3954} INFO - Setting next_dagrun for example_setup_teardown to 2024-06-15 00:00:00+00:00, run_after=2024-06-16 00:00:00+00:00
[2024-06-16T20:48:22.344+0000] {processor.py:183} INFO - Processing /home/airflow/.local/lib/python3.12/site-packages/airflow/example_dags/example_setup_teardown.py took 0.076 seconds
[2024-06-16T20:48:52.848+0000] {processor.py:161} INFO - Started process (PID=2499) to work on /home/airflow/.local/lib/python3.12/site-packages/airflow/example_dags/example_setup_teardown.py
[2024-06-16T20:48:52.849+0000] {processor.py:830} INFO - Processing file /home/airflow/.local/lib/python3.12/site-packages/airflow/example_dags/example_setup_teardown.py for tasks to queue
[2024-06-16T20:48:52.851+0000] {logging_mixin.py:188} INFO - [2024-06-16T20:48:52.850+0000] {dagbag.py:545} INFO - Filling up the DagBag from /home/airflow/.local/lib/python3.12/site-packages/airflow/example_dags/example_setup_teardown.py
[2024-06-16T20:48:52.857+0000] {processor.py:840} INFO - DAG(s) 'example_setup_teardown' retrieved from /home/airflow/.local/lib/python3.12/site-packages/airflow/example_dags/example_setup_teardown.py
[2024-06-16T20:48:52.880+0000] {logging_mixin.py:188} INFO - [2024-06-16T20:48:52.880+0000] {dag.py:3096} INFO - Sync 1 DAGs
[2024-06-16T20:48:52.905+0000] {logging_mixin.py:188} INFO - [2024-06-16T20:48:52.905+0000] {dag.py:3954} INFO - Setting next_dagrun for example_setup_teardown to 2024-06-15 00:00:00+00:00, run_after=2024-06-16 00:00:00+00:00
[2024-06-16T20:48:52.924+0000] {processor.py:183} INFO - Processing /home/airflow/.local/lib/python3.12/site-packages/airflow/example_dags/example_setup_teardown.py took 0.082 seconds
[2024-06-16T20:49:23.404+0000] {processor.py:161} INFO - Started process (PID=2557) to work on /home/airflow/.local/lib/python3.12/site-packages/airflow/example_dags/example_setup_teardown.py
[2024-06-16T20:49:23.406+0000] {processor.py:830} INFO - Processing file /home/airflow/.local/lib/python3.12/site-packages/airflow/example_dags/example_setup_teardown.py for tasks to queue
[2024-06-16T20:49:23.407+0000] {logging_mixin.py:188} INFO - [2024-06-16T20:49:23.407+0000] {dagbag.py:545} INFO - Filling up the DagBag from /home/airflow/.local/lib/python3.12/site-packages/airflow/example_dags/example_setup_teardown.py
[2024-06-16T20:49:23.413+0000] {processor.py:840} INFO - DAG(s) 'example_setup_teardown' retrieved from /home/airflow/.local/lib/python3.12/site-packages/airflow/example_dags/example_setup_teardown.py
[2024-06-16T20:49:23.433+0000] {logging_mixin.py:188} INFO - [2024-06-16T20:49:23.432+0000] {dag.py:3096} INFO - Sync 1 DAGs
[2024-06-16T20:49:23.453+0000] {logging_mixin.py:188} INFO - [2024-06-16T20:49:23.453+0000] {dag.py:3954} INFO - Setting next_dagrun for example_setup_teardown to 2024-06-15 00:00:00+00:00, run_after=2024-06-16 00:00:00+00:00
[2024-06-16T20:49:23.471+0000] {processor.py:183} INFO - Processing /home/airflow/.local/lib/python3.12/site-packages/airflow/example_dags/example_setup_teardown.py took 0.073 seconds
[2024-06-16T20:49:53.822+0000] {processor.py:161} INFO - Started process (PID=2615) to work on /home/airflow/.local/lib/python3.12/site-packages/airflow/example_dags/example_setup_teardown.py
[2024-06-16T20:49:53.822+0000] {processor.py:830} INFO - Processing file /home/airflow/.local/lib/python3.12/site-packages/airflow/example_dags/example_setup_teardown.py for tasks to queue
[2024-06-16T20:49:53.824+0000] {logging_mixin.py:188} INFO - [2024-06-16T20:49:53.824+0000] {dagbag.py:545} INFO - Filling up the DagBag from /home/airflow/.local/lib/python3.12/site-packages/airflow/example_dags/example_setup_teardown.py
[2024-06-16T20:49:53.832+0000] {processor.py:840} INFO - DAG(s) 'example_setup_teardown' retrieved from /home/airflow/.local/lib/python3.12/site-packages/airflow/example_dags/example_setup_teardown.py
[2024-06-16T20:49:53.855+0000] {logging_mixin.py:188} INFO - [2024-06-16T20:49:53.855+0000] {dag.py:3096} INFO - Sync 1 DAGs
[2024-06-16T20:49:53.879+0000] {logging_mixin.py:188} INFO - [2024-06-16T20:49:53.879+0000] {dag.py:3954} INFO - Setting next_dagrun for example_setup_teardown to 2024-06-15 00:00:00+00:00, run_after=2024-06-16 00:00:00+00:00
[2024-06-16T20:49:53.899+0000] {processor.py:183} INFO - Processing /home/airflow/.local/lib/python3.12/site-packages/airflow/example_dags/example_setup_teardown.py took 0.082 seconds
[2024-06-16T20:50:24.260+0000] {processor.py:161} INFO - Started process (PID=2673) to work on /home/airflow/.local/lib/python3.12/site-packages/airflow/example_dags/example_setup_teardown.py
[2024-06-16T20:50:24.261+0000] {processor.py:830} INFO - Processing file /home/airflow/.local/lib/python3.12/site-packages/airflow/example_dags/example_setup_teardown.py for tasks to queue
[2024-06-16T20:50:24.263+0000] {logging_mixin.py:188} INFO - [2024-06-16T20:50:24.263+0000] {dagbag.py:545} INFO - Filling up the DagBag from /home/airflow/.local/lib/python3.12/site-packages/airflow/example_dags/example_setup_teardown.py
[2024-06-16T20:50:24.269+0000] {processor.py:840} INFO - DAG(s) 'example_setup_teardown' retrieved from /home/airflow/.local/lib/python3.12/site-packages/airflow/example_dags/example_setup_teardown.py
[2024-06-16T20:50:24.290+0000] {logging_mixin.py:188} INFO - [2024-06-16T20:50:24.289+0000] {dag.py:3096} INFO - Sync 1 DAGs
[2024-06-16T20:50:24.311+0000] {logging_mixin.py:188} INFO - [2024-06-16T20:50:24.311+0000] {dag.py:3954} INFO - Setting next_dagrun for example_setup_teardown to 2024-06-15 00:00:00+00:00, run_after=2024-06-16 00:00:00+00:00
[2024-06-16T20:50:24.329+0000] {processor.py:183} INFO - Processing /home/airflow/.local/lib/python3.12/site-packages/airflow/example_dags/example_setup_teardown.py took 0.075 seconds
[2024-06-16T20:50:54.705+0000] {processor.py:161} INFO - Started process (PID=2731) to work on /home/airflow/.local/lib/python3.12/site-packages/airflow/example_dags/example_setup_teardown.py
[2024-06-16T20:50:54.706+0000] {processor.py:830} INFO - Processing file /home/airflow/.local/lib/python3.12/site-packages/airflow/example_dags/example_setup_teardown.py for tasks to queue
[2024-06-16T20:50:54.708+0000] {logging_mixin.py:188} INFO - [2024-06-16T20:50:54.708+0000] {dagbag.py:545} INFO - Filling up the DagBag from /home/airflow/.local/lib/python3.12/site-packages/airflow/example_dags/example_setup_teardown.py
[2024-06-16T20:50:54.715+0000] {processor.py:840} INFO - DAG(s) 'example_setup_teardown' retrieved from /home/airflow/.local/lib/python3.12/site-packages/airflow/example_dags/example_setup_teardown.py
[2024-06-16T20:50:54.735+0000] {logging_mixin.py:188} INFO - [2024-06-16T20:50:54.735+0000] {dag.py:3096} INFO - Sync 1 DAGs
[2024-06-16T20:50:54.760+0000] {logging_mixin.py:188} INFO - [2024-06-16T20:50:54.760+0000] {dag.py:3954} INFO - Setting next_dagrun for example_setup_teardown to 2024-06-15 00:00:00+00:00, run_after=2024-06-16 00:00:00+00:00
[2024-06-16T20:50:54.790+0000] {processor.py:183} INFO - Processing /home/airflow/.local/lib/python3.12/site-packages/airflow/example_dags/example_setup_teardown.py took 0.091 seconds
[2024-06-16T20:51:25.174+0000] {processor.py:161} INFO - Started process (PID=2789) to work on /home/airflow/.local/lib/python3.12/site-packages/airflow/example_dags/example_setup_teardown.py
[2024-06-16T20:51:25.175+0000] {processor.py:830} INFO - Processing file /home/airflow/.local/lib/python3.12/site-packages/airflow/example_dags/example_setup_teardown.py for tasks to queue
[2024-06-16T20:51:25.177+0000] {logging_mixin.py:188} INFO - [2024-06-16T20:51:25.176+0000] {dagbag.py:545} INFO - Filling up the DagBag from /home/airflow/.local/lib/python3.12/site-packages/airflow/example_dags/example_setup_teardown.py
[2024-06-16T20:51:25.183+0000] {processor.py:840} INFO - DAG(s) 'example_setup_teardown' retrieved from /home/airflow/.local/lib/python3.12/site-packages/airflow/example_dags/example_setup_teardown.py
[2024-06-16T20:51:25.204+0000] {logging_mixin.py:188} INFO - [2024-06-16T20:51:25.203+0000] {dag.py:3096} INFO - Sync 1 DAGs
[2024-06-16T20:51:25.225+0000] {logging_mixin.py:188} INFO - [2024-06-16T20:51:25.225+0000] {dag.py:3954} INFO - Setting next_dagrun for example_setup_teardown to 2024-06-15 00:00:00+00:00, run_after=2024-06-16 00:00:00+00:00
[2024-06-16T20:51:25.243+0000] {processor.py:183} INFO - Processing /home/airflow/.local/lib/python3.12/site-packages/airflow/example_dags/example_setup_teardown.py took 0.074 seconds
[2024-06-16T20:51:55.667+0000] {processor.py:161} INFO - Started process (PID=2847) to work on /home/airflow/.local/lib/python3.12/site-packages/airflow/example_dags/example_setup_teardown.py
[2024-06-16T20:51:55.668+0000] {processor.py:830} INFO - Processing file /home/airflow/.local/lib/python3.12/site-packages/airflow/example_dags/example_setup_teardown.py for tasks to queue
[2024-06-16T20:51:55.670+0000] {logging_mixin.py:188} INFO - [2024-06-16T20:51:55.670+0000] {dagbag.py:545} INFO - Filling up the DagBag from /home/airflow/.local/lib/python3.12/site-packages/airflow/example_dags/example_setup_teardown.py
[2024-06-16T20:51:55.676+0000] {processor.py:840} INFO - DAG(s) 'example_setup_teardown' retrieved from /home/airflow/.local/lib/python3.12/site-packages/airflow/example_dags/example_setup_teardown.py
[2024-06-16T20:51:55.696+0000] {logging_mixin.py:188} INFO - [2024-06-16T20:51:55.695+0000] {dag.py:3096} INFO - Sync 1 DAGs
[2024-06-16T20:51:55.716+0000] {logging_mixin.py:188} INFO - [2024-06-16T20:51:55.716+0000] {dag.py:3954} INFO - Setting next_dagrun for example_setup_teardown to 2024-06-15 00:00:00+00:00, run_after=2024-06-16 00:00:00+00:00
[2024-06-16T20:51:55.735+0000] {processor.py:183} INFO - Processing /home/airflow/.local/lib/python3.12/site-packages/airflow/example_dags/example_setup_teardown.py took 0.073 seconds
[2024-06-16T20:52:26.266+0000] {processor.py:161} INFO - Started process (PID=2905) to work on /home/airflow/.local/lib/python3.12/site-packages/airflow/example_dags/example_setup_teardown.py
[2024-06-16T20:52:26.267+0000] {processor.py:830} INFO - Processing file /home/airflow/.local/lib/python3.12/site-packages/airflow/example_dags/example_setup_teardown.py for tasks to queue
[2024-06-16T20:52:26.268+0000] {logging_mixin.py:188} INFO - [2024-06-16T20:52:26.268+0000] {dagbag.py:545} INFO - Filling up the DagBag from /home/airflow/.local/lib/python3.12/site-packages/airflow/example_dags/example_setup_teardown.py
[2024-06-16T20:52:26.275+0000] {processor.py:840} INFO - DAG(s) 'example_setup_teardown' retrieved from /home/airflow/.local/lib/python3.12/site-packages/airflow/example_dags/example_setup_teardown.py
[2024-06-16T20:52:26.294+0000] {logging_mixin.py:188} INFO - [2024-06-16T20:52:26.294+0000] {dag.py:3096} INFO - Sync 1 DAGs
[2024-06-16T20:52:26.314+0000] {logging_mixin.py:188} INFO - [2024-06-16T20:52:26.314+0000] {dag.py:3954} INFO - Setting next_dagrun for example_setup_teardown to 2024-06-15 00:00:00+00:00, run_after=2024-06-16 00:00:00+00:00
[2024-06-16T20:52:26.334+0000] {processor.py:183} INFO - Processing /home/airflow/.local/lib/python3.12/site-packages/airflow/example_dags/example_setup_teardown.py took 0.074 seconds
[2024-06-16T20:52:56.578+0000] {processor.py:161} INFO - Started process (PID=2963) to work on /home/airflow/.local/lib/python3.12/site-packages/airflow/example_dags/example_setup_teardown.py
[2024-06-16T20:52:56.579+0000] {processor.py:830} INFO - Processing file /home/airflow/.local/lib/python3.12/site-packages/airflow/example_dags/example_setup_teardown.py for tasks to queue
[2024-06-16T20:52:56.581+0000] {logging_mixin.py:188} INFO - [2024-06-16T20:52:56.581+0000] {dagbag.py:545} INFO - Filling up the DagBag from /home/airflow/.local/lib/python3.12/site-packages/airflow/example_dags/example_setup_teardown.py
[2024-06-16T20:52:56.590+0000] {processor.py:840} INFO - DAG(s) 'example_setup_teardown' retrieved from /home/airflow/.local/lib/python3.12/site-packages/airflow/example_dags/example_setup_teardown.py
[2024-06-16T20:52:56.610+0000] {logging_mixin.py:188} INFO - [2024-06-16T20:52:56.610+0000] {dag.py:3096} INFO - Sync 1 DAGs
[2024-06-16T20:52:56.632+0000] {logging_mixin.py:188} INFO - [2024-06-16T20:52:56.632+0000] {dag.py:3954} INFO - Setting next_dagrun for example_setup_teardown to 2024-06-15 00:00:00+00:00, run_after=2024-06-16 00:00:00+00:00
[2024-06-16T20:52:56.652+0000] {processor.py:183} INFO - Processing /home/airflow/.local/lib/python3.12/site-packages/airflow/example_dags/example_setup_teardown.py took 0.081 seconds
[2024-06-16T20:53:27.112+0000] {processor.py:161} INFO - Started process (PID=3021) to work on /home/airflow/.local/lib/python3.12/site-packages/airflow/example_dags/example_setup_teardown.py
[2024-06-16T20:53:27.113+0000] {processor.py:830} INFO - Processing file /home/airflow/.local/lib/python3.12/site-packages/airflow/example_dags/example_setup_teardown.py for tasks to queue
[2024-06-16T20:53:27.115+0000] {logging_mixin.py:188} INFO - [2024-06-16T20:53:27.115+0000] {dagbag.py:545} INFO - Filling up the DagBag from /home/airflow/.local/lib/python3.12/site-packages/airflow/example_dags/example_setup_teardown.py
[2024-06-16T20:53:27.122+0000] {processor.py:840} INFO - DAG(s) 'example_setup_teardown' retrieved from /home/airflow/.local/lib/python3.12/site-packages/airflow/example_dags/example_setup_teardown.py
[2024-06-16T20:53:27.141+0000] {logging_mixin.py:188} INFO - [2024-06-16T20:53:27.141+0000] {dag.py:3096} INFO - Sync 1 DAGs
[2024-06-16T20:53:27.163+0000] {logging_mixin.py:188} INFO - [2024-06-16T20:53:27.163+0000] {dag.py:3954} INFO - Setting next_dagrun for example_setup_teardown to 2024-06-15 00:00:00+00:00, run_after=2024-06-16 00:00:00+00:00
[2024-06-16T20:53:27.183+0000] {processor.py:183} INFO - Processing /home/airflow/.local/lib/python3.12/site-packages/airflow/example_dags/example_setup_teardown.py took 0.076 seconds
[2024-06-16T20:53:57.599+0000] {processor.py:161} INFO - Started process (PID=3079) to work on /home/airflow/.local/lib/python3.12/site-packages/airflow/example_dags/example_setup_teardown.py
[2024-06-16T20:53:57.600+0000] {processor.py:830} INFO - Processing file /home/airflow/.local/lib/python3.12/site-packages/airflow/example_dags/example_setup_teardown.py for tasks to queue
[2024-06-16T20:53:57.601+0000] {logging_mixin.py:188} INFO - [2024-06-16T20:53:57.601+0000] {dagbag.py:545} INFO - Filling up the DagBag from /home/airflow/.local/lib/python3.12/site-packages/airflow/example_dags/example_setup_teardown.py
[2024-06-16T20:53:57.607+0000] {processor.py:840} INFO - DAG(s) 'example_setup_teardown' retrieved from /home/airflow/.local/lib/python3.12/site-packages/airflow/example_dags/example_setup_teardown.py
[2024-06-16T20:53:57.628+0000] {logging_mixin.py:188} INFO - [2024-06-16T20:53:57.627+0000] {dag.py:3096} INFO - Sync 1 DAGs
[2024-06-16T20:53:57.653+0000] {logging_mixin.py:188} INFO - [2024-06-16T20:53:57.653+0000] {dag.py:3954} INFO - Setting next_dagrun for example_setup_teardown to 2024-06-15 00:00:00+00:00, run_after=2024-06-16 00:00:00+00:00
[2024-06-16T20:53:57.673+0000] {processor.py:183} INFO - Processing /home/airflow/.local/lib/python3.12/site-packages/airflow/example_dags/example_setup_teardown.py took 0.080 seconds
[2024-06-16T20:54:28.092+0000] {processor.py:161} INFO - Started process (PID=3137) to work on /home/airflow/.local/lib/python3.12/site-packages/airflow/example_dags/example_setup_teardown.py
[2024-06-16T20:54:28.093+0000] {processor.py:830} INFO - Processing file /home/airflow/.local/lib/python3.12/site-packages/airflow/example_dags/example_setup_teardown.py for tasks to queue
[2024-06-16T20:54:28.095+0000] {logging_mixin.py:188} INFO - [2024-06-16T20:54:28.095+0000] {dagbag.py:545} INFO - Filling up the DagBag from /home/airflow/.local/lib/python3.12/site-packages/airflow/example_dags/example_setup_teardown.py
[2024-06-16T20:54:28.101+0000] {processor.py:840} INFO - DAG(s) 'example_setup_teardown' retrieved from /home/airflow/.local/lib/python3.12/site-packages/airflow/example_dags/example_setup_teardown.py
[2024-06-16T20:54:28.121+0000] {logging_mixin.py:188} INFO - [2024-06-16T20:54:28.121+0000] {dag.py:3096} INFO - Sync 1 DAGs
[2024-06-16T20:54:28.142+0000] {logging_mixin.py:188} INFO - [2024-06-16T20:54:28.142+0000] {dag.py:3954} INFO - Setting next_dagrun for example_setup_teardown to 2024-06-15 00:00:00+00:00, run_after=2024-06-16 00:00:00+00:00
[2024-06-16T20:54:28.160+0000] {processor.py:183} INFO - Processing /home/airflow/.local/lib/python3.12/site-packages/airflow/example_dags/example_setup_teardown.py took 0.074 seconds
[2024-06-16T20:54:58.518+0000] {processor.py:161} INFO - Started process (PID=3195) to work on /home/airflow/.local/lib/python3.12/site-packages/airflow/example_dags/example_setup_teardown.py
[2024-06-16T20:54:58.519+0000] {processor.py:830} INFO - Processing file /home/airflow/.local/lib/python3.12/site-packages/airflow/example_dags/example_setup_teardown.py for tasks to queue
[2024-06-16T20:54:58.521+0000] {logging_mixin.py:188} INFO - [2024-06-16T20:54:58.520+0000] {dagbag.py:545} INFO - Filling up the DagBag from /home/airflow/.local/lib/python3.12/site-packages/airflow/example_dags/example_setup_teardown.py
[2024-06-16T20:54:58.527+0000] {processor.py:840} INFO - DAG(s) 'example_setup_teardown' retrieved from /home/airflow/.local/lib/python3.12/site-packages/airflow/example_dags/example_setup_teardown.py
[2024-06-16T20:54:58.547+0000] {logging_mixin.py:188} INFO - [2024-06-16T20:54:58.547+0000] {dag.py:3096} INFO - Sync 1 DAGs
[2024-06-16T20:54:58.568+0000] {logging_mixin.py:188} INFO - [2024-06-16T20:54:58.568+0000] {dag.py:3954} INFO - Setting next_dagrun for example_setup_teardown to 2024-06-15 00:00:00+00:00, run_after=2024-06-16 00:00:00+00:00
[2024-06-16T20:54:58.586+0000] {processor.py:183} INFO - Processing /home/airflow/.local/lib/python3.12/site-packages/airflow/example_dags/example_setup_teardown.py took 0.074 seconds
[2024-06-16T20:55:28.935+0000] {processor.py:161} INFO - Started process (PID=3253) to work on /home/airflow/.local/lib/python3.12/site-packages/airflow/example_dags/example_setup_teardown.py
[2024-06-16T20:55:28.936+0000] {processor.py:830} INFO - Processing file /home/airflow/.local/lib/python3.12/site-packages/airflow/example_dags/example_setup_teardown.py for tasks to queue
[2024-06-16T20:55:28.938+0000] {logging_mixin.py:188} INFO - [2024-06-16T20:55:28.937+0000] {dagbag.py:545} INFO - Filling up the DagBag from /home/airflow/.local/lib/python3.12/site-packages/airflow/example_dags/example_setup_teardown.py
[2024-06-16T20:55:28.945+0000] {processor.py:840} INFO - DAG(s) 'example_setup_teardown' retrieved from /home/airflow/.local/lib/python3.12/site-packages/airflow/example_dags/example_setup_teardown.py
[2024-06-16T20:55:28.964+0000] {logging_mixin.py:188} INFO - [2024-06-16T20:55:28.964+0000] {dag.py:3096} INFO - Sync 1 DAGs
[2024-06-16T20:55:28.986+0000] {logging_mixin.py:188} INFO - [2024-06-16T20:55:28.985+0000] {dag.py:3954} INFO - Setting next_dagrun for example_setup_teardown to 2024-06-15 00:00:00+00:00, run_after=2024-06-16 00:00:00+00:00
[2024-06-16T20:55:29.004+0000] {processor.py:183} INFO - Processing /home/airflow/.local/lib/python3.12/site-packages/airflow/example_dags/example_setup_teardown.py took 0.075 seconds
[2024-06-16T20:55:59.182+0000] {processor.py:161} INFO - Started process (PID=3311) to work on /home/airflow/.local/lib/python3.12/site-packages/airflow/example_dags/example_setup_teardown.py
[2024-06-16T20:55:59.182+0000] {processor.py:830} INFO - Processing file /home/airflow/.local/lib/python3.12/site-packages/airflow/example_dags/example_setup_teardown.py for tasks to queue
[2024-06-16T20:55:59.184+0000] {logging_mixin.py:188} INFO - [2024-06-16T20:55:59.184+0000] {dagbag.py:545} INFO - Filling up the DagBag from /home/airflow/.local/lib/python3.12/site-packages/airflow/example_dags/example_setup_teardown.py
[2024-06-16T20:55:59.191+0000] {processor.py:840} INFO - DAG(s) 'example_setup_teardown' retrieved from /home/airflow/.local/lib/python3.12/site-packages/airflow/example_dags/example_setup_teardown.py
[2024-06-16T20:55:59.211+0000] {logging_mixin.py:188} INFO - [2024-06-16T20:55:59.211+0000] {dag.py:3096} INFO - Sync 1 DAGs
[2024-06-16T20:55:59.234+0000] {logging_mixin.py:188} INFO - [2024-06-16T20:55:59.233+0000] {dag.py:3954} INFO - Setting next_dagrun for example_setup_teardown to 2024-06-15 00:00:00+00:00, run_after=2024-06-16 00:00:00+00:00
[2024-06-16T20:55:59.253+0000] {processor.py:183} INFO - Processing /home/airflow/.local/lib/python3.12/site-packages/airflow/example_dags/example_setup_teardown.py took 0.077 seconds
[2024-06-16T20:56:29.797+0000] {processor.py:161} INFO - Started process (PID=3369) to work on /home/airflow/.local/lib/python3.12/site-packages/airflow/example_dags/example_setup_teardown.py
[2024-06-16T20:56:29.798+0000] {processor.py:830} INFO - Processing file /home/airflow/.local/lib/python3.12/site-packages/airflow/example_dags/example_setup_teardown.py for tasks to queue
[2024-06-16T20:56:29.800+0000] {logging_mixin.py:188} INFO - [2024-06-16T20:56:29.799+0000] {dagbag.py:545} INFO - Filling up the DagBag from /home/airflow/.local/lib/python3.12/site-packages/airflow/example_dags/example_setup_teardown.py
[2024-06-16T20:56:29.807+0000] {processor.py:840} INFO - DAG(s) 'example_setup_teardown' retrieved from /home/airflow/.local/lib/python3.12/site-packages/airflow/example_dags/example_setup_teardown.py
[2024-06-16T20:56:29.829+0000] {logging_mixin.py:188} INFO - [2024-06-16T20:56:29.829+0000] {dag.py:3096} INFO - Sync 1 DAGs
[2024-06-16T20:56:29.852+0000] {logging_mixin.py:188} INFO - [2024-06-16T20:56:29.852+0000] {dag.py:3954} INFO - Setting next_dagrun for example_setup_teardown to 2024-06-15 00:00:00+00:00, run_after=2024-06-16 00:00:00+00:00
[2024-06-16T20:56:29.871+0000] {processor.py:183} INFO - Processing /home/airflow/.local/lib/python3.12/site-packages/airflow/example_dags/example_setup_teardown.py took 0.080 seconds
[2024-06-16T20:57:00.492+0000] {processor.py:161} INFO - Started process (PID=3427) to work on /home/airflow/.local/lib/python3.12/site-packages/airflow/example_dags/example_setup_teardown.py
[2024-06-16T20:57:00.493+0000] {processor.py:830} INFO - Processing file /home/airflow/.local/lib/python3.12/site-packages/airflow/example_dags/example_setup_teardown.py for tasks to queue
[2024-06-16T20:57:00.495+0000] {logging_mixin.py:188} INFO - [2024-06-16T20:57:00.495+0000] {dagbag.py:545} INFO - Filling up the DagBag from /home/airflow/.local/lib/python3.12/site-packages/airflow/example_dags/example_setup_teardown.py
[2024-06-16T20:57:00.504+0000] {processor.py:840} INFO - DAG(s) 'example_setup_teardown' retrieved from /home/airflow/.local/lib/python3.12/site-packages/airflow/example_dags/example_setup_teardown.py
[2024-06-16T20:57:00.527+0000] {logging_mixin.py:188} INFO - [2024-06-16T20:57:00.527+0000] {dag.py:3096} INFO - Sync 1 DAGs
[2024-06-16T20:57:00.556+0000] {logging_mixin.py:188} INFO - [2024-06-16T20:57:00.556+0000] {dag.py:3954} INFO - Setting next_dagrun for example_setup_teardown to 2024-06-15 00:00:00+00:00, run_after=2024-06-16 00:00:00+00:00
[2024-06-16T20:57:00.580+0000] {processor.py:183} INFO - Processing /home/airflow/.local/lib/python3.12/site-packages/airflow/example_dags/example_setup_teardown.py took 0.096 seconds
[2024-06-16T20:57:31.553+0000] {processor.py:161} INFO - Started process (PID=3485) to work on /home/airflow/.local/lib/python3.12/site-packages/airflow/example_dags/example_setup_teardown.py
[2024-06-16T20:57:31.554+0000] {processor.py:830} INFO - Processing file /home/airflow/.local/lib/python3.12/site-packages/airflow/example_dags/example_setup_teardown.py for tasks to queue
[2024-06-16T20:57:31.556+0000] {logging_mixin.py:188} INFO - [2024-06-16T20:57:31.556+0000] {dagbag.py:545} INFO - Filling up the DagBag from /home/airflow/.local/lib/python3.12/site-packages/airflow/example_dags/example_setup_teardown.py
[2024-06-16T20:57:31.563+0000] {processor.py:840} INFO - DAG(s) 'example_setup_teardown' retrieved from /home/airflow/.local/lib/python3.12/site-packages/airflow/example_dags/example_setup_teardown.py
[2024-06-16T20:57:31.585+0000] {logging_mixin.py:188} INFO - [2024-06-16T20:57:31.585+0000] {dag.py:3096} INFO - Sync 1 DAGs
[2024-06-16T20:57:31.607+0000] {logging_mixin.py:188} INFO - [2024-06-16T20:57:31.607+0000] {dag.py:3954} INFO - Setting next_dagrun for example_setup_teardown to 2024-06-15 00:00:00+00:00, run_after=2024-06-16 00:00:00+00:00
[2024-06-16T20:57:31.626+0000] {processor.py:183} INFO - Processing /home/airflow/.local/lib/python3.12/site-packages/airflow/example_dags/example_setup_teardown.py took 0.079 seconds
[2024-06-16T20:58:01.731+0000] {processor.py:161} INFO - Started process (PID=3543) to work on /home/airflow/.local/lib/python3.12/site-packages/airflow/example_dags/example_setup_teardown.py
[2024-06-16T20:58:01.732+0000] {processor.py:830} INFO - Processing file /home/airflow/.local/lib/python3.12/site-packages/airflow/example_dags/example_setup_teardown.py for tasks to queue
[2024-06-16T20:58:01.734+0000] {logging_mixin.py:188} INFO - [2024-06-16T20:58:01.733+0000] {dagbag.py:545} INFO - Filling up the DagBag from /home/airflow/.local/lib/python3.12/site-packages/airflow/example_dags/example_setup_teardown.py
[2024-06-16T20:58:01.740+0000] {processor.py:840} INFO - DAG(s) 'example_setup_teardown' retrieved from /home/airflow/.local/lib/python3.12/site-packages/airflow/example_dags/example_setup_teardown.py
[2024-06-16T20:58:01.762+0000] {logging_mixin.py:188} INFO - [2024-06-16T20:58:01.762+0000] {dag.py:3096} INFO - Sync 1 DAGs
[2024-06-16T20:58:01.784+0000] {logging_mixin.py:188} INFO - [2024-06-16T20:58:01.784+0000] {dag.py:3954} INFO - Setting next_dagrun for example_setup_teardown to 2024-06-15 00:00:00+00:00, run_after=2024-06-16 00:00:00+00:00
[2024-06-16T20:58:01.802+0000] {processor.py:183} INFO - Processing /home/airflow/.local/lib/python3.12/site-packages/airflow/example_dags/example_setup_teardown.py took 0.077 seconds
[2024-06-16T20:58:31.974+0000] {processor.py:161} INFO - Started process (PID=3601) to work on /home/airflow/.local/lib/python3.12/site-packages/airflow/example_dags/example_setup_teardown.py
[2024-06-16T20:58:31.975+0000] {processor.py:830} INFO - Processing file /home/airflow/.local/lib/python3.12/site-packages/airflow/example_dags/example_setup_teardown.py for tasks to queue
[2024-06-16T20:58:31.977+0000] {logging_mixin.py:188} INFO - [2024-06-16T20:58:31.976+0000] {dagbag.py:545} INFO - Filling up the DagBag from /home/airflow/.local/lib/python3.12/site-packages/airflow/example_dags/example_setup_teardown.py
[2024-06-16T20:58:31.983+0000] {processor.py:840} INFO - DAG(s) 'example_setup_teardown' retrieved from /home/airflow/.local/lib/python3.12/site-packages/airflow/example_dags/example_setup_teardown.py
[2024-06-16T20:58:32.003+0000] {logging_mixin.py:188} INFO - [2024-06-16T20:58:32.003+0000] {dag.py:3096} INFO - Sync 1 DAGs
[2024-06-16T20:58:32.025+0000] {logging_mixin.py:188} INFO - [2024-06-16T20:58:32.024+0000] {dag.py:3954} INFO - Setting next_dagrun for example_setup_teardown to 2024-06-15 00:00:00+00:00, run_after=2024-06-16 00:00:00+00:00
[2024-06-16T20:58:32.045+0000] {processor.py:183} INFO - Processing /home/airflow/.local/lib/python3.12/site-packages/airflow/example_dags/example_setup_teardown.py took 0.077 seconds
[2024-06-16T20:59:02.194+0000] {processor.py:161} INFO - Started process (PID=3659) to work on /home/airflow/.local/lib/python3.12/site-packages/airflow/example_dags/example_setup_teardown.py
[2024-06-16T20:59:02.195+0000] {processor.py:830} INFO - Processing file /home/airflow/.local/lib/python3.12/site-packages/airflow/example_dags/example_setup_teardown.py for tasks to queue
[2024-06-16T20:59:02.197+0000] {logging_mixin.py:188} INFO - [2024-06-16T20:59:02.197+0000] {dagbag.py:545} INFO - Filling up the DagBag from /home/airflow/.local/lib/python3.12/site-packages/airflow/example_dags/example_setup_teardown.py
[2024-06-16T20:59:02.206+0000] {processor.py:840} INFO - DAG(s) 'example_setup_teardown' retrieved from /home/airflow/.local/lib/python3.12/site-packages/airflow/example_dags/example_setup_teardown.py
[2024-06-16T20:59:02.228+0000] {logging_mixin.py:188} INFO - [2024-06-16T20:59:02.227+0000] {dag.py:3096} INFO - Sync 1 DAGs
[2024-06-16T20:59:02.254+0000] {logging_mixin.py:188} INFO - [2024-06-16T20:59:02.253+0000] {dag.py:3954} INFO - Setting next_dagrun for example_setup_teardown to 2024-06-15 00:00:00+00:00, run_after=2024-06-16 00:00:00+00:00
[2024-06-16T20:59:02.273+0000] {processor.py:183} INFO - Processing /home/airflow/.local/lib/python3.12/site-packages/airflow/example_dags/example_setup_teardown.py took 0.087 seconds
[2024-06-16T20:59:32.378+0000] {processor.py:161} INFO - Started process (PID=3717) to work on /home/airflow/.local/lib/python3.12/site-packages/airflow/example_dags/example_setup_teardown.py
[2024-06-16T20:59:32.380+0000] {processor.py:830} INFO - Processing file /home/airflow/.local/lib/python3.12/site-packages/airflow/example_dags/example_setup_teardown.py for tasks to queue
[2024-06-16T20:59:32.381+0000] {logging_mixin.py:188} INFO - [2024-06-16T20:59:32.381+0000] {dagbag.py:545} INFO - Filling up the DagBag from /home/airflow/.local/lib/python3.12/site-packages/airflow/example_dags/example_setup_teardown.py
[2024-06-16T20:59:32.388+0000] {processor.py:840} INFO - DAG(s) 'example_setup_teardown' retrieved from /home/airflow/.local/lib/python3.12/site-packages/airflow/example_dags/example_setup_teardown.py
[2024-06-16T20:59:32.415+0000] {logging_mixin.py:188} INFO - [2024-06-16T20:59:32.414+0000] {dag.py:3096} INFO - Sync 1 DAGs
[2024-06-16T20:59:32.437+0000] {logging_mixin.py:188} INFO - [2024-06-16T20:59:32.437+0000] {dag.py:3954} INFO - Setting next_dagrun for example_setup_teardown to 2024-06-15 00:00:00+00:00, run_after=2024-06-16 00:00:00+00:00
[2024-06-16T20:59:32.456+0000] {processor.py:183} INFO - Processing /home/airflow/.local/lib/python3.12/site-packages/airflow/example_dags/example_setup_teardown.py took 0.083 seconds
