[2024-06-16T20:27:26.354+0000] {processor.py:161} INFO - Started process (PID=49) to work on /home/airflow/.local/lib/python3.12/site-packages/airflow/example_dags/example_branch_operator.py
[2024-06-16T20:27:26.362+0000] {processor.py:830} INFO - Processing file /home/airflow/.local/lib/python3.12/site-packages/airflow/example_dags/example_branch_operator.py for tasks to queue
[2024-06-16T20:27:26.366+0000] {logging_mixin.py:188} INFO - [2024-06-16T20:27:26.366+0000] {dagbag.py:545} INFO - Filling up the DagBag from /home/airflow/.local/lib/python3.12/site-packages/airflow/example_dags/example_branch_operator.py
[2024-06-16T20:27:26.411+0000] {processor.py:840} INFO - DAG(s) 'example_branch_operator' retrieved from /home/airflow/.local/lib/python3.12/site-packages/airflow/example_dags/example_branch_operator.py
[2024-06-16T20:27:26.748+0000] {logging_mixin.py:188} INFO - [2024-06-16T20:27:26.747+0000] {dag.py:3096} INFO - Sync 1 DAGs
[2024-06-16T20:27:26.796+0000] {logging_mixin.py:188} INFO - [2024-06-16T20:27:26.795+0000] {dag.py:3954} INFO - Setting next_dagrun for example_branch_operator to 2024-06-15 00:00:00+00:00, run_after=2024-06-16 00:00:00+00:00
[2024-06-16T20:27:26.837+0000] {processor.py:183} INFO - Processing /home/airflow/.local/lib/python3.12/site-packages/airflow/example_dags/example_branch_operator.py took 0.509 seconds
[2024-06-16T20:27:56.874+0000] {processor.py:161} INFO - Started process (PID=107) to work on /home/airflow/.local/lib/python3.12/site-packages/airflow/example_dags/example_branch_operator.py
[2024-06-16T20:27:56.876+0000] {processor.py:830} INFO - Processing file /home/airflow/.local/lib/python3.12/site-packages/airflow/example_dags/example_branch_operator.py for tasks to queue
[2024-06-16T20:27:56.877+0000] {logging_mixin.py:188} INFO - [2024-06-16T20:27:56.877+0000] {dagbag.py:545} INFO - Filling up the DagBag from /home/airflow/.local/lib/python3.12/site-packages/airflow/example_dags/example_branch_operator.py
[2024-06-16T20:27:56.893+0000] {processor.py:840} INFO - DAG(s) 'example_branch_operator' retrieved from /home/airflow/.local/lib/python3.12/site-packages/airflow/example_dags/example_branch_operator.py
[2024-06-16T20:27:56.922+0000] {logging_mixin.py:188} INFO - [2024-06-16T20:27:56.922+0000] {dag.py:3096} INFO - Sync 1 DAGs
[2024-06-16T20:27:56.946+0000] {logging_mixin.py:188} INFO - [2024-06-16T20:27:56.946+0000] {dag.py:3954} INFO - Setting next_dagrun for example_branch_operator to 2024-06-15 00:00:00+00:00, run_after=2024-06-16 00:00:00+00:00
[2024-06-16T20:27:56.965+0000] {processor.py:183} INFO - Processing /home/airflow/.local/lib/python3.12/site-packages/airflow/example_dags/example_branch_operator.py took 0.096 seconds
[2024-06-16T20:28:27.697+0000] {processor.py:161} INFO - Started process (PID=166) to work on /home/airflow/.local/lib/python3.12/site-packages/airflow/example_dags/example_branch_operator.py
[2024-06-16T20:28:27.698+0000] {processor.py:830} INFO - Processing file /home/airflow/.local/lib/python3.12/site-packages/airflow/example_dags/example_branch_operator.py for tasks to queue
[2024-06-16T20:28:27.700+0000] {logging_mixin.py:188} INFO - [2024-06-16T20:28:27.700+0000] {dagbag.py:545} INFO - Filling up the DagBag from /home/airflow/.local/lib/python3.12/site-packages/airflow/example_dags/example_branch_operator.py
[2024-06-16T20:28:27.717+0000] {processor.py:840} INFO - DAG(s) 'example_branch_operator' retrieved from /home/airflow/.local/lib/python3.12/site-packages/airflow/example_dags/example_branch_operator.py
[2024-06-16T20:28:27.746+0000] {logging_mixin.py:188} INFO - [2024-06-16T20:28:27.746+0000] {dag.py:3096} INFO - Sync 1 DAGs
[2024-06-16T20:28:27.769+0000] {logging_mixin.py:188} INFO - [2024-06-16T20:28:27.769+0000] {dag.py:3954} INFO - Setting next_dagrun for example_branch_operator to 2024-06-15 00:00:00+00:00, run_after=2024-06-16 00:00:00+00:00
[2024-06-16T20:28:27.787+0000] {processor.py:183} INFO - Processing /home/airflow/.local/lib/python3.12/site-packages/airflow/example_dags/example_branch_operator.py took 0.097 seconds
[2024-06-16T20:28:58.152+0000] {processor.py:161} INFO - Started process (PID=224) to work on /home/airflow/.local/lib/python3.12/site-packages/airflow/example_dags/example_branch_operator.py
[2024-06-16T20:28:58.153+0000] {processor.py:830} INFO - Processing file /home/airflow/.local/lib/python3.12/site-packages/airflow/example_dags/example_branch_operator.py for tasks to queue
[2024-06-16T20:28:58.155+0000] {logging_mixin.py:188} INFO - [2024-06-16T20:28:58.154+0000] {dagbag.py:545} INFO - Filling up the DagBag from /home/airflow/.local/lib/python3.12/site-packages/airflow/example_dags/example_branch_operator.py
[2024-06-16T20:28:58.170+0000] {processor.py:840} INFO - DAG(s) 'example_branch_operator' retrieved from /home/airflow/.local/lib/python3.12/site-packages/airflow/example_dags/example_branch_operator.py
[2024-06-16T20:28:58.197+0000] {logging_mixin.py:188} INFO - [2024-06-16T20:28:58.196+0000] {dag.py:3096} INFO - Sync 1 DAGs
[2024-06-16T20:28:58.219+0000] {logging_mixin.py:188} INFO - [2024-06-16T20:28:58.218+0000] {dag.py:3954} INFO - Setting next_dagrun for example_branch_operator to 2024-06-15 00:00:00+00:00, run_after=2024-06-16 00:00:00+00:00
[2024-06-16T20:28:58.239+0000] {processor.py:183} INFO - Processing /home/airflow/.local/lib/python3.12/site-packages/airflow/example_dags/example_branch_operator.py took 0.092 seconds
[2024-06-16T20:29:28.798+0000] {processor.py:161} INFO - Started process (PID=282) to work on /home/airflow/.local/lib/python3.12/site-packages/airflow/example_dags/example_branch_operator.py
[2024-06-16T20:29:28.799+0000] {processor.py:830} INFO - Processing file /home/airflow/.local/lib/python3.12/site-packages/airflow/example_dags/example_branch_operator.py for tasks to queue
[2024-06-16T20:29:28.801+0000] {logging_mixin.py:188} INFO - [2024-06-16T20:29:28.800+0000] {dagbag.py:545} INFO - Filling up the DagBag from /home/airflow/.local/lib/python3.12/site-packages/airflow/example_dags/example_branch_operator.py
[2024-06-16T20:29:28.821+0000] {processor.py:840} INFO - DAG(s) 'example_branch_operator' retrieved from /home/airflow/.local/lib/python3.12/site-packages/airflow/example_dags/example_branch_operator.py
[2024-06-16T20:29:28.854+0000] {logging_mixin.py:188} INFO - [2024-06-16T20:29:28.854+0000] {dag.py:3096} INFO - Sync 1 DAGs
[2024-06-16T20:29:28.883+0000] {logging_mixin.py:188} INFO - [2024-06-16T20:29:28.883+0000] {dag.py:3954} INFO - Setting next_dagrun for example_branch_operator to 2024-06-15 00:00:00+00:00, run_after=2024-06-16 00:00:00+00:00
[2024-06-16T20:29:28.908+0000] {processor.py:183} INFO - Processing /home/airflow/.local/lib/python3.12/site-packages/airflow/example_dags/example_branch_operator.py took 0.118 seconds
[2024-06-16T20:29:59.707+0000] {processor.py:161} INFO - Started process (PID=340) to work on /home/airflow/.local/lib/python3.12/site-packages/airflow/example_dags/example_branch_operator.py
[2024-06-16T20:29:59.709+0000] {processor.py:830} INFO - Processing file /home/airflow/.local/lib/python3.12/site-packages/airflow/example_dags/example_branch_operator.py for tasks to queue
[2024-06-16T20:29:59.712+0000] {logging_mixin.py:188} INFO - [2024-06-16T20:29:59.711+0000] {dagbag.py:545} INFO - Filling up the DagBag from /home/airflow/.local/lib/python3.12/site-packages/airflow/example_dags/example_branch_operator.py
[2024-06-16T20:29:59.731+0000] {processor.py:840} INFO - DAG(s) 'example_branch_operator' retrieved from /home/airflow/.local/lib/python3.12/site-packages/airflow/example_dags/example_branch_operator.py
[2024-06-16T20:29:59.764+0000] {logging_mixin.py:188} INFO - [2024-06-16T20:29:59.764+0000] {dag.py:3096} INFO - Sync 1 DAGs
[2024-06-16T20:29:59.790+0000] {logging_mixin.py:188} INFO - [2024-06-16T20:29:59.790+0000] {dag.py:3954} INFO - Setting next_dagrun for example_branch_operator to 2024-06-15 00:00:00+00:00, run_after=2024-06-16 00:00:00+00:00
[2024-06-16T20:29:59.813+0000] {processor.py:183} INFO - Processing /home/airflow/.local/lib/python3.12/site-packages/airflow/example_dags/example_branch_operator.py took 0.114 seconds
[2024-06-16T20:30:30.281+0000] {processor.py:161} INFO - Started process (PID=398) to work on /home/airflow/.local/lib/python3.12/site-packages/airflow/example_dags/example_branch_operator.py
[2024-06-16T20:30:30.282+0000] {processor.py:830} INFO - Processing file /home/airflow/.local/lib/python3.12/site-packages/airflow/example_dags/example_branch_operator.py for tasks to queue
[2024-06-16T20:30:30.284+0000] {logging_mixin.py:188} INFO - [2024-06-16T20:30:30.283+0000] {dagbag.py:545} INFO - Filling up the DagBag from /home/airflow/.local/lib/python3.12/site-packages/airflow/example_dags/example_branch_operator.py
[2024-06-16T20:30:30.310+0000] {processor.py:840} INFO - DAG(s) 'example_branch_operator' retrieved from /home/airflow/.local/lib/python3.12/site-packages/airflow/example_dags/example_branch_operator.py
[2024-06-16T20:30:30.352+0000] {logging_mixin.py:188} INFO - [2024-06-16T20:30:30.351+0000] {dag.py:3096} INFO - Sync 1 DAGs
[2024-06-16T20:30:30.386+0000] {logging_mixin.py:188} INFO - [2024-06-16T20:30:30.385+0000] {dag.py:3954} INFO - Setting next_dagrun for example_branch_operator to 2024-06-15 00:00:00+00:00, run_after=2024-06-16 00:00:00+00:00
[2024-06-16T20:30:30.407+0000] {processor.py:183} INFO - Processing /home/airflow/.local/lib/python3.12/site-packages/airflow/example_dags/example_branch_operator.py took 0.134 seconds
[2024-06-16T20:31:01.350+0000] {processor.py:161} INFO - Started process (PID=462) to work on /home/airflow/.local/lib/python3.12/site-packages/airflow/example_dags/example_branch_operator.py
[2024-06-16T20:31:01.352+0000] {processor.py:830} INFO - Processing file /home/airflow/.local/lib/python3.12/site-packages/airflow/example_dags/example_branch_operator.py for tasks to queue
[2024-06-16T20:31:01.355+0000] {logging_mixin.py:188} INFO - [2024-06-16T20:31:01.354+0000] {dagbag.py:545} INFO - Filling up the DagBag from /home/airflow/.local/lib/python3.12/site-packages/airflow/example_dags/example_branch_operator.py
[2024-06-16T20:31:01.377+0000] {processor.py:840} INFO - DAG(s) 'example_branch_operator' retrieved from /home/airflow/.local/lib/python3.12/site-packages/airflow/example_dags/example_branch_operator.py
[2024-06-16T20:31:01.416+0000] {logging_mixin.py:188} INFO - [2024-06-16T20:31:01.416+0000] {dag.py:3096} INFO - Sync 1 DAGs
[2024-06-16T20:31:01.451+0000] {logging_mixin.py:188} INFO - [2024-06-16T20:31:01.450+0000] {dag.py:3954} INFO - Setting next_dagrun for example_branch_operator to 2024-06-15 00:00:00+00:00, run_after=2024-06-16 00:00:00+00:00
[2024-06-16T20:31:01.488+0000] {processor.py:183} INFO - Processing /home/airflow/.local/lib/python3.12/site-packages/airflow/example_dags/example_branch_operator.py took 0.143 seconds
[2024-06-16T20:31:32.183+0000] {processor.py:161} INFO - Started process (PID=520) to work on /home/airflow/.local/lib/python3.12/site-packages/airflow/example_dags/example_branch_operator.py
[2024-06-16T20:31:32.185+0000] {processor.py:830} INFO - Processing file /home/airflow/.local/lib/python3.12/site-packages/airflow/example_dags/example_branch_operator.py for tasks to queue
[2024-06-16T20:31:32.186+0000] {logging_mixin.py:188} INFO - [2024-06-16T20:31:32.186+0000] {dagbag.py:545} INFO - Filling up the DagBag from /home/airflow/.local/lib/python3.12/site-packages/airflow/example_dags/example_branch_operator.py
[2024-06-16T20:31:32.202+0000] {processor.py:840} INFO - DAG(s) 'example_branch_operator' retrieved from /home/airflow/.local/lib/python3.12/site-packages/airflow/example_dags/example_branch_operator.py
[2024-06-16T20:31:32.229+0000] {logging_mixin.py:188} INFO - [2024-06-16T20:31:32.229+0000] {dag.py:3096} INFO - Sync 1 DAGs
[2024-06-16T20:31:32.251+0000] {logging_mixin.py:188} INFO - [2024-06-16T20:31:32.251+0000] {dag.py:3954} INFO - Setting next_dagrun for example_branch_operator to 2024-06-15 00:00:00+00:00, run_after=2024-06-16 00:00:00+00:00
[2024-06-16T20:31:32.271+0000] {processor.py:183} INFO - Processing /home/airflow/.local/lib/python3.12/site-packages/airflow/example_dags/example_branch_operator.py took 0.093 seconds
[2024-06-16T20:32:02.847+0000] {processor.py:161} INFO - Started process (PID=578) to work on /home/airflow/.local/lib/python3.12/site-packages/airflow/example_dags/example_branch_operator.py
[2024-06-16T20:32:02.848+0000] {processor.py:830} INFO - Processing file /home/airflow/.local/lib/python3.12/site-packages/airflow/example_dags/example_branch_operator.py for tasks to queue
[2024-06-16T20:32:02.850+0000] {logging_mixin.py:188} INFO - [2024-06-16T20:32:02.849+0000] {dagbag.py:545} INFO - Filling up the DagBag from /home/airflow/.local/lib/python3.12/site-packages/airflow/example_dags/example_branch_operator.py
[2024-06-16T20:32:02.867+0000] {processor.py:840} INFO - DAG(s) 'example_branch_operator' retrieved from /home/airflow/.local/lib/python3.12/site-packages/airflow/example_dags/example_branch_operator.py
[2024-06-16T20:32:02.896+0000] {logging_mixin.py:188} INFO - [2024-06-16T20:32:02.895+0000] {dag.py:3096} INFO - Sync 1 DAGs
[2024-06-16T20:32:02.922+0000] {logging_mixin.py:188} INFO - [2024-06-16T20:32:02.922+0000] {dag.py:3954} INFO - Setting next_dagrun for example_branch_operator to 2024-06-15 00:00:00+00:00, run_after=2024-06-16 00:00:00+00:00
[2024-06-16T20:32:02.941+0000] {processor.py:183} INFO - Processing /home/airflow/.local/lib/python3.12/site-packages/airflow/example_dags/example_branch_operator.py took 0.099 seconds
[2024-06-16T20:32:33.559+0000] {processor.py:161} INFO - Started process (PID=636) to work on /home/airflow/.local/lib/python3.12/site-packages/airflow/example_dags/example_branch_operator.py
[2024-06-16T20:32:33.560+0000] {processor.py:830} INFO - Processing file /home/airflow/.local/lib/python3.12/site-packages/airflow/example_dags/example_branch_operator.py for tasks to queue
[2024-06-16T20:32:33.562+0000] {logging_mixin.py:188} INFO - [2024-06-16T20:32:33.562+0000] {dagbag.py:545} INFO - Filling up the DagBag from /home/airflow/.local/lib/python3.12/site-packages/airflow/example_dags/example_branch_operator.py
[2024-06-16T20:32:33.578+0000] {processor.py:840} INFO - DAG(s) 'example_branch_operator' retrieved from /home/airflow/.local/lib/python3.12/site-packages/airflow/example_dags/example_branch_operator.py
[2024-06-16T20:32:33.607+0000] {logging_mixin.py:188} INFO - [2024-06-16T20:32:33.607+0000] {dag.py:3096} INFO - Sync 1 DAGs
[2024-06-16T20:32:33.629+0000] {logging_mixin.py:188} INFO - [2024-06-16T20:32:33.629+0000] {dag.py:3954} INFO - Setting next_dagrun for example_branch_operator to 2024-06-15 00:00:00+00:00, run_after=2024-06-16 00:00:00+00:00
[2024-06-16T20:32:33.649+0000] {processor.py:183} INFO - Processing /home/airflow/.local/lib/python3.12/site-packages/airflow/example_dags/example_branch_operator.py took 0.095 seconds
[2024-06-16T20:33:04.117+0000] {processor.py:161} INFO - Started process (PID=694) to work on /home/airflow/.local/lib/python3.12/site-packages/airflow/example_dags/example_branch_operator.py
[2024-06-16T20:33:04.119+0000] {processor.py:830} INFO - Processing file /home/airflow/.local/lib/python3.12/site-packages/airflow/example_dags/example_branch_operator.py for tasks to queue
[2024-06-16T20:33:04.121+0000] {logging_mixin.py:188} INFO - [2024-06-16T20:33:04.120+0000] {dagbag.py:545} INFO - Filling up the DagBag from /home/airflow/.local/lib/python3.12/site-packages/airflow/example_dags/example_branch_operator.py
[2024-06-16T20:33:04.137+0000] {processor.py:840} INFO - DAG(s) 'example_branch_operator' retrieved from /home/airflow/.local/lib/python3.12/site-packages/airflow/example_dags/example_branch_operator.py
[2024-06-16T20:33:04.172+0000] {logging_mixin.py:188} INFO - [2024-06-16T20:33:04.172+0000] {dag.py:3096} INFO - Sync 1 DAGs
[2024-06-16T20:33:04.193+0000] {logging_mixin.py:188} INFO - [2024-06-16T20:33:04.193+0000] {dag.py:3954} INFO - Setting next_dagrun for example_branch_operator to 2024-06-15 00:00:00+00:00, run_after=2024-06-16 00:00:00+00:00
[2024-06-16T20:33:04.213+0000] {processor.py:183} INFO - Processing /home/airflow/.local/lib/python3.12/site-packages/airflow/example_dags/example_branch_operator.py took 0.101 seconds
[2024-06-16T20:33:34.771+0000] {processor.py:161} INFO - Started process (PID=752) to work on /home/airflow/.local/lib/python3.12/site-packages/airflow/example_dags/example_branch_operator.py
[2024-06-16T20:33:34.772+0000] {processor.py:830} INFO - Processing file /home/airflow/.local/lib/python3.12/site-packages/airflow/example_dags/example_branch_operator.py for tasks to queue
[2024-06-16T20:33:34.774+0000] {logging_mixin.py:188} INFO - [2024-06-16T20:33:34.774+0000] {dagbag.py:545} INFO - Filling up the DagBag from /home/airflow/.local/lib/python3.12/site-packages/airflow/example_dags/example_branch_operator.py
[2024-06-16T20:33:34.791+0000] {processor.py:840} INFO - DAG(s) 'example_branch_operator' retrieved from /home/airflow/.local/lib/python3.12/site-packages/airflow/example_dags/example_branch_operator.py
[2024-06-16T20:33:34.820+0000] {logging_mixin.py:188} INFO - [2024-06-16T20:33:34.820+0000] {dag.py:3096} INFO - Sync 1 DAGs
[2024-06-16T20:33:34.846+0000] {logging_mixin.py:188} INFO - [2024-06-16T20:33:34.846+0000] {dag.py:3954} INFO - Setting next_dagrun for example_branch_operator to 2024-06-15 00:00:00+00:00, run_after=2024-06-16 00:00:00+00:00
[2024-06-16T20:33:34.865+0000] {processor.py:183} INFO - Processing /home/airflow/.local/lib/python3.12/site-packages/airflow/example_dags/example_branch_operator.py took 0.100 seconds
[2024-06-16T20:34:05.465+0000] {processor.py:161} INFO - Started process (PID=810) to work on /home/airflow/.local/lib/python3.12/site-packages/airflow/example_dags/example_branch_operator.py
[2024-06-16T20:34:05.466+0000] {processor.py:830} INFO - Processing file /home/airflow/.local/lib/python3.12/site-packages/airflow/example_dags/example_branch_operator.py for tasks to queue
[2024-06-16T20:34:05.468+0000] {logging_mixin.py:188} INFO - [2024-06-16T20:34:05.468+0000] {dagbag.py:545} INFO - Filling up the DagBag from /home/airflow/.local/lib/python3.12/site-packages/airflow/example_dags/example_branch_operator.py
[2024-06-16T20:34:05.484+0000] {processor.py:840} INFO - DAG(s) 'example_branch_operator' retrieved from /home/airflow/.local/lib/python3.12/site-packages/airflow/example_dags/example_branch_operator.py
[2024-06-16T20:34:05.512+0000] {logging_mixin.py:188} INFO - [2024-06-16T20:34:05.512+0000] {dag.py:3096} INFO - Sync 1 DAGs
[2024-06-16T20:34:05.536+0000] {logging_mixin.py:188} INFO - [2024-06-16T20:34:05.536+0000] {dag.py:3954} INFO - Setting next_dagrun for example_branch_operator to 2024-06-15 00:00:00+00:00, run_after=2024-06-16 00:00:00+00:00
[2024-06-16T20:34:05.555+0000] {processor.py:183} INFO - Processing /home/airflow/.local/lib/python3.12/site-packages/airflow/example_dags/example_branch_operator.py took 0.095 seconds
[2024-06-16T20:34:35.905+0000] {processor.py:161} INFO - Started process (PID=868) to work on /home/airflow/.local/lib/python3.12/site-packages/airflow/example_dags/example_branch_operator.py
[2024-06-16T20:34:35.906+0000] {processor.py:830} INFO - Processing file /home/airflow/.local/lib/python3.12/site-packages/airflow/example_dags/example_branch_operator.py for tasks to queue
[2024-06-16T20:34:35.908+0000] {logging_mixin.py:188} INFO - [2024-06-16T20:34:35.907+0000] {dagbag.py:545} INFO - Filling up the DagBag from /home/airflow/.local/lib/python3.12/site-packages/airflow/example_dags/example_branch_operator.py
[2024-06-16T20:34:35.930+0000] {processor.py:840} INFO - DAG(s) 'example_branch_operator' retrieved from /home/airflow/.local/lib/python3.12/site-packages/airflow/example_dags/example_branch_operator.py
[2024-06-16T20:34:35.964+0000] {logging_mixin.py:188} INFO - [2024-06-16T20:34:35.963+0000] {dag.py:3096} INFO - Sync 1 DAGs
[2024-06-16T20:34:35.995+0000] {logging_mixin.py:188} INFO - [2024-06-16T20:34:35.994+0000] {dag.py:3954} INFO - Setting next_dagrun for example_branch_operator to 2024-06-15 00:00:00+00:00, run_after=2024-06-16 00:00:00+00:00
[2024-06-16T20:34:36.017+0000] {processor.py:183} INFO - Processing /home/airflow/.local/lib/python3.12/site-packages/airflow/example_dags/example_branch_operator.py took 0.119 seconds
[2024-06-16T20:35:06.914+0000] {processor.py:161} INFO - Started process (PID=926) to work on /home/airflow/.local/lib/python3.12/site-packages/airflow/example_dags/example_branch_operator.py
[2024-06-16T20:35:06.916+0000] {processor.py:830} INFO - Processing file /home/airflow/.local/lib/python3.12/site-packages/airflow/example_dags/example_branch_operator.py for tasks to queue
[2024-06-16T20:35:06.919+0000] {logging_mixin.py:188} INFO - [2024-06-16T20:35:06.919+0000] {dagbag.py:545} INFO - Filling up the DagBag from /home/airflow/.local/lib/python3.12/site-packages/airflow/example_dags/example_branch_operator.py
[2024-06-16T20:35:06.955+0000] {processor.py:840} INFO - DAG(s) 'example_branch_operator' retrieved from /home/airflow/.local/lib/python3.12/site-packages/airflow/example_dags/example_branch_operator.py
[2024-06-16T20:35:07.006+0000] {logging_mixin.py:188} INFO - [2024-06-16T20:35:07.006+0000] {dag.py:3096} INFO - Sync 1 DAGs
[2024-06-16T20:35:07.045+0000] {logging_mixin.py:188} INFO - [2024-06-16T20:35:07.045+0000] {dag.py:3954} INFO - Setting next_dagrun for example_branch_operator to 2024-06-15 00:00:00+00:00, run_after=2024-06-16 00:00:00+00:00
[2024-06-16T20:35:07.091+0000] {processor.py:183} INFO - Processing /home/airflow/.local/lib/python3.12/site-packages/airflow/example_dags/example_branch_operator.py took 0.189 seconds
[2024-06-16T20:35:37.177+0000] {processor.py:161} INFO - Started process (PID=984) to work on /home/airflow/.local/lib/python3.12/site-packages/airflow/example_dags/example_branch_operator.py
[2024-06-16T20:35:37.178+0000] {processor.py:830} INFO - Processing file /home/airflow/.local/lib/python3.12/site-packages/airflow/example_dags/example_branch_operator.py for tasks to queue
[2024-06-16T20:35:37.180+0000] {logging_mixin.py:188} INFO - [2024-06-16T20:35:37.180+0000] {dagbag.py:545} INFO - Filling up the DagBag from /home/airflow/.local/lib/python3.12/site-packages/airflow/example_dags/example_branch_operator.py
[2024-06-16T20:35:37.199+0000] {processor.py:840} INFO - DAG(s) 'example_branch_operator' retrieved from /home/airflow/.local/lib/python3.12/site-packages/airflow/example_dags/example_branch_operator.py
[2024-06-16T20:35:37.228+0000] {logging_mixin.py:188} INFO - [2024-06-16T20:35:37.227+0000] {dag.py:3096} INFO - Sync 1 DAGs
[2024-06-16T20:35:37.249+0000] {logging_mixin.py:188} INFO - [2024-06-16T20:35:37.249+0000] {dag.py:3954} INFO - Setting next_dagrun for example_branch_operator to 2024-06-15 00:00:00+00:00, run_after=2024-06-16 00:00:00+00:00
[2024-06-16T20:35:37.269+0000] {processor.py:183} INFO - Processing /home/airflow/.local/lib/python3.12/site-packages/airflow/example_dags/example_branch_operator.py took 0.097 seconds
[2024-06-16T20:36:07.339+0000] {processor.py:161} INFO - Started process (PID=1042) to work on /home/airflow/.local/lib/python3.12/site-packages/airflow/example_dags/example_branch_operator.py
[2024-06-16T20:36:07.341+0000] {processor.py:830} INFO - Processing file /home/airflow/.local/lib/python3.12/site-packages/airflow/example_dags/example_branch_operator.py for tasks to queue
[2024-06-16T20:36:07.342+0000] {logging_mixin.py:188} INFO - [2024-06-16T20:36:07.342+0000] {dagbag.py:545} INFO - Filling up the DagBag from /home/airflow/.local/lib/python3.12/site-packages/airflow/example_dags/example_branch_operator.py
[2024-06-16T20:36:07.361+0000] {processor.py:840} INFO - DAG(s) 'example_branch_operator' retrieved from /home/airflow/.local/lib/python3.12/site-packages/airflow/example_dags/example_branch_operator.py
[2024-06-16T20:36:07.389+0000] {logging_mixin.py:188} INFO - [2024-06-16T20:36:07.388+0000] {dag.py:3096} INFO - Sync 1 DAGs
[2024-06-16T20:36:07.409+0000] {logging_mixin.py:188} INFO - [2024-06-16T20:36:07.409+0000] {dag.py:3954} INFO - Setting next_dagrun for example_branch_operator to 2024-06-15 00:00:00+00:00, run_after=2024-06-16 00:00:00+00:00
[2024-06-16T20:36:07.428+0000] {processor.py:183} INFO - Processing /home/airflow/.local/lib/python3.12/site-packages/airflow/example_dags/example_branch_operator.py took 0.094 seconds
[2024-06-16T20:36:37.741+0000] {processor.py:161} INFO - Started process (PID=1100) to work on /home/airflow/.local/lib/python3.12/site-packages/airflow/example_dags/example_branch_operator.py
[2024-06-16T20:36:37.743+0000] {processor.py:830} INFO - Processing file /home/airflow/.local/lib/python3.12/site-packages/airflow/example_dags/example_branch_operator.py for tasks to queue
[2024-06-16T20:36:37.745+0000] {logging_mixin.py:188} INFO - [2024-06-16T20:36:37.744+0000] {dagbag.py:545} INFO - Filling up the DagBag from /home/airflow/.local/lib/python3.12/site-packages/airflow/example_dags/example_branch_operator.py
[2024-06-16T20:36:37.760+0000] {processor.py:840} INFO - DAG(s) 'example_branch_operator' retrieved from /home/airflow/.local/lib/python3.12/site-packages/airflow/example_dags/example_branch_operator.py
[2024-06-16T20:36:37.788+0000] {logging_mixin.py:188} INFO - [2024-06-16T20:36:37.787+0000] {dag.py:3096} INFO - Sync 1 DAGs
[2024-06-16T20:36:37.809+0000] {logging_mixin.py:188} INFO - [2024-06-16T20:36:37.809+0000] {dag.py:3954} INFO - Setting next_dagrun for example_branch_operator to 2024-06-15 00:00:00+00:00, run_after=2024-06-16 00:00:00+00:00
[2024-06-16T20:36:37.828+0000] {processor.py:183} INFO - Processing /home/airflow/.local/lib/python3.12/site-packages/airflow/example_dags/example_branch_operator.py took 0.092 seconds
[2024-06-16T20:37:08.130+0000] {processor.py:161} INFO - Started process (PID=1158) to work on /home/airflow/.local/lib/python3.12/site-packages/airflow/example_dags/example_branch_operator.py
[2024-06-16T20:37:08.131+0000] {processor.py:830} INFO - Processing file /home/airflow/.local/lib/python3.12/site-packages/airflow/example_dags/example_branch_operator.py for tasks to queue
[2024-06-16T20:37:08.134+0000] {logging_mixin.py:188} INFO - [2024-06-16T20:37:08.133+0000] {dagbag.py:545} INFO - Filling up the DagBag from /home/airflow/.local/lib/python3.12/site-packages/airflow/example_dags/example_branch_operator.py
[2024-06-16T20:37:08.149+0000] {processor.py:840} INFO - DAG(s) 'example_branch_operator' retrieved from /home/airflow/.local/lib/python3.12/site-packages/airflow/example_dags/example_branch_operator.py
[2024-06-16T20:37:08.177+0000] {logging_mixin.py:188} INFO - [2024-06-16T20:37:08.177+0000] {dag.py:3096} INFO - Sync 1 DAGs
[2024-06-16T20:37:08.199+0000] {logging_mixin.py:188} INFO - [2024-06-16T20:37:08.199+0000] {dag.py:3954} INFO - Setting next_dagrun for example_branch_operator to 2024-06-15 00:00:00+00:00, run_after=2024-06-16 00:00:00+00:00
[2024-06-16T20:37:08.218+0000] {processor.py:183} INFO - Processing /home/airflow/.local/lib/python3.12/site-packages/airflow/example_dags/example_branch_operator.py took 0.093 seconds
[2024-06-16T20:37:38.270+0000] {processor.py:161} INFO - Started process (PID=1216) to work on /home/airflow/.local/lib/python3.12/site-packages/airflow/example_dags/example_branch_operator.py
[2024-06-16T20:37:38.271+0000] {processor.py:830} INFO - Processing file /home/airflow/.local/lib/python3.12/site-packages/airflow/example_dags/example_branch_operator.py for tasks to queue
[2024-06-16T20:37:38.273+0000] {logging_mixin.py:188} INFO - [2024-06-16T20:37:38.273+0000] {dagbag.py:545} INFO - Filling up the DagBag from /home/airflow/.local/lib/python3.12/site-packages/airflow/example_dags/example_branch_operator.py
[2024-06-16T20:37:38.289+0000] {processor.py:840} INFO - DAG(s) 'example_branch_operator' retrieved from /home/airflow/.local/lib/python3.12/site-packages/airflow/example_dags/example_branch_operator.py
[2024-06-16T20:37:38.318+0000] {logging_mixin.py:188} INFO - [2024-06-16T20:37:38.317+0000] {dag.py:3096} INFO - Sync 1 DAGs
[2024-06-16T20:37:38.340+0000] {logging_mixin.py:188} INFO - [2024-06-16T20:37:38.340+0000] {dag.py:3954} INFO - Setting next_dagrun for example_branch_operator to 2024-06-15 00:00:00+00:00, run_after=2024-06-16 00:00:00+00:00
[2024-06-16T20:37:38.361+0000] {processor.py:183} INFO - Processing /home/airflow/.local/lib/python3.12/site-packages/airflow/example_dags/example_branch_operator.py took 0.096 seconds
[2024-06-16T20:38:09.270+0000] {processor.py:161} INFO - Started process (PID=1274) to work on /home/airflow/.local/lib/python3.12/site-packages/airflow/example_dags/example_branch_operator.py
[2024-06-16T20:38:09.271+0000] {processor.py:830} INFO - Processing file /home/airflow/.local/lib/python3.12/site-packages/airflow/example_dags/example_branch_operator.py for tasks to queue
[2024-06-16T20:38:09.273+0000] {logging_mixin.py:188} INFO - [2024-06-16T20:38:09.273+0000] {dagbag.py:545} INFO - Filling up the DagBag from /home/airflow/.local/lib/python3.12/site-packages/airflow/example_dags/example_branch_operator.py
[2024-06-16T20:38:09.291+0000] {processor.py:840} INFO - DAG(s) 'example_branch_operator' retrieved from /home/airflow/.local/lib/python3.12/site-packages/airflow/example_dags/example_branch_operator.py
[2024-06-16T20:38:09.321+0000] {logging_mixin.py:188} INFO - [2024-06-16T20:38:09.321+0000] {dag.py:3096} INFO - Sync 1 DAGs
[2024-06-16T20:38:09.343+0000] {logging_mixin.py:188} INFO - [2024-06-16T20:38:09.343+0000] {dag.py:3954} INFO - Setting next_dagrun for example_branch_operator to 2024-06-15 00:00:00+00:00, run_after=2024-06-16 00:00:00+00:00
[2024-06-16T20:38:09.364+0000] {processor.py:183} INFO - Processing /home/airflow/.local/lib/python3.12/site-packages/airflow/example_dags/example_branch_operator.py took 0.100 seconds
[2024-06-16T20:38:39.990+0000] {processor.py:161} INFO - Started process (PID=1332) to work on /home/airflow/.local/lib/python3.12/site-packages/airflow/example_dags/example_branch_operator.py
[2024-06-16T20:38:39.991+0000] {processor.py:830} INFO - Processing file /home/airflow/.local/lib/python3.12/site-packages/airflow/example_dags/example_branch_operator.py for tasks to queue
[2024-06-16T20:38:39.993+0000] {logging_mixin.py:188} INFO - [2024-06-16T20:38:39.992+0000] {dagbag.py:545} INFO - Filling up the DagBag from /home/airflow/.local/lib/python3.12/site-packages/airflow/example_dags/example_branch_operator.py
[2024-06-16T20:38:40.011+0000] {processor.py:840} INFO - DAG(s) 'example_branch_operator' retrieved from /home/airflow/.local/lib/python3.12/site-packages/airflow/example_dags/example_branch_operator.py
[2024-06-16T20:38:40.042+0000] {logging_mixin.py:188} INFO - [2024-06-16T20:38:40.042+0000] {dag.py:3096} INFO - Sync 1 DAGs
[2024-06-16T20:38:40.064+0000] {logging_mixin.py:188} INFO - [2024-06-16T20:38:40.063+0000] {dag.py:3954} INFO - Setting next_dagrun for example_branch_operator to 2024-06-15 00:00:00+00:00, run_after=2024-06-16 00:00:00+00:00
[2024-06-16T20:38:40.083+0000] {processor.py:183} INFO - Processing /home/airflow/.local/lib/python3.12/site-packages/airflow/example_dags/example_branch_operator.py took 0.100 seconds
[2024-06-16T20:39:10.555+0000] {processor.py:161} INFO - Started process (PID=1390) to work on /home/airflow/.local/lib/python3.12/site-packages/airflow/example_dags/example_branch_operator.py
[2024-06-16T20:39:10.556+0000] {processor.py:830} INFO - Processing file /home/airflow/.local/lib/python3.12/site-packages/airflow/example_dags/example_branch_operator.py for tasks to queue
[2024-06-16T20:39:10.558+0000] {logging_mixin.py:188} INFO - [2024-06-16T20:39:10.558+0000] {dagbag.py:545} INFO - Filling up the DagBag from /home/airflow/.local/lib/python3.12/site-packages/airflow/example_dags/example_branch_operator.py
[2024-06-16T20:39:10.576+0000] {processor.py:840} INFO - DAG(s) 'example_branch_operator' retrieved from /home/airflow/.local/lib/python3.12/site-packages/airflow/example_dags/example_branch_operator.py
[2024-06-16T20:39:10.610+0000] {logging_mixin.py:188} INFO - [2024-06-16T20:39:10.609+0000] {dag.py:3096} INFO - Sync 1 DAGs
[2024-06-16T20:39:10.633+0000] {logging_mixin.py:188} INFO - [2024-06-16T20:39:10.633+0000] {dag.py:3954} INFO - Setting next_dagrun for example_branch_operator to 2024-06-15 00:00:00+00:00, run_after=2024-06-16 00:00:00+00:00
[2024-06-16T20:39:10.653+0000] {processor.py:183} INFO - Processing /home/airflow/.local/lib/python3.12/site-packages/airflow/example_dags/example_branch_operator.py took 0.105 seconds
[2024-06-16T20:39:41.064+0000] {processor.py:161} INFO - Started process (PID=1448) to work on /home/airflow/.local/lib/python3.12/site-packages/airflow/example_dags/example_branch_operator.py
[2024-06-16T20:39:41.066+0000] {processor.py:830} INFO - Processing file /home/airflow/.local/lib/python3.12/site-packages/airflow/example_dags/example_branch_operator.py for tasks to queue
[2024-06-16T20:39:41.068+0000] {logging_mixin.py:188} INFO - [2024-06-16T20:39:41.067+0000] {dagbag.py:545} INFO - Filling up the DagBag from /home/airflow/.local/lib/python3.12/site-packages/airflow/example_dags/example_branch_operator.py
[2024-06-16T20:39:41.088+0000] {processor.py:840} INFO - DAG(s) 'example_branch_operator' retrieved from /home/airflow/.local/lib/python3.12/site-packages/airflow/example_dags/example_branch_operator.py
[2024-06-16T20:39:41.122+0000] {logging_mixin.py:188} INFO - [2024-06-16T20:39:41.121+0000] {dag.py:3096} INFO - Sync 1 DAGs
[2024-06-16T20:39:41.149+0000] {logging_mixin.py:188} INFO - [2024-06-16T20:39:41.149+0000] {dag.py:3954} INFO - Setting next_dagrun for example_branch_operator to 2024-06-15 00:00:00+00:00, run_after=2024-06-16 00:00:00+00:00
[2024-06-16T20:39:41.172+0000] {processor.py:183} INFO - Processing /home/airflow/.local/lib/python3.12/site-packages/airflow/example_dags/example_branch_operator.py took 0.115 seconds
[2024-06-16T20:40:11.728+0000] {processor.py:161} INFO - Started process (PID=1506) to work on /home/airflow/.local/lib/python3.12/site-packages/airflow/example_dags/example_branch_operator.py
[2024-06-16T20:40:11.730+0000] {processor.py:830} INFO - Processing file /home/airflow/.local/lib/python3.12/site-packages/airflow/example_dags/example_branch_operator.py for tasks to queue
[2024-06-16T20:40:11.731+0000] {logging_mixin.py:188} INFO - [2024-06-16T20:40:11.731+0000] {dagbag.py:545} INFO - Filling up the DagBag from /home/airflow/.local/lib/python3.12/site-packages/airflow/example_dags/example_branch_operator.py
[2024-06-16T20:40:11.748+0000] {processor.py:840} INFO - DAG(s) 'example_branch_operator' retrieved from /home/airflow/.local/lib/python3.12/site-packages/airflow/example_dags/example_branch_operator.py
[2024-06-16T20:40:11.774+0000] {logging_mixin.py:188} INFO - [2024-06-16T20:40:11.774+0000] {dag.py:3096} INFO - Sync 1 DAGs
[2024-06-16T20:40:11.796+0000] {logging_mixin.py:188} INFO - [2024-06-16T20:40:11.796+0000] {dag.py:3954} INFO - Setting next_dagrun for example_branch_operator to 2024-06-15 00:00:00+00:00, run_after=2024-06-16 00:00:00+00:00
[2024-06-16T20:40:11.814+0000] {processor.py:183} INFO - Processing /home/airflow/.local/lib/python3.12/site-packages/airflow/example_dags/example_branch_operator.py took 0.092 seconds
[2024-06-16T20:40:42.250+0000] {processor.py:161} INFO - Started process (PID=1564) to work on /home/airflow/.local/lib/python3.12/site-packages/airflow/example_dags/example_branch_operator.py
[2024-06-16T20:40:42.251+0000] {processor.py:830} INFO - Processing file /home/airflow/.local/lib/python3.12/site-packages/airflow/example_dags/example_branch_operator.py for tasks to queue
[2024-06-16T20:40:42.253+0000] {logging_mixin.py:188} INFO - [2024-06-16T20:40:42.253+0000] {dagbag.py:545} INFO - Filling up the DagBag from /home/airflow/.local/lib/python3.12/site-packages/airflow/example_dags/example_branch_operator.py
[2024-06-16T20:40:42.270+0000] {processor.py:840} INFO - DAG(s) 'example_branch_operator' retrieved from /home/airflow/.local/lib/python3.12/site-packages/airflow/example_dags/example_branch_operator.py
[2024-06-16T20:40:42.297+0000] {logging_mixin.py:188} INFO - [2024-06-16T20:40:42.297+0000] {dag.py:3096} INFO - Sync 1 DAGs
[2024-06-16T20:40:42.318+0000] {logging_mixin.py:188} INFO - [2024-06-16T20:40:42.318+0000] {dag.py:3954} INFO - Setting next_dagrun for example_branch_operator to 2024-06-15 00:00:00+00:00, run_after=2024-06-16 00:00:00+00:00
[2024-06-16T20:40:42.337+0000] {processor.py:183} INFO - Processing /home/airflow/.local/lib/python3.12/site-packages/airflow/example_dags/example_branch_operator.py took 0.092 seconds
[2024-06-16T20:41:12.823+0000] {processor.py:161} INFO - Started process (PID=1622) to work on /home/airflow/.local/lib/python3.12/site-packages/airflow/example_dags/example_branch_operator.py
[2024-06-16T20:41:12.824+0000] {processor.py:830} INFO - Processing file /home/airflow/.local/lib/python3.12/site-packages/airflow/example_dags/example_branch_operator.py for tasks to queue
[2024-06-16T20:41:12.826+0000] {logging_mixin.py:188} INFO - [2024-06-16T20:41:12.825+0000] {dagbag.py:545} INFO - Filling up the DagBag from /home/airflow/.local/lib/python3.12/site-packages/airflow/example_dags/example_branch_operator.py
[2024-06-16T20:41:12.841+0000] {processor.py:840} INFO - DAG(s) 'example_branch_operator' retrieved from /home/airflow/.local/lib/python3.12/site-packages/airflow/example_dags/example_branch_operator.py
[2024-06-16T20:41:12.876+0000] {logging_mixin.py:188} INFO - [2024-06-16T20:41:12.876+0000] {dag.py:3096} INFO - Sync 1 DAGs
[2024-06-16T20:41:12.905+0000] {logging_mixin.py:188} INFO - [2024-06-16T20:41:12.905+0000] {dag.py:3954} INFO - Setting next_dagrun for example_branch_operator to 2024-06-15 00:00:00+00:00, run_after=2024-06-16 00:00:00+00:00
[2024-06-16T20:41:12.926+0000] {processor.py:183} INFO - Processing /home/airflow/.local/lib/python3.12/site-packages/airflow/example_dags/example_branch_operator.py took 0.109 seconds
[2024-06-16T20:41:44.259+0000] {processor.py:161} INFO - Started process (PID=1680) to work on /home/airflow/.local/lib/python3.12/site-packages/airflow/example_dags/example_branch_operator.py
[2024-06-16T20:41:44.260+0000] {processor.py:830} INFO - Processing file /home/airflow/.local/lib/python3.12/site-packages/airflow/example_dags/example_branch_operator.py for tasks to queue
[2024-06-16T20:41:44.263+0000] {logging_mixin.py:188} INFO - [2024-06-16T20:41:44.263+0000] {dagbag.py:545} INFO - Filling up the DagBag from /home/airflow/.local/lib/python3.12/site-packages/airflow/example_dags/example_branch_operator.py
[2024-06-16T20:41:44.291+0000] {processor.py:840} INFO - DAG(s) 'example_branch_operator' retrieved from /home/airflow/.local/lib/python3.12/site-packages/airflow/example_dags/example_branch_operator.py
[2024-06-16T20:41:44.335+0000] {logging_mixin.py:188} INFO - [2024-06-16T20:41:44.335+0000] {dag.py:3096} INFO - Sync 1 DAGs
[2024-06-16T20:41:44.361+0000] {logging_mixin.py:188} INFO - [2024-06-16T20:41:44.361+0000] {dag.py:3954} INFO - Setting next_dagrun for example_branch_operator to 2024-06-15 00:00:00+00:00, run_after=2024-06-16 00:00:00+00:00
[2024-06-16T20:41:44.383+0000] {processor.py:183} INFO - Processing /home/airflow/.local/lib/python3.12/site-packages/airflow/example_dags/example_branch_operator.py took 0.138 seconds
[2024-06-16T20:42:14.725+0000] {processor.py:161} INFO - Started process (PID=1738) to work on /home/airflow/.local/lib/python3.12/site-packages/airflow/example_dags/example_branch_operator.py
[2024-06-16T20:42:14.726+0000] {processor.py:830} INFO - Processing file /home/airflow/.local/lib/python3.12/site-packages/airflow/example_dags/example_branch_operator.py for tasks to queue
[2024-06-16T20:42:14.728+0000] {logging_mixin.py:188} INFO - [2024-06-16T20:42:14.728+0000] {dagbag.py:545} INFO - Filling up the DagBag from /home/airflow/.local/lib/python3.12/site-packages/airflow/example_dags/example_branch_operator.py
[2024-06-16T20:42:14.744+0000] {processor.py:840} INFO - DAG(s) 'example_branch_operator' retrieved from /home/airflow/.local/lib/python3.12/site-packages/airflow/example_dags/example_branch_operator.py
[2024-06-16T20:42:14.780+0000] {logging_mixin.py:188} INFO - [2024-06-16T20:42:14.779+0000] {dag.py:3096} INFO - Sync 1 DAGs
[2024-06-16T20:42:14.814+0000] {logging_mixin.py:188} INFO - [2024-06-16T20:42:14.814+0000] {dag.py:3954} INFO - Setting next_dagrun for example_branch_operator to 2024-06-15 00:00:00+00:00, run_after=2024-06-16 00:00:00+00:00
[2024-06-16T20:42:14.833+0000] {processor.py:183} INFO - Processing /home/airflow/.local/lib/python3.12/site-packages/airflow/example_dags/example_branch_operator.py took 0.114 seconds
[2024-06-16T20:42:44.914+0000] {processor.py:161} INFO - Started process (PID=1795) to work on /home/airflow/.local/lib/python3.12/site-packages/airflow/example_dags/example_branch_operator.py
[2024-06-16T20:42:44.916+0000] {processor.py:830} INFO - Processing file /home/airflow/.local/lib/python3.12/site-packages/airflow/example_dags/example_branch_operator.py for tasks to queue
[2024-06-16T20:42:44.918+0000] {logging_mixin.py:188} INFO - [2024-06-16T20:42:44.918+0000] {dagbag.py:545} INFO - Filling up the DagBag from /home/airflow/.local/lib/python3.12/site-packages/airflow/example_dags/example_branch_operator.py
[2024-06-16T20:42:44.939+0000] {processor.py:840} INFO - DAG(s) 'example_branch_operator' retrieved from /home/airflow/.local/lib/python3.12/site-packages/airflow/example_dags/example_branch_operator.py
[2024-06-16T20:42:44.968+0000] {logging_mixin.py:188} INFO - [2024-06-16T20:42:44.968+0000] {dag.py:3096} INFO - Sync 1 DAGs
[2024-06-16T20:42:45.123+0000] {logging_mixin.py:188} INFO - [2024-06-16T20:42:45.123+0000] {dag.py:3954} INFO - Setting next_dagrun for example_branch_operator to 2024-06-15 00:00:00+00:00, run_after=2024-06-16 00:00:00+00:00
[2024-06-16T20:42:45.144+0000] {processor.py:183} INFO - Processing /home/airflow/.local/lib/python3.12/site-packages/airflow/example_dags/example_branch_operator.py took 0.237 seconds
[2024-06-16T20:43:15.955+0000] {processor.py:161} INFO - Started process (PID=1854) to work on /home/airflow/.local/lib/python3.12/site-packages/airflow/example_dags/example_branch_operator.py
[2024-06-16T20:43:15.956+0000] {processor.py:830} INFO - Processing file /home/airflow/.local/lib/python3.12/site-packages/airflow/example_dags/example_branch_operator.py for tasks to queue
[2024-06-16T20:43:15.958+0000] {logging_mixin.py:188} INFO - [2024-06-16T20:43:15.958+0000] {dagbag.py:545} INFO - Filling up the DagBag from /home/airflow/.local/lib/python3.12/site-packages/airflow/example_dags/example_branch_operator.py
[2024-06-16T20:43:15.981+0000] {processor.py:840} INFO - DAG(s) 'example_branch_operator' retrieved from /home/airflow/.local/lib/python3.12/site-packages/airflow/example_dags/example_branch_operator.py
[2024-06-16T20:43:16.032+0000] {logging_mixin.py:188} INFO - [2024-06-16T20:43:16.031+0000] {dag.py:3096} INFO - Sync 1 DAGs
[2024-06-16T20:43:16.296+0000] {logging_mixin.py:188} INFO - [2024-06-16T20:43:16.295+0000] {dag.py:3954} INFO - Setting next_dagrun for example_branch_operator to 2024-06-15 00:00:00+00:00, run_after=2024-06-16 00:00:00+00:00
[2024-06-16T20:43:16.319+0000] {processor.py:183} INFO - Processing /home/airflow/.local/lib/python3.12/site-packages/airflow/example_dags/example_branch_operator.py took 0.370 seconds
[2024-06-16T20:43:46.997+0000] {processor.py:161} INFO - Started process (PID=1912) to work on /home/airflow/.local/lib/python3.12/site-packages/airflow/example_dags/example_branch_operator.py
[2024-06-16T20:43:46.998+0000] {processor.py:830} INFO - Processing file /home/airflow/.local/lib/python3.12/site-packages/airflow/example_dags/example_branch_operator.py for tasks to queue
[2024-06-16T20:43:47.000+0000] {logging_mixin.py:188} INFO - [2024-06-16T20:43:47.000+0000] {dagbag.py:545} INFO - Filling up the DagBag from /home/airflow/.local/lib/python3.12/site-packages/airflow/example_dags/example_branch_operator.py
[2024-06-16T20:43:47.016+0000] {processor.py:840} INFO - DAG(s) 'example_branch_operator' retrieved from /home/airflow/.local/lib/python3.12/site-packages/airflow/example_dags/example_branch_operator.py
[2024-06-16T20:43:47.045+0000] {logging_mixin.py:188} INFO - [2024-06-16T20:43:47.045+0000] {dag.py:3096} INFO - Sync 1 DAGs
[2024-06-16T20:43:47.067+0000] {logging_mixin.py:188} INFO - [2024-06-16T20:43:47.067+0000] {dag.py:3954} INFO - Setting next_dagrun for example_branch_operator to 2024-06-15 00:00:00+00:00, run_after=2024-06-16 00:00:00+00:00
[2024-06-16T20:43:47.249+0000] {processor.py:183} INFO - Processing /home/airflow/.local/lib/python3.12/site-packages/airflow/example_dags/example_branch_operator.py took 0.257 seconds
[2024-06-16T20:44:17.693+0000] {processor.py:161} INFO - Started process (PID=1970) to work on /home/airflow/.local/lib/python3.12/site-packages/airflow/example_dags/example_branch_operator.py
[2024-06-16T20:44:17.695+0000] {processor.py:830} INFO - Processing file /home/airflow/.local/lib/python3.12/site-packages/airflow/example_dags/example_branch_operator.py for tasks to queue
[2024-06-16T20:44:17.696+0000] {logging_mixin.py:188} INFO - [2024-06-16T20:44:17.696+0000] {dagbag.py:545} INFO - Filling up the DagBag from /home/airflow/.local/lib/python3.12/site-packages/airflow/example_dags/example_branch_operator.py
[2024-06-16T20:44:17.713+0000] {processor.py:840} INFO - DAG(s) 'example_branch_operator' retrieved from /home/airflow/.local/lib/python3.12/site-packages/airflow/example_dags/example_branch_operator.py
[2024-06-16T20:44:17.741+0000] {logging_mixin.py:188} INFO - [2024-06-16T20:44:17.740+0000] {dag.py:3096} INFO - Sync 1 DAGs
[2024-06-16T20:44:17.763+0000] {logging_mixin.py:188} INFO - [2024-06-16T20:44:17.763+0000] {dag.py:3954} INFO - Setting next_dagrun for example_branch_operator to 2024-06-15 00:00:00+00:00, run_after=2024-06-16 00:00:00+00:00
[2024-06-16T20:44:17.786+0000] {processor.py:183} INFO - Processing /home/airflow/.local/lib/python3.12/site-packages/airflow/example_dags/example_branch_operator.py took 0.099 seconds
[2024-06-16T20:44:48.551+0000] {processor.py:161} INFO - Started process (PID=2028) to work on /home/airflow/.local/lib/python3.12/site-packages/airflow/example_dags/example_branch_operator.py
[2024-06-16T20:44:48.553+0000] {processor.py:830} INFO - Processing file /home/airflow/.local/lib/python3.12/site-packages/airflow/example_dags/example_branch_operator.py for tasks to queue
[2024-06-16T20:44:48.554+0000] {logging_mixin.py:188} INFO - [2024-06-16T20:44:48.554+0000] {dagbag.py:545} INFO - Filling up the DagBag from /home/airflow/.local/lib/python3.12/site-packages/airflow/example_dags/example_branch_operator.py
[2024-06-16T20:44:48.572+0000] {processor.py:840} INFO - DAG(s) 'example_branch_operator' retrieved from /home/airflow/.local/lib/python3.12/site-packages/airflow/example_dags/example_branch_operator.py
[2024-06-16T20:44:48.602+0000] {logging_mixin.py:188} INFO - [2024-06-16T20:44:48.601+0000] {dag.py:3096} INFO - Sync 1 DAGs
[2024-06-16T20:44:48.623+0000] {logging_mixin.py:188} INFO - [2024-06-16T20:44:48.623+0000] {dag.py:3954} INFO - Setting next_dagrun for example_branch_operator to 2024-06-15 00:00:00+00:00, run_after=2024-06-16 00:00:00+00:00
[2024-06-16T20:44:48.644+0000] {processor.py:183} INFO - Processing /home/airflow/.local/lib/python3.12/site-packages/airflow/example_dags/example_branch_operator.py took 0.099 seconds
[2024-06-16T20:45:19.147+0000] {processor.py:161} INFO - Started process (PID=2086) to work on /home/airflow/.local/lib/python3.12/site-packages/airflow/example_dags/example_branch_operator.py
[2024-06-16T20:45:19.148+0000] {processor.py:830} INFO - Processing file /home/airflow/.local/lib/python3.12/site-packages/airflow/example_dags/example_branch_operator.py for tasks to queue
[2024-06-16T20:45:19.150+0000] {logging_mixin.py:188} INFO - [2024-06-16T20:45:19.150+0000] {dagbag.py:545} INFO - Filling up the DagBag from /home/airflow/.local/lib/python3.12/site-packages/airflow/example_dags/example_branch_operator.py
[2024-06-16T20:45:19.171+0000] {processor.py:840} INFO - DAG(s) 'example_branch_operator' retrieved from /home/airflow/.local/lib/python3.12/site-packages/airflow/example_dags/example_branch_operator.py
[2024-06-16T20:45:19.199+0000] {logging_mixin.py:188} INFO - [2024-06-16T20:45:19.199+0000] {dag.py:3096} INFO - Sync 1 DAGs
[2024-06-16T20:45:19.222+0000] {logging_mixin.py:188} INFO - [2024-06-16T20:45:19.221+0000] {dag.py:3954} INFO - Setting next_dagrun for example_branch_operator to 2024-06-15 00:00:00+00:00, run_after=2024-06-16 00:00:00+00:00
[2024-06-16T20:45:19.242+0000] {processor.py:183} INFO - Processing /home/airflow/.local/lib/python3.12/site-packages/airflow/example_dags/example_branch_operator.py took 0.101 seconds
[2024-06-16T20:45:49.655+0000] {processor.py:161} INFO - Started process (PID=2144) to work on /home/airflow/.local/lib/python3.12/site-packages/airflow/example_dags/example_branch_operator.py
[2024-06-16T20:45:49.656+0000] {processor.py:830} INFO - Processing file /home/airflow/.local/lib/python3.12/site-packages/airflow/example_dags/example_branch_operator.py for tasks to queue
[2024-06-16T20:45:49.658+0000] {logging_mixin.py:188} INFO - [2024-06-16T20:45:49.658+0000] {dagbag.py:545} INFO - Filling up the DagBag from /home/airflow/.local/lib/python3.12/site-packages/airflow/example_dags/example_branch_operator.py
[2024-06-16T20:45:49.675+0000] {processor.py:840} INFO - DAG(s) 'example_branch_operator' retrieved from /home/airflow/.local/lib/python3.12/site-packages/airflow/example_dags/example_branch_operator.py
[2024-06-16T20:45:49.702+0000] {logging_mixin.py:188} INFO - [2024-06-16T20:45:49.702+0000] {dag.py:3096} INFO - Sync 1 DAGs
[2024-06-16T20:45:49.724+0000] {logging_mixin.py:188} INFO - [2024-06-16T20:45:49.724+0000] {dag.py:3954} INFO - Setting next_dagrun for example_branch_operator to 2024-06-15 00:00:00+00:00, run_after=2024-06-16 00:00:00+00:00
[2024-06-16T20:45:49.744+0000] {processor.py:183} INFO - Processing /home/airflow/.local/lib/python3.12/site-packages/airflow/example_dags/example_branch_operator.py took 0.095 seconds
[2024-06-16T20:46:20.035+0000] {processor.py:161} INFO - Started process (PID=2202) to work on /home/airflow/.local/lib/python3.12/site-packages/airflow/example_dags/example_branch_operator.py
[2024-06-16T20:46:20.036+0000] {processor.py:830} INFO - Processing file /home/airflow/.local/lib/python3.12/site-packages/airflow/example_dags/example_branch_operator.py for tasks to queue
[2024-06-16T20:46:20.038+0000] {logging_mixin.py:188} INFO - [2024-06-16T20:46:20.038+0000] {dagbag.py:545} INFO - Filling up the DagBag from /home/airflow/.local/lib/python3.12/site-packages/airflow/example_dags/example_branch_operator.py
[2024-06-16T20:46:20.056+0000] {processor.py:840} INFO - DAG(s) 'example_branch_operator' retrieved from /home/airflow/.local/lib/python3.12/site-packages/airflow/example_dags/example_branch_operator.py
[2024-06-16T20:46:20.084+0000] {logging_mixin.py:188} INFO - [2024-06-16T20:46:20.084+0000] {dag.py:3096} INFO - Sync 1 DAGs
[2024-06-16T20:46:20.105+0000] {logging_mixin.py:188} INFO - [2024-06-16T20:46:20.105+0000] {dag.py:3954} INFO - Setting next_dagrun for example_branch_operator to 2024-06-15 00:00:00+00:00, run_after=2024-06-16 00:00:00+00:00
[2024-06-16T20:46:20.128+0000] {processor.py:183} INFO - Processing /home/airflow/.local/lib/python3.12/site-packages/airflow/example_dags/example_branch_operator.py took 0.099 seconds
[2024-06-16T20:46:50.533+0000] {processor.py:161} INFO - Started process (PID=2260) to work on /home/airflow/.local/lib/python3.12/site-packages/airflow/example_dags/example_branch_operator.py
[2024-06-16T20:46:50.534+0000] {processor.py:830} INFO - Processing file /home/airflow/.local/lib/python3.12/site-packages/airflow/example_dags/example_branch_operator.py for tasks to queue
[2024-06-16T20:46:50.537+0000] {logging_mixin.py:188} INFO - [2024-06-16T20:46:50.536+0000] {dagbag.py:545} INFO - Filling up the DagBag from /home/airflow/.local/lib/python3.12/site-packages/airflow/example_dags/example_branch_operator.py
[2024-06-16T20:46:50.553+0000] {processor.py:840} INFO - DAG(s) 'example_branch_operator' retrieved from /home/airflow/.local/lib/python3.12/site-packages/airflow/example_dags/example_branch_operator.py
[2024-06-16T20:46:50.581+0000] {logging_mixin.py:188} INFO - [2024-06-16T20:46:50.581+0000] {dag.py:3096} INFO - Sync 1 DAGs
[2024-06-16T20:46:50.603+0000] {logging_mixin.py:188} INFO - [2024-06-16T20:46:50.603+0000] {dag.py:3954} INFO - Setting next_dagrun for example_branch_operator to 2024-06-15 00:00:00+00:00, run_after=2024-06-16 00:00:00+00:00
[2024-06-16T20:46:50.623+0000] {processor.py:183} INFO - Processing /home/airflow/.local/lib/python3.12/site-packages/airflow/example_dags/example_branch_operator.py took 0.098 seconds
[2024-06-16T20:47:20.943+0000] {processor.py:161} INFO - Started process (PID=2318) to work on /home/airflow/.local/lib/python3.12/site-packages/airflow/example_dags/example_branch_operator.py
[2024-06-16T20:47:20.944+0000] {processor.py:830} INFO - Processing file /home/airflow/.local/lib/python3.12/site-packages/airflow/example_dags/example_branch_operator.py for tasks to queue
[2024-06-16T20:47:20.946+0000] {logging_mixin.py:188} INFO - [2024-06-16T20:47:20.946+0000] {dagbag.py:545} INFO - Filling up the DagBag from /home/airflow/.local/lib/python3.12/site-packages/airflow/example_dags/example_branch_operator.py
[2024-06-16T20:47:20.963+0000] {processor.py:840} INFO - DAG(s) 'example_branch_operator' retrieved from /home/airflow/.local/lib/python3.12/site-packages/airflow/example_dags/example_branch_operator.py
[2024-06-16T20:47:20.991+0000] {logging_mixin.py:188} INFO - [2024-06-16T20:47:20.991+0000] {dag.py:3096} INFO - Sync 1 DAGs
[2024-06-16T20:47:21.013+0000] {logging_mixin.py:188} INFO - [2024-06-16T20:47:21.012+0000] {dag.py:3954} INFO - Setting next_dagrun for example_branch_operator to 2024-06-15 00:00:00+00:00, run_after=2024-06-16 00:00:00+00:00
[2024-06-16T20:47:21.033+0000] {processor.py:183} INFO - Processing /home/airflow/.local/lib/python3.12/site-packages/airflow/example_dags/example_branch_operator.py took 0.096 seconds
[2024-06-16T20:47:51.421+0000] {processor.py:161} INFO - Started process (PID=2376) to work on /home/airflow/.local/lib/python3.12/site-packages/airflow/example_dags/example_branch_operator.py
[2024-06-16T20:47:51.422+0000] {processor.py:830} INFO - Processing file /home/airflow/.local/lib/python3.12/site-packages/airflow/example_dags/example_branch_operator.py for tasks to queue
[2024-06-16T20:47:51.424+0000] {logging_mixin.py:188} INFO - [2024-06-16T20:47:51.424+0000] {dagbag.py:545} INFO - Filling up the DagBag from /home/airflow/.local/lib/python3.12/site-packages/airflow/example_dags/example_branch_operator.py
[2024-06-16T20:47:51.441+0000] {processor.py:840} INFO - DAG(s) 'example_branch_operator' retrieved from /home/airflow/.local/lib/python3.12/site-packages/airflow/example_dags/example_branch_operator.py
[2024-06-16T20:47:51.469+0000] {logging_mixin.py:188} INFO - [2024-06-16T20:47:51.469+0000] {dag.py:3096} INFO - Sync 1 DAGs
[2024-06-16T20:47:51.492+0000] {logging_mixin.py:188} INFO - [2024-06-16T20:47:51.492+0000] {dag.py:3954} INFO - Setting next_dagrun for example_branch_operator to 2024-06-15 00:00:00+00:00, run_after=2024-06-16 00:00:00+00:00
[2024-06-16T20:47:51.512+0000] {processor.py:183} INFO - Processing /home/airflow/.local/lib/python3.12/site-packages/airflow/example_dags/example_branch_operator.py took 0.097 seconds
[2024-06-16T20:48:21.809+0000] {processor.py:161} INFO - Started process (PID=2434) to work on /home/airflow/.local/lib/python3.12/site-packages/airflow/example_dags/example_branch_operator.py
[2024-06-16T20:48:21.811+0000] {processor.py:830} INFO - Processing file /home/airflow/.local/lib/python3.12/site-packages/airflow/example_dags/example_branch_operator.py for tasks to queue
[2024-06-16T20:48:21.812+0000] {logging_mixin.py:188} INFO - [2024-06-16T20:48:21.812+0000] {dagbag.py:545} INFO - Filling up the DagBag from /home/airflow/.local/lib/python3.12/site-packages/airflow/example_dags/example_branch_operator.py
[2024-06-16T20:48:21.828+0000] {processor.py:840} INFO - DAG(s) 'example_branch_operator' retrieved from /home/airflow/.local/lib/python3.12/site-packages/airflow/example_dags/example_branch_operator.py
[2024-06-16T20:48:21.855+0000] {logging_mixin.py:188} INFO - [2024-06-16T20:48:21.855+0000] {dag.py:3096} INFO - Sync 1 DAGs
[2024-06-16T20:48:21.876+0000] {logging_mixin.py:188} INFO - [2024-06-16T20:48:21.876+0000] {dag.py:3954} INFO - Setting next_dagrun for example_branch_operator to 2024-06-15 00:00:00+00:00, run_after=2024-06-16 00:00:00+00:00
[2024-06-16T20:48:21.898+0000] {processor.py:183} INFO - Processing /home/airflow/.local/lib/python3.12/site-packages/airflow/example_dags/example_branch_operator.py took 0.094 seconds
[2024-06-16T20:48:52.396+0000] {processor.py:161} INFO - Started process (PID=2492) to work on /home/airflow/.local/lib/python3.12/site-packages/airflow/example_dags/example_branch_operator.py
[2024-06-16T20:48:52.397+0000] {processor.py:830} INFO - Processing file /home/airflow/.local/lib/python3.12/site-packages/airflow/example_dags/example_branch_operator.py for tasks to queue
[2024-06-16T20:48:52.399+0000] {logging_mixin.py:188} INFO - [2024-06-16T20:48:52.398+0000] {dagbag.py:545} INFO - Filling up the DagBag from /home/airflow/.local/lib/python3.12/site-packages/airflow/example_dags/example_branch_operator.py
[2024-06-16T20:48:52.414+0000] {processor.py:840} INFO - DAG(s) 'example_branch_operator' retrieved from /home/airflow/.local/lib/python3.12/site-packages/airflow/example_dags/example_branch_operator.py
[2024-06-16T20:48:52.442+0000] {logging_mixin.py:188} INFO - [2024-06-16T20:48:52.441+0000] {dag.py:3096} INFO - Sync 1 DAGs
[2024-06-16T20:48:52.463+0000] {logging_mixin.py:188} INFO - [2024-06-16T20:48:52.463+0000] {dag.py:3954} INFO - Setting next_dagrun for example_branch_operator to 2024-06-15 00:00:00+00:00, run_after=2024-06-16 00:00:00+00:00
[2024-06-16T20:48:52.484+0000] {processor.py:183} INFO - Processing /home/airflow/.local/lib/python3.12/site-packages/airflow/example_dags/example_branch_operator.py took 0.094 seconds
[2024-06-16T20:49:22.949+0000] {processor.py:161} INFO - Started process (PID=2550) to work on /home/airflow/.local/lib/python3.12/site-packages/airflow/example_dags/example_branch_operator.py
[2024-06-16T20:49:22.950+0000] {processor.py:830} INFO - Processing file /home/airflow/.local/lib/python3.12/site-packages/airflow/example_dags/example_branch_operator.py for tasks to queue
[2024-06-16T20:49:22.952+0000] {logging_mixin.py:188} INFO - [2024-06-16T20:49:22.951+0000] {dagbag.py:545} INFO - Filling up the DagBag from /home/airflow/.local/lib/python3.12/site-packages/airflow/example_dags/example_branch_operator.py
[2024-06-16T20:49:22.969+0000] {processor.py:840} INFO - DAG(s) 'example_branch_operator' retrieved from /home/airflow/.local/lib/python3.12/site-packages/airflow/example_dags/example_branch_operator.py
[2024-06-16T20:49:22.997+0000] {logging_mixin.py:188} INFO - [2024-06-16T20:49:22.997+0000] {dag.py:3096} INFO - Sync 1 DAGs
[2024-06-16T20:49:23.019+0000] {logging_mixin.py:188} INFO - [2024-06-16T20:49:23.019+0000] {dag.py:3954} INFO - Setting next_dagrun for example_branch_operator to 2024-06-15 00:00:00+00:00, run_after=2024-06-16 00:00:00+00:00
[2024-06-16T20:49:23.039+0000] {processor.py:183} INFO - Processing /home/airflow/.local/lib/python3.12/site-packages/airflow/example_dags/example_branch_operator.py took 0.097 seconds
[2024-06-16T20:49:53.378+0000] {processor.py:161} INFO - Started process (PID=2608) to work on /home/airflow/.local/lib/python3.12/site-packages/airflow/example_dags/example_branch_operator.py
[2024-06-16T20:49:53.379+0000] {processor.py:830} INFO - Processing file /home/airflow/.local/lib/python3.12/site-packages/airflow/example_dags/example_branch_operator.py for tasks to queue
[2024-06-16T20:49:53.381+0000] {logging_mixin.py:188} INFO - [2024-06-16T20:49:53.380+0000] {dagbag.py:545} INFO - Filling up the DagBag from /home/airflow/.local/lib/python3.12/site-packages/airflow/example_dags/example_branch_operator.py
[2024-06-16T20:49:53.397+0000] {processor.py:840} INFO - DAG(s) 'example_branch_operator' retrieved from /home/airflow/.local/lib/python3.12/site-packages/airflow/example_dags/example_branch_operator.py
[2024-06-16T20:49:53.425+0000] {logging_mixin.py:188} INFO - [2024-06-16T20:49:53.425+0000] {dag.py:3096} INFO - Sync 1 DAGs
[2024-06-16T20:49:53.446+0000] {logging_mixin.py:188} INFO - [2024-06-16T20:49:53.446+0000] {dag.py:3954} INFO - Setting next_dagrun for example_branch_operator to 2024-06-15 00:00:00+00:00, run_after=2024-06-16 00:00:00+00:00
[2024-06-16T20:49:53.466+0000] {processor.py:183} INFO - Processing /home/airflow/.local/lib/python3.12/site-packages/airflow/example_dags/example_branch_operator.py took 0.095 seconds
[2024-06-16T20:50:23.792+0000] {processor.py:161} INFO - Started process (PID=2666) to work on /home/airflow/.local/lib/python3.12/site-packages/airflow/example_dags/example_branch_operator.py
[2024-06-16T20:50:23.794+0000] {processor.py:830} INFO - Processing file /home/airflow/.local/lib/python3.12/site-packages/airflow/example_dags/example_branch_operator.py for tasks to queue
[2024-06-16T20:50:23.795+0000] {logging_mixin.py:188} INFO - [2024-06-16T20:50:23.795+0000] {dagbag.py:545} INFO - Filling up the DagBag from /home/airflow/.local/lib/python3.12/site-packages/airflow/example_dags/example_branch_operator.py
[2024-06-16T20:50:23.811+0000] {processor.py:840} INFO - DAG(s) 'example_branch_operator' retrieved from /home/airflow/.local/lib/python3.12/site-packages/airflow/example_dags/example_branch_operator.py
[2024-06-16T20:50:23.839+0000] {logging_mixin.py:188} INFO - [2024-06-16T20:50:23.838+0000] {dag.py:3096} INFO - Sync 1 DAGs
[2024-06-16T20:50:23.861+0000] {logging_mixin.py:188} INFO - [2024-06-16T20:50:23.861+0000] {dag.py:3954} INFO - Setting next_dagrun for example_branch_operator to 2024-06-15 00:00:00+00:00, run_after=2024-06-16 00:00:00+00:00
[2024-06-16T20:50:23.882+0000] {processor.py:183} INFO - Processing /home/airflow/.local/lib/python3.12/site-packages/airflow/example_dags/example_branch_operator.py took 0.095 seconds
[2024-06-16T20:50:54.214+0000] {processor.py:161} INFO - Started process (PID=2724) to work on /home/airflow/.local/lib/python3.12/site-packages/airflow/example_dags/example_branch_operator.py
[2024-06-16T20:50:54.215+0000] {processor.py:830} INFO - Processing file /home/airflow/.local/lib/python3.12/site-packages/airflow/example_dags/example_branch_operator.py for tasks to queue
[2024-06-16T20:50:54.218+0000] {logging_mixin.py:188} INFO - [2024-06-16T20:50:54.218+0000] {dagbag.py:545} INFO - Filling up the DagBag from /home/airflow/.local/lib/python3.12/site-packages/airflow/example_dags/example_branch_operator.py
[2024-06-16T20:50:54.241+0000] {processor.py:840} INFO - DAG(s) 'example_branch_operator' retrieved from /home/airflow/.local/lib/python3.12/site-packages/airflow/example_dags/example_branch_operator.py
[2024-06-16T20:50:54.272+0000] {logging_mixin.py:188} INFO - [2024-06-16T20:50:54.272+0000] {dag.py:3096} INFO - Sync 1 DAGs
[2024-06-16T20:50:54.298+0000] {logging_mixin.py:188} INFO - [2024-06-16T20:50:54.298+0000] {dag.py:3954} INFO - Setting next_dagrun for example_branch_operator to 2024-06-15 00:00:00+00:00, run_after=2024-06-16 00:00:00+00:00
[2024-06-16T20:50:54.320+0000] {processor.py:183} INFO - Processing /home/airflow/.local/lib/python3.12/site-packages/airflow/example_dags/example_branch_operator.py took 0.111 seconds
[2024-06-16T20:51:24.772+0000] {processor.py:161} INFO - Started process (PID=2782) to work on /home/airflow/.local/lib/python3.12/site-packages/airflow/example_dags/example_branch_operator.py
[2024-06-16T20:51:24.772+0000] {processor.py:830} INFO - Processing file /home/airflow/.local/lib/python3.12/site-packages/airflow/example_dags/example_branch_operator.py for tasks to queue
[2024-06-16T20:51:24.774+0000] {logging_mixin.py:188} INFO - [2024-06-16T20:51:24.774+0000] {dagbag.py:545} INFO - Filling up the DagBag from /home/airflow/.local/lib/python3.12/site-packages/airflow/example_dags/example_branch_operator.py
[2024-06-16T20:51:24.791+0000] {processor.py:840} INFO - DAG(s) 'example_branch_operator' retrieved from /home/airflow/.local/lib/python3.12/site-packages/airflow/example_dags/example_branch_operator.py
[2024-06-16T20:51:24.820+0000] {logging_mixin.py:188} INFO - [2024-06-16T20:51:24.820+0000] {dag.py:3096} INFO - Sync 1 DAGs
[2024-06-16T20:51:24.842+0000] {logging_mixin.py:188} INFO - [2024-06-16T20:51:24.842+0000] {dag.py:3954} INFO - Setting next_dagrun for example_branch_operator to 2024-06-15 00:00:00+00:00, run_after=2024-06-16 00:00:00+00:00
[2024-06-16T20:51:24.862+0000] {processor.py:183} INFO - Processing /home/airflow/.local/lib/python3.12/site-packages/airflow/example_dags/example_branch_operator.py took 0.096 seconds
[2024-06-16T20:51:55.215+0000] {processor.py:161} INFO - Started process (PID=2840) to work on /home/airflow/.local/lib/python3.12/site-packages/airflow/example_dags/example_branch_operator.py
[2024-06-16T20:51:55.216+0000] {processor.py:830} INFO - Processing file /home/airflow/.local/lib/python3.12/site-packages/airflow/example_dags/example_branch_operator.py for tasks to queue
[2024-06-16T20:51:55.218+0000] {logging_mixin.py:188} INFO - [2024-06-16T20:51:55.218+0000] {dagbag.py:545} INFO - Filling up the DagBag from /home/airflow/.local/lib/python3.12/site-packages/airflow/example_dags/example_branch_operator.py
[2024-06-16T20:51:55.234+0000] {processor.py:840} INFO - DAG(s) 'example_branch_operator' retrieved from /home/airflow/.local/lib/python3.12/site-packages/airflow/example_dags/example_branch_operator.py
[2024-06-16T20:51:55.261+0000] {logging_mixin.py:188} INFO - [2024-06-16T20:51:55.261+0000] {dag.py:3096} INFO - Sync 1 DAGs
[2024-06-16T20:51:55.282+0000] {logging_mixin.py:188} INFO - [2024-06-16T20:51:55.282+0000] {dag.py:3954} INFO - Setting next_dagrun for example_branch_operator to 2024-06-15 00:00:00+00:00, run_after=2024-06-16 00:00:00+00:00
[2024-06-16T20:51:55.302+0000] {processor.py:183} INFO - Processing /home/airflow/.local/lib/python3.12/site-packages/airflow/example_dags/example_branch_operator.py took 0.093 seconds
[2024-06-16T20:52:25.697+0000] {processor.py:161} INFO - Started process (PID=2898) to work on /home/airflow/.local/lib/python3.12/site-packages/airflow/example_dags/example_branch_operator.py
[2024-06-16T20:52:25.699+0000] {processor.py:830} INFO - Processing file /home/airflow/.local/lib/python3.12/site-packages/airflow/example_dags/example_branch_operator.py for tasks to queue
[2024-06-16T20:52:25.701+0000] {logging_mixin.py:188} INFO - [2024-06-16T20:52:25.701+0000] {dagbag.py:545} INFO - Filling up the DagBag from /home/airflow/.local/lib/python3.12/site-packages/airflow/example_dags/example_branch_operator.py
[2024-06-16T20:52:25.720+0000] {processor.py:840} INFO - DAG(s) 'example_branch_operator' retrieved from /home/airflow/.local/lib/python3.12/site-packages/airflow/example_dags/example_branch_operator.py
[2024-06-16T20:52:25.758+0000] {logging_mixin.py:188} INFO - [2024-06-16T20:52:25.757+0000] {dag.py:3096} INFO - Sync 1 DAGs
[2024-06-16T20:52:25.783+0000] {logging_mixin.py:188} INFO - [2024-06-16T20:52:25.783+0000] {dag.py:3954} INFO - Setting next_dagrun for example_branch_operator to 2024-06-15 00:00:00+00:00, run_after=2024-06-16 00:00:00+00:00
[2024-06-16T20:52:25.805+0000] {processor.py:183} INFO - Processing /home/airflow/.local/lib/python3.12/site-packages/airflow/example_dags/example_branch_operator.py took 0.115 seconds
[2024-06-16T20:52:56.075+0000] {processor.py:161} INFO - Started process (PID=2956) to work on /home/airflow/.local/lib/python3.12/site-packages/airflow/example_dags/example_branch_operator.py
[2024-06-16T20:52:56.077+0000] {processor.py:830} INFO - Processing file /home/airflow/.local/lib/python3.12/site-packages/airflow/example_dags/example_branch_operator.py for tasks to queue
[2024-06-16T20:52:56.078+0000] {logging_mixin.py:188} INFO - [2024-06-16T20:52:56.078+0000] {dagbag.py:545} INFO - Filling up the DagBag from /home/airflow/.local/lib/python3.12/site-packages/airflow/example_dags/example_branch_operator.py
[2024-06-16T20:52:56.094+0000] {processor.py:840} INFO - DAG(s) 'example_branch_operator' retrieved from /home/airflow/.local/lib/python3.12/site-packages/airflow/example_dags/example_branch_operator.py
[2024-06-16T20:52:56.130+0000] {logging_mixin.py:188} INFO - [2024-06-16T20:52:56.130+0000] {dag.py:3096} INFO - Sync 1 DAGs
[2024-06-16T20:52:56.153+0000] {logging_mixin.py:188} INFO - [2024-06-16T20:52:56.153+0000] {dag.py:3954} INFO - Setting next_dagrun for example_branch_operator to 2024-06-15 00:00:00+00:00, run_after=2024-06-16 00:00:00+00:00
[2024-06-16T20:52:56.174+0000] {processor.py:183} INFO - Processing /home/airflow/.local/lib/python3.12/site-packages/airflow/example_dags/example_branch_operator.py took 0.105 seconds
[2024-06-16T20:53:26.662+0000] {processor.py:161} INFO - Started process (PID=3014) to work on /home/airflow/.local/lib/python3.12/site-packages/airflow/example_dags/example_branch_operator.py
[2024-06-16T20:53:26.665+0000] {processor.py:830} INFO - Processing file /home/airflow/.local/lib/python3.12/site-packages/airflow/example_dags/example_branch_operator.py for tasks to queue
[2024-06-16T20:53:26.667+0000] {logging_mixin.py:188} INFO - [2024-06-16T20:53:26.666+0000] {dagbag.py:545} INFO - Filling up the DagBag from /home/airflow/.local/lib/python3.12/site-packages/airflow/example_dags/example_branch_operator.py
[2024-06-16T20:53:26.682+0000] {processor.py:840} INFO - DAG(s) 'example_branch_operator' retrieved from /home/airflow/.local/lib/python3.12/site-packages/airflow/example_dags/example_branch_operator.py
[2024-06-16T20:53:26.711+0000] {logging_mixin.py:188} INFO - [2024-06-16T20:53:26.710+0000] {dag.py:3096} INFO - Sync 1 DAGs
[2024-06-16T20:53:26.732+0000] {logging_mixin.py:188} INFO - [2024-06-16T20:53:26.732+0000] {dag.py:3954} INFO - Setting next_dagrun for example_branch_operator to 2024-06-15 00:00:00+00:00, run_after=2024-06-16 00:00:00+00:00
[2024-06-16T20:53:26.752+0000] {processor.py:183} INFO - Processing /home/airflow/.local/lib/python3.12/site-packages/airflow/example_dags/example_branch_operator.py took 0.096 seconds
[2024-06-16T20:53:57.108+0000] {processor.py:161} INFO - Started process (PID=3072) to work on /home/airflow/.local/lib/python3.12/site-packages/airflow/example_dags/example_branch_operator.py
[2024-06-16T20:53:57.109+0000] {processor.py:830} INFO - Processing file /home/airflow/.local/lib/python3.12/site-packages/airflow/example_dags/example_branch_operator.py for tasks to queue
[2024-06-16T20:53:57.111+0000] {logging_mixin.py:188} INFO - [2024-06-16T20:53:57.111+0000] {dagbag.py:545} INFO - Filling up the DagBag from /home/airflow/.local/lib/python3.12/site-packages/airflow/example_dags/example_branch_operator.py
[2024-06-16T20:53:57.127+0000] {processor.py:840} INFO - DAG(s) 'example_branch_operator' retrieved from /home/airflow/.local/lib/python3.12/site-packages/airflow/example_dags/example_branch_operator.py
[2024-06-16T20:53:57.155+0000] {logging_mixin.py:188} INFO - [2024-06-16T20:53:57.155+0000] {dag.py:3096} INFO - Sync 1 DAGs
[2024-06-16T20:53:57.181+0000] {logging_mixin.py:188} INFO - [2024-06-16T20:53:57.180+0000] {dag.py:3954} INFO - Setting next_dagrun for example_branch_operator to 2024-06-15 00:00:00+00:00, run_after=2024-06-16 00:00:00+00:00
[2024-06-16T20:53:57.205+0000] {processor.py:183} INFO - Processing /home/airflow/.local/lib/python3.12/site-packages/airflow/example_dags/example_branch_operator.py took 0.103 seconds
[2024-06-16T20:54:27.631+0000] {processor.py:161} INFO - Started process (PID=3130) to work on /home/airflow/.local/lib/python3.12/site-packages/airflow/example_dags/example_branch_operator.py
[2024-06-16T20:54:27.632+0000] {processor.py:830} INFO - Processing file /home/airflow/.local/lib/python3.12/site-packages/airflow/example_dags/example_branch_operator.py for tasks to queue
[2024-06-16T20:54:27.634+0000] {logging_mixin.py:188} INFO - [2024-06-16T20:54:27.633+0000] {dagbag.py:545} INFO - Filling up the DagBag from /home/airflow/.local/lib/python3.12/site-packages/airflow/example_dags/example_branch_operator.py
[2024-06-16T20:54:27.651+0000] {processor.py:840} INFO - DAG(s) 'example_branch_operator' retrieved from /home/airflow/.local/lib/python3.12/site-packages/airflow/example_dags/example_branch_operator.py
[2024-06-16T20:54:27.679+0000] {logging_mixin.py:188} INFO - [2024-06-16T20:54:27.679+0000] {dag.py:3096} INFO - Sync 1 DAGs
[2024-06-16T20:54:27.701+0000] {logging_mixin.py:188} INFO - [2024-06-16T20:54:27.701+0000] {dag.py:3954} INFO - Setting next_dagrun for example_branch_operator to 2024-06-15 00:00:00+00:00, run_after=2024-06-16 00:00:00+00:00
[2024-06-16T20:54:27.722+0000] {processor.py:183} INFO - Processing /home/airflow/.local/lib/python3.12/site-packages/airflow/example_dags/example_branch_operator.py took 0.097 seconds
[2024-06-16T20:54:58.065+0000] {processor.py:161} INFO - Started process (PID=3188) to work on /home/airflow/.local/lib/python3.12/site-packages/airflow/example_dags/example_branch_operator.py
[2024-06-16T20:54:58.067+0000] {processor.py:830} INFO - Processing file /home/airflow/.local/lib/python3.12/site-packages/airflow/example_dags/example_branch_operator.py for tasks to queue
[2024-06-16T20:54:58.069+0000] {logging_mixin.py:188} INFO - [2024-06-16T20:54:58.068+0000] {dagbag.py:545} INFO - Filling up the DagBag from /home/airflow/.local/lib/python3.12/site-packages/airflow/example_dags/example_branch_operator.py
[2024-06-16T20:54:58.085+0000] {processor.py:840} INFO - DAG(s) 'example_branch_operator' retrieved from /home/airflow/.local/lib/python3.12/site-packages/airflow/example_dags/example_branch_operator.py
[2024-06-16T20:54:58.113+0000] {logging_mixin.py:188} INFO - [2024-06-16T20:54:58.113+0000] {dag.py:3096} INFO - Sync 1 DAGs
[2024-06-16T20:54:58.135+0000] {logging_mixin.py:188} INFO - [2024-06-16T20:54:58.134+0000] {dag.py:3954} INFO - Setting next_dagrun for example_branch_operator to 2024-06-15 00:00:00+00:00, run_after=2024-06-16 00:00:00+00:00
[2024-06-16T20:54:58.155+0000] {processor.py:183} INFO - Processing /home/airflow/.local/lib/python3.12/site-packages/airflow/example_dags/example_branch_operator.py took 0.097 seconds
[2024-06-16T20:55:28.484+0000] {processor.py:161} INFO - Started process (PID=3246) to work on /home/airflow/.local/lib/python3.12/site-packages/airflow/example_dags/example_branch_operator.py
[2024-06-16T20:55:28.486+0000] {processor.py:830} INFO - Processing file /home/airflow/.local/lib/python3.12/site-packages/airflow/example_dags/example_branch_operator.py for tasks to queue
[2024-06-16T20:55:28.487+0000] {logging_mixin.py:188} INFO - [2024-06-16T20:55:28.487+0000] {dagbag.py:545} INFO - Filling up the DagBag from /home/airflow/.local/lib/python3.12/site-packages/airflow/example_dags/example_branch_operator.py
[2024-06-16T20:55:28.504+0000] {processor.py:840} INFO - DAG(s) 'example_branch_operator' retrieved from /home/airflow/.local/lib/python3.12/site-packages/airflow/example_dags/example_branch_operator.py
[2024-06-16T20:55:28.531+0000] {logging_mixin.py:188} INFO - [2024-06-16T20:55:28.531+0000] {dag.py:3096} INFO - Sync 1 DAGs
[2024-06-16T20:55:28.553+0000] {logging_mixin.py:188} INFO - [2024-06-16T20:55:28.553+0000] {dag.py:3954} INFO - Setting next_dagrun for example_branch_operator to 2024-06-15 00:00:00+00:00, run_after=2024-06-16 00:00:00+00:00
[2024-06-16T20:55:28.573+0000] {processor.py:183} INFO - Processing /home/airflow/.local/lib/python3.12/site-packages/airflow/example_dags/example_branch_operator.py took 0.094 seconds
[2024-06-16T20:55:58.683+0000] {processor.py:161} INFO - Started process (PID=3303) to work on /home/airflow/.local/lib/python3.12/site-packages/airflow/example_dags/example_branch_operator.py
[2024-06-16T20:55:58.684+0000] {processor.py:830} INFO - Processing file /home/airflow/.local/lib/python3.12/site-packages/airflow/example_dags/example_branch_operator.py for tasks to queue
[2024-06-16T20:55:58.686+0000] {logging_mixin.py:188} INFO - [2024-06-16T20:55:58.686+0000] {dagbag.py:545} INFO - Filling up the DagBag from /home/airflow/.local/lib/python3.12/site-packages/airflow/example_dags/example_branch_operator.py
[2024-06-16T20:55:58.705+0000] {processor.py:840} INFO - DAG(s) 'example_branch_operator' retrieved from /home/airflow/.local/lib/python3.12/site-packages/airflow/example_dags/example_branch_operator.py
[2024-06-16T20:55:58.738+0000] {logging_mixin.py:188} INFO - [2024-06-16T20:55:58.737+0000] {dag.py:3096} INFO - Sync 1 DAGs
[2024-06-16T20:55:58.763+0000] {logging_mixin.py:188} INFO - [2024-06-16T20:55:58.762+0000] {dag.py:3954} INFO - Setting next_dagrun for example_branch_operator to 2024-06-15 00:00:00+00:00, run_after=2024-06-16 00:00:00+00:00
[2024-06-16T20:55:58.787+0000] {processor.py:183} INFO - Processing /home/airflow/.local/lib/python3.12/site-packages/airflow/example_dags/example_branch_operator.py took 0.111 seconds
[2024-06-16T20:56:29.330+0000] {processor.py:161} INFO - Started process (PID=3362) to work on /home/airflow/.local/lib/python3.12/site-packages/airflow/example_dags/example_branch_operator.py
[2024-06-16T20:56:29.331+0000] {processor.py:830} INFO - Processing file /home/airflow/.local/lib/python3.12/site-packages/airflow/example_dags/example_branch_operator.py for tasks to queue
[2024-06-16T20:56:29.333+0000] {logging_mixin.py:188} INFO - [2024-06-16T20:56:29.333+0000] {dagbag.py:545} INFO - Filling up the DagBag from /home/airflow/.local/lib/python3.12/site-packages/airflow/example_dags/example_branch_operator.py
[2024-06-16T20:56:29.351+0000] {processor.py:840} INFO - DAG(s) 'example_branch_operator' retrieved from /home/airflow/.local/lib/python3.12/site-packages/airflow/example_dags/example_branch_operator.py
[2024-06-16T20:56:29.380+0000] {logging_mixin.py:188} INFO - [2024-06-16T20:56:29.380+0000] {dag.py:3096} INFO - Sync 1 DAGs
[2024-06-16T20:56:29.403+0000] {logging_mixin.py:188} INFO - [2024-06-16T20:56:29.403+0000] {dag.py:3954} INFO - Setting next_dagrun for example_branch_operator to 2024-06-15 00:00:00+00:00, run_after=2024-06-16 00:00:00+00:00
[2024-06-16T20:56:29.427+0000] {processor.py:183} INFO - Processing /home/airflow/.local/lib/python3.12/site-packages/airflow/example_dags/example_branch_operator.py took 0.103 seconds
[2024-06-16T20:56:59.810+0000] {processor.py:161} INFO - Started process (PID=3420) to work on /home/airflow/.local/lib/python3.12/site-packages/airflow/example_dags/example_branch_operator.py
[2024-06-16T20:56:59.811+0000] {processor.py:830} INFO - Processing file /home/airflow/.local/lib/python3.12/site-packages/airflow/example_dags/example_branch_operator.py for tasks to queue
[2024-06-16T20:56:59.813+0000] {logging_mixin.py:188} INFO - [2024-06-16T20:56:59.813+0000] {dagbag.py:545} INFO - Filling up the DagBag from /home/airflow/.local/lib/python3.12/site-packages/airflow/example_dags/example_branch_operator.py
[2024-06-16T20:56:59.829+0000] {processor.py:840} INFO - DAG(s) 'example_branch_operator' retrieved from /home/airflow/.local/lib/python3.12/site-packages/airflow/example_dags/example_branch_operator.py
[2024-06-16T20:56:59.858+0000] {logging_mixin.py:188} INFO - [2024-06-16T20:56:59.858+0000] {dag.py:3096} INFO - Sync 1 DAGs
[2024-06-16T20:56:59.881+0000] {logging_mixin.py:188} INFO - [2024-06-16T20:56:59.880+0000] {dag.py:3954} INFO - Setting next_dagrun for example_branch_operator to 2024-06-15 00:00:00+00:00, run_after=2024-06-16 00:00:00+00:00
[2024-06-16T20:56:59.902+0000] {processor.py:183} INFO - Processing /home/airflow/.local/lib/python3.12/site-packages/airflow/example_dags/example_branch_operator.py took 0.097 seconds
[2024-06-16T20:57:29.976+0000] {processor.py:161} INFO - Started process (PID=3477) to work on /home/airflow/.local/lib/python3.12/site-packages/airflow/example_dags/example_branch_operator.py
[2024-06-16T20:57:29.977+0000] {processor.py:830} INFO - Processing file /home/airflow/.local/lib/python3.12/site-packages/airflow/example_dags/example_branch_operator.py for tasks to queue
[2024-06-16T20:57:29.979+0000] {logging_mixin.py:188} INFO - [2024-06-16T20:57:29.979+0000] {dagbag.py:545} INFO - Filling up the DagBag from /home/airflow/.local/lib/python3.12/site-packages/airflow/example_dags/example_branch_operator.py
[2024-06-16T20:57:29.995+0000] {processor.py:840} INFO - DAG(s) 'example_branch_operator' retrieved from /home/airflow/.local/lib/python3.12/site-packages/airflow/example_dags/example_branch_operator.py
[2024-06-16T20:57:30.024+0000] {logging_mixin.py:188} INFO - [2024-06-16T20:57:30.023+0000] {dag.py:3096} INFO - Sync 1 DAGs
[2024-06-16T20:57:30.045+0000] {logging_mixin.py:188} INFO - [2024-06-16T20:57:30.045+0000] {dag.py:3954} INFO - Setting next_dagrun for example_branch_operator to 2024-06-15 00:00:00+00:00, run_after=2024-06-16 00:00:00+00:00
[2024-06-16T20:57:30.064+0000] {processor.py:183} INFO - Processing /home/airflow/.local/lib/python3.12/site-packages/airflow/example_dags/example_branch_operator.py took 0.094 seconds
[2024-06-16T20:58:00.203+0000] {processor.py:161} INFO - Started process (PID=3535) to work on /home/airflow/.local/lib/python3.12/site-packages/airflow/example_dags/example_branch_operator.py
[2024-06-16T20:58:00.205+0000] {processor.py:830} INFO - Processing file /home/airflow/.local/lib/python3.12/site-packages/airflow/example_dags/example_branch_operator.py for tasks to queue
[2024-06-16T20:58:00.208+0000] {logging_mixin.py:188} INFO - [2024-06-16T20:58:00.207+0000] {dagbag.py:545} INFO - Filling up the DagBag from /home/airflow/.local/lib/python3.12/site-packages/airflow/example_dags/example_branch_operator.py
[2024-06-16T20:58:00.231+0000] {processor.py:840} INFO - DAG(s) 'example_branch_operator' retrieved from /home/airflow/.local/lib/python3.12/site-packages/airflow/example_dags/example_branch_operator.py
[2024-06-16T20:58:00.263+0000] {logging_mixin.py:188} INFO - [2024-06-16T20:58:00.262+0000] {dag.py:3096} INFO - Sync 1 DAGs
[2024-06-16T20:58:00.291+0000] {logging_mixin.py:188} INFO - [2024-06-16T20:58:00.290+0000] {dag.py:3954} INFO - Setting next_dagrun for example_branch_operator to 2024-06-15 00:00:00+00:00, run_after=2024-06-16 00:00:00+00:00
[2024-06-16T20:58:00.313+0000] {processor.py:183} INFO - Processing /home/airflow/.local/lib/python3.12/site-packages/airflow/example_dags/example_branch_operator.py took 0.119 seconds
[2024-06-16T20:58:30.431+0000] {processor.py:161} INFO - Started process (PID=3593) to work on /home/airflow/.local/lib/python3.12/site-packages/airflow/example_dags/example_branch_operator.py
[2024-06-16T20:58:30.433+0000] {processor.py:830} INFO - Processing file /home/airflow/.local/lib/python3.12/site-packages/airflow/example_dags/example_branch_operator.py for tasks to queue
[2024-06-16T20:58:30.437+0000] {logging_mixin.py:188} INFO - [2024-06-16T20:58:30.436+0000] {dagbag.py:545} INFO - Filling up the DagBag from /home/airflow/.local/lib/python3.12/site-packages/airflow/example_dags/example_branch_operator.py
[2024-06-16T20:58:30.453+0000] {processor.py:840} INFO - DAG(s) 'example_branch_operator' retrieved from /home/airflow/.local/lib/python3.12/site-packages/airflow/example_dags/example_branch_operator.py
[2024-06-16T20:58:30.490+0000] {logging_mixin.py:188} INFO - [2024-06-16T20:58:30.490+0000] {dag.py:3096} INFO - Sync 1 DAGs
[2024-06-16T20:58:30.520+0000] {logging_mixin.py:188} INFO - [2024-06-16T20:58:30.519+0000] {dag.py:3954} INFO - Setting next_dagrun for example_branch_operator to 2024-06-15 00:00:00+00:00, run_after=2024-06-16 00:00:00+00:00
[2024-06-16T20:58:30.548+0000] {processor.py:183} INFO - Processing /home/airflow/.local/lib/python3.12/site-packages/airflow/example_dags/example_branch_operator.py took 0.122 seconds
[2024-06-16T20:59:00.583+0000] {processor.py:161} INFO - Started process (PID=3651) to work on /home/airflow/.local/lib/python3.12/site-packages/airflow/example_dags/example_branch_operator.py
[2024-06-16T20:59:00.591+0000] {processor.py:830} INFO - Processing file /home/airflow/.local/lib/python3.12/site-packages/airflow/example_dags/example_branch_operator.py for tasks to queue
[2024-06-16T20:59:00.593+0000] {logging_mixin.py:188} INFO - [2024-06-16T20:59:00.592+0000] {dagbag.py:545} INFO - Filling up the DagBag from /home/airflow/.local/lib/python3.12/site-packages/airflow/example_dags/example_branch_operator.py
[2024-06-16T20:59:00.609+0000] {processor.py:840} INFO - DAG(s) 'example_branch_operator' retrieved from /home/airflow/.local/lib/python3.12/site-packages/airflow/example_dags/example_branch_operator.py
[2024-06-16T20:59:00.676+0000] {logging_mixin.py:188} INFO - [2024-06-16T20:59:00.675+0000] {dag.py:3096} INFO - Sync 1 DAGs
[2024-06-16T20:59:00.698+0000] {logging_mixin.py:188} INFO - [2024-06-16T20:59:00.698+0000] {dag.py:3954} INFO - Setting next_dagrun for example_branch_operator to 2024-06-15 00:00:00+00:00, run_after=2024-06-16 00:00:00+00:00
[2024-06-16T20:59:00.718+0000] {processor.py:183} INFO - Processing /home/airflow/.local/lib/python3.12/site-packages/airflow/example_dags/example_branch_operator.py took 0.141 seconds
[2024-06-16T20:59:30.857+0000] {processor.py:161} INFO - Started process (PID=3709) to work on /home/airflow/.local/lib/python3.12/site-packages/airflow/example_dags/example_branch_operator.py
[2024-06-16T20:59:30.862+0000] {processor.py:830} INFO - Processing file /home/airflow/.local/lib/python3.12/site-packages/airflow/example_dags/example_branch_operator.py for tasks to queue
[2024-06-16T20:59:30.863+0000] {logging_mixin.py:188} INFO - [2024-06-16T20:59:30.863+0000] {dagbag.py:545} INFO - Filling up the DagBag from /home/airflow/.local/lib/python3.12/site-packages/airflow/example_dags/example_branch_operator.py
[2024-06-16T20:59:30.882+0000] {processor.py:840} INFO - DAG(s) 'example_branch_operator' retrieved from /home/airflow/.local/lib/python3.12/site-packages/airflow/example_dags/example_branch_operator.py
[2024-06-16T20:59:30.910+0000] {logging_mixin.py:188} INFO - [2024-06-16T20:59:30.909+0000] {dag.py:3096} INFO - Sync 1 DAGs
[2024-06-16T20:59:30.939+0000] {logging_mixin.py:188} INFO - [2024-06-16T20:59:30.939+0000] {dag.py:3954} INFO - Setting next_dagrun for example_branch_operator to 2024-06-15 00:00:00+00:00, run_after=2024-06-16 00:00:00+00:00
[2024-06-16T20:59:30.960+0000] {processor.py:183} INFO - Processing /home/airflow/.local/lib/python3.12/site-packages/airflow/example_dags/example_branch_operator.py took 0.109 seconds
