[2024-06-16T20:27:23.916+0000] {processor.py:161} INFO - Started process (PID=38) to work on /home/airflow/.local/lib/python3.12/site-packages/airflow/example_dags/example_bash_operator.py
[2024-06-16T20:27:23.918+0000] {processor.py:830} INFO - Processing file /home/airflow/.local/lib/python3.12/site-packages/airflow/example_dags/example_bash_operator.py for tasks to queue
[2024-06-16T20:27:23.921+0000] {logging_mixin.py:188} INFO - [2024-06-16T20:27:23.920+0000] {dagbag.py:545} INFO - Filling up the DagBag from /home/airflow/.local/lib/python3.12/site-packages/airflow/example_dags/example_bash_operator.py
[2024-06-16T20:27:23.945+0000] {processor.py:840} INFO - DAG(s) 'example_bash_operator' retrieved from /home/airflow/.local/lib/python3.12/site-packages/airflow/example_dags/example_bash_operator.py
[2024-06-16T20:27:24.132+0000] {logging_mixin.py:188} INFO - [2024-06-16T20:27:24.132+0000] {dag.py:3096} INFO - Sync 1 DAGs
[2024-06-16T20:27:24.158+0000] {logging_mixin.py:188} INFO - [2024-06-16T20:27:24.158+0000] {dag.py:3954} INFO - Setting next_dagrun for example_bash_operator to 2024-06-15 00:00:00+00:00, run_after=2024-06-16 00:00:00+00:00
[2024-06-16T20:27:24.180+0000] {processor.py:183} INFO - Processing /home/airflow/.local/lib/python3.12/site-packages/airflow/example_dags/example_bash_operator.py took 0.271 seconds
[2024-06-16T20:27:54.302+0000] {processor.py:161} INFO - Started process (PID=97) to work on /home/airflow/.local/lib/python3.12/site-packages/airflow/example_dags/example_bash_operator.py
[2024-06-16T20:27:54.303+0000] {processor.py:830} INFO - Processing file /home/airflow/.local/lib/python3.12/site-packages/airflow/example_dags/example_bash_operator.py for tasks to queue
[2024-06-16T20:27:54.305+0000] {logging_mixin.py:188} INFO - [2024-06-16T20:27:54.305+0000] {dagbag.py:545} INFO - Filling up the DagBag from /home/airflow/.local/lib/python3.12/site-packages/airflow/example_dags/example_bash_operator.py
[2024-06-16T20:27:54.319+0000] {processor.py:840} INFO - DAG(s) 'example_bash_operator' retrieved from /home/airflow/.local/lib/python3.12/site-packages/airflow/example_dags/example_bash_operator.py
[2024-06-16T20:27:54.350+0000] {logging_mixin.py:188} INFO - [2024-06-16T20:27:54.350+0000] {dag.py:3096} INFO - Sync 1 DAGs
[2024-06-16T20:27:54.376+0000] {logging_mixin.py:188} INFO - [2024-06-16T20:27:54.376+0000] {dag.py:3954} INFO - Setting next_dagrun for example_bash_operator to 2024-06-15 00:00:00+00:00, run_after=2024-06-16 00:00:00+00:00
[2024-06-16T20:27:54.399+0000] {processor.py:183} INFO - Processing /home/airflow/.local/lib/python3.12/site-packages/airflow/example_dags/example_bash_operator.py took 0.104 seconds
[2024-06-16T20:28:25.126+0000] {processor.py:161} INFO - Started process (PID=155) to work on /home/airflow/.local/lib/python3.12/site-packages/airflow/example_dags/example_bash_operator.py
[2024-06-16T20:28:25.127+0000] {processor.py:830} INFO - Processing file /home/airflow/.local/lib/python3.12/site-packages/airflow/example_dags/example_bash_operator.py for tasks to queue
[2024-06-16T20:28:25.129+0000] {logging_mixin.py:188} INFO - [2024-06-16T20:28:25.128+0000] {dagbag.py:545} INFO - Filling up the DagBag from /home/airflow/.local/lib/python3.12/site-packages/airflow/example_dags/example_bash_operator.py
[2024-06-16T20:28:25.140+0000] {processor.py:840} INFO - DAG(s) 'example_bash_operator' retrieved from /home/airflow/.local/lib/python3.12/site-packages/airflow/example_dags/example_bash_operator.py
[2024-06-16T20:28:25.166+0000] {logging_mixin.py:188} INFO - [2024-06-16T20:28:25.166+0000] {dag.py:3096} INFO - Sync 1 DAGs
[2024-06-16T20:28:25.189+0000] {logging_mixin.py:188} INFO - [2024-06-16T20:28:25.188+0000] {dag.py:3954} INFO - Setting next_dagrun for example_bash_operator to 2024-06-15 00:00:00+00:00, run_after=2024-06-16 00:00:00+00:00
[2024-06-16T20:28:25.207+0000] {processor.py:183} INFO - Processing /home/airflow/.local/lib/python3.12/site-packages/airflow/example_dags/example_bash_operator.py took 0.086 seconds
[2024-06-16T20:28:55.598+0000] {processor.py:161} INFO - Started process (PID=213) to work on /home/airflow/.local/lib/python3.12/site-packages/airflow/example_dags/example_bash_operator.py
[2024-06-16T20:28:55.598+0000] {processor.py:830} INFO - Processing file /home/airflow/.local/lib/python3.12/site-packages/airflow/example_dags/example_bash_operator.py for tasks to queue
[2024-06-16T20:28:55.600+0000] {logging_mixin.py:188} INFO - [2024-06-16T20:28:55.600+0000] {dagbag.py:545} INFO - Filling up the DagBag from /home/airflow/.local/lib/python3.12/site-packages/airflow/example_dags/example_bash_operator.py
[2024-06-16T20:28:55.611+0000] {processor.py:840} INFO - DAG(s) 'example_bash_operator' retrieved from /home/airflow/.local/lib/python3.12/site-packages/airflow/example_dags/example_bash_operator.py
[2024-06-16T20:28:55.641+0000] {logging_mixin.py:188} INFO - [2024-06-16T20:28:55.640+0000] {dag.py:3096} INFO - Sync 1 DAGs
[2024-06-16T20:28:55.663+0000] {logging_mixin.py:188} INFO - [2024-06-16T20:28:55.663+0000] {dag.py:3954} INFO - Setting next_dagrun for example_bash_operator to 2024-06-15 00:00:00+00:00, run_after=2024-06-16 00:00:00+00:00
[2024-06-16T20:28:55.681+0000] {processor.py:183} INFO - Processing /home/airflow/.local/lib/python3.12/site-packages/airflow/example_dags/example_bash_operator.py took 0.089 seconds
[2024-06-16T20:29:25.887+0000] {processor.py:161} INFO - Started process (PID=271) to work on /home/airflow/.local/lib/python3.12/site-packages/airflow/example_dags/example_bash_operator.py
[2024-06-16T20:29:25.888+0000] {processor.py:830} INFO - Processing file /home/airflow/.local/lib/python3.12/site-packages/airflow/example_dags/example_bash_operator.py for tasks to queue
[2024-06-16T20:29:25.892+0000] {logging_mixin.py:188} INFO - [2024-06-16T20:29:25.891+0000] {dagbag.py:545} INFO - Filling up the DagBag from /home/airflow/.local/lib/python3.12/site-packages/airflow/example_dags/example_bash_operator.py
[2024-06-16T20:29:25.905+0000] {processor.py:840} INFO - DAG(s) 'example_bash_operator' retrieved from /home/airflow/.local/lib/python3.12/site-packages/airflow/example_dags/example_bash_operator.py
[2024-06-16T20:29:25.936+0000] {logging_mixin.py:188} INFO - [2024-06-16T20:29:25.935+0000] {dag.py:3096} INFO - Sync 1 DAGs
[2024-06-16T20:29:25.963+0000] {logging_mixin.py:188} INFO - [2024-06-16T20:29:25.963+0000] {dag.py:3954} INFO - Setting next_dagrun for example_bash_operator to 2024-06-15 00:00:00+00:00, run_after=2024-06-16 00:00:00+00:00
[2024-06-16T20:29:25.998+0000] {processor.py:183} INFO - Processing /home/airflow/.local/lib/python3.12/site-packages/airflow/example_dags/example_bash_operator.py took 0.118 seconds
[2024-06-16T20:29:56.102+0000] {processor.py:161} INFO - Started process (PID=329) to work on /home/airflow/.local/lib/python3.12/site-packages/airflow/example_dags/example_bash_operator.py
[2024-06-16T20:29:56.104+0000] {processor.py:830} INFO - Processing file /home/airflow/.local/lib/python3.12/site-packages/airflow/example_dags/example_bash_operator.py for tasks to queue
[2024-06-16T20:29:56.106+0000] {logging_mixin.py:188} INFO - [2024-06-16T20:29:56.106+0000] {dagbag.py:545} INFO - Filling up the DagBag from /home/airflow/.local/lib/python3.12/site-packages/airflow/example_dags/example_bash_operator.py
[2024-06-16T20:29:56.117+0000] {processor.py:840} INFO - DAG(s) 'example_bash_operator' retrieved from /home/airflow/.local/lib/python3.12/site-packages/airflow/example_dags/example_bash_operator.py
[2024-06-16T20:29:56.148+0000] {logging_mixin.py:188} INFO - [2024-06-16T20:29:56.147+0000] {dag.py:3096} INFO - Sync 1 DAGs
[2024-06-16T20:29:56.185+0000] {logging_mixin.py:188} INFO - [2024-06-16T20:29:56.184+0000] {dag.py:3954} INFO - Setting next_dagrun for example_bash_operator to 2024-06-15 00:00:00+00:00, run_after=2024-06-16 00:00:00+00:00
[2024-06-16T20:29:56.214+0000] {processor.py:183} INFO - Processing /home/airflow/.local/lib/python3.12/site-packages/airflow/example_dags/example_bash_operator.py took 0.118 seconds
[2024-06-16T20:30:27.099+0000] {processor.py:161} INFO - Started process (PID=387) to work on /home/airflow/.local/lib/python3.12/site-packages/airflow/example_dags/example_bash_operator.py
[2024-06-16T20:30:27.124+0000] {processor.py:830} INFO - Processing file /home/airflow/.local/lib/python3.12/site-packages/airflow/example_dags/example_bash_operator.py for tasks to queue
[2024-06-16T20:30:27.127+0000] {logging_mixin.py:188} INFO - [2024-06-16T20:30:27.126+0000] {dagbag.py:545} INFO - Filling up the DagBag from /home/airflow/.local/lib/python3.12/site-packages/airflow/example_dags/example_bash_operator.py
[2024-06-16T20:30:27.144+0000] {processor.py:840} INFO - DAG(s) 'example_bash_operator' retrieved from /home/airflow/.local/lib/python3.12/site-packages/airflow/example_dags/example_bash_operator.py
[2024-06-16T20:30:27.177+0000] {logging_mixin.py:188} INFO - [2024-06-16T20:30:27.176+0000] {dag.py:3096} INFO - Sync 1 DAGs
[2024-06-16T20:30:27.203+0000] {logging_mixin.py:188} INFO - [2024-06-16T20:30:27.203+0000] {dag.py:3954} INFO - Setting next_dagrun for example_bash_operator to 2024-06-15 00:00:00+00:00, run_after=2024-06-16 00:00:00+00:00
[2024-06-16T20:30:27.270+0000] {processor.py:183} INFO - Processing /home/airflow/.local/lib/python3.12/site-packages/airflow/example_dags/example_bash_operator.py took 0.178 seconds
[2024-06-16T20:30:57.388+0000] {processor.py:161} INFO - Started process (PID=444) to work on /home/airflow/.local/lib/python3.12/site-packages/airflow/example_dags/example_bash_operator.py
[2024-06-16T20:30:57.390+0000] {processor.py:830} INFO - Processing file /home/airflow/.local/lib/python3.12/site-packages/airflow/example_dags/example_bash_operator.py for tasks to queue
[2024-06-16T20:30:57.392+0000] {logging_mixin.py:188} INFO - [2024-06-16T20:30:57.391+0000] {dagbag.py:545} INFO - Filling up the DagBag from /home/airflow/.local/lib/python3.12/site-packages/airflow/example_dags/example_bash_operator.py
[2024-06-16T20:30:57.402+0000] {processor.py:840} INFO - DAG(s) 'example_bash_operator' retrieved from /home/airflow/.local/lib/python3.12/site-packages/airflow/example_dags/example_bash_operator.py
[2024-06-16T20:30:57.428+0000] {logging_mixin.py:188} INFO - [2024-06-16T20:30:57.427+0000] {dag.py:3096} INFO - Sync 1 DAGs
[2024-06-16T20:30:57.449+0000] {logging_mixin.py:188} INFO - [2024-06-16T20:30:57.449+0000] {dag.py:3954} INFO - Setting next_dagrun for example_bash_operator to 2024-06-15 00:00:00+00:00, run_after=2024-06-16 00:00:00+00:00
[2024-06-16T20:30:57.468+0000] {processor.py:183} INFO - Processing /home/airflow/.local/lib/python3.12/site-packages/airflow/example_dags/example_bash_operator.py took 0.085 seconds
[2024-06-16T20:31:27.579+0000] {processor.py:161} INFO - Started process (PID=502) to work on /home/airflow/.local/lib/python3.12/site-packages/airflow/example_dags/example_bash_operator.py
[2024-06-16T20:31:27.580+0000] {processor.py:830} INFO - Processing file /home/airflow/.local/lib/python3.12/site-packages/airflow/example_dags/example_bash_operator.py for tasks to queue
[2024-06-16T20:31:27.582+0000] {logging_mixin.py:188} INFO - [2024-06-16T20:31:27.582+0000] {dagbag.py:545} INFO - Filling up the DagBag from /home/airflow/.local/lib/python3.12/site-packages/airflow/example_dags/example_bash_operator.py
[2024-06-16T20:31:27.593+0000] {processor.py:840} INFO - DAG(s) 'example_bash_operator' retrieved from /home/airflow/.local/lib/python3.12/site-packages/airflow/example_dags/example_bash_operator.py
[2024-06-16T20:31:27.619+0000] {logging_mixin.py:188} INFO - [2024-06-16T20:31:27.619+0000] {dag.py:3096} INFO - Sync 1 DAGs
[2024-06-16T20:31:27.641+0000] {logging_mixin.py:188} INFO - [2024-06-16T20:31:27.640+0000] {dag.py:3954} INFO - Setting next_dagrun for example_bash_operator to 2024-06-15 00:00:00+00:00, run_after=2024-06-16 00:00:00+00:00
[2024-06-16T20:31:27.660+0000] {processor.py:183} INFO - Processing /home/airflow/.local/lib/python3.12/site-packages/airflow/example_dags/example_bash_operator.py took 0.087 seconds
[2024-06-16T20:31:58.209+0000] {processor.py:161} INFO - Started process (PID=560) to work on /home/airflow/.local/lib/python3.12/site-packages/airflow/example_dags/example_bash_operator.py
[2024-06-16T20:31:58.210+0000] {processor.py:830} INFO - Processing file /home/airflow/.local/lib/python3.12/site-packages/airflow/example_dags/example_bash_operator.py for tasks to queue
[2024-06-16T20:31:58.212+0000] {logging_mixin.py:188} INFO - [2024-06-16T20:31:58.212+0000] {dagbag.py:545} INFO - Filling up the DagBag from /home/airflow/.local/lib/python3.12/site-packages/airflow/example_dags/example_bash_operator.py
[2024-06-16T20:31:58.225+0000] {processor.py:840} INFO - DAG(s) 'example_bash_operator' retrieved from /home/airflow/.local/lib/python3.12/site-packages/airflow/example_dags/example_bash_operator.py
[2024-06-16T20:31:58.251+0000] {logging_mixin.py:188} INFO - [2024-06-16T20:31:58.251+0000] {dag.py:3096} INFO - Sync 1 DAGs
[2024-06-16T20:31:58.275+0000] {logging_mixin.py:188} INFO - [2024-06-16T20:31:58.275+0000] {dag.py:3954} INFO - Setting next_dagrun for example_bash_operator to 2024-06-15 00:00:00+00:00, run_after=2024-06-16 00:00:00+00:00
[2024-06-16T20:31:58.294+0000] {processor.py:183} INFO - Processing /home/airflow/.local/lib/python3.12/site-packages/airflow/example_dags/example_bash_operator.py took 0.092 seconds
[2024-06-16T20:32:28.880+0000] {processor.py:161} INFO - Started process (PID=618) to work on /home/airflow/.local/lib/python3.12/site-packages/airflow/example_dags/example_bash_operator.py
[2024-06-16T20:32:28.882+0000] {processor.py:830} INFO - Processing file /home/airflow/.local/lib/python3.12/site-packages/airflow/example_dags/example_bash_operator.py for tasks to queue
[2024-06-16T20:32:28.883+0000] {logging_mixin.py:188} INFO - [2024-06-16T20:32:28.883+0000] {dagbag.py:545} INFO - Filling up the DagBag from /home/airflow/.local/lib/python3.12/site-packages/airflow/example_dags/example_bash_operator.py
[2024-06-16T20:32:28.894+0000] {processor.py:840} INFO - DAG(s) 'example_bash_operator' retrieved from /home/airflow/.local/lib/python3.12/site-packages/airflow/example_dags/example_bash_operator.py
[2024-06-16T20:32:28.920+0000] {logging_mixin.py:188} INFO - [2024-06-16T20:32:28.920+0000] {dag.py:3096} INFO - Sync 1 DAGs
[2024-06-16T20:32:28.942+0000] {logging_mixin.py:188} INFO - [2024-06-16T20:32:28.942+0000] {dag.py:3954} INFO - Setting next_dagrun for example_bash_operator to 2024-06-15 00:00:00+00:00, run_after=2024-06-16 00:00:00+00:00
[2024-06-16T20:32:28.963+0000] {processor.py:183} INFO - Processing /home/airflow/.local/lib/python3.12/site-packages/airflow/example_dags/example_bash_operator.py took 0.088 seconds
[2024-06-16T20:32:59.487+0000] {processor.py:161} INFO - Started process (PID=676) to work on /home/airflow/.local/lib/python3.12/site-packages/airflow/example_dags/example_bash_operator.py
[2024-06-16T20:32:59.488+0000] {processor.py:830} INFO - Processing file /home/airflow/.local/lib/python3.12/site-packages/airflow/example_dags/example_bash_operator.py for tasks to queue
[2024-06-16T20:32:59.490+0000] {logging_mixin.py:188} INFO - [2024-06-16T20:32:59.490+0000] {dagbag.py:545} INFO - Filling up the DagBag from /home/airflow/.local/lib/python3.12/site-packages/airflow/example_dags/example_bash_operator.py
[2024-06-16T20:32:59.500+0000] {processor.py:840} INFO - DAG(s) 'example_bash_operator' retrieved from /home/airflow/.local/lib/python3.12/site-packages/airflow/example_dags/example_bash_operator.py
[2024-06-16T20:32:59.527+0000] {logging_mixin.py:188} INFO - [2024-06-16T20:32:59.526+0000] {dag.py:3096} INFO - Sync 1 DAGs
[2024-06-16T20:32:59.549+0000] {logging_mixin.py:188} INFO - [2024-06-16T20:32:59.548+0000] {dag.py:3954} INFO - Setting next_dagrun for example_bash_operator to 2024-06-15 00:00:00+00:00, run_after=2024-06-16 00:00:00+00:00
[2024-06-16T20:32:59.569+0000] {processor.py:183} INFO - Processing /home/airflow/.local/lib/python3.12/site-packages/airflow/example_dags/example_bash_operator.py took 0.088 seconds
[2024-06-16T20:33:30.089+0000] {processor.py:161} INFO - Started process (PID=734) to work on /home/airflow/.local/lib/python3.12/site-packages/airflow/example_dags/example_bash_operator.py
[2024-06-16T20:33:30.090+0000] {processor.py:830} INFO - Processing file /home/airflow/.local/lib/python3.12/site-packages/airflow/example_dags/example_bash_operator.py for tasks to queue
[2024-06-16T20:33:30.092+0000] {logging_mixin.py:188} INFO - [2024-06-16T20:33:30.092+0000] {dagbag.py:545} INFO - Filling up the DagBag from /home/airflow/.local/lib/python3.12/site-packages/airflow/example_dags/example_bash_operator.py
[2024-06-16T20:33:30.103+0000] {processor.py:840} INFO - DAG(s) 'example_bash_operator' retrieved from /home/airflow/.local/lib/python3.12/site-packages/airflow/example_dags/example_bash_operator.py
[2024-06-16T20:33:30.129+0000] {logging_mixin.py:188} INFO - [2024-06-16T20:33:30.128+0000] {dag.py:3096} INFO - Sync 1 DAGs
[2024-06-16T20:33:30.150+0000] {logging_mixin.py:188} INFO - [2024-06-16T20:33:30.150+0000] {dag.py:3954} INFO - Setting next_dagrun for example_bash_operator to 2024-06-15 00:00:00+00:00, run_after=2024-06-16 00:00:00+00:00
[2024-06-16T20:33:30.169+0000] {processor.py:183} INFO - Processing /home/airflow/.local/lib/python3.12/site-packages/airflow/example_dags/example_bash_operator.py took 0.086 seconds
[2024-06-16T20:34:00.813+0000] {processor.py:161} INFO - Started process (PID=798) to work on /home/airflow/.local/lib/python3.12/site-packages/airflow/example_dags/example_bash_operator.py
[2024-06-16T20:34:00.814+0000] {processor.py:830} INFO - Processing file /home/airflow/.local/lib/python3.12/site-packages/airflow/example_dags/example_bash_operator.py for tasks to queue
[2024-06-16T20:34:00.816+0000] {logging_mixin.py:188} INFO - [2024-06-16T20:34:00.816+0000] {dagbag.py:545} INFO - Filling up the DagBag from /home/airflow/.local/lib/python3.12/site-packages/airflow/example_dags/example_bash_operator.py
[2024-06-16T20:34:00.828+0000] {processor.py:840} INFO - DAG(s) 'example_bash_operator' retrieved from /home/airflow/.local/lib/python3.12/site-packages/airflow/example_dags/example_bash_operator.py
[2024-06-16T20:34:00.853+0000] {logging_mixin.py:188} INFO - [2024-06-16T20:34:00.853+0000] {dag.py:3096} INFO - Sync 1 DAGs
[2024-06-16T20:34:00.876+0000] {logging_mixin.py:188} INFO - [2024-06-16T20:34:00.875+0000] {dag.py:3954} INFO - Setting next_dagrun for example_bash_operator to 2024-06-15 00:00:00+00:00, run_after=2024-06-16 00:00:00+00:00
[2024-06-16T20:34:00.896+0000] {processor.py:183} INFO - Processing /home/airflow/.local/lib/python3.12/site-packages/airflow/example_dags/example_bash_operator.py took 0.089 seconds
[2024-06-16T20:34:30.991+0000] {processor.py:161} INFO - Started process (PID=856) to work on /home/airflow/.local/lib/python3.12/site-packages/airflow/example_dags/example_bash_operator.py
[2024-06-16T20:34:30.993+0000] {processor.py:830} INFO - Processing file /home/airflow/.local/lib/python3.12/site-packages/airflow/example_dags/example_bash_operator.py for tasks to queue
[2024-06-16T20:34:30.995+0000] {logging_mixin.py:188} INFO - [2024-06-16T20:34:30.994+0000] {dagbag.py:545} INFO - Filling up the DagBag from /home/airflow/.local/lib/python3.12/site-packages/airflow/example_dags/example_bash_operator.py
[2024-06-16T20:34:31.006+0000] {processor.py:840} INFO - DAG(s) 'example_bash_operator' retrieved from /home/airflow/.local/lib/python3.12/site-packages/airflow/example_dags/example_bash_operator.py
[2024-06-16T20:34:31.032+0000] {logging_mixin.py:188} INFO - [2024-06-16T20:34:31.031+0000] {dag.py:3096} INFO - Sync 1 DAGs
[2024-06-16T20:34:31.054+0000] {logging_mixin.py:188} INFO - [2024-06-16T20:34:31.053+0000] {dag.py:3954} INFO - Setting next_dagrun for example_bash_operator to 2024-06-15 00:00:00+00:00, run_after=2024-06-16 00:00:00+00:00
[2024-06-16T20:34:31.071+0000] {processor.py:183} INFO - Processing /home/airflow/.local/lib/python3.12/site-packages/airflow/example_dags/example_bash_operator.py took 0.086 seconds
[2024-06-16T20:35:01.216+0000] {processor.py:161} INFO - Started process (PID=914) to work on /home/airflow/.local/lib/python3.12/site-packages/airflow/example_dags/example_bash_operator.py
[2024-06-16T20:35:01.217+0000] {processor.py:830} INFO - Processing file /home/airflow/.local/lib/python3.12/site-packages/airflow/example_dags/example_bash_operator.py for tasks to queue
[2024-06-16T20:35:01.219+0000] {logging_mixin.py:188} INFO - [2024-06-16T20:35:01.219+0000] {dagbag.py:545} INFO - Filling up the DagBag from /home/airflow/.local/lib/python3.12/site-packages/airflow/example_dags/example_bash_operator.py
[2024-06-16T20:35:01.230+0000] {processor.py:840} INFO - DAG(s) 'example_bash_operator' retrieved from /home/airflow/.local/lib/python3.12/site-packages/airflow/example_dags/example_bash_operator.py
[2024-06-16T20:35:01.255+0000] {logging_mixin.py:188} INFO - [2024-06-16T20:35:01.255+0000] {dag.py:3096} INFO - Sync 1 DAGs
[2024-06-16T20:35:01.277+0000] {logging_mixin.py:188} INFO - [2024-06-16T20:35:01.276+0000] {dag.py:3954} INFO - Setting next_dagrun for example_bash_operator to 2024-06-15 00:00:00+00:00, run_after=2024-06-16 00:00:00+00:00
[2024-06-16T20:35:01.294+0000] {processor.py:183} INFO - Processing /home/airflow/.local/lib/python3.12/site-packages/airflow/example_dags/example_bash_operator.py took 0.084 seconds
[2024-06-16T20:35:31.575+0000] {processor.py:161} INFO - Started process (PID=972) to work on /home/airflow/.local/lib/python3.12/site-packages/airflow/example_dags/example_bash_operator.py
[2024-06-16T20:35:31.576+0000] {processor.py:830} INFO - Processing file /home/airflow/.local/lib/python3.12/site-packages/airflow/example_dags/example_bash_operator.py for tasks to queue
[2024-06-16T20:35:31.578+0000] {logging_mixin.py:188} INFO - [2024-06-16T20:35:31.577+0000] {dagbag.py:545} INFO - Filling up the DagBag from /home/airflow/.local/lib/python3.12/site-packages/airflow/example_dags/example_bash_operator.py
[2024-06-16T20:35:31.588+0000] {processor.py:840} INFO - DAG(s) 'example_bash_operator' retrieved from /home/airflow/.local/lib/python3.12/site-packages/airflow/example_dags/example_bash_operator.py
[2024-06-16T20:35:31.614+0000] {logging_mixin.py:188} INFO - [2024-06-16T20:35:31.614+0000] {dag.py:3096} INFO - Sync 1 DAGs
[2024-06-16T20:35:31.635+0000] {logging_mixin.py:188} INFO - [2024-06-16T20:35:31.635+0000] {dag.py:3954} INFO - Setting next_dagrun for example_bash_operator to 2024-06-15 00:00:00+00:00, run_after=2024-06-16 00:00:00+00:00
[2024-06-16T20:35:31.653+0000] {processor.py:183} INFO - Processing /home/airflow/.local/lib/python3.12/site-packages/airflow/example_dags/example_bash_operator.py took 0.084 seconds
[2024-06-16T20:36:01.730+0000] {processor.py:161} INFO - Started process (PID=1030) to work on /home/airflow/.local/lib/python3.12/site-packages/airflow/example_dags/example_bash_operator.py
[2024-06-16T20:36:01.732+0000] {processor.py:830} INFO - Processing file /home/airflow/.local/lib/python3.12/site-packages/airflow/example_dags/example_bash_operator.py for tasks to queue
[2024-06-16T20:36:01.734+0000] {logging_mixin.py:188} INFO - [2024-06-16T20:36:01.734+0000] {dagbag.py:545} INFO - Filling up the DagBag from /home/airflow/.local/lib/python3.12/site-packages/airflow/example_dags/example_bash_operator.py
[2024-06-16T20:36:01.747+0000] {processor.py:840} INFO - DAG(s) 'example_bash_operator' retrieved from /home/airflow/.local/lib/python3.12/site-packages/airflow/example_dags/example_bash_operator.py
[2024-06-16T20:36:01.776+0000] {logging_mixin.py:188} INFO - [2024-06-16T20:36:01.775+0000] {dag.py:3096} INFO - Sync 1 DAGs
[2024-06-16T20:36:01.801+0000] {logging_mixin.py:188} INFO - [2024-06-16T20:36:01.801+0000] {dag.py:3954} INFO - Setting next_dagrun for example_bash_operator to 2024-06-15 00:00:00+00:00, run_after=2024-06-16 00:00:00+00:00
[2024-06-16T20:36:01.825+0000] {processor.py:183} INFO - Processing /home/airflow/.local/lib/python3.12/site-packages/airflow/example_dags/example_bash_operator.py took 0.103 seconds
[2024-06-16T20:36:31.882+0000] {processor.py:161} INFO - Started process (PID=1088) to work on /home/airflow/.local/lib/python3.12/site-packages/airflow/example_dags/example_bash_operator.py
[2024-06-16T20:36:31.884+0000] {processor.py:830} INFO - Processing file /home/airflow/.local/lib/python3.12/site-packages/airflow/example_dags/example_bash_operator.py for tasks to queue
[2024-06-16T20:36:31.886+0000] {logging_mixin.py:188} INFO - [2024-06-16T20:36:31.885+0000] {dagbag.py:545} INFO - Filling up the DagBag from /home/airflow/.local/lib/python3.12/site-packages/airflow/example_dags/example_bash_operator.py
[2024-06-16T20:36:31.898+0000] {processor.py:840} INFO - DAG(s) 'example_bash_operator' retrieved from /home/airflow/.local/lib/python3.12/site-packages/airflow/example_dags/example_bash_operator.py
[2024-06-16T20:36:31.931+0000] {logging_mixin.py:188} INFO - [2024-06-16T20:36:31.931+0000] {dag.py:3096} INFO - Sync 1 DAGs
[2024-06-16T20:36:31.959+0000] {logging_mixin.py:188} INFO - [2024-06-16T20:36:31.958+0000] {dag.py:3954} INFO - Setting next_dagrun for example_bash_operator to 2024-06-15 00:00:00+00:00, run_after=2024-06-16 00:00:00+00:00
[2024-06-16T20:36:31.980+0000] {processor.py:183} INFO - Processing /home/airflow/.local/lib/python3.12/site-packages/airflow/example_dags/example_bash_operator.py took 0.105 seconds
[2024-06-16T20:37:02.209+0000] {processor.py:161} INFO - Started process (PID=1146) to work on /home/airflow/.local/lib/python3.12/site-packages/airflow/example_dags/example_bash_operator.py
[2024-06-16T20:37:02.210+0000] {processor.py:830} INFO - Processing file /home/airflow/.local/lib/python3.12/site-packages/airflow/example_dags/example_bash_operator.py for tasks to queue
[2024-06-16T20:37:02.212+0000] {logging_mixin.py:188} INFO - [2024-06-16T20:37:02.212+0000] {dagbag.py:545} INFO - Filling up the DagBag from /home/airflow/.local/lib/python3.12/site-packages/airflow/example_dags/example_bash_operator.py
[2024-06-16T20:37:02.223+0000] {processor.py:840} INFO - DAG(s) 'example_bash_operator' retrieved from /home/airflow/.local/lib/python3.12/site-packages/airflow/example_dags/example_bash_operator.py
[2024-06-16T20:37:02.248+0000] {logging_mixin.py:188} INFO - [2024-06-16T20:37:02.248+0000] {dag.py:3096} INFO - Sync 1 DAGs
[2024-06-16T20:37:02.271+0000] {logging_mixin.py:188} INFO - [2024-06-16T20:37:02.270+0000] {dag.py:3954} INFO - Setting next_dagrun for example_bash_operator to 2024-06-15 00:00:00+00:00, run_after=2024-06-16 00:00:00+00:00
[2024-06-16T20:37:02.291+0000] {processor.py:183} INFO - Processing /home/airflow/.local/lib/python3.12/site-packages/airflow/example_dags/example_bash_operator.py took 0.088 seconds
[2024-06-16T20:37:32.471+0000] {processor.py:161} INFO - Started process (PID=1204) to work on /home/airflow/.local/lib/python3.12/site-packages/airflow/example_dags/example_bash_operator.py
[2024-06-16T20:37:32.473+0000] {processor.py:830} INFO - Processing file /home/airflow/.local/lib/python3.12/site-packages/airflow/example_dags/example_bash_operator.py for tasks to queue
[2024-06-16T20:37:32.476+0000] {logging_mixin.py:188} INFO - [2024-06-16T20:37:32.475+0000] {dagbag.py:545} INFO - Filling up the DagBag from /home/airflow/.local/lib/python3.12/site-packages/airflow/example_dags/example_bash_operator.py
[2024-06-16T20:37:32.491+0000] {processor.py:840} INFO - DAG(s) 'example_bash_operator' retrieved from /home/airflow/.local/lib/python3.12/site-packages/airflow/example_dags/example_bash_operator.py
[2024-06-16T20:37:32.520+0000] {logging_mixin.py:188} INFO - [2024-06-16T20:37:32.520+0000] {dag.py:3096} INFO - Sync 1 DAGs
[2024-06-16T20:37:32.544+0000] {logging_mixin.py:188} INFO - [2024-06-16T20:37:32.544+0000] {dag.py:3954} INFO - Setting next_dagrun for example_bash_operator to 2024-06-15 00:00:00+00:00, run_after=2024-06-16 00:00:00+00:00
[2024-06-16T20:37:32.564+0000] {processor.py:183} INFO - Processing /home/airflow/.local/lib/python3.12/site-packages/airflow/example_dags/example_bash_operator.py took 0.100 seconds
[2024-06-16T20:38:02.632+0000] {processor.py:161} INFO - Started process (PID=1262) to work on /home/airflow/.local/lib/python3.12/site-packages/airflow/example_dags/example_bash_operator.py
[2024-06-16T20:38:02.634+0000] {processor.py:830} INFO - Processing file /home/airflow/.local/lib/python3.12/site-packages/airflow/example_dags/example_bash_operator.py for tasks to queue
[2024-06-16T20:38:02.636+0000] {logging_mixin.py:188} INFO - [2024-06-16T20:38:02.635+0000] {dagbag.py:545} INFO - Filling up the DagBag from /home/airflow/.local/lib/python3.12/site-packages/airflow/example_dags/example_bash_operator.py
[2024-06-16T20:38:02.646+0000] {processor.py:840} INFO - DAG(s) 'example_bash_operator' retrieved from /home/airflow/.local/lib/python3.12/site-packages/airflow/example_dags/example_bash_operator.py
[2024-06-16T20:38:02.672+0000] {logging_mixin.py:188} INFO - [2024-06-16T20:38:02.672+0000] {dag.py:3096} INFO - Sync 1 DAGs
[2024-06-16T20:38:02.692+0000] {logging_mixin.py:188} INFO - [2024-06-16T20:38:02.692+0000] {dag.py:3954} INFO - Setting next_dagrun for example_bash_operator to 2024-06-15 00:00:00+00:00, run_after=2024-06-16 00:00:00+00:00
[2024-06-16T20:38:02.739+0000] {processor.py:183} INFO - Processing /home/airflow/.local/lib/python3.12/site-packages/airflow/example_dags/example_bash_operator.py took 0.112 seconds
[2024-06-16T20:38:33.347+0000] {processor.py:161} INFO - Started process (PID=1320) to work on /home/airflow/.local/lib/python3.12/site-packages/airflow/example_dags/example_bash_operator.py
[2024-06-16T20:38:33.349+0000] {processor.py:830} INFO - Processing file /home/airflow/.local/lib/python3.12/site-packages/airflow/example_dags/example_bash_operator.py for tasks to queue
[2024-06-16T20:38:33.350+0000] {logging_mixin.py:188} INFO - [2024-06-16T20:38:33.350+0000] {dagbag.py:545} INFO - Filling up the DagBag from /home/airflow/.local/lib/python3.12/site-packages/airflow/example_dags/example_bash_operator.py
[2024-06-16T20:38:33.360+0000] {processor.py:840} INFO - DAG(s) 'example_bash_operator' retrieved from /home/airflow/.local/lib/python3.12/site-packages/airflow/example_dags/example_bash_operator.py
[2024-06-16T20:38:33.386+0000] {logging_mixin.py:188} INFO - [2024-06-16T20:38:33.386+0000] {dag.py:3096} INFO - Sync 1 DAGs
[2024-06-16T20:38:33.409+0000] {logging_mixin.py:188} INFO - [2024-06-16T20:38:33.408+0000] {dag.py:3954} INFO - Setting next_dagrun for example_bash_operator to 2024-06-15 00:00:00+00:00, run_after=2024-06-16 00:00:00+00:00
[2024-06-16T20:38:33.426+0000] {processor.py:183} INFO - Processing /home/airflow/.local/lib/python3.12/site-packages/airflow/example_dags/example_bash_operator.py took 0.084 seconds
[2024-06-16T20:39:03.958+0000] {processor.py:161} INFO - Started process (PID=1378) to work on /home/airflow/.local/lib/python3.12/site-packages/airflow/example_dags/example_bash_operator.py
[2024-06-16T20:39:03.959+0000] {processor.py:830} INFO - Processing file /home/airflow/.local/lib/python3.12/site-packages/airflow/example_dags/example_bash_operator.py for tasks to queue
[2024-06-16T20:39:03.961+0000] {logging_mixin.py:188} INFO - [2024-06-16T20:39:03.961+0000] {dagbag.py:545} INFO - Filling up the DagBag from /home/airflow/.local/lib/python3.12/site-packages/airflow/example_dags/example_bash_operator.py
[2024-06-16T20:39:03.972+0000] {processor.py:840} INFO - DAG(s) 'example_bash_operator' retrieved from /home/airflow/.local/lib/python3.12/site-packages/airflow/example_dags/example_bash_operator.py
[2024-06-16T20:39:04.001+0000] {logging_mixin.py:188} INFO - [2024-06-16T20:39:04.000+0000] {dag.py:3096} INFO - Sync 1 DAGs
[2024-06-16T20:39:04.025+0000] {logging_mixin.py:188} INFO - [2024-06-16T20:39:04.025+0000] {dag.py:3954} INFO - Setting next_dagrun for example_bash_operator to 2024-06-15 00:00:00+00:00, run_after=2024-06-16 00:00:00+00:00
[2024-06-16T20:39:04.042+0000] {processor.py:183} INFO - Processing /home/airflow/.local/lib/python3.12/site-packages/airflow/example_dags/example_bash_operator.py took 0.090 seconds
[2024-06-16T20:39:34.455+0000] {processor.py:161} INFO - Started process (PID=1436) to work on /home/airflow/.local/lib/python3.12/site-packages/airflow/example_dags/example_bash_operator.py
[2024-06-16T20:39:34.457+0000] {processor.py:830} INFO - Processing file /home/airflow/.local/lib/python3.12/site-packages/airflow/example_dags/example_bash_operator.py for tasks to queue
[2024-06-16T20:39:34.459+0000] {logging_mixin.py:188} INFO - [2024-06-16T20:39:34.458+0000] {dagbag.py:545} INFO - Filling up the DagBag from /home/airflow/.local/lib/python3.12/site-packages/airflow/example_dags/example_bash_operator.py
[2024-06-16T20:39:34.471+0000] {processor.py:840} INFO - DAG(s) 'example_bash_operator' retrieved from /home/airflow/.local/lib/python3.12/site-packages/airflow/example_dags/example_bash_operator.py
[2024-06-16T20:39:34.502+0000] {logging_mixin.py:188} INFO - [2024-06-16T20:39:34.501+0000] {dag.py:3096} INFO - Sync 1 DAGs
[2024-06-16T20:39:34.528+0000] {logging_mixin.py:188} INFO - [2024-06-16T20:39:34.528+0000] {dag.py:3954} INFO - Setting next_dagrun for example_bash_operator to 2024-06-15 00:00:00+00:00, run_after=2024-06-16 00:00:00+00:00
[2024-06-16T20:39:34.549+0000] {processor.py:183} INFO - Processing /home/airflow/.local/lib/python3.12/site-packages/airflow/example_dags/example_bash_operator.py took 0.101 seconds
[2024-06-16T20:40:05.078+0000] {processor.py:161} INFO - Started process (PID=1494) to work on /home/airflow/.local/lib/python3.12/site-packages/airflow/example_dags/example_bash_operator.py
[2024-06-16T20:40:05.080+0000] {processor.py:830} INFO - Processing file /home/airflow/.local/lib/python3.12/site-packages/airflow/example_dags/example_bash_operator.py for tasks to queue
[2024-06-16T20:40:05.082+0000] {logging_mixin.py:188} INFO - [2024-06-16T20:40:05.082+0000] {dagbag.py:545} INFO - Filling up the DagBag from /home/airflow/.local/lib/python3.12/site-packages/airflow/example_dags/example_bash_operator.py
[2024-06-16T20:40:05.096+0000] {processor.py:840} INFO - DAG(s) 'example_bash_operator' retrieved from /home/airflow/.local/lib/python3.12/site-packages/airflow/example_dags/example_bash_operator.py
[2024-06-16T20:40:05.127+0000] {logging_mixin.py:188} INFO - [2024-06-16T20:40:05.127+0000] {dag.py:3096} INFO - Sync 1 DAGs
[2024-06-16T20:40:05.149+0000] {logging_mixin.py:188} INFO - [2024-06-16T20:40:05.149+0000] {dag.py:3954} INFO - Setting next_dagrun for example_bash_operator to 2024-06-15 00:00:00+00:00, run_after=2024-06-16 00:00:00+00:00
[2024-06-16T20:40:05.168+0000] {processor.py:183} INFO - Processing /home/airflow/.local/lib/python3.12/site-packages/airflow/example_dags/example_bash_operator.py took 0.098 seconds
[2024-06-16T20:40:35.642+0000] {processor.py:161} INFO - Started process (PID=1552) to work on /home/airflow/.local/lib/python3.12/site-packages/airflow/example_dags/example_bash_operator.py
[2024-06-16T20:40:35.643+0000] {processor.py:830} INFO - Processing file /home/airflow/.local/lib/python3.12/site-packages/airflow/example_dags/example_bash_operator.py for tasks to queue
[2024-06-16T20:40:35.645+0000] {logging_mixin.py:188} INFO - [2024-06-16T20:40:35.644+0000] {dagbag.py:545} INFO - Filling up the DagBag from /home/airflow/.local/lib/python3.12/site-packages/airflow/example_dags/example_bash_operator.py
[2024-06-16T20:40:35.655+0000] {processor.py:840} INFO - DAG(s) 'example_bash_operator' retrieved from /home/airflow/.local/lib/python3.12/site-packages/airflow/example_dags/example_bash_operator.py
[2024-06-16T20:40:35.680+0000] {logging_mixin.py:188} INFO - [2024-06-16T20:40:35.680+0000] {dag.py:3096} INFO - Sync 1 DAGs
[2024-06-16T20:40:35.701+0000] {logging_mixin.py:188} INFO - [2024-06-16T20:40:35.701+0000] {dag.py:3954} INFO - Setting next_dagrun for example_bash_operator to 2024-06-15 00:00:00+00:00, run_after=2024-06-16 00:00:00+00:00
[2024-06-16T20:40:35.724+0000] {processor.py:183} INFO - Processing /home/airflow/.local/lib/python3.12/site-packages/airflow/example_dags/example_bash_operator.py took 0.088 seconds
[2024-06-16T20:41:06.187+0000] {processor.py:161} INFO - Started process (PID=1610) to work on /home/airflow/.local/lib/python3.12/site-packages/airflow/example_dags/example_bash_operator.py
[2024-06-16T20:41:06.189+0000] {processor.py:830} INFO - Processing file /home/airflow/.local/lib/python3.12/site-packages/airflow/example_dags/example_bash_operator.py for tasks to queue
[2024-06-16T20:41:06.190+0000] {logging_mixin.py:188} INFO - [2024-06-16T20:41:06.190+0000] {dagbag.py:545} INFO - Filling up the DagBag from /home/airflow/.local/lib/python3.12/site-packages/airflow/example_dags/example_bash_operator.py
[2024-06-16T20:41:06.203+0000] {processor.py:840} INFO - DAG(s) 'example_bash_operator' retrieved from /home/airflow/.local/lib/python3.12/site-packages/airflow/example_dags/example_bash_operator.py
[2024-06-16T20:41:06.235+0000] {logging_mixin.py:188} INFO - [2024-06-16T20:41:06.235+0000] {dag.py:3096} INFO - Sync 1 DAGs
[2024-06-16T20:41:06.269+0000] {logging_mixin.py:188} INFO - [2024-06-16T20:41:06.268+0000] {dag.py:3954} INFO - Setting next_dagrun for example_bash_operator to 2024-06-15 00:00:00+00:00, run_after=2024-06-16 00:00:00+00:00
[2024-06-16T20:41:06.292+0000] {processor.py:183} INFO - Processing /home/airflow/.local/lib/python3.12/site-packages/airflow/example_dags/example_bash_operator.py took 0.111 seconds
[2024-06-16T20:41:36.857+0000] {processor.py:161} INFO - Started process (PID=1668) to work on /home/airflow/.local/lib/python3.12/site-packages/airflow/example_dags/example_bash_operator.py
[2024-06-16T20:41:36.858+0000] {processor.py:830} INFO - Processing file /home/airflow/.local/lib/python3.12/site-packages/airflow/example_dags/example_bash_operator.py for tasks to queue
[2024-06-16T20:41:36.860+0000] {logging_mixin.py:188} INFO - [2024-06-16T20:41:36.860+0000] {dagbag.py:545} INFO - Filling up the DagBag from /home/airflow/.local/lib/python3.12/site-packages/airflow/example_dags/example_bash_operator.py
[2024-06-16T20:41:36.871+0000] {processor.py:840} INFO - DAG(s) 'example_bash_operator' retrieved from /home/airflow/.local/lib/python3.12/site-packages/airflow/example_dags/example_bash_operator.py
[2024-06-16T20:41:36.897+0000] {logging_mixin.py:188} INFO - [2024-06-16T20:41:36.897+0000] {dag.py:3096} INFO - Sync 1 DAGs
[2024-06-16T20:41:36.920+0000] {logging_mixin.py:188} INFO - [2024-06-16T20:41:36.919+0000] {dag.py:3954} INFO - Setting next_dagrun for example_bash_operator to 2024-06-15 00:00:00+00:00, run_after=2024-06-16 00:00:00+00:00
[2024-06-16T20:41:36.939+0000] {processor.py:183} INFO - Processing /home/airflow/.local/lib/python3.12/site-packages/airflow/example_dags/example_bash_operator.py took 0.087 seconds
[2024-06-16T20:42:07.640+0000] {processor.py:161} INFO - Started process (PID=1726) to work on /home/airflow/.local/lib/python3.12/site-packages/airflow/example_dags/example_bash_operator.py
[2024-06-16T20:42:07.641+0000] {processor.py:830} INFO - Processing file /home/airflow/.local/lib/python3.12/site-packages/airflow/example_dags/example_bash_operator.py for tasks to queue
[2024-06-16T20:42:07.643+0000] {logging_mixin.py:188} INFO - [2024-06-16T20:42:07.642+0000] {dagbag.py:545} INFO - Filling up the DagBag from /home/airflow/.local/lib/python3.12/site-packages/airflow/example_dags/example_bash_operator.py
[2024-06-16T20:42:07.653+0000] {processor.py:840} INFO - DAG(s) 'example_bash_operator' retrieved from /home/airflow/.local/lib/python3.12/site-packages/airflow/example_dags/example_bash_operator.py
[2024-06-16T20:42:07.680+0000] {logging_mixin.py:188} INFO - [2024-06-16T20:42:07.680+0000] {dag.py:3096} INFO - Sync 1 DAGs
[2024-06-16T20:42:07.705+0000] {logging_mixin.py:188} INFO - [2024-06-16T20:42:07.705+0000] {dag.py:3954} INFO - Setting next_dagrun for example_bash_operator to 2024-06-15 00:00:00+00:00, run_after=2024-06-16 00:00:00+00:00
[2024-06-16T20:42:07.723+0000] {processor.py:183} INFO - Processing /home/airflow/.local/lib/python3.12/site-packages/airflow/example_dags/example_bash_operator.py took 0.091 seconds
[2024-06-16T20:42:38.248+0000] {processor.py:161} INFO - Started process (PID=1784) to work on /home/airflow/.local/lib/python3.12/site-packages/airflow/example_dags/example_bash_operator.py
[2024-06-16T20:42:38.249+0000] {processor.py:830} INFO - Processing file /home/airflow/.local/lib/python3.12/site-packages/airflow/example_dags/example_bash_operator.py for tasks to queue
[2024-06-16T20:42:38.251+0000] {logging_mixin.py:188} INFO - [2024-06-16T20:42:38.251+0000] {dagbag.py:545} INFO - Filling up the DagBag from /home/airflow/.local/lib/python3.12/site-packages/airflow/example_dags/example_bash_operator.py
[2024-06-16T20:42:38.263+0000] {processor.py:840} INFO - DAG(s) 'example_bash_operator' retrieved from /home/airflow/.local/lib/python3.12/site-packages/airflow/example_dags/example_bash_operator.py
[2024-06-16T20:42:38.290+0000] {logging_mixin.py:188} INFO - [2024-06-16T20:42:38.290+0000] {dag.py:3096} INFO - Sync 1 DAGs
[2024-06-16T20:42:38.311+0000] {logging_mixin.py:188} INFO - [2024-06-16T20:42:38.311+0000] {dag.py:3954} INFO - Setting next_dagrun for example_bash_operator to 2024-06-15 00:00:00+00:00, run_after=2024-06-16 00:00:00+00:00
[2024-06-16T20:42:38.442+0000] {processor.py:183} INFO - Processing /home/airflow/.local/lib/python3.12/site-packages/airflow/example_dags/example_bash_operator.py took 0.201 seconds
[2024-06-16T20:43:09.202+0000] {processor.py:161} INFO - Started process (PID=1842) to work on /home/airflow/.local/lib/python3.12/site-packages/airflow/example_dags/example_bash_operator.py
[2024-06-16T20:43:09.203+0000] {processor.py:830} INFO - Processing file /home/airflow/.local/lib/python3.12/site-packages/airflow/example_dags/example_bash_operator.py for tasks to queue
[2024-06-16T20:43:09.205+0000] {logging_mixin.py:188} INFO - [2024-06-16T20:43:09.205+0000] {dagbag.py:545} INFO - Filling up the DagBag from /home/airflow/.local/lib/python3.12/site-packages/airflow/example_dags/example_bash_operator.py
[2024-06-16T20:43:09.215+0000] {processor.py:840} INFO - DAG(s) 'example_bash_operator' retrieved from /home/airflow/.local/lib/python3.12/site-packages/airflow/example_dags/example_bash_operator.py
[2024-06-16T20:43:09.242+0000] {logging_mixin.py:188} INFO - [2024-06-16T20:43:09.242+0000] {dag.py:3096} INFO - Sync 1 DAGs
[2024-06-16T20:43:09.264+0000] {logging_mixin.py:188} INFO - [2024-06-16T20:43:09.264+0000] {dag.py:3954} INFO - Setting next_dagrun for example_bash_operator to 2024-06-15 00:00:00+00:00, run_after=2024-06-16 00:00:00+00:00
[2024-06-16T20:43:09.281+0000] {processor.py:183} INFO - Processing /home/airflow/.local/lib/python3.12/site-packages/airflow/example_dags/example_bash_operator.py took 0.085 seconds
[2024-06-16T20:43:39.467+0000] {processor.py:161} INFO - Started process (PID=1900) to work on /home/airflow/.local/lib/python3.12/site-packages/airflow/example_dags/example_bash_operator.py
[2024-06-16T20:43:39.469+0000] {processor.py:830} INFO - Processing file /home/airflow/.local/lib/python3.12/site-packages/airflow/example_dags/example_bash_operator.py for tasks to queue
[2024-06-16T20:43:39.470+0000] {logging_mixin.py:188} INFO - [2024-06-16T20:43:39.470+0000] {dagbag.py:545} INFO - Filling up the DagBag from /home/airflow/.local/lib/python3.12/site-packages/airflow/example_dags/example_bash_operator.py
[2024-06-16T20:43:39.481+0000] {processor.py:840} INFO - DAG(s) 'example_bash_operator' retrieved from /home/airflow/.local/lib/python3.12/site-packages/airflow/example_dags/example_bash_operator.py
[2024-06-16T20:43:39.506+0000] {logging_mixin.py:188} INFO - [2024-06-16T20:43:39.506+0000] {dag.py:3096} INFO - Sync 1 DAGs
[2024-06-16T20:43:39.528+0000] {logging_mixin.py:188} INFO - [2024-06-16T20:43:39.527+0000] {dag.py:3954} INFO - Setting next_dagrun for example_bash_operator to 2024-06-15 00:00:00+00:00, run_after=2024-06-16 00:00:00+00:00
[2024-06-16T20:43:39.545+0000] {processor.py:183} INFO - Processing /home/airflow/.local/lib/python3.12/site-packages/airflow/example_dags/example_bash_operator.py took 0.083 seconds
[2024-06-16T20:44:10.176+0000] {processor.py:161} INFO - Started process (PID=1958) to work on /home/airflow/.local/lib/python3.12/site-packages/airflow/example_dags/example_bash_operator.py
[2024-06-16T20:44:10.177+0000] {processor.py:830} INFO - Processing file /home/airflow/.local/lib/python3.12/site-packages/airflow/example_dags/example_bash_operator.py for tasks to queue
[2024-06-16T20:44:10.179+0000] {logging_mixin.py:188} INFO - [2024-06-16T20:44:10.179+0000] {dagbag.py:545} INFO - Filling up the DagBag from /home/airflow/.local/lib/python3.12/site-packages/airflow/example_dags/example_bash_operator.py
[2024-06-16T20:44:10.190+0000] {processor.py:840} INFO - DAG(s) 'example_bash_operator' retrieved from /home/airflow/.local/lib/python3.12/site-packages/airflow/example_dags/example_bash_operator.py
[2024-06-16T20:44:10.216+0000] {logging_mixin.py:188} INFO - [2024-06-16T20:44:10.216+0000] {dag.py:3096} INFO - Sync 1 DAGs
[2024-06-16T20:44:10.238+0000] {logging_mixin.py:188} INFO - [2024-06-16T20:44:10.237+0000] {dag.py:3954} INFO - Setting next_dagrun for example_bash_operator to 2024-06-15 00:00:00+00:00, run_after=2024-06-16 00:00:00+00:00
[2024-06-16T20:44:10.256+0000] {processor.py:183} INFO - Processing /home/airflow/.local/lib/python3.12/site-packages/airflow/example_dags/example_bash_operator.py took 0.085 seconds
[2024-06-16T20:44:40.606+0000] {processor.py:161} INFO - Started process (PID=2016) to work on /home/airflow/.local/lib/python3.12/site-packages/airflow/example_dags/example_bash_operator.py
[2024-06-16T20:44:40.607+0000] {processor.py:830} INFO - Processing file /home/airflow/.local/lib/python3.12/site-packages/airflow/example_dags/example_bash_operator.py for tasks to queue
[2024-06-16T20:44:40.609+0000] {logging_mixin.py:188} INFO - [2024-06-16T20:44:40.609+0000] {dagbag.py:545} INFO - Filling up the DagBag from /home/airflow/.local/lib/python3.12/site-packages/airflow/example_dags/example_bash_operator.py
[2024-06-16T20:44:40.736+0000] {processor.py:840} INFO - DAG(s) 'example_bash_operator' retrieved from /home/airflow/.local/lib/python3.12/site-packages/airflow/example_dags/example_bash_operator.py
[2024-06-16T20:44:40.763+0000] {logging_mixin.py:188} INFO - [2024-06-16T20:44:40.763+0000] {dag.py:3096} INFO - Sync 1 DAGs
[2024-06-16T20:44:40.783+0000] {logging_mixin.py:188} INFO - [2024-06-16T20:44:40.783+0000] {dag.py:3954} INFO - Setting next_dagrun for example_bash_operator to 2024-06-15 00:00:00+00:00, run_after=2024-06-16 00:00:00+00:00
[2024-06-16T20:44:40.800+0000] {processor.py:183} INFO - Processing /home/airflow/.local/lib/python3.12/site-packages/airflow/example_dags/example_bash_operator.py took 0.200 seconds
[2024-06-16T20:45:11.612+0000] {processor.py:161} INFO - Started process (PID=2074) to work on /home/airflow/.local/lib/python3.12/site-packages/airflow/example_dags/example_bash_operator.py
[2024-06-16T20:45:11.613+0000] {processor.py:830} INFO - Processing file /home/airflow/.local/lib/python3.12/site-packages/airflow/example_dags/example_bash_operator.py for tasks to queue
[2024-06-16T20:45:11.615+0000] {logging_mixin.py:188} INFO - [2024-06-16T20:45:11.615+0000] {dagbag.py:545} INFO - Filling up the DagBag from /home/airflow/.local/lib/python3.12/site-packages/airflow/example_dags/example_bash_operator.py
[2024-06-16T20:45:11.626+0000] {processor.py:840} INFO - DAG(s) 'example_bash_operator' retrieved from /home/airflow/.local/lib/python3.12/site-packages/airflow/example_dags/example_bash_operator.py
[2024-06-16T20:45:11.652+0000] {logging_mixin.py:188} INFO - [2024-06-16T20:45:11.652+0000] {dag.py:3096} INFO - Sync 1 DAGs
[2024-06-16T20:45:11.675+0000] {logging_mixin.py:188} INFO - [2024-06-16T20:45:11.674+0000] {dag.py:3954} INFO - Setting next_dagrun for example_bash_operator to 2024-06-15 00:00:00+00:00, run_after=2024-06-16 00:00:00+00:00
[2024-06-16T20:45:11.693+0000] {processor.py:183} INFO - Processing /home/airflow/.local/lib/python3.12/site-packages/airflow/example_dags/example_bash_operator.py took 0.088 seconds
[2024-06-16T20:45:42.142+0000] {processor.py:161} INFO - Started process (PID=2132) to work on /home/airflow/.local/lib/python3.12/site-packages/airflow/example_dags/example_bash_operator.py
[2024-06-16T20:45:42.144+0000] {processor.py:830} INFO - Processing file /home/airflow/.local/lib/python3.12/site-packages/airflow/example_dags/example_bash_operator.py for tasks to queue
[2024-06-16T20:45:42.146+0000] {logging_mixin.py:188} INFO - [2024-06-16T20:45:42.146+0000] {dagbag.py:545} INFO - Filling up the DagBag from /home/airflow/.local/lib/python3.12/site-packages/airflow/example_dags/example_bash_operator.py
[2024-06-16T20:45:42.157+0000] {processor.py:840} INFO - DAG(s) 'example_bash_operator' retrieved from /home/airflow/.local/lib/python3.12/site-packages/airflow/example_dags/example_bash_operator.py
[2024-06-16T20:45:42.183+0000] {logging_mixin.py:188} INFO - [2024-06-16T20:45:42.183+0000] {dag.py:3096} INFO - Sync 1 DAGs
[2024-06-16T20:45:42.204+0000] {logging_mixin.py:188} INFO - [2024-06-16T20:45:42.204+0000] {dag.py:3954} INFO - Setting next_dagrun for example_bash_operator to 2024-06-15 00:00:00+00:00, run_after=2024-06-16 00:00:00+00:00
[2024-06-16T20:45:42.222+0000] {processor.py:183} INFO - Processing /home/airflow/.local/lib/python3.12/site-packages/airflow/example_dags/example_bash_operator.py took 0.086 seconds
[2024-06-16T20:46:12.490+0000] {processor.py:161} INFO - Started process (PID=2190) to work on /home/airflow/.local/lib/python3.12/site-packages/airflow/example_dags/example_bash_operator.py
[2024-06-16T20:46:12.491+0000] {processor.py:830} INFO - Processing file /home/airflow/.local/lib/python3.12/site-packages/airflow/example_dags/example_bash_operator.py for tasks to queue
[2024-06-16T20:46:12.493+0000] {logging_mixin.py:188} INFO - [2024-06-16T20:46:12.493+0000] {dagbag.py:545} INFO - Filling up the DagBag from /home/airflow/.local/lib/python3.12/site-packages/airflow/example_dags/example_bash_operator.py
[2024-06-16T20:46:12.504+0000] {processor.py:840} INFO - DAG(s) 'example_bash_operator' retrieved from /home/airflow/.local/lib/python3.12/site-packages/airflow/example_dags/example_bash_operator.py
[2024-06-16T20:46:12.529+0000] {logging_mixin.py:188} INFO - [2024-06-16T20:46:12.529+0000] {dag.py:3096} INFO - Sync 1 DAGs
[2024-06-16T20:46:12.550+0000] {logging_mixin.py:188} INFO - [2024-06-16T20:46:12.550+0000] {dag.py:3954} INFO - Setting next_dagrun for example_bash_operator to 2024-06-15 00:00:00+00:00, run_after=2024-06-16 00:00:00+00:00
[2024-06-16T20:46:12.571+0000] {processor.py:183} INFO - Processing /home/airflow/.local/lib/python3.12/site-packages/airflow/example_dags/example_bash_operator.py took 0.087 seconds
[2024-06-16T20:46:42.986+0000] {processor.py:161} INFO - Started process (PID=2248) to work on /home/airflow/.local/lib/python3.12/site-packages/airflow/example_dags/example_bash_operator.py
[2024-06-16T20:46:42.987+0000] {processor.py:830} INFO - Processing file /home/airflow/.local/lib/python3.12/site-packages/airflow/example_dags/example_bash_operator.py for tasks to queue
[2024-06-16T20:46:42.989+0000] {logging_mixin.py:188} INFO - [2024-06-16T20:46:42.989+0000] {dagbag.py:545} INFO - Filling up the DagBag from /home/airflow/.local/lib/python3.12/site-packages/airflow/example_dags/example_bash_operator.py
[2024-06-16T20:46:42.999+0000] {processor.py:840} INFO - DAG(s) 'example_bash_operator' retrieved from /home/airflow/.local/lib/python3.12/site-packages/airflow/example_dags/example_bash_operator.py
[2024-06-16T20:46:43.024+0000] {logging_mixin.py:188} INFO - [2024-06-16T20:46:43.024+0000] {dag.py:3096} INFO - Sync 1 DAGs
[2024-06-16T20:46:43.046+0000] {logging_mixin.py:188} INFO - [2024-06-16T20:46:43.046+0000] {dag.py:3954} INFO - Setting next_dagrun for example_bash_operator to 2024-06-15 00:00:00+00:00, run_after=2024-06-16 00:00:00+00:00
[2024-06-16T20:46:43.065+0000] {processor.py:183} INFO - Processing /home/airflow/.local/lib/python3.12/site-packages/airflow/example_dags/example_bash_operator.py took 0.084 seconds
[2024-06-16T20:47:13.404+0000] {processor.py:161} INFO - Started process (PID=2306) to work on /home/airflow/.local/lib/python3.12/site-packages/airflow/example_dags/example_bash_operator.py
[2024-06-16T20:47:13.405+0000] {processor.py:830} INFO - Processing file /home/airflow/.local/lib/python3.12/site-packages/airflow/example_dags/example_bash_operator.py for tasks to queue
[2024-06-16T20:47:13.407+0000] {logging_mixin.py:188} INFO - [2024-06-16T20:47:13.407+0000] {dagbag.py:545} INFO - Filling up the DagBag from /home/airflow/.local/lib/python3.12/site-packages/airflow/example_dags/example_bash_operator.py
[2024-06-16T20:47:13.417+0000] {processor.py:840} INFO - DAG(s) 'example_bash_operator' retrieved from /home/airflow/.local/lib/python3.12/site-packages/airflow/example_dags/example_bash_operator.py
[2024-06-16T20:47:13.443+0000] {logging_mixin.py:188} INFO - [2024-06-16T20:47:13.443+0000] {dag.py:3096} INFO - Sync 1 DAGs
[2024-06-16T20:47:13.464+0000] {logging_mixin.py:188} INFO - [2024-06-16T20:47:13.464+0000] {dag.py:3954} INFO - Setting next_dagrun for example_bash_operator to 2024-06-15 00:00:00+00:00, run_after=2024-06-16 00:00:00+00:00
[2024-06-16T20:47:13.482+0000] {processor.py:183} INFO - Processing /home/airflow/.local/lib/python3.12/site-packages/airflow/example_dags/example_bash_operator.py took 0.084 seconds
[2024-06-16T20:47:43.890+0000] {processor.py:161} INFO - Started process (PID=2364) to work on /home/airflow/.local/lib/python3.12/site-packages/airflow/example_dags/example_bash_operator.py
[2024-06-16T20:47:43.891+0000] {processor.py:830} INFO - Processing file /home/airflow/.local/lib/python3.12/site-packages/airflow/example_dags/example_bash_operator.py for tasks to queue
[2024-06-16T20:47:43.893+0000] {logging_mixin.py:188} INFO - [2024-06-16T20:47:43.893+0000] {dagbag.py:545} INFO - Filling up the DagBag from /home/airflow/.local/lib/python3.12/site-packages/airflow/example_dags/example_bash_operator.py
[2024-06-16T20:47:43.903+0000] {processor.py:840} INFO - DAG(s) 'example_bash_operator' retrieved from /home/airflow/.local/lib/python3.12/site-packages/airflow/example_dags/example_bash_operator.py
[2024-06-16T20:47:43.929+0000] {logging_mixin.py:188} INFO - [2024-06-16T20:47:43.929+0000] {dag.py:3096} INFO - Sync 1 DAGs
[2024-06-16T20:47:43.949+0000] {logging_mixin.py:188} INFO - [2024-06-16T20:47:43.949+0000] {dag.py:3954} INFO - Setting next_dagrun for example_bash_operator to 2024-06-15 00:00:00+00:00, run_after=2024-06-16 00:00:00+00:00
[2024-06-16T20:47:43.968+0000] {processor.py:183} INFO - Processing /home/airflow/.local/lib/python3.12/site-packages/airflow/example_dags/example_bash_operator.py took 0.083 seconds
[2024-06-16T20:48:14.276+0000] {processor.py:161} INFO - Started process (PID=2422) to work on /home/airflow/.local/lib/python3.12/site-packages/airflow/example_dags/example_bash_operator.py
[2024-06-16T20:48:14.278+0000] {processor.py:830} INFO - Processing file /home/airflow/.local/lib/python3.12/site-packages/airflow/example_dags/example_bash_operator.py for tasks to queue
[2024-06-16T20:48:14.280+0000] {logging_mixin.py:188} INFO - [2024-06-16T20:48:14.280+0000] {dagbag.py:545} INFO - Filling up the DagBag from /home/airflow/.local/lib/python3.12/site-packages/airflow/example_dags/example_bash_operator.py
[2024-06-16T20:48:14.290+0000] {processor.py:840} INFO - DAG(s) 'example_bash_operator' retrieved from /home/airflow/.local/lib/python3.12/site-packages/airflow/example_dags/example_bash_operator.py
[2024-06-16T20:48:14.315+0000] {logging_mixin.py:188} INFO - [2024-06-16T20:48:14.315+0000] {dag.py:3096} INFO - Sync 1 DAGs
[2024-06-16T20:48:14.336+0000] {logging_mixin.py:188} INFO - [2024-06-16T20:48:14.336+0000] {dag.py:3954} INFO - Setting next_dagrun for example_bash_operator to 2024-06-15 00:00:00+00:00, run_after=2024-06-16 00:00:00+00:00
[2024-06-16T20:48:14.354+0000] {processor.py:183} INFO - Processing /home/airflow/.local/lib/python3.12/site-packages/airflow/example_dags/example_bash_operator.py took 0.083 seconds
[2024-06-16T20:48:44.858+0000] {processor.py:161} INFO - Started process (PID=2480) to work on /home/airflow/.local/lib/python3.12/site-packages/airflow/example_dags/example_bash_operator.py
[2024-06-16T20:48:44.860+0000] {processor.py:830} INFO - Processing file /home/airflow/.local/lib/python3.12/site-packages/airflow/example_dags/example_bash_operator.py for tasks to queue
[2024-06-16T20:48:44.862+0000] {logging_mixin.py:188} INFO - [2024-06-16T20:48:44.862+0000] {dagbag.py:545} INFO - Filling up the DagBag from /home/airflow/.local/lib/python3.12/site-packages/airflow/example_dags/example_bash_operator.py
[2024-06-16T20:48:44.875+0000] {processor.py:840} INFO - DAG(s) 'example_bash_operator' retrieved from /home/airflow/.local/lib/python3.12/site-packages/airflow/example_dags/example_bash_operator.py
[2024-06-16T20:48:44.902+0000] {logging_mixin.py:188} INFO - [2024-06-16T20:48:44.902+0000] {dag.py:3096} INFO - Sync 1 DAGs
[2024-06-16T20:48:44.924+0000] {logging_mixin.py:188} INFO - [2024-06-16T20:48:44.923+0000] {dag.py:3954} INFO - Setting next_dagrun for example_bash_operator to 2024-06-15 00:00:00+00:00, run_after=2024-06-16 00:00:00+00:00
[2024-06-16T20:48:44.944+0000] {processor.py:183} INFO - Processing /home/airflow/.local/lib/python3.12/site-packages/airflow/example_dags/example_bash_operator.py took 0.094 seconds
[2024-06-16T20:49:15.406+0000] {processor.py:161} INFO - Started process (PID=2538) to work on /home/airflow/.local/lib/python3.12/site-packages/airflow/example_dags/example_bash_operator.py
[2024-06-16T20:49:15.407+0000] {processor.py:830} INFO - Processing file /home/airflow/.local/lib/python3.12/site-packages/airflow/example_dags/example_bash_operator.py for tasks to queue
[2024-06-16T20:49:15.409+0000] {logging_mixin.py:188} INFO - [2024-06-16T20:49:15.409+0000] {dagbag.py:545} INFO - Filling up the DagBag from /home/airflow/.local/lib/python3.12/site-packages/airflow/example_dags/example_bash_operator.py
[2024-06-16T20:49:15.419+0000] {processor.py:840} INFO - DAG(s) 'example_bash_operator' retrieved from /home/airflow/.local/lib/python3.12/site-packages/airflow/example_dags/example_bash_operator.py
[2024-06-16T20:49:15.445+0000] {logging_mixin.py:188} INFO - [2024-06-16T20:49:15.444+0000] {dag.py:3096} INFO - Sync 1 DAGs
[2024-06-16T20:49:15.466+0000] {logging_mixin.py:188} INFO - [2024-06-16T20:49:15.466+0000] {dag.py:3954} INFO - Setting next_dagrun for example_bash_operator to 2024-06-15 00:00:00+00:00, run_after=2024-06-16 00:00:00+00:00
[2024-06-16T20:49:15.484+0000] {processor.py:183} INFO - Processing /home/airflow/.local/lib/python3.12/site-packages/airflow/example_dags/example_bash_operator.py took 0.084 seconds
[2024-06-16T20:49:45.870+0000] {processor.py:161} INFO - Started process (PID=2596) to work on /home/airflow/.local/lib/python3.12/site-packages/airflow/example_dags/example_bash_operator.py
[2024-06-16T20:49:45.872+0000] {processor.py:830} INFO - Processing file /home/airflow/.local/lib/python3.12/site-packages/airflow/example_dags/example_bash_operator.py for tasks to queue
[2024-06-16T20:49:45.874+0000] {logging_mixin.py:188} INFO - [2024-06-16T20:49:45.873+0000] {dagbag.py:545} INFO - Filling up the DagBag from /home/airflow/.local/lib/python3.12/site-packages/airflow/example_dags/example_bash_operator.py
[2024-06-16T20:49:45.884+0000] {processor.py:840} INFO - DAG(s) 'example_bash_operator' retrieved from /home/airflow/.local/lib/python3.12/site-packages/airflow/example_dags/example_bash_operator.py
[2024-06-16T20:49:45.910+0000] {logging_mixin.py:188} INFO - [2024-06-16T20:49:45.909+0000] {dag.py:3096} INFO - Sync 1 DAGs
[2024-06-16T20:49:45.931+0000] {logging_mixin.py:188} INFO - [2024-06-16T20:49:45.931+0000] {dag.py:3954} INFO - Setting next_dagrun for example_bash_operator to 2024-06-15 00:00:00+00:00, run_after=2024-06-16 00:00:00+00:00
[2024-06-16T20:49:45.949+0000] {processor.py:183} INFO - Processing /home/airflow/.local/lib/python3.12/site-packages/airflow/example_dags/example_bash_operator.py took 0.085 seconds
[2024-06-16T20:50:16.271+0000] {processor.py:161} INFO - Started process (PID=2654) to work on /home/airflow/.local/lib/python3.12/site-packages/airflow/example_dags/example_bash_operator.py
[2024-06-16T20:50:16.272+0000] {processor.py:830} INFO - Processing file /home/airflow/.local/lib/python3.12/site-packages/airflow/example_dags/example_bash_operator.py for tasks to queue
[2024-06-16T20:50:16.274+0000] {logging_mixin.py:188} INFO - [2024-06-16T20:50:16.274+0000] {dagbag.py:545} INFO - Filling up the DagBag from /home/airflow/.local/lib/python3.12/site-packages/airflow/example_dags/example_bash_operator.py
[2024-06-16T20:50:16.286+0000] {processor.py:840} INFO - DAG(s) 'example_bash_operator' retrieved from /home/airflow/.local/lib/python3.12/site-packages/airflow/example_dags/example_bash_operator.py
[2024-06-16T20:50:16.317+0000] {logging_mixin.py:188} INFO - [2024-06-16T20:50:16.317+0000] {dag.py:3096} INFO - Sync 1 DAGs
[2024-06-16T20:50:16.338+0000] {logging_mixin.py:188} INFO - [2024-06-16T20:50:16.338+0000] {dag.py:3954} INFO - Setting next_dagrun for example_bash_operator to 2024-06-15 00:00:00+00:00, run_after=2024-06-16 00:00:00+00:00
[2024-06-16T20:50:16.355+0000] {processor.py:183} INFO - Processing /home/airflow/.local/lib/python3.12/site-packages/airflow/example_dags/example_bash_operator.py took 0.091 seconds
[2024-06-16T20:50:46.648+0000] {processor.py:161} INFO - Started process (PID=2712) to work on /home/airflow/.local/lib/python3.12/site-packages/airflow/example_dags/example_bash_operator.py
[2024-06-16T20:50:46.649+0000] {processor.py:830} INFO - Processing file /home/airflow/.local/lib/python3.12/site-packages/airflow/example_dags/example_bash_operator.py for tasks to queue
[2024-06-16T20:50:46.651+0000] {logging_mixin.py:188} INFO - [2024-06-16T20:50:46.651+0000] {dagbag.py:545} INFO - Filling up the DagBag from /home/airflow/.local/lib/python3.12/site-packages/airflow/example_dags/example_bash_operator.py
[2024-06-16T20:50:46.662+0000] {processor.py:840} INFO - DAG(s) 'example_bash_operator' retrieved from /home/airflow/.local/lib/python3.12/site-packages/airflow/example_dags/example_bash_operator.py
[2024-06-16T20:50:46.692+0000] {logging_mixin.py:188} INFO - [2024-06-16T20:50:46.692+0000] {dag.py:3096} INFO - Sync 1 DAGs
[2024-06-16T20:50:46.716+0000] {logging_mixin.py:188} INFO - [2024-06-16T20:50:46.716+0000] {dag.py:3954} INFO - Setting next_dagrun for example_bash_operator to 2024-06-15 00:00:00+00:00, run_after=2024-06-16 00:00:00+00:00
[2024-06-16T20:50:46.735+0000] {processor.py:183} INFO - Processing /home/airflow/.local/lib/python3.12/site-packages/airflow/example_dags/example_bash_operator.py took 0.092 seconds
[2024-06-16T20:51:17.277+0000] {processor.py:161} INFO - Started process (PID=2770) to work on /home/airflow/.local/lib/python3.12/site-packages/airflow/example_dags/example_bash_operator.py
[2024-06-16T20:51:17.278+0000] {processor.py:830} INFO - Processing file /home/airflow/.local/lib/python3.12/site-packages/airflow/example_dags/example_bash_operator.py for tasks to queue
[2024-06-16T20:51:17.280+0000] {logging_mixin.py:188} INFO - [2024-06-16T20:51:17.279+0000] {dagbag.py:545} INFO - Filling up the DagBag from /home/airflow/.local/lib/python3.12/site-packages/airflow/example_dags/example_bash_operator.py
[2024-06-16T20:51:17.290+0000] {processor.py:840} INFO - DAG(s) 'example_bash_operator' retrieved from /home/airflow/.local/lib/python3.12/site-packages/airflow/example_dags/example_bash_operator.py
[2024-06-16T20:51:17.315+0000] {logging_mixin.py:188} INFO - [2024-06-16T20:51:17.315+0000] {dag.py:3096} INFO - Sync 1 DAGs
[2024-06-16T20:51:17.337+0000] {logging_mixin.py:188} INFO - [2024-06-16T20:51:17.337+0000] {dag.py:3954} INFO - Setting next_dagrun for example_bash_operator to 2024-06-15 00:00:00+00:00, run_after=2024-06-16 00:00:00+00:00
[2024-06-16T20:51:17.355+0000] {processor.py:183} INFO - Processing /home/airflow/.local/lib/python3.12/site-packages/airflow/example_dags/example_bash_operator.py took 0.085 seconds
[2024-06-16T20:51:47.695+0000] {processor.py:161} INFO - Started process (PID=2828) to work on /home/airflow/.local/lib/python3.12/site-packages/airflow/example_dags/example_bash_operator.py
[2024-06-16T20:51:47.696+0000] {processor.py:830} INFO - Processing file /home/airflow/.local/lib/python3.12/site-packages/airflow/example_dags/example_bash_operator.py for tasks to queue
[2024-06-16T20:51:47.698+0000] {logging_mixin.py:188} INFO - [2024-06-16T20:51:47.697+0000] {dagbag.py:545} INFO - Filling up the DagBag from /home/airflow/.local/lib/python3.12/site-packages/airflow/example_dags/example_bash_operator.py
[2024-06-16T20:51:47.708+0000] {processor.py:840} INFO - DAG(s) 'example_bash_operator' retrieved from /home/airflow/.local/lib/python3.12/site-packages/airflow/example_dags/example_bash_operator.py
[2024-06-16T20:51:47.734+0000] {logging_mixin.py:188} INFO - [2024-06-16T20:51:47.733+0000] {dag.py:3096} INFO - Sync 1 DAGs
[2024-06-16T20:51:47.754+0000] {logging_mixin.py:188} INFO - [2024-06-16T20:51:47.754+0000] {dag.py:3954} INFO - Setting next_dagrun for example_bash_operator to 2024-06-15 00:00:00+00:00, run_after=2024-06-16 00:00:00+00:00
[2024-06-16T20:51:47.773+0000] {processor.py:183} INFO - Processing /home/airflow/.local/lib/python3.12/site-packages/airflow/example_dags/example_bash_operator.py took 0.085 seconds
[2024-06-16T20:52:18.112+0000] {processor.py:161} INFO - Started process (PID=2886) to work on /home/airflow/.local/lib/python3.12/site-packages/airflow/example_dags/example_bash_operator.py
[2024-06-16T20:52:18.114+0000] {processor.py:830} INFO - Processing file /home/airflow/.local/lib/python3.12/site-packages/airflow/example_dags/example_bash_operator.py for tasks to queue
[2024-06-16T20:52:18.115+0000] {logging_mixin.py:188} INFO - [2024-06-16T20:52:18.115+0000] {dagbag.py:545} INFO - Filling up the DagBag from /home/airflow/.local/lib/python3.12/site-packages/airflow/example_dags/example_bash_operator.py
[2024-06-16T20:52:18.126+0000] {processor.py:840} INFO - DAG(s) 'example_bash_operator' retrieved from /home/airflow/.local/lib/python3.12/site-packages/airflow/example_dags/example_bash_operator.py
[2024-06-16T20:52:18.151+0000] {logging_mixin.py:188} INFO - [2024-06-16T20:52:18.151+0000] {dag.py:3096} INFO - Sync 1 DAGs
[2024-06-16T20:52:18.172+0000] {logging_mixin.py:188} INFO - [2024-06-16T20:52:18.172+0000] {dag.py:3954} INFO - Setting next_dagrun for example_bash_operator to 2024-06-15 00:00:00+00:00, run_after=2024-06-16 00:00:00+00:00
[2024-06-16T20:52:18.190+0000] {processor.py:183} INFO - Processing /home/airflow/.local/lib/python3.12/site-packages/airflow/example_dags/example_bash_operator.py took 0.084 seconds
[2024-06-16T20:52:48.569+0000] {processor.py:161} INFO - Started process (PID=2944) to work on /home/airflow/.local/lib/python3.12/site-packages/airflow/example_dags/example_bash_operator.py
[2024-06-16T20:52:48.571+0000] {processor.py:830} INFO - Processing file /home/airflow/.local/lib/python3.12/site-packages/airflow/example_dags/example_bash_operator.py for tasks to queue
[2024-06-16T20:52:48.572+0000] {logging_mixin.py:188} INFO - [2024-06-16T20:52:48.572+0000] {dagbag.py:545} INFO - Filling up the DagBag from /home/airflow/.local/lib/python3.12/site-packages/airflow/example_dags/example_bash_operator.py
[2024-06-16T20:52:48.582+0000] {processor.py:840} INFO - DAG(s) 'example_bash_operator' retrieved from /home/airflow/.local/lib/python3.12/site-packages/airflow/example_dags/example_bash_operator.py
[2024-06-16T20:52:48.608+0000] {logging_mixin.py:188} INFO - [2024-06-16T20:52:48.607+0000] {dag.py:3096} INFO - Sync 1 DAGs
[2024-06-16T20:52:48.628+0000] {logging_mixin.py:188} INFO - [2024-06-16T20:52:48.628+0000] {dag.py:3954} INFO - Setting next_dagrun for example_bash_operator to 2024-06-15 00:00:00+00:00, run_after=2024-06-16 00:00:00+00:00
[2024-06-16T20:52:48.647+0000] {processor.py:183} INFO - Processing /home/airflow/.local/lib/python3.12/site-packages/airflow/example_dags/example_bash_operator.py took 0.083 seconds
[2024-06-16T20:53:19.153+0000] {processor.py:161} INFO - Started process (PID=3002) to work on /home/airflow/.local/lib/python3.12/site-packages/airflow/example_dags/example_bash_operator.py
[2024-06-16T20:53:19.155+0000] {processor.py:830} INFO - Processing file /home/airflow/.local/lib/python3.12/site-packages/airflow/example_dags/example_bash_operator.py for tasks to queue
[2024-06-16T20:53:19.156+0000] {logging_mixin.py:188} INFO - [2024-06-16T20:53:19.156+0000] {dagbag.py:545} INFO - Filling up the DagBag from /home/airflow/.local/lib/python3.12/site-packages/airflow/example_dags/example_bash_operator.py
[2024-06-16T20:53:19.167+0000] {processor.py:840} INFO - DAG(s) 'example_bash_operator' retrieved from /home/airflow/.local/lib/python3.12/site-packages/airflow/example_dags/example_bash_operator.py
[2024-06-16T20:53:19.192+0000] {logging_mixin.py:188} INFO - [2024-06-16T20:53:19.192+0000] {dag.py:3096} INFO - Sync 1 DAGs
[2024-06-16T20:53:19.212+0000] {logging_mixin.py:188} INFO - [2024-06-16T20:53:19.212+0000] {dag.py:3954} INFO - Setting next_dagrun for example_bash_operator to 2024-06-15 00:00:00+00:00, run_after=2024-06-16 00:00:00+00:00
[2024-06-16T20:53:19.229+0000] {processor.py:183} INFO - Processing /home/airflow/.local/lib/python3.12/site-packages/airflow/example_dags/example_bash_operator.py took 0.082 seconds
[2024-06-16T20:53:49.578+0000] {processor.py:161} INFO - Started process (PID=3060) to work on /home/airflow/.local/lib/python3.12/site-packages/airflow/example_dags/example_bash_operator.py
[2024-06-16T20:53:49.579+0000] {processor.py:830} INFO - Processing file /home/airflow/.local/lib/python3.12/site-packages/airflow/example_dags/example_bash_operator.py for tasks to queue
[2024-06-16T20:53:49.581+0000] {logging_mixin.py:188} INFO - [2024-06-16T20:53:49.581+0000] {dagbag.py:545} INFO - Filling up the DagBag from /home/airflow/.local/lib/python3.12/site-packages/airflow/example_dags/example_bash_operator.py
[2024-06-16T20:53:49.592+0000] {processor.py:840} INFO - DAG(s) 'example_bash_operator' retrieved from /home/airflow/.local/lib/python3.12/site-packages/airflow/example_dags/example_bash_operator.py
[2024-06-16T20:53:49.617+0000] {logging_mixin.py:188} INFO - [2024-06-16T20:53:49.617+0000] {dag.py:3096} INFO - Sync 1 DAGs
[2024-06-16T20:53:49.638+0000] {logging_mixin.py:188} INFO - [2024-06-16T20:53:49.638+0000] {dag.py:3954} INFO - Setting next_dagrun for example_bash_operator to 2024-06-15 00:00:00+00:00, run_after=2024-06-16 00:00:00+00:00
[2024-06-16T20:53:49.657+0000] {processor.py:183} INFO - Processing /home/airflow/.local/lib/python3.12/site-packages/airflow/example_dags/example_bash_operator.py took 0.084 seconds
[2024-06-16T20:54:20.105+0000] {processor.py:161} INFO - Started process (PID=3118) to work on /home/airflow/.local/lib/python3.12/site-packages/airflow/example_dags/example_bash_operator.py
[2024-06-16T20:54:20.107+0000] {processor.py:830} INFO - Processing file /home/airflow/.local/lib/python3.12/site-packages/airflow/example_dags/example_bash_operator.py for tasks to queue
[2024-06-16T20:54:20.109+0000] {logging_mixin.py:188} INFO - [2024-06-16T20:54:20.108+0000] {dagbag.py:545} INFO - Filling up the DagBag from /home/airflow/.local/lib/python3.12/site-packages/airflow/example_dags/example_bash_operator.py
[2024-06-16T20:54:20.119+0000] {processor.py:840} INFO - DAG(s) 'example_bash_operator' retrieved from /home/airflow/.local/lib/python3.12/site-packages/airflow/example_dags/example_bash_operator.py
[2024-06-16T20:54:20.145+0000] {logging_mixin.py:188} INFO - [2024-06-16T20:54:20.145+0000] {dag.py:3096} INFO - Sync 1 DAGs
[2024-06-16T20:54:20.165+0000] {logging_mixin.py:188} INFO - [2024-06-16T20:54:20.165+0000] {dag.py:3954} INFO - Setting next_dagrun for example_bash_operator to 2024-06-15 00:00:00+00:00, run_after=2024-06-16 00:00:00+00:00
[2024-06-16T20:54:20.183+0000] {processor.py:183} INFO - Processing /home/airflow/.local/lib/python3.12/site-packages/airflow/example_dags/example_bash_operator.py took 0.084 seconds
[2024-06-16T20:54:50.518+0000] {processor.py:161} INFO - Started process (PID=3176) to work on /home/airflow/.local/lib/python3.12/site-packages/airflow/example_dags/example_bash_operator.py
[2024-06-16T20:54:50.520+0000] {processor.py:830} INFO - Processing file /home/airflow/.local/lib/python3.12/site-packages/airflow/example_dags/example_bash_operator.py for tasks to queue
[2024-06-16T20:54:50.521+0000] {logging_mixin.py:188} INFO - [2024-06-16T20:54:50.521+0000] {dagbag.py:545} INFO - Filling up the DagBag from /home/airflow/.local/lib/python3.12/site-packages/airflow/example_dags/example_bash_operator.py
[2024-06-16T20:54:50.531+0000] {processor.py:840} INFO - DAG(s) 'example_bash_operator' retrieved from /home/airflow/.local/lib/python3.12/site-packages/airflow/example_dags/example_bash_operator.py
[2024-06-16T20:54:50.557+0000] {logging_mixin.py:188} INFO - [2024-06-16T20:54:50.556+0000] {dag.py:3096} INFO - Sync 1 DAGs
[2024-06-16T20:54:50.577+0000] {logging_mixin.py:188} INFO - [2024-06-16T20:54:50.577+0000] {dag.py:3954} INFO - Setting next_dagrun for example_bash_operator to 2024-06-15 00:00:00+00:00, run_after=2024-06-16 00:00:00+00:00
[2024-06-16T20:54:50.594+0000] {processor.py:183} INFO - Processing /home/airflow/.local/lib/python3.12/site-packages/airflow/example_dags/example_bash_operator.py took 0.082 seconds
[2024-06-16T20:55:20.967+0000] {processor.py:161} INFO - Started process (PID=3234) to work on /home/airflow/.local/lib/python3.12/site-packages/airflow/example_dags/example_bash_operator.py
[2024-06-16T20:55:20.969+0000] {processor.py:830} INFO - Processing file /home/airflow/.local/lib/python3.12/site-packages/airflow/example_dags/example_bash_operator.py for tasks to queue
[2024-06-16T20:55:20.970+0000] {logging_mixin.py:188} INFO - [2024-06-16T20:55:20.970+0000] {dagbag.py:545} INFO - Filling up the DagBag from /home/airflow/.local/lib/python3.12/site-packages/airflow/example_dags/example_bash_operator.py
[2024-06-16T20:55:20.980+0000] {processor.py:840} INFO - DAG(s) 'example_bash_operator' retrieved from /home/airflow/.local/lib/python3.12/site-packages/airflow/example_dags/example_bash_operator.py
[2024-06-16T20:55:21.007+0000] {logging_mixin.py:188} INFO - [2024-06-16T20:55:21.006+0000] {dag.py:3096} INFO - Sync 1 DAGs
[2024-06-16T20:55:21.027+0000] {logging_mixin.py:188} INFO - [2024-06-16T20:55:21.027+0000] {dag.py:3954} INFO - Setting next_dagrun for example_bash_operator to 2024-06-15 00:00:00+00:00, run_after=2024-06-16 00:00:00+00:00
[2024-06-16T20:55:21.045+0000] {processor.py:183} INFO - Processing /home/airflow/.local/lib/python3.12/site-packages/airflow/example_dags/example_bash_operator.py took 0.084 seconds
[2024-06-16T20:55:51.157+0000] {processor.py:161} INFO - Started process (PID=3292) to work on /home/airflow/.local/lib/python3.12/site-packages/airflow/example_dags/example_bash_operator.py
[2024-06-16T20:55:51.158+0000] {processor.py:830} INFO - Processing file /home/airflow/.local/lib/python3.12/site-packages/airflow/example_dags/example_bash_operator.py for tasks to queue
[2024-06-16T20:55:51.160+0000] {logging_mixin.py:188} INFO - [2024-06-16T20:55:51.160+0000] {dagbag.py:545} INFO - Filling up the DagBag from /home/airflow/.local/lib/python3.12/site-packages/airflow/example_dags/example_bash_operator.py
[2024-06-16T20:55:51.175+0000] {processor.py:840} INFO - DAG(s) 'example_bash_operator' retrieved from /home/airflow/.local/lib/python3.12/site-packages/airflow/example_dags/example_bash_operator.py
[2024-06-16T20:55:51.203+0000] {logging_mixin.py:188} INFO - [2024-06-16T20:55:51.203+0000] {dag.py:3096} INFO - Sync 1 DAGs
[2024-06-16T20:55:51.228+0000] {logging_mixin.py:188} INFO - [2024-06-16T20:55:51.228+0000] {dag.py:3954} INFO - Setting next_dagrun for example_bash_operator to 2024-06-15 00:00:00+00:00, run_after=2024-06-16 00:00:00+00:00
[2024-06-16T20:55:51.248+0000] {processor.py:183} INFO - Processing /home/airflow/.local/lib/python3.12/site-packages/airflow/example_dags/example_bash_operator.py took 0.097 seconds
[2024-06-16T20:56:21.764+0000] {processor.py:161} INFO - Started process (PID=3350) to work on /home/airflow/.local/lib/python3.12/site-packages/airflow/example_dags/example_bash_operator.py
[2024-06-16T20:56:21.765+0000] {processor.py:830} INFO - Processing file /home/airflow/.local/lib/python3.12/site-packages/airflow/example_dags/example_bash_operator.py for tasks to queue
[2024-06-16T20:56:21.768+0000] {logging_mixin.py:188} INFO - [2024-06-16T20:56:21.767+0000] {dagbag.py:545} INFO - Filling up the DagBag from /home/airflow/.local/lib/python3.12/site-packages/airflow/example_dags/example_bash_operator.py
[2024-06-16T20:56:21.778+0000] {processor.py:840} INFO - DAG(s) 'example_bash_operator' retrieved from /home/airflow/.local/lib/python3.12/site-packages/airflow/example_dags/example_bash_operator.py
[2024-06-16T20:56:21.804+0000] {logging_mixin.py:188} INFO - [2024-06-16T20:56:21.804+0000] {dag.py:3096} INFO - Sync 1 DAGs
[2024-06-16T20:56:21.825+0000] {logging_mixin.py:188} INFO - [2024-06-16T20:56:21.825+0000] {dag.py:3954} INFO - Setting next_dagrun for example_bash_operator to 2024-06-15 00:00:00+00:00, run_after=2024-06-16 00:00:00+00:00
[2024-06-16T20:56:21.843+0000] {processor.py:183} INFO - Processing /home/airflow/.local/lib/python3.12/site-packages/airflow/example_dags/example_bash_operator.py took 0.085 seconds
[2024-06-16T20:56:52.088+0000] {processor.py:161} INFO - Started process (PID=3408) to work on /home/airflow/.local/lib/python3.12/site-packages/airflow/example_dags/example_bash_operator.py
[2024-06-16T20:56:52.089+0000] {processor.py:830} INFO - Processing file /home/airflow/.local/lib/python3.12/site-packages/airflow/example_dags/example_bash_operator.py for tasks to queue
[2024-06-16T20:56:52.093+0000] {logging_mixin.py:188} INFO - [2024-06-16T20:56:52.092+0000] {dagbag.py:545} INFO - Filling up the DagBag from /home/airflow/.local/lib/python3.12/site-packages/airflow/example_dags/example_bash_operator.py
[2024-06-16T20:56:52.108+0000] {processor.py:840} INFO - DAG(s) 'example_bash_operator' retrieved from /home/airflow/.local/lib/python3.12/site-packages/airflow/example_dags/example_bash_operator.py
[2024-06-16T20:56:52.145+0000] {logging_mixin.py:188} INFO - [2024-06-16T20:56:52.145+0000] {dag.py:3096} INFO - Sync 1 DAGs
[2024-06-16T20:56:52.185+0000] {logging_mixin.py:188} INFO - [2024-06-16T20:56:52.184+0000] {dag.py:3954} INFO - Setting next_dagrun for example_bash_operator to 2024-06-15 00:00:00+00:00, run_after=2024-06-16 00:00:00+00:00
[2024-06-16T20:56:52.213+0000] {processor.py:183} INFO - Processing /home/airflow/.local/lib/python3.12/site-packages/airflow/example_dags/example_bash_operator.py took 0.134 seconds
[2024-06-16T20:57:22.237+0000] {processor.py:161} INFO - Started process (PID=3466) to work on /home/airflow/.local/lib/python3.12/site-packages/airflow/example_dags/example_bash_operator.py
[2024-06-16T20:57:22.238+0000] {processor.py:830} INFO - Processing file /home/airflow/.local/lib/python3.12/site-packages/airflow/example_dags/example_bash_operator.py for tasks to queue
[2024-06-16T20:57:22.240+0000] {logging_mixin.py:188} INFO - [2024-06-16T20:57:22.239+0000] {dagbag.py:545} INFO - Filling up the DagBag from /home/airflow/.local/lib/python3.12/site-packages/airflow/example_dags/example_bash_operator.py
[2024-06-16T20:57:22.250+0000] {processor.py:840} INFO - DAG(s) 'example_bash_operator' retrieved from /home/airflow/.local/lib/python3.12/site-packages/airflow/example_dags/example_bash_operator.py
[2024-06-16T20:57:22.276+0000] {logging_mixin.py:188} INFO - [2024-06-16T20:57:22.276+0000] {dag.py:3096} INFO - Sync 1 DAGs
[2024-06-16T20:57:22.299+0000] {logging_mixin.py:188} INFO - [2024-06-16T20:57:22.299+0000] {dag.py:3954} INFO - Setting next_dagrun for example_bash_operator to 2024-06-15 00:00:00+00:00, run_after=2024-06-16 00:00:00+00:00
[2024-06-16T20:57:22.318+0000] {processor.py:183} INFO - Processing /home/airflow/.local/lib/python3.12/site-packages/airflow/example_dags/example_bash_operator.py took 0.087 seconds
[2024-06-16T20:57:52.428+0000] {processor.py:161} INFO - Started process (PID=3524) to work on /home/airflow/.local/lib/python3.12/site-packages/airflow/example_dags/example_bash_operator.py
[2024-06-16T20:57:52.429+0000] {processor.py:830} INFO - Processing file /home/airflow/.local/lib/python3.12/site-packages/airflow/example_dags/example_bash_operator.py for tasks to queue
[2024-06-16T20:57:52.432+0000] {logging_mixin.py:188} INFO - [2024-06-16T20:57:52.431+0000] {dagbag.py:545} INFO - Filling up the DagBag from /home/airflow/.local/lib/python3.12/site-packages/airflow/example_dags/example_bash_operator.py
[2024-06-16T20:57:52.445+0000] {processor.py:840} INFO - DAG(s) 'example_bash_operator' retrieved from /home/airflow/.local/lib/python3.12/site-packages/airflow/example_dags/example_bash_operator.py
[2024-06-16T20:57:52.473+0000] {logging_mixin.py:188} INFO - [2024-06-16T20:57:52.472+0000] {dag.py:3096} INFO - Sync 1 DAGs
[2024-06-16T20:57:52.496+0000] {logging_mixin.py:188} INFO - [2024-06-16T20:57:52.496+0000] {dag.py:3954} INFO - Setting next_dagrun for example_bash_operator to 2024-06-15 00:00:00+00:00, run_after=2024-06-16 00:00:00+00:00
[2024-06-16T20:57:52.515+0000] {processor.py:183} INFO - Processing /home/airflow/.local/lib/python3.12/site-packages/airflow/example_dags/example_bash_operator.py took 0.096 seconds
[2024-06-16T20:58:22.671+0000] {processor.py:161} INFO - Started process (PID=3582) to work on /home/airflow/.local/lib/python3.12/site-packages/airflow/example_dags/example_bash_operator.py
[2024-06-16T20:58:22.672+0000] {processor.py:830} INFO - Processing file /home/airflow/.local/lib/python3.12/site-packages/airflow/example_dags/example_bash_operator.py for tasks to queue
[2024-06-16T20:58:22.673+0000] {logging_mixin.py:188} INFO - [2024-06-16T20:58:22.673+0000] {dagbag.py:545} INFO - Filling up the DagBag from /home/airflow/.local/lib/python3.12/site-packages/airflow/example_dags/example_bash_operator.py
[2024-06-16T20:58:22.685+0000] {processor.py:840} INFO - DAG(s) 'example_bash_operator' retrieved from /home/airflow/.local/lib/python3.12/site-packages/airflow/example_dags/example_bash_operator.py
[2024-06-16T20:58:22.754+0000] {logging_mixin.py:188} INFO - [2024-06-16T20:58:22.753+0000] {dag.py:3096} INFO - Sync 1 DAGs
[2024-06-16T20:58:22.785+0000] {logging_mixin.py:188} INFO - [2024-06-16T20:58:22.785+0000] {dag.py:3954} INFO - Setting next_dagrun for example_bash_operator to 2024-06-15 00:00:00+00:00, run_after=2024-06-16 00:00:00+00:00
[2024-06-16T20:58:22.863+0000] {processor.py:183} INFO - Processing /home/airflow/.local/lib/python3.12/site-packages/airflow/example_dags/example_bash_operator.py took 0.198 seconds
[2024-06-16T20:58:52.891+0000] {processor.py:161} INFO - Started process (PID=3640) to work on /home/airflow/.local/lib/python3.12/site-packages/airflow/example_dags/example_bash_operator.py
[2024-06-16T20:58:52.893+0000] {processor.py:830} INFO - Processing file /home/airflow/.local/lib/python3.12/site-packages/airflow/example_dags/example_bash_operator.py for tasks to queue
[2024-06-16T20:58:52.894+0000] {logging_mixin.py:188} INFO - [2024-06-16T20:58:52.894+0000] {dagbag.py:545} INFO - Filling up the DagBag from /home/airflow/.local/lib/python3.12/site-packages/airflow/example_dags/example_bash_operator.py
[2024-06-16T20:58:52.905+0000] {processor.py:840} INFO - DAG(s) 'example_bash_operator' retrieved from /home/airflow/.local/lib/python3.12/site-packages/airflow/example_dags/example_bash_operator.py
[2024-06-16T20:58:52.931+0000] {logging_mixin.py:188} INFO - [2024-06-16T20:58:52.931+0000] {dag.py:3096} INFO - Sync 1 DAGs
[2024-06-16T20:58:52.952+0000] {logging_mixin.py:188} INFO - [2024-06-16T20:58:52.952+0000] {dag.py:3954} INFO - Setting next_dagrun for example_bash_operator to 2024-06-15 00:00:00+00:00, run_after=2024-06-16 00:00:00+00:00
[2024-06-16T20:58:52.975+0000] {processor.py:183} INFO - Processing /home/airflow/.local/lib/python3.12/site-packages/airflow/example_dags/example_bash_operator.py took 0.089 seconds
[2024-06-16T20:59:23.114+0000] {processor.py:161} INFO - Started process (PID=3698) to work on /home/airflow/.local/lib/python3.12/site-packages/airflow/example_dags/example_bash_operator.py
[2024-06-16T20:59:23.115+0000] {processor.py:830} INFO - Processing file /home/airflow/.local/lib/python3.12/site-packages/airflow/example_dags/example_bash_operator.py for tasks to queue
[2024-06-16T20:59:23.118+0000] {logging_mixin.py:188} INFO - [2024-06-16T20:59:23.117+0000] {dagbag.py:545} INFO - Filling up the DagBag from /home/airflow/.local/lib/python3.12/site-packages/airflow/example_dags/example_bash_operator.py
[2024-06-16T20:59:23.130+0000] {processor.py:840} INFO - DAG(s) 'example_bash_operator' retrieved from /home/airflow/.local/lib/python3.12/site-packages/airflow/example_dags/example_bash_operator.py
[2024-06-16T20:59:23.157+0000] {logging_mixin.py:188} INFO - [2024-06-16T20:59:23.157+0000] {dag.py:3096} INFO - Sync 1 DAGs
[2024-06-16T20:59:23.182+0000] {logging_mixin.py:188} INFO - [2024-06-16T20:59:23.182+0000] {dag.py:3954} INFO - Setting next_dagrun for example_bash_operator to 2024-06-15 00:00:00+00:00, run_after=2024-06-16 00:00:00+00:00
[2024-06-16T20:59:23.203+0000] {processor.py:183} INFO - Processing /home/airflow/.local/lib/python3.12/site-packages/airflow/example_dags/example_bash_operator.py took 0.095 seconds
