[2024-06-16T20:27:27.889+0000] {processor.py:161} INFO - Started process (PID=58) to work on /home/airflow/.local/lib/python3.12/site-packages/airflow/example_dags/example_display_name.py
[2024-06-16T20:27:27.890+0000] {processor.py:830} INFO - Processing file /home/airflow/.local/lib/python3.12/site-packages/airflow/example_dags/example_display_name.py for tasks to queue
[2024-06-16T20:27:27.892+0000] {logging_mixin.py:188} INFO - [2024-06-16T20:27:27.891+0000] {dagbag.py:545} INFO - Filling up the DagBag from /home/airflow/.local/lib/python3.12/site-packages/airflow/example_dags/example_display_name.py
[2024-06-16T20:27:27.898+0000] {processor.py:840} INFO - DAG(s) 'example_display_name' retrieved from /home/airflow/.local/lib/python3.12/site-packages/airflow/example_dags/example_display_name.py
[2024-06-16T20:27:28.018+0000] {logging_mixin.py:188} INFO - [2024-06-16T20:27:28.018+0000] {dag.py:3096} INFO - Sync 1 DAGs
[2024-06-16T20:27:28.035+0000] {logging_mixin.py:188} INFO - [2024-06-16T20:27:28.035+0000] {dag.py:3954} INFO - Setting next_dagrun for example_display_name to None, run_after=None
[2024-06-16T20:27:28.058+0000] {processor.py:183} INFO - Processing /home/airflow/.local/lib/python3.12/site-packages/airflow/example_dags/example_display_name.py took 0.175 seconds
[2024-06-16T20:27:58.417+0000] {processor.py:161} INFO - Started process (PID=117) to work on /home/airflow/.local/lib/python3.12/site-packages/airflow/example_dags/example_display_name.py
[2024-06-16T20:27:58.418+0000] {processor.py:830} INFO - Processing file /home/airflow/.local/lib/python3.12/site-packages/airflow/example_dags/example_display_name.py for tasks to queue
[2024-06-16T20:27:58.420+0000] {logging_mixin.py:188} INFO - [2024-06-16T20:27:58.420+0000] {dagbag.py:545} INFO - Filling up the DagBag from /home/airflow/.local/lib/python3.12/site-packages/airflow/example_dags/example_display_name.py
[2024-06-16T20:27:58.426+0000] {processor.py:840} INFO - DAG(s) 'example_display_name' retrieved from /home/airflow/.local/lib/python3.12/site-packages/airflow/example_dags/example_display_name.py
[2024-06-16T20:27:58.444+0000] {logging_mixin.py:188} INFO - [2024-06-16T20:27:58.443+0000] {dag.py:3096} INFO - Sync 1 DAGs
[2024-06-16T20:27:58.456+0000] {logging_mixin.py:188} INFO - [2024-06-16T20:27:58.456+0000] {dag.py:3954} INFO - Setting next_dagrun for example_display_name to None, run_after=None
[2024-06-16T20:27:58.476+0000] {processor.py:183} INFO - Processing /home/airflow/.local/lib/python3.12/site-packages/airflow/example_dags/example_display_name.py took 0.066 seconds
[2024-06-16T20:28:29.126+0000] {processor.py:161} INFO - Started process (PID=175) to work on /home/airflow/.local/lib/python3.12/site-packages/airflow/example_dags/example_display_name.py
[2024-06-16T20:28:29.127+0000] {processor.py:830} INFO - Processing file /home/airflow/.local/lib/python3.12/site-packages/airflow/example_dags/example_display_name.py for tasks to queue
[2024-06-16T20:28:29.129+0000] {logging_mixin.py:188} INFO - [2024-06-16T20:28:29.128+0000] {dagbag.py:545} INFO - Filling up the DagBag from /home/airflow/.local/lib/python3.12/site-packages/airflow/example_dags/example_display_name.py
[2024-06-16T20:28:29.133+0000] {processor.py:840} INFO - DAG(s) 'example_display_name' retrieved from /home/airflow/.local/lib/python3.12/site-packages/airflow/example_dags/example_display_name.py
[2024-06-16T20:28:29.155+0000] {logging_mixin.py:188} INFO - [2024-06-16T20:28:29.154+0000] {dag.py:3096} INFO - Sync 1 DAGs
[2024-06-16T20:28:29.167+0000] {logging_mixin.py:188} INFO - [2024-06-16T20:28:29.167+0000] {dag.py:3954} INFO - Setting next_dagrun for example_display_name to None, run_after=None
[2024-06-16T20:28:29.188+0000] {processor.py:183} INFO - Processing /home/airflow/.local/lib/python3.12/site-packages/airflow/example_dags/example_display_name.py took 0.067 seconds
[2024-06-16T20:28:59.584+0000] {processor.py:161} INFO - Started process (PID=233) to work on /home/airflow/.local/lib/python3.12/site-packages/airflow/example_dags/example_display_name.py
[2024-06-16T20:28:59.585+0000] {processor.py:830} INFO - Processing file /home/airflow/.local/lib/python3.12/site-packages/airflow/example_dags/example_display_name.py for tasks to queue
[2024-06-16T20:28:59.587+0000] {logging_mixin.py:188} INFO - [2024-06-16T20:28:59.587+0000] {dagbag.py:545} INFO - Filling up the DagBag from /home/airflow/.local/lib/python3.12/site-packages/airflow/example_dags/example_display_name.py
[2024-06-16T20:28:59.592+0000] {processor.py:840} INFO - DAG(s) 'example_display_name' retrieved from /home/airflow/.local/lib/python3.12/site-packages/airflow/example_dags/example_display_name.py
[2024-06-16T20:28:59.611+0000] {logging_mixin.py:188} INFO - [2024-06-16T20:28:59.611+0000] {dag.py:3096} INFO - Sync 1 DAGs
[2024-06-16T20:28:59.623+0000] {logging_mixin.py:188} INFO - [2024-06-16T20:28:59.623+0000] {dag.py:3954} INFO - Setting next_dagrun for example_display_name to None, run_after=None
[2024-06-16T20:28:59.643+0000] {processor.py:183} INFO - Processing /home/airflow/.local/lib/python3.12/site-packages/airflow/example_dags/example_display_name.py took 0.064 seconds
[2024-06-16T20:29:30.223+0000] {processor.py:161} INFO - Started process (PID=297) to work on /home/airflow/.local/lib/python3.12/site-packages/airflow/example_dags/example_display_name.py
[2024-06-16T20:29:30.225+0000] {processor.py:830} INFO - Processing file /home/airflow/.local/lib/python3.12/site-packages/airflow/example_dags/example_display_name.py for tasks to queue
[2024-06-16T20:29:30.227+0000] {logging_mixin.py:188} INFO - [2024-06-16T20:29:30.226+0000] {dagbag.py:545} INFO - Filling up the DagBag from /home/airflow/.local/lib/python3.12/site-packages/airflow/example_dags/example_display_name.py
[2024-06-16T20:29:30.233+0000] {processor.py:840} INFO - DAG(s) 'example_display_name' retrieved from /home/airflow/.local/lib/python3.12/site-packages/airflow/example_dags/example_display_name.py
[2024-06-16T20:29:30.252+0000] {logging_mixin.py:188} INFO - [2024-06-16T20:29:30.252+0000] {dag.py:3096} INFO - Sync 1 DAGs
[2024-06-16T20:29:30.264+0000] {logging_mixin.py:188} INFO - [2024-06-16T20:29:30.264+0000] {dag.py:3954} INFO - Setting next_dagrun for example_display_name to None, run_after=None
[2024-06-16T20:29:30.289+0000] {processor.py:183} INFO - Processing /home/airflow/.local/lib/python3.12/site-packages/airflow/example_dags/example_display_name.py took 0.073 seconds
[2024-06-16T20:30:01.207+0000] {processor.py:161} INFO - Started process (PID=355) to work on /home/airflow/.local/lib/python3.12/site-packages/airflow/example_dags/example_display_name.py
[2024-06-16T20:30:01.208+0000] {processor.py:830} INFO - Processing file /home/airflow/.local/lib/python3.12/site-packages/airflow/example_dags/example_display_name.py for tasks to queue
[2024-06-16T20:30:01.210+0000] {logging_mixin.py:188} INFO - [2024-06-16T20:30:01.209+0000] {dagbag.py:545} INFO - Filling up the DagBag from /home/airflow/.local/lib/python3.12/site-packages/airflow/example_dags/example_display_name.py
[2024-06-16T20:30:01.215+0000] {processor.py:840} INFO - DAG(s) 'example_display_name' retrieved from /home/airflow/.local/lib/python3.12/site-packages/airflow/example_dags/example_display_name.py
[2024-06-16T20:30:01.234+0000] {logging_mixin.py:188} INFO - [2024-06-16T20:30:01.234+0000] {dag.py:3096} INFO - Sync 1 DAGs
[2024-06-16T20:30:01.247+0000] {logging_mixin.py:188} INFO - [2024-06-16T20:30:01.247+0000] {dag.py:3954} INFO - Setting next_dagrun for example_display_name to None, run_after=None
[2024-06-16T20:30:01.266+0000] {processor.py:183} INFO - Processing /home/airflow/.local/lib/python3.12/site-packages/airflow/example_dags/example_display_name.py took 0.066 seconds
[2024-06-16T20:30:31.716+0000] {processor.py:161} INFO - Started process (PID=412) to work on /home/airflow/.local/lib/python3.12/site-packages/airflow/example_dags/example_display_name.py
[2024-06-16T20:30:31.717+0000] {processor.py:830} INFO - Processing file /home/airflow/.local/lib/python3.12/site-packages/airflow/example_dags/example_display_name.py for tasks to queue
[2024-06-16T20:30:31.720+0000] {logging_mixin.py:188} INFO - [2024-06-16T20:30:31.719+0000] {dagbag.py:545} INFO - Filling up the DagBag from /home/airflow/.local/lib/python3.12/site-packages/airflow/example_dags/example_display_name.py
[2024-06-16T20:30:31.726+0000] {processor.py:840} INFO - DAG(s) 'example_display_name' retrieved from /home/airflow/.local/lib/python3.12/site-packages/airflow/example_dags/example_display_name.py
[2024-06-16T20:30:31.748+0000] {logging_mixin.py:188} INFO - [2024-06-16T20:30:31.748+0000] {dag.py:3096} INFO - Sync 1 DAGs
[2024-06-16T20:30:31.764+0000] {logging_mixin.py:188} INFO - [2024-06-16T20:30:31.764+0000] {dag.py:3954} INFO - Setting next_dagrun for example_display_name to None, run_after=None
[2024-06-16T20:30:31.791+0000] {processor.py:183} INFO - Processing /home/airflow/.local/lib/python3.12/site-packages/airflow/example_dags/example_display_name.py took 0.080 seconds
[2024-06-16T20:31:02.381+0000] {processor.py:161} INFO - Started process (PID=470) to work on /home/airflow/.local/lib/python3.12/site-packages/airflow/example_dags/example_display_name.py
[2024-06-16T20:31:02.382+0000] {processor.py:830} INFO - Processing file /home/airflow/.local/lib/python3.12/site-packages/airflow/example_dags/example_display_name.py for tasks to queue
[2024-06-16T20:31:02.385+0000] {logging_mixin.py:188} INFO - [2024-06-16T20:31:02.385+0000] {dagbag.py:545} INFO - Filling up the DagBag from /home/airflow/.local/lib/python3.12/site-packages/airflow/example_dags/example_display_name.py
[2024-06-16T20:31:02.395+0000] {processor.py:840} INFO - DAG(s) 'example_display_name' retrieved from /home/airflow/.local/lib/python3.12/site-packages/airflow/example_dags/example_display_name.py
[2024-06-16T20:31:02.421+0000] {logging_mixin.py:188} INFO - [2024-06-16T20:31:02.420+0000] {dag.py:3096} INFO - Sync 1 DAGs
[2024-06-16T20:31:02.439+0000] {logging_mixin.py:188} INFO - [2024-06-16T20:31:02.438+0000] {dag.py:3954} INFO - Setting next_dagrun for example_display_name to None, run_after=None
[2024-06-16T20:31:02.462+0000] {processor.py:183} INFO - Processing /home/airflow/.local/lib/python3.12/site-packages/airflow/example_dags/example_display_name.py took 0.088 seconds
[2024-06-16T20:31:32.594+0000] {processor.py:161} INFO - Started process (PID=528) to work on /home/airflow/.local/lib/python3.12/site-packages/airflow/example_dags/example_display_name.py
[2024-06-16T20:31:32.596+0000] {processor.py:830} INFO - Processing file /home/airflow/.local/lib/python3.12/site-packages/airflow/example_dags/example_display_name.py for tasks to queue
[2024-06-16T20:31:32.597+0000] {logging_mixin.py:188} INFO - [2024-06-16T20:31:32.597+0000] {dagbag.py:545} INFO - Filling up the DagBag from /home/airflow/.local/lib/python3.12/site-packages/airflow/example_dags/example_display_name.py
[2024-06-16T20:31:32.603+0000] {processor.py:840} INFO - DAG(s) 'example_display_name' retrieved from /home/airflow/.local/lib/python3.12/site-packages/airflow/example_dags/example_display_name.py
[2024-06-16T20:31:32.622+0000] {logging_mixin.py:188} INFO - [2024-06-16T20:31:32.622+0000] {dag.py:3096} INFO - Sync 1 DAGs
[2024-06-16T20:31:32.634+0000] {logging_mixin.py:188} INFO - [2024-06-16T20:31:32.634+0000] {dag.py:3954} INFO - Setting next_dagrun for example_display_name to None, run_after=None
[2024-06-16T20:31:32.654+0000] {processor.py:183} INFO - Processing /home/airflow/.local/lib/python3.12/site-packages/airflow/example_dags/example_display_name.py took 0.065 seconds
[2024-06-16T20:32:03.331+0000] {processor.py:161} INFO - Started process (PID=586) to work on /home/airflow/.local/lib/python3.12/site-packages/airflow/example_dags/example_display_name.py
[2024-06-16T20:32:03.332+0000] {processor.py:830} INFO - Processing file /home/airflow/.local/lib/python3.12/site-packages/airflow/example_dags/example_display_name.py for tasks to queue
[2024-06-16T20:32:03.334+0000] {logging_mixin.py:188} INFO - [2024-06-16T20:32:03.334+0000] {dagbag.py:545} INFO - Filling up the DagBag from /home/airflow/.local/lib/python3.12/site-packages/airflow/example_dags/example_display_name.py
[2024-06-16T20:32:03.339+0000] {processor.py:840} INFO - DAG(s) 'example_display_name' retrieved from /home/airflow/.local/lib/python3.12/site-packages/airflow/example_dags/example_display_name.py
[2024-06-16T20:32:03.358+0000] {logging_mixin.py:188} INFO - [2024-06-16T20:32:03.358+0000] {dag.py:3096} INFO - Sync 1 DAGs
[2024-06-16T20:32:03.371+0000] {logging_mixin.py:188} INFO - [2024-06-16T20:32:03.370+0000] {dag.py:3954} INFO - Setting next_dagrun for example_display_name to None, run_after=None
[2024-06-16T20:32:03.390+0000] {processor.py:183} INFO - Processing /home/airflow/.local/lib/python3.12/site-packages/airflow/example_dags/example_display_name.py took 0.064 seconds
[2024-06-16T20:32:33.958+0000] {processor.py:161} INFO - Started process (PID=644) to work on /home/airflow/.local/lib/python3.12/site-packages/airflow/example_dags/example_display_name.py
[2024-06-16T20:32:33.959+0000] {processor.py:830} INFO - Processing file /home/airflow/.local/lib/python3.12/site-packages/airflow/example_dags/example_display_name.py for tasks to queue
[2024-06-16T20:32:33.961+0000] {logging_mixin.py:188} INFO - [2024-06-16T20:32:33.960+0000] {dagbag.py:545} INFO - Filling up the DagBag from /home/airflow/.local/lib/python3.12/site-packages/airflow/example_dags/example_display_name.py
[2024-06-16T20:32:33.966+0000] {processor.py:840} INFO - DAG(s) 'example_display_name' retrieved from /home/airflow/.local/lib/python3.12/site-packages/airflow/example_dags/example_display_name.py
[2024-06-16T20:32:33.986+0000] {logging_mixin.py:188} INFO - [2024-06-16T20:32:33.986+0000] {dag.py:3096} INFO - Sync 1 DAGs
[2024-06-16T20:32:33.998+0000] {logging_mixin.py:188} INFO - [2024-06-16T20:32:33.998+0000] {dag.py:3954} INFO - Setting next_dagrun for example_display_name to None, run_after=None
[2024-06-16T20:32:34.019+0000] {processor.py:183} INFO - Processing /home/airflow/.local/lib/python3.12/site-packages/airflow/example_dags/example_display_name.py took 0.066 seconds
[2024-06-16T20:33:04.638+0000] {processor.py:161} INFO - Started process (PID=703) to work on /home/airflow/.local/lib/python3.12/site-packages/airflow/example_dags/example_display_name.py
[2024-06-16T20:33:04.639+0000] {processor.py:830} INFO - Processing file /home/airflow/.local/lib/python3.12/site-packages/airflow/example_dags/example_display_name.py for tasks to queue
[2024-06-16T20:33:04.641+0000] {logging_mixin.py:188} INFO - [2024-06-16T20:33:04.641+0000] {dagbag.py:545} INFO - Filling up the DagBag from /home/airflow/.local/lib/python3.12/site-packages/airflow/example_dags/example_display_name.py
[2024-06-16T20:33:04.647+0000] {processor.py:840} INFO - DAG(s) 'example_display_name' retrieved from /home/airflow/.local/lib/python3.12/site-packages/airflow/example_dags/example_display_name.py
[2024-06-16T20:33:04.667+0000] {logging_mixin.py:188} INFO - [2024-06-16T20:33:04.667+0000] {dag.py:3096} INFO - Sync 1 DAGs
[2024-06-16T20:33:04.680+0000] {logging_mixin.py:188} INFO - [2024-06-16T20:33:04.679+0000] {dag.py:3954} INFO - Setting next_dagrun for example_display_name to None, run_after=None
[2024-06-16T20:33:04.702+0000] {processor.py:183} INFO - Processing /home/airflow/.local/lib/python3.12/site-packages/airflow/example_dags/example_display_name.py took 0.072 seconds
[2024-06-16T20:33:35.289+0000] {processor.py:161} INFO - Started process (PID=761) to work on /home/airflow/.local/lib/python3.12/site-packages/airflow/example_dags/example_display_name.py
[2024-06-16T20:33:35.290+0000] {processor.py:830} INFO - Processing file /home/airflow/.local/lib/python3.12/site-packages/airflow/example_dags/example_display_name.py for tasks to queue
[2024-06-16T20:33:35.292+0000] {logging_mixin.py:188} INFO - [2024-06-16T20:33:35.291+0000] {dagbag.py:545} INFO - Filling up the DagBag from /home/airflow/.local/lib/python3.12/site-packages/airflow/example_dags/example_display_name.py
[2024-06-16T20:33:35.297+0000] {processor.py:840} INFO - DAG(s) 'example_display_name' retrieved from /home/airflow/.local/lib/python3.12/site-packages/airflow/example_dags/example_display_name.py
[2024-06-16T20:33:35.319+0000] {logging_mixin.py:188} INFO - [2024-06-16T20:33:35.319+0000] {dag.py:3096} INFO - Sync 1 DAGs
[2024-06-16T20:33:35.332+0000] {logging_mixin.py:188} INFO - [2024-06-16T20:33:35.331+0000] {dag.py:3954} INFO - Setting next_dagrun for example_display_name to None, run_after=None
[2024-06-16T20:33:35.352+0000] {processor.py:183} INFO - Processing /home/airflow/.local/lib/python3.12/site-packages/airflow/example_dags/example_display_name.py took 0.070 seconds
[2024-06-16T20:34:05.951+0000] {processor.py:161} INFO - Started process (PID=819) to work on /home/airflow/.local/lib/python3.12/site-packages/airflow/example_dags/example_display_name.py
[2024-06-16T20:34:05.952+0000] {processor.py:830} INFO - Processing file /home/airflow/.local/lib/python3.12/site-packages/airflow/example_dags/example_display_name.py for tasks to queue
[2024-06-16T20:34:05.954+0000] {logging_mixin.py:188} INFO - [2024-06-16T20:34:05.953+0000] {dagbag.py:545} INFO - Filling up the DagBag from /home/airflow/.local/lib/python3.12/site-packages/airflow/example_dags/example_display_name.py
[2024-06-16T20:34:05.959+0000] {processor.py:840} INFO - DAG(s) 'example_display_name' retrieved from /home/airflow/.local/lib/python3.12/site-packages/airflow/example_dags/example_display_name.py
[2024-06-16T20:34:05.978+0000] {logging_mixin.py:188} INFO - [2024-06-16T20:34:05.978+0000] {dag.py:3096} INFO - Sync 1 DAGs
[2024-06-16T20:34:05.991+0000] {logging_mixin.py:188} INFO - [2024-06-16T20:34:05.991+0000] {dag.py:3954} INFO - Setting next_dagrun for example_display_name to None, run_after=None
[2024-06-16T20:34:06.010+0000] {processor.py:183} INFO - Processing /home/airflow/.local/lib/python3.12/site-packages/airflow/example_dags/example_display_name.py took 0.065 seconds
[2024-06-16T20:34:36.382+0000] {processor.py:161} INFO - Started process (PID=877) to work on /home/airflow/.local/lib/python3.12/site-packages/airflow/example_dags/example_display_name.py
[2024-06-16T20:34:36.383+0000] {processor.py:830} INFO - Processing file /home/airflow/.local/lib/python3.12/site-packages/airflow/example_dags/example_display_name.py for tasks to queue
[2024-06-16T20:34:36.385+0000] {logging_mixin.py:188} INFO - [2024-06-16T20:34:36.385+0000] {dagbag.py:545} INFO - Filling up the DagBag from /home/airflow/.local/lib/python3.12/site-packages/airflow/example_dags/example_display_name.py
[2024-06-16T20:34:36.390+0000] {processor.py:840} INFO - DAG(s) 'example_display_name' retrieved from /home/airflow/.local/lib/python3.12/site-packages/airflow/example_dags/example_display_name.py
[2024-06-16T20:34:36.411+0000] {logging_mixin.py:188} INFO - [2024-06-16T20:34:36.411+0000] {dag.py:3096} INFO - Sync 1 DAGs
[2024-06-16T20:34:36.424+0000] {logging_mixin.py:188} INFO - [2024-06-16T20:34:36.423+0000] {dag.py:3954} INFO - Setting next_dagrun for example_display_name to None, run_after=None
[2024-06-16T20:34:36.443+0000] {processor.py:183} INFO - Processing /home/airflow/.local/lib/python3.12/site-packages/airflow/example_dags/example_display_name.py took 0.068 seconds
[2024-06-16T20:35:07.651+0000] {processor.py:161} INFO - Started process (PID=935) to work on /home/airflow/.local/lib/python3.12/site-packages/airflow/example_dags/example_display_name.py
[2024-06-16T20:35:07.653+0000] {processor.py:830} INFO - Processing file /home/airflow/.local/lib/python3.12/site-packages/airflow/example_dags/example_display_name.py for tasks to queue
[2024-06-16T20:35:07.656+0000] {logging_mixin.py:188} INFO - [2024-06-16T20:35:07.655+0000] {dagbag.py:545} INFO - Filling up the DagBag from /home/airflow/.local/lib/python3.12/site-packages/airflow/example_dags/example_display_name.py
[2024-06-16T20:35:07.668+0000] {processor.py:840} INFO - DAG(s) 'example_display_name' retrieved from /home/airflow/.local/lib/python3.12/site-packages/airflow/example_dags/example_display_name.py
[2024-06-16T20:35:07.697+0000] {logging_mixin.py:188} INFO - [2024-06-16T20:35:07.696+0000] {dag.py:3096} INFO - Sync 1 DAGs
[2024-06-16T20:35:07.715+0000] {logging_mixin.py:188} INFO - [2024-06-16T20:35:07.715+0000] {dag.py:3954} INFO - Setting next_dagrun for example_display_name to None, run_after=None
[2024-06-16T20:35:07.775+0000] {processor.py:183} INFO - Processing /home/airflow/.local/lib/python3.12/site-packages/airflow/example_dags/example_display_name.py took 0.137 seconds
[2024-06-16T20:35:38.695+0000] {processor.py:161} INFO - Started process (PID=993) to work on /home/airflow/.local/lib/python3.12/site-packages/airflow/example_dags/example_display_name.py
[2024-06-16T20:35:38.696+0000] {processor.py:830} INFO - Processing file /home/airflow/.local/lib/python3.12/site-packages/airflow/example_dags/example_display_name.py for tasks to queue
[2024-06-16T20:35:38.698+0000] {logging_mixin.py:188} INFO - [2024-06-16T20:35:38.697+0000] {dagbag.py:545} INFO - Filling up the DagBag from /home/airflow/.local/lib/python3.12/site-packages/airflow/example_dags/example_display_name.py
[2024-06-16T20:35:38.703+0000] {processor.py:840} INFO - DAG(s) 'example_display_name' retrieved from /home/airflow/.local/lib/python3.12/site-packages/airflow/example_dags/example_display_name.py
[2024-06-16T20:35:38.723+0000] {logging_mixin.py:188} INFO - [2024-06-16T20:35:38.723+0000] {dag.py:3096} INFO - Sync 1 DAGs
[2024-06-16T20:35:38.736+0000] {logging_mixin.py:188} INFO - [2024-06-16T20:35:38.736+0000] {dag.py:3954} INFO - Setting next_dagrun for example_display_name to None, run_after=None
[2024-06-16T20:35:38.756+0000] {processor.py:183} INFO - Processing /home/airflow/.local/lib/python3.12/site-packages/airflow/example_dags/example_display_name.py took 0.067 seconds
[2024-06-16T20:36:08.826+0000] {processor.py:161} INFO - Started process (PID=1050) to work on /home/airflow/.local/lib/python3.12/site-packages/airflow/example_dags/example_display_name.py
[2024-06-16T20:36:08.827+0000] {processor.py:830} INFO - Processing file /home/airflow/.local/lib/python3.12/site-packages/airflow/example_dags/example_display_name.py for tasks to queue
[2024-06-16T20:36:08.829+0000] {logging_mixin.py:188} INFO - [2024-06-16T20:36:08.829+0000] {dagbag.py:545} INFO - Filling up the DagBag from /home/airflow/.local/lib/python3.12/site-packages/airflow/example_dags/example_display_name.py
[2024-06-16T20:36:08.834+0000] {processor.py:840} INFO - DAG(s) 'example_display_name' retrieved from /home/airflow/.local/lib/python3.12/site-packages/airflow/example_dags/example_display_name.py
[2024-06-16T20:36:08.854+0000] {logging_mixin.py:188} INFO - [2024-06-16T20:36:08.854+0000] {dag.py:3096} INFO - Sync 1 DAGs
[2024-06-16T20:36:08.866+0000] {logging_mixin.py:188} INFO - [2024-06-16T20:36:08.866+0000] {dag.py:3954} INFO - Setting next_dagrun for example_display_name to None, run_after=None
[2024-06-16T20:36:08.886+0000] {processor.py:183} INFO - Processing /home/airflow/.local/lib/python3.12/site-packages/airflow/example_dags/example_display_name.py took 0.066 seconds
[2024-06-16T20:36:39.223+0000] {processor.py:161} INFO - Started process (PID=1109) to work on /home/airflow/.local/lib/python3.12/site-packages/airflow/example_dags/example_display_name.py
[2024-06-16T20:36:39.224+0000] {processor.py:830} INFO - Processing file /home/airflow/.local/lib/python3.12/site-packages/airflow/example_dags/example_display_name.py for tasks to queue
[2024-06-16T20:36:39.226+0000] {logging_mixin.py:188} INFO - [2024-06-16T20:36:39.226+0000] {dagbag.py:545} INFO - Filling up the DagBag from /home/airflow/.local/lib/python3.12/site-packages/airflow/example_dags/example_display_name.py
[2024-06-16T20:36:39.231+0000] {processor.py:840} INFO - DAG(s) 'example_display_name' retrieved from /home/airflow/.local/lib/python3.12/site-packages/airflow/example_dags/example_display_name.py
[2024-06-16T20:36:39.251+0000] {logging_mixin.py:188} INFO - [2024-06-16T20:36:39.251+0000] {dag.py:3096} INFO - Sync 1 DAGs
[2024-06-16T20:36:39.264+0000] {logging_mixin.py:188} INFO - [2024-06-16T20:36:39.264+0000] {dag.py:3954} INFO - Setting next_dagrun for example_display_name to None, run_after=None
[2024-06-16T20:36:39.285+0000] {processor.py:183} INFO - Processing /home/airflow/.local/lib/python3.12/site-packages/airflow/example_dags/example_display_name.py took 0.069 seconds
[2024-06-16T20:37:09.622+0000] {processor.py:161} INFO - Started process (PID=1167) to work on /home/airflow/.local/lib/python3.12/site-packages/airflow/example_dags/example_display_name.py
[2024-06-16T20:37:09.623+0000] {processor.py:830} INFO - Processing file /home/airflow/.local/lib/python3.12/site-packages/airflow/example_dags/example_display_name.py for tasks to queue
[2024-06-16T20:37:09.625+0000] {logging_mixin.py:188} INFO - [2024-06-16T20:37:09.624+0000] {dagbag.py:545} INFO - Filling up the DagBag from /home/airflow/.local/lib/python3.12/site-packages/airflow/example_dags/example_display_name.py
[2024-06-16T20:37:09.630+0000] {processor.py:840} INFO - DAG(s) 'example_display_name' retrieved from /home/airflow/.local/lib/python3.12/site-packages/airflow/example_dags/example_display_name.py
[2024-06-16T20:37:09.650+0000] {logging_mixin.py:188} INFO - [2024-06-16T20:37:09.650+0000] {dag.py:3096} INFO - Sync 1 DAGs
[2024-06-16T20:37:09.665+0000] {logging_mixin.py:188} INFO - [2024-06-16T20:37:09.665+0000] {dag.py:3954} INFO - Setting next_dagrun for example_display_name to None, run_after=None
[2024-06-16T20:37:09.684+0000] {processor.py:183} INFO - Processing /home/airflow/.local/lib/python3.12/site-packages/airflow/example_dags/example_display_name.py took 0.068 seconds
[2024-06-16T20:37:39.755+0000] {processor.py:161} INFO - Started process (PID=1224) to work on /home/airflow/.local/lib/python3.12/site-packages/airflow/example_dags/example_display_name.py
[2024-06-16T20:37:39.756+0000] {processor.py:830} INFO - Processing file /home/airflow/.local/lib/python3.12/site-packages/airflow/example_dags/example_display_name.py for tasks to queue
[2024-06-16T20:37:39.758+0000] {logging_mixin.py:188} INFO - [2024-06-16T20:37:39.758+0000] {dagbag.py:545} INFO - Filling up the DagBag from /home/airflow/.local/lib/python3.12/site-packages/airflow/example_dags/example_display_name.py
[2024-06-16T20:37:39.763+0000] {processor.py:840} INFO - DAG(s) 'example_display_name' retrieved from /home/airflow/.local/lib/python3.12/site-packages/airflow/example_dags/example_display_name.py
[2024-06-16T20:37:39.780+0000] {logging_mixin.py:188} INFO - [2024-06-16T20:37:39.780+0000] {dag.py:3096} INFO - Sync 1 DAGs
[2024-06-16T20:37:39.793+0000] {logging_mixin.py:188} INFO - [2024-06-16T20:37:39.793+0000] {dag.py:3954} INFO - Setting next_dagrun for example_display_name to None, run_after=None
[2024-06-16T20:37:39.812+0000] {processor.py:183} INFO - Processing /home/airflow/.local/lib/python3.12/site-packages/airflow/example_dags/example_display_name.py took 0.062 seconds
[2024-06-16T20:38:10.701+0000] {processor.py:161} INFO - Started process (PID=1283) to work on /home/airflow/.local/lib/python3.12/site-packages/airflow/example_dags/example_display_name.py
[2024-06-16T20:38:10.703+0000] {processor.py:830} INFO - Processing file /home/airflow/.local/lib/python3.12/site-packages/airflow/example_dags/example_display_name.py for tasks to queue
[2024-06-16T20:38:10.704+0000] {logging_mixin.py:188} INFO - [2024-06-16T20:38:10.704+0000] {dagbag.py:545} INFO - Filling up the DagBag from /home/airflow/.local/lib/python3.12/site-packages/airflow/example_dags/example_display_name.py
[2024-06-16T20:38:10.709+0000] {processor.py:840} INFO - DAG(s) 'example_display_name' retrieved from /home/airflow/.local/lib/python3.12/site-packages/airflow/example_dags/example_display_name.py
[2024-06-16T20:38:10.730+0000] {logging_mixin.py:188} INFO - [2024-06-16T20:38:10.730+0000] {dag.py:3096} INFO - Sync 1 DAGs
[2024-06-16T20:38:10.743+0000] {logging_mixin.py:188} INFO - [2024-06-16T20:38:10.743+0000] {dag.py:3954} INFO - Setting next_dagrun for example_display_name to None, run_after=None
[2024-06-16T20:38:10.763+0000] {processor.py:183} INFO - Processing /home/airflow/.local/lib/python3.12/site-packages/airflow/example_dags/example_display_name.py took 0.068 seconds
[2024-06-16T20:38:41.436+0000] {processor.py:161} INFO - Started process (PID=1341) to work on /home/airflow/.local/lib/python3.12/site-packages/airflow/example_dags/example_display_name.py
[2024-06-16T20:38:41.437+0000] {processor.py:830} INFO - Processing file /home/airflow/.local/lib/python3.12/site-packages/airflow/example_dags/example_display_name.py for tasks to queue
[2024-06-16T20:38:41.439+0000] {logging_mixin.py:188} INFO - [2024-06-16T20:38:41.438+0000] {dagbag.py:545} INFO - Filling up the DagBag from /home/airflow/.local/lib/python3.12/site-packages/airflow/example_dags/example_display_name.py
[2024-06-16T20:38:41.445+0000] {processor.py:840} INFO - DAG(s) 'example_display_name' retrieved from /home/airflow/.local/lib/python3.12/site-packages/airflow/example_dags/example_display_name.py
[2024-06-16T20:38:41.465+0000] {logging_mixin.py:188} INFO - [2024-06-16T20:38:41.465+0000] {dag.py:3096} INFO - Sync 1 DAGs
[2024-06-16T20:38:41.478+0000] {logging_mixin.py:188} INFO - [2024-06-16T20:38:41.478+0000] {dag.py:3954} INFO - Setting next_dagrun for example_display_name to None, run_after=None
[2024-06-16T20:38:41.497+0000] {processor.py:183} INFO - Processing /home/airflow/.local/lib/python3.12/site-packages/airflow/example_dags/example_display_name.py took 0.067 seconds
[2024-06-16T20:39:12.034+0000] {processor.py:161} INFO - Started process (PID=1399) to work on /home/airflow/.local/lib/python3.12/site-packages/airflow/example_dags/example_display_name.py
[2024-06-16T20:39:12.035+0000] {processor.py:830} INFO - Processing file /home/airflow/.local/lib/python3.12/site-packages/airflow/example_dags/example_display_name.py for tasks to queue
[2024-06-16T20:39:12.037+0000] {logging_mixin.py:188} INFO - [2024-06-16T20:39:12.037+0000] {dagbag.py:545} INFO - Filling up the DagBag from /home/airflow/.local/lib/python3.12/site-packages/airflow/example_dags/example_display_name.py
[2024-06-16T20:39:12.043+0000] {processor.py:840} INFO - DAG(s) 'example_display_name' retrieved from /home/airflow/.local/lib/python3.12/site-packages/airflow/example_dags/example_display_name.py
[2024-06-16T20:39:12.063+0000] {logging_mixin.py:188} INFO - [2024-06-16T20:39:12.063+0000] {dag.py:3096} INFO - Sync 1 DAGs
[2024-06-16T20:39:12.076+0000] {logging_mixin.py:188} INFO - [2024-06-16T20:39:12.076+0000] {dag.py:3954} INFO - Setting next_dagrun for example_display_name to None, run_after=None
[2024-06-16T20:39:12.097+0000] {processor.py:183} INFO - Processing /home/airflow/.local/lib/python3.12/site-packages/airflow/example_dags/example_display_name.py took 0.069 seconds
[2024-06-16T20:39:42.534+0000] {processor.py:161} INFO - Started process (PID=1457) to work on /home/airflow/.local/lib/python3.12/site-packages/airflow/example_dags/example_display_name.py
[2024-06-16T20:39:42.535+0000] {processor.py:830} INFO - Processing file /home/airflow/.local/lib/python3.12/site-packages/airflow/example_dags/example_display_name.py for tasks to queue
[2024-06-16T20:39:42.537+0000] {logging_mixin.py:188} INFO - [2024-06-16T20:39:42.537+0000] {dagbag.py:545} INFO - Filling up the DagBag from /home/airflow/.local/lib/python3.12/site-packages/airflow/example_dags/example_display_name.py
[2024-06-16T20:39:42.543+0000] {processor.py:840} INFO - DAG(s) 'example_display_name' retrieved from /home/airflow/.local/lib/python3.12/site-packages/airflow/example_dags/example_display_name.py
[2024-06-16T20:39:42.562+0000] {logging_mixin.py:188} INFO - [2024-06-16T20:39:42.562+0000] {dag.py:3096} INFO - Sync 1 DAGs
[2024-06-16T20:39:42.575+0000] {logging_mixin.py:188} INFO - [2024-06-16T20:39:42.574+0000] {dag.py:3954} INFO - Setting next_dagrun for example_display_name to None, run_after=None
[2024-06-16T20:39:42.595+0000] {processor.py:183} INFO - Processing /home/airflow/.local/lib/python3.12/site-packages/airflow/example_dags/example_display_name.py took 0.067 seconds
[2024-06-16T20:40:13.151+0000] {processor.py:161} INFO - Started process (PID=1515) to work on /home/airflow/.local/lib/python3.12/site-packages/airflow/example_dags/example_display_name.py
[2024-06-16T20:40:13.152+0000] {processor.py:830} INFO - Processing file /home/airflow/.local/lib/python3.12/site-packages/airflow/example_dags/example_display_name.py for tasks to queue
[2024-06-16T20:40:13.154+0000] {logging_mixin.py:188} INFO - [2024-06-16T20:40:13.154+0000] {dagbag.py:545} INFO - Filling up the DagBag from /home/airflow/.local/lib/python3.12/site-packages/airflow/example_dags/example_display_name.py
[2024-06-16T20:40:13.160+0000] {processor.py:840} INFO - DAG(s) 'example_display_name' retrieved from /home/airflow/.local/lib/python3.12/site-packages/airflow/example_dags/example_display_name.py
[2024-06-16T20:40:13.180+0000] {logging_mixin.py:188} INFO - [2024-06-16T20:40:13.180+0000] {dag.py:3096} INFO - Sync 1 DAGs
[2024-06-16T20:40:13.193+0000] {logging_mixin.py:188} INFO - [2024-06-16T20:40:13.193+0000] {dag.py:3954} INFO - Setting next_dagrun for example_display_name to None, run_after=None
[2024-06-16T20:40:13.214+0000] {processor.py:183} INFO - Processing /home/airflow/.local/lib/python3.12/site-packages/airflow/example_dags/example_display_name.py took 0.069 seconds
[2024-06-16T20:40:43.690+0000] {processor.py:161} INFO - Started process (PID=1573) to work on /home/airflow/.local/lib/python3.12/site-packages/airflow/example_dags/example_display_name.py
[2024-06-16T20:40:43.692+0000] {processor.py:830} INFO - Processing file /home/airflow/.local/lib/python3.12/site-packages/airflow/example_dags/example_display_name.py for tasks to queue
[2024-06-16T20:40:43.693+0000] {logging_mixin.py:188} INFO - [2024-06-16T20:40:43.693+0000] {dagbag.py:545} INFO - Filling up the DagBag from /home/airflow/.local/lib/python3.12/site-packages/airflow/example_dags/example_display_name.py
[2024-06-16T20:40:43.699+0000] {processor.py:840} INFO - DAG(s) 'example_display_name' retrieved from /home/airflow/.local/lib/python3.12/site-packages/airflow/example_dags/example_display_name.py
[2024-06-16T20:40:43.720+0000] {logging_mixin.py:188} INFO - [2024-06-16T20:40:43.719+0000] {dag.py:3096} INFO - Sync 1 DAGs
[2024-06-16T20:40:43.732+0000] {logging_mixin.py:188} INFO - [2024-06-16T20:40:43.731+0000] {dag.py:3954} INFO - Setting next_dagrun for example_display_name to None, run_after=None
[2024-06-16T20:40:43.755+0000] {processor.py:183} INFO - Processing /home/airflow/.local/lib/python3.12/site-packages/airflow/example_dags/example_display_name.py took 0.071 seconds
[2024-06-16T20:41:14.301+0000] {processor.py:161} INFO - Started process (PID=1631) to work on /home/airflow/.local/lib/python3.12/site-packages/airflow/example_dags/example_display_name.py
[2024-06-16T20:41:14.303+0000] {processor.py:830} INFO - Processing file /home/airflow/.local/lib/python3.12/site-packages/airflow/example_dags/example_display_name.py for tasks to queue
[2024-06-16T20:41:14.304+0000] {logging_mixin.py:188} INFO - [2024-06-16T20:41:14.304+0000] {dagbag.py:545} INFO - Filling up the DagBag from /home/airflow/.local/lib/python3.12/site-packages/airflow/example_dags/example_display_name.py
[2024-06-16T20:41:14.309+0000] {processor.py:840} INFO - DAG(s) 'example_display_name' retrieved from /home/airflow/.local/lib/python3.12/site-packages/airflow/example_dags/example_display_name.py
[2024-06-16T20:41:14.329+0000] {logging_mixin.py:188} INFO - [2024-06-16T20:41:14.329+0000] {dag.py:3096} INFO - Sync 1 DAGs
[2024-06-16T20:41:14.341+0000] {logging_mixin.py:188} INFO - [2024-06-16T20:41:14.341+0000] {dag.py:3954} INFO - Setting next_dagrun for example_display_name to None, run_after=None
[2024-06-16T20:41:14.360+0000] {processor.py:183} INFO - Processing /home/airflow/.local/lib/python3.12/site-packages/airflow/example_dags/example_display_name.py took 0.065 seconds
[2024-06-16T20:41:44.862+0000] {processor.py:161} INFO - Started process (PID=1689) to work on /home/airflow/.local/lib/python3.12/site-packages/airflow/example_dags/example_display_name.py
[2024-06-16T20:41:44.863+0000] {processor.py:830} INFO - Processing file /home/airflow/.local/lib/python3.12/site-packages/airflow/example_dags/example_display_name.py for tasks to queue
[2024-06-16T20:41:44.865+0000] {logging_mixin.py:188} INFO - [2024-06-16T20:41:44.865+0000] {dagbag.py:545} INFO - Filling up the DagBag from /home/airflow/.local/lib/python3.12/site-packages/airflow/example_dags/example_display_name.py
[2024-06-16T20:41:44.870+0000] {processor.py:840} INFO - DAG(s) 'example_display_name' retrieved from /home/airflow/.local/lib/python3.12/site-packages/airflow/example_dags/example_display_name.py
[2024-06-16T20:41:44.895+0000] {logging_mixin.py:188} INFO - [2024-06-16T20:41:44.894+0000] {dag.py:3096} INFO - Sync 1 DAGs
[2024-06-16T20:41:44.911+0000] {logging_mixin.py:188} INFO - [2024-06-16T20:41:44.911+0000] {dag.py:3954} INFO - Setting next_dagrun for example_display_name to None, run_after=None
[2024-06-16T20:41:44.935+0000] {processor.py:183} INFO - Processing /home/airflow/.local/lib/python3.12/site-packages/airflow/example_dags/example_display_name.py took 0.079 seconds
[2024-06-16T20:42:15.374+0000] {processor.py:161} INFO - Started process (PID=1747) to work on /home/airflow/.local/lib/python3.12/site-packages/airflow/example_dags/example_display_name.py
[2024-06-16T20:42:15.376+0000] {processor.py:830} INFO - Processing file /home/airflow/.local/lib/python3.12/site-packages/airflow/example_dags/example_display_name.py for tasks to queue
[2024-06-16T20:42:15.377+0000] {logging_mixin.py:188} INFO - [2024-06-16T20:42:15.377+0000] {dagbag.py:545} INFO - Filling up the DagBag from /home/airflow/.local/lib/python3.12/site-packages/airflow/example_dags/example_display_name.py
[2024-06-16T20:42:15.383+0000] {processor.py:840} INFO - DAG(s) 'example_display_name' retrieved from /home/airflow/.local/lib/python3.12/site-packages/airflow/example_dags/example_display_name.py
[2024-06-16T20:42:15.404+0000] {logging_mixin.py:188} INFO - [2024-06-16T20:42:15.404+0000] {dag.py:3096} INFO - Sync 1 DAGs
[2024-06-16T20:42:15.417+0000] {logging_mixin.py:188} INFO - [2024-06-16T20:42:15.417+0000] {dag.py:3954} INFO - Setting next_dagrun for example_display_name to None, run_after=None
[2024-06-16T20:42:15.440+0000] {processor.py:183} INFO - Processing /home/airflow/.local/lib/python3.12/site-packages/airflow/example_dags/example_display_name.py took 0.071 seconds
[2024-06-16T20:42:45.738+0000] {processor.py:161} INFO - Started process (PID=1804) to work on /home/airflow/.local/lib/python3.12/site-packages/airflow/example_dags/example_display_name.py
[2024-06-16T20:42:45.739+0000] {processor.py:830} INFO - Processing file /home/airflow/.local/lib/python3.12/site-packages/airflow/example_dags/example_display_name.py for tasks to queue
[2024-06-16T20:42:45.741+0000] {logging_mixin.py:188} INFO - [2024-06-16T20:42:45.740+0000] {dagbag.py:545} INFO - Filling up the DagBag from /home/airflow/.local/lib/python3.12/site-packages/airflow/example_dags/example_display_name.py
[2024-06-16T20:42:45.746+0000] {processor.py:840} INFO - DAG(s) 'example_display_name' retrieved from /home/airflow/.local/lib/python3.12/site-packages/airflow/example_dags/example_display_name.py
[2024-06-16T20:42:45.766+0000] {logging_mixin.py:188} INFO - [2024-06-16T20:42:45.766+0000] {dag.py:3096} INFO - Sync 1 DAGs
[2024-06-16T20:42:45.779+0000] {logging_mixin.py:188} INFO - [2024-06-16T20:42:45.779+0000] {dag.py:3954} INFO - Setting next_dagrun for example_display_name to None, run_after=None
[2024-06-16T20:42:45.801+0000] {processor.py:183} INFO - Processing /home/airflow/.local/lib/python3.12/site-packages/airflow/example_dags/example_display_name.py took 0.068 seconds
[2024-06-16T20:43:17.123+0000] {processor.py:161} INFO - Started process (PID=1863) to work on /home/airflow/.local/lib/python3.12/site-packages/airflow/example_dags/example_display_name.py
[2024-06-16T20:43:17.124+0000] {processor.py:830} INFO - Processing file /home/airflow/.local/lib/python3.12/site-packages/airflow/example_dags/example_display_name.py for tasks to queue
[2024-06-16T20:43:17.126+0000] {logging_mixin.py:188} INFO - [2024-06-16T20:43:17.126+0000] {dagbag.py:545} INFO - Filling up the DagBag from /home/airflow/.local/lib/python3.12/site-packages/airflow/example_dags/example_display_name.py
[2024-06-16T20:43:17.132+0000] {processor.py:840} INFO - DAG(s) 'example_display_name' retrieved from /home/airflow/.local/lib/python3.12/site-packages/airflow/example_dags/example_display_name.py
[2024-06-16T20:43:17.153+0000] {logging_mixin.py:188} INFO - [2024-06-16T20:43:17.152+0000] {dag.py:3096} INFO - Sync 1 DAGs
[2024-06-16T20:43:17.166+0000] {logging_mixin.py:188} INFO - [2024-06-16T20:43:17.166+0000] {dag.py:3954} INFO - Setting next_dagrun for example_display_name to None, run_after=None
[2024-06-16T20:43:17.186+0000] {processor.py:183} INFO - Processing /home/airflow/.local/lib/python3.12/site-packages/airflow/example_dags/example_display_name.py took 0.069 seconds
[2024-06-16T20:43:48.070+0000] {processor.py:161} INFO - Started process (PID=1921) to work on /home/airflow/.local/lib/python3.12/site-packages/airflow/example_dags/example_display_name.py
[2024-06-16T20:43:48.071+0000] {processor.py:830} INFO - Processing file /home/airflow/.local/lib/python3.12/site-packages/airflow/example_dags/example_display_name.py for tasks to queue
[2024-06-16T20:43:48.073+0000] {logging_mixin.py:188} INFO - [2024-06-16T20:43:48.073+0000] {dagbag.py:545} INFO - Filling up the DagBag from /home/airflow/.local/lib/python3.12/site-packages/airflow/example_dags/example_display_name.py
[2024-06-16T20:43:48.078+0000] {processor.py:840} INFO - DAG(s) 'example_display_name' retrieved from /home/airflow/.local/lib/python3.12/site-packages/airflow/example_dags/example_display_name.py
[2024-06-16T20:43:48.099+0000] {logging_mixin.py:188} INFO - [2024-06-16T20:43:48.099+0000] {dag.py:3096} INFO - Sync 1 DAGs
[2024-06-16T20:43:48.113+0000] {logging_mixin.py:188} INFO - [2024-06-16T20:43:48.112+0000] {dag.py:3954} INFO - Setting next_dagrun for example_display_name to None, run_after=None
[2024-06-16T20:43:48.268+0000] {processor.py:183} INFO - Processing /home/airflow/.local/lib/python3.12/site-packages/airflow/example_dags/example_display_name.py took 0.206 seconds
[2024-06-16T20:44:18.565+0000] {processor.py:161} INFO - Started process (PID=1979) to work on /home/airflow/.local/lib/python3.12/site-packages/airflow/example_dags/example_display_name.py
[2024-06-16T20:44:18.566+0000] {processor.py:830} INFO - Processing file /home/airflow/.local/lib/python3.12/site-packages/airflow/example_dags/example_display_name.py for tasks to queue
[2024-06-16T20:44:18.568+0000] {logging_mixin.py:188} INFO - [2024-06-16T20:44:18.568+0000] {dagbag.py:545} INFO - Filling up the DagBag from /home/airflow/.local/lib/python3.12/site-packages/airflow/example_dags/example_display_name.py
[2024-06-16T20:44:18.574+0000] {processor.py:840} INFO - DAG(s) 'example_display_name' retrieved from /home/airflow/.local/lib/python3.12/site-packages/airflow/example_dags/example_display_name.py
[2024-06-16T20:44:18.597+0000] {logging_mixin.py:188} INFO - [2024-06-16T20:44:18.597+0000] {dag.py:3096} INFO - Sync 1 DAGs
[2024-06-16T20:44:18.611+0000] {logging_mixin.py:188} INFO - [2024-06-16T20:44:18.611+0000] {dag.py:3954} INFO - Setting next_dagrun for example_display_name to None, run_after=None
[2024-06-16T20:44:18.633+0000] {processor.py:183} INFO - Processing /home/airflow/.local/lib/python3.12/site-packages/airflow/example_dags/example_display_name.py took 0.074 seconds
[2024-06-16T20:44:49.102+0000] {processor.py:161} INFO - Started process (PID=2037) to work on /home/airflow/.local/lib/python3.12/site-packages/airflow/example_dags/example_display_name.py
[2024-06-16T20:44:49.103+0000] {processor.py:830} INFO - Processing file /home/airflow/.local/lib/python3.12/site-packages/airflow/example_dags/example_display_name.py for tasks to queue
[2024-06-16T20:44:49.105+0000] {logging_mixin.py:188} INFO - [2024-06-16T20:44:49.104+0000] {dagbag.py:545} INFO - Filling up the DagBag from /home/airflow/.local/lib/python3.12/site-packages/airflow/example_dags/example_display_name.py
[2024-06-16T20:44:49.110+0000] {processor.py:840} INFO - DAG(s) 'example_display_name' retrieved from /home/airflow/.local/lib/python3.12/site-packages/airflow/example_dags/example_display_name.py
[2024-06-16T20:44:49.130+0000] {logging_mixin.py:188} INFO - [2024-06-16T20:44:49.129+0000] {dag.py:3096} INFO - Sync 1 DAGs
[2024-06-16T20:44:49.142+0000] {logging_mixin.py:188} INFO - [2024-06-16T20:44:49.141+0000] {dag.py:3954} INFO - Setting next_dagrun for example_display_name to None, run_after=None
[2024-06-16T20:44:49.160+0000] {processor.py:183} INFO - Processing /home/airflow/.local/lib/python3.12/site-packages/airflow/example_dags/example_display_name.py took 0.064 seconds
[2024-06-16T20:45:19.688+0000] {processor.py:161} INFO - Started process (PID=2095) to work on /home/airflow/.local/lib/python3.12/site-packages/airflow/example_dags/example_display_name.py
[2024-06-16T20:45:19.690+0000] {processor.py:830} INFO - Processing file /home/airflow/.local/lib/python3.12/site-packages/airflow/example_dags/example_display_name.py for tasks to queue
[2024-06-16T20:45:19.691+0000] {logging_mixin.py:188} INFO - [2024-06-16T20:45:19.691+0000] {dagbag.py:545} INFO - Filling up the DagBag from /home/airflow/.local/lib/python3.12/site-packages/airflow/example_dags/example_display_name.py
[2024-06-16T20:45:19.696+0000] {processor.py:840} INFO - DAG(s) 'example_display_name' retrieved from /home/airflow/.local/lib/python3.12/site-packages/airflow/example_dags/example_display_name.py
[2024-06-16T20:45:19.716+0000] {logging_mixin.py:188} INFO - [2024-06-16T20:45:19.716+0000] {dag.py:3096} INFO - Sync 1 DAGs
[2024-06-16T20:45:19.729+0000] {logging_mixin.py:188} INFO - [2024-06-16T20:45:19.729+0000] {dag.py:3954} INFO - Setting next_dagrun for example_display_name to None, run_after=None
[2024-06-16T20:45:19.746+0000] {processor.py:183} INFO - Processing /home/airflow/.local/lib/python3.12/site-packages/airflow/example_dags/example_display_name.py took 0.064 seconds
[2024-06-16T20:45:50.202+0000] {processor.py:161} INFO - Started process (PID=2153) to work on /home/airflow/.local/lib/python3.12/site-packages/airflow/example_dags/example_display_name.py
[2024-06-16T20:45:50.203+0000] {processor.py:830} INFO - Processing file /home/airflow/.local/lib/python3.12/site-packages/airflow/example_dags/example_display_name.py for tasks to queue
[2024-06-16T20:45:50.204+0000] {logging_mixin.py:188} INFO - [2024-06-16T20:45:50.204+0000] {dagbag.py:545} INFO - Filling up the DagBag from /home/airflow/.local/lib/python3.12/site-packages/airflow/example_dags/example_display_name.py
[2024-06-16T20:45:50.210+0000] {processor.py:840} INFO - DAG(s) 'example_display_name' retrieved from /home/airflow/.local/lib/python3.12/site-packages/airflow/example_dags/example_display_name.py
[2024-06-16T20:45:50.230+0000] {logging_mixin.py:188} INFO - [2024-06-16T20:45:50.229+0000] {dag.py:3096} INFO - Sync 1 DAGs
[2024-06-16T20:45:50.245+0000] {logging_mixin.py:188} INFO - [2024-06-16T20:45:50.244+0000] {dag.py:3954} INFO - Setting next_dagrun for example_display_name to None, run_after=None
[2024-06-16T20:45:50.264+0000] {processor.py:183} INFO - Processing /home/airflow/.local/lib/python3.12/site-packages/airflow/example_dags/example_display_name.py took 0.069 seconds
[2024-06-16T20:46:20.590+0000] {processor.py:161} INFO - Started process (PID=2211) to work on /home/airflow/.local/lib/python3.12/site-packages/airflow/example_dags/example_display_name.py
[2024-06-16T20:46:20.591+0000] {processor.py:830} INFO - Processing file /home/airflow/.local/lib/python3.12/site-packages/airflow/example_dags/example_display_name.py for tasks to queue
[2024-06-16T20:46:20.593+0000] {logging_mixin.py:188} INFO - [2024-06-16T20:46:20.592+0000] {dagbag.py:545} INFO - Filling up the DagBag from /home/airflow/.local/lib/python3.12/site-packages/airflow/example_dags/example_display_name.py
[2024-06-16T20:46:20.598+0000] {processor.py:840} INFO - DAG(s) 'example_display_name' retrieved from /home/airflow/.local/lib/python3.12/site-packages/airflow/example_dags/example_display_name.py
[2024-06-16T20:46:20.617+0000] {logging_mixin.py:188} INFO - [2024-06-16T20:46:20.617+0000] {dag.py:3096} INFO - Sync 1 DAGs
[2024-06-16T20:46:20.629+0000] {logging_mixin.py:188} INFO - [2024-06-16T20:46:20.629+0000] {dag.py:3954} INFO - Setting next_dagrun for example_display_name to None, run_after=None
[2024-06-16T20:46:20.648+0000] {processor.py:183} INFO - Processing /home/airflow/.local/lib/python3.12/site-packages/airflow/example_dags/example_display_name.py took 0.064 seconds
[2024-06-16T20:46:51.079+0000] {processor.py:161} INFO - Started process (PID=2269) to work on /home/airflow/.local/lib/python3.12/site-packages/airflow/example_dags/example_display_name.py
[2024-06-16T20:46:51.080+0000] {processor.py:830} INFO - Processing file /home/airflow/.local/lib/python3.12/site-packages/airflow/example_dags/example_display_name.py for tasks to queue
[2024-06-16T20:46:51.082+0000] {logging_mixin.py:188} INFO - [2024-06-16T20:46:51.082+0000] {dagbag.py:545} INFO - Filling up the DagBag from /home/airflow/.local/lib/python3.12/site-packages/airflow/example_dags/example_display_name.py
[2024-06-16T20:46:51.087+0000] {processor.py:840} INFO - DAG(s) 'example_display_name' retrieved from /home/airflow/.local/lib/python3.12/site-packages/airflow/example_dags/example_display_name.py
[2024-06-16T20:46:51.106+0000] {logging_mixin.py:188} INFO - [2024-06-16T20:46:51.106+0000] {dag.py:3096} INFO - Sync 1 DAGs
[2024-06-16T20:46:51.119+0000] {logging_mixin.py:188} INFO - [2024-06-16T20:46:51.118+0000] {dag.py:3954} INFO - Setting next_dagrun for example_display_name to None, run_after=None
[2024-06-16T20:46:51.138+0000] {processor.py:183} INFO - Processing /home/airflow/.local/lib/python3.12/site-packages/airflow/example_dags/example_display_name.py took 0.065 seconds
[2024-06-16T20:47:21.497+0000] {processor.py:161} INFO - Started process (PID=2327) to work on /home/airflow/.local/lib/python3.12/site-packages/airflow/example_dags/example_display_name.py
[2024-06-16T20:47:21.499+0000] {processor.py:830} INFO - Processing file /home/airflow/.local/lib/python3.12/site-packages/airflow/example_dags/example_display_name.py for tasks to queue
[2024-06-16T20:47:21.500+0000] {logging_mixin.py:188} INFO - [2024-06-16T20:47:21.500+0000] {dagbag.py:545} INFO - Filling up the DagBag from /home/airflow/.local/lib/python3.12/site-packages/airflow/example_dags/example_display_name.py
[2024-06-16T20:47:21.506+0000] {processor.py:840} INFO - DAG(s) 'example_display_name' retrieved from /home/airflow/.local/lib/python3.12/site-packages/airflow/example_dags/example_display_name.py
[2024-06-16T20:47:21.526+0000] {logging_mixin.py:188} INFO - [2024-06-16T20:47:21.525+0000] {dag.py:3096} INFO - Sync 1 DAGs
[2024-06-16T20:47:21.537+0000] {logging_mixin.py:188} INFO - [2024-06-16T20:47:21.537+0000] {dag.py:3954} INFO - Setting next_dagrun for example_display_name to None, run_after=None
[2024-06-16T20:47:21.556+0000] {processor.py:183} INFO - Processing /home/airflow/.local/lib/python3.12/site-packages/airflow/example_dags/example_display_name.py took 0.064 seconds
[2024-06-16T20:47:51.975+0000] {processor.py:161} INFO - Started process (PID=2385) to work on /home/airflow/.local/lib/python3.12/site-packages/airflow/example_dags/example_display_name.py
[2024-06-16T20:47:51.976+0000] {processor.py:830} INFO - Processing file /home/airflow/.local/lib/python3.12/site-packages/airflow/example_dags/example_display_name.py for tasks to queue
[2024-06-16T20:47:51.978+0000] {logging_mixin.py:188} INFO - [2024-06-16T20:47:51.977+0000] {dagbag.py:545} INFO - Filling up the DagBag from /home/airflow/.local/lib/python3.12/site-packages/airflow/example_dags/example_display_name.py
[2024-06-16T20:47:51.982+0000] {processor.py:840} INFO - DAG(s) 'example_display_name' retrieved from /home/airflow/.local/lib/python3.12/site-packages/airflow/example_dags/example_display_name.py
[2024-06-16T20:47:52.001+0000] {logging_mixin.py:188} INFO - [2024-06-16T20:47:52.001+0000] {dag.py:3096} INFO - Sync 1 DAGs
[2024-06-16T20:47:52.013+0000] {logging_mixin.py:188} INFO - [2024-06-16T20:47:52.013+0000] {dag.py:3954} INFO - Setting next_dagrun for example_display_name to None, run_after=None
[2024-06-16T20:47:52.031+0000] {processor.py:183} INFO - Processing /home/airflow/.local/lib/python3.12/site-packages/airflow/example_dags/example_display_name.py took 0.062 seconds
[2024-06-16T20:48:22.365+0000] {processor.py:161} INFO - Started process (PID=2443) to work on /home/airflow/.local/lib/python3.12/site-packages/airflow/example_dags/example_display_name.py
[2024-06-16T20:48:22.366+0000] {processor.py:830} INFO - Processing file /home/airflow/.local/lib/python3.12/site-packages/airflow/example_dags/example_display_name.py for tasks to queue
[2024-06-16T20:48:22.367+0000] {logging_mixin.py:188} INFO - [2024-06-16T20:48:22.367+0000] {dagbag.py:545} INFO - Filling up the DagBag from /home/airflow/.local/lib/python3.12/site-packages/airflow/example_dags/example_display_name.py
[2024-06-16T20:48:22.372+0000] {processor.py:840} INFO - DAG(s) 'example_display_name' retrieved from /home/airflow/.local/lib/python3.12/site-packages/airflow/example_dags/example_display_name.py
[2024-06-16T20:48:22.392+0000] {logging_mixin.py:188} INFO - [2024-06-16T20:48:22.391+0000] {dag.py:3096} INFO - Sync 1 DAGs
[2024-06-16T20:48:22.404+0000] {logging_mixin.py:188} INFO - [2024-06-16T20:48:22.403+0000] {dag.py:3954} INFO - Setting next_dagrun for example_display_name to None, run_after=None
[2024-06-16T20:48:22.422+0000] {processor.py:183} INFO - Processing /home/airflow/.local/lib/python3.12/site-packages/airflow/example_dags/example_display_name.py took 0.063 seconds
[2024-06-16T20:48:52.947+0000] {processor.py:161} INFO - Started process (PID=2501) to work on /home/airflow/.local/lib/python3.12/site-packages/airflow/example_dags/example_display_name.py
[2024-06-16T20:48:52.948+0000] {processor.py:830} INFO - Processing file /home/airflow/.local/lib/python3.12/site-packages/airflow/example_dags/example_display_name.py for tasks to queue
[2024-06-16T20:48:52.950+0000] {logging_mixin.py:188} INFO - [2024-06-16T20:48:52.949+0000] {dagbag.py:545} INFO - Filling up the DagBag from /home/airflow/.local/lib/python3.12/site-packages/airflow/example_dags/example_display_name.py
[2024-06-16T20:48:52.955+0000] {processor.py:840} INFO - DAG(s) 'example_display_name' retrieved from /home/airflow/.local/lib/python3.12/site-packages/airflow/example_dags/example_display_name.py
[2024-06-16T20:48:52.974+0000] {logging_mixin.py:188} INFO - [2024-06-16T20:48:52.974+0000] {dag.py:3096} INFO - Sync 1 DAGs
[2024-06-16T20:48:52.988+0000] {logging_mixin.py:188} INFO - [2024-06-16T20:48:52.987+0000] {dag.py:3954} INFO - Setting next_dagrun for example_display_name to None, run_after=None
[2024-06-16T20:48:53.006+0000] {processor.py:183} INFO - Processing /home/airflow/.local/lib/python3.12/site-packages/airflow/example_dags/example_display_name.py took 0.066 seconds
[2024-06-16T20:49:23.492+0000] {processor.py:161} INFO - Started process (PID=2559) to work on /home/airflow/.local/lib/python3.12/site-packages/airflow/example_dags/example_display_name.py
[2024-06-16T20:49:23.493+0000] {processor.py:830} INFO - Processing file /home/airflow/.local/lib/python3.12/site-packages/airflow/example_dags/example_display_name.py for tasks to queue
[2024-06-16T20:49:23.494+0000] {logging_mixin.py:188} INFO - [2024-06-16T20:49:23.494+0000] {dagbag.py:545} INFO - Filling up the DagBag from /home/airflow/.local/lib/python3.12/site-packages/airflow/example_dags/example_display_name.py
[2024-06-16T20:49:23.499+0000] {processor.py:840} INFO - DAG(s) 'example_display_name' retrieved from /home/airflow/.local/lib/python3.12/site-packages/airflow/example_dags/example_display_name.py
[2024-06-16T20:49:23.517+0000] {logging_mixin.py:188} INFO - [2024-06-16T20:49:23.517+0000] {dag.py:3096} INFO - Sync 1 DAGs
[2024-06-16T20:49:23.529+0000] {logging_mixin.py:188} INFO - [2024-06-16T20:49:23.529+0000] {dag.py:3954} INFO - Setting next_dagrun for example_display_name to None, run_after=None
[2024-06-16T20:49:23.547+0000] {processor.py:183} INFO - Processing /home/airflow/.local/lib/python3.12/site-packages/airflow/example_dags/example_display_name.py took 0.061 seconds
[2024-06-16T20:49:53.919+0000] {processor.py:161} INFO - Started process (PID=2617) to work on /home/airflow/.local/lib/python3.12/site-packages/airflow/example_dags/example_display_name.py
[2024-06-16T20:49:53.920+0000] {processor.py:830} INFO - Processing file /home/airflow/.local/lib/python3.12/site-packages/airflow/example_dags/example_display_name.py for tasks to queue
[2024-06-16T20:49:53.921+0000] {logging_mixin.py:188} INFO - [2024-06-16T20:49:53.921+0000] {dagbag.py:545} INFO - Filling up the DagBag from /home/airflow/.local/lib/python3.12/site-packages/airflow/example_dags/example_display_name.py
[2024-06-16T20:49:53.927+0000] {processor.py:840} INFO - DAG(s) 'example_display_name' retrieved from /home/airflow/.local/lib/python3.12/site-packages/airflow/example_dags/example_display_name.py
[2024-06-16T20:49:53.946+0000] {logging_mixin.py:188} INFO - [2024-06-16T20:49:53.946+0000] {dag.py:3096} INFO - Sync 1 DAGs
[2024-06-16T20:49:53.960+0000] {logging_mixin.py:188} INFO - [2024-06-16T20:49:53.959+0000] {dag.py:3954} INFO - Setting next_dagrun for example_display_name to None, run_after=None
[2024-06-16T20:49:53.978+0000] {processor.py:183} INFO - Processing /home/airflow/.local/lib/python3.12/site-packages/airflow/example_dags/example_display_name.py took 0.065 seconds
[2024-06-16T20:50:24.350+0000] {processor.py:161} INFO - Started process (PID=2675) to work on /home/airflow/.local/lib/python3.12/site-packages/airflow/example_dags/example_display_name.py
[2024-06-16T20:50:24.351+0000] {processor.py:830} INFO - Processing file /home/airflow/.local/lib/python3.12/site-packages/airflow/example_dags/example_display_name.py for tasks to queue
[2024-06-16T20:50:24.352+0000] {logging_mixin.py:188} INFO - [2024-06-16T20:50:24.352+0000] {dagbag.py:545} INFO - Filling up the DagBag from /home/airflow/.local/lib/python3.12/site-packages/airflow/example_dags/example_display_name.py
[2024-06-16T20:50:24.358+0000] {processor.py:840} INFO - DAG(s) 'example_display_name' retrieved from /home/airflow/.local/lib/python3.12/site-packages/airflow/example_dags/example_display_name.py
[2024-06-16T20:50:24.377+0000] {logging_mixin.py:188} INFO - [2024-06-16T20:50:24.377+0000] {dag.py:3096} INFO - Sync 1 DAGs
[2024-06-16T20:50:24.389+0000] {logging_mixin.py:188} INFO - [2024-06-16T20:50:24.388+0000] {dag.py:3954} INFO - Setting next_dagrun for example_display_name to None, run_after=None
[2024-06-16T20:50:24.406+0000] {processor.py:183} INFO - Processing /home/airflow/.local/lib/python3.12/site-packages/airflow/example_dags/example_display_name.py took 0.062 seconds
[2024-06-16T20:50:54.819+0000] {processor.py:161} INFO - Started process (PID=2733) to work on /home/airflow/.local/lib/python3.12/site-packages/airflow/example_dags/example_display_name.py
[2024-06-16T20:50:54.820+0000] {processor.py:830} INFO - Processing file /home/airflow/.local/lib/python3.12/site-packages/airflow/example_dags/example_display_name.py for tasks to queue
[2024-06-16T20:50:54.822+0000] {logging_mixin.py:188} INFO - [2024-06-16T20:50:54.822+0000] {dagbag.py:545} INFO - Filling up the DagBag from /home/airflow/.local/lib/python3.12/site-packages/airflow/example_dags/example_display_name.py
[2024-06-16T20:50:54.827+0000] {processor.py:840} INFO - DAG(s) 'example_display_name' retrieved from /home/airflow/.local/lib/python3.12/site-packages/airflow/example_dags/example_display_name.py
[2024-06-16T20:50:54.847+0000] {logging_mixin.py:188} INFO - [2024-06-16T20:50:54.847+0000] {dag.py:3096} INFO - Sync 1 DAGs
[2024-06-16T20:50:54.861+0000] {logging_mixin.py:188} INFO - [2024-06-16T20:50:54.860+0000] {dag.py:3954} INFO - Setting next_dagrun for example_display_name to None, run_after=None
[2024-06-16T20:50:54.881+0000] {processor.py:183} INFO - Processing /home/airflow/.local/lib/python3.12/site-packages/airflow/example_dags/example_display_name.py took 0.068 seconds
[2024-06-16T20:51:25.265+0000] {processor.py:161} INFO - Started process (PID=2791) to work on /home/airflow/.local/lib/python3.12/site-packages/airflow/example_dags/example_display_name.py
[2024-06-16T20:51:25.265+0000] {processor.py:830} INFO - Processing file /home/airflow/.local/lib/python3.12/site-packages/airflow/example_dags/example_display_name.py for tasks to queue
[2024-06-16T20:51:25.267+0000] {logging_mixin.py:188} INFO - [2024-06-16T20:51:25.267+0000] {dagbag.py:545} INFO - Filling up the DagBag from /home/airflow/.local/lib/python3.12/site-packages/airflow/example_dags/example_display_name.py
[2024-06-16T20:51:25.272+0000] {processor.py:840} INFO - DAG(s) 'example_display_name' retrieved from /home/airflow/.local/lib/python3.12/site-packages/airflow/example_dags/example_display_name.py
[2024-06-16T20:51:25.290+0000] {logging_mixin.py:188} INFO - [2024-06-16T20:51:25.290+0000] {dag.py:3096} INFO - Sync 1 DAGs
[2024-06-16T20:51:25.302+0000] {logging_mixin.py:188} INFO - [2024-06-16T20:51:25.302+0000] {dag.py:3954} INFO - Setting next_dagrun for example_display_name to None, run_after=None
[2024-06-16T20:51:25.321+0000] {processor.py:183} INFO - Processing /home/airflow/.local/lib/python3.12/site-packages/airflow/example_dags/example_display_name.py took 0.062 seconds
[2024-06-16T20:51:55.756+0000] {processor.py:161} INFO - Started process (PID=2849) to work on /home/airflow/.local/lib/python3.12/site-packages/airflow/example_dags/example_display_name.py
[2024-06-16T20:51:55.757+0000] {processor.py:830} INFO - Processing file /home/airflow/.local/lib/python3.12/site-packages/airflow/example_dags/example_display_name.py for tasks to queue
[2024-06-16T20:51:55.758+0000] {logging_mixin.py:188} INFO - [2024-06-16T20:51:55.758+0000] {dagbag.py:545} INFO - Filling up the DagBag from /home/airflow/.local/lib/python3.12/site-packages/airflow/example_dags/example_display_name.py
[2024-06-16T20:51:55.763+0000] {processor.py:840} INFO - DAG(s) 'example_display_name' retrieved from /home/airflow/.local/lib/python3.12/site-packages/airflow/example_dags/example_display_name.py
[2024-06-16T20:51:55.782+0000] {logging_mixin.py:188} INFO - [2024-06-16T20:51:55.781+0000] {dag.py:3096} INFO - Sync 1 DAGs
[2024-06-16T20:51:55.794+0000] {logging_mixin.py:188} INFO - [2024-06-16T20:51:55.794+0000] {dag.py:3954} INFO - Setting next_dagrun for example_display_name to None, run_after=None
[2024-06-16T20:51:55.813+0000] {processor.py:183} INFO - Processing /home/airflow/.local/lib/python3.12/site-packages/airflow/example_dags/example_display_name.py took 0.063 seconds
[2024-06-16T20:52:26.356+0000] {processor.py:161} INFO - Started process (PID=2907) to work on /home/airflow/.local/lib/python3.12/site-packages/airflow/example_dags/example_display_name.py
[2024-06-16T20:52:26.357+0000] {processor.py:830} INFO - Processing file /home/airflow/.local/lib/python3.12/site-packages/airflow/example_dags/example_display_name.py for tasks to queue
[2024-06-16T20:52:26.359+0000] {logging_mixin.py:188} INFO - [2024-06-16T20:52:26.358+0000] {dagbag.py:545} INFO - Filling up the DagBag from /home/airflow/.local/lib/python3.12/site-packages/airflow/example_dags/example_display_name.py
[2024-06-16T20:52:26.363+0000] {processor.py:840} INFO - DAG(s) 'example_display_name' retrieved from /home/airflow/.local/lib/python3.12/site-packages/airflow/example_dags/example_display_name.py
[2024-06-16T20:52:26.382+0000] {logging_mixin.py:188} INFO - [2024-06-16T20:52:26.382+0000] {dag.py:3096} INFO - Sync 1 DAGs
[2024-06-16T20:52:26.395+0000] {logging_mixin.py:188} INFO - [2024-06-16T20:52:26.394+0000] {dag.py:3954} INFO - Setting next_dagrun for example_display_name to None, run_after=None
[2024-06-16T20:52:26.414+0000] {processor.py:183} INFO - Processing /home/airflow/.local/lib/python3.12/site-packages/airflow/example_dags/example_display_name.py took 0.064 seconds
[2024-06-16T20:52:56.676+0000] {processor.py:161} INFO - Started process (PID=2965) to work on /home/airflow/.local/lib/python3.12/site-packages/airflow/example_dags/example_display_name.py
[2024-06-16T20:52:56.678+0000] {processor.py:830} INFO - Processing file /home/airflow/.local/lib/python3.12/site-packages/airflow/example_dags/example_display_name.py for tasks to queue
[2024-06-16T20:52:56.679+0000] {logging_mixin.py:188} INFO - [2024-06-16T20:52:56.679+0000] {dagbag.py:545} INFO - Filling up the DagBag from /home/airflow/.local/lib/python3.12/site-packages/airflow/example_dags/example_display_name.py
[2024-06-16T20:52:56.684+0000] {processor.py:840} INFO - DAG(s) 'example_display_name' retrieved from /home/airflow/.local/lib/python3.12/site-packages/airflow/example_dags/example_display_name.py
[2024-06-16T20:52:56.704+0000] {logging_mixin.py:188} INFO - [2024-06-16T20:52:56.704+0000] {dag.py:3096} INFO - Sync 1 DAGs
[2024-06-16T20:52:56.718+0000] {logging_mixin.py:188} INFO - [2024-06-16T20:52:56.717+0000] {dag.py:3954} INFO - Setting next_dagrun for example_display_name to None, run_after=None
[2024-06-16T20:52:56.737+0000] {processor.py:183} INFO - Processing /home/airflow/.local/lib/python3.12/site-packages/airflow/example_dags/example_display_name.py took 0.068 seconds
[2024-06-16T20:53:27.203+0000] {processor.py:161} INFO - Started process (PID=3023) to work on /home/airflow/.local/lib/python3.12/site-packages/airflow/example_dags/example_display_name.py
[2024-06-16T20:53:27.205+0000] {processor.py:830} INFO - Processing file /home/airflow/.local/lib/python3.12/site-packages/airflow/example_dags/example_display_name.py for tasks to queue
[2024-06-16T20:53:27.206+0000] {logging_mixin.py:188} INFO - [2024-06-16T20:53:27.206+0000] {dagbag.py:545} INFO - Filling up the DagBag from /home/airflow/.local/lib/python3.12/site-packages/airflow/example_dags/example_display_name.py
[2024-06-16T20:53:27.211+0000] {processor.py:840} INFO - DAG(s) 'example_display_name' retrieved from /home/airflow/.local/lib/python3.12/site-packages/airflow/example_dags/example_display_name.py
[2024-06-16T20:53:27.230+0000] {logging_mixin.py:188} INFO - [2024-06-16T20:53:27.230+0000] {dag.py:3096} INFO - Sync 1 DAGs
[2024-06-16T20:53:27.242+0000] {logging_mixin.py:188} INFO - [2024-06-16T20:53:27.242+0000] {dag.py:3954} INFO - Setting next_dagrun for example_display_name to None, run_after=None
[2024-06-16T20:53:27.261+0000] {processor.py:183} INFO - Processing /home/airflow/.local/lib/python3.12/site-packages/airflow/example_dags/example_display_name.py took 0.063 seconds
[2024-06-16T20:53:57.702+0000] {processor.py:161} INFO - Started process (PID=3081) to work on /home/airflow/.local/lib/python3.12/site-packages/airflow/example_dags/example_display_name.py
[2024-06-16T20:53:57.703+0000] {processor.py:830} INFO - Processing file /home/airflow/.local/lib/python3.12/site-packages/airflow/example_dags/example_display_name.py for tasks to queue
[2024-06-16T20:53:57.705+0000] {logging_mixin.py:188} INFO - [2024-06-16T20:53:57.705+0000] {dagbag.py:545} INFO - Filling up the DagBag from /home/airflow/.local/lib/python3.12/site-packages/airflow/example_dags/example_display_name.py
[2024-06-16T20:53:57.711+0000] {processor.py:840} INFO - DAG(s) 'example_display_name' retrieved from /home/airflow/.local/lib/python3.12/site-packages/airflow/example_dags/example_display_name.py
[2024-06-16T20:53:57.729+0000] {logging_mixin.py:188} INFO - [2024-06-16T20:53:57.729+0000] {dag.py:3096} INFO - Sync 1 DAGs
[2024-06-16T20:53:57.743+0000] {logging_mixin.py:188} INFO - [2024-06-16T20:53:57.743+0000] {dag.py:3954} INFO - Setting next_dagrun for example_display_name to None, run_after=None
[2024-06-16T20:53:57.762+0000] {processor.py:183} INFO - Processing /home/airflow/.local/lib/python3.12/site-packages/airflow/example_dags/example_display_name.py took 0.067 seconds
[2024-06-16T20:54:28.181+0000] {processor.py:161} INFO - Started process (PID=3139) to work on /home/airflow/.local/lib/python3.12/site-packages/airflow/example_dags/example_display_name.py
[2024-06-16T20:54:28.183+0000] {processor.py:830} INFO - Processing file /home/airflow/.local/lib/python3.12/site-packages/airflow/example_dags/example_display_name.py for tasks to queue
[2024-06-16T20:54:28.184+0000] {logging_mixin.py:188} INFO - [2024-06-16T20:54:28.184+0000] {dagbag.py:545} INFO - Filling up the DagBag from /home/airflow/.local/lib/python3.12/site-packages/airflow/example_dags/example_display_name.py
[2024-06-16T20:54:28.189+0000] {processor.py:840} INFO - DAG(s) 'example_display_name' retrieved from /home/airflow/.local/lib/python3.12/site-packages/airflow/example_dags/example_display_name.py
[2024-06-16T20:54:28.210+0000] {logging_mixin.py:188} INFO - [2024-06-16T20:54:28.209+0000] {dag.py:3096} INFO - Sync 1 DAGs
[2024-06-16T20:54:28.222+0000] {logging_mixin.py:188} INFO - [2024-06-16T20:54:28.221+0000] {dag.py:3954} INFO - Setting next_dagrun for example_display_name to None, run_after=None
[2024-06-16T20:54:28.240+0000] {processor.py:183} INFO - Processing /home/airflow/.local/lib/python3.12/site-packages/airflow/example_dags/example_display_name.py took 0.064 seconds
[2024-06-16T20:54:58.608+0000] {processor.py:161} INFO - Started process (PID=3197) to work on /home/airflow/.local/lib/python3.12/site-packages/airflow/example_dags/example_display_name.py
[2024-06-16T20:54:58.609+0000] {processor.py:830} INFO - Processing file /home/airflow/.local/lib/python3.12/site-packages/airflow/example_dags/example_display_name.py for tasks to queue
[2024-06-16T20:54:58.611+0000] {logging_mixin.py:188} INFO - [2024-06-16T20:54:58.610+0000] {dagbag.py:545} INFO - Filling up the DagBag from /home/airflow/.local/lib/python3.12/site-packages/airflow/example_dags/example_display_name.py
[2024-06-16T20:54:58.616+0000] {processor.py:840} INFO - DAG(s) 'example_display_name' retrieved from /home/airflow/.local/lib/python3.12/site-packages/airflow/example_dags/example_display_name.py
[2024-06-16T20:54:58.635+0000] {logging_mixin.py:188} INFO - [2024-06-16T20:54:58.634+0000] {dag.py:3096} INFO - Sync 1 DAGs
[2024-06-16T20:54:58.648+0000] {logging_mixin.py:188} INFO - [2024-06-16T20:54:58.648+0000] {dag.py:3954} INFO - Setting next_dagrun for example_display_name to None, run_after=None
[2024-06-16T20:54:58.666+0000] {processor.py:183} INFO - Processing /home/airflow/.local/lib/python3.12/site-packages/airflow/example_dags/example_display_name.py took 0.063 seconds
[2024-06-16T20:55:29.025+0000] {processor.py:161} INFO - Started process (PID=3255) to work on /home/airflow/.local/lib/python3.12/site-packages/airflow/example_dags/example_display_name.py
[2024-06-16T20:55:29.026+0000] {processor.py:830} INFO - Processing file /home/airflow/.local/lib/python3.12/site-packages/airflow/example_dags/example_display_name.py for tasks to queue
[2024-06-16T20:55:29.028+0000] {logging_mixin.py:188} INFO - [2024-06-16T20:55:29.027+0000] {dagbag.py:545} INFO - Filling up the DagBag from /home/airflow/.local/lib/python3.12/site-packages/airflow/example_dags/example_display_name.py
[2024-06-16T20:55:29.032+0000] {processor.py:840} INFO - DAG(s) 'example_display_name' retrieved from /home/airflow/.local/lib/python3.12/site-packages/airflow/example_dags/example_display_name.py
[2024-06-16T20:55:29.051+0000] {logging_mixin.py:188} INFO - [2024-06-16T20:55:29.051+0000] {dag.py:3096} INFO - Sync 1 DAGs
[2024-06-16T20:55:29.065+0000] {logging_mixin.py:188} INFO - [2024-06-16T20:55:29.065+0000] {dag.py:3954} INFO - Setting next_dagrun for example_display_name to None, run_after=None
[2024-06-16T20:55:29.085+0000] {processor.py:183} INFO - Processing /home/airflow/.local/lib/python3.12/site-packages/airflow/example_dags/example_display_name.py took 0.066 seconds
[2024-06-16T20:55:59.275+0000] {processor.py:161} INFO - Started process (PID=3313) to work on /home/airflow/.local/lib/python3.12/site-packages/airflow/example_dags/example_display_name.py
[2024-06-16T20:55:59.276+0000] {processor.py:830} INFO - Processing file /home/airflow/.local/lib/python3.12/site-packages/airflow/example_dags/example_display_name.py for tasks to queue
[2024-06-16T20:55:59.277+0000] {logging_mixin.py:188} INFO - [2024-06-16T20:55:59.277+0000] {dagbag.py:545} INFO - Filling up the DagBag from /home/airflow/.local/lib/python3.12/site-packages/airflow/example_dags/example_display_name.py
[2024-06-16T20:55:59.282+0000] {processor.py:840} INFO - DAG(s) 'example_display_name' retrieved from /home/airflow/.local/lib/python3.12/site-packages/airflow/example_dags/example_display_name.py
[2024-06-16T20:55:59.302+0000] {logging_mixin.py:188} INFO - [2024-06-16T20:55:59.302+0000] {dag.py:3096} INFO - Sync 1 DAGs
[2024-06-16T20:55:59.314+0000] {logging_mixin.py:188} INFO - [2024-06-16T20:55:59.314+0000] {dag.py:3954} INFO - Setting next_dagrun for example_display_name to None, run_after=None
[2024-06-16T20:55:59.334+0000] {processor.py:183} INFO - Processing /home/airflow/.local/lib/python3.12/site-packages/airflow/example_dags/example_display_name.py took 0.065 seconds
[2024-06-16T20:56:29.893+0000] {processor.py:161} INFO - Started process (PID=3371) to work on /home/airflow/.local/lib/python3.12/site-packages/airflow/example_dags/example_display_name.py
[2024-06-16T20:56:29.894+0000] {processor.py:830} INFO - Processing file /home/airflow/.local/lib/python3.12/site-packages/airflow/example_dags/example_display_name.py for tasks to queue
[2024-06-16T20:56:29.895+0000] {logging_mixin.py:188} INFO - [2024-06-16T20:56:29.895+0000] {dagbag.py:545} INFO - Filling up the DagBag from /home/airflow/.local/lib/python3.12/site-packages/airflow/example_dags/example_display_name.py
[2024-06-16T20:56:29.901+0000] {processor.py:840} INFO - DAG(s) 'example_display_name' retrieved from /home/airflow/.local/lib/python3.12/site-packages/airflow/example_dags/example_display_name.py
[2024-06-16T20:56:29.922+0000] {logging_mixin.py:188} INFO - [2024-06-16T20:56:29.922+0000] {dag.py:3096} INFO - Sync 1 DAGs
[2024-06-16T20:56:29.935+0000] {logging_mixin.py:188} INFO - [2024-06-16T20:56:29.935+0000] {dag.py:3954} INFO - Setting next_dagrun for example_display_name to None, run_after=None
[2024-06-16T20:56:29.956+0000] {processor.py:183} INFO - Processing /home/airflow/.local/lib/python3.12/site-packages/airflow/example_dags/example_display_name.py took 0.069 seconds
[2024-06-16T20:57:00.610+0000] {processor.py:161} INFO - Started process (PID=3429) to work on /home/airflow/.local/lib/python3.12/site-packages/airflow/example_dags/example_display_name.py
[2024-06-16T20:57:00.611+0000] {processor.py:830} INFO - Processing file /home/airflow/.local/lib/python3.12/site-packages/airflow/example_dags/example_display_name.py for tasks to queue
[2024-06-16T20:57:00.613+0000] {logging_mixin.py:188} INFO - [2024-06-16T20:57:00.612+0000] {dagbag.py:545} INFO - Filling up the DagBag from /home/airflow/.local/lib/python3.12/site-packages/airflow/example_dags/example_display_name.py
[2024-06-16T20:57:00.621+0000] {processor.py:840} INFO - DAG(s) 'example_display_name' retrieved from /home/airflow/.local/lib/python3.12/site-packages/airflow/example_dags/example_display_name.py
[2024-06-16T20:57:00.647+0000] {logging_mixin.py:188} INFO - [2024-06-16T20:57:00.647+0000] {dag.py:3096} INFO - Sync 1 DAGs
[2024-06-16T20:57:00.664+0000] {logging_mixin.py:188} INFO - [2024-06-16T20:57:00.664+0000] {dag.py:3954} INFO - Setting next_dagrun for example_display_name to None, run_after=None
[2024-06-16T20:57:00.698+0000] {processor.py:183} INFO - Processing /home/airflow/.local/lib/python3.12/site-packages/airflow/example_dags/example_display_name.py took 0.094 seconds
[2024-06-16T20:57:31.647+0000] {processor.py:161} INFO - Started process (PID=3487) to work on /home/airflow/.local/lib/python3.12/site-packages/airflow/example_dags/example_display_name.py
[2024-06-16T20:57:31.648+0000] {processor.py:830} INFO - Processing file /home/airflow/.local/lib/python3.12/site-packages/airflow/example_dags/example_display_name.py for tasks to queue
[2024-06-16T20:57:31.650+0000] {logging_mixin.py:188} INFO - [2024-06-16T20:57:31.650+0000] {dagbag.py:545} INFO - Filling up the DagBag from /home/airflow/.local/lib/python3.12/site-packages/airflow/example_dags/example_display_name.py
[2024-06-16T20:57:31.655+0000] {processor.py:840} INFO - DAG(s) 'example_display_name' retrieved from /home/airflow/.local/lib/python3.12/site-packages/airflow/example_dags/example_display_name.py
[2024-06-16T20:57:31.675+0000] {logging_mixin.py:188} INFO - [2024-06-16T20:57:31.675+0000] {dag.py:3096} INFO - Sync 1 DAGs
[2024-06-16T20:57:31.688+0000] {logging_mixin.py:188} INFO - [2024-06-16T20:57:31.687+0000] {dag.py:3954} INFO - Setting next_dagrun for example_display_name to None, run_after=None
[2024-06-16T20:57:31.708+0000] {processor.py:183} INFO - Processing /home/airflow/.local/lib/python3.12/site-packages/airflow/example_dags/example_display_name.py took 0.066 seconds
[2024-06-16T20:58:01.748+0000] {processor.py:161} INFO - Started process (PID=3544) to work on /home/airflow/.local/lib/python3.12/site-packages/airflow/example_dags/example_display_name.py
[2024-06-16T20:58:01.749+0000] {processor.py:830} INFO - Processing file /home/airflow/.local/lib/python3.12/site-packages/airflow/example_dags/example_display_name.py for tasks to queue
[2024-06-16T20:58:01.751+0000] {logging_mixin.py:188} INFO - [2024-06-16T20:58:01.750+0000] {dagbag.py:545} INFO - Filling up the DagBag from /home/airflow/.local/lib/python3.12/site-packages/airflow/example_dags/example_display_name.py
[2024-06-16T20:58:01.758+0000] {processor.py:840} INFO - DAG(s) 'example_display_name' retrieved from /home/airflow/.local/lib/python3.12/site-packages/airflow/example_dags/example_display_name.py
[2024-06-16T20:58:01.777+0000] {logging_mixin.py:188} INFO - [2024-06-16T20:58:01.777+0000] {dag.py:3096} INFO - Sync 1 DAGs
[2024-06-16T20:58:01.790+0000] {logging_mixin.py:188} INFO - [2024-06-16T20:58:01.790+0000] {dag.py:3954} INFO - Setting next_dagrun for example_display_name to None, run_after=None
[2024-06-16T20:58:01.809+0000] {processor.py:183} INFO - Processing /home/airflow/.local/lib/python3.12/site-packages/airflow/example_dags/example_display_name.py took 0.067 seconds
[2024-06-16T20:58:31.987+0000] {processor.py:161} INFO - Started process (PID=3602) to work on /home/airflow/.local/lib/python3.12/site-packages/airflow/example_dags/example_display_name.py
[2024-06-16T20:58:31.988+0000] {processor.py:830} INFO - Processing file /home/airflow/.local/lib/python3.12/site-packages/airflow/example_dags/example_display_name.py for tasks to queue
[2024-06-16T20:58:31.990+0000] {logging_mixin.py:188} INFO - [2024-06-16T20:58:31.990+0000] {dagbag.py:545} INFO - Filling up the DagBag from /home/airflow/.local/lib/python3.12/site-packages/airflow/example_dags/example_display_name.py
[2024-06-16T20:58:31.995+0000] {processor.py:840} INFO - DAG(s) 'example_display_name' retrieved from /home/airflow/.local/lib/python3.12/site-packages/airflow/example_dags/example_display_name.py
[2024-06-16T20:58:32.015+0000] {logging_mixin.py:188} INFO - [2024-06-16T20:58:32.014+0000] {dag.py:3096} INFO - Sync 1 DAGs
[2024-06-16T20:58:32.027+0000] {logging_mixin.py:188} INFO - [2024-06-16T20:58:32.027+0000] {dag.py:3954} INFO - Setting next_dagrun for example_display_name to None, run_after=None
[2024-06-16T20:58:32.046+0000] {processor.py:183} INFO - Processing /home/airflow/.local/lib/python3.12/site-packages/airflow/example_dags/example_display_name.py took 0.065 seconds
[2024-06-16T20:59:02.249+0000] {processor.py:161} INFO - Started process (PID=3660) to work on /home/airflow/.local/lib/python3.12/site-packages/airflow/example_dags/example_display_name.py
[2024-06-16T20:59:02.250+0000] {processor.py:830} INFO - Processing file /home/airflow/.local/lib/python3.12/site-packages/airflow/example_dags/example_display_name.py for tasks to queue
[2024-06-16T20:59:02.253+0000] {logging_mixin.py:188} INFO - [2024-06-16T20:59:02.252+0000] {dagbag.py:545} INFO - Filling up the DagBag from /home/airflow/.local/lib/python3.12/site-packages/airflow/example_dags/example_display_name.py
[2024-06-16T20:59:02.259+0000] {processor.py:840} INFO - DAG(s) 'example_display_name' retrieved from /home/airflow/.local/lib/python3.12/site-packages/airflow/example_dags/example_display_name.py
[2024-06-16T20:59:02.278+0000] {logging_mixin.py:188} INFO - [2024-06-16T20:59:02.278+0000] {dag.py:3096} INFO - Sync 1 DAGs
[2024-06-16T20:59:02.293+0000] {logging_mixin.py:188} INFO - [2024-06-16T20:59:02.293+0000] {dag.py:3954} INFO - Setting next_dagrun for example_display_name to None, run_after=None
[2024-06-16T20:59:02.312+0000] {processor.py:183} INFO - Processing /home/airflow/.local/lib/python3.12/site-packages/airflow/example_dags/example_display_name.py took 0.070 seconds
[2024-06-16T20:59:32.476+0000] {processor.py:161} INFO - Started process (PID=3718) to work on /home/airflow/.local/lib/python3.12/site-packages/airflow/example_dags/example_display_name.py
[2024-06-16T20:59:32.477+0000] {processor.py:830} INFO - Processing file /home/airflow/.local/lib/python3.12/site-packages/airflow/example_dags/example_display_name.py for tasks to queue
[2024-06-16T20:59:32.479+0000] {logging_mixin.py:188} INFO - [2024-06-16T20:59:32.479+0000] {dagbag.py:545} INFO - Filling up the DagBag from /home/airflow/.local/lib/python3.12/site-packages/airflow/example_dags/example_display_name.py
[2024-06-16T20:59:32.484+0000] {processor.py:840} INFO - DAG(s) 'example_display_name' retrieved from /home/airflow/.local/lib/python3.12/site-packages/airflow/example_dags/example_display_name.py
[2024-06-16T20:59:32.503+0000] {logging_mixin.py:188} INFO - [2024-06-16T20:59:32.503+0000] {dag.py:3096} INFO - Sync 1 DAGs
[2024-06-16T20:59:32.518+0000] {logging_mixin.py:188} INFO - [2024-06-16T20:59:32.518+0000] {dag.py:3954} INFO - Setting next_dagrun for example_display_name to None, run_after=None
[2024-06-16T20:59:32.540+0000] {processor.py:183} INFO - Processing /home/airflow/.local/lib/python3.12/site-packages/airflow/example_dags/example_display_name.py took 0.069 seconds
