[2024-06-16T20:27:28.675+0000] {processor.py:161} INFO - Started process (PID=64) to work on /home/airflow/.local/lib/python3.12/site-packages/airflow/example_dags/example_sla_dag.py
[2024-06-16T20:27:28.676+0000] {processor.py:830} INFO - Processing file /home/airflow/.local/lib/python3.12/site-packages/airflow/example_dags/example_sla_dag.py for tasks to queue
[2024-06-16T20:27:28.678+0000] {logging_mixin.py:188} INFO - [2024-06-16T20:27:28.678+0000] {dagbag.py:545} INFO - Filling up the DagBag from /home/airflow/.local/lib/python3.12/site-packages/airflow/example_dags/example_sla_dag.py
[2024-06-16T20:27:28.688+0000] {processor.py:840} INFO - DAG(s) 'example_sla_dag' retrieved from /home/airflow/.local/lib/python3.12/site-packages/airflow/example_dags/example_sla_dag.py
[2024-06-16T20:27:28.854+0000] {logging_mixin.py:188} INFO - [2024-06-16T20:27:28.854+0000] {dag.py:3096} INFO - Sync 1 DAGs
[2024-06-16T20:27:28.882+0000] {logging_mixin.py:188} INFO - [2024-06-16T20:27:28.882+0000] {dag.py:3954} INFO - Setting next_dagrun for example_sla_dag to 2024-06-16 20:24:00+00:00, run_after=2024-06-16 20:26:00+00:00
[2024-06-16T20:27:28.907+0000] {processor.py:183} INFO - Processing /home/airflow/.local/lib/python3.12/site-packages/airflow/example_dags/example_sla_dag.py took 0.239 seconds
[2024-06-16T20:27:59.690+0000] {processor.py:161} INFO - Started process (PID=123) to work on /home/airflow/.local/lib/python3.12/site-packages/airflow/example_dags/example_sla_dag.py
[2024-06-16T20:27:59.691+0000] {processor.py:830} INFO - Processing file /home/airflow/.local/lib/python3.12/site-packages/airflow/example_dags/example_sla_dag.py for tasks to queue
[2024-06-16T20:27:59.693+0000] {logging_mixin.py:188} INFO - [2024-06-16T20:27:59.693+0000] {dagbag.py:545} INFO - Filling up the DagBag from /home/airflow/.local/lib/python3.12/site-packages/airflow/example_dags/example_sla_dag.py
[2024-06-16T20:27:59.701+0000] {processor.py:840} INFO - DAG(s) 'example_sla_dag' retrieved from /home/airflow/.local/lib/python3.12/site-packages/airflow/example_dags/example_sla_dag.py
[2024-06-16T20:27:59.720+0000] {logging_mixin.py:188} INFO - [2024-06-16T20:27:59.720+0000] {dag.py:3096} INFO - Sync 1 DAGs
[2024-06-16T20:27:59.747+0000] {logging_mixin.py:188} INFO - [2024-06-16T20:27:59.747+0000] {dag.py:3954} INFO - Setting next_dagrun for example_sla_dag to 2024-06-16 20:24:00+00:00, run_after=2024-06-16 20:26:00+00:00
[2024-06-16T20:27:59.767+0000] {processor.py:183} INFO - Processing /home/airflow/.local/lib/python3.12/site-packages/airflow/example_dags/example_sla_dag.py took 0.082 seconds
[2024-06-16T20:28:30.559+0000] {processor.py:161} INFO - Started process (PID=187) to work on /home/airflow/.local/lib/python3.12/site-packages/airflow/example_dags/example_sla_dag.py
[2024-06-16T20:28:30.560+0000] {processor.py:830} INFO - Processing file /home/airflow/.local/lib/python3.12/site-packages/airflow/example_dags/example_sla_dag.py for tasks to queue
[2024-06-16T20:28:30.562+0000] {logging_mixin.py:188} INFO - [2024-06-16T20:28:30.561+0000] {dagbag.py:545} INFO - Filling up the DagBag from /home/airflow/.local/lib/python3.12/site-packages/airflow/example_dags/example_sla_dag.py
[2024-06-16T20:28:30.570+0000] {processor.py:840} INFO - DAG(s) 'example_sla_dag' retrieved from /home/airflow/.local/lib/python3.12/site-packages/airflow/example_dags/example_sla_dag.py
[2024-06-16T20:28:30.590+0000] {logging_mixin.py:188} INFO - [2024-06-16T20:28:30.589+0000] {dag.py:3096} INFO - Sync 1 DAGs
[2024-06-16T20:28:30.616+0000] {logging_mixin.py:188} INFO - [2024-06-16T20:28:30.616+0000] {dag.py:3954} INFO - Setting next_dagrun for example_sla_dag to 2024-06-16 20:26:00+00:00, run_after=2024-06-16 20:28:00+00:00
[2024-06-16T20:28:30.642+0000] {processor.py:183} INFO - Processing /home/airflow/.local/lib/python3.12/site-packages/airflow/example_dags/example_sla_dag.py took 0.090 seconds
[2024-06-16T20:29:00.859+0000] {processor.py:161} INFO - Started process (PID=245) to work on /home/airflow/.local/lib/python3.12/site-packages/airflow/example_dags/example_sla_dag.py
[2024-06-16T20:29:00.956+0000] {processor.py:830} INFO - Processing file /home/airflow/.local/lib/python3.12/site-packages/airflow/example_dags/example_sla_dag.py for tasks to queue
[2024-06-16T20:29:00.957+0000] {logging_mixin.py:188} INFO - [2024-06-16T20:29:00.957+0000] {dagbag.py:545} INFO - Filling up the DagBag from /home/airflow/.local/lib/python3.12/site-packages/airflow/example_dags/example_sla_dag.py
[2024-06-16T20:29:00.973+0000] {processor.py:840} INFO - DAG(s) 'example_sla_dag' retrieved from /home/airflow/.local/lib/python3.12/site-packages/airflow/example_dags/example_sla_dag.py
[2024-06-16T20:29:01.000+0000] {logging_mixin.py:188} INFO - [2024-06-16T20:29:01.000+0000] {dag.py:3096} INFO - Sync 1 DAGs
[2024-06-16T20:29:01.031+0000] {logging_mixin.py:188} INFO - [2024-06-16T20:29:01.031+0000] {dag.py:3954} INFO - Setting next_dagrun for example_sla_dag to 2024-06-16 20:26:00+00:00, run_after=2024-06-16 20:28:00+00:00
[2024-06-16T20:29:01.050+0000] {processor.py:183} INFO - Processing /home/airflow/.local/lib/python3.12/site-packages/airflow/example_dags/example_sla_dag.py took 0.198 seconds
[2024-06-16T20:29:31.507+0000] {processor.py:161} INFO - Started process (PID=303) to work on /home/airflow/.local/lib/python3.12/site-packages/airflow/example_dags/example_sla_dag.py
[2024-06-16T20:29:31.508+0000] {processor.py:830} INFO - Processing file /home/airflow/.local/lib/python3.12/site-packages/airflow/example_dags/example_sla_dag.py for tasks to queue
[2024-06-16T20:29:31.510+0000] {logging_mixin.py:188} INFO - [2024-06-16T20:29:31.510+0000] {dagbag.py:545} INFO - Filling up the DagBag from /home/airflow/.local/lib/python3.12/site-packages/airflow/example_dags/example_sla_dag.py
[2024-06-16T20:29:31.522+0000] {processor.py:840} INFO - DAG(s) 'example_sla_dag' retrieved from /home/airflow/.local/lib/python3.12/site-packages/airflow/example_dags/example_sla_dag.py
[2024-06-16T20:29:31.543+0000] {logging_mixin.py:188} INFO - [2024-06-16T20:29:31.543+0000] {dag.py:3096} INFO - Sync 1 DAGs
[2024-06-16T20:29:31.569+0000] {logging_mixin.py:188} INFO - [2024-06-16T20:29:31.569+0000] {dag.py:3954} INFO - Setting next_dagrun for example_sla_dag to 2024-06-16 20:26:00+00:00, run_after=2024-06-16 20:28:00+00:00
[2024-06-16T20:29:31.589+0000] {processor.py:183} INFO - Processing /home/airflow/.local/lib/python3.12/site-packages/airflow/example_dags/example_sla_dag.py took 0.087 seconds
[2024-06-16T20:30:02.490+0000] {processor.py:161} INFO - Started process (PID=361) to work on /home/airflow/.local/lib/python3.12/site-packages/airflow/example_dags/example_sla_dag.py
[2024-06-16T20:30:02.491+0000] {processor.py:830} INFO - Processing file /home/airflow/.local/lib/python3.12/site-packages/airflow/example_dags/example_sla_dag.py for tasks to queue
[2024-06-16T20:30:02.493+0000] {logging_mixin.py:188} INFO - [2024-06-16T20:30:02.493+0000] {dagbag.py:545} INFO - Filling up the DagBag from /home/airflow/.local/lib/python3.12/site-packages/airflow/example_dags/example_sla_dag.py
[2024-06-16T20:30:02.503+0000] {processor.py:840} INFO - DAG(s) 'example_sla_dag' retrieved from /home/airflow/.local/lib/python3.12/site-packages/airflow/example_dags/example_sla_dag.py
[2024-06-16T20:30:02.523+0000] {logging_mixin.py:188} INFO - [2024-06-16T20:30:02.522+0000] {dag.py:3096} INFO - Sync 1 DAGs
[2024-06-16T20:30:02.551+0000] {logging_mixin.py:188} INFO - [2024-06-16T20:30:02.550+0000] {dag.py:3954} INFO - Setting next_dagrun for example_sla_dag to 2024-06-16 20:28:00+00:00, run_after=2024-06-16 20:30:00+00:00
[2024-06-16T20:30:02.573+0000] {processor.py:183} INFO - Processing /home/airflow/.local/lib/python3.12/site-packages/airflow/example_dags/example_sla_dag.py took 0.092 seconds
[2024-06-16T20:30:33.093+0000] {processor.py:161} INFO - Started process (PID=419) to work on /home/airflow/.local/lib/python3.12/site-packages/airflow/example_dags/example_sla_dag.py
[2024-06-16T20:30:33.094+0000] {processor.py:830} INFO - Processing file /home/airflow/.local/lib/python3.12/site-packages/airflow/example_dags/example_sla_dag.py for tasks to queue
[2024-06-16T20:30:33.097+0000] {logging_mixin.py:188} INFO - [2024-06-16T20:30:33.097+0000] {dagbag.py:545} INFO - Filling up the DagBag from /home/airflow/.local/lib/python3.12/site-packages/airflow/example_dags/example_sla_dag.py
[2024-06-16T20:30:33.111+0000] {processor.py:840} INFO - DAG(s) 'example_sla_dag' retrieved from /home/airflow/.local/lib/python3.12/site-packages/airflow/example_dags/example_sla_dag.py
[2024-06-16T20:30:33.129+0000] {logging_mixin.py:188} INFO - [2024-06-16T20:30:33.129+0000] {dag.py:3096} INFO - Sync 1 DAGs
[2024-06-16T20:30:33.159+0000] {logging_mixin.py:188} INFO - [2024-06-16T20:30:33.159+0000] {dag.py:3954} INFO - Setting next_dagrun for example_sla_dag to 2024-06-16 20:28:00+00:00, run_after=2024-06-16 20:30:00+00:00
[2024-06-16T20:30:33.180+0000] {processor.py:183} INFO - Processing /home/airflow/.local/lib/python3.12/site-packages/airflow/example_dags/example_sla_dag.py took 0.094 seconds
[2024-06-16T20:31:03.720+0000] {processor.py:161} INFO - Started process (PID=477) to work on /home/airflow/.local/lib/python3.12/site-packages/airflow/example_dags/example_sla_dag.py
[2024-06-16T20:31:03.721+0000] {processor.py:830} INFO - Processing file /home/airflow/.local/lib/python3.12/site-packages/airflow/example_dags/example_sla_dag.py for tasks to queue
[2024-06-16T20:31:03.723+0000] {logging_mixin.py:188} INFO - [2024-06-16T20:31:03.723+0000] {dagbag.py:545} INFO - Filling up the DagBag from /home/airflow/.local/lib/python3.12/site-packages/airflow/example_dags/example_sla_dag.py
[2024-06-16T20:31:03.732+0000] {processor.py:840} INFO - DAG(s) 'example_sla_dag' retrieved from /home/airflow/.local/lib/python3.12/site-packages/airflow/example_dags/example_sla_dag.py
[2024-06-16T20:31:03.753+0000] {logging_mixin.py:188} INFO - [2024-06-16T20:31:03.752+0000] {dag.py:3096} INFO - Sync 1 DAGs
[2024-06-16T20:31:03.778+0000] {logging_mixin.py:188} INFO - [2024-06-16T20:31:03.778+0000] {dag.py:3954} INFO - Setting next_dagrun for example_sla_dag to 2024-06-16 20:28:00+00:00, run_after=2024-06-16 20:30:00+00:00
[2024-06-16T20:31:03.799+0000] {processor.py:183} INFO - Processing /home/airflow/.local/lib/python3.12/site-packages/airflow/example_dags/example_sla_dag.py took 0.086 seconds
[2024-06-16T20:31:33.961+0000] {processor.py:161} INFO - Started process (PID=535) to work on /home/airflow/.local/lib/python3.12/site-packages/airflow/example_dags/example_sla_dag.py
[2024-06-16T20:31:33.962+0000] {processor.py:830} INFO - Processing file /home/airflow/.local/lib/python3.12/site-packages/airflow/example_dags/example_sla_dag.py for tasks to queue
[2024-06-16T20:31:33.964+0000] {logging_mixin.py:188} INFO - [2024-06-16T20:31:33.964+0000] {dagbag.py:545} INFO - Filling up the DagBag from /home/airflow/.local/lib/python3.12/site-packages/airflow/example_dags/example_sla_dag.py
[2024-06-16T20:31:33.976+0000] {processor.py:840} INFO - DAG(s) 'example_sla_dag' retrieved from /home/airflow/.local/lib/python3.12/site-packages/airflow/example_dags/example_sla_dag.py
[2024-06-16T20:31:33.997+0000] {logging_mixin.py:188} INFO - [2024-06-16T20:31:33.997+0000] {dag.py:3096} INFO - Sync 1 DAGs
[2024-06-16T20:31:34.024+0000] {logging_mixin.py:188} INFO - [2024-06-16T20:31:34.024+0000] {dag.py:3954} INFO - Setting next_dagrun for example_sla_dag to 2024-06-16 20:28:00+00:00, run_after=2024-06-16 20:30:00+00:00
[2024-06-16T20:31:34.046+0000] {processor.py:183} INFO - Processing /home/airflow/.local/lib/python3.12/site-packages/airflow/example_dags/example_sla_dag.py took 0.092 seconds
[2024-06-16T20:32:04.687+0000] {processor.py:161} INFO - Started process (PID=593) to work on /home/airflow/.local/lib/python3.12/site-packages/airflow/example_dags/example_sla_dag.py
[2024-06-16T20:32:04.688+0000] {processor.py:830} INFO - Processing file /home/airflow/.local/lib/python3.12/site-packages/airflow/example_dags/example_sla_dag.py for tasks to queue
[2024-06-16T20:32:04.690+0000] {logging_mixin.py:188} INFO - [2024-06-16T20:32:04.690+0000] {dagbag.py:545} INFO - Filling up the DagBag from /home/airflow/.local/lib/python3.12/site-packages/airflow/example_dags/example_sla_dag.py
[2024-06-16T20:32:04.698+0000] {processor.py:840} INFO - DAG(s) 'example_sla_dag' retrieved from /home/airflow/.local/lib/python3.12/site-packages/airflow/example_dags/example_sla_dag.py
[2024-06-16T20:32:04.716+0000] {logging_mixin.py:188} INFO - [2024-06-16T20:32:04.716+0000] {dag.py:3096} INFO - Sync 1 DAGs
[2024-06-16T20:32:04.740+0000] {logging_mixin.py:188} INFO - [2024-06-16T20:32:04.740+0000] {dag.py:3954} INFO - Setting next_dagrun for example_sla_dag to 2024-06-16 20:30:00+00:00, run_after=2024-06-16 20:32:00+00:00
[2024-06-16T20:32:04.759+0000] {processor.py:183} INFO - Processing /home/airflow/.local/lib/python3.12/site-packages/airflow/example_dags/example_sla_dag.py took 0.078 seconds
[2024-06-16T20:32:35.295+0000] {processor.py:161} INFO - Started process (PID=651) to work on /home/airflow/.local/lib/python3.12/site-packages/airflow/example_dags/example_sla_dag.py
[2024-06-16T20:32:35.296+0000] {processor.py:830} INFO - Processing file /home/airflow/.local/lib/python3.12/site-packages/airflow/example_dags/example_sla_dag.py for tasks to queue
[2024-06-16T20:32:35.298+0000] {logging_mixin.py:188} INFO - [2024-06-16T20:32:35.297+0000] {dagbag.py:545} INFO - Filling up the DagBag from /home/airflow/.local/lib/python3.12/site-packages/airflow/example_dags/example_sla_dag.py
[2024-06-16T20:32:35.306+0000] {processor.py:840} INFO - DAG(s) 'example_sla_dag' retrieved from /home/airflow/.local/lib/python3.12/site-packages/airflow/example_dags/example_sla_dag.py
[2024-06-16T20:32:35.326+0000] {logging_mixin.py:188} INFO - [2024-06-16T20:32:35.325+0000] {dag.py:3096} INFO - Sync 1 DAGs
[2024-06-16T20:32:35.351+0000] {logging_mixin.py:188} INFO - [2024-06-16T20:32:35.351+0000] {dag.py:3954} INFO - Setting next_dagrun for example_sla_dag to 2024-06-16 20:30:00+00:00, run_after=2024-06-16 20:32:00+00:00
[2024-06-16T20:32:35.372+0000] {processor.py:183} INFO - Processing /home/airflow/.local/lib/python3.12/site-packages/airflow/example_dags/example_sla_dag.py took 0.083 seconds
[2024-06-16T20:33:05.968+0000] {processor.py:161} INFO - Started process (PID=709) to work on /home/airflow/.local/lib/python3.12/site-packages/airflow/example_dags/example_sla_dag.py
[2024-06-16T20:33:05.969+0000] {processor.py:830} INFO - Processing file /home/airflow/.local/lib/python3.12/site-packages/airflow/example_dags/example_sla_dag.py for tasks to queue
[2024-06-16T20:33:05.971+0000] {logging_mixin.py:188} INFO - [2024-06-16T20:33:05.970+0000] {dagbag.py:545} INFO - Filling up the DagBag from /home/airflow/.local/lib/python3.12/site-packages/airflow/example_dags/example_sla_dag.py
[2024-06-16T20:33:05.979+0000] {processor.py:840} INFO - DAG(s) 'example_sla_dag' retrieved from /home/airflow/.local/lib/python3.12/site-packages/airflow/example_dags/example_sla_dag.py
[2024-06-16T20:33:05.999+0000] {logging_mixin.py:188} INFO - [2024-06-16T20:33:05.998+0000] {dag.py:3096} INFO - Sync 1 DAGs
[2024-06-16T20:33:06.023+0000] {logging_mixin.py:188} INFO - [2024-06-16T20:33:06.023+0000] {dag.py:3954} INFO - Setting next_dagrun for example_sla_dag to 2024-06-16 20:30:00+00:00, run_after=2024-06-16 20:32:00+00:00
[2024-06-16T20:33:06.043+0000] {processor.py:183} INFO - Processing /home/airflow/.local/lib/python3.12/site-packages/airflow/example_dags/example_sla_dag.py took 0.081 seconds
[2024-06-16T20:33:36.587+0000] {processor.py:161} INFO - Started process (PID=767) to work on /home/airflow/.local/lib/python3.12/site-packages/airflow/example_dags/example_sla_dag.py
[2024-06-16T20:33:36.588+0000] {processor.py:830} INFO - Processing file /home/airflow/.local/lib/python3.12/site-packages/airflow/example_dags/example_sla_dag.py for tasks to queue
[2024-06-16T20:33:36.590+0000] {logging_mixin.py:188} INFO - [2024-06-16T20:33:36.589+0000] {dagbag.py:545} INFO - Filling up the DagBag from /home/airflow/.local/lib/python3.12/site-packages/airflow/example_dags/example_sla_dag.py
[2024-06-16T20:33:36.597+0000] {processor.py:840} INFO - DAG(s) 'example_sla_dag' retrieved from /home/airflow/.local/lib/python3.12/site-packages/airflow/example_dags/example_sla_dag.py
[2024-06-16T20:33:36.621+0000] {logging_mixin.py:188} INFO - [2024-06-16T20:33:36.621+0000] {dag.py:3096} INFO - Sync 1 DAGs
[2024-06-16T20:33:36.654+0000] {logging_mixin.py:188} INFO - [2024-06-16T20:33:36.653+0000] {dag.py:3954} INFO - Setting next_dagrun for example_sla_dag to 2024-06-16 20:30:00+00:00, run_after=2024-06-16 20:32:00+00:00
[2024-06-16T20:33:36.678+0000] {processor.py:183} INFO - Processing /home/airflow/.local/lib/python3.12/site-packages/airflow/example_dags/example_sla_dag.py took 0.097 seconds
[2024-06-16T20:34:07.224+0000] {processor.py:161} INFO - Started process (PID=825) to work on /home/airflow/.local/lib/python3.12/site-packages/airflow/example_dags/example_sla_dag.py
[2024-06-16T20:34:07.226+0000] {processor.py:830} INFO - Processing file /home/airflow/.local/lib/python3.12/site-packages/airflow/example_dags/example_sla_dag.py for tasks to queue
[2024-06-16T20:34:07.228+0000] {logging_mixin.py:188} INFO - [2024-06-16T20:34:07.227+0000] {dagbag.py:545} INFO - Filling up the DagBag from /home/airflow/.local/lib/python3.12/site-packages/airflow/example_dags/example_sla_dag.py
[2024-06-16T20:34:07.236+0000] {processor.py:840} INFO - DAG(s) 'example_sla_dag' retrieved from /home/airflow/.local/lib/python3.12/site-packages/airflow/example_dags/example_sla_dag.py
[2024-06-16T20:34:07.255+0000] {logging_mixin.py:188} INFO - [2024-06-16T20:34:07.255+0000] {dag.py:3096} INFO - Sync 1 DAGs
[2024-06-16T20:34:07.278+0000] {logging_mixin.py:188} INFO - [2024-06-16T20:34:07.278+0000] {dag.py:3954} INFO - Setting next_dagrun for example_sla_dag to 2024-06-16 20:32:00+00:00, run_after=2024-06-16 20:34:00+00:00
[2024-06-16T20:34:07.298+0000] {processor.py:183} INFO - Processing /home/airflow/.local/lib/python3.12/site-packages/airflow/example_dags/example_sla_dag.py took 0.080 seconds
[2024-06-16T20:34:37.679+0000] {processor.py:161} INFO - Started process (PID=883) to work on /home/airflow/.local/lib/python3.12/site-packages/airflow/example_dags/example_sla_dag.py
[2024-06-16T20:34:37.680+0000] {processor.py:830} INFO - Processing file /home/airflow/.local/lib/python3.12/site-packages/airflow/example_dags/example_sla_dag.py for tasks to queue
[2024-06-16T20:34:37.681+0000] {logging_mixin.py:188} INFO - [2024-06-16T20:34:37.681+0000] {dagbag.py:545} INFO - Filling up the DagBag from /home/airflow/.local/lib/python3.12/site-packages/airflow/example_dags/example_sla_dag.py
[2024-06-16T20:34:37.690+0000] {processor.py:840} INFO - DAG(s) 'example_sla_dag' retrieved from /home/airflow/.local/lib/python3.12/site-packages/airflow/example_dags/example_sla_dag.py
[2024-06-16T20:34:37.708+0000] {logging_mixin.py:188} INFO - [2024-06-16T20:34:37.708+0000] {dag.py:3096} INFO - Sync 1 DAGs
[2024-06-16T20:34:37.732+0000] {logging_mixin.py:188} INFO - [2024-06-16T20:34:37.732+0000] {dag.py:3954} INFO - Setting next_dagrun for example_sla_dag to 2024-06-16 20:32:00+00:00, run_after=2024-06-16 20:34:00+00:00
[2024-06-16T20:34:37.752+0000] {processor.py:183} INFO - Processing /home/airflow/.local/lib/python3.12/site-packages/airflow/example_dags/example_sla_dag.py took 0.080 seconds
[2024-06-16T20:35:08.224+0000] {processor.py:161} INFO - Started process (PID=941) to work on /home/airflow/.local/lib/python3.12/site-packages/airflow/example_dags/example_sla_dag.py
[2024-06-16T20:35:08.226+0000] {processor.py:830} INFO - Processing file /home/airflow/.local/lib/python3.12/site-packages/airflow/example_dags/example_sla_dag.py for tasks to queue
[2024-06-16T20:35:08.228+0000] {logging_mixin.py:188} INFO - [2024-06-16T20:35:08.227+0000] {dagbag.py:545} INFO - Filling up the DagBag from /home/airflow/.local/lib/python3.12/site-packages/airflow/example_dags/example_sla_dag.py
[2024-06-16T20:35:08.240+0000] {processor.py:840} INFO - DAG(s) 'example_sla_dag' retrieved from /home/airflow/.local/lib/python3.12/site-packages/airflow/example_dags/example_sla_dag.py
[2024-06-16T20:35:08.268+0000] {logging_mixin.py:188} INFO - [2024-06-16T20:35:08.268+0000] {dag.py:3096} INFO - Sync 1 DAGs
[2024-06-16T20:35:08.300+0000] {logging_mixin.py:188} INFO - [2024-06-16T20:35:08.300+0000] {dag.py:3954} INFO - Setting next_dagrun for example_sla_dag to 2024-06-16 20:32:00+00:00, run_after=2024-06-16 20:34:00+00:00
[2024-06-16T20:35:08.328+0000] {processor.py:183} INFO - Processing /home/airflow/.local/lib/python3.12/site-packages/airflow/example_dags/example_sla_dag.py took 0.111 seconds
[2024-06-16T20:35:39.118+0000] {processor.py:161} INFO - Started process (PID=999) to work on /home/airflow/.local/lib/python3.12/site-packages/airflow/example_dags/example_sla_dag.py
[2024-06-16T20:35:39.119+0000] {processor.py:830} INFO - Processing file /home/airflow/.local/lib/python3.12/site-packages/airflow/example_dags/example_sla_dag.py for tasks to queue
[2024-06-16T20:35:39.121+0000] {logging_mixin.py:188} INFO - [2024-06-16T20:35:39.120+0000] {dagbag.py:545} INFO - Filling up the DagBag from /home/airflow/.local/lib/python3.12/site-packages/airflow/example_dags/example_sla_dag.py
[2024-06-16T20:35:39.128+0000] {processor.py:840} INFO - DAG(s) 'example_sla_dag' retrieved from /home/airflow/.local/lib/python3.12/site-packages/airflow/example_dags/example_sla_dag.py
[2024-06-16T20:35:39.148+0000] {logging_mixin.py:188} INFO - [2024-06-16T20:35:39.148+0000] {dag.py:3096} INFO - Sync 1 DAGs
[2024-06-16T20:35:39.174+0000] {logging_mixin.py:188} INFO - [2024-06-16T20:35:39.174+0000] {dag.py:3954} INFO - Setting next_dagrun for example_sla_dag to 2024-06-16 20:32:00+00:00, run_after=2024-06-16 20:34:00+00:00
[2024-06-16T20:35:39.192+0000] {processor.py:183} INFO - Processing /home/airflow/.local/lib/python3.12/site-packages/airflow/example_dags/example_sla_dag.py took 0.080 seconds
[2024-06-16T20:36:09.241+0000] {processor.py:161} INFO - Started process (PID=1057) to work on /home/airflow/.local/lib/python3.12/site-packages/airflow/example_dags/example_sla_dag.py
[2024-06-16T20:36:09.242+0000] {processor.py:830} INFO - Processing file /home/airflow/.local/lib/python3.12/site-packages/airflow/example_dags/example_sla_dag.py for tasks to queue
[2024-06-16T20:36:09.244+0000] {logging_mixin.py:188} INFO - [2024-06-16T20:36:09.244+0000] {dagbag.py:545} INFO - Filling up the DagBag from /home/airflow/.local/lib/python3.12/site-packages/airflow/example_dags/example_sla_dag.py
[2024-06-16T20:36:09.252+0000] {processor.py:840} INFO - DAG(s) 'example_sla_dag' retrieved from /home/airflow/.local/lib/python3.12/site-packages/airflow/example_dags/example_sla_dag.py
[2024-06-16T20:36:09.272+0000] {logging_mixin.py:188} INFO - [2024-06-16T20:36:09.272+0000] {dag.py:3096} INFO - Sync 1 DAGs
[2024-06-16T20:36:09.296+0000] {logging_mixin.py:188} INFO - [2024-06-16T20:36:09.295+0000] {dag.py:3954} INFO - Setting next_dagrun for example_sla_dag to 2024-06-16 20:34:00+00:00, run_after=2024-06-16 20:36:00+00:00
[2024-06-16T20:36:09.315+0000] {processor.py:183} INFO - Processing /home/airflow/.local/lib/python3.12/site-packages/airflow/example_dags/example_sla_dag.py took 0.080 seconds
[2024-06-16T20:36:39.559+0000] {processor.py:161} INFO - Started process (PID=1115) to work on /home/airflow/.local/lib/python3.12/site-packages/airflow/example_dags/example_sla_dag.py
[2024-06-16T20:36:39.560+0000] {processor.py:830} INFO - Processing file /home/airflow/.local/lib/python3.12/site-packages/airflow/example_dags/example_sla_dag.py for tasks to queue
[2024-06-16T20:36:39.561+0000] {logging_mixin.py:188} INFO - [2024-06-16T20:36:39.561+0000] {dagbag.py:545} INFO - Filling up the DagBag from /home/airflow/.local/lib/python3.12/site-packages/airflow/example_dags/example_sla_dag.py
[2024-06-16T20:36:39.569+0000] {processor.py:840} INFO - DAG(s) 'example_sla_dag' retrieved from /home/airflow/.local/lib/python3.12/site-packages/airflow/example_dags/example_sla_dag.py
[2024-06-16T20:36:39.587+0000] {logging_mixin.py:188} INFO - [2024-06-16T20:36:39.587+0000] {dag.py:3096} INFO - Sync 1 DAGs
[2024-06-16T20:36:39.609+0000] {logging_mixin.py:188} INFO - [2024-06-16T20:36:39.609+0000] {dag.py:3954} INFO - Setting next_dagrun for example_sla_dag to 2024-06-16 20:34:00+00:00, run_after=2024-06-16 20:36:00+00:00
[2024-06-16T20:36:39.630+0000] {processor.py:183} INFO - Processing /home/airflow/.local/lib/python3.12/site-packages/airflow/example_dags/example_sla_dag.py took 0.076 seconds
[2024-06-16T20:37:10.042+0000] {processor.py:161} INFO - Started process (PID=1173) to work on /home/airflow/.local/lib/python3.12/site-packages/airflow/example_dags/example_sla_dag.py
[2024-06-16T20:37:10.043+0000] {processor.py:830} INFO - Processing file /home/airflow/.local/lib/python3.12/site-packages/airflow/example_dags/example_sla_dag.py for tasks to queue
[2024-06-16T20:37:10.045+0000] {logging_mixin.py:188} INFO - [2024-06-16T20:37:10.044+0000] {dagbag.py:545} INFO - Filling up the DagBag from /home/airflow/.local/lib/python3.12/site-packages/airflow/example_dags/example_sla_dag.py
[2024-06-16T20:37:10.053+0000] {processor.py:840} INFO - DAG(s) 'example_sla_dag' retrieved from /home/airflow/.local/lib/python3.12/site-packages/airflow/example_dags/example_sla_dag.py
[2024-06-16T20:37:10.072+0000] {logging_mixin.py:188} INFO - [2024-06-16T20:37:10.072+0000] {dag.py:3096} INFO - Sync 1 DAGs
[2024-06-16T20:37:10.094+0000] {logging_mixin.py:188} INFO - [2024-06-16T20:37:10.094+0000] {dag.py:3954} INFO - Setting next_dagrun for example_sla_dag to 2024-06-16 20:34:00+00:00, run_after=2024-06-16 20:36:00+00:00
[2024-06-16T20:37:10.113+0000] {processor.py:183} INFO - Processing /home/airflow/.local/lib/python3.12/site-packages/airflow/example_dags/example_sla_dag.py took 0.077 seconds
[2024-06-16T20:37:40.192+0000] {processor.py:161} INFO - Started process (PID=1231) to work on /home/airflow/.local/lib/python3.12/site-packages/airflow/example_dags/example_sla_dag.py
[2024-06-16T20:37:40.194+0000] {processor.py:830} INFO - Processing file /home/airflow/.local/lib/python3.12/site-packages/airflow/example_dags/example_sla_dag.py for tasks to queue
[2024-06-16T20:37:40.195+0000] {logging_mixin.py:188} INFO - [2024-06-16T20:37:40.195+0000] {dagbag.py:545} INFO - Filling up the DagBag from /home/airflow/.local/lib/python3.12/site-packages/airflow/example_dags/example_sla_dag.py
[2024-06-16T20:37:40.203+0000] {processor.py:840} INFO - DAG(s) 'example_sla_dag' retrieved from /home/airflow/.local/lib/python3.12/site-packages/airflow/example_dags/example_sla_dag.py
[2024-06-16T20:37:40.224+0000] {logging_mixin.py:188} INFO - [2024-06-16T20:37:40.223+0000] {dag.py:3096} INFO - Sync 1 DAGs
[2024-06-16T20:37:40.247+0000] {logging_mixin.py:188} INFO - [2024-06-16T20:37:40.247+0000] {dag.py:3954} INFO - Setting next_dagrun for example_sla_dag to 2024-06-16 20:34:00+00:00, run_after=2024-06-16 20:36:00+00:00
[2024-06-16T20:37:40.266+0000] {processor.py:183} INFO - Processing /home/airflow/.local/lib/python3.12/site-packages/airflow/example_dags/example_sla_dag.py took 0.079 seconds
[2024-06-16T20:38:11.134+0000] {processor.py:161} INFO - Started process (PID=1289) to work on /home/airflow/.local/lib/python3.12/site-packages/airflow/example_dags/example_sla_dag.py
[2024-06-16T20:38:11.135+0000] {processor.py:830} INFO - Processing file /home/airflow/.local/lib/python3.12/site-packages/airflow/example_dags/example_sla_dag.py for tasks to queue
[2024-06-16T20:38:11.137+0000] {logging_mixin.py:188} INFO - [2024-06-16T20:38:11.137+0000] {dagbag.py:545} INFO - Filling up the DagBag from /home/airflow/.local/lib/python3.12/site-packages/airflow/example_dags/example_sla_dag.py
[2024-06-16T20:38:11.148+0000] {processor.py:840} INFO - DAG(s) 'example_sla_dag' retrieved from /home/airflow/.local/lib/python3.12/site-packages/airflow/example_dags/example_sla_dag.py
[2024-06-16T20:38:11.169+0000] {logging_mixin.py:188} INFO - [2024-06-16T20:38:11.168+0000] {dag.py:3096} INFO - Sync 1 DAGs
[2024-06-16T20:38:11.198+0000] {logging_mixin.py:188} INFO - [2024-06-16T20:38:11.197+0000] {dag.py:3954} INFO - Setting next_dagrun for example_sla_dag to 2024-06-16 20:36:00+00:00, run_after=2024-06-16 20:38:00+00:00
[2024-06-16T20:38:11.218+0000] {processor.py:183} INFO - Processing /home/airflow/.local/lib/python3.12/site-packages/airflow/example_dags/example_sla_dag.py took 0.091 seconds
[2024-06-16T20:38:41.857+0000] {processor.py:161} INFO - Started process (PID=1347) to work on /home/airflow/.local/lib/python3.12/site-packages/airflow/example_dags/example_sla_dag.py
[2024-06-16T20:38:41.858+0000] {processor.py:830} INFO - Processing file /home/airflow/.local/lib/python3.12/site-packages/airflow/example_dags/example_sla_dag.py for tasks to queue
[2024-06-16T20:38:41.859+0000] {logging_mixin.py:188} INFO - [2024-06-16T20:38:41.859+0000] {dagbag.py:545} INFO - Filling up the DagBag from /home/airflow/.local/lib/python3.12/site-packages/airflow/example_dags/example_sla_dag.py
[2024-06-16T20:38:41.867+0000] {processor.py:840} INFO - DAG(s) 'example_sla_dag' retrieved from /home/airflow/.local/lib/python3.12/site-packages/airflow/example_dags/example_sla_dag.py
[2024-06-16T20:38:41.886+0000] {logging_mixin.py:188} INFO - [2024-06-16T20:38:41.886+0000] {dag.py:3096} INFO - Sync 1 DAGs
[2024-06-16T20:38:41.908+0000] {logging_mixin.py:188} INFO - [2024-06-16T20:38:41.908+0000] {dag.py:3954} INFO - Setting next_dagrun for example_sla_dag to 2024-06-16 20:36:00+00:00, run_after=2024-06-16 20:38:00+00:00
[2024-06-16T20:38:41.927+0000] {processor.py:183} INFO - Processing /home/airflow/.local/lib/python3.12/site-packages/airflow/example_dags/example_sla_dag.py took 0.076 seconds
[2024-06-16T20:39:12.360+0000] {processor.py:161} INFO - Started process (PID=1405) to work on /home/airflow/.local/lib/python3.12/site-packages/airflow/example_dags/example_sla_dag.py
[2024-06-16T20:39:12.361+0000] {processor.py:830} INFO - Processing file /home/airflow/.local/lib/python3.12/site-packages/airflow/example_dags/example_sla_dag.py for tasks to queue
[2024-06-16T20:39:12.362+0000] {logging_mixin.py:188} INFO - [2024-06-16T20:39:12.362+0000] {dagbag.py:545} INFO - Filling up the DagBag from /home/airflow/.local/lib/python3.12/site-packages/airflow/example_dags/example_sla_dag.py
[2024-06-16T20:39:12.370+0000] {processor.py:840} INFO - DAG(s) 'example_sla_dag' retrieved from /home/airflow/.local/lib/python3.12/site-packages/airflow/example_dags/example_sla_dag.py
[2024-06-16T20:39:12.389+0000] {logging_mixin.py:188} INFO - [2024-06-16T20:39:12.389+0000] {dag.py:3096} INFO - Sync 1 DAGs
[2024-06-16T20:39:12.413+0000] {logging_mixin.py:188} INFO - [2024-06-16T20:39:12.412+0000] {dag.py:3954} INFO - Setting next_dagrun for example_sla_dag to 2024-06-16 20:36:00+00:00, run_after=2024-06-16 20:38:00+00:00
[2024-06-16T20:39:12.430+0000] {processor.py:183} INFO - Processing /home/airflow/.local/lib/python3.12/site-packages/airflow/example_dags/example_sla_dag.py took 0.075 seconds
[2024-06-16T20:39:42.954+0000] {processor.py:161} INFO - Started process (PID=1463) to work on /home/airflow/.local/lib/python3.12/site-packages/airflow/example_dags/example_sla_dag.py
[2024-06-16T20:39:42.955+0000] {processor.py:830} INFO - Processing file /home/airflow/.local/lib/python3.12/site-packages/airflow/example_dags/example_sla_dag.py for tasks to queue
[2024-06-16T20:39:42.957+0000] {logging_mixin.py:188} INFO - [2024-06-16T20:39:42.956+0000] {dagbag.py:545} INFO - Filling up the DagBag from /home/airflow/.local/lib/python3.12/site-packages/airflow/example_dags/example_sla_dag.py
[2024-06-16T20:39:42.964+0000] {processor.py:840} INFO - DAG(s) 'example_sla_dag' retrieved from /home/airflow/.local/lib/python3.12/site-packages/airflow/example_dags/example_sla_dag.py
[2024-06-16T20:39:42.984+0000] {logging_mixin.py:188} INFO - [2024-06-16T20:39:42.983+0000] {dag.py:3096} INFO - Sync 1 DAGs
[2024-06-16T20:39:43.012+0000] {logging_mixin.py:188} INFO - [2024-06-16T20:39:43.011+0000] {dag.py:3954} INFO - Setting next_dagrun for example_sla_dag to 2024-06-16 20:36:00+00:00, run_after=2024-06-16 20:38:00+00:00
[2024-06-16T20:39:43.031+0000] {processor.py:183} INFO - Processing /home/airflow/.local/lib/python3.12/site-packages/airflow/example_dags/example_sla_dag.py took 0.082 seconds
[2024-06-16T20:40:13.572+0000] {processor.py:161} INFO - Started process (PID=1521) to work on /home/airflow/.local/lib/python3.12/site-packages/airflow/example_dags/example_sla_dag.py
[2024-06-16T20:40:13.573+0000] {processor.py:830} INFO - Processing file /home/airflow/.local/lib/python3.12/site-packages/airflow/example_dags/example_sla_dag.py for tasks to queue
[2024-06-16T20:40:13.575+0000] {logging_mixin.py:188} INFO - [2024-06-16T20:40:13.575+0000] {dagbag.py:545} INFO - Filling up the DagBag from /home/airflow/.local/lib/python3.12/site-packages/airflow/example_dags/example_sla_dag.py
[2024-06-16T20:40:13.583+0000] {processor.py:840} INFO - DAG(s) 'example_sla_dag' retrieved from /home/airflow/.local/lib/python3.12/site-packages/airflow/example_dags/example_sla_dag.py
[2024-06-16T20:40:13.603+0000] {logging_mixin.py:188} INFO - [2024-06-16T20:40:13.602+0000] {dag.py:3096} INFO - Sync 1 DAGs
[2024-06-16T20:40:13.625+0000] {logging_mixin.py:188} INFO - [2024-06-16T20:40:13.625+0000] {dag.py:3954} INFO - Setting next_dagrun for example_sla_dag to 2024-06-16 20:38:00+00:00, run_after=2024-06-16 20:40:00+00:00
[2024-06-16T20:40:13.645+0000] {processor.py:183} INFO - Processing /home/airflow/.local/lib/python3.12/site-packages/airflow/example_dags/example_sla_dag.py took 0.078 seconds
[2024-06-16T20:40:44.070+0000] {processor.py:161} INFO - Started process (PID=1579) to work on /home/airflow/.local/lib/python3.12/site-packages/airflow/example_dags/example_sla_dag.py
[2024-06-16T20:40:44.071+0000] {processor.py:830} INFO - Processing file /home/airflow/.local/lib/python3.12/site-packages/airflow/example_dags/example_sla_dag.py for tasks to queue
[2024-06-16T20:40:44.073+0000] {logging_mixin.py:188} INFO - [2024-06-16T20:40:44.073+0000] {dagbag.py:545} INFO - Filling up the DagBag from /home/airflow/.local/lib/python3.12/site-packages/airflow/example_dags/example_sla_dag.py
[2024-06-16T20:40:44.081+0000] {processor.py:840} INFO - DAG(s) 'example_sla_dag' retrieved from /home/airflow/.local/lib/python3.12/site-packages/airflow/example_dags/example_sla_dag.py
[2024-06-16T20:40:44.100+0000] {logging_mixin.py:188} INFO - [2024-06-16T20:40:44.100+0000] {dag.py:3096} INFO - Sync 1 DAGs
[2024-06-16T20:40:44.123+0000] {logging_mixin.py:188} INFO - [2024-06-16T20:40:44.122+0000] {dag.py:3954} INFO - Setting next_dagrun for example_sla_dag to 2024-06-16 20:38:00+00:00, run_after=2024-06-16 20:40:00+00:00
[2024-06-16T20:40:44.142+0000] {processor.py:183} INFO - Processing /home/airflow/.local/lib/python3.12/site-packages/airflow/example_dags/example_sla_dag.py took 0.078 seconds
[2024-06-16T20:41:14.759+0000] {processor.py:161} INFO - Started process (PID=1637) to work on /home/airflow/.local/lib/python3.12/site-packages/airflow/example_dags/example_sla_dag.py
[2024-06-16T20:41:14.760+0000] {processor.py:830} INFO - Processing file /home/airflow/.local/lib/python3.12/site-packages/airflow/example_dags/example_sla_dag.py for tasks to queue
[2024-06-16T20:41:14.762+0000] {logging_mixin.py:188} INFO - [2024-06-16T20:41:14.762+0000] {dagbag.py:545} INFO - Filling up the DagBag from /home/airflow/.local/lib/python3.12/site-packages/airflow/example_dags/example_sla_dag.py
[2024-06-16T20:41:14.770+0000] {processor.py:840} INFO - DAG(s) 'example_sla_dag' retrieved from /home/airflow/.local/lib/python3.12/site-packages/airflow/example_dags/example_sla_dag.py
[2024-06-16T20:41:14.789+0000] {logging_mixin.py:188} INFO - [2024-06-16T20:41:14.788+0000] {dag.py:3096} INFO - Sync 1 DAGs
[2024-06-16T20:41:14.812+0000] {logging_mixin.py:188} INFO - [2024-06-16T20:41:14.811+0000] {dag.py:3954} INFO - Setting next_dagrun for example_sla_dag to 2024-06-16 20:38:00+00:00, run_after=2024-06-16 20:40:00+00:00
[2024-06-16T20:41:14.830+0000] {processor.py:183} INFO - Processing /home/airflow/.local/lib/python3.12/site-packages/airflow/example_dags/example_sla_dag.py took 0.077 seconds
[2024-06-16T20:41:45.342+0000] {processor.py:161} INFO - Started process (PID=1695) to work on /home/airflow/.local/lib/python3.12/site-packages/airflow/example_dags/example_sla_dag.py
[2024-06-16T20:41:45.343+0000] {processor.py:830} INFO - Processing file /home/airflow/.local/lib/python3.12/site-packages/airflow/example_dags/example_sla_dag.py for tasks to queue
[2024-06-16T20:41:45.345+0000] {logging_mixin.py:188} INFO - [2024-06-16T20:41:45.344+0000] {dagbag.py:545} INFO - Filling up the DagBag from /home/airflow/.local/lib/python3.12/site-packages/airflow/example_dags/example_sla_dag.py
[2024-06-16T20:41:45.352+0000] {processor.py:840} INFO - DAG(s) 'example_sla_dag' retrieved from /home/airflow/.local/lib/python3.12/site-packages/airflow/example_dags/example_sla_dag.py
[2024-06-16T20:41:45.371+0000] {logging_mixin.py:188} INFO - [2024-06-16T20:41:45.371+0000] {dag.py:3096} INFO - Sync 1 DAGs
[2024-06-16T20:41:45.394+0000] {logging_mixin.py:188} INFO - [2024-06-16T20:41:45.393+0000] {dag.py:3954} INFO - Setting next_dagrun for example_sla_dag to 2024-06-16 20:38:00+00:00, run_after=2024-06-16 20:40:00+00:00
[2024-06-16T20:41:45.412+0000] {processor.py:183} INFO - Processing /home/airflow/.local/lib/python3.12/site-packages/airflow/example_dags/example_sla_dag.py took 0.076 seconds
[2024-06-16T20:42:15.777+0000] {processor.py:161} INFO - Started process (PID=1753) to work on /home/airflow/.local/lib/python3.12/site-packages/airflow/example_dags/example_sla_dag.py
[2024-06-16T20:42:15.778+0000] {processor.py:830} INFO - Processing file /home/airflow/.local/lib/python3.12/site-packages/airflow/example_dags/example_sla_dag.py for tasks to queue
[2024-06-16T20:42:15.780+0000] {logging_mixin.py:188} INFO - [2024-06-16T20:42:15.780+0000] {dagbag.py:545} INFO - Filling up the DagBag from /home/airflow/.local/lib/python3.12/site-packages/airflow/example_dags/example_sla_dag.py
[2024-06-16T20:42:15.792+0000] {processor.py:840} INFO - DAG(s) 'example_sla_dag' retrieved from /home/airflow/.local/lib/python3.12/site-packages/airflow/example_dags/example_sla_dag.py
[2024-06-16T20:42:15.815+0000] {logging_mixin.py:188} INFO - [2024-06-16T20:42:15.814+0000] {dag.py:3096} INFO - Sync 1 DAGs
[2024-06-16T20:42:15.843+0000] {logging_mixin.py:188} INFO - [2024-06-16T20:42:15.842+0000] {dag.py:3954} INFO - Setting next_dagrun for example_sla_dag to 2024-06-16 20:40:00+00:00, run_after=2024-06-16 20:42:00+00:00
[2024-06-16T20:42:15.866+0000] {processor.py:183} INFO - Processing /home/airflow/.local/lib/python3.12/site-packages/airflow/example_dags/example_sla_dag.py took 0.097 seconds
[2024-06-16T20:42:46.079+0000] {processor.py:161} INFO - Started process (PID=1811) to work on /home/airflow/.local/lib/python3.12/site-packages/airflow/example_dags/example_sla_dag.py
[2024-06-16T20:42:46.081+0000] {processor.py:830} INFO - Processing file /home/airflow/.local/lib/python3.12/site-packages/airflow/example_dags/example_sla_dag.py for tasks to queue
[2024-06-16T20:42:46.082+0000] {logging_mixin.py:188} INFO - [2024-06-16T20:42:46.082+0000] {dagbag.py:545} INFO - Filling up the DagBag from /home/airflow/.local/lib/python3.12/site-packages/airflow/example_dags/example_sla_dag.py
[2024-06-16T20:42:46.090+0000] {processor.py:840} INFO - DAG(s) 'example_sla_dag' retrieved from /home/airflow/.local/lib/python3.12/site-packages/airflow/example_dags/example_sla_dag.py
[2024-06-16T20:42:46.108+0000] {logging_mixin.py:188} INFO - [2024-06-16T20:42:46.108+0000] {dag.py:3096} INFO - Sync 1 DAGs
[2024-06-16T20:42:46.132+0000] {logging_mixin.py:188} INFO - [2024-06-16T20:42:46.131+0000] {dag.py:3954} INFO - Setting next_dagrun for example_sla_dag to 2024-06-16 20:40:00+00:00, run_after=2024-06-16 20:42:00+00:00
[2024-06-16T20:42:46.150+0000] {processor.py:183} INFO - Processing /home/airflow/.local/lib/python3.12/site-packages/airflow/example_dags/example_sla_dag.py took 0.076 seconds
[2024-06-16T20:43:17.379+0000] {processor.py:161} INFO - Started process (PID=1869) to work on /home/airflow/.local/lib/python3.12/site-packages/airflow/example_dags/example_sla_dag.py
[2024-06-16T20:43:17.380+0000] {processor.py:830} INFO - Processing file /home/airflow/.local/lib/python3.12/site-packages/airflow/example_dags/example_sla_dag.py for tasks to queue
[2024-06-16T20:43:17.381+0000] {logging_mixin.py:188} INFO - [2024-06-16T20:43:17.381+0000] {dagbag.py:545} INFO - Filling up the DagBag from /home/airflow/.local/lib/python3.12/site-packages/airflow/example_dags/example_sla_dag.py
[2024-06-16T20:43:17.389+0000] {processor.py:840} INFO - DAG(s) 'example_sla_dag' retrieved from /home/airflow/.local/lib/python3.12/site-packages/airflow/example_dags/example_sla_dag.py
[2024-06-16T20:43:17.407+0000] {logging_mixin.py:188} INFO - [2024-06-16T20:43:17.406+0000] {dag.py:3096} INFO - Sync 1 DAGs
[2024-06-16T20:43:17.430+0000] {logging_mixin.py:188} INFO - [2024-06-16T20:43:17.430+0000] {dag.py:3954} INFO - Setting next_dagrun for example_sla_dag to 2024-06-16 20:40:00+00:00, run_after=2024-06-16 20:42:00+00:00
[2024-06-16T20:43:17.449+0000] {processor.py:183} INFO - Processing /home/airflow/.local/lib/python3.12/site-packages/airflow/example_dags/example_sla_dag.py took 0.076 seconds
[2024-06-16T20:43:48.803+0000] {processor.py:161} INFO - Started process (PID=1927) to work on /home/airflow/.local/lib/python3.12/site-packages/airflow/example_dags/example_sla_dag.py
[2024-06-16T20:43:48.805+0000] {processor.py:830} INFO - Processing file /home/airflow/.local/lib/python3.12/site-packages/airflow/example_dags/example_sla_dag.py for tasks to queue
[2024-06-16T20:43:48.807+0000] {logging_mixin.py:188} INFO - [2024-06-16T20:43:48.806+0000] {dagbag.py:545} INFO - Filling up the DagBag from /home/airflow/.local/lib/python3.12/site-packages/airflow/example_dags/example_sla_dag.py
[2024-06-16T20:43:48.819+0000] {processor.py:840} INFO - DAG(s) 'example_sla_dag' retrieved from /home/airflow/.local/lib/python3.12/site-packages/airflow/example_dags/example_sla_dag.py
[2024-06-16T20:43:48.841+0000] {logging_mixin.py:188} INFO - [2024-06-16T20:43:48.841+0000] {dag.py:3096} INFO - Sync 1 DAGs
[2024-06-16T20:43:49.033+0000] {logging_mixin.py:188} INFO - [2024-06-16T20:43:49.033+0000] {dag.py:3954} INFO - Setting next_dagrun for example_sla_dag to 2024-06-16 20:40:00+00:00, run_after=2024-06-16 20:42:00+00:00
[2024-06-16T20:43:49.053+0000] {processor.py:183} INFO - Processing /home/airflow/.local/lib/python3.12/site-packages/airflow/example_dags/example_sla_dag.py took 0.257 seconds
[2024-06-16T20:44:19.368+0000] {processor.py:161} INFO - Started process (PID=1985) to work on /home/airflow/.local/lib/python3.12/site-packages/airflow/example_dags/example_sla_dag.py
[2024-06-16T20:44:19.369+0000] {processor.py:830} INFO - Processing file /home/airflow/.local/lib/python3.12/site-packages/airflow/example_dags/example_sla_dag.py for tasks to queue
[2024-06-16T20:44:19.371+0000] {logging_mixin.py:188} INFO - [2024-06-16T20:44:19.370+0000] {dagbag.py:545} INFO - Filling up the DagBag from /home/airflow/.local/lib/python3.12/site-packages/airflow/example_dags/example_sla_dag.py
[2024-06-16T20:44:19.379+0000] {processor.py:840} INFO - DAG(s) 'example_sla_dag' retrieved from /home/airflow/.local/lib/python3.12/site-packages/airflow/example_dags/example_sla_dag.py
[2024-06-16T20:44:19.398+0000] {logging_mixin.py:188} INFO - [2024-06-16T20:44:19.398+0000] {dag.py:3096} INFO - Sync 1 DAGs
[2024-06-16T20:44:19.544+0000] {logging_mixin.py:188} INFO - [2024-06-16T20:44:19.544+0000] {dag.py:3954} INFO - Setting next_dagrun for example_sla_dag to 2024-06-16 20:42:00+00:00, run_after=2024-06-16 20:44:00+00:00
[2024-06-16T20:44:19.562+0000] {processor.py:183} INFO - Processing /home/airflow/.local/lib/python3.12/site-packages/airflow/example_dags/example_sla_dag.py took 0.200 seconds
[2024-06-16T20:44:50.387+0000] {processor.py:161} INFO - Started process (PID=2043) to work on /home/airflow/.local/lib/python3.12/site-packages/airflow/example_dags/example_sla_dag.py
[2024-06-16T20:44:50.389+0000] {processor.py:830} INFO - Processing file /home/airflow/.local/lib/python3.12/site-packages/airflow/example_dags/example_sla_dag.py for tasks to queue
[2024-06-16T20:44:50.391+0000] {logging_mixin.py:188} INFO - [2024-06-16T20:44:50.390+0000] {dagbag.py:545} INFO - Filling up the DagBag from /home/airflow/.local/lib/python3.12/site-packages/airflow/example_dags/example_sla_dag.py
[2024-06-16T20:44:50.399+0000] {processor.py:840} INFO - DAG(s) 'example_sla_dag' retrieved from /home/airflow/.local/lib/python3.12/site-packages/airflow/example_dags/example_sla_dag.py
[2024-06-16T20:44:50.420+0000] {logging_mixin.py:188} INFO - [2024-06-16T20:44:50.420+0000] {dag.py:3096} INFO - Sync 1 DAGs
[2024-06-16T20:44:50.444+0000] {logging_mixin.py:188} INFO - [2024-06-16T20:44:50.444+0000] {dag.py:3954} INFO - Setting next_dagrun for example_sla_dag to 2024-06-16 20:42:00+00:00, run_after=2024-06-16 20:44:00+00:00
[2024-06-16T20:44:50.463+0000] {processor.py:183} INFO - Processing /home/airflow/.local/lib/python3.12/site-packages/airflow/example_dags/example_sla_dag.py took 0.081 seconds
[2024-06-16T20:45:20.979+0000] {processor.py:161} INFO - Started process (PID=2101) to work on /home/airflow/.local/lib/python3.12/site-packages/airflow/example_dags/example_sla_dag.py
[2024-06-16T20:45:20.987+0000] {processor.py:830} INFO - Processing file /home/airflow/.local/lib/python3.12/site-packages/airflow/example_dags/example_sla_dag.py for tasks to queue
[2024-06-16T20:45:20.989+0000] {logging_mixin.py:188} INFO - [2024-06-16T20:45:20.988+0000] {dagbag.py:545} INFO - Filling up the DagBag from /home/airflow/.local/lib/python3.12/site-packages/airflow/example_dags/example_sla_dag.py
[2024-06-16T20:45:20.998+0000] {processor.py:840} INFO - DAG(s) 'example_sla_dag' retrieved from /home/airflow/.local/lib/python3.12/site-packages/airflow/example_dags/example_sla_dag.py
[2024-06-16T20:45:21.018+0000] {logging_mixin.py:188} INFO - [2024-06-16T20:45:21.017+0000] {dag.py:3096} INFO - Sync 1 DAGs
[2024-06-16T20:45:21.042+0000] {logging_mixin.py:188} INFO - [2024-06-16T20:45:21.042+0000] {dag.py:3954} INFO - Setting next_dagrun for example_sla_dag to 2024-06-16 20:42:00+00:00, run_after=2024-06-16 20:44:00+00:00
[2024-06-16T20:45:21.061+0000] {processor.py:183} INFO - Processing /home/airflow/.local/lib/python3.12/site-packages/airflow/example_dags/example_sla_dag.py took 0.088 seconds
[2024-06-16T20:45:51.481+0000] {processor.py:161} INFO - Started process (PID=2159) to work on /home/airflow/.local/lib/python3.12/site-packages/airflow/example_dags/example_sla_dag.py
[2024-06-16T20:45:51.482+0000] {processor.py:830} INFO - Processing file /home/airflow/.local/lib/python3.12/site-packages/airflow/example_dags/example_sla_dag.py for tasks to queue
[2024-06-16T20:45:51.484+0000] {logging_mixin.py:188} INFO - [2024-06-16T20:45:51.483+0000] {dagbag.py:545} INFO - Filling up the DagBag from /home/airflow/.local/lib/python3.12/site-packages/airflow/example_dags/example_sla_dag.py
[2024-06-16T20:45:51.493+0000] {processor.py:840} INFO - DAG(s) 'example_sla_dag' retrieved from /home/airflow/.local/lib/python3.12/site-packages/airflow/example_dags/example_sla_dag.py
[2024-06-16T20:45:51.513+0000] {logging_mixin.py:188} INFO - [2024-06-16T20:45:51.512+0000] {dag.py:3096} INFO - Sync 1 DAGs
[2024-06-16T20:45:51.537+0000] {logging_mixin.py:188} INFO - [2024-06-16T20:45:51.536+0000] {dag.py:3954} INFO - Setting next_dagrun for example_sla_dag to 2024-06-16 20:42:00+00:00, run_after=2024-06-16 20:44:00+00:00
[2024-06-16T20:45:51.555+0000] {processor.py:183} INFO - Processing /home/airflow/.local/lib/python3.12/site-packages/airflow/example_dags/example_sla_dag.py took 0.081 seconds
[2024-06-16T20:46:21.870+0000] {processor.py:161} INFO - Started process (PID=2217) to work on /home/airflow/.local/lib/python3.12/site-packages/airflow/example_dags/example_sla_dag.py
[2024-06-16T20:46:21.879+0000] {processor.py:830} INFO - Processing file /home/airflow/.local/lib/python3.12/site-packages/airflow/example_dags/example_sla_dag.py for tasks to queue
[2024-06-16T20:46:21.881+0000] {logging_mixin.py:188} INFO - [2024-06-16T20:46:21.881+0000] {dagbag.py:545} INFO - Filling up the DagBag from /home/airflow/.local/lib/python3.12/site-packages/airflow/example_dags/example_sla_dag.py
[2024-06-16T20:46:21.888+0000] {processor.py:840} INFO - DAG(s) 'example_sla_dag' retrieved from /home/airflow/.local/lib/python3.12/site-packages/airflow/example_dags/example_sla_dag.py
[2024-06-16T20:46:21.909+0000] {logging_mixin.py:188} INFO - [2024-06-16T20:46:21.908+0000] {dag.py:3096} INFO - Sync 1 DAGs
[2024-06-16T20:46:21.933+0000] {logging_mixin.py:188} INFO - [2024-06-16T20:46:21.933+0000] {dag.py:3954} INFO - Setting next_dagrun for example_sla_dag to 2024-06-16 20:44:00+00:00, run_after=2024-06-16 20:46:00+00:00
[2024-06-16T20:46:21.952+0000] {processor.py:183} INFO - Processing /home/airflow/.local/lib/python3.12/site-packages/airflow/example_dags/example_sla_dag.py took 0.087 seconds
[2024-06-16T20:46:52.361+0000] {processor.py:161} INFO - Started process (PID=2275) to work on /home/airflow/.local/lib/python3.12/site-packages/airflow/example_dags/example_sla_dag.py
[2024-06-16T20:46:52.362+0000] {processor.py:830} INFO - Processing file /home/airflow/.local/lib/python3.12/site-packages/airflow/example_dags/example_sla_dag.py for tasks to queue
[2024-06-16T20:46:52.364+0000] {logging_mixin.py:188} INFO - [2024-06-16T20:46:52.364+0000] {dagbag.py:545} INFO - Filling up the DagBag from /home/airflow/.local/lib/python3.12/site-packages/airflow/example_dags/example_sla_dag.py
[2024-06-16T20:46:52.373+0000] {processor.py:840} INFO - DAG(s) 'example_sla_dag' retrieved from /home/airflow/.local/lib/python3.12/site-packages/airflow/example_dags/example_sla_dag.py
[2024-06-16T20:46:52.393+0000] {logging_mixin.py:188} INFO - [2024-06-16T20:46:52.392+0000] {dag.py:3096} INFO - Sync 1 DAGs
[2024-06-16T20:46:52.418+0000] {logging_mixin.py:188} INFO - [2024-06-16T20:46:52.418+0000] {dag.py:3954} INFO - Setting next_dagrun for example_sla_dag to 2024-06-16 20:44:00+00:00, run_after=2024-06-16 20:46:00+00:00
[2024-06-16T20:46:52.437+0000] {processor.py:183} INFO - Processing /home/airflow/.local/lib/python3.12/site-packages/airflow/example_dags/example_sla_dag.py took 0.082 seconds
[2024-06-16T20:47:22.772+0000] {processor.py:161} INFO - Started process (PID=2333) to work on /home/airflow/.local/lib/python3.12/site-packages/airflow/example_dags/example_sla_dag.py
[2024-06-16T20:47:22.773+0000] {processor.py:830} INFO - Processing file /home/airflow/.local/lib/python3.12/site-packages/airflow/example_dags/example_sla_dag.py for tasks to queue
[2024-06-16T20:47:22.775+0000] {logging_mixin.py:188} INFO - [2024-06-16T20:47:22.775+0000] {dagbag.py:545} INFO - Filling up the DagBag from /home/airflow/.local/lib/python3.12/site-packages/airflow/example_dags/example_sla_dag.py
[2024-06-16T20:47:22.783+0000] {processor.py:840} INFO - DAG(s) 'example_sla_dag' retrieved from /home/airflow/.local/lib/python3.12/site-packages/airflow/example_dags/example_sla_dag.py
[2024-06-16T20:47:22.804+0000] {logging_mixin.py:188} INFO - [2024-06-16T20:47:22.804+0000] {dag.py:3096} INFO - Sync 1 DAGs
[2024-06-16T20:47:22.828+0000] {logging_mixin.py:188} INFO - [2024-06-16T20:47:22.828+0000] {dag.py:3954} INFO - Setting next_dagrun for example_sla_dag to 2024-06-16 20:44:00+00:00, run_after=2024-06-16 20:46:00+00:00
[2024-06-16T20:47:22.847+0000] {processor.py:183} INFO - Processing /home/airflow/.local/lib/python3.12/site-packages/airflow/example_dags/example_sla_dag.py took 0.081 seconds
[2024-06-16T20:47:53.254+0000] {processor.py:161} INFO - Started process (PID=2391) to work on /home/airflow/.local/lib/python3.12/site-packages/airflow/example_dags/example_sla_dag.py
[2024-06-16T20:47:53.256+0000] {processor.py:830} INFO - Processing file /home/airflow/.local/lib/python3.12/site-packages/airflow/example_dags/example_sla_dag.py for tasks to queue
[2024-06-16T20:47:53.258+0000] {logging_mixin.py:188} INFO - [2024-06-16T20:47:53.258+0000] {dagbag.py:545} INFO - Filling up the DagBag from /home/airflow/.local/lib/python3.12/site-packages/airflow/example_dags/example_sla_dag.py
[2024-06-16T20:47:53.267+0000] {processor.py:840} INFO - DAG(s) 'example_sla_dag' retrieved from /home/airflow/.local/lib/python3.12/site-packages/airflow/example_dags/example_sla_dag.py
[2024-06-16T20:47:53.288+0000] {logging_mixin.py:188} INFO - [2024-06-16T20:47:53.287+0000] {dag.py:3096} INFO - Sync 1 DAGs
[2024-06-16T20:47:53.313+0000] {logging_mixin.py:188} INFO - [2024-06-16T20:47:53.312+0000] {dag.py:3954} INFO - Setting next_dagrun for example_sla_dag to 2024-06-16 20:44:00+00:00, run_after=2024-06-16 20:46:00+00:00
[2024-06-16T20:47:53.332+0000] {processor.py:183} INFO - Processing /home/airflow/.local/lib/python3.12/site-packages/airflow/example_dags/example_sla_dag.py took 0.084 seconds
[2024-06-16T20:48:23.703+0000] {processor.py:161} INFO - Started process (PID=2449) to work on /home/airflow/.local/lib/python3.12/site-packages/airflow/example_dags/example_sla_dag.py
[2024-06-16T20:48:23.704+0000] {processor.py:830} INFO - Processing file /home/airflow/.local/lib/python3.12/site-packages/airflow/example_dags/example_sla_dag.py for tasks to queue
[2024-06-16T20:48:23.706+0000] {logging_mixin.py:188} INFO - [2024-06-16T20:48:23.706+0000] {dagbag.py:545} INFO - Filling up the DagBag from /home/airflow/.local/lib/python3.12/site-packages/airflow/example_dags/example_sla_dag.py
[2024-06-16T20:48:23.717+0000] {processor.py:840} INFO - DAG(s) 'example_sla_dag' retrieved from /home/airflow/.local/lib/python3.12/site-packages/airflow/example_dags/example_sla_dag.py
[2024-06-16T20:48:23.737+0000] {logging_mixin.py:188} INFO - [2024-06-16T20:48:23.736+0000] {dag.py:3096} INFO - Sync 1 DAGs
[2024-06-16T20:48:23.760+0000] {logging_mixin.py:188} INFO - [2024-06-16T20:48:23.759+0000] {dag.py:3954} INFO - Setting next_dagrun for example_sla_dag to 2024-06-16 20:46:00+00:00, run_after=2024-06-16 20:48:00+00:00
[2024-06-16T20:48:23.778+0000] {processor.py:183} INFO - Processing /home/airflow/.local/lib/python3.12/site-packages/airflow/example_dags/example_sla_dag.py took 0.082 seconds
[2024-06-16T20:48:54.293+0000] {processor.py:161} INFO - Started process (PID=2507) to work on /home/airflow/.local/lib/python3.12/site-packages/airflow/example_dags/example_sla_dag.py
[2024-06-16T20:48:54.298+0000] {processor.py:830} INFO - Processing file /home/airflow/.local/lib/python3.12/site-packages/airflow/example_dags/example_sla_dag.py for tasks to queue
[2024-06-16T20:48:54.300+0000] {logging_mixin.py:188} INFO - [2024-06-16T20:48:54.300+0000] {dagbag.py:545} INFO - Filling up the DagBag from /home/airflow/.local/lib/python3.12/site-packages/airflow/example_dags/example_sla_dag.py
[2024-06-16T20:48:54.309+0000] {processor.py:840} INFO - DAG(s) 'example_sla_dag' retrieved from /home/airflow/.local/lib/python3.12/site-packages/airflow/example_dags/example_sla_dag.py
[2024-06-16T20:48:54.328+0000] {logging_mixin.py:188} INFO - [2024-06-16T20:48:54.328+0000] {dag.py:3096} INFO - Sync 1 DAGs
[2024-06-16T20:48:54.352+0000] {logging_mixin.py:188} INFO - [2024-06-16T20:48:54.352+0000] {dag.py:3954} INFO - Setting next_dagrun for example_sla_dag to 2024-06-16 20:46:00+00:00, run_after=2024-06-16 20:48:00+00:00
[2024-06-16T20:48:54.370+0000] {processor.py:183} INFO - Processing /home/airflow/.local/lib/python3.12/site-packages/airflow/example_dags/example_sla_dag.py took 0.086 seconds
[2024-06-16T20:49:24.790+0000] {processor.py:161} INFO - Started process (PID=2565) to work on /home/airflow/.local/lib/python3.12/site-packages/airflow/example_dags/example_sla_dag.py
[2024-06-16T20:49:24.792+0000] {processor.py:830} INFO - Processing file /home/airflow/.local/lib/python3.12/site-packages/airflow/example_dags/example_sla_dag.py for tasks to queue
[2024-06-16T20:49:24.794+0000] {logging_mixin.py:188} INFO - [2024-06-16T20:49:24.794+0000] {dagbag.py:545} INFO - Filling up the DagBag from /home/airflow/.local/lib/python3.12/site-packages/airflow/example_dags/example_sla_dag.py
[2024-06-16T20:49:24.804+0000] {processor.py:840} INFO - DAG(s) 'example_sla_dag' retrieved from /home/airflow/.local/lib/python3.12/site-packages/airflow/example_dags/example_sla_dag.py
[2024-06-16T20:49:24.824+0000] {logging_mixin.py:188} INFO - [2024-06-16T20:49:24.823+0000] {dag.py:3096} INFO - Sync 1 DAGs
[2024-06-16T20:49:24.847+0000] {logging_mixin.py:188} INFO - [2024-06-16T20:49:24.847+0000] {dag.py:3954} INFO - Setting next_dagrun for example_sla_dag to 2024-06-16 20:46:00+00:00, run_after=2024-06-16 20:48:00+00:00
[2024-06-16T20:49:24.865+0000] {processor.py:183} INFO - Processing /home/airflow/.local/lib/python3.12/site-packages/airflow/example_dags/example_sla_dag.py took 0.086 seconds
[2024-06-16T20:49:55.197+0000] {processor.py:161} INFO - Started process (PID=2623) to work on /home/airflow/.local/lib/python3.12/site-packages/airflow/example_dags/example_sla_dag.py
[2024-06-16T20:49:55.198+0000] {processor.py:830} INFO - Processing file /home/airflow/.local/lib/python3.12/site-packages/airflow/example_dags/example_sla_dag.py for tasks to queue
[2024-06-16T20:49:55.200+0000] {logging_mixin.py:188} INFO - [2024-06-16T20:49:55.200+0000] {dagbag.py:545} INFO - Filling up the DagBag from /home/airflow/.local/lib/python3.12/site-packages/airflow/example_dags/example_sla_dag.py
[2024-06-16T20:49:55.209+0000] {processor.py:840} INFO - DAG(s) 'example_sla_dag' retrieved from /home/airflow/.local/lib/python3.12/site-packages/airflow/example_dags/example_sla_dag.py
[2024-06-16T20:49:55.229+0000] {logging_mixin.py:188} INFO - [2024-06-16T20:49:55.229+0000] {dag.py:3096} INFO - Sync 1 DAGs
[2024-06-16T20:49:55.252+0000] {logging_mixin.py:188} INFO - [2024-06-16T20:49:55.252+0000] {dag.py:3954} INFO - Setting next_dagrun for example_sla_dag to 2024-06-16 20:46:00+00:00, run_after=2024-06-16 20:48:00+00:00
[2024-06-16T20:49:55.271+0000] {processor.py:183} INFO - Processing /home/airflow/.local/lib/python3.12/site-packages/airflow/example_dags/example_sla_dag.py took 0.080 seconds
[2024-06-16T20:50:25.629+0000] {processor.py:161} INFO - Started process (PID=2681) to work on /home/airflow/.local/lib/python3.12/site-packages/airflow/example_dags/example_sla_dag.py
[2024-06-16T20:50:25.631+0000] {processor.py:830} INFO - Processing file /home/airflow/.local/lib/python3.12/site-packages/airflow/example_dags/example_sla_dag.py for tasks to queue
[2024-06-16T20:50:25.633+0000] {logging_mixin.py:188} INFO - [2024-06-16T20:50:25.632+0000] {dagbag.py:545} INFO - Filling up the DagBag from /home/airflow/.local/lib/python3.12/site-packages/airflow/example_dags/example_sla_dag.py
[2024-06-16T20:50:25.642+0000] {processor.py:840} INFO - DAG(s) 'example_sla_dag' retrieved from /home/airflow/.local/lib/python3.12/site-packages/airflow/example_dags/example_sla_dag.py
[2024-06-16T20:50:25.661+0000] {logging_mixin.py:188} INFO - [2024-06-16T20:50:25.661+0000] {dag.py:3096} INFO - Sync 1 DAGs
[2024-06-16T20:50:25.685+0000] {logging_mixin.py:188} INFO - [2024-06-16T20:50:25.685+0000] {dag.py:3954} INFO - Setting next_dagrun for example_sla_dag to 2024-06-16 20:48:00+00:00, run_after=2024-06-16 20:50:00+00:00
[2024-06-16T20:50:25.704+0000] {processor.py:183} INFO - Processing /home/airflow/.local/lib/python3.12/site-packages/airflow/example_dags/example_sla_dag.py took 0.081 seconds
[2024-06-16T20:50:56.129+0000] {processor.py:161} INFO - Started process (PID=2739) to work on /home/airflow/.local/lib/python3.12/site-packages/airflow/example_dags/example_sla_dag.py
[2024-06-16T20:50:56.130+0000] {processor.py:830} INFO - Processing file /home/airflow/.local/lib/python3.12/site-packages/airflow/example_dags/example_sla_dag.py for tasks to queue
[2024-06-16T20:50:56.132+0000] {logging_mixin.py:188} INFO - [2024-06-16T20:50:56.132+0000] {dagbag.py:545} INFO - Filling up the DagBag from /home/airflow/.local/lib/python3.12/site-packages/airflow/example_dags/example_sla_dag.py
[2024-06-16T20:50:56.141+0000] {processor.py:840} INFO - DAG(s) 'example_sla_dag' retrieved from /home/airflow/.local/lib/python3.12/site-packages/airflow/example_dags/example_sla_dag.py
[2024-06-16T20:50:56.164+0000] {logging_mixin.py:188} INFO - [2024-06-16T20:50:56.163+0000] {dag.py:3096} INFO - Sync 1 DAGs
[2024-06-16T20:50:56.189+0000] {logging_mixin.py:188} INFO - [2024-06-16T20:50:56.188+0000] {dag.py:3954} INFO - Setting next_dagrun for example_sla_dag to 2024-06-16 20:48:00+00:00, run_after=2024-06-16 20:50:00+00:00
[2024-06-16T20:50:56.210+0000] {processor.py:183} INFO - Processing /home/airflow/.local/lib/python3.12/site-packages/airflow/example_dags/example_sla_dag.py took 0.086 seconds
[2024-06-16T20:51:26.550+0000] {processor.py:161} INFO - Started process (PID=2797) to work on /home/airflow/.local/lib/python3.12/site-packages/airflow/example_dags/example_sla_dag.py
[2024-06-16T20:51:26.551+0000] {processor.py:830} INFO - Processing file /home/airflow/.local/lib/python3.12/site-packages/airflow/example_dags/example_sla_dag.py for tasks to queue
[2024-06-16T20:51:26.552+0000] {logging_mixin.py:188} INFO - [2024-06-16T20:51:26.552+0000] {dagbag.py:545} INFO - Filling up the DagBag from /home/airflow/.local/lib/python3.12/site-packages/airflow/example_dags/example_sla_dag.py
[2024-06-16T20:51:26.561+0000] {processor.py:840} INFO - DAG(s) 'example_sla_dag' retrieved from /home/airflow/.local/lib/python3.12/site-packages/airflow/example_dags/example_sla_dag.py
[2024-06-16T20:51:26.584+0000] {logging_mixin.py:188} INFO - [2024-06-16T20:51:26.584+0000] {dag.py:3096} INFO - Sync 1 DAGs
[2024-06-16T20:51:26.612+0000] {logging_mixin.py:188} INFO - [2024-06-16T20:51:26.612+0000] {dag.py:3954} INFO - Setting next_dagrun for example_sla_dag to 2024-06-16 20:48:00+00:00, run_after=2024-06-16 20:50:00+00:00
[2024-06-16T20:51:26.634+0000] {processor.py:183} INFO - Processing /home/airflow/.local/lib/python3.12/site-packages/airflow/example_dags/example_sla_dag.py took 0.090 seconds
[2024-06-16T20:51:57.027+0000] {processor.py:161} INFO - Started process (PID=2855) to work on /home/airflow/.local/lib/python3.12/site-packages/airflow/example_dags/example_sla_dag.py
[2024-06-16T20:51:57.031+0000] {processor.py:830} INFO - Processing file /home/airflow/.local/lib/python3.12/site-packages/airflow/example_dags/example_sla_dag.py for tasks to queue
[2024-06-16T20:51:57.033+0000] {logging_mixin.py:188} INFO - [2024-06-16T20:51:57.033+0000] {dagbag.py:545} INFO - Filling up the DagBag from /home/airflow/.local/lib/python3.12/site-packages/airflow/example_dags/example_sla_dag.py
[2024-06-16T20:51:57.041+0000] {processor.py:840} INFO - DAG(s) 'example_sla_dag' retrieved from /home/airflow/.local/lib/python3.12/site-packages/airflow/example_dags/example_sla_dag.py
[2024-06-16T20:51:57.059+0000] {logging_mixin.py:188} INFO - [2024-06-16T20:51:57.059+0000] {dag.py:3096} INFO - Sync 1 DAGs
[2024-06-16T20:51:57.082+0000] {logging_mixin.py:188} INFO - [2024-06-16T20:51:57.082+0000] {dag.py:3954} INFO - Setting next_dagrun for example_sla_dag to 2024-06-16 20:48:00+00:00, run_after=2024-06-16 20:50:00+00:00
[2024-06-16T20:51:57.101+0000] {processor.py:183} INFO - Processing /home/airflow/.local/lib/python3.12/site-packages/airflow/example_dags/example_sla_dag.py took 0.080 seconds
[2024-06-16T20:52:27.628+0000] {processor.py:161} INFO - Started process (PID=2913) to work on /home/airflow/.local/lib/python3.12/site-packages/airflow/example_dags/example_sla_dag.py
[2024-06-16T20:52:27.630+0000] {processor.py:830} INFO - Processing file /home/airflow/.local/lib/python3.12/site-packages/airflow/example_dags/example_sla_dag.py for tasks to queue
[2024-06-16T20:52:27.631+0000] {logging_mixin.py:188} INFO - [2024-06-16T20:52:27.631+0000] {dagbag.py:545} INFO - Filling up the DagBag from /home/airflow/.local/lib/python3.12/site-packages/airflow/example_dags/example_sla_dag.py
[2024-06-16T20:52:27.640+0000] {processor.py:840} INFO - DAG(s) 'example_sla_dag' retrieved from /home/airflow/.local/lib/python3.12/site-packages/airflow/example_dags/example_sla_dag.py
[2024-06-16T20:52:27.661+0000] {logging_mixin.py:188} INFO - [2024-06-16T20:52:27.660+0000] {dag.py:3096} INFO - Sync 1 DAGs
[2024-06-16T20:52:27.684+0000] {logging_mixin.py:188} INFO - [2024-06-16T20:52:27.684+0000] {dag.py:3954} INFO - Setting next_dagrun for example_sla_dag to 2024-06-16 20:50:00+00:00, run_after=2024-06-16 20:52:00+00:00
[2024-06-16T20:52:27.704+0000] {processor.py:183} INFO - Processing /home/airflow/.local/lib/python3.12/site-packages/airflow/example_dags/example_sla_dag.py took 0.083 seconds
[2024-06-16T20:52:58.041+0000] {processor.py:161} INFO - Started process (PID=2971) to work on /home/airflow/.local/lib/python3.12/site-packages/airflow/example_dags/example_sla_dag.py
[2024-06-16T20:52:58.043+0000] {processor.py:830} INFO - Processing file /home/airflow/.local/lib/python3.12/site-packages/airflow/example_dags/example_sla_dag.py for tasks to queue
[2024-06-16T20:52:58.044+0000] {logging_mixin.py:188} INFO - [2024-06-16T20:52:58.044+0000] {dagbag.py:545} INFO - Filling up the DagBag from /home/airflow/.local/lib/python3.12/site-packages/airflow/example_dags/example_sla_dag.py
[2024-06-16T20:52:58.052+0000] {processor.py:840} INFO - DAG(s) 'example_sla_dag' retrieved from /home/airflow/.local/lib/python3.12/site-packages/airflow/example_dags/example_sla_dag.py
[2024-06-16T20:52:58.073+0000] {logging_mixin.py:188} INFO - [2024-06-16T20:52:58.073+0000] {dag.py:3096} INFO - Sync 1 DAGs
[2024-06-16T20:52:58.097+0000] {logging_mixin.py:188} INFO - [2024-06-16T20:52:58.097+0000] {dag.py:3954} INFO - Setting next_dagrun for example_sla_dag to 2024-06-16 20:50:00+00:00, run_after=2024-06-16 20:52:00+00:00
[2024-06-16T20:52:58.117+0000] {processor.py:183} INFO - Processing /home/airflow/.local/lib/python3.12/site-packages/airflow/example_dags/example_sla_dag.py took 0.082 seconds
[2024-06-16T20:53:28.495+0000] {processor.py:161} INFO - Started process (PID=3029) to work on /home/airflow/.local/lib/python3.12/site-packages/airflow/example_dags/example_sla_dag.py
[2024-06-16T20:53:28.497+0000] {processor.py:830} INFO - Processing file /home/airflow/.local/lib/python3.12/site-packages/airflow/example_dags/example_sla_dag.py for tasks to queue
[2024-06-16T20:53:28.499+0000] {logging_mixin.py:188} INFO - [2024-06-16T20:53:28.498+0000] {dagbag.py:545} INFO - Filling up the DagBag from /home/airflow/.local/lib/python3.12/site-packages/airflow/example_dags/example_sla_dag.py
[2024-06-16T20:53:28.508+0000] {processor.py:840} INFO - DAG(s) 'example_sla_dag' retrieved from /home/airflow/.local/lib/python3.12/site-packages/airflow/example_dags/example_sla_dag.py
[2024-06-16T20:53:28.529+0000] {logging_mixin.py:188} INFO - [2024-06-16T20:53:28.528+0000] {dag.py:3096} INFO - Sync 1 DAGs
[2024-06-16T20:53:28.556+0000] {logging_mixin.py:188} INFO - [2024-06-16T20:53:28.556+0000] {dag.py:3954} INFO - Setting next_dagrun for example_sla_dag to 2024-06-16 20:50:00+00:00, run_after=2024-06-16 20:52:00+00:00
[2024-06-16T20:53:28.576+0000] {processor.py:183} INFO - Processing /home/airflow/.local/lib/python3.12/site-packages/airflow/example_dags/example_sla_dag.py took 0.087 seconds
[2024-06-16T20:53:59.050+0000] {processor.py:161} INFO - Started process (PID=3087) to work on /home/airflow/.local/lib/python3.12/site-packages/airflow/example_dags/example_sla_dag.py
[2024-06-16T20:53:59.051+0000] {processor.py:830} INFO - Processing file /home/airflow/.local/lib/python3.12/site-packages/airflow/example_dags/example_sla_dag.py for tasks to queue
[2024-06-16T20:53:59.053+0000] {logging_mixin.py:188} INFO - [2024-06-16T20:53:59.052+0000] {dagbag.py:545} INFO - Filling up the DagBag from /home/airflow/.local/lib/python3.12/site-packages/airflow/example_dags/example_sla_dag.py
[2024-06-16T20:53:59.062+0000] {processor.py:840} INFO - DAG(s) 'example_sla_dag' retrieved from /home/airflow/.local/lib/python3.12/site-packages/airflow/example_dags/example_sla_dag.py
[2024-06-16T20:53:59.083+0000] {logging_mixin.py:188} INFO - [2024-06-16T20:53:59.083+0000] {dag.py:3096} INFO - Sync 1 DAGs
[2024-06-16T20:53:59.106+0000] {logging_mixin.py:188} INFO - [2024-06-16T20:53:59.105+0000] {dag.py:3954} INFO - Setting next_dagrun for example_sla_dag to 2024-06-16 20:50:00+00:00, run_after=2024-06-16 20:52:00+00:00
[2024-06-16T20:53:59.124+0000] {processor.py:183} INFO - Processing /home/airflow/.local/lib/python3.12/site-packages/airflow/example_dags/example_sla_dag.py took 0.081 seconds
[2024-06-16T20:54:29.470+0000] {processor.py:161} INFO - Started process (PID=3145) to work on /home/airflow/.local/lib/python3.12/site-packages/airflow/example_dags/example_sla_dag.py
[2024-06-16T20:54:29.472+0000] {processor.py:830} INFO - Processing file /home/airflow/.local/lib/python3.12/site-packages/airflow/example_dags/example_sla_dag.py for tasks to queue
[2024-06-16T20:54:29.473+0000] {logging_mixin.py:188} INFO - [2024-06-16T20:54:29.473+0000] {dagbag.py:545} INFO - Filling up the DagBag from /home/airflow/.local/lib/python3.12/site-packages/airflow/example_dags/example_sla_dag.py
[2024-06-16T20:54:29.482+0000] {processor.py:840} INFO - DAG(s) 'example_sla_dag' retrieved from /home/airflow/.local/lib/python3.12/site-packages/airflow/example_dags/example_sla_dag.py
[2024-06-16T20:54:29.503+0000] {logging_mixin.py:188} INFO - [2024-06-16T20:54:29.502+0000] {dag.py:3096} INFO - Sync 1 DAGs
[2024-06-16T20:54:29.526+0000] {logging_mixin.py:188} INFO - [2024-06-16T20:54:29.525+0000] {dag.py:3954} INFO - Setting next_dagrun for example_sla_dag to 2024-06-16 20:52:00+00:00, run_after=2024-06-16 20:54:00+00:00
[2024-06-16T20:54:29.544+0000] {processor.py:183} INFO - Processing /home/airflow/.local/lib/python3.12/site-packages/airflow/example_dags/example_sla_dag.py took 0.080 seconds
[2024-06-16T20:54:59.903+0000] {processor.py:161} INFO - Started process (PID=3203) to work on /home/airflow/.local/lib/python3.12/site-packages/airflow/example_dags/example_sla_dag.py
[2024-06-16T20:54:59.905+0000] {processor.py:830} INFO - Processing file /home/airflow/.local/lib/python3.12/site-packages/airflow/example_dags/example_sla_dag.py for tasks to queue
[2024-06-16T20:54:59.906+0000] {logging_mixin.py:188} INFO - [2024-06-16T20:54:59.906+0000] {dagbag.py:545} INFO - Filling up the DagBag from /home/airflow/.local/lib/python3.12/site-packages/airflow/example_dags/example_sla_dag.py
[2024-06-16T20:54:59.915+0000] {processor.py:840} INFO - DAG(s) 'example_sla_dag' retrieved from /home/airflow/.local/lib/python3.12/site-packages/airflow/example_dags/example_sla_dag.py
[2024-06-16T20:54:59.934+0000] {logging_mixin.py:188} INFO - [2024-06-16T20:54:59.934+0000] {dag.py:3096} INFO - Sync 1 DAGs
[2024-06-16T20:54:59.958+0000] {logging_mixin.py:188} INFO - [2024-06-16T20:54:59.957+0000] {dag.py:3954} INFO - Setting next_dagrun for example_sla_dag to 2024-06-16 20:52:00+00:00, run_after=2024-06-16 20:54:00+00:00
[2024-06-16T20:54:59.976+0000] {processor.py:183} INFO - Processing /home/airflow/.local/lib/python3.12/site-packages/airflow/example_dags/example_sla_dag.py took 0.083 seconds
[2024-06-16T20:55:30.506+0000] {processor.py:161} INFO - Started process (PID=3261) to work on /home/airflow/.local/lib/python3.12/site-packages/airflow/example_dags/example_sla_dag.py
[2024-06-16T20:55:30.518+0000] {processor.py:830} INFO - Processing file /home/airflow/.local/lib/python3.12/site-packages/airflow/example_dags/example_sla_dag.py for tasks to queue
[2024-06-16T20:55:30.521+0000] {logging_mixin.py:188} INFO - [2024-06-16T20:55:30.521+0000] {dagbag.py:545} INFO - Filling up the DagBag from /home/airflow/.local/lib/python3.12/site-packages/airflow/example_dags/example_sla_dag.py
[2024-06-16T20:55:30.555+0000] {processor.py:840} INFO - DAG(s) 'example_sla_dag' retrieved from /home/airflow/.local/lib/python3.12/site-packages/airflow/example_dags/example_sla_dag.py
[2024-06-16T20:55:30.673+0000] {logging_mixin.py:188} INFO - [2024-06-16T20:55:30.672+0000] {dag.py:3096} INFO - Sync 1 DAGs
[2024-06-16T20:55:30.797+0000] {logging_mixin.py:188} INFO - [2024-06-16T20:55:30.797+0000] {dag.py:3954} INFO - Setting next_dagrun for example_sla_dag to 2024-06-16 20:52:00+00:00, run_after=2024-06-16 20:54:00+00:00
[2024-06-16T20:55:30.902+0000] {processor.py:183} INFO - Processing /home/airflow/.local/lib/python3.12/site-packages/airflow/example_dags/example_sla_dag.py took 0.413 seconds
[2024-06-16T20:56:01.564+0000] {processor.py:161} INFO - Started process (PID=3319) to work on /home/airflow/.local/lib/python3.12/site-packages/airflow/example_dags/example_sla_dag.py
[2024-06-16T20:56:01.565+0000] {processor.py:830} INFO - Processing file /home/airflow/.local/lib/python3.12/site-packages/airflow/example_dags/example_sla_dag.py for tasks to queue
[2024-06-16T20:56:01.566+0000] {logging_mixin.py:188} INFO - [2024-06-16T20:56:01.566+0000] {dagbag.py:545} INFO - Filling up the DagBag from /home/airflow/.local/lib/python3.12/site-packages/airflow/example_dags/example_sla_dag.py
[2024-06-16T20:56:01.575+0000] {processor.py:840} INFO - DAG(s) 'example_sla_dag' retrieved from /home/airflow/.local/lib/python3.12/site-packages/airflow/example_dags/example_sla_dag.py
[2024-06-16T20:56:01.595+0000] {logging_mixin.py:188} INFO - [2024-06-16T20:56:01.595+0000] {dag.py:3096} INFO - Sync 1 DAGs
[2024-06-16T20:56:01.622+0000] {logging_mixin.py:188} INFO - [2024-06-16T20:56:01.621+0000] {dag.py:3954} INFO - Setting next_dagrun for example_sla_dag to 2024-06-16 20:54:00+00:00, run_after=2024-06-16 20:56:00+00:00
[2024-06-16T20:56:01.642+0000] {processor.py:183} INFO - Processing /home/airflow/.local/lib/python3.12/site-packages/airflow/example_dags/example_sla_dag.py took 0.086 seconds
[2024-06-16T20:56:32.188+0000] {processor.py:161} INFO - Started process (PID=3377) to work on /home/airflow/.local/lib/python3.12/site-packages/airflow/example_dags/example_sla_dag.py
[2024-06-16T20:56:32.189+0000] {processor.py:830} INFO - Processing file /home/airflow/.local/lib/python3.12/site-packages/airflow/example_dags/example_sla_dag.py for tasks to queue
[2024-06-16T20:56:32.195+0000] {logging_mixin.py:188} INFO - [2024-06-16T20:56:32.193+0000] {dagbag.py:545} INFO - Filling up the DagBag from /home/airflow/.local/lib/python3.12/site-packages/airflow/example_dags/example_sla_dag.py
[2024-06-16T20:56:32.207+0000] {processor.py:840} INFO - DAG(s) 'example_sla_dag' retrieved from /home/airflow/.local/lib/python3.12/site-packages/airflow/example_dags/example_sla_dag.py
[2024-06-16T20:56:32.237+0000] {logging_mixin.py:188} INFO - [2024-06-16T20:56:32.237+0000] {dag.py:3096} INFO - Sync 1 DAGs
[2024-06-16T20:56:32.280+0000] {logging_mixin.py:188} INFO - [2024-06-16T20:56:32.280+0000] {dag.py:3954} INFO - Setting next_dagrun for example_sla_dag to 2024-06-16 20:54:00+00:00, run_after=2024-06-16 20:56:00+00:00
[2024-06-16T20:56:32.313+0000] {processor.py:183} INFO - Processing /home/airflow/.local/lib/python3.12/site-packages/airflow/example_dags/example_sla_dag.py took 0.133 seconds
[2024-06-16T20:57:02.958+0000] {processor.py:161} INFO - Started process (PID=3435) to work on /home/airflow/.local/lib/python3.12/site-packages/airflow/example_dags/example_sla_dag.py
[2024-06-16T20:57:02.959+0000] {processor.py:830} INFO - Processing file /home/airflow/.local/lib/python3.12/site-packages/airflow/example_dags/example_sla_dag.py for tasks to queue
[2024-06-16T20:57:02.961+0000] {logging_mixin.py:188} INFO - [2024-06-16T20:57:02.960+0000] {dagbag.py:545} INFO - Filling up the DagBag from /home/airflow/.local/lib/python3.12/site-packages/airflow/example_dags/example_sla_dag.py
[2024-06-16T20:57:02.970+0000] {processor.py:840} INFO - DAG(s) 'example_sla_dag' retrieved from /home/airflow/.local/lib/python3.12/site-packages/airflow/example_dags/example_sla_dag.py
[2024-06-16T20:57:02.993+0000] {logging_mixin.py:188} INFO - [2024-06-16T20:57:02.993+0000] {dag.py:3096} INFO - Sync 1 DAGs
[2024-06-16T20:57:03.028+0000] {logging_mixin.py:188} INFO - [2024-06-16T20:57:03.027+0000] {dag.py:3954} INFO - Setting next_dagrun for example_sla_dag to 2024-06-16 20:54:00+00:00, run_after=2024-06-16 20:56:00+00:00
[2024-06-16T20:57:03.080+0000] {processor.py:183} INFO - Processing /home/airflow/.local/lib/python3.12/site-packages/airflow/example_dags/example_sla_dag.py took 0.129 seconds
[2024-06-16T20:57:34.026+0000] {processor.py:161} INFO - Started process (PID=3499) to work on /home/airflow/.local/lib/python3.12/site-packages/airflow/example_dags/example_sla_dag.py
[2024-06-16T20:57:34.027+0000] {processor.py:830} INFO - Processing file /home/airflow/.local/lib/python3.12/site-packages/airflow/example_dags/example_sla_dag.py for tasks to queue
[2024-06-16T20:57:34.029+0000] {logging_mixin.py:188} INFO - [2024-06-16T20:57:34.029+0000] {dagbag.py:545} INFO - Filling up the DagBag from /home/airflow/.local/lib/python3.12/site-packages/airflow/example_dags/example_sla_dag.py
[2024-06-16T20:57:34.040+0000] {processor.py:840} INFO - DAG(s) 'example_sla_dag' retrieved from /home/airflow/.local/lib/python3.12/site-packages/airflow/example_dags/example_sla_dag.py
[2024-06-16T20:57:34.067+0000] {logging_mixin.py:188} INFO - [2024-06-16T20:57:34.067+0000] {dag.py:3096} INFO - Sync 1 DAGs
[2024-06-16T20:57:34.093+0000] {logging_mixin.py:188} INFO - [2024-06-16T20:57:34.093+0000] {dag.py:3954} INFO - Setting next_dagrun for example_sla_dag to 2024-06-16 20:54:00+00:00, run_after=2024-06-16 20:56:00+00:00
[2024-06-16T20:57:34.113+0000] {processor.py:183} INFO - Processing /home/airflow/.local/lib/python3.12/site-packages/airflow/example_dags/example_sla_dag.py took 0.093 seconds
[2024-06-16T20:58:04.235+0000] {processor.py:161} INFO - Started process (PID=3557) to work on /home/airflow/.local/lib/python3.12/site-packages/airflow/example_dags/example_sla_dag.py
[2024-06-16T20:58:04.237+0000] {processor.py:830} INFO - Processing file /home/airflow/.local/lib/python3.12/site-packages/airflow/example_dags/example_sla_dag.py for tasks to queue
[2024-06-16T20:58:04.238+0000] {logging_mixin.py:188} INFO - [2024-06-16T20:58:04.238+0000] {dagbag.py:545} INFO - Filling up the DagBag from /home/airflow/.local/lib/python3.12/site-packages/airflow/example_dags/example_sla_dag.py
[2024-06-16T20:58:04.247+0000] {processor.py:840} INFO - DAG(s) 'example_sla_dag' retrieved from /home/airflow/.local/lib/python3.12/site-packages/airflow/example_dags/example_sla_dag.py
[2024-06-16T20:58:04.265+0000] {logging_mixin.py:188} INFO - [2024-06-16T20:58:04.265+0000] {dag.py:3096} INFO - Sync 1 DAGs
[2024-06-16T20:58:04.288+0000] {logging_mixin.py:188} INFO - [2024-06-16T20:58:04.288+0000] {dag.py:3954} INFO - Setting next_dagrun for example_sla_dag to 2024-06-16 20:56:00+00:00, run_after=2024-06-16 20:58:00+00:00
[2024-06-16T20:58:04.312+0000] {processor.py:183} INFO - Processing /home/airflow/.local/lib/python3.12/site-packages/airflow/example_dags/example_sla_dag.py took 0.082 seconds
[2024-06-16T20:58:34.493+0000] {processor.py:161} INFO - Started process (PID=3615) to work on /home/airflow/.local/lib/python3.12/site-packages/airflow/example_dags/example_sla_dag.py
[2024-06-16T20:58:34.495+0000] {processor.py:830} INFO - Processing file /home/airflow/.local/lib/python3.12/site-packages/airflow/example_dags/example_sla_dag.py for tasks to queue
[2024-06-16T20:58:34.497+0000] {logging_mixin.py:188} INFO - [2024-06-16T20:58:34.497+0000] {dagbag.py:545} INFO - Filling up the DagBag from /home/airflow/.local/lib/python3.12/site-packages/airflow/example_dags/example_sla_dag.py
[2024-06-16T20:58:34.507+0000] {processor.py:840} INFO - DAG(s) 'example_sla_dag' retrieved from /home/airflow/.local/lib/python3.12/site-packages/airflow/example_dags/example_sla_dag.py
[2024-06-16T20:58:34.528+0000] {logging_mixin.py:188} INFO - [2024-06-16T20:58:34.527+0000] {dag.py:3096} INFO - Sync 1 DAGs
[2024-06-16T20:58:34.552+0000] {logging_mixin.py:188} INFO - [2024-06-16T20:58:34.552+0000] {dag.py:3954} INFO - Setting next_dagrun for example_sla_dag to 2024-06-16 20:56:00+00:00, run_after=2024-06-16 20:58:00+00:00
[2024-06-16T20:58:34.571+0000] {processor.py:183} INFO - Processing /home/airflow/.local/lib/python3.12/site-packages/airflow/example_dags/example_sla_dag.py took 0.087 seconds
[2024-06-16T20:59:04.647+0000] {processor.py:161} INFO - Started process (PID=3673) to work on /home/airflow/.local/lib/python3.12/site-packages/airflow/example_dags/example_sla_dag.py
[2024-06-16T20:59:04.648+0000] {processor.py:830} INFO - Processing file /home/airflow/.local/lib/python3.12/site-packages/airflow/example_dags/example_sla_dag.py for tasks to queue
[2024-06-16T20:59:04.651+0000] {logging_mixin.py:188} INFO - [2024-06-16T20:59:04.650+0000] {dagbag.py:545} INFO - Filling up the DagBag from /home/airflow/.local/lib/python3.12/site-packages/airflow/example_dags/example_sla_dag.py
[2024-06-16T20:59:04.660+0000] {processor.py:840} INFO - DAG(s) 'example_sla_dag' retrieved from /home/airflow/.local/lib/python3.12/site-packages/airflow/example_dags/example_sla_dag.py
[2024-06-16T20:59:04.683+0000] {logging_mixin.py:188} INFO - [2024-06-16T20:59:04.682+0000] {dag.py:3096} INFO - Sync 1 DAGs
[2024-06-16T20:59:04.713+0000] {logging_mixin.py:188} INFO - [2024-06-16T20:59:04.713+0000] {dag.py:3954} INFO - Setting next_dagrun for example_sla_dag to 2024-06-16 20:56:00+00:00, run_after=2024-06-16 20:58:00+00:00
[2024-06-16T20:59:04.733+0000] {processor.py:183} INFO - Processing /home/airflow/.local/lib/python3.12/site-packages/airflow/example_dags/example_sla_dag.py took 0.093 seconds
[2024-06-16T20:59:34.857+0000] {processor.py:161} INFO - Started process (PID=3731) to work on /home/airflow/.local/lib/python3.12/site-packages/airflow/example_dags/example_sla_dag.py
[2024-06-16T20:59:34.858+0000] {processor.py:830} INFO - Processing file /home/airflow/.local/lib/python3.12/site-packages/airflow/example_dags/example_sla_dag.py for tasks to queue
[2024-06-16T20:59:34.860+0000] {logging_mixin.py:188} INFO - [2024-06-16T20:59:34.860+0000] {dagbag.py:545} INFO - Filling up the DagBag from /home/airflow/.local/lib/python3.12/site-packages/airflow/example_dags/example_sla_dag.py
[2024-06-16T20:59:34.873+0000] {processor.py:840} INFO - DAG(s) 'example_sla_dag' retrieved from /home/airflow/.local/lib/python3.12/site-packages/airflow/example_dags/example_sla_dag.py
[2024-06-16T20:59:34.903+0000] {logging_mixin.py:188} INFO - [2024-06-16T20:59:34.903+0000] {dag.py:3096} INFO - Sync 1 DAGs
[2024-06-16T20:59:34.936+0000] {logging_mixin.py:188} INFO - [2024-06-16T20:59:34.935+0000] {dag.py:3954} INFO - Setting next_dagrun for example_sla_dag to 2024-06-16 20:56:00+00:00, run_after=2024-06-16 20:58:00+00:00
[2024-06-16T20:59:34.964+0000] {processor.py:183} INFO - Processing /home/airflow/.local/lib/python3.12/site-packages/airflow/example_dags/example_sla_dag.py took 0.116 seconds
