[2024-06-16T20:27:27.664+0000] {processor.py:161} INFO - Started process (PID=55) to work on /home/airflow/.local/lib/python3.12/site-packages/airflow/example_dags/example_task_group.py
[2024-06-16T20:27:27.665+0000] {processor.py:830} INFO - Processing file /home/airflow/.local/lib/python3.12/site-packages/airflow/example_dags/example_task_group.py for tasks to queue
[2024-06-16T20:27:27.667+0000] {logging_mixin.py:188} INFO - [2024-06-16T20:27:27.666+0000] {dagbag.py:545} INFO - Filling up the DagBag from /home/airflow/.local/lib/python3.12/site-packages/airflow/example_dags/example_task_group.py
[2024-06-16T20:27:27.675+0000] {processor.py:840} INFO - DAG(s) 'example_task_group' retrieved from /home/airflow/.local/lib/python3.12/site-packages/airflow/example_dags/example_task_group.py
[2024-06-16T20:27:27.783+0000] {logging_mixin.py:188} INFO - [2024-06-16T20:27:27.783+0000] {dag.py:3096} INFO - Sync 1 DAGs
[2024-06-16T20:27:27.805+0000] {logging_mixin.py:188} INFO - [2024-06-16T20:27:27.805+0000] {dag.py:3954} INFO - Setting next_dagrun for example_task_group to 2024-06-15 00:00:00+00:00, run_after=2024-06-16 00:00:00+00:00
[2024-06-16T20:27:27.832+0000] {processor.py:183} INFO - Processing /home/airflow/.local/lib/python3.12/site-packages/airflow/example_dags/example_task_group.py took 0.174 seconds
[2024-06-16T20:27:58.303+0000] {processor.py:161} INFO - Started process (PID=114) to work on /home/airflow/.local/lib/python3.12/site-packages/airflow/example_dags/example_task_group.py
[2024-06-16T20:27:58.304+0000] {processor.py:830} INFO - Processing file /home/airflow/.local/lib/python3.12/site-packages/airflow/example_dags/example_task_group.py for tasks to queue
[2024-06-16T20:27:58.306+0000] {logging_mixin.py:188} INFO - [2024-06-16T20:27:58.305+0000] {dagbag.py:545} INFO - Filling up the DagBag from /home/airflow/.local/lib/python3.12/site-packages/airflow/example_dags/example_task_group.py
[2024-06-16T20:27:58.313+0000] {processor.py:840} INFO - DAG(s) 'example_task_group' retrieved from /home/airflow/.local/lib/python3.12/site-packages/airflow/example_dags/example_task_group.py
[2024-06-16T20:27:58.334+0000] {logging_mixin.py:188} INFO - [2024-06-16T20:27:58.333+0000] {dag.py:3096} INFO - Sync 1 DAGs
[2024-06-16T20:27:58.356+0000] {logging_mixin.py:188} INFO - [2024-06-16T20:27:58.356+0000] {dag.py:3954} INFO - Setting next_dagrun for example_task_group to 2024-06-15 00:00:00+00:00, run_after=2024-06-16 00:00:00+00:00
[2024-06-16T20:27:58.375+0000] {processor.py:183} INFO - Processing /home/airflow/.local/lib/python3.12/site-packages/airflow/example_dags/example_task_group.py took 0.078 seconds
[2024-06-16T20:28:28.941+0000] {processor.py:161} INFO - Started process (PID=172) to work on /home/airflow/.local/lib/python3.12/site-packages/airflow/example_dags/example_task_group.py
[2024-06-16T20:28:28.941+0000] {processor.py:830} INFO - Processing file /home/airflow/.local/lib/python3.12/site-packages/airflow/example_dags/example_task_group.py for tasks to queue
[2024-06-16T20:28:28.943+0000] {logging_mixin.py:188} INFO - [2024-06-16T20:28:28.943+0000] {dagbag.py:545} INFO - Filling up the DagBag from /home/airflow/.local/lib/python3.12/site-packages/airflow/example_dags/example_task_group.py
[2024-06-16T20:28:28.950+0000] {processor.py:840} INFO - DAG(s) 'example_task_group' retrieved from /home/airflow/.local/lib/python3.12/site-packages/airflow/example_dags/example_task_group.py
[2024-06-16T20:28:28.972+0000] {logging_mixin.py:188} INFO - [2024-06-16T20:28:28.972+0000] {dag.py:3096} INFO - Sync 1 DAGs
[2024-06-16T20:28:28.993+0000] {logging_mixin.py:188} INFO - [2024-06-16T20:28:28.993+0000] {dag.py:3954} INFO - Setting next_dagrun for example_task_group to 2024-06-15 00:00:00+00:00, run_after=2024-06-16 00:00:00+00:00
[2024-06-16T20:28:29.013+0000] {processor.py:183} INFO - Processing /home/airflow/.local/lib/python3.12/site-packages/airflow/example_dags/example_task_group.py took 0.079 seconds
[2024-06-16T20:28:59.471+0000] {processor.py:161} INFO - Started process (PID=230) to work on /home/airflow/.local/lib/python3.12/site-packages/airflow/example_dags/example_task_group.py
[2024-06-16T20:28:59.473+0000] {processor.py:830} INFO - Processing file /home/airflow/.local/lib/python3.12/site-packages/airflow/example_dags/example_task_group.py for tasks to queue
[2024-06-16T20:28:59.475+0000] {logging_mixin.py:188} INFO - [2024-06-16T20:28:59.474+0000] {dagbag.py:545} INFO - Filling up the DagBag from /home/airflow/.local/lib/python3.12/site-packages/airflow/example_dags/example_task_group.py
[2024-06-16T20:28:59.482+0000] {processor.py:840} INFO - DAG(s) 'example_task_group' retrieved from /home/airflow/.local/lib/python3.12/site-packages/airflow/example_dags/example_task_group.py
[2024-06-16T20:28:59.505+0000] {logging_mixin.py:188} INFO - [2024-06-16T20:28:59.505+0000] {dag.py:3096} INFO - Sync 1 DAGs
[2024-06-16T20:28:59.526+0000] {logging_mixin.py:188} INFO - [2024-06-16T20:28:59.526+0000] {dag.py:3954} INFO - Setting next_dagrun for example_task_group to 2024-06-15 00:00:00+00:00, run_after=2024-06-16 00:00:00+00:00
[2024-06-16T20:28:59.545+0000] {processor.py:183} INFO - Processing /home/airflow/.local/lib/python3.12/site-packages/airflow/example_dags/example_task_group.py took 0.080 seconds
[2024-06-16T20:29:30.104+0000] {processor.py:161} INFO - Started process (PID=288) to work on /home/airflow/.local/lib/python3.12/site-packages/airflow/example_dags/example_task_group.py
[2024-06-16T20:29:30.105+0000] {processor.py:830} INFO - Processing file /home/airflow/.local/lib/python3.12/site-packages/airflow/example_dags/example_task_group.py for tasks to queue
[2024-06-16T20:29:30.107+0000] {logging_mixin.py:188} INFO - [2024-06-16T20:29:30.106+0000] {dagbag.py:545} INFO - Filling up the DagBag from /home/airflow/.local/lib/python3.12/site-packages/airflow/example_dags/example_task_group.py
[2024-06-16T20:29:30.113+0000] {processor.py:840} INFO - DAG(s) 'example_task_group' retrieved from /home/airflow/.local/lib/python3.12/site-packages/airflow/example_dags/example_task_group.py
[2024-06-16T20:29:30.135+0000] {logging_mixin.py:188} INFO - [2024-06-16T20:29:30.135+0000] {dag.py:3096} INFO - Sync 1 DAGs
[2024-06-16T20:29:30.157+0000] {logging_mixin.py:188} INFO - [2024-06-16T20:29:30.156+0000] {dag.py:3954} INFO - Setting next_dagrun for example_task_group to 2024-06-15 00:00:00+00:00, run_after=2024-06-16 00:00:00+00:00
[2024-06-16T20:29:30.176+0000] {processor.py:183} INFO - Processing /home/airflow/.local/lib/python3.12/site-packages/airflow/example_dags/example_task_group.py took 0.077 seconds
[2024-06-16T20:30:01.087+0000] {processor.py:161} INFO - Started process (PID=352) to work on /home/airflow/.local/lib/python3.12/site-packages/airflow/example_dags/example_task_group.py
[2024-06-16T20:30:01.089+0000] {processor.py:830} INFO - Processing file /home/airflow/.local/lib/python3.12/site-packages/airflow/example_dags/example_task_group.py for tasks to queue
[2024-06-16T20:30:01.091+0000] {logging_mixin.py:188} INFO - [2024-06-16T20:30:01.090+0000] {dagbag.py:545} INFO - Filling up the DagBag from /home/airflow/.local/lib/python3.12/site-packages/airflow/example_dags/example_task_group.py
[2024-06-16T20:30:01.097+0000] {processor.py:840} INFO - DAG(s) 'example_task_group' retrieved from /home/airflow/.local/lib/python3.12/site-packages/airflow/example_dags/example_task_group.py
[2024-06-16T20:30:01.119+0000] {logging_mixin.py:188} INFO - [2024-06-16T20:30:01.119+0000] {dag.py:3096} INFO - Sync 1 DAGs
[2024-06-16T20:30:01.142+0000] {logging_mixin.py:188} INFO - [2024-06-16T20:30:01.141+0000] {dag.py:3954} INFO - Setting next_dagrun for example_task_group to 2024-06-15 00:00:00+00:00, run_after=2024-06-16 00:00:00+00:00
[2024-06-16T20:30:01.160+0000] {processor.py:183} INFO - Processing /home/airflow/.local/lib/python3.12/site-packages/airflow/example_dags/example_task_group.py took 0.079 seconds
[2024-06-16T20:30:31.616+0000] {processor.py:161} INFO - Started process (PID=410) to work on /home/airflow/.local/lib/python3.12/site-packages/airflow/example_dags/example_task_group.py
[2024-06-16T20:30:31.617+0000] {processor.py:830} INFO - Processing file /home/airflow/.local/lib/python3.12/site-packages/airflow/example_dags/example_task_group.py for tasks to queue
[2024-06-16T20:30:31.619+0000] {logging_mixin.py:188} INFO - [2024-06-16T20:30:31.619+0000] {dagbag.py:545} INFO - Filling up the DagBag from /home/airflow/.local/lib/python3.12/site-packages/airflow/example_dags/example_task_group.py
[2024-06-16T20:30:31.627+0000] {processor.py:840} INFO - DAG(s) 'example_task_group' retrieved from /home/airflow/.local/lib/python3.12/site-packages/airflow/example_dags/example_task_group.py
[2024-06-16T20:30:31.651+0000] {logging_mixin.py:188} INFO - [2024-06-16T20:30:31.650+0000] {dag.py:3096} INFO - Sync 1 DAGs
[2024-06-16T20:30:31.674+0000] {logging_mixin.py:188} INFO - [2024-06-16T20:30:31.674+0000] {dag.py:3954} INFO - Setting next_dagrun for example_task_group to 2024-06-15 00:00:00+00:00, run_after=2024-06-16 00:00:00+00:00
[2024-06-16T20:30:31.695+0000] {processor.py:183} INFO - Processing /home/airflow/.local/lib/python3.12/site-packages/airflow/example_dags/example_task_group.py took 0.086 seconds
[2024-06-16T20:31:02.087+0000] {processor.py:161} INFO - Started process (PID=468) to work on /home/airflow/.local/lib/python3.12/site-packages/airflow/example_dags/example_task_group.py
[2024-06-16T20:31:02.089+0000] {processor.py:830} INFO - Processing file /home/airflow/.local/lib/python3.12/site-packages/airflow/example_dags/example_task_group.py for tasks to queue
[2024-06-16T20:31:02.092+0000] {logging_mixin.py:188} INFO - [2024-06-16T20:31:02.091+0000] {dagbag.py:545} INFO - Filling up the DagBag from /home/airflow/.local/lib/python3.12/site-packages/airflow/example_dags/example_task_group.py
[2024-06-16T20:31:02.103+0000] {processor.py:840} INFO - DAG(s) 'example_task_group' retrieved from /home/airflow/.local/lib/python3.12/site-packages/airflow/example_dags/example_task_group.py
[2024-06-16T20:31:02.146+0000] {logging_mixin.py:188} INFO - [2024-06-16T20:31:02.145+0000] {dag.py:3096} INFO - Sync 1 DAGs
[2024-06-16T20:31:02.193+0000] {logging_mixin.py:188} INFO - [2024-06-16T20:31:02.193+0000] {dag.py:3954} INFO - Setting next_dagrun for example_task_group to 2024-06-15 00:00:00+00:00, run_after=2024-06-16 00:00:00+00:00
[2024-06-16T20:31:02.230+0000] {processor.py:183} INFO - Processing /home/airflow/.local/lib/python3.12/site-packages/airflow/example_dags/example_task_group.py took 0.151 seconds
[2024-06-16T20:31:32.488+0000] {processor.py:161} INFO - Started process (PID=526) to work on /home/airflow/.local/lib/python3.12/site-packages/airflow/example_dags/example_task_group.py
[2024-06-16T20:31:32.489+0000] {processor.py:830} INFO - Processing file /home/airflow/.local/lib/python3.12/site-packages/airflow/example_dags/example_task_group.py for tasks to queue
[2024-06-16T20:31:32.491+0000] {logging_mixin.py:188} INFO - [2024-06-16T20:31:32.490+0000] {dagbag.py:545} INFO - Filling up the DagBag from /home/airflow/.local/lib/python3.12/site-packages/airflow/example_dags/example_task_group.py
[2024-06-16T20:31:32.498+0000] {processor.py:840} INFO - DAG(s) 'example_task_group' retrieved from /home/airflow/.local/lib/python3.12/site-packages/airflow/example_dags/example_task_group.py
[2024-06-16T20:31:32.521+0000] {logging_mixin.py:188} INFO - [2024-06-16T20:31:32.520+0000] {dag.py:3096} INFO - Sync 1 DAGs
[2024-06-16T20:31:32.542+0000] {logging_mixin.py:188} INFO - [2024-06-16T20:31:32.542+0000] {dag.py:3954} INFO - Setting next_dagrun for example_task_group to 2024-06-15 00:00:00+00:00, run_after=2024-06-16 00:00:00+00:00
[2024-06-16T20:31:32.562+0000] {processor.py:183} INFO - Processing /home/airflow/.local/lib/python3.12/site-packages/airflow/example_dags/example_task_group.py took 0.082 seconds
[2024-06-16T20:32:03.152+0000] {processor.py:161} INFO - Started process (PID=584) to work on /home/airflow/.local/lib/python3.12/site-packages/airflow/example_dags/example_task_group.py
[2024-06-16T20:32:03.153+0000] {processor.py:830} INFO - Processing file /home/airflow/.local/lib/python3.12/site-packages/airflow/example_dags/example_task_group.py for tasks to queue
[2024-06-16T20:32:03.155+0000] {logging_mixin.py:188} INFO - [2024-06-16T20:32:03.154+0000] {dagbag.py:545} INFO - Filling up the DagBag from /home/airflow/.local/lib/python3.12/site-packages/airflow/example_dags/example_task_group.py
[2024-06-16T20:32:03.161+0000] {processor.py:840} INFO - DAG(s) 'example_task_group' retrieved from /home/airflow/.local/lib/python3.12/site-packages/airflow/example_dags/example_task_group.py
[2024-06-16T20:32:03.184+0000] {logging_mixin.py:188} INFO - [2024-06-16T20:32:03.184+0000] {dag.py:3096} INFO - Sync 1 DAGs
[2024-06-16T20:32:03.206+0000] {logging_mixin.py:188} INFO - [2024-06-16T20:32:03.206+0000] {dag.py:3954} INFO - Setting next_dagrun for example_task_group to 2024-06-15 00:00:00+00:00, run_after=2024-06-16 00:00:00+00:00
[2024-06-16T20:32:03.227+0000] {processor.py:183} INFO - Processing /home/airflow/.local/lib/python3.12/site-packages/airflow/example_dags/example_task_group.py took 0.081 seconds
[2024-06-16T20:32:33.859+0000] {processor.py:161} INFO - Started process (PID=642) to work on /home/airflow/.local/lib/python3.12/site-packages/airflow/example_dags/example_task_group.py
[2024-06-16T20:32:33.860+0000] {processor.py:830} INFO - Processing file /home/airflow/.local/lib/python3.12/site-packages/airflow/example_dags/example_task_group.py for tasks to queue
[2024-06-16T20:32:33.862+0000] {logging_mixin.py:188} INFO - [2024-06-16T20:32:33.862+0000] {dagbag.py:545} INFO - Filling up the DagBag from /home/airflow/.local/lib/python3.12/site-packages/airflow/example_dags/example_task_group.py
[2024-06-16T20:32:33.869+0000] {processor.py:840} INFO - DAG(s) 'example_task_group' retrieved from /home/airflow/.local/lib/python3.12/site-packages/airflow/example_dags/example_task_group.py
[2024-06-16T20:32:33.889+0000] {logging_mixin.py:188} INFO - [2024-06-16T20:32:33.889+0000] {dag.py:3096} INFO - Sync 1 DAGs
[2024-06-16T20:32:33.910+0000] {logging_mixin.py:188} INFO - [2024-06-16T20:32:33.910+0000] {dag.py:3954} INFO - Setting next_dagrun for example_task_group to 2024-06-15 00:00:00+00:00, run_after=2024-06-16 00:00:00+00:00
[2024-06-16T20:32:33.929+0000] {processor.py:183} INFO - Processing /home/airflow/.local/lib/python3.12/site-packages/airflow/example_dags/example_task_group.py took 0.075 seconds
[2024-06-16T20:33:04.445+0000] {processor.py:161} INFO - Started process (PID=700) to work on /home/airflow/.local/lib/python3.12/site-packages/airflow/example_dags/example_task_group.py
[2024-06-16T20:33:04.446+0000] {processor.py:830} INFO - Processing file /home/airflow/.local/lib/python3.12/site-packages/airflow/example_dags/example_task_group.py for tasks to queue
[2024-06-16T20:33:04.448+0000] {logging_mixin.py:188} INFO - [2024-06-16T20:33:04.447+0000] {dagbag.py:545} INFO - Filling up the DagBag from /home/airflow/.local/lib/python3.12/site-packages/airflow/example_dags/example_task_group.py
[2024-06-16T20:33:04.455+0000] {processor.py:840} INFO - DAG(s) 'example_task_group' retrieved from /home/airflow/.local/lib/python3.12/site-packages/airflow/example_dags/example_task_group.py
[2024-06-16T20:33:04.478+0000] {logging_mixin.py:188} INFO - [2024-06-16T20:33:04.478+0000] {dag.py:3096} INFO - Sync 1 DAGs
[2024-06-16T20:33:04.502+0000] {logging_mixin.py:188} INFO - [2024-06-16T20:33:04.502+0000] {dag.py:3954} INFO - Setting next_dagrun for example_task_group to 2024-06-15 00:00:00+00:00, run_after=2024-06-16 00:00:00+00:00
[2024-06-16T20:33:04.521+0000] {processor.py:183} INFO - Processing /home/airflow/.local/lib/python3.12/site-packages/airflow/example_dags/example_task_group.py took 0.082 seconds
[2024-06-16T20:33:35.081+0000] {processor.py:161} INFO - Started process (PID=758) to work on /home/airflow/.local/lib/python3.12/site-packages/airflow/example_dags/example_task_group.py
[2024-06-16T20:33:35.083+0000] {processor.py:830} INFO - Processing file /home/airflow/.local/lib/python3.12/site-packages/airflow/example_dags/example_task_group.py for tasks to queue
[2024-06-16T20:33:35.085+0000] {logging_mixin.py:188} INFO - [2024-06-16T20:33:35.085+0000] {dagbag.py:545} INFO - Filling up the DagBag from /home/airflow/.local/lib/python3.12/site-packages/airflow/example_dags/example_task_group.py
[2024-06-16T20:33:35.094+0000] {processor.py:840} INFO - DAG(s) 'example_task_group' retrieved from /home/airflow/.local/lib/python3.12/site-packages/airflow/example_dags/example_task_group.py
[2024-06-16T20:33:35.115+0000] {logging_mixin.py:188} INFO - [2024-06-16T20:33:35.115+0000] {dag.py:3096} INFO - Sync 1 DAGs
[2024-06-16T20:33:35.138+0000] {logging_mixin.py:188} INFO - [2024-06-16T20:33:35.137+0000] {dag.py:3954} INFO - Setting next_dagrun for example_task_group to 2024-06-15 00:00:00+00:00, run_after=2024-06-16 00:00:00+00:00
[2024-06-16T20:33:35.158+0000] {processor.py:183} INFO - Processing /home/airflow/.local/lib/python3.12/site-packages/airflow/example_dags/example_task_group.py took 0.082 seconds
[2024-06-16T20:34:05.767+0000] {processor.py:161} INFO - Started process (PID=816) to work on /home/airflow/.local/lib/python3.12/site-packages/airflow/example_dags/example_task_group.py
[2024-06-16T20:34:05.768+0000] {processor.py:830} INFO - Processing file /home/airflow/.local/lib/python3.12/site-packages/airflow/example_dags/example_task_group.py for tasks to queue
[2024-06-16T20:34:05.770+0000] {logging_mixin.py:188} INFO - [2024-06-16T20:34:05.769+0000] {dagbag.py:545} INFO - Filling up the DagBag from /home/airflow/.local/lib/python3.12/site-packages/airflow/example_dags/example_task_group.py
[2024-06-16T20:34:05.776+0000] {processor.py:840} INFO - DAG(s) 'example_task_group' retrieved from /home/airflow/.local/lib/python3.12/site-packages/airflow/example_dags/example_task_group.py
[2024-06-16T20:34:05.797+0000] {logging_mixin.py:188} INFO - [2024-06-16T20:34:05.797+0000] {dag.py:3096} INFO - Sync 1 DAGs
[2024-06-16T20:34:05.818+0000] {logging_mixin.py:188} INFO - [2024-06-16T20:34:05.818+0000] {dag.py:3954} INFO - Setting next_dagrun for example_task_group to 2024-06-15 00:00:00+00:00, run_after=2024-06-16 00:00:00+00:00
[2024-06-16T20:34:05.838+0000] {processor.py:183} INFO - Processing /home/airflow/.local/lib/python3.12/site-packages/airflow/example_dags/example_task_group.py took 0.076 seconds
[2024-06-16T20:34:36.230+0000] {processor.py:161} INFO - Started process (PID=874) to work on /home/airflow/.local/lib/python3.12/site-packages/airflow/example_dags/example_task_group.py
[2024-06-16T20:34:36.231+0000] {processor.py:830} INFO - Processing file /home/airflow/.local/lib/python3.12/site-packages/airflow/example_dags/example_task_group.py for tasks to queue
[2024-06-16T20:34:36.232+0000] {logging_mixin.py:188} INFO - [2024-06-16T20:34:36.232+0000] {dagbag.py:545} INFO - Filling up the DagBag from /home/airflow/.local/lib/python3.12/site-packages/airflow/example_dags/example_task_group.py
[2024-06-16T20:34:36.239+0000] {processor.py:840} INFO - DAG(s) 'example_task_group' retrieved from /home/airflow/.local/lib/python3.12/site-packages/airflow/example_dags/example_task_group.py
[2024-06-16T20:34:36.265+0000] {logging_mixin.py:188} INFO - [2024-06-16T20:34:36.265+0000] {dag.py:3096} INFO - Sync 1 DAGs
[2024-06-16T20:34:36.291+0000] {logging_mixin.py:188} INFO - [2024-06-16T20:34:36.290+0000] {dag.py:3954} INFO - Setting next_dagrun for example_task_group to 2024-06-15 00:00:00+00:00, run_after=2024-06-16 00:00:00+00:00
[2024-06-16T20:34:36.311+0000] {processor.py:183} INFO - Processing /home/airflow/.local/lib/python3.12/site-packages/airflow/example_dags/example_task_group.py took 0.087 seconds
[2024-06-16T20:35:07.396+0000] {processor.py:161} INFO - Started process (PID=932) to work on /home/airflow/.local/lib/python3.12/site-packages/airflow/example_dags/example_task_group.py
[2024-06-16T20:35:07.397+0000] {processor.py:830} INFO - Processing file /home/airflow/.local/lib/python3.12/site-packages/airflow/example_dags/example_task_group.py for tasks to queue
[2024-06-16T20:35:07.399+0000] {logging_mixin.py:188} INFO - [2024-06-16T20:35:07.399+0000] {dagbag.py:545} INFO - Filling up the DagBag from /home/airflow/.local/lib/python3.12/site-packages/airflow/example_dags/example_task_group.py
[2024-06-16T20:35:07.407+0000] {processor.py:840} INFO - DAG(s) 'example_task_group' retrieved from /home/airflow/.local/lib/python3.12/site-packages/airflow/example_dags/example_task_group.py
[2024-06-16T20:35:07.433+0000] {logging_mixin.py:188} INFO - [2024-06-16T20:35:07.433+0000] {dag.py:3096} INFO - Sync 1 DAGs
[2024-06-16T20:35:07.460+0000] {logging_mixin.py:188} INFO - [2024-06-16T20:35:07.459+0000] {dag.py:3954} INFO - Setting next_dagrun for example_task_group to 2024-06-15 00:00:00+00:00, run_after=2024-06-16 00:00:00+00:00
[2024-06-16T20:35:07.490+0000] {processor.py:183} INFO - Processing /home/airflow/.local/lib/python3.12/site-packages/airflow/example_dags/example_task_group.py took 0.102 seconds
[2024-06-16T20:35:37.570+0000] {processor.py:161} INFO - Started process (PID=990) to work on /home/airflow/.local/lib/python3.12/site-packages/airflow/example_dags/example_task_group.py
[2024-06-16T20:35:37.571+0000] {processor.py:830} INFO - Processing file /home/airflow/.local/lib/python3.12/site-packages/airflow/example_dags/example_task_group.py for tasks to queue
[2024-06-16T20:35:37.572+0000] {logging_mixin.py:188} INFO - [2024-06-16T20:35:37.572+0000] {dagbag.py:545} INFO - Filling up the DagBag from /home/airflow/.local/lib/python3.12/site-packages/airflow/example_dags/example_task_group.py
[2024-06-16T20:35:37.579+0000] {processor.py:840} INFO - DAG(s) 'example_task_group' retrieved from /home/airflow/.local/lib/python3.12/site-packages/airflow/example_dags/example_task_group.py
[2024-06-16T20:35:37.600+0000] {logging_mixin.py:188} INFO - [2024-06-16T20:35:37.600+0000] {dag.py:3096} INFO - Sync 1 DAGs
[2024-06-16T20:35:37.624+0000] {logging_mixin.py:188} INFO - [2024-06-16T20:35:37.623+0000] {dag.py:3954} INFO - Setting next_dagrun for example_task_group to 2024-06-15 00:00:00+00:00, run_after=2024-06-16 00:00:00+00:00
[2024-06-16T20:35:37.646+0000] {processor.py:183} INFO - Processing /home/airflow/.local/lib/python3.12/site-packages/airflow/example_dags/example_task_group.py took 0.083 seconds
[2024-06-16T20:36:07.715+0000] {processor.py:161} INFO - Started process (PID=1048) to work on /home/airflow/.local/lib/python3.12/site-packages/airflow/example_dags/example_task_group.py
[2024-06-16T20:36:07.716+0000] {processor.py:830} INFO - Processing file /home/airflow/.local/lib/python3.12/site-packages/airflow/example_dags/example_task_group.py for tasks to queue
[2024-06-16T20:36:07.718+0000] {logging_mixin.py:188} INFO - [2024-06-16T20:36:07.718+0000] {dagbag.py:545} INFO - Filling up the DagBag from /home/airflow/.local/lib/python3.12/site-packages/airflow/example_dags/example_task_group.py
[2024-06-16T20:36:07.725+0000] {processor.py:840} INFO - DAG(s) 'example_task_group' retrieved from /home/airflow/.local/lib/python3.12/site-packages/airflow/example_dags/example_task_group.py
[2024-06-16T20:36:07.746+0000] {logging_mixin.py:188} INFO - [2024-06-16T20:36:07.746+0000] {dag.py:3096} INFO - Sync 1 DAGs
[2024-06-16T20:36:07.766+0000] {logging_mixin.py:188} INFO - [2024-06-16T20:36:07.766+0000] {dag.py:3954} INFO - Setting next_dagrun for example_task_group to 2024-06-15 00:00:00+00:00, run_after=2024-06-16 00:00:00+00:00
[2024-06-16T20:36:07.785+0000] {processor.py:183} INFO - Processing /home/airflow/.local/lib/python3.12/site-packages/airflow/example_dags/example_task_group.py took 0.075 seconds
[2024-06-16T20:36:38.112+0000] {processor.py:161} INFO - Started process (PID=1106) to work on /home/airflow/.local/lib/python3.12/site-packages/airflow/example_dags/example_task_group.py
[2024-06-16T20:36:38.114+0000] {processor.py:830} INFO - Processing file /home/airflow/.local/lib/python3.12/site-packages/airflow/example_dags/example_task_group.py for tasks to queue
[2024-06-16T20:36:38.115+0000] {logging_mixin.py:188} INFO - [2024-06-16T20:36:38.115+0000] {dagbag.py:545} INFO - Filling up the DagBag from /home/airflow/.local/lib/python3.12/site-packages/airflow/example_dags/example_task_group.py
[2024-06-16T20:36:38.122+0000] {processor.py:840} INFO - DAG(s) 'example_task_group' retrieved from /home/airflow/.local/lib/python3.12/site-packages/airflow/example_dags/example_task_group.py
[2024-06-16T20:36:38.143+0000] {logging_mixin.py:188} INFO - [2024-06-16T20:36:38.143+0000] {dag.py:3096} INFO - Sync 1 DAGs
[2024-06-16T20:36:38.166+0000] {logging_mixin.py:188} INFO - [2024-06-16T20:36:38.166+0000] {dag.py:3954} INFO - Setting next_dagrun for example_task_group to 2024-06-15 00:00:00+00:00, run_after=2024-06-16 00:00:00+00:00
[2024-06-16T20:36:38.185+0000] {processor.py:183} INFO - Processing /home/airflow/.local/lib/python3.12/site-packages/airflow/example_dags/example_task_group.py took 0.079 seconds
[2024-06-16T20:37:08.510+0000] {processor.py:161} INFO - Started process (PID=1164) to work on /home/airflow/.local/lib/python3.12/site-packages/airflow/example_dags/example_task_group.py
[2024-06-16T20:37:08.512+0000] {processor.py:830} INFO - Processing file /home/airflow/.local/lib/python3.12/site-packages/airflow/example_dags/example_task_group.py for tasks to queue
[2024-06-16T20:37:08.513+0000] {logging_mixin.py:188} INFO - [2024-06-16T20:37:08.513+0000] {dagbag.py:545} INFO - Filling up the DagBag from /home/airflow/.local/lib/python3.12/site-packages/airflow/example_dags/example_task_group.py
[2024-06-16T20:37:08.520+0000] {processor.py:840} INFO - DAG(s) 'example_task_group' retrieved from /home/airflow/.local/lib/python3.12/site-packages/airflow/example_dags/example_task_group.py
[2024-06-16T20:37:08.540+0000] {logging_mixin.py:188} INFO - [2024-06-16T20:37:08.539+0000] {dag.py:3096} INFO - Sync 1 DAGs
[2024-06-16T20:37:08.560+0000] {logging_mixin.py:188} INFO - [2024-06-16T20:37:08.560+0000] {dag.py:3954} INFO - Setting next_dagrun for example_task_group to 2024-06-15 00:00:00+00:00, run_after=2024-06-16 00:00:00+00:00
[2024-06-16T20:37:08.578+0000] {processor.py:183} INFO - Processing /home/airflow/.local/lib/python3.12/site-packages/airflow/example_dags/example_task_group.py took 0.074 seconds
[2024-06-16T20:37:38.657+0000] {processor.py:161} INFO - Started process (PID=1222) to work on /home/airflow/.local/lib/python3.12/site-packages/airflow/example_dags/example_task_group.py
[2024-06-16T20:37:38.659+0000] {processor.py:830} INFO - Processing file /home/airflow/.local/lib/python3.12/site-packages/airflow/example_dags/example_task_group.py for tasks to queue
[2024-06-16T20:37:38.660+0000] {logging_mixin.py:188} INFO - [2024-06-16T20:37:38.660+0000] {dagbag.py:545} INFO - Filling up the DagBag from /home/airflow/.local/lib/python3.12/site-packages/airflow/example_dags/example_task_group.py
[2024-06-16T20:37:38.667+0000] {processor.py:840} INFO - DAG(s) 'example_task_group' retrieved from /home/airflow/.local/lib/python3.12/site-packages/airflow/example_dags/example_task_group.py
[2024-06-16T20:37:38.689+0000] {logging_mixin.py:188} INFO - [2024-06-16T20:37:38.688+0000] {dag.py:3096} INFO - Sync 1 DAGs
[2024-06-16T20:37:38.710+0000] {logging_mixin.py:188} INFO - [2024-06-16T20:37:38.710+0000] {dag.py:3954} INFO - Setting next_dagrun for example_task_group to 2024-06-15 00:00:00+00:00, run_after=2024-06-16 00:00:00+00:00
[2024-06-16T20:37:38.732+0000] {processor.py:183} INFO - Processing /home/airflow/.local/lib/python3.12/site-packages/airflow/example_dags/example_task_group.py took 0.080 seconds
[2024-06-16T20:38:09.599+0000] {processor.py:161} INFO - Started process (PID=1280) to work on /home/airflow/.local/lib/python3.12/site-packages/airflow/example_dags/example_task_group.py
[2024-06-16T20:38:09.600+0000] {processor.py:830} INFO - Processing file /home/airflow/.local/lib/python3.12/site-packages/airflow/example_dags/example_task_group.py for tasks to queue
[2024-06-16T20:38:09.602+0000] {logging_mixin.py:188} INFO - [2024-06-16T20:38:09.602+0000] {dagbag.py:545} INFO - Filling up the DagBag from /home/airflow/.local/lib/python3.12/site-packages/airflow/example_dags/example_task_group.py
[2024-06-16T20:38:09.609+0000] {processor.py:840} INFO - DAG(s) 'example_task_group' retrieved from /home/airflow/.local/lib/python3.12/site-packages/airflow/example_dags/example_task_group.py
[2024-06-16T20:38:09.630+0000] {logging_mixin.py:188} INFO - [2024-06-16T20:38:09.630+0000] {dag.py:3096} INFO - Sync 1 DAGs
[2024-06-16T20:38:09.651+0000] {logging_mixin.py:188} INFO - [2024-06-16T20:38:09.651+0000] {dag.py:3954} INFO - Setting next_dagrun for example_task_group to 2024-06-15 00:00:00+00:00, run_after=2024-06-16 00:00:00+00:00
[2024-06-16T20:38:09.670+0000] {processor.py:183} INFO - Processing /home/airflow/.local/lib/python3.12/site-packages/airflow/example_dags/example_task_group.py took 0.076 seconds
[2024-06-16T20:38:40.320+0000] {processor.py:161} INFO - Started process (PID=1338) to work on /home/airflow/.local/lib/python3.12/site-packages/airflow/example_dags/example_task_group.py
[2024-06-16T20:38:40.321+0000] {processor.py:830} INFO - Processing file /home/airflow/.local/lib/python3.12/site-packages/airflow/example_dags/example_task_group.py for tasks to queue
[2024-06-16T20:38:40.323+0000] {logging_mixin.py:188} INFO - [2024-06-16T20:38:40.323+0000] {dagbag.py:545} INFO - Filling up the DagBag from /home/airflow/.local/lib/python3.12/site-packages/airflow/example_dags/example_task_group.py
[2024-06-16T20:38:40.329+0000] {processor.py:840} INFO - DAG(s) 'example_task_group' retrieved from /home/airflow/.local/lib/python3.12/site-packages/airflow/example_dags/example_task_group.py
[2024-06-16T20:38:40.350+0000] {logging_mixin.py:188} INFO - [2024-06-16T20:38:40.349+0000] {dag.py:3096} INFO - Sync 1 DAGs
[2024-06-16T20:38:40.376+0000] {logging_mixin.py:188} INFO - [2024-06-16T20:38:40.376+0000] {dag.py:3954} INFO - Setting next_dagrun for example_task_group to 2024-06-15 00:00:00+00:00, run_after=2024-06-16 00:00:00+00:00
[2024-06-16T20:38:40.401+0000] {processor.py:183} INFO - Processing /home/airflow/.local/lib/python3.12/site-packages/airflow/example_dags/example_task_group.py took 0.086 seconds
[2024-06-16T20:39:10.913+0000] {processor.py:161} INFO - Started process (PID=1396) to work on /home/airflow/.local/lib/python3.12/site-packages/airflow/example_dags/example_task_group.py
[2024-06-16T20:39:10.914+0000] {processor.py:830} INFO - Processing file /home/airflow/.local/lib/python3.12/site-packages/airflow/example_dags/example_task_group.py for tasks to queue
[2024-06-16T20:39:10.916+0000] {logging_mixin.py:188} INFO - [2024-06-16T20:39:10.916+0000] {dagbag.py:545} INFO - Filling up the DagBag from /home/airflow/.local/lib/python3.12/site-packages/airflow/example_dags/example_task_group.py
[2024-06-16T20:39:10.922+0000] {processor.py:840} INFO - DAG(s) 'example_task_group' retrieved from /home/airflow/.local/lib/python3.12/site-packages/airflow/example_dags/example_task_group.py
[2024-06-16T20:39:10.942+0000] {logging_mixin.py:188} INFO - [2024-06-16T20:39:10.942+0000] {dag.py:3096} INFO - Sync 1 DAGs
[2024-06-16T20:39:10.963+0000] {logging_mixin.py:188} INFO - [2024-06-16T20:39:10.963+0000] {dag.py:3954} INFO - Setting next_dagrun for example_task_group to 2024-06-15 00:00:00+00:00, run_after=2024-06-16 00:00:00+00:00
[2024-06-16T20:39:10.983+0000] {processor.py:183} INFO - Processing /home/airflow/.local/lib/python3.12/site-packages/airflow/example_dags/example_task_group.py took 0.076 seconds
[2024-06-16T20:39:41.419+0000] {processor.py:161} INFO - Started process (PID=1454) to work on /home/airflow/.local/lib/python3.12/site-packages/airflow/example_dags/example_task_group.py
[2024-06-16T20:39:41.420+0000] {processor.py:830} INFO - Processing file /home/airflow/.local/lib/python3.12/site-packages/airflow/example_dags/example_task_group.py for tasks to queue
[2024-06-16T20:39:41.422+0000] {logging_mixin.py:188} INFO - [2024-06-16T20:39:41.421+0000] {dagbag.py:545} INFO - Filling up the DagBag from /home/airflow/.local/lib/python3.12/site-packages/airflow/example_dags/example_task_group.py
[2024-06-16T20:39:41.428+0000] {processor.py:840} INFO - DAG(s) 'example_task_group' retrieved from /home/airflow/.local/lib/python3.12/site-packages/airflow/example_dags/example_task_group.py
[2024-06-16T20:39:41.448+0000] {logging_mixin.py:188} INFO - [2024-06-16T20:39:41.448+0000] {dag.py:3096} INFO - Sync 1 DAGs
[2024-06-16T20:39:41.473+0000] {logging_mixin.py:188} INFO - [2024-06-16T20:39:41.472+0000] {dag.py:3954} INFO - Setting next_dagrun for example_task_group to 2024-06-15 00:00:00+00:00, run_after=2024-06-16 00:00:00+00:00
[2024-06-16T20:39:41.495+0000] {processor.py:183} INFO - Processing /home/airflow/.local/lib/python3.12/site-packages/airflow/example_dags/example_task_group.py took 0.081 seconds
[2024-06-16T20:40:12.046+0000] {processor.py:161} INFO - Started process (PID=1512) to work on /home/airflow/.local/lib/python3.12/site-packages/airflow/example_dags/example_task_group.py
[2024-06-16T20:40:12.047+0000] {processor.py:830} INFO - Processing file /home/airflow/.local/lib/python3.12/site-packages/airflow/example_dags/example_task_group.py for tasks to queue
[2024-06-16T20:40:12.049+0000] {logging_mixin.py:188} INFO - [2024-06-16T20:40:12.049+0000] {dagbag.py:545} INFO - Filling up the DagBag from /home/airflow/.local/lib/python3.12/site-packages/airflow/example_dags/example_task_group.py
[2024-06-16T20:40:12.055+0000] {processor.py:840} INFO - DAG(s) 'example_task_group' retrieved from /home/airflow/.local/lib/python3.12/site-packages/airflow/example_dags/example_task_group.py
[2024-06-16T20:40:12.076+0000] {logging_mixin.py:188} INFO - [2024-06-16T20:40:12.076+0000] {dag.py:3096} INFO - Sync 1 DAGs
[2024-06-16T20:40:12.098+0000] {logging_mixin.py:188} INFO - [2024-06-16T20:40:12.098+0000] {dag.py:3954} INFO - Setting next_dagrun for example_task_group to 2024-06-15 00:00:00+00:00, run_after=2024-06-16 00:00:00+00:00
[2024-06-16T20:40:12.116+0000] {processor.py:183} INFO - Processing /home/airflow/.local/lib/python3.12/site-packages/airflow/example_dags/example_task_group.py took 0.076 seconds
[2024-06-16T20:40:42.587+0000] {processor.py:161} INFO - Started process (PID=1570) to work on /home/airflow/.local/lib/python3.12/site-packages/airflow/example_dags/example_task_group.py
[2024-06-16T20:40:42.588+0000] {processor.py:830} INFO - Processing file /home/airflow/.local/lib/python3.12/site-packages/airflow/example_dags/example_task_group.py for tasks to queue
[2024-06-16T20:40:42.589+0000] {logging_mixin.py:188} INFO - [2024-06-16T20:40:42.589+0000] {dagbag.py:545} INFO - Filling up the DagBag from /home/airflow/.local/lib/python3.12/site-packages/airflow/example_dags/example_task_group.py
[2024-06-16T20:40:42.596+0000] {processor.py:840} INFO - DAG(s) 'example_task_group' retrieved from /home/airflow/.local/lib/python3.12/site-packages/airflow/example_dags/example_task_group.py
[2024-06-16T20:40:42.616+0000] {logging_mixin.py:188} INFO - [2024-06-16T20:40:42.616+0000] {dag.py:3096} INFO - Sync 1 DAGs
[2024-06-16T20:40:42.637+0000] {logging_mixin.py:188} INFO - [2024-06-16T20:40:42.637+0000] {dag.py:3954} INFO - Setting next_dagrun for example_task_group to 2024-06-15 00:00:00+00:00, run_after=2024-06-16 00:00:00+00:00
[2024-06-16T20:40:42.657+0000] {processor.py:183} INFO - Processing /home/airflow/.local/lib/python3.12/site-packages/airflow/example_dags/example_task_group.py took 0.076 seconds
[2024-06-16T20:41:13.192+0000] {processor.py:161} INFO - Started process (PID=1628) to work on /home/airflow/.local/lib/python3.12/site-packages/airflow/example_dags/example_task_group.py
[2024-06-16T20:41:13.193+0000] {processor.py:830} INFO - Processing file /home/airflow/.local/lib/python3.12/site-packages/airflow/example_dags/example_task_group.py for tasks to queue
[2024-06-16T20:41:13.195+0000] {logging_mixin.py:188} INFO - [2024-06-16T20:41:13.195+0000] {dagbag.py:545} INFO - Filling up the DagBag from /home/airflow/.local/lib/python3.12/site-packages/airflow/example_dags/example_task_group.py
[2024-06-16T20:41:13.201+0000] {processor.py:840} INFO - DAG(s) 'example_task_group' retrieved from /home/airflow/.local/lib/python3.12/site-packages/airflow/example_dags/example_task_group.py
[2024-06-16T20:41:13.224+0000] {logging_mixin.py:188} INFO - [2024-06-16T20:41:13.224+0000] {dag.py:3096} INFO - Sync 1 DAGs
[2024-06-16T20:41:13.246+0000] {logging_mixin.py:188} INFO - [2024-06-16T20:41:13.246+0000] {dag.py:3954} INFO - Setting next_dagrun for example_task_group to 2024-06-15 00:00:00+00:00, run_after=2024-06-16 00:00:00+00:00
[2024-06-16T20:41:13.269+0000] {processor.py:183} INFO - Processing /home/airflow/.local/lib/python3.12/site-packages/airflow/example_dags/example_task_group.py took 0.082 seconds
[2024-06-16T20:41:44.632+0000] {processor.py:161} INFO - Started process (PID=1686) to work on /home/airflow/.local/lib/python3.12/site-packages/airflow/example_dags/example_task_group.py
[2024-06-16T20:41:44.633+0000] {processor.py:830} INFO - Processing file /home/airflow/.local/lib/python3.12/site-packages/airflow/example_dags/example_task_group.py for tasks to queue
[2024-06-16T20:41:44.636+0000] {logging_mixin.py:188} INFO - [2024-06-16T20:41:44.635+0000] {dagbag.py:545} INFO - Filling up the DagBag from /home/airflow/.local/lib/python3.12/site-packages/airflow/example_dags/example_task_group.py
[2024-06-16T20:41:44.645+0000] {processor.py:840} INFO - DAG(s) 'example_task_group' retrieved from /home/airflow/.local/lib/python3.12/site-packages/airflow/example_dags/example_task_group.py
[2024-06-16T20:41:44.676+0000] {logging_mixin.py:188} INFO - [2024-06-16T20:41:44.676+0000] {dag.py:3096} INFO - Sync 1 DAGs
[2024-06-16T20:41:44.706+0000] {logging_mixin.py:188} INFO - [2024-06-16T20:41:44.706+0000] {dag.py:3954} INFO - Setting next_dagrun for example_task_group to 2024-06-15 00:00:00+00:00, run_after=2024-06-16 00:00:00+00:00
[2024-06-16T20:41:44.727+0000] {processor.py:183} INFO - Processing /home/airflow/.local/lib/python3.12/site-packages/airflow/example_dags/example_task_group.py took 0.103 seconds
[2024-06-16T20:42:15.200+0000] {processor.py:161} INFO - Started process (PID=1744) to work on /home/airflow/.local/lib/python3.12/site-packages/airflow/example_dags/example_task_group.py
[2024-06-16T20:42:15.201+0000] {processor.py:830} INFO - Processing file /home/airflow/.local/lib/python3.12/site-packages/airflow/example_dags/example_task_group.py for tasks to queue
[2024-06-16T20:42:15.203+0000] {logging_mixin.py:188} INFO - [2024-06-16T20:42:15.202+0000] {dagbag.py:545} INFO - Filling up the DagBag from /home/airflow/.local/lib/python3.12/site-packages/airflow/example_dags/example_task_group.py
[2024-06-16T20:42:15.210+0000] {processor.py:840} INFO - DAG(s) 'example_task_group' retrieved from /home/airflow/.local/lib/python3.12/site-packages/airflow/example_dags/example_task_group.py
[2024-06-16T20:42:15.232+0000] {logging_mixin.py:188} INFO - [2024-06-16T20:42:15.232+0000] {dag.py:3096} INFO - Sync 1 DAGs
[2024-06-16T20:42:15.254+0000] {logging_mixin.py:188} INFO - [2024-06-16T20:42:15.254+0000] {dag.py:3954} INFO - Setting next_dagrun for example_task_group to 2024-06-15 00:00:00+00:00, run_after=2024-06-16 00:00:00+00:00
[2024-06-16T20:42:15.276+0000] {processor.py:183} INFO - Processing /home/airflow/.local/lib/python3.12/site-packages/airflow/example_dags/example_task_group.py took 0.084 seconds
[2024-06-16T20:42:45.645+0000] {processor.py:161} INFO - Started process (PID=1802) to work on /home/airflow/.local/lib/python3.12/site-packages/airflow/example_dags/example_task_group.py
[2024-06-16T20:42:45.647+0000] {processor.py:830} INFO - Processing file /home/airflow/.local/lib/python3.12/site-packages/airflow/example_dags/example_task_group.py for tasks to queue
[2024-06-16T20:42:45.648+0000] {logging_mixin.py:188} INFO - [2024-06-16T20:42:45.648+0000] {dagbag.py:545} INFO - Filling up the DagBag from /home/airflow/.local/lib/python3.12/site-packages/airflow/example_dags/example_task_group.py
[2024-06-16T20:42:45.655+0000] {processor.py:840} INFO - DAG(s) 'example_task_group' retrieved from /home/airflow/.local/lib/python3.12/site-packages/airflow/example_dags/example_task_group.py
[2024-06-16T20:42:45.676+0000] {logging_mixin.py:188} INFO - [2024-06-16T20:42:45.676+0000] {dag.py:3096} INFO - Sync 1 DAGs
[2024-06-16T20:42:45.698+0000] {logging_mixin.py:188} INFO - [2024-06-16T20:42:45.698+0000] {dag.py:3954} INFO - Setting next_dagrun for example_task_group to 2024-06-15 00:00:00+00:00, run_after=2024-06-16 00:00:00+00:00
[2024-06-16T20:42:45.718+0000] {processor.py:183} INFO - Processing /home/airflow/.local/lib/python3.12/site-packages/airflow/example_dags/example_task_group.py took 0.077 seconds
[2024-06-16T20:43:16.695+0000] {processor.py:161} INFO - Started process (PID=1860) to work on /home/airflow/.local/lib/python3.12/site-packages/airflow/example_dags/example_task_group.py
[2024-06-16T20:43:16.697+0000] {processor.py:830} INFO - Processing file /home/airflow/.local/lib/python3.12/site-packages/airflow/example_dags/example_task_group.py for tasks to queue
[2024-06-16T20:43:16.698+0000] {logging_mixin.py:188} INFO - [2024-06-16T20:43:16.698+0000] {dagbag.py:545} INFO - Filling up the DagBag from /home/airflow/.local/lib/python3.12/site-packages/airflow/example_dags/example_task_group.py
[2024-06-16T20:43:16.706+0000] {processor.py:840} INFO - DAG(s) 'example_task_group' retrieved from /home/airflow/.local/lib/python3.12/site-packages/airflow/example_dags/example_task_group.py
[2024-06-16T20:43:16.727+0000] {logging_mixin.py:188} INFO - [2024-06-16T20:43:16.726+0000] {dag.py:3096} INFO - Sync 1 DAGs
[2024-06-16T20:43:16.893+0000] {logging_mixin.py:188} INFO - [2024-06-16T20:43:16.893+0000] {dag.py:3954} INFO - Setting next_dagrun for example_task_group to 2024-06-15 00:00:00+00:00, run_after=2024-06-16 00:00:00+00:00
[2024-06-16T20:43:16.913+0000] {processor.py:183} INFO - Processing /home/airflow/.local/lib/python3.12/site-packages/airflow/example_dags/example_task_group.py took 0.224 seconds
[2024-06-16T20:43:47.712+0000] {processor.py:161} INFO - Started process (PID=1918) to work on /home/airflow/.local/lib/python3.12/site-packages/airflow/example_dags/example_task_group.py
[2024-06-16T20:43:47.713+0000] {processor.py:830} INFO - Processing file /home/airflow/.local/lib/python3.12/site-packages/airflow/example_dags/example_task_group.py for tasks to queue
[2024-06-16T20:43:47.715+0000] {logging_mixin.py:188} INFO - [2024-06-16T20:43:47.715+0000] {dagbag.py:545} INFO - Filling up the DagBag from /home/airflow/.local/lib/python3.12/site-packages/airflow/example_dags/example_task_group.py
[2024-06-16T20:43:47.723+0000] {processor.py:840} INFO - DAG(s) 'example_task_group' retrieved from /home/airflow/.local/lib/python3.12/site-packages/airflow/example_dags/example_task_group.py
[2024-06-16T20:43:47.748+0000] {logging_mixin.py:188} INFO - [2024-06-16T20:43:47.748+0000] {dag.py:3096} INFO - Sync 1 DAGs
[2024-06-16T20:43:47.779+0000] {logging_mixin.py:188} INFO - [2024-06-16T20:43:47.779+0000] {dag.py:3954} INFO - Setting next_dagrun for example_task_group to 2024-06-15 00:00:00+00:00, run_after=2024-06-16 00:00:00+00:00
[2024-06-16T20:43:47.934+0000] {processor.py:183} INFO - Processing /home/airflow/.local/lib/python3.12/site-packages/airflow/example_dags/example_task_group.py took 0.229 seconds
[2024-06-16T20:44:18.163+0000] {processor.py:161} INFO - Started process (PID=1976) to work on /home/airflow/.local/lib/python3.12/site-packages/airflow/example_dags/example_task_group.py
[2024-06-16T20:44:18.164+0000] {processor.py:830} INFO - Processing file /home/airflow/.local/lib/python3.12/site-packages/airflow/example_dags/example_task_group.py for tasks to queue
[2024-06-16T20:44:18.166+0000] {logging_mixin.py:188} INFO - [2024-06-16T20:44:18.165+0000] {dagbag.py:545} INFO - Filling up the DagBag from /home/airflow/.local/lib/python3.12/site-packages/airflow/example_dags/example_task_group.py
[2024-06-16T20:44:18.172+0000] {processor.py:840} INFO - DAG(s) 'example_task_group' retrieved from /home/airflow/.local/lib/python3.12/site-packages/airflow/example_dags/example_task_group.py
[2024-06-16T20:44:18.194+0000] {logging_mixin.py:188} INFO - [2024-06-16T20:44:18.194+0000] {dag.py:3096} INFO - Sync 1 DAGs
[2024-06-16T20:44:18.216+0000] {logging_mixin.py:188} INFO - [2024-06-16T20:44:18.216+0000] {dag.py:3954} INFO - Setting next_dagrun for example_task_group to 2024-06-15 00:00:00+00:00, run_after=2024-06-16 00:00:00+00:00
[2024-06-16T20:44:18.367+0000] {processor.py:183} INFO - Processing /home/airflow/.local/lib/python3.12/site-packages/airflow/example_dags/example_task_group.py took 0.210 seconds
[2024-06-16T20:44:48.936+0000] {processor.py:161} INFO - Started process (PID=2034) to work on /home/airflow/.local/lib/python3.12/site-packages/airflow/example_dags/example_task_group.py
[2024-06-16T20:44:48.938+0000] {processor.py:830} INFO - Processing file /home/airflow/.local/lib/python3.12/site-packages/airflow/example_dags/example_task_group.py for tasks to queue
[2024-06-16T20:44:48.940+0000] {logging_mixin.py:188} INFO - [2024-06-16T20:44:48.939+0000] {dagbag.py:545} INFO - Filling up the DagBag from /home/airflow/.local/lib/python3.12/site-packages/airflow/example_dags/example_task_group.py
[2024-06-16T20:44:48.947+0000] {processor.py:840} INFO - DAG(s) 'example_task_group' retrieved from /home/airflow/.local/lib/python3.12/site-packages/airflow/example_dags/example_task_group.py
[2024-06-16T20:44:48.968+0000] {logging_mixin.py:188} INFO - [2024-06-16T20:44:48.968+0000] {dag.py:3096} INFO - Sync 1 DAGs
[2024-06-16T20:44:48.989+0000] {logging_mixin.py:188} INFO - [2024-06-16T20:44:48.989+0000] {dag.py:3954} INFO - Setting next_dagrun for example_task_group to 2024-06-15 00:00:00+00:00, run_after=2024-06-16 00:00:00+00:00
[2024-06-16T20:44:49.009+0000] {processor.py:183} INFO - Processing /home/airflow/.local/lib/python3.12/site-packages/airflow/example_dags/example_task_group.py took 0.079 seconds
[2024-06-16T20:45:19.535+0000] {processor.py:161} INFO - Started process (PID=2092) to work on /home/airflow/.local/lib/python3.12/site-packages/airflow/example_dags/example_task_group.py
[2024-06-16T20:45:19.536+0000] {processor.py:830} INFO - Processing file /home/airflow/.local/lib/python3.12/site-packages/airflow/example_dags/example_task_group.py for tasks to queue
[2024-06-16T20:45:19.538+0000] {logging_mixin.py:188} INFO - [2024-06-16T20:45:19.537+0000] {dagbag.py:545} INFO - Filling up the DagBag from /home/airflow/.local/lib/python3.12/site-packages/airflow/example_dags/example_task_group.py
[2024-06-16T20:45:19.544+0000] {processor.py:840} INFO - DAG(s) 'example_task_group' retrieved from /home/airflow/.local/lib/python3.12/site-packages/airflow/example_dags/example_task_group.py
[2024-06-16T20:45:19.564+0000] {logging_mixin.py:188} INFO - [2024-06-16T20:45:19.564+0000] {dag.py:3096} INFO - Sync 1 DAGs
[2024-06-16T20:45:19.586+0000] {logging_mixin.py:188} INFO - [2024-06-16T20:45:19.586+0000] {dag.py:3954} INFO - Setting next_dagrun for example_task_group to 2024-06-15 00:00:00+00:00, run_after=2024-06-16 00:00:00+00:00
[2024-06-16T20:45:19.605+0000] {processor.py:183} INFO - Processing /home/airflow/.local/lib/python3.12/site-packages/airflow/example_dags/example_task_group.py took 0.077 seconds
[2024-06-16T20:45:50.039+0000] {processor.py:161} INFO - Started process (PID=2150) to work on /home/airflow/.local/lib/python3.12/site-packages/airflow/example_dags/example_task_group.py
[2024-06-16T20:45:50.040+0000] {processor.py:830} INFO - Processing file /home/airflow/.local/lib/python3.12/site-packages/airflow/example_dags/example_task_group.py for tasks to queue
[2024-06-16T20:45:50.042+0000] {logging_mixin.py:188} INFO - [2024-06-16T20:45:50.042+0000] {dagbag.py:545} INFO - Filling up the DagBag from /home/airflow/.local/lib/python3.12/site-packages/airflow/example_dags/example_task_group.py
[2024-06-16T20:45:50.048+0000] {processor.py:840} INFO - DAG(s) 'example_task_group' retrieved from /home/airflow/.local/lib/python3.12/site-packages/airflow/example_dags/example_task_group.py
[2024-06-16T20:45:50.069+0000] {logging_mixin.py:188} INFO - [2024-06-16T20:45:50.069+0000] {dag.py:3096} INFO - Sync 1 DAGs
[2024-06-16T20:45:50.090+0000] {logging_mixin.py:188} INFO - [2024-06-16T20:45:50.090+0000] {dag.py:3954} INFO - Setting next_dagrun for example_task_group to 2024-06-15 00:00:00+00:00, run_after=2024-06-16 00:00:00+00:00
[2024-06-16T20:45:50.110+0000] {processor.py:183} INFO - Processing /home/airflow/.local/lib/python3.12/site-packages/airflow/example_dags/example_task_group.py took 0.077 seconds
[2024-06-16T20:46:20.426+0000] {processor.py:161} INFO - Started process (PID=2208) to work on /home/airflow/.local/lib/python3.12/site-packages/airflow/example_dags/example_task_group.py
[2024-06-16T20:46:20.427+0000] {processor.py:830} INFO - Processing file /home/airflow/.local/lib/python3.12/site-packages/airflow/example_dags/example_task_group.py for tasks to queue
[2024-06-16T20:46:20.429+0000] {logging_mixin.py:188} INFO - [2024-06-16T20:46:20.429+0000] {dagbag.py:545} INFO - Filling up the DagBag from /home/airflow/.local/lib/python3.12/site-packages/airflow/example_dags/example_task_group.py
[2024-06-16T20:46:20.435+0000] {processor.py:840} INFO - DAG(s) 'example_task_group' retrieved from /home/airflow/.local/lib/python3.12/site-packages/airflow/example_dags/example_task_group.py
[2024-06-16T20:46:20.456+0000] {logging_mixin.py:188} INFO - [2024-06-16T20:46:20.456+0000] {dag.py:3096} INFO - Sync 1 DAGs
[2024-06-16T20:46:20.476+0000] {logging_mixin.py:188} INFO - [2024-06-16T20:46:20.476+0000] {dag.py:3954} INFO - Setting next_dagrun for example_task_group to 2024-06-15 00:00:00+00:00, run_after=2024-06-16 00:00:00+00:00
[2024-06-16T20:46:20.497+0000] {processor.py:183} INFO - Processing /home/airflow/.local/lib/python3.12/site-packages/airflow/example_dags/example_task_group.py took 0.077 seconds
[2024-06-16T20:46:50.919+0000] {processor.py:161} INFO - Started process (PID=2266) to work on /home/airflow/.local/lib/python3.12/site-packages/airflow/example_dags/example_task_group.py
[2024-06-16T20:46:50.921+0000] {processor.py:830} INFO - Processing file /home/airflow/.local/lib/python3.12/site-packages/airflow/example_dags/example_task_group.py for tasks to queue
[2024-06-16T20:46:50.922+0000] {logging_mixin.py:188} INFO - [2024-06-16T20:46:50.922+0000] {dagbag.py:545} INFO - Filling up the DagBag from /home/airflow/.local/lib/python3.12/site-packages/airflow/example_dags/example_task_group.py
[2024-06-16T20:46:50.929+0000] {processor.py:840} INFO - DAG(s) 'example_task_group' retrieved from /home/airflow/.local/lib/python3.12/site-packages/airflow/example_dags/example_task_group.py
[2024-06-16T20:46:50.949+0000] {logging_mixin.py:188} INFO - [2024-06-16T20:46:50.949+0000] {dag.py:3096} INFO - Sync 1 DAGs
[2024-06-16T20:46:50.970+0000] {logging_mixin.py:188} INFO - [2024-06-16T20:46:50.969+0000] {dag.py:3954} INFO - Setting next_dagrun for example_task_group to 2024-06-15 00:00:00+00:00, run_after=2024-06-16 00:00:00+00:00
[2024-06-16T20:46:50.990+0000] {processor.py:183} INFO - Processing /home/airflow/.local/lib/python3.12/site-packages/airflow/example_dags/example_task_group.py took 0.076 seconds
[2024-06-16T20:47:21.323+0000] {processor.py:161} INFO - Started process (PID=2324) to work on /home/airflow/.local/lib/python3.12/site-packages/airflow/example_dags/example_task_group.py
[2024-06-16T20:47:21.324+0000] {processor.py:830} INFO - Processing file /home/airflow/.local/lib/python3.12/site-packages/airflow/example_dags/example_task_group.py for tasks to queue
[2024-06-16T20:47:21.326+0000] {logging_mixin.py:188} INFO - [2024-06-16T20:47:21.326+0000] {dagbag.py:545} INFO - Filling up the DagBag from /home/airflow/.local/lib/python3.12/site-packages/airflow/example_dags/example_task_group.py
[2024-06-16T20:47:21.332+0000] {processor.py:840} INFO - DAG(s) 'example_task_group' retrieved from /home/airflow/.local/lib/python3.12/site-packages/airflow/example_dags/example_task_group.py
[2024-06-16T20:47:21.352+0000] {logging_mixin.py:188} INFO - [2024-06-16T20:47:21.352+0000] {dag.py:3096} INFO - Sync 1 DAGs
[2024-06-16T20:47:21.373+0000] {logging_mixin.py:188} INFO - [2024-06-16T20:47:21.373+0000] {dag.py:3954} INFO - Setting next_dagrun for example_task_group to 2024-06-15 00:00:00+00:00, run_after=2024-06-16 00:00:00+00:00
[2024-06-16T20:47:21.395+0000] {processor.py:183} INFO - Processing /home/airflow/.local/lib/python3.12/site-packages/airflow/example_dags/example_task_group.py took 0.077 seconds
[2024-06-16T20:47:51.812+0000] {processor.py:161} INFO - Started process (PID=2382) to work on /home/airflow/.local/lib/python3.12/site-packages/airflow/example_dags/example_task_group.py
[2024-06-16T20:47:51.813+0000] {processor.py:830} INFO - Processing file /home/airflow/.local/lib/python3.12/site-packages/airflow/example_dags/example_task_group.py for tasks to queue
[2024-06-16T20:47:51.815+0000] {logging_mixin.py:188} INFO - [2024-06-16T20:47:51.815+0000] {dagbag.py:545} INFO - Filling up the DagBag from /home/airflow/.local/lib/python3.12/site-packages/airflow/example_dags/example_task_group.py
[2024-06-16T20:47:51.821+0000] {processor.py:840} INFO - DAG(s) 'example_task_group' retrieved from /home/airflow/.local/lib/python3.12/site-packages/airflow/example_dags/example_task_group.py
[2024-06-16T20:47:51.842+0000] {logging_mixin.py:188} INFO - [2024-06-16T20:47:51.842+0000] {dag.py:3096} INFO - Sync 1 DAGs
[2024-06-16T20:47:51.863+0000] {logging_mixin.py:188} INFO - [2024-06-16T20:47:51.863+0000] {dag.py:3954} INFO - Setting next_dagrun for example_task_group to 2024-06-15 00:00:00+00:00, run_after=2024-06-16 00:00:00+00:00
[2024-06-16T20:47:51.884+0000] {processor.py:183} INFO - Processing /home/airflow/.local/lib/python3.12/site-packages/airflow/example_dags/example_task_group.py took 0.077 seconds
[2024-06-16T20:48:22.199+0000] {processor.py:161} INFO - Started process (PID=2440) to work on /home/airflow/.local/lib/python3.12/site-packages/airflow/example_dags/example_task_group.py
[2024-06-16T20:48:22.200+0000] {processor.py:830} INFO - Processing file /home/airflow/.local/lib/python3.12/site-packages/airflow/example_dags/example_task_group.py for tasks to queue
[2024-06-16T20:48:22.202+0000] {logging_mixin.py:188} INFO - [2024-06-16T20:48:22.202+0000] {dagbag.py:545} INFO - Filling up the DagBag from /home/airflow/.local/lib/python3.12/site-packages/airflow/example_dags/example_task_group.py
[2024-06-16T20:48:22.208+0000] {processor.py:840} INFO - DAG(s) 'example_task_group' retrieved from /home/airflow/.local/lib/python3.12/site-packages/airflow/example_dags/example_task_group.py
[2024-06-16T20:48:22.228+0000] {logging_mixin.py:188} INFO - [2024-06-16T20:48:22.228+0000] {dag.py:3096} INFO - Sync 1 DAGs
[2024-06-16T20:48:22.249+0000] {logging_mixin.py:188} INFO - [2024-06-16T20:48:22.249+0000] {dag.py:3954} INFO - Setting next_dagrun for example_task_group to 2024-06-15 00:00:00+00:00, run_after=2024-06-16 00:00:00+00:00
[2024-06-16T20:48:22.268+0000] {processor.py:183} INFO - Processing /home/airflow/.local/lib/python3.12/site-packages/airflow/example_dags/example_task_group.py took 0.074 seconds
[2024-06-16T20:48:52.780+0000] {processor.py:161} INFO - Started process (PID=2498) to work on /home/airflow/.local/lib/python3.12/site-packages/airflow/example_dags/example_task_group.py
[2024-06-16T20:48:52.781+0000] {processor.py:830} INFO - Processing file /home/airflow/.local/lib/python3.12/site-packages/airflow/example_dags/example_task_group.py for tasks to queue
[2024-06-16T20:48:52.783+0000] {logging_mixin.py:188} INFO - [2024-06-16T20:48:52.782+0000] {dagbag.py:545} INFO - Filling up the DagBag from /home/airflow/.local/lib/python3.12/site-packages/airflow/example_dags/example_task_group.py
[2024-06-16T20:48:52.789+0000] {processor.py:840} INFO - DAG(s) 'example_task_group' retrieved from /home/airflow/.local/lib/python3.12/site-packages/airflow/example_dags/example_task_group.py
[2024-06-16T20:48:52.810+0000] {logging_mixin.py:188} INFO - [2024-06-16T20:48:52.809+0000] {dag.py:3096} INFO - Sync 1 DAGs
[2024-06-16T20:48:52.831+0000] {logging_mixin.py:188} INFO - [2024-06-16T20:48:52.830+0000] {dag.py:3954} INFO - Setting next_dagrun for example_task_group to 2024-06-15 00:00:00+00:00, run_after=2024-06-16 00:00:00+00:00
[2024-06-16T20:48:52.851+0000] {processor.py:183} INFO - Processing /home/airflow/.local/lib/python3.12/site-packages/airflow/example_dags/example_task_group.py took 0.076 seconds
[2024-06-16T20:49:23.334+0000] {processor.py:161} INFO - Started process (PID=2556) to work on /home/airflow/.local/lib/python3.12/site-packages/airflow/example_dags/example_task_group.py
[2024-06-16T20:49:23.335+0000] {processor.py:830} INFO - Processing file /home/airflow/.local/lib/python3.12/site-packages/airflow/example_dags/example_task_group.py for tasks to queue
[2024-06-16T20:49:23.337+0000] {logging_mixin.py:188} INFO - [2024-06-16T20:49:23.337+0000] {dagbag.py:545} INFO - Filling up the DagBag from /home/airflow/.local/lib/python3.12/site-packages/airflow/example_dags/example_task_group.py
[2024-06-16T20:49:23.343+0000] {processor.py:840} INFO - DAG(s) 'example_task_group' retrieved from /home/airflow/.local/lib/python3.12/site-packages/airflow/example_dags/example_task_group.py
[2024-06-16T20:49:23.363+0000] {logging_mixin.py:188} INFO - [2024-06-16T20:49:23.363+0000] {dag.py:3096} INFO - Sync 1 DAGs
[2024-06-16T20:49:23.383+0000] {logging_mixin.py:188} INFO - [2024-06-16T20:49:23.383+0000] {dag.py:3954} INFO - Setting next_dagrun for example_task_group to 2024-06-15 00:00:00+00:00, run_after=2024-06-16 00:00:00+00:00
[2024-06-16T20:49:23.402+0000] {processor.py:183} INFO - Processing /home/airflow/.local/lib/python3.12/site-packages/airflow/example_dags/example_task_group.py took 0.073 seconds
[2024-06-16T20:49:53.754+0000] {processor.py:161} INFO - Started process (PID=2614) to work on /home/airflow/.local/lib/python3.12/site-packages/airflow/example_dags/example_task_group.py
[2024-06-16T20:49:53.755+0000] {processor.py:830} INFO - Processing file /home/airflow/.local/lib/python3.12/site-packages/airflow/example_dags/example_task_group.py for tasks to queue
[2024-06-16T20:49:53.756+0000] {logging_mixin.py:188} INFO - [2024-06-16T20:49:53.756+0000] {dagbag.py:545} INFO - Filling up the DagBag from /home/airflow/.local/lib/python3.12/site-packages/airflow/example_dags/example_task_group.py
[2024-06-16T20:49:53.763+0000] {processor.py:840} INFO - DAG(s) 'example_task_group' retrieved from /home/airflow/.local/lib/python3.12/site-packages/airflow/example_dags/example_task_group.py
[2024-06-16T20:49:53.784+0000] {logging_mixin.py:188} INFO - [2024-06-16T20:49:53.784+0000] {dag.py:3096} INFO - Sync 1 DAGs
[2024-06-16T20:49:53.805+0000] {logging_mixin.py:188} INFO - [2024-06-16T20:49:53.805+0000] {dag.py:3954} INFO - Setting next_dagrun for example_task_group to 2024-06-15 00:00:00+00:00, run_after=2024-06-16 00:00:00+00:00
[2024-06-16T20:49:53.826+0000] {processor.py:183} INFO - Processing /home/airflow/.local/lib/python3.12/site-packages/airflow/example_dags/example_task_group.py took 0.077 seconds
[2024-06-16T20:50:24.192+0000] {processor.py:161} INFO - Started process (PID=2672) to work on /home/airflow/.local/lib/python3.12/site-packages/airflow/example_dags/example_task_group.py
[2024-06-16T20:50:24.194+0000] {processor.py:830} INFO - Processing file /home/airflow/.local/lib/python3.12/site-packages/airflow/example_dags/example_task_group.py for tasks to queue
[2024-06-16T20:50:24.195+0000] {logging_mixin.py:188} INFO - [2024-06-16T20:50:24.195+0000] {dagbag.py:545} INFO - Filling up the DagBag from /home/airflow/.local/lib/python3.12/site-packages/airflow/example_dags/example_task_group.py
[2024-06-16T20:50:24.202+0000] {processor.py:840} INFO - DAG(s) 'example_task_group' retrieved from /home/airflow/.local/lib/python3.12/site-packages/airflow/example_dags/example_task_group.py
[2024-06-16T20:50:24.222+0000] {logging_mixin.py:188} INFO - [2024-06-16T20:50:24.222+0000] {dag.py:3096} INFO - Sync 1 DAGs
[2024-06-16T20:50:24.245+0000] {logging_mixin.py:188} INFO - [2024-06-16T20:50:24.244+0000] {dag.py:3954} INFO - Setting next_dagrun for example_task_group to 2024-06-15 00:00:00+00:00, run_after=2024-06-16 00:00:00+00:00
[2024-06-16T20:50:24.265+0000] {processor.py:183} INFO - Processing /home/airflow/.local/lib/python3.12/site-packages/airflow/example_dags/example_task_group.py took 0.078 seconds
[2024-06-16T20:50:54.637+0000] {processor.py:161} INFO - Started process (PID=2730) to work on /home/airflow/.local/lib/python3.12/site-packages/airflow/example_dags/example_task_group.py
[2024-06-16T20:50:54.638+0000] {processor.py:830} INFO - Processing file /home/airflow/.local/lib/python3.12/site-packages/airflow/example_dags/example_task_group.py for tasks to queue
[2024-06-16T20:50:54.640+0000] {logging_mixin.py:188} INFO - [2024-06-16T20:50:54.639+0000] {dagbag.py:545} INFO - Filling up the DagBag from /home/airflow/.local/lib/python3.12/site-packages/airflow/example_dags/example_task_group.py
[2024-06-16T20:50:54.646+0000] {processor.py:840} INFO - DAG(s) 'example_task_group' retrieved from /home/airflow/.local/lib/python3.12/site-packages/airflow/example_dags/example_task_group.py
[2024-06-16T20:50:54.667+0000] {logging_mixin.py:188} INFO - [2024-06-16T20:50:54.667+0000] {dag.py:3096} INFO - Sync 1 DAGs
[2024-06-16T20:50:54.689+0000] {logging_mixin.py:188} INFO - [2024-06-16T20:50:54.689+0000] {dag.py:3954} INFO - Setting next_dagrun for example_task_group to 2024-06-15 00:00:00+00:00, run_after=2024-06-16 00:00:00+00:00
[2024-06-16T20:50:54.709+0000] {processor.py:183} INFO - Processing /home/airflow/.local/lib/python3.12/site-packages/airflow/example_dags/example_task_group.py took 0.079 seconds
[2024-06-16T20:51:25.123+0000] {processor.py:161} INFO - Started process (PID=2788) to work on /home/airflow/.local/lib/python3.12/site-packages/airflow/example_dags/example_task_group.py
[2024-06-16T20:51:25.124+0000] {processor.py:830} INFO - Processing file /home/airflow/.local/lib/python3.12/site-packages/airflow/example_dags/example_task_group.py for tasks to queue
[2024-06-16T20:51:25.125+0000] {logging_mixin.py:188} INFO - [2024-06-16T20:51:25.125+0000] {dagbag.py:545} INFO - Filling up the DagBag from /home/airflow/.local/lib/python3.12/site-packages/airflow/example_dags/example_task_group.py
[2024-06-16T20:51:25.132+0000] {processor.py:840} INFO - DAG(s) 'example_task_group' retrieved from /home/airflow/.local/lib/python3.12/site-packages/airflow/example_dags/example_task_group.py
[2024-06-16T20:51:25.153+0000] {logging_mixin.py:188} INFO - [2024-06-16T20:51:25.153+0000] {dag.py:3096} INFO - Sync 1 DAGs
[2024-06-16T20:51:25.175+0000] {logging_mixin.py:188} INFO - [2024-06-16T20:51:25.174+0000] {dag.py:3954} INFO - Setting next_dagrun for example_task_group to 2024-06-15 00:00:00+00:00, run_after=2024-06-16 00:00:00+00:00
[2024-06-16T20:51:25.194+0000] {processor.py:183} INFO - Processing /home/airflow/.local/lib/python3.12/site-packages/airflow/example_dags/example_task_group.py took 0.077 seconds
[2024-06-16T20:51:55.603+0000] {processor.py:161} INFO - Started process (PID=2846) to work on /home/airflow/.local/lib/python3.12/site-packages/airflow/example_dags/example_task_group.py
[2024-06-16T20:51:55.604+0000] {processor.py:830} INFO - Processing file /home/airflow/.local/lib/python3.12/site-packages/airflow/example_dags/example_task_group.py for tasks to queue
[2024-06-16T20:51:55.606+0000] {logging_mixin.py:188} INFO - [2024-06-16T20:51:55.605+0000] {dagbag.py:545} INFO - Filling up the DagBag from /home/airflow/.local/lib/python3.12/site-packages/airflow/example_dags/example_task_group.py
[2024-06-16T20:51:55.612+0000] {processor.py:840} INFO - DAG(s) 'example_task_group' retrieved from /home/airflow/.local/lib/python3.12/site-packages/airflow/example_dags/example_task_group.py
[2024-06-16T20:51:55.633+0000] {logging_mixin.py:188} INFO - [2024-06-16T20:51:55.632+0000] {dag.py:3096} INFO - Sync 1 DAGs
[2024-06-16T20:51:55.654+0000] {logging_mixin.py:188} INFO - [2024-06-16T20:51:55.654+0000] {dag.py:3954} INFO - Setting next_dagrun for example_task_group to 2024-06-15 00:00:00+00:00, run_after=2024-06-16 00:00:00+00:00
[2024-06-16T20:51:55.673+0000] {processor.py:183} INFO - Processing /home/airflow/.local/lib/python3.12/site-packages/airflow/example_dags/example_task_group.py took 0.076 seconds
[2024-06-16T20:52:26.192+0000] {processor.py:161} INFO - Started process (PID=2904) to work on /home/airflow/.local/lib/python3.12/site-packages/airflow/example_dags/example_task_group.py
[2024-06-16T20:52:26.194+0000] {processor.py:830} INFO - Processing file /home/airflow/.local/lib/python3.12/site-packages/airflow/example_dags/example_task_group.py for tasks to queue
[2024-06-16T20:52:26.195+0000] {logging_mixin.py:188} INFO - [2024-06-16T20:52:26.195+0000] {dagbag.py:545} INFO - Filling up the DagBag from /home/airflow/.local/lib/python3.12/site-packages/airflow/example_dags/example_task_group.py
[2024-06-16T20:52:26.202+0000] {processor.py:840} INFO - DAG(s) 'example_task_group' retrieved from /home/airflow/.local/lib/python3.12/site-packages/airflow/example_dags/example_task_group.py
[2024-06-16T20:52:26.222+0000] {logging_mixin.py:188} INFO - [2024-06-16T20:52:26.222+0000] {dag.py:3096} INFO - Sync 1 DAGs
[2024-06-16T20:52:26.242+0000] {logging_mixin.py:188} INFO - [2024-06-16T20:52:26.242+0000] {dag.py:3954} INFO - Setting next_dagrun for example_task_group to 2024-06-15 00:00:00+00:00, run_after=2024-06-16 00:00:00+00:00
[2024-06-16T20:52:26.263+0000] {processor.py:183} INFO - Processing /home/airflow/.local/lib/python3.12/site-packages/airflow/example_dags/example_task_group.py took 0.076 seconds
[2024-06-16T20:52:56.497+0000] {processor.py:161} INFO - Started process (PID=2962) to work on /home/airflow/.local/lib/python3.12/site-packages/airflow/example_dags/example_task_group.py
[2024-06-16T20:52:56.498+0000] {processor.py:830} INFO - Processing file /home/airflow/.local/lib/python3.12/site-packages/airflow/example_dags/example_task_group.py for tasks to queue
[2024-06-16T20:52:56.500+0000] {logging_mixin.py:188} INFO - [2024-06-16T20:52:56.500+0000] {dagbag.py:545} INFO - Filling up the DagBag from /home/airflow/.local/lib/python3.12/site-packages/airflow/example_dags/example_task_group.py
[2024-06-16T20:52:56.506+0000] {processor.py:840} INFO - DAG(s) 'example_task_group' retrieved from /home/airflow/.local/lib/python3.12/site-packages/airflow/example_dags/example_task_group.py
[2024-06-16T20:52:56.526+0000] {logging_mixin.py:188} INFO - [2024-06-16T20:52:56.526+0000] {dag.py:3096} INFO - Sync 1 DAGs
[2024-06-16T20:52:56.547+0000] {logging_mixin.py:188} INFO - [2024-06-16T20:52:56.547+0000] {dag.py:3954} INFO - Setting next_dagrun for example_task_group to 2024-06-15 00:00:00+00:00, run_after=2024-06-16 00:00:00+00:00
[2024-06-16T20:52:56.567+0000] {processor.py:183} INFO - Processing /home/airflow/.local/lib/python3.12/site-packages/airflow/example_dags/example_task_group.py took 0.075 seconds
[2024-06-16T20:53:27.061+0000] {processor.py:161} INFO - Started process (PID=3020) to work on /home/airflow/.local/lib/python3.12/site-packages/airflow/example_dags/example_task_group.py
[2024-06-16T20:53:27.062+0000] {processor.py:830} INFO - Processing file /home/airflow/.local/lib/python3.12/site-packages/airflow/example_dags/example_task_group.py for tasks to queue
[2024-06-16T20:53:27.064+0000] {logging_mixin.py:188} INFO - [2024-06-16T20:53:27.064+0000] {dagbag.py:545} INFO - Filling up the DagBag from /home/airflow/.local/lib/python3.12/site-packages/airflow/example_dags/example_task_group.py
[2024-06-16T20:53:27.070+0000] {processor.py:840} INFO - DAG(s) 'example_task_group' retrieved from /home/airflow/.local/lib/python3.12/site-packages/airflow/example_dags/example_task_group.py
[2024-06-16T20:53:27.091+0000] {logging_mixin.py:188} INFO - [2024-06-16T20:53:27.090+0000] {dag.py:3096} INFO - Sync 1 DAGs
[2024-06-16T20:53:27.113+0000] {logging_mixin.py:188} INFO - [2024-06-16T20:53:27.113+0000] {dag.py:3954} INFO - Setting next_dagrun for example_task_group to 2024-06-15 00:00:00+00:00, run_after=2024-06-16 00:00:00+00:00
[2024-06-16T20:53:27.134+0000] {processor.py:183} INFO - Processing /home/airflow/.local/lib/python3.12/site-packages/airflow/example_dags/example_task_group.py took 0.079 seconds
[2024-06-16T20:53:57.511+0000] {processor.py:161} INFO - Started process (PID=3078) to work on /home/airflow/.local/lib/python3.12/site-packages/airflow/example_dags/example_task_group.py
[2024-06-16T20:53:57.512+0000] {processor.py:830} INFO - Processing file /home/airflow/.local/lib/python3.12/site-packages/airflow/example_dags/example_task_group.py for tasks to queue
[2024-06-16T20:53:57.514+0000] {logging_mixin.py:188} INFO - [2024-06-16T20:53:57.514+0000] {dagbag.py:545} INFO - Filling up the DagBag from /home/airflow/.local/lib/python3.12/site-packages/airflow/example_dags/example_task_group.py
[2024-06-16T20:53:57.521+0000] {processor.py:840} INFO - DAG(s) 'example_task_group' retrieved from /home/airflow/.local/lib/python3.12/site-packages/airflow/example_dags/example_task_group.py
[2024-06-16T20:53:57.541+0000] {logging_mixin.py:188} INFO - [2024-06-16T20:53:57.541+0000] {dag.py:3096} INFO - Sync 1 DAGs
[2024-06-16T20:53:57.561+0000] {logging_mixin.py:188} INFO - [2024-06-16T20:53:57.561+0000] {dag.py:3954} INFO - Setting next_dagrun for example_task_group to 2024-06-15 00:00:00+00:00, run_after=2024-06-16 00:00:00+00:00
[2024-06-16T20:53:57.580+0000] {processor.py:183} INFO - Processing /home/airflow/.local/lib/python3.12/site-packages/airflow/example_dags/example_task_group.py took 0.074 seconds
[2024-06-16T20:54:28.018+0000] {processor.py:161} INFO - Started process (PID=3136) to work on /home/airflow/.local/lib/python3.12/site-packages/airflow/example_dags/example_task_group.py
[2024-06-16T20:54:28.019+0000] {processor.py:830} INFO - Processing file /home/airflow/.local/lib/python3.12/site-packages/airflow/example_dags/example_task_group.py for tasks to queue
[2024-06-16T20:54:28.021+0000] {logging_mixin.py:188} INFO - [2024-06-16T20:54:28.021+0000] {dagbag.py:545} INFO - Filling up the DagBag from /home/airflow/.local/lib/python3.12/site-packages/airflow/example_dags/example_task_group.py
[2024-06-16T20:54:28.027+0000] {processor.py:840} INFO - DAG(s) 'example_task_group' retrieved from /home/airflow/.local/lib/python3.12/site-packages/airflow/example_dags/example_task_group.py
[2024-06-16T20:54:28.048+0000] {logging_mixin.py:188} INFO - [2024-06-16T20:54:28.048+0000] {dag.py:3096} INFO - Sync 1 DAGs
[2024-06-16T20:54:28.069+0000] {logging_mixin.py:188} INFO - [2024-06-16T20:54:28.069+0000] {dag.py:3954} INFO - Setting next_dagrun for example_task_group to 2024-06-15 00:00:00+00:00, run_after=2024-06-16 00:00:00+00:00
[2024-06-16T20:54:28.088+0000] {processor.py:183} INFO - Processing /home/airflow/.local/lib/python3.12/site-packages/airflow/example_dags/example_task_group.py took 0.075 seconds
[2024-06-16T20:54:58.453+0000] {processor.py:161} INFO - Started process (PID=3194) to work on /home/airflow/.local/lib/python3.12/site-packages/airflow/example_dags/example_task_group.py
[2024-06-16T20:54:58.454+0000] {processor.py:830} INFO - Processing file /home/airflow/.local/lib/python3.12/site-packages/airflow/example_dags/example_task_group.py for tasks to queue
[2024-06-16T20:54:58.455+0000] {logging_mixin.py:188} INFO - [2024-06-16T20:54:58.455+0000] {dagbag.py:545} INFO - Filling up the DagBag from /home/airflow/.local/lib/python3.12/site-packages/airflow/example_dags/example_task_group.py
[2024-06-16T20:54:58.462+0000] {processor.py:840} INFO - DAG(s) 'example_task_group' retrieved from /home/airflow/.local/lib/python3.12/site-packages/airflow/example_dags/example_task_group.py
[2024-06-16T20:54:58.482+0000] {logging_mixin.py:188} INFO - [2024-06-16T20:54:58.481+0000] {dag.py:3096} INFO - Sync 1 DAGs
[2024-06-16T20:54:58.502+0000] {logging_mixin.py:188} INFO - [2024-06-16T20:54:58.502+0000] {dag.py:3954} INFO - Setting next_dagrun for example_task_group to 2024-06-15 00:00:00+00:00, run_after=2024-06-16 00:00:00+00:00
[2024-06-16T20:54:58.520+0000] {processor.py:183} INFO - Processing /home/airflow/.local/lib/python3.12/site-packages/airflow/example_dags/example_task_group.py took 0.073 seconds
[2024-06-16T20:55:28.869+0000] {processor.py:161} INFO - Started process (PID=3252) to work on /home/airflow/.local/lib/python3.12/site-packages/airflow/example_dags/example_task_group.py
[2024-06-16T20:55:28.870+0000] {processor.py:830} INFO - Processing file /home/airflow/.local/lib/python3.12/site-packages/airflow/example_dags/example_task_group.py for tasks to queue
[2024-06-16T20:55:28.872+0000] {logging_mixin.py:188} INFO - [2024-06-16T20:55:28.872+0000] {dagbag.py:545} INFO - Filling up the DagBag from /home/airflow/.local/lib/python3.12/site-packages/airflow/example_dags/example_task_group.py
[2024-06-16T20:55:28.880+0000] {processor.py:840} INFO - DAG(s) 'example_task_group' retrieved from /home/airflow/.local/lib/python3.12/site-packages/airflow/example_dags/example_task_group.py
[2024-06-16T20:55:28.901+0000] {logging_mixin.py:188} INFO - [2024-06-16T20:55:28.901+0000] {dag.py:3096} INFO - Sync 1 DAGs
[2024-06-16T20:55:28.922+0000] {logging_mixin.py:188} INFO - [2024-06-16T20:55:28.922+0000] {dag.py:3954} INFO - Setting next_dagrun for example_task_group to 2024-06-15 00:00:00+00:00, run_after=2024-06-16 00:00:00+00:00
[2024-06-16T20:55:28.941+0000] {processor.py:183} INFO - Processing /home/airflow/.local/lib/python3.12/site-packages/airflow/example_dags/example_task_group.py took 0.079 seconds
[2024-06-16T20:55:59.107+0000] {processor.py:161} INFO - Started process (PID=3310) to work on /home/airflow/.local/lib/python3.12/site-packages/airflow/example_dags/example_task_group.py
[2024-06-16T20:55:59.108+0000] {processor.py:830} INFO - Processing file /home/airflow/.local/lib/python3.12/site-packages/airflow/example_dags/example_task_group.py for tasks to queue
[2024-06-16T20:55:59.110+0000] {logging_mixin.py:188} INFO - [2024-06-16T20:55:59.110+0000] {dagbag.py:545} INFO - Filling up the DagBag from /home/airflow/.local/lib/python3.12/site-packages/airflow/example_dags/example_task_group.py
[2024-06-16T20:55:59.116+0000] {processor.py:840} INFO - DAG(s) 'example_task_group' retrieved from /home/airflow/.local/lib/python3.12/site-packages/airflow/example_dags/example_task_group.py
[2024-06-16T20:55:59.138+0000] {logging_mixin.py:188} INFO - [2024-06-16T20:55:59.137+0000] {dag.py:3096} INFO - Sync 1 DAGs
[2024-06-16T20:55:59.159+0000] {logging_mixin.py:188} INFO - [2024-06-16T20:55:59.159+0000] {dag.py:3954} INFO - Setting next_dagrun for example_task_group to 2024-06-15 00:00:00+00:00, run_after=2024-06-16 00:00:00+00:00
[2024-06-16T20:55:59.180+0000] {processor.py:183} INFO - Processing /home/airflow/.local/lib/python3.12/site-packages/airflow/example_dags/example_task_group.py took 0.078 seconds
[2024-06-16T20:56:29.730+0000] {processor.py:161} INFO - Started process (PID=3368) to work on /home/airflow/.local/lib/python3.12/site-packages/airflow/example_dags/example_task_group.py
[2024-06-16T20:56:29.731+0000] {processor.py:830} INFO - Processing file /home/airflow/.local/lib/python3.12/site-packages/airflow/example_dags/example_task_group.py for tasks to queue
[2024-06-16T20:56:29.733+0000] {logging_mixin.py:188} INFO - [2024-06-16T20:56:29.733+0000] {dagbag.py:545} INFO - Filling up the DagBag from /home/airflow/.local/lib/python3.12/site-packages/airflow/example_dags/example_task_group.py
[2024-06-16T20:56:29.740+0000] {processor.py:840} INFO - DAG(s) 'example_task_group' retrieved from /home/airflow/.local/lib/python3.12/site-packages/airflow/example_dags/example_task_group.py
[2024-06-16T20:56:29.761+0000] {logging_mixin.py:188} INFO - [2024-06-16T20:56:29.761+0000] {dag.py:3096} INFO - Sync 1 DAGs
[2024-06-16T20:56:29.783+0000] {logging_mixin.py:188} INFO - [2024-06-16T20:56:29.782+0000] {dag.py:3954} INFO - Setting next_dagrun for example_task_group to 2024-06-15 00:00:00+00:00, run_after=2024-06-16 00:00:00+00:00
[2024-06-16T20:56:29.805+0000] {processor.py:183} INFO - Processing /home/airflow/.local/lib/python3.12/site-packages/airflow/example_dags/example_task_group.py took 0.082 seconds
[2024-06-16T20:57:00.368+0000] {processor.py:161} INFO - Started process (PID=3426) to work on /home/airflow/.local/lib/python3.12/site-packages/airflow/example_dags/example_task_group.py
[2024-06-16T20:57:00.370+0000] {processor.py:830} INFO - Processing file /home/airflow/.local/lib/python3.12/site-packages/airflow/example_dags/example_task_group.py for tasks to queue
[2024-06-16T20:57:00.373+0000] {logging_mixin.py:188} INFO - [2024-06-16T20:57:00.372+0000] {dagbag.py:545} INFO - Filling up the DagBag from /home/airflow/.local/lib/python3.12/site-packages/airflow/example_dags/example_task_group.py
[2024-06-16T20:57:00.389+0000] {processor.py:840} INFO - DAG(s) 'example_task_group' retrieved from /home/airflow/.local/lib/python3.12/site-packages/airflow/example_dags/example_task_group.py
[2024-06-16T20:57:00.427+0000] {logging_mixin.py:188} INFO - [2024-06-16T20:57:00.427+0000] {dag.py:3096} INFO - Sync 1 DAGs
[2024-06-16T20:57:00.460+0000] {logging_mixin.py:188} INFO - [2024-06-16T20:57:00.460+0000] {dag.py:3954} INFO - Setting next_dagrun for example_task_group to 2024-06-15 00:00:00+00:00, run_after=2024-06-16 00:00:00+00:00
[2024-06-16T20:57:00.486+0000] {processor.py:183} INFO - Processing /home/airflow/.local/lib/python3.12/site-packages/airflow/example_dags/example_task_group.py took 0.126 seconds
[2024-06-16T20:57:31.453+0000] {processor.py:161} INFO - Started process (PID=3484) to work on /home/airflow/.local/lib/python3.12/site-packages/airflow/example_dags/example_task_group.py
[2024-06-16T20:57:31.454+0000] {processor.py:830} INFO - Processing file /home/airflow/.local/lib/python3.12/site-packages/airflow/example_dags/example_task_group.py for tasks to queue
[2024-06-16T20:57:31.456+0000] {logging_mixin.py:188} INFO - [2024-06-16T20:57:31.456+0000] {dagbag.py:545} INFO - Filling up the DagBag from /home/airflow/.local/lib/python3.12/site-packages/airflow/example_dags/example_task_group.py
[2024-06-16T20:57:31.463+0000] {processor.py:840} INFO - DAG(s) 'example_task_group' retrieved from /home/airflow/.local/lib/python3.12/site-packages/airflow/example_dags/example_task_group.py
[2024-06-16T20:57:31.486+0000] {logging_mixin.py:188} INFO - [2024-06-16T20:57:31.485+0000] {dag.py:3096} INFO - Sync 1 DAGs
[2024-06-16T20:57:31.510+0000] {logging_mixin.py:188} INFO - [2024-06-16T20:57:31.509+0000] {dag.py:3954} INFO - Setting next_dagrun for example_task_group to 2024-06-15 00:00:00+00:00, run_after=2024-06-16 00:00:00+00:00
[2024-06-16T20:57:31.531+0000] {processor.py:183} INFO - Processing /home/airflow/.local/lib/python3.12/site-packages/airflow/example_dags/example_task_group.py took 0.085 seconds
[2024-06-16T20:58:01.632+0000] {processor.py:161} INFO - Started process (PID=3542) to work on /home/airflow/.local/lib/python3.12/site-packages/airflow/example_dags/example_task_group.py
[2024-06-16T20:58:01.633+0000] {processor.py:830} INFO - Processing file /home/airflow/.local/lib/python3.12/site-packages/airflow/example_dags/example_task_group.py for tasks to queue
[2024-06-16T20:58:01.635+0000] {logging_mixin.py:188} INFO - [2024-06-16T20:58:01.635+0000] {dagbag.py:545} INFO - Filling up the DagBag from /home/airflow/.local/lib/python3.12/site-packages/airflow/example_dags/example_task_group.py
[2024-06-16T20:58:01.643+0000] {processor.py:840} INFO - DAG(s) 'example_task_group' retrieved from /home/airflow/.local/lib/python3.12/site-packages/airflow/example_dags/example_task_group.py
[2024-06-16T20:58:01.665+0000] {logging_mixin.py:188} INFO - [2024-06-16T20:58:01.665+0000] {dag.py:3096} INFO - Sync 1 DAGs
[2024-06-16T20:58:01.686+0000] {logging_mixin.py:188} INFO - [2024-06-16T20:58:01.686+0000] {dag.py:3954} INFO - Setting next_dagrun for example_task_group to 2024-06-15 00:00:00+00:00, run_after=2024-06-16 00:00:00+00:00
[2024-06-16T20:58:01.709+0000] {processor.py:183} INFO - Processing /home/airflow/.local/lib/python3.12/site-packages/airflow/example_dags/example_task_group.py took 0.083 seconds
[2024-06-16T20:58:31.873+0000] {processor.py:161} INFO - Started process (PID=3600) to work on /home/airflow/.local/lib/python3.12/site-packages/airflow/example_dags/example_task_group.py
[2024-06-16T20:58:31.875+0000] {processor.py:830} INFO - Processing file /home/airflow/.local/lib/python3.12/site-packages/airflow/example_dags/example_task_group.py for tasks to queue
[2024-06-16T20:58:31.877+0000] {logging_mixin.py:188} INFO - [2024-06-16T20:58:31.876+0000] {dagbag.py:545} INFO - Filling up the DagBag from /home/airflow/.local/lib/python3.12/site-packages/airflow/example_dags/example_task_group.py
[2024-06-16T20:58:31.884+0000] {processor.py:840} INFO - DAG(s) 'example_task_group' retrieved from /home/airflow/.local/lib/python3.12/site-packages/airflow/example_dags/example_task_group.py
[2024-06-16T20:58:31.906+0000] {logging_mixin.py:188} INFO - [2024-06-16T20:58:31.906+0000] {dag.py:3096} INFO - Sync 1 DAGs
[2024-06-16T20:58:31.927+0000] {logging_mixin.py:188} INFO - [2024-06-16T20:58:31.927+0000] {dag.py:3954} INFO - Setting next_dagrun for example_task_group to 2024-06-15 00:00:00+00:00, run_after=2024-06-16 00:00:00+00:00
[2024-06-16T20:58:31.951+0000] {processor.py:183} INFO - Processing /home/airflow/.local/lib/python3.12/site-packages/airflow/example_dags/example_task_group.py took 0.084 seconds
[2024-06-16T20:59:02.145+0000] {processor.py:161} INFO - Started process (PID=3658) to work on /home/airflow/.local/lib/python3.12/site-packages/airflow/example_dags/example_task_group.py
[2024-06-16T20:59:02.146+0000] {processor.py:830} INFO - Processing file /home/airflow/.local/lib/python3.12/site-packages/airflow/example_dags/example_task_group.py for tasks to queue
[2024-06-16T20:59:02.148+0000] {logging_mixin.py:188} INFO - [2024-06-16T20:59:02.148+0000] {dagbag.py:545} INFO - Filling up the DagBag from /home/airflow/.local/lib/python3.12/site-packages/airflow/example_dags/example_task_group.py
[2024-06-16T20:59:02.156+0000] {processor.py:840} INFO - DAG(s) 'example_task_group' retrieved from /home/airflow/.local/lib/python3.12/site-packages/airflow/example_dags/example_task_group.py
[2024-06-16T20:59:02.181+0000] {logging_mixin.py:188} INFO - [2024-06-16T20:59:02.180+0000] {dag.py:3096} INFO - Sync 1 DAGs
[2024-06-16T20:59:02.205+0000] {logging_mixin.py:188} INFO - [2024-06-16T20:59:02.204+0000] {dag.py:3954} INFO - Setting next_dagrun for example_task_group to 2024-06-15 00:00:00+00:00, run_after=2024-06-16 00:00:00+00:00
[2024-06-16T20:59:02.226+0000] {processor.py:183} INFO - Processing /home/airflow/.local/lib/python3.12/site-packages/airflow/example_dags/example_task_group.py took 0.087 seconds
[2024-06-16T20:59:32.285+0000] {processor.py:161} INFO - Started process (PID=3716) to work on /home/airflow/.local/lib/python3.12/site-packages/airflow/example_dags/example_task_group.py
[2024-06-16T20:59:32.286+0000] {processor.py:830} INFO - Processing file /home/airflow/.local/lib/python3.12/site-packages/airflow/example_dags/example_task_group.py for tasks to queue
[2024-06-16T20:59:32.288+0000] {logging_mixin.py:188} INFO - [2024-06-16T20:59:32.287+0000] {dagbag.py:545} INFO - Filling up the DagBag from /home/airflow/.local/lib/python3.12/site-packages/airflow/example_dags/example_task_group.py
[2024-06-16T20:59:32.294+0000] {processor.py:840} INFO - DAG(s) 'example_task_group' retrieved from /home/airflow/.local/lib/python3.12/site-packages/airflow/example_dags/example_task_group.py
[2024-06-16T20:59:32.315+0000] {logging_mixin.py:188} INFO - [2024-06-16T20:59:32.315+0000] {dag.py:3096} INFO - Sync 1 DAGs
[2024-06-16T20:59:32.337+0000] {logging_mixin.py:188} INFO - [2024-06-16T20:59:32.337+0000] {dag.py:3954} INFO - Setting next_dagrun for example_task_group to 2024-06-15 00:00:00+00:00, run_after=2024-06-16 00:00:00+00:00
[2024-06-16T20:59:32.356+0000] {processor.py:183} INFO - Processing /home/airflow/.local/lib/python3.12/site-packages/airflow/example_dags/example_task_group.py took 0.077 seconds
