[2024-06-18T02:21:31.986+0000] {processor.py:161} INFO - Started process (PID=65173) to work on /home/airflow/.local/lib/python3.12/site-packages/airflow/example_dags/example_dag_decorator.py
[2024-06-18T02:21:31.990+0000] {processor.py:830} INFO - Processing file /home/airflow/.local/lib/python3.12/site-packages/airflow/example_dags/example_dag_decorator.py for tasks to queue
[2024-06-18T02:21:31.991+0000] {logging_mixin.py:188} INFO - [2024-06-18T02:21:31.991+0000] {dagbag.py:545} INFO - Filling up the DagBag from /home/airflow/.local/lib/python3.12/site-packages/airflow/example_dags/example_dag_decorator.py
[2024-06-18T02:21:34.773+0000] {processor.py:840} INFO - DAG(s) 'example_dag_decorator' retrieved from /home/airflow/.local/lib/python3.12/site-packages/airflow/example_dags/example_dag_decorator.py
[2024-06-18T02:21:39.764+0000] {logging_mixin.py:188} INFO - [2024-06-18T02:21:39.756+0000] {dag.py:3096} INFO - Sync 1 DAGs
[2024-06-18T02:21:39.808+0000] {logging_mixin.py:188} INFO - [2024-06-18T02:21:39.808+0000] {dag.py:3954} INFO - Setting next_dagrun for example_dag_decorator to None, run_after=None
[2024-06-18T02:21:39.926+0000] {processor.py:183} INFO - Processing /home/airflow/.local/lib/python3.12/site-packages/airflow/example_dags/example_dag_decorator.py took 7.958 seconds
[2024-06-18T02:22:10.003+0000] {processor.py:161} INFO - Started process (PID=65242) to work on /home/airflow/.local/lib/python3.12/site-packages/airflow/example_dags/example_dag_decorator.py
[2024-06-18T02:22:10.005+0000] {processor.py:830} INFO - Processing file /home/airflow/.local/lib/python3.12/site-packages/airflow/example_dags/example_dag_decorator.py for tasks to queue
[2024-06-18T02:22:10.006+0000] {logging_mixin.py:188} INFO - [2024-06-18T02:22:10.006+0000] {dagbag.py:545} INFO - Filling up the DagBag from /home/airflow/.local/lib/python3.12/site-packages/airflow/example_dags/example_dag_decorator.py
[2024-06-18T02:22:10.213+0000] {processor.py:840} INFO - DAG(s) 'example_dag_decorator' retrieved from /home/airflow/.local/lib/python3.12/site-packages/airflow/example_dags/example_dag_decorator.py
[2024-06-18T02:22:10.375+0000] {logging_mixin.py:188} INFO - [2024-06-18T02:22:10.375+0000] {dag.py:3096} INFO - Sync 1 DAGs
[2024-06-18T02:22:10.387+0000] {logging_mixin.py:188} INFO - [2024-06-18T02:22:10.386+0000] {dag.py:3954} INFO - Setting next_dagrun for example_dag_decorator to None, run_after=None
[2024-06-18T02:22:10.409+0000] {processor.py:183} INFO - Processing /home/airflow/.local/lib/python3.12/site-packages/airflow/example_dags/example_dag_decorator.py took 0.417 seconds
[2024-06-18T02:22:41.377+0000] {processor.py:161} INFO - Started process (PID=65293) to work on /home/airflow/.local/lib/python3.12/site-packages/airflow/example_dags/example_dag_decorator.py
[2024-06-18T02:22:41.379+0000] {processor.py:830} INFO - Processing file /home/airflow/.local/lib/python3.12/site-packages/airflow/example_dags/example_dag_decorator.py for tasks to queue
[2024-06-18T02:22:41.380+0000] {logging_mixin.py:188} INFO - [2024-06-18T02:22:41.380+0000] {dagbag.py:545} INFO - Filling up the DagBag from /home/airflow/.local/lib/python3.12/site-packages/airflow/example_dags/example_dag_decorator.py
[2024-06-18T02:22:41.640+0000] {processor.py:840} INFO - DAG(s) 'example_dag_decorator' retrieved from /home/airflow/.local/lib/python3.12/site-packages/airflow/example_dags/example_dag_decorator.py
[2024-06-18T02:22:41.869+0000] {logging_mixin.py:188} INFO - [2024-06-18T02:22:41.869+0000] {dag.py:3096} INFO - Sync 1 DAGs
[2024-06-18T02:22:41.894+0000] {logging_mixin.py:188} INFO - [2024-06-18T02:22:41.894+0000] {dag.py:3954} INFO - Setting next_dagrun for example_dag_decorator to None, run_after=None
[2024-06-18T02:22:41.927+0000] {processor.py:183} INFO - Processing /home/airflow/.local/lib/python3.12/site-packages/airflow/example_dags/example_dag_decorator.py took 0.566 seconds
[2024-06-18T02:23:12.246+0000] {processor.py:161} INFO - Started process (PID=65360) to work on /home/airflow/.local/lib/python3.12/site-packages/airflow/example_dags/example_dag_decorator.py
[2024-06-18T02:23:12.247+0000] {processor.py:830} INFO - Processing file /home/airflow/.local/lib/python3.12/site-packages/airflow/example_dags/example_dag_decorator.py for tasks to queue
[2024-06-18T02:23:12.248+0000] {logging_mixin.py:188} INFO - [2024-06-18T02:23:12.248+0000] {dagbag.py:545} INFO - Filling up the DagBag from /home/airflow/.local/lib/python3.12/site-packages/airflow/example_dags/example_dag_decorator.py
[2024-06-18T02:23:12.388+0000] {processor.py:840} INFO - DAG(s) 'example_dag_decorator' retrieved from /home/airflow/.local/lib/python3.12/site-packages/airflow/example_dags/example_dag_decorator.py
[2024-06-18T02:23:12.545+0000] {logging_mixin.py:188} INFO - [2024-06-18T02:23:12.545+0000] {dag.py:3096} INFO - Sync 1 DAGs
[2024-06-18T02:23:12.556+0000] {logging_mixin.py:188} INFO - [2024-06-18T02:23:12.556+0000] {dag.py:3954} INFO - Setting next_dagrun for example_dag_decorator to None, run_after=None
[2024-06-18T02:23:12.581+0000] {processor.py:183} INFO - Processing /home/airflow/.local/lib/python3.12/site-packages/airflow/example_dags/example_dag_decorator.py took 0.343 seconds
[2024-06-18T02:23:43.560+0000] {processor.py:161} INFO - Started process (PID=65418) to work on /home/airflow/.local/lib/python3.12/site-packages/airflow/example_dags/example_dag_decorator.py
[2024-06-18T02:23:43.564+0000] {processor.py:830} INFO - Processing file /home/airflow/.local/lib/python3.12/site-packages/airflow/example_dags/example_dag_decorator.py for tasks to queue
[2024-06-18T02:23:43.566+0000] {logging_mixin.py:188} INFO - [2024-06-18T02:23:43.565+0000] {dagbag.py:545} INFO - Filling up the DagBag from /home/airflow/.local/lib/python3.12/site-packages/airflow/example_dags/example_dag_decorator.py
[2024-06-18T02:23:43.836+0000] {processor.py:840} INFO - DAG(s) 'example_dag_decorator' retrieved from /home/airflow/.local/lib/python3.12/site-packages/airflow/example_dags/example_dag_decorator.py
[2024-06-18T02:23:44.092+0000] {logging_mixin.py:188} INFO - [2024-06-18T02:23:44.092+0000] {dag.py:3096} INFO - Sync 1 DAGs
[2024-06-18T02:23:44.109+0000] {logging_mixin.py:188} INFO - [2024-06-18T02:23:44.109+0000] {dag.py:3954} INFO - Setting next_dagrun for example_dag_decorator to None, run_after=None
[2024-06-18T02:23:44.150+0000] {processor.py:183} INFO - Processing /home/airflow/.local/lib/python3.12/site-packages/airflow/example_dags/example_dag_decorator.py took 0.603 seconds
[2024-06-18T02:24:14.964+0000] {processor.py:161} INFO - Started process (PID=65476) to work on /home/airflow/.local/lib/python3.12/site-packages/airflow/example_dags/example_dag_decorator.py
[2024-06-18T02:24:14.967+0000] {processor.py:830} INFO - Processing file /home/airflow/.local/lib/python3.12/site-packages/airflow/example_dags/example_dag_decorator.py for tasks to queue
[2024-06-18T02:24:14.974+0000] {logging_mixin.py:188} INFO - [2024-06-18T02:24:14.973+0000] {dagbag.py:545} INFO - Filling up the DagBag from /home/airflow/.local/lib/python3.12/site-packages/airflow/example_dags/example_dag_decorator.py
[2024-06-18T02:24:15.305+0000] {processor.py:840} INFO - DAG(s) 'example_dag_decorator' retrieved from /home/airflow/.local/lib/python3.12/site-packages/airflow/example_dags/example_dag_decorator.py
[2024-06-18T02:24:15.604+0000] {logging_mixin.py:188} INFO - [2024-06-18T02:24:15.604+0000] {dag.py:3096} INFO - Sync 1 DAGs
[2024-06-18T02:24:15.647+0000] {logging_mixin.py:188} INFO - [2024-06-18T02:24:15.646+0000] {dag.py:3954} INFO - Setting next_dagrun for example_dag_decorator to None, run_after=None
[2024-06-18T02:24:15.703+0000] {processor.py:183} INFO - Processing /home/airflow/.local/lib/python3.12/site-packages/airflow/example_dags/example_dag_decorator.py took 0.788 seconds
[2024-06-18T02:24:45.834+0000] {processor.py:161} INFO - Started process (PID=65537) to work on /home/airflow/.local/lib/python3.12/site-packages/airflow/example_dags/example_dag_decorator.py
[2024-06-18T02:24:45.835+0000] {processor.py:830} INFO - Processing file /home/airflow/.local/lib/python3.12/site-packages/airflow/example_dags/example_dag_decorator.py for tasks to queue
[2024-06-18T02:24:45.836+0000] {logging_mixin.py:188} INFO - [2024-06-18T02:24:45.836+0000] {dagbag.py:545} INFO - Filling up the DagBag from /home/airflow/.local/lib/python3.12/site-packages/airflow/example_dags/example_dag_decorator.py
[2024-06-18T02:24:46.009+0000] {processor.py:840} INFO - DAG(s) 'example_dag_decorator' retrieved from /home/airflow/.local/lib/python3.12/site-packages/airflow/example_dags/example_dag_decorator.py
[2024-06-18T02:24:46.169+0000] {logging_mixin.py:188} INFO - [2024-06-18T02:24:46.168+0000] {dag.py:3096} INFO - Sync 1 DAGs
[2024-06-18T02:24:46.184+0000] {logging_mixin.py:188} INFO - [2024-06-18T02:24:46.184+0000] {dag.py:3954} INFO - Setting next_dagrun for example_dag_decorator to None, run_after=None
[2024-06-18T02:24:46.211+0000] {processor.py:183} INFO - Processing /home/airflow/.local/lib/python3.12/site-packages/airflow/example_dags/example_dag_decorator.py took 0.391 seconds
[2024-06-18T02:25:16.374+0000] {processor.py:161} INFO - Started process (PID=65592) to work on /home/airflow/.local/lib/python3.12/site-packages/airflow/example_dags/example_dag_decorator.py
[2024-06-18T02:25:16.377+0000] {processor.py:830} INFO - Processing file /home/airflow/.local/lib/python3.12/site-packages/airflow/example_dags/example_dag_decorator.py for tasks to queue
[2024-06-18T02:25:16.378+0000] {logging_mixin.py:188} INFO - [2024-06-18T02:25:16.378+0000] {dagbag.py:545} INFO - Filling up the DagBag from /home/airflow/.local/lib/python3.12/site-packages/airflow/example_dags/example_dag_decorator.py
[2024-06-18T02:25:16.505+0000] {processor.py:840} INFO - DAG(s) 'example_dag_decorator' retrieved from /home/airflow/.local/lib/python3.12/site-packages/airflow/example_dags/example_dag_decorator.py
[2024-06-18T02:25:16.617+0000] {logging_mixin.py:188} INFO - [2024-06-18T02:25:16.616+0000] {dag.py:3096} INFO - Sync 1 DAGs
[2024-06-18T02:25:16.632+0000] {logging_mixin.py:188} INFO - [2024-06-18T02:25:16.632+0000] {dag.py:3954} INFO - Setting next_dagrun for example_dag_decorator to None, run_after=None
[2024-06-18T02:25:16.654+0000] {processor.py:183} INFO - Processing /home/airflow/.local/lib/python3.12/site-packages/airflow/example_dags/example_dag_decorator.py took 0.290 seconds
[2024-06-18T02:25:47.027+0000] {processor.py:161} INFO - Started process (PID=65650) to work on /home/airflow/.local/lib/python3.12/site-packages/airflow/example_dags/example_dag_decorator.py
[2024-06-18T02:25:47.028+0000] {processor.py:830} INFO - Processing file /home/airflow/.local/lib/python3.12/site-packages/airflow/example_dags/example_dag_decorator.py for tasks to queue
[2024-06-18T02:25:47.029+0000] {logging_mixin.py:188} INFO - [2024-06-18T02:25:47.029+0000] {dagbag.py:545} INFO - Filling up the DagBag from /home/airflow/.local/lib/python3.12/site-packages/airflow/example_dags/example_dag_decorator.py
[2024-06-18T02:25:47.360+0000] {processor.py:840} INFO - DAG(s) 'example_dag_decorator' retrieved from /home/airflow/.local/lib/python3.12/site-packages/airflow/example_dags/example_dag_decorator.py
[2024-06-18T02:25:47.520+0000] {logging_mixin.py:188} INFO - [2024-06-18T02:25:47.519+0000] {dag.py:3096} INFO - Sync 1 DAGs
[2024-06-18T02:25:47.542+0000] {logging_mixin.py:188} INFO - [2024-06-18T02:25:47.541+0000] {dag.py:3954} INFO - Setting next_dagrun for example_dag_decorator to None, run_after=None
[2024-06-18T02:25:47.564+0000] {processor.py:183} INFO - Processing /home/airflow/.local/lib/python3.12/site-packages/airflow/example_dags/example_dag_decorator.py took 0.543 seconds
[2024-06-18T02:26:17.927+0000] {processor.py:161} INFO - Started process (PID=65708) to work on /home/airflow/.local/lib/python3.12/site-packages/airflow/example_dags/example_dag_decorator.py
[2024-06-18T02:26:17.929+0000] {processor.py:830} INFO - Processing file /home/airflow/.local/lib/python3.12/site-packages/airflow/example_dags/example_dag_decorator.py for tasks to queue
[2024-06-18T02:26:17.930+0000] {logging_mixin.py:188} INFO - [2024-06-18T02:26:17.929+0000] {dagbag.py:545} INFO - Filling up the DagBag from /home/airflow/.local/lib/python3.12/site-packages/airflow/example_dags/example_dag_decorator.py
[2024-06-18T02:26:18.056+0000] {processor.py:840} INFO - DAG(s) 'example_dag_decorator' retrieved from /home/airflow/.local/lib/python3.12/site-packages/airflow/example_dags/example_dag_decorator.py
[2024-06-18T02:26:18.178+0000] {logging_mixin.py:188} INFO - [2024-06-18T02:26:18.177+0000] {dag.py:3096} INFO - Sync 1 DAGs
[2024-06-18T02:26:18.190+0000] {logging_mixin.py:188} INFO - [2024-06-18T02:26:18.190+0000] {dag.py:3954} INFO - Setting next_dagrun for example_dag_decorator to None, run_after=None
[2024-06-18T02:26:18.210+0000] {processor.py:183} INFO - Processing /home/airflow/.local/lib/python3.12/site-packages/airflow/example_dags/example_dag_decorator.py took 0.291 seconds
[2024-06-18T02:26:48.622+0000] {processor.py:161} INFO - Started process (PID=65767) to work on /home/airflow/.local/lib/python3.12/site-packages/airflow/example_dags/example_dag_decorator.py
[2024-06-18T02:26:48.623+0000] {processor.py:830} INFO - Processing file /home/airflow/.local/lib/python3.12/site-packages/airflow/example_dags/example_dag_decorator.py for tasks to queue
[2024-06-18T02:26:48.624+0000] {logging_mixin.py:188} INFO - [2024-06-18T02:26:48.624+0000] {dagbag.py:545} INFO - Filling up the DagBag from /home/airflow/.local/lib/python3.12/site-packages/airflow/example_dags/example_dag_decorator.py
[2024-06-18T02:26:48.741+0000] {processor.py:840} INFO - DAG(s) 'example_dag_decorator' retrieved from /home/airflow/.local/lib/python3.12/site-packages/airflow/example_dags/example_dag_decorator.py
[2024-06-18T02:26:48.863+0000] {logging_mixin.py:188} INFO - [2024-06-18T02:26:48.862+0000] {dag.py:3096} INFO - Sync 1 DAGs
[2024-06-18T02:26:48.875+0000] {logging_mixin.py:188} INFO - [2024-06-18T02:26:48.875+0000] {dag.py:3954} INFO - Setting next_dagrun for example_dag_decorator to None, run_after=None
[2024-06-18T02:26:48.897+0000] {processor.py:183} INFO - Processing /home/airflow/.local/lib/python3.12/site-packages/airflow/example_dags/example_dag_decorator.py took 0.281 seconds
[2024-06-18T02:27:19.452+0000] {processor.py:161} INFO - Started process (PID=65825) to work on /home/airflow/.local/lib/python3.12/site-packages/airflow/example_dags/example_dag_decorator.py
[2024-06-18T02:27:19.453+0000] {processor.py:830} INFO - Processing file /home/airflow/.local/lib/python3.12/site-packages/airflow/example_dags/example_dag_decorator.py for tasks to queue
[2024-06-18T02:27:19.454+0000] {logging_mixin.py:188} INFO - [2024-06-18T02:27:19.453+0000] {dagbag.py:545} INFO - Filling up the DagBag from /home/airflow/.local/lib/python3.12/site-packages/airflow/example_dags/example_dag_decorator.py
[2024-06-18T02:27:19.576+0000] {processor.py:840} INFO - DAG(s) 'example_dag_decorator' retrieved from /home/airflow/.local/lib/python3.12/site-packages/airflow/example_dags/example_dag_decorator.py
[2024-06-18T02:27:19.599+0000] {logging_mixin.py:188} INFO - [2024-06-18T02:27:19.599+0000] {dag.py:3096} INFO - Sync 1 DAGs
[2024-06-18T02:27:19.611+0000] {logging_mixin.py:188} INFO - [2024-06-18T02:27:19.611+0000] {dag.py:3954} INFO - Setting next_dagrun for example_dag_decorator to None, run_after=None
[2024-06-18T02:27:19.630+0000] {processor.py:183} INFO - Processing /home/airflow/.local/lib/python3.12/site-packages/airflow/example_dags/example_dag_decorator.py took 0.184 seconds
[2024-06-18T02:27:49.682+0000] {processor.py:161} INFO - Started process (PID=65883) to work on /home/airflow/.local/lib/python3.12/site-packages/airflow/example_dags/example_dag_decorator.py
[2024-06-18T02:27:49.684+0000] {processor.py:830} INFO - Processing file /home/airflow/.local/lib/python3.12/site-packages/airflow/example_dags/example_dag_decorator.py for tasks to queue
[2024-06-18T02:27:49.685+0000] {logging_mixin.py:188} INFO - [2024-06-18T02:27:49.685+0000] {dagbag.py:545} INFO - Filling up the DagBag from /home/airflow/.local/lib/python3.12/site-packages/airflow/example_dags/example_dag_decorator.py
[2024-06-18T02:27:49.800+0000] {processor.py:840} INFO - DAG(s) 'example_dag_decorator' retrieved from /home/airflow/.local/lib/python3.12/site-packages/airflow/example_dags/example_dag_decorator.py
[2024-06-18T02:27:49.828+0000] {logging_mixin.py:188} INFO - [2024-06-18T02:27:49.828+0000] {dag.py:3096} INFO - Sync 1 DAGs
[2024-06-18T02:27:49.845+0000] {logging_mixin.py:188} INFO - [2024-06-18T02:27:49.844+0000] {dag.py:3954} INFO - Setting next_dagrun for example_dag_decorator to None, run_after=None
[2024-06-18T02:27:49.864+0000] {processor.py:183} INFO - Processing /home/airflow/.local/lib/python3.12/site-packages/airflow/example_dags/example_dag_decorator.py took 0.187 seconds
[2024-06-18T02:28:20.040+0000] {processor.py:161} INFO - Started process (PID=65941) to work on /home/airflow/.local/lib/python3.12/site-packages/airflow/example_dags/example_dag_decorator.py
[2024-06-18T02:28:20.041+0000] {processor.py:830} INFO - Processing file /home/airflow/.local/lib/python3.12/site-packages/airflow/example_dags/example_dag_decorator.py for tasks to queue
[2024-06-18T02:28:20.043+0000] {logging_mixin.py:188} INFO - [2024-06-18T02:28:20.042+0000] {dagbag.py:545} INFO - Filling up the DagBag from /home/airflow/.local/lib/python3.12/site-packages/airflow/example_dags/example_dag_decorator.py
[2024-06-18T02:28:20.168+0000] {processor.py:840} INFO - DAG(s) 'example_dag_decorator' retrieved from /home/airflow/.local/lib/python3.12/site-packages/airflow/example_dags/example_dag_decorator.py
[2024-06-18T02:28:20.199+0000] {logging_mixin.py:188} INFO - [2024-06-18T02:28:20.198+0000] {dag.py:3096} INFO - Sync 1 DAGs
[2024-06-18T02:28:20.217+0000] {logging_mixin.py:188} INFO - [2024-06-18T02:28:20.216+0000] {dag.py:3954} INFO - Setting next_dagrun for example_dag_decorator to None, run_after=None
[2024-06-18T02:28:20.239+0000] {processor.py:183} INFO - Processing /home/airflow/.local/lib/python3.12/site-packages/airflow/example_dags/example_dag_decorator.py took 0.206 seconds
[2024-06-18T02:28:50.442+0000] {processor.py:161} INFO - Started process (PID=66000) to work on /home/airflow/.local/lib/python3.12/site-packages/airflow/example_dags/example_dag_decorator.py
[2024-06-18T02:28:50.443+0000] {processor.py:830} INFO - Processing file /home/airflow/.local/lib/python3.12/site-packages/airflow/example_dags/example_dag_decorator.py for tasks to queue
[2024-06-18T02:28:50.444+0000] {logging_mixin.py:188} INFO - [2024-06-18T02:28:50.444+0000] {dagbag.py:545} INFO - Filling up the DagBag from /home/airflow/.local/lib/python3.12/site-packages/airflow/example_dags/example_dag_decorator.py
[2024-06-18T02:28:50.562+0000] {processor.py:840} INFO - DAG(s) 'example_dag_decorator' retrieved from /home/airflow/.local/lib/python3.12/site-packages/airflow/example_dags/example_dag_decorator.py
[2024-06-18T02:28:50.707+0000] {logging_mixin.py:188} INFO - [2024-06-18T02:28:50.707+0000] {dag.py:3096} INFO - Sync 1 DAGs
[2024-06-18T02:28:50.720+0000] {logging_mixin.py:188} INFO - [2024-06-18T02:28:50.719+0000] {dag.py:3954} INFO - Setting next_dagrun for example_dag_decorator to None, run_after=None
[2024-06-18T02:28:50.743+0000] {processor.py:183} INFO - Processing /home/airflow/.local/lib/python3.12/site-packages/airflow/example_dags/example_dag_decorator.py took 0.308 seconds
[2024-06-18T02:29:20.805+0000] {processor.py:161} INFO - Started process (PID=66058) to work on /home/airflow/.local/lib/python3.12/site-packages/airflow/example_dags/example_dag_decorator.py
[2024-06-18T02:29:20.808+0000] {processor.py:830} INFO - Processing file /home/airflow/.local/lib/python3.12/site-packages/airflow/example_dags/example_dag_decorator.py for tasks to queue
[2024-06-18T02:29:20.809+0000] {logging_mixin.py:188} INFO - [2024-06-18T02:29:20.808+0000] {dagbag.py:545} INFO - Filling up the DagBag from /home/airflow/.local/lib/python3.12/site-packages/airflow/example_dags/example_dag_decorator.py
[2024-06-18T02:29:20.935+0000] {processor.py:840} INFO - DAG(s) 'example_dag_decorator' retrieved from /home/airflow/.local/lib/python3.12/site-packages/airflow/example_dags/example_dag_decorator.py
[2024-06-18T02:29:21.065+0000] {logging_mixin.py:188} INFO - [2024-06-18T02:29:21.064+0000] {dag.py:3096} INFO - Sync 1 DAGs
[2024-06-18T02:29:21.076+0000] {logging_mixin.py:188} INFO - [2024-06-18T02:29:21.076+0000] {dag.py:3954} INFO - Setting next_dagrun for example_dag_decorator to None, run_after=None
[2024-06-18T02:29:21.101+0000] {processor.py:183} INFO - Processing /home/airflow/.local/lib/python3.12/site-packages/airflow/example_dags/example_dag_decorator.py took 0.303 seconds
[2024-06-18T02:29:51.162+0000] {processor.py:161} INFO - Started process (PID=66118) to work on /home/airflow/.local/lib/python3.12/site-packages/airflow/example_dags/example_dag_decorator.py
[2024-06-18T02:29:51.164+0000] {processor.py:830} INFO - Processing file /home/airflow/.local/lib/python3.12/site-packages/airflow/example_dags/example_dag_decorator.py for tasks to queue
[2024-06-18T02:29:51.165+0000] {logging_mixin.py:188} INFO - [2024-06-18T02:29:51.164+0000] {dagbag.py:545} INFO - Filling up the DagBag from /home/airflow/.local/lib/python3.12/site-packages/airflow/example_dags/example_dag_decorator.py
[2024-06-18T02:29:51.262+0000] {processor.py:840} INFO - DAG(s) 'example_dag_decorator' retrieved from /home/airflow/.local/lib/python3.12/site-packages/airflow/example_dags/example_dag_decorator.py
[2024-06-18T02:29:51.366+0000] {logging_mixin.py:188} INFO - [2024-06-18T02:29:51.366+0000] {dag.py:3096} INFO - Sync 1 DAGs
[2024-06-18T02:29:51.379+0000] {logging_mixin.py:188} INFO - [2024-06-18T02:29:51.378+0000] {dag.py:3954} INFO - Setting next_dagrun for example_dag_decorator to None, run_after=None
[2024-06-18T02:29:51.400+0000] {processor.py:183} INFO - Processing /home/airflow/.local/lib/python3.12/site-packages/airflow/example_dags/example_dag_decorator.py took 0.243 seconds
[2024-06-18T02:30:21.640+0000] {processor.py:161} INFO - Started process (PID=66174) to work on /home/airflow/.local/lib/python3.12/site-packages/airflow/example_dags/example_dag_decorator.py
[2024-06-18T02:30:21.642+0000] {processor.py:830} INFO - Processing file /home/airflow/.local/lib/python3.12/site-packages/airflow/example_dags/example_dag_decorator.py for tasks to queue
[2024-06-18T02:30:21.643+0000] {logging_mixin.py:188} INFO - [2024-06-18T02:30:21.643+0000] {dagbag.py:545} INFO - Filling up the DagBag from /home/airflow/.local/lib/python3.12/site-packages/airflow/example_dags/example_dag_decorator.py
[2024-06-18T02:30:21.750+0000] {processor.py:840} INFO - DAG(s) 'example_dag_decorator' retrieved from /home/airflow/.local/lib/python3.12/site-packages/airflow/example_dags/example_dag_decorator.py
[2024-06-18T02:30:21.868+0000] {logging_mixin.py:188} INFO - [2024-06-18T02:30:21.868+0000] {dag.py:3096} INFO - Sync 1 DAGs
[2024-06-18T02:30:21.881+0000] {logging_mixin.py:188} INFO - [2024-06-18T02:30:21.881+0000] {dag.py:3954} INFO - Setting next_dagrun for example_dag_decorator to None, run_after=None
[2024-06-18T02:30:21.904+0000] {processor.py:183} INFO - Processing /home/airflow/.local/lib/python3.12/site-packages/airflow/example_dags/example_dag_decorator.py took 0.271 seconds
[2024-06-18T02:30:52.360+0000] {processor.py:161} INFO - Started process (PID=66232) to work on /home/airflow/.local/lib/python3.12/site-packages/airflow/example_dags/example_dag_decorator.py
[2024-06-18T02:30:52.362+0000] {processor.py:830} INFO - Processing file /home/airflow/.local/lib/python3.12/site-packages/airflow/example_dags/example_dag_decorator.py for tasks to queue
[2024-06-18T02:30:52.363+0000] {logging_mixin.py:188} INFO - [2024-06-18T02:30:52.363+0000] {dagbag.py:545} INFO - Filling up the DagBag from /home/airflow/.local/lib/python3.12/site-packages/airflow/example_dags/example_dag_decorator.py
[2024-06-18T02:30:52.480+0000] {processor.py:840} INFO - DAG(s) 'example_dag_decorator' retrieved from /home/airflow/.local/lib/python3.12/site-packages/airflow/example_dags/example_dag_decorator.py
[2024-06-18T02:30:52.592+0000] {logging_mixin.py:188} INFO - [2024-06-18T02:30:52.592+0000] {dag.py:3096} INFO - Sync 1 DAGs
[2024-06-18T02:30:52.603+0000] {logging_mixin.py:188} INFO - [2024-06-18T02:30:52.602+0000] {dag.py:3954} INFO - Setting next_dagrun for example_dag_decorator to None, run_after=None
[2024-06-18T02:30:52.624+0000] {processor.py:183} INFO - Processing /home/airflow/.local/lib/python3.12/site-packages/airflow/example_dags/example_dag_decorator.py took 0.271 seconds
[2024-06-18T02:31:22.662+0000] {processor.py:161} INFO - Started process (PID=66290) to work on /home/airflow/.local/lib/python3.12/site-packages/airflow/example_dags/example_dag_decorator.py
[2024-06-18T02:31:22.665+0000] {processor.py:830} INFO - Processing file /home/airflow/.local/lib/python3.12/site-packages/airflow/example_dags/example_dag_decorator.py for tasks to queue
[2024-06-18T02:31:22.666+0000] {logging_mixin.py:188} INFO - [2024-06-18T02:31:22.666+0000] {dagbag.py:545} INFO - Filling up the DagBag from /home/airflow/.local/lib/python3.12/site-packages/airflow/example_dags/example_dag_decorator.py
[2024-06-18T02:31:22.796+0000] {processor.py:840} INFO - DAG(s) 'example_dag_decorator' retrieved from /home/airflow/.local/lib/python3.12/site-packages/airflow/example_dags/example_dag_decorator.py
[2024-06-18T02:31:22.919+0000] {logging_mixin.py:188} INFO - [2024-06-18T02:31:22.919+0000] {dag.py:3096} INFO - Sync 1 DAGs
[2024-06-18T02:31:22.930+0000] {logging_mixin.py:188} INFO - [2024-06-18T02:31:22.930+0000] {dag.py:3954} INFO - Setting next_dagrun for example_dag_decorator to None, run_after=None
[2024-06-18T02:31:22.950+0000] {processor.py:183} INFO - Processing /home/airflow/.local/lib/python3.12/site-packages/airflow/example_dags/example_dag_decorator.py took 0.295 seconds
[2024-06-18T02:31:53.232+0000] {processor.py:161} INFO - Started process (PID=66348) to work on /home/airflow/.local/lib/python3.12/site-packages/airflow/example_dags/example_dag_decorator.py
[2024-06-18T02:31:53.233+0000] {processor.py:830} INFO - Processing file /home/airflow/.local/lib/python3.12/site-packages/airflow/example_dags/example_dag_decorator.py for tasks to queue
[2024-06-18T02:31:53.234+0000] {logging_mixin.py:188} INFO - [2024-06-18T02:31:53.233+0000] {dagbag.py:545} INFO - Filling up the DagBag from /home/airflow/.local/lib/python3.12/site-packages/airflow/example_dags/example_dag_decorator.py
[2024-06-18T02:31:53.367+0000] {processor.py:840} INFO - DAG(s) 'example_dag_decorator' retrieved from /home/airflow/.local/lib/python3.12/site-packages/airflow/example_dags/example_dag_decorator.py
[2024-06-18T02:31:53.485+0000] {logging_mixin.py:188} INFO - [2024-06-18T02:31:53.485+0000] {dag.py:3096} INFO - Sync 1 DAGs
[2024-06-18T02:31:53.501+0000] {logging_mixin.py:188} INFO - [2024-06-18T02:31:53.501+0000] {dag.py:3954} INFO - Setting next_dagrun for example_dag_decorator to None, run_after=None
[2024-06-18T02:31:53.522+0000] {processor.py:183} INFO - Processing /home/airflow/.local/lib/python3.12/site-packages/airflow/example_dags/example_dag_decorator.py took 0.297 seconds
[2024-06-18T02:32:24.246+0000] {processor.py:161} INFO - Started process (PID=66406) to work on /home/airflow/.local/lib/python3.12/site-packages/airflow/example_dags/example_dag_decorator.py
[2024-06-18T02:32:24.248+0000] {processor.py:830} INFO - Processing file /home/airflow/.local/lib/python3.12/site-packages/airflow/example_dags/example_dag_decorator.py for tasks to queue
[2024-06-18T02:32:24.249+0000] {logging_mixin.py:188} INFO - [2024-06-18T02:32:24.249+0000] {dagbag.py:545} INFO - Filling up the DagBag from /home/airflow/.local/lib/python3.12/site-packages/airflow/example_dags/example_dag_decorator.py
[2024-06-18T02:32:24.354+0000] {processor.py:840} INFO - DAG(s) 'example_dag_decorator' retrieved from /home/airflow/.local/lib/python3.12/site-packages/airflow/example_dags/example_dag_decorator.py
[2024-06-18T02:32:24.461+0000] {logging_mixin.py:188} INFO - [2024-06-18T02:32:24.460+0000] {dag.py:3096} INFO - Sync 1 DAGs
[2024-06-18T02:32:24.476+0000] {logging_mixin.py:188} INFO - [2024-06-18T02:32:24.476+0000] {dag.py:3954} INFO - Setting next_dagrun for example_dag_decorator to None, run_after=None
[2024-06-18T02:32:24.506+0000] {processor.py:183} INFO - Processing /home/airflow/.local/lib/python3.12/site-packages/airflow/example_dags/example_dag_decorator.py took 0.265 seconds
[2024-06-18T02:32:54.647+0000] {processor.py:161} INFO - Started process (PID=66466) to work on /home/airflow/.local/lib/python3.12/site-packages/airflow/example_dags/example_dag_decorator.py
[2024-06-18T02:32:54.648+0000] {processor.py:830} INFO - Processing file /home/airflow/.local/lib/python3.12/site-packages/airflow/example_dags/example_dag_decorator.py for tasks to queue
[2024-06-18T02:32:54.649+0000] {logging_mixin.py:188} INFO - [2024-06-18T02:32:54.649+0000] {dagbag.py:545} INFO - Filling up the DagBag from /home/airflow/.local/lib/python3.12/site-packages/airflow/example_dags/example_dag_decorator.py
[2024-06-18T02:32:54.905+0000] {processor.py:840} INFO - DAG(s) 'example_dag_decorator' retrieved from /home/airflow/.local/lib/python3.12/site-packages/airflow/example_dags/example_dag_decorator.py
[2024-06-18T02:32:55.093+0000] {logging_mixin.py:188} INFO - [2024-06-18T02:32:55.093+0000] {dag.py:3096} INFO - Sync 1 DAGs
[2024-06-18T02:32:55.106+0000] {logging_mixin.py:188} INFO - [2024-06-18T02:32:55.106+0000] {dag.py:3954} INFO - Setting next_dagrun for example_dag_decorator to None, run_after=None
[2024-06-18T02:32:55.133+0000] {processor.py:183} INFO - Processing /home/airflow/.local/lib/python3.12/site-packages/airflow/example_dags/example_dag_decorator.py took 0.495 seconds
[2024-06-18T02:33:25.806+0000] {processor.py:161} INFO - Started process (PID=66524) to work on /home/airflow/.local/lib/python3.12/site-packages/airflow/example_dags/example_dag_decorator.py
[2024-06-18T02:33:25.807+0000] {processor.py:830} INFO - Processing file /home/airflow/.local/lib/python3.12/site-packages/airflow/example_dags/example_dag_decorator.py for tasks to queue
[2024-06-18T02:33:25.808+0000] {logging_mixin.py:188} INFO - [2024-06-18T02:33:25.808+0000] {dagbag.py:545} INFO - Filling up the DagBag from /home/airflow/.local/lib/python3.12/site-packages/airflow/example_dags/example_dag_decorator.py
[2024-06-18T02:33:25.928+0000] {processor.py:840} INFO - DAG(s) 'example_dag_decorator' retrieved from /home/airflow/.local/lib/python3.12/site-packages/airflow/example_dags/example_dag_decorator.py
[2024-06-18T02:33:26.038+0000] {logging_mixin.py:188} INFO - [2024-06-18T02:33:26.038+0000] {dag.py:3096} INFO - Sync 1 DAGs
[2024-06-18T02:33:26.049+0000] {logging_mixin.py:188} INFO - [2024-06-18T02:33:26.049+0000] {dag.py:3954} INFO - Setting next_dagrun for example_dag_decorator to None, run_after=None
[2024-06-18T02:33:26.069+0000] {processor.py:183} INFO - Processing /home/airflow/.local/lib/python3.12/site-packages/airflow/example_dags/example_dag_decorator.py took 0.269 seconds
[2024-06-18T02:33:56.105+0000] {processor.py:161} INFO - Started process (PID=66582) to work on /home/airflow/.local/lib/python3.12/site-packages/airflow/example_dags/example_dag_decorator.py
[2024-06-18T02:33:56.107+0000] {processor.py:830} INFO - Processing file /home/airflow/.local/lib/python3.12/site-packages/airflow/example_dags/example_dag_decorator.py for tasks to queue
[2024-06-18T02:33:56.107+0000] {logging_mixin.py:188} INFO - [2024-06-18T02:33:56.107+0000] {dagbag.py:545} INFO - Filling up the DagBag from /home/airflow/.local/lib/python3.12/site-packages/airflow/example_dags/example_dag_decorator.py
[2024-06-18T02:33:56.220+0000] {processor.py:840} INFO - DAG(s) 'example_dag_decorator' retrieved from /home/airflow/.local/lib/python3.12/site-packages/airflow/example_dags/example_dag_decorator.py
[2024-06-18T02:33:56.334+0000] {logging_mixin.py:188} INFO - [2024-06-18T02:33:56.333+0000] {dag.py:3096} INFO - Sync 1 DAGs
[2024-06-18T02:33:56.346+0000] {logging_mixin.py:188} INFO - [2024-06-18T02:33:56.346+0000] {dag.py:3954} INFO - Setting next_dagrun for example_dag_decorator to None, run_after=None
[2024-06-18T02:33:56.367+0000] {processor.py:183} INFO - Processing /home/airflow/.local/lib/python3.12/site-packages/airflow/example_dags/example_dag_decorator.py took 0.270 seconds
[2024-06-18T02:34:26.542+0000] {processor.py:161} INFO - Started process (PID=66640) to work on /home/airflow/.local/lib/python3.12/site-packages/airflow/example_dags/example_dag_decorator.py
[2024-06-18T02:34:26.544+0000] {processor.py:830} INFO - Processing file /home/airflow/.local/lib/python3.12/site-packages/airflow/example_dags/example_dag_decorator.py for tasks to queue
[2024-06-18T02:34:26.545+0000] {logging_mixin.py:188} INFO - [2024-06-18T02:34:26.544+0000] {dagbag.py:545} INFO - Filling up the DagBag from /home/airflow/.local/lib/python3.12/site-packages/airflow/example_dags/example_dag_decorator.py
[2024-06-18T02:34:26.658+0000] {processor.py:840} INFO - DAG(s) 'example_dag_decorator' retrieved from /home/airflow/.local/lib/python3.12/site-packages/airflow/example_dags/example_dag_decorator.py
[2024-06-18T02:34:26.767+0000] {logging_mixin.py:188} INFO - [2024-06-18T02:34:26.767+0000] {dag.py:3096} INFO - Sync 1 DAGs
[2024-06-18T02:34:26.777+0000] {logging_mixin.py:188} INFO - [2024-06-18T02:34:26.777+0000] {dag.py:3954} INFO - Setting next_dagrun for example_dag_decorator to None, run_after=None
[2024-06-18T02:34:26.797+0000] {processor.py:183} INFO - Processing /home/airflow/.local/lib/python3.12/site-packages/airflow/example_dags/example_dag_decorator.py took 0.261 seconds
[2024-06-18T02:34:56.904+0000] {processor.py:161} INFO - Started process (PID=66698) to work on /home/airflow/.local/lib/python3.12/site-packages/airflow/example_dags/example_dag_decorator.py
[2024-06-18T02:34:56.905+0000] {processor.py:830} INFO - Processing file /home/airflow/.local/lib/python3.12/site-packages/airflow/example_dags/example_dag_decorator.py for tasks to queue
[2024-06-18T02:34:56.906+0000] {logging_mixin.py:188} INFO - [2024-06-18T02:34:56.906+0000] {dagbag.py:545} INFO - Filling up the DagBag from /home/airflow/.local/lib/python3.12/site-packages/airflow/example_dags/example_dag_decorator.py
[2024-06-18T02:34:57.033+0000] {processor.py:840} INFO - DAG(s) 'example_dag_decorator' retrieved from /home/airflow/.local/lib/python3.12/site-packages/airflow/example_dags/example_dag_decorator.py
[2024-06-18T02:34:57.136+0000] {logging_mixin.py:188} INFO - [2024-06-18T02:34:57.136+0000] {dag.py:3096} INFO - Sync 1 DAGs
[2024-06-18T02:34:57.150+0000] {logging_mixin.py:188} INFO - [2024-06-18T02:34:57.150+0000] {dag.py:3954} INFO - Setting next_dagrun for example_dag_decorator to None, run_after=None
[2024-06-18T02:34:57.174+0000] {processor.py:183} INFO - Processing /home/airflow/.local/lib/python3.12/site-packages/airflow/example_dags/example_dag_decorator.py took 0.275 seconds
[2024-06-18T02:35:27.381+0000] {processor.py:161} INFO - Started process (PID=66758) to work on /home/airflow/.local/lib/python3.12/site-packages/airflow/example_dags/example_dag_decorator.py
[2024-06-18T02:35:27.382+0000] {processor.py:830} INFO - Processing file /home/airflow/.local/lib/python3.12/site-packages/airflow/example_dags/example_dag_decorator.py for tasks to queue
[2024-06-18T02:35:27.383+0000] {logging_mixin.py:188} INFO - [2024-06-18T02:35:27.383+0000] {dagbag.py:545} INFO - Filling up the DagBag from /home/airflow/.local/lib/python3.12/site-packages/airflow/example_dags/example_dag_decorator.py
[2024-06-18T02:35:27.515+0000] {processor.py:840} INFO - DAG(s) 'example_dag_decorator' retrieved from /home/airflow/.local/lib/python3.12/site-packages/airflow/example_dags/example_dag_decorator.py
[2024-06-18T02:35:27.642+0000] {logging_mixin.py:188} INFO - [2024-06-18T02:35:27.642+0000] {dag.py:3096} INFO - Sync 1 DAGs
[2024-06-18T02:35:27.658+0000] {logging_mixin.py:188} INFO - [2024-06-18T02:35:27.658+0000] {dag.py:3954} INFO - Setting next_dagrun for example_dag_decorator to None, run_after=None
[2024-06-18T02:35:27.684+0000] {processor.py:183} INFO - Processing /home/airflow/.local/lib/python3.12/site-packages/airflow/example_dags/example_dag_decorator.py took 0.309 seconds
[2024-06-18T02:35:57.717+0000] {processor.py:161} INFO - Started process (PID=66818) to work on /home/airflow/.local/lib/python3.12/site-packages/airflow/example_dags/example_dag_decorator.py
[2024-06-18T02:35:57.718+0000] {processor.py:830} INFO - Processing file /home/airflow/.local/lib/python3.12/site-packages/airflow/example_dags/example_dag_decorator.py for tasks to queue
[2024-06-18T02:35:57.719+0000] {logging_mixin.py:188} INFO - [2024-06-18T02:35:57.719+0000] {dagbag.py:545} INFO - Filling up the DagBag from /home/airflow/.local/lib/python3.12/site-packages/airflow/example_dags/example_dag_decorator.py
[2024-06-18T02:35:57.831+0000] {processor.py:840} INFO - DAG(s) 'example_dag_decorator' retrieved from /home/airflow/.local/lib/python3.12/site-packages/airflow/example_dags/example_dag_decorator.py
[2024-06-18T02:35:57.946+0000] {logging_mixin.py:188} INFO - [2024-06-18T02:35:57.946+0000] {dag.py:3096} INFO - Sync 1 DAGs
[2024-06-18T02:35:57.958+0000] {logging_mixin.py:188} INFO - [2024-06-18T02:35:57.958+0000] {dag.py:3954} INFO - Setting next_dagrun for example_dag_decorator to None, run_after=None
[2024-06-18T02:35:57.978+0000] {processor.py:183} INFO - Processing /home/airflow/.local/lib/python3.12/site-packages/airflow/example_dags/example_dag_decorator.py took 0.267 seconds
[2024-06-18T02:36:28.841+0000] {processor.py:161} INFO - Started process (PID=66877) to work on /home/airflow/.local/lib/python3.12/site-packages/airflow/example_dags/example_dag_decorator.py
[2024-06-18T02:36:28.843+0000] {processor.py:830} INFO - Processing file /home/airflow/.local/lib/python3.12/site-packages/airflow/example_dags/example_dag_decorator.py for tasks to queue
[2024-06-18T02:36:28.845+0000] {logging_mixin.py:188} INFO - [2024-06-18T02:36:28.845+0000] {dagbag.py:545} INFO - Filling up the DagBag from /home/airflow/.local/lib/python3.12/site-packages/airflow/example_dags/example_dag_decorator.py
[2024-06-18T02:36:28.980+0000] {processor.py:840} INFO - DAG(s) 'example_dag_decorator' retrieved from /home/airflow/.local/lib/python3.12/site-packages/airflow/example_dags/example_dag_decorator.py
[2024-06-18T02:36:29.104+0000] {logging_mixin.py:188} INFO - [2024-06-18T02:36:29.104+0000] {dag.py:3096} INFO - Sync 1 DAGs
[2024-06-18T02:36:29.118+0000] {logging_mixin.py:188} INFO - [2024-06-18T02:36:29.117+0000] {dag.py:3954} INFO - Setting next_dagrun for example_dag_decorator to None, run_after=None
[2024-06-18T02:36:29.144+0000] {processor.py:183} INFO - Processing /home/airflow/.local/lib/python3.12/site-packages/airflow/example_dags/example_dag_decorator.py took 0.311 seconds
[2024-06-18T02:37:00.058+0000] {processor.py:161} INFO - Started process (PID=66936) to work on /home/airflow/.local/lib/python3.12/site-packages/airflow/example_dags/example_dag_decorator.py
[2024-06-18T02:37:00.060+0000] {processor.py:830} INFO - Processing file /home/airflow/.local/lib/python3.12/site-packages/airflow/example_dags/example_dag_decorator.py for tasks to queue
[2024-06-18T02:37:00.061+0000] {logging_mixin.py:188} INFO - [2024-06-18T02:37:00.060+0000] {dagbag.py:545} INFO - Filling up the DagBag from /home/airflow/.local/lib/python3.12/site-packages/airflow/example_dags/example_dag_decorator.py
[2024-06-18T02:37:00.171+0000] {processor.py:840} INFO - DAG(s) 'example_dag_decorator' retrieved from /home/airflow/.local/lib/python3.12/site-packages/airflow/example_dags/example_dag_decorator.py
[2024-06-18T02:37:00.283+0000] {logging_mixin.py:188} INFO - [2024-06-18T02:37:00.283+0000] {dag.py:3096} INFO - Sync 1 DAGs
[2024-06-18T02:37:00.297+0000] {logging_mixin.py:188} INFO - [2024-06-18T02:37:00.297+0000] {dag.py:3954} INFO - Setting next_dagrun for example_dag_decorator to None, run_after=None
[2024-06-18T02:37:00.318+0000] {processor.py:183} INFO - Processing /home/airflow/.local/lib/python3.12/site-packages/airflow/example_dags/example_dag_decorator.py took 0.266 seconds
[2024-06-18T02:37:30.877+0000] {processor.py:161} INFO - Started process (PID=66994) to work on /home/airflow/.local/lib/python3.12/site-packages/airflow/example_dags/example_dag_decorator.py
[2024-06-18T02:37:30.879+0000] {processor.py:830} INFO - Processing file /home/airflow/.local/lib/python3.12/site-packages/airflow/example_dags/example_dag_decorator.py for tasks to queue
[2024-06-18T02:37:30.880+0000] {logging_mixin.py:188} INFO - [2024-06-18T02:37:30.880+0000] {dagbag.py:545} INFO - Filling up the DagBag from /home/airflow/.local/lib/python3.12/site-packages/airflow/example_dags/example_dag_decorator.py
[2024-06-18T02:37:31.029+0000] {processor.py:840} INFO - DAG(s) 'example_dag_decorator' retrieved from /home/airflow/.local/lib/python3.12/site-packages/airflow/example_dags/example_dag_decorator.py
[2024-06-18T02:37:31.152+0000] {logging_mixin.py:188} INFO - [2024-06-18T02:37:31.151+0000] {dag.py:3096} INFO - Sync 1 DAGs
[2024-06-18T02:37:31.162+0000] {logging_mixin.py:188} INFO - [2024-06-18T02:37:31.162+0000] {dag.py:3954} INFO - Setting next_dagrun for example_dag_decorator to None, run_after=None
[2024-06-18T02:37:31.182+0000] {processor.py:183} INFO - Processing /home/airflow/.local/lib/python3.12/site-packages/airflow/example_dags/example_dag_decorator.py took 0.313 seconds
[2024-06-18T02:38:01.301+0000] {processor.py:161} INFO - Started process (PID=67054) to work on /home/airflow/.local/lib/python3.12/site-packages/airflow/example_dags/example_dag_decorator.py
[2024-06-18T02:38:01.302+0000] {processor.py:830} INFO - Processing file /home/airflow/.local/lib/python3.12/site-packages/airflow/example_dags/example_dag_decorator.py for tasks to queue
[2024-06-18T02:38:01.303+0000] {logging_mixin.py:188} INFO - [2024-06-18T02:38:01.302+0000] {dagbag.py:545} INFO - Filling up the DagBag from /home/airflow/.local/lib/python3.12/site-packages/airflow/example_dags/example_dag_decorator.py
[2024-06-18T02:38:01.517+0000] {processor.py:840} INFO - DAG(s) 'example_dag_decorator' retrieved from /home/airflow/.local/lib/python3.12/site-packages/airflow/example_dags/example_dag_decorator.py
[2024-06-18T02:38:01.774+0000] {logging_mixin.py:188} INFO - [2024-06-18T02:38:01.773+0000] {dag.py:3096} INFO - Sync 1 DAGs
[2024-06-18T02:38:01.800+0000] {logging_mixin.py:188} INFO - [2024-06-18T02:38:01.799+0000] {dag.py:3954} INFO - Setting next_dagrun for example_dag_decorator to None, run_after=None
[2024-06-18T02:38:01.850+0000] {processor.py:183} INFO - Processing /home/airflow/.local/lib/python3.12/site-packages/airflow/example_dags/example_dag_decorator.py took 0.556 seconds
[2024-06-18T02:38:32.337+0000] {processor.py:161} INFO - Started process (PID=67112) to work on /home/airflow/.local/lib/python3.12/site-packages/airflow/example_dags/example_dag_decorator.py
[2024-06-18T02:38:32.338+0000] {processor.py:830} INFO - Processing file /home/airflow/.local/lib/python3.12/site-packages/airflow/example_dags/example_dag_decorator.py for tasks to queue
[2024-06-18T02:38:32.339+0000] {logging_mixin.py:188} INFO - [2024-06-18T02:38:32.339+0000] {dagbag.py:545} INFO - Filling up the DagBag from /home/airflow/.local/lib/python3.12/site-packages/airflow/example_dags/example_dag_decorator.py
[2024-06-18T02:38:32.477+0000] {processor.py:840} INFO - DAG(s) 'example_dag_decorator' retrieved from /home/airflow/.local/lib/python3.12/site-packages/airflow/example_dags/example_dag_decorator.py
[2024-06-18T02:38:32.625+0000] {logging_mixin.py:188} INFO - [2024-06-18T02:38:32.624+0000] {dag.py:3096} INFO - Sync 1 DAGs
[2024-06-18T02:38:32.635+0000] {logging_mixin.py:188} INFO - [2024-06-18T02:38:32.635+0000] {dag.py:3954} INFO - Setting next_dagrun for example_dag_decorator to None, run_after=None
[2024-06-18T02:38:32.656+0000] {processor.py:183} INFO - Processing /home/airflow/.local/lib/python3.12/site-packages/airflow/example_dags/example_dag_decorator.py took 0.324 seconds
[2024-06-18T02:39:02.810+0000] {processor.py:161} INFO - Started process (PID=67173) to work on /home/airflow/.local/lib/python3.12/site-packages/airflow/example_dags/example_dag_decorator.py
[2024-06-18T02:39:02.811+0000] {processor.py:830} INFO - Processing file /home/airflow/.local/lib/python3.12/site-packages/airflow/example_dags/example_dag_decorator.py for tasks to queue
[2024-06-18T02:39:02.812+0000] {logging_mixin.py:188} INFO - [2024-06-18T02:39:02.812+0000] {dagbag.py:545} INFO - Filling up the DagBag from /home/airflow/.local/lib/python3.12/site-packages/airflow/example_dags/example_dag_decorator.py
[2024-06-18T02:39:02.989+0000] {processor.py:840} INFO - DAG(s) 'example_dag_decorator' retrieved from /home/airflow/.local/lib/python3.12/site-packages/airflow/example_dags/example_dag_decorator.py
[2024-06-18T02:39:03.167+0000] {logging_mixin.py:188} INFO - [2024-06-18T02:39:03.167+0000] {dag.py:3096} INFO - Sync 1 DAGs
[2024-06-18T02:39:03.180+0000] {logging_mixin.py:188} INFO - [2024-06-18T02:39:03.180+0000] {dag.py:3954} INFO - Setting next_dagrun for example_dag_decorator to None, run_after=None
[2024-06-18T02:39:03.202+0000] {processor.py:183} INFO - Processing /home/airflow/.local/lib/python3.12/site-packages/airflow/example_dags/example_dag_decorator.py took 0.400 seconds
[2024-06-18T02:39:33.266+0000] {processor.py:161} INFO - Started process (PID=67232) to work on /home/airflow/.local/lib/python3.12/site-packages/airflow/example_dags/example_dag_decorator.py
[2024-06-18T02:39:33.269+0000] {processor.py:830} INFO - Processing file /home/airflow/.local/lib/python3.12/site-packages/airflow/example_dags/example_dag_decorator.py for tasks to queue
[2024-06-18T02:39:33.270+0000] {logging_mixin.py:188} INFO - [2024-06-18T02:39:33.270+0000] {dagbag.py:545} INFO - Filling up the DagBag from /home/airflow/.local/lib/python3.12/site-packages/airflow/example_dags/example_dag_decorator.py
[2024-06-18T02:39:33.676+0000] {processor.py:840} INFO - DAG(s) 'example_dag_decorator' retrieved from /home/airflow/.local/lib/python3.12/site-packages/airflow/example_dags/example_dag_decorator.py
[2024-06-18T02:39:33.943+0000] {logging_mixin.py:188} INFO - [2024-06-18T02:39:33.943+0000] {dag.py:3096} INFO - Sync 1 DAGs
[2024-06-18T02:39:34.212+0000] {logging_mixin.py:188} INFO - [2024-06-18T02:39:34.212+0000] {dag.py:3954} INFO - Setting next_dagrun for example_dag_decorator to None, run_after=None
[2024-06-18T02:39:34.255+0000] {processor.py:183} INFO - Processing /home/airflow/.local/lib/python3.12/site-packages/airflow/example_dags/example_dag_decorator.py took 0.998 seconds
[2024-06-18T02:40:42.486+0000] {processor.py:161} INFO - Started process (PID=67285) to work on /home/airflow/.local/lib/python3.12/site-packages/airflow/example_dags/example_dag_decorator.py
[2024-06-18T02:40:42.488+0000] {processor.py:830} INFO - Processing file /home/airflow/.local/lib/python3.12/site-packages/airflow/example_dags/example_dag_decorator.py for tasks to queue
[2024-06-18T02:40:42.490+0000] {logging_mixin.py:188} INFO - [2024-06-18T02:40:42.489+0000] {dagbag.py:545} INFO - Filling up the DagBag from /home/airflow/.local/lib/python3.12/site-packages/airflow/example_dags/example_dag_decorator.py
[2024-06-18T02:40:42.782+0000] {processor.py:840} INFO - DAG(s) 'example_dag_decorator' retrieved from /home/airflow/.local/lib/python3.12/site-packages/airflow/example_dags/example_dag_decorator.py
[2024-06-18T02:40:43.066+0000] {logging_mixin.py:188} INFO - [2024-06-18T02:40:43.066+0000] {dag.py:3096} INFO - Sync 1 DAGs
[2024-06-18T02:40:43.086+0000] {logging_mixin.py:188} INFO - [2024-06-18T02:40:43.085+0000] {dag.py:3954} INFO - Setting next_dagrun for example_dag_decorator to None, run_after=None
[2024-06-18T02:40:43.123+0000] {processor.py:183} INFO - Processing /home/airflow/.local/lib/python3.12/site-packages/airflow/example_dags/example_dag_decorator.py took 0.647 seconds
[2024-06-18T02:52:55.142+0000] {processor.py:161} INFO - Started process (PID=67331) to work on /home/airflow/.local/lib/python3.12/site-packages/airflow/example_dags/example_dag_decorator.py
[2024-06-18T02:52:55.145+0000] {processor.py:830} INFO - Processing file /home/airflow/.local/lib/python3.12/site-packages/airflow/example_dags/example_dag_decorator.py for tasks to queue
[2024-06-18T02:52:55.145+0000] {logging_mixin.py:188} INFO - [2024-06-18T02:52:55.145+0000] {dagbag.py:545} INFO - Filling up the DagBag from /home/airflow/.local/lib/python3.12/site-packages/airflow/example_dags/example_dag_decorator.py
[2024-06-18T02:52:58.906+0000] {processor.py:840} INFO - DAG(s) 'example_dag_decorator' retrieved from /home/airflow/.local/lib/python3.12/site-packages/airflow/example_dags/example_dag_decorator.py
[2024-06-18T02:53:02.298+0000] {logging_mixin.py:188} INFO - [2024-06-18T02:53:02.298+0000] {dag.py:3096} INFO - Sync 1 DAGs
[2024-06-18T02:53:02.337+0000] {logging_mixin.py:188} INFO - [2024-06-18T02:53:02.337+0000] {dag.py:3954} INFO - Setting next_dagrun for example_dag_decorator to None, run_after=None
[2024-06-18T02:53:03.059+0000] {processor.py:183} INFO - Processing /home/airflow/.local/lib/python3.12/site-packages/airflow/example_dags/example_dag_decorator.py took 7.923 seconds
[2024-06-18T02:53:33.420+0000] {processor.py:161} INFO - Started process (PID=67393) to work on /home/airflow/.local/lib/python3.12/site-packages/airflow/example_dags/example_dag_decorator.py
[2024-06-18T02:53:33.422+0000] {processor.py:830} INFO - Processing file /home/airflow/.local/lib/python3.12/site-packages/airflow/example_dags/example_dag_decorator.py for tasks to queue
[2024-06-18T02:53:33.423+0000] {logging_mixin.py:188} INFO - [2024-06-18T02:53:33.423+0000] {dagbag.py:545} INFO - Filling up the DagBag from /home/airflow/.local/lib/python3.12/site-packages/airflow/example_dags/example_dag_decorator.py
[2024-06-18T02:53:33.567+0000] {processor.py:840} INFO - DAG(s) 'example_dag_decorator' retrieved from /home/airflow/.local/lib/python3.12/site-packages/airflow/example_dags/example_dag_decorator.py
[2024-06-18T02:53:33.708+0000] {logging_mixin.py:188} INFO - [2024-06-18T02:53:33.708+0000] {dag.py:3096} INFO - Sync 1 DAGs
[2024-06-18T02:53:33.721+0000] {logging_mixin.py:188} INFO - [2024-06-18T02:53:33.721+0000] {dag.py:3954} INFO - Setting next_dagrun for example_dag_decorator to None, run_after=None
[2024-06-18T02:53:33.746+0000] {processor.py:183} INFO - Processing /home/airflow/.local/lib/python3.12/site-packages/airflow/example_dags/example_dag_decorator.py took 0.340 seconds
[2024-06-18T02:54:03.966+0000] {processor.py:161} INFO - Started process (PID=67451) to work on /home/airflow/.local/lib/python3.12/site-packages/airflow/example_dags/example_dag_decorator.py
[2024-06-18T02:54:03.967+0000] {processor.py:830} INFO - Processing file /home/airflow/.local/lib/python3.12/site-packages/airflow/example_dags/example_dag_decorator.py for tasks to queue
[2024-06-18T02:54:03.968+0000] {logging_mixin.py:188} INFO - [2024-06-18T02:54:03.967+0000] {dagbag.py:545} INFO - Filling up the DagBag from /home/airflow/.local/lib/python3.12/site-packages/airflow/example_dags/example_dag_decorator.py
[2024-06-18T02:54:04.083+0000] {processor.py:840} INFO - DAG(s) 'example_dag_decorator' retrieved from /home/airflow/.local/lib/python3.12/site-packages/airflow/example_dags/example_dag_decorator.py
[2024-06-18T02:54:04.324+0000] {logging_mixin.py:188} INFO - [2024-06-18T02:54:04.324+0000] {dag.py:3096} INFO - Sync 1 DAGs
[2024-06-18T02:54:04.333+0000] {logging_mixin.py:188} INFO - [2024-06-18T02:54:04.333+0000] {dag.py:3954} INFO - Setting next_dagrun for example_dag_decorator to None, run_after=None
[2024-06-18T02:54:04.352+0000] {processor.py:183} INFO - Processing /home/airflow/.local/lib/python3.12/site-packages/airflow/example_dags/example_dag_decorator.py took 0.392 seconds
[2024-06-18T02:54:34.447+0000] {processor.py:161} INFO - Started process (PID=67512) to work on /home/airflow/.local/lib/python3.12/site-packages/airflow/example_dags/example_dag_decorator.py
[2024-06-18T02:54:34.448+0000] {processor.py:830} INFO - Processing file /home/airflow/.local/lib/python3.12/site-packages/airflow/example_dags/example_dag_decorator.py for tasks to queue
[2024-06-18T02:54:34.449+0000] {logging_mixin.py:188} INFO - [2024-06-18T02:54:34.449+0000] {dagbag.py:545} INFO - Filling up the DagBag from /home/airflow/.local/lib/python3.12/site-packages/airflow/example_dags/example_dag_decorator.py
[2024-06-18T02:54:34.550+0000] {processor.py:840} INFO - DAG(s) 'example_dag_decorator' retrieved from /home/airflow/.local/lib/python3.12/site-packages/airflow/example_dags/example_dag_decorator.py
[2024-06-18T02:54:34.577+0000] {logging_mixin.py:188} INFO - [2024-06-18T02:54:34.576+0000] {dag.py:3096} INFO - Sync 1 DAGs
[2024-06-18T02:54:34.590+0000] {logging_mixin.py:188} INFO - [2024-06-18T02:54:34.590+0000] {dag.py:3954} INFO - Setting next_dagrun for example_dag_decorator to None, run_after=None
[2024-06-18T02:54:34.609+0000] {processor.py:183} INFO - Processing /home/airflow/.local/lib/python3.12/site-packages/airflow/example_dags/example_dag_decorator.py took 0.167 seconds
[2024-06-18T02:55:04.743+0000] {processor.py:161} INFO - Started process (PID=67571) to work on /home/airflow/.local/lib/python3.12/site-packages/airflow/example_dags/example_dag_decorator.py
[2024-06-18T02:55:04.745+0000] {processor.py:830} INFO - Processing file /home/airflow/.local/lib/python3.12/site-packages/airflow/example_dags/example_dag_decorator.py for tasks to queue
[2024-06-18T02:55:04.746+0000] {logging_mixin.py:188} INFO - [2024-06-18T02:55:04.745+0000] {dagbag.py:545} INFO - Filling up the DagBag from /home/airflow/.local/lib/python3.12/site-packages/airflow/example_dags/example_dag_decorator.py
[2024-06-18T02:55:04.860+0000] {processor.py:840} INFO - DAG(s) 'example_dag_decorator' retrieved from /home/airflow/.local/lib/python3.12/site-packages/airflow/example_dags/example_dag_decorator.py
[2024-06-18T02:55:04.976+0000] {logging_mixin.py:188} INFO - [2024-06-18T02:55:04.976+0000] {dag.py:3096} INFO - Sync 1 DAGs
[2024-06-18T02:55:05.109+0000] {logging_mixin.py:188} INFO - [2024-06-18T02:55:05.109+0000] {dag.py:3954} INFO - Setting next_dagrun for example_dag_decorator to None, run_after=None
[2024-06-18T02:55:05.136+0000] {processor.py:183} INFO - Processing /home/airflow/.local/lib/python3.12/site-packages/airflow/example_dags/example_dag_decorator.py took 0.401 seconds
[2024-06-18T02:55:35.933+0000] {processor.py:161} INFO - Started process (PID=67635) to work on /home/airflow/.local/lib/python3.12/site-packages/airflow/example_dags/example_dag_decorator.py
[2024-06-18T02:55:35.935+0000] {processor.py:830} INFO - Processing file /home/airflow/.local/lib/python3.12/site-packages/airflow/example_dags/example_dag_decorator.py for tasks to queue
[2024-06-18T02:55:35.936+0000] {logging_mixin.py:188} INFO - [2024-06-18T02:55:35.936+0000] {dagbag.py:545} INFO - Filling up the DagBag from /home/airflow/.local/lib/python3.12/site-packages/airflow/example_dags/example_dag_decorator.py
[2024-06-18T02:55:36.050+0000] {processor.py:840} INFO - DAG(s) 'example_dag_decorator' retrieved from /home/airflow/.local/lib/python3.12/site-packages/airflow/example_dags/example_dag_decorator.py
[2024-06-18T02:55:36.302+0000] {logging_mixin.py:188} INFO - [2024-06-18T02:55:36.301+0000] {dag.py:3096} INFO - Sync 1 DAGs
[2024-06-18T02:55:36.311+0000] {logging_mixin.py:188} INFO - [2024-06-18T02:55:36.311+0000] {dag.py:3954} INFO - Setting next_dagrun for example_dag_decorator to None, run_after=None
[2024-06-18T02:55:36.332+0000] {processor.py:183} INFO - Processing /home/airflow/.local/lib/python3.12/site-packages/airflow/example_dags/example_dag_decorator.py took 0.405 seconds
[2024-06-18T02:56:06.432+0000] {processor.py:161} INFO - Started process (PID=67696) to work on /home/airflow/.local/lib/python3.12/site-packages/airflow/example_dags/example_dag_decorator.py
[2024-06-18T02:56:06.433+0000] {processor.py:830} INFO - Processing file /home/airflow/.local/lib/python3.12/site-packages/airflow/example_dags/example_dag_decorator.py for tasks to queue
[2024-06-18T02:56:06.434+0000] {logging_mixin.py:188} INFO - [2024-06-18T02:56:06.434+0000] {dagbag.py:545} INFO - Filling up the DagBag from /home/airflow/.local/lib/python3.12/site-packages/airflow/example_dags/example_dag_decorator.py
[2024-06-18T02:56:06.532+0000] {processor.py:840} INFO - DAG(s) 'example_dag_decorator' retrieved from /home/airflow/.local/lib/python3.12/site-packages/airflow/example_dags/example_dag_decorator.py
[2024-06-18T02:56:06.743+0000] {logging_mixin.py:188} INFO - [2024-06-18T02:56:06.743+0000] {dag.py:3096} INFO - Sync 1 DAGs
[2024-06-18T02:56:06.752+0000] {logging_mixin.py:188} INFO - [2024-06-18T02:56:06.752+0000] {dag.py:3954} INFO - Setting next_dagrun for example_dag_decorator to None, run_after=None
[2024-06-18T02:56:06.773+0000] {processor.py:183} INFO - Processing /home/airflow/.local/lib/python3.12/site-packages/airflow/example_dags/example_dag_decorator.py took 0.347 seconds
