[2024-06-18T02:21:32.823+0000] {processor.py:161} INFO - Started process (PID=65176) to work on /home/airflow/.local/lib/python3.12/site-packages/airflow/example_dags/example_dynamic_task_mapping.py
[2024-06-18T02:21:32.824+0000] {processor.py:830} INFO - Processing file /home/airflow/.local/lib/python3.12/site-packages/airflow/example_dags/example_dynamic_task_mapping.py for tasks to queue
[2024-06-18T02:21:32.825+0000] {logging_mixin.py:188} INFO - [2024-06-18T02:21:32.825+0000] {dagbag.py:545} INFO - Filling up the DagBag from /home/airflow/.local/lib/python3.12/site-packages/airflow/example_dags/example_dynamic_task_mapping.py
[2024-06-18T02:21:32.849+0000] {processor.py:840} INFO - DAG(s) 'example_dynamic_task_mapping' retrieved from /home/airflow/.local/lib/python3.12/site-packages/airflow/example_dags/example_dynamic_task_mapping.py
[2024-06-18T02:21:32.927+0000] {logging_mixin.py:188} INFO - [2024-06-18T02:21:32.927+0000] {dag.py:3096} INFO - Sync 1 DAGs
[2024-06-18T02:21:33.140+0000] {logging_mixin.py:188} INFO - [2024-06-18T02:21:33.140+0000] {dag.py:3954} INFO - Setting next_dagrun for example_dynamic_task_mapping to 2022-03-04 00:00:00+00:00, run_after=2022-03-05 00:00:00+00:00
[2024-06-18T02:21:33.318+0000] {processor.py:183} INFO - Processing /home/airflow/.local/lib/python3.12/site-packages/airflow/example_dags/example_dynamic_task_mapping.py took 0.552 seconds
[2024-06-18T02:22:03.517+0000] {processor.py:161} INFO - Started process (PID=65232) to work on /home/airflow/.local/lib/python3.12/site-packages/airflow/example_dags/example_dynamic_task_mapping.py
[2024-06-18T02:22:03.520+0000] {processor.py:830} INFO - Processing file /home/airflow/.local/lib/python3.12/site-packages/airflow/example_dags/example_dynamic_task_mapping.py for tasks to queue
[2024-06-18T02:22:03.522+0000] {logging_mixin.py:188} INFO - [2024-06-18T02:22:03.521+0000] {dagbag.py:545} INFO - Filling up the DagBag from /home/airflow/.local/lib/python3.12/site-packages/airflow/example_dags/example_dynamic_task_mapping.py
[2024-06-18T02:22:03.544+0000] {processor.py:840} INFO - DAG(s) 'example_dynamic_task_mapping' retrieved from /home/airflow/.local/lib/python3.12/site-packages/airflow/example_dags/example_dynamic_task_mapping.py
[2024-06-18T02:22:03.595+0000] {logging_mixin.py:188} INFO - [2024-06-18T02:22:03.595+0000] {dag.py:3096} INFO - Sync 1 DAGs
[2024-06-18T02:22:03.665+0000] {logging_mixin.py:188} INFO - [2024-06-18T02:22:03.664+0000] {dag.py:3954} INFO - Setting next_dagrun for example_dynamic_task_mapping to 2022-03-04 00:00:00+00:00, run_after=2022-03-05 00:00:00+00:00
[2024-06-18T02:22:03.702+0000] {processor.py:183} INFO - Processing /home/airflow/.local/lib/python3.12/site-packages/airflow/example_dags/example_dynamic_task_mapping.py took 0.195 seconds
[2024-06-18T02:22:34.274+0000] {processor.py:161} INFO - Started process (PID=65290) to work on /home/airflow/.local/lib/python3.12/site-packages/airflow/example_dags/example_dynamic_task_mapping.py
[2024-06-18T02:22:34.276+0000] {processor.py:830} INFO - Processing file /home/airflow/.local/lib/python3.12/site-packages/airflow/example_dags/example_dynamic_task_mapping.py for tasks to queue
[2024-06-18T02:22:34.278+0000] {logging_mixin.py:188} INFO - [2024-06-18T02:22:34.277+0000] {dagbag.py:545} INFO - Filling up the DagBag from /home/airflow/.local/lib/python3.12/site-packages/airflow/example_dags/example_dynamic_task_mapping.py
[2024-06-18T02:22:34.289+0000] {processor.py:840} INFO - DAG(s) 'example_dynamic_task_mapping' retrieved from /home/airflow/.local/lib/python3.12/site-packages/airflow/example_dags/example_dynamic_task_mapping.py
[2024-06-18T02:22:34.318+0000] {logging_mixin.py:188} INFO - [2024-06-18T02:22:34.317+0000] {dag.py:3096} INFO - Sync 1 DAGs
[2024-06-18T02:22:34.348+0000] {logging_mixin.py:188} INFO - [2024-06-18T02:22:34.347+0000] {dag.py:3954} INFO - Setting next_dagrun for example_dynamic_task_mapping to 2022-03-04 00:00:00+00:00, run_after=2022-03-05 00:00:00+00:00
[2024-06-18T02:22:34.370+0000] {processor.py:183} INFO - Processing /home/airflow/.local/lib/python3.12/site-packages/airflow/example_dags/example_dynamic_task_mapping.py took 0.103 seconds
[2024-06-18T02:23:04.636+0000] {processor.py:161} INFO - Started process (PID=65348) to work on /home/airflow/.local/lib/python3.12/site-packages/airflow/example_dags/example_dynamic_task_mapping.py
[2024-06-18T02:23:04.637+0000] {processor.py:830} INFO - Processing file /home/airflow/.local/lib/python3.12/site-packages/airflow/example_dags/example_dynamic_task_mapping.py for tasks to queue
[2024-06-18T02:23:04.638+0000] {logging_mixin.py:188} INFO - [2024-06-18T02:23:04.638+0000] {dagbag.py:545} INFO - Filling up the DagBag from /home/airflow/.local/lib/python3.12/site-packages/airflow/example_dags/example_dynamic_task_mapping.py
[2024-06-18T02:23:04.647+0000] {processor.py:840} INFO - DAG(s) 'example_dynamic_task_mapping' retrieved from /home/airflow/.local/lib/python3.12/site-packages/airflow/example_dags/example_dynamic_task_mapping.py
[2024-06-18T02:23:04.670+0000] {logging_mixin.py:188} INFO - [2024-06-18T02:23:04.670+0000] {dag.py:3096} INFO - Sync 1 DAGs
[2024-06-18T02:23:04.697+0000] {logging_mixin.py:188} INFO - [2024-06-18T02:23:04.697+0000] {dag.py:3954} INFO - Setting next_dagrun for example_dynamic_task_mapping to 2022-03-04 00:00:00+00:00, run_after=2022-03-05 00:00:00+00:00
[2024-06-18T02:23:04.719+0000] {processor.py:183} INFO - Processing /home/airflow/.local/lib/python3.12/site-packages/airflow/example_dags/example_dynamic_task_mapping.py took 0.088 seconds
[2024-06-18T02:23:35.099+0000] {processor.py:161} INFO - Started process (PID=65407) to work on /home/airflow/.local/lib/python3.12/site-packages/airflow/example_dags/example_dynamic_task_mapping.py
[2024-06-18T02:23:35.100+0000] {processor.py:830} INFO - Processing file /home/airflow/.local/lib/python3.12/site-packages/airflow/example_dags/example_dynamic_task_mapping.py for tasks to queue
[2024-06-18T02:23:35.101+0000] {logging_mixin.py:188} INFO - [2024-06-18T02:23:35.101+0000] {dagbag.py:545} INFO - Filling up the DagBag from /home/airflow/.local/lib/python3.12/site-packages/airflow/example_dags/example_dynamic_task_mapping.py
[2024-06-18T02:23:35.114+0000] {processor.py:840} INFO - DAG(s) 'example_dynamic_task_mapping' retrieved from /home/airflow/.local/lib/python3.12/site-packages/airflow/example_dags/example_dynamic_task_mapping.py
[2024-06-18T02:23:35.145+0000] {logging_mixin.py:188} INFO - [2024-06-18T02:23:35.145+0000] {dag.py:3096} INFO - Sync 1 DAGs
[2024-06-18T02:23:35.190+0000] {logging_mixin.py:188} INFO - [2024-06-18T02:23:35.190+0000] {dag.py:3954} INFO - Setting next_dagrun for example_dynamic_task_mapping to 2022-03-04 00:00:00+00:00, run_after=2022-03-05 00:00:00+00:00
[2024-06-18T02:23:35.214+0000] {processor.py:183} INFO - Processing /home/airflow/.local/lib/python3.12/site-packages/airflow/example_dags/example_dynamic_task_mapping.py took 0.124 seconds
[2024-06-18T02:24:06.053+0000] {processor.py:161} INFO - Started process (PID=65465) to work on /home/airflow/.local/lib/python3.12/site-packages/airflow/example_dags/example_dynamic_task_mapping.py
[2024-06-18T02:24:06.055+0000] {processor.py:830} INFO - Processing file /home/airflow/.local/lib/python3.12/site-packages/airflow/example_dags/example_dynamic_task_mapping.py for tasks to queue
[2024-06-18T02:24:06.058+0000] {logging_mixin.py:188} INFO - [2024-06-18T02:24:06.057+0000] {dagbag.py:545} INFO - Filling up the DagBag from /home/airflow/.local/lib/python3.12/site-packages/airflow/example_dags/example_dynamic_task_mapping.py
[2024-06-18T02:24:06.067+0000] {processor.py:840} INFO - DAG(s) 'example_dynamic_task_mapping' retrieved from /home/airflow/.local/lib/python3.12/site-packages/airflow/example_dags/example_dynamic_task_mapping.py
[2024-06-18T02:24:06.093+0000] {logging_mixin.py:188} INFO - [2024-06-18T02:24:06.093+0000] {dag.py:3096} INFO - Sync 1 DAGs
[2024-06-18T02:24:06.163+0000] {logging_mixin.py:188} INFO - [2024-06-18T02:24:06.162+0000] {dag.py:3954} INFO - Setting next_dagrun for example_dynamic_task_mapping to 2022-03-04 00:00:00+00:00, run_after=2022-03-05 00:00:00+00:00
[2024-06-18T02:24:06.220+0000] {processor.py:183} INFO - Processing /home/airflow/.local/lib/python3.12/site-packages/airflow/example_dags/example_dynamic_task_mapping.py took 0.175 seconds
[2024-06-18T02:24:36.335+0000] {processor.py:161} INFO - Started process (PID=65523) to work on /home/airflow/.local/lib/python3.12/site-packages/airflow/example_dags/example_dynamic_task_mapping.py
[2024-06-18T02:24:36.336+0000] {processor.py:830} INFO - Processing file /home/airflow/.local/lib/python3.12/site-packages/airflow/example_dags/example_dynamic_task_mapping.py for tasks to queue
[2024-06-18T02:24:36.337+0000] {logging_mixin.py:188} INFO - [2024-06-18T02:24:36.336+0000] {dagbag.py:545} INFO - Filling up the DagBag from /home/airflow/.local/lib/python3.12/site-packages/airflow/example_dags/example_dynamic_task_mapping.py
[2024-06-18T02:24:36.345+0000] {processor.py:840} INFO - DAG(s) 'example_dynamic_task_mapping' retrieved from /home/airflow/.local/lib/python3.12/site-packages/airflow/example_dags/example_dynamic_task_mapping.py
[2024-06-18T02:24:36.373+0000] {logging_mixin.py:188} INFO - [2024-06-18T02:24:36.373+0000] {dag.py:3096} INFO - Sync 1 DAGs
[2024-06-18T02:24:36.403+0000] {logging_mixin.py:188} INFO - [2024-06-18T02:24:36.402+0000] {dag.py:3954} INFO - Setting next_dagrun for example_dynamic_task_mapping to 2022-03-04 00:00:00+00:00, run_after=2022-03-05 00:00:00+00:00
[2024-06-18T02:24:36.431+0000] {processor.py:183} INFO - Processing /home/airflow/.local/lib/python3.12/site-packages/airflow/example_dags/example_dynamic_task_mapping.py took 0.102 seconds
[2024-06-18T02:25:06.995+0000] {processor.py:161} INFO - Started process (PID=65581) to work on /home/airflow/.local/lib/python3.12/site-packages/airflow/example_dags/example_dynamic_task_mapping.py
[2024-06-18T02:25:06.996+0000] {processor.py:830} INFO - Processing file /home/airflow/.local/lib/python3.12/site-packages/airflow/example_dags/example_dynamic_task_mapping.py for tasks to queue
[2024-06-18T02:25:06.997+0000] {logging_mixin.py:188} INFO - [2024-06-18T02:25:06.997+0000] {dagbag.py:545} INFO - Filling up the DagBag from /home/airflow/.local/lib/python3.12/site-packages/airflow/example_dags/example_dynamic_task_mapping.py
[2024-06-18T02:25:07.005+0000] {processor.py:840} INFO - DAG(s) 'example_dynamic_task_mapping' retrieved from /home/airflow/.local/lib/python3.12/site-packages/airflow/example_dags/example_dynamic_task_mapping.py
[2024-06-18T02:25:07.029+0000] {logging_mixin.py:188} INFO - [2024-06-18T02:25:07.029+0000] {dag.py:3096} INFO - Sync 1 DAGs
[2024-06-18T02:25:07.052+0000] {logging_mixin.py:188} INFO - [2024-06-18T02:25:07.052+0000] {dag.py:3954} INFO - Setting next_dagrun for example_dynamic_task_mapping to 2022-03-04 00:00:00+00:00, run_after=2022-03-05 00:00:00+00:00
[2024-06-18T02:25:07.072+0000] {processor.py:183} INFO - Processing /home/airflow/.local/lib/python3.12/site-packages/airflow/example_dags/example_dynamic_task_mapping.py took 0.083 seconds
[2024-06-18T02:25:37.468+0000] {processor.py:161} INFO - Started process (PID=65639) to work on /home/airflow/.local/lib/python3.12/site-packages/airflow/example_dags/example_dynamic_task_mapping.py
[2024-06-18T02:25:37.469+0000] {processor.py:830} INFO - Processing file /home/airflow/.local/lib/python3.12/site-packages/airflow/example_dags/example_dynamic_task_mapping.py for tasks to queue
[2024-06-18T02:25:37.470+0000] {logging_mixin.py:188} INFO - [2024-06-18T02:25:37.470+0000] {dagbag.py:545} INFO - Filling up the DagBag from /home/airflow/.local/lib/python3.12/site-packages/airflow/example_dags/example_dynamic_task_mapping.py
[2024-06-18T02:25:37.480+0000] {processor.py:840} INFO - DAG(s) 'example_dynamic_task_mapping' retrieved from /home/airflow/.local/lib/python3.12/site-packages/airflow/example_dags/example_dynamic_task_mapping.py
[2024-06-18T02:25:37.503+0000] {logging_mixin.py:188} INFO - [2024-06-18T02:25:37.502+0000] {dag.py:3096} INFO - Sync 1 DAGs
[2024-06-18T02:25:37.530+0000] {logging_mixin.py:188} INFO - [2024-06-18T02:25:37.530+0000] {dag.py:3954} INFO - Setting next_dagrun for example_dynamic_task_mapping to 2022-03-04 00:00:00+00:00, run_after=2022-03-05 00:00:00+00:00
[2024-06-18T02:25:37.554+0000] {processor.py:183} INFO - Processing /home/airflow/.local/lib/python3.12/site-packages/airflow/example_dags/example_dynamic_task_mapping.py took 0.093 seconds
[2024-06-18T02:26:07.643+0000] {processor.py:161} INFO - Started process (PID=65697) to work on /home/airflow/.local/lib/python3.12/site-packages/airflow/example_dags/example_dynamic_task_mapping.py
[2024-06-18T02:26:07.644+0000] {processor.py:830} INFO - Processing file /home/airflow/.local/lib/python3.12/site-packages/airflow/example_dags/example_dynamic_task_mapping.py for tasks to queue
[2024-06-18T02:26:07.645+0000] {logging_mixin.py:188} INFO - [2024-06-18T02:26:07.645+0000] {dagbag.py:545} INFO - Filling up the DagBag from /home/airflow/.local/lib/python3.12/site-packages/airflow/example_dags/example_dynamic_task_mapping.py
[2024-06-18T02:26:07.652+0000] {processor.py:840} INFO - DAG(s) 'example_dynamic_task_mapping' retrieved from /home/airflow/.local/lib/python3.12/site-packages/airflow/example_dags/example_dynamic_task_mapping.py
[2024-06-18T02:26:07.674+0000] {logging_mixin.py:188} INFO - [2024-06-18T02:26:07.674+0000] {dag.py:3096} INFO - Sync 1 DAGs
[2024-06-18T02:26:07.699+0000] {logging_mixin.py:188} INFO - [2024-06-18T02:26:07.699+0000] {dag.py:3954} INFO - Setting next_dagrun for example_dynamic_task_mapping to 2022-03-04 00:00:00+00:00, run_after=2022-03-05 00:00:00+00:00
[2024-06-18T02:26:07.724+0000] {processor.py:183} INFO - Processing /home/airflow/.local/lib/python3.12/site-packages/airflow/example_dags/example_dynamic_task_mapping.py took 0.088 seconds
[2024-06-18T02:26:38.333+0000] {processor.py:161} INFO - Started process (PID=65755) to work on /home/airflow/.local/lib/python3.12/site-packages/airflow/example_dags/example_dynamic_task_mapping.py
[2024-06-18T02:26:38.334+0000] {processor.py:830} INFO - Processing file /home/airflow/.local/lib/python3.12/site-packages/airflow/example_dags/example_dynamic_task_mapping.py for tasks to queue
[2024-06-18T02:26:38.335+0000] {logging_mixin.py:188} INFO - [2024-06-18T02:26:38.335+0000] {dagbag.py:545} INFO - Filling up the DagBag from /home/airflow/.local/lib/python3.12/site-packages/airflow/example_dags/example_dynamic_task_mapping.py
[2024-06-18T02:26:38.346+0000] {processor.py:840} INFO - DAG(s) 'example_dynamic_task_mapping' retrieved from /home/airflow/.local/lib/python3.12/site-packages/airflow/example_dags/example_dynamic_task_mapping.py
[2024-06-18T02:26:38.366+0000] {logging_mixin.py:188} INFO - [2024-06-18T02:26:38.366+0000] {dag.py:3096} INFO - Sync 1 DAGs
[2024-06-18T02:26:38.395+0000] {logging_mixin.py:188} INFO - [2024-06-18T02:26:38.395+0000] {dag.py:3954} INFO - Setting next_dagrun for example_dynamic_task_mapping to 2022-03-04 00:00:00+00:00, run_after=2022-03-05 00:00:00+00:00
[2024-06-18T02:26:38.417+0000] {processor.py:183} INFO - Processing /home/airflow/.local/lib/python3.12/site-packages/airflow/example_dags/example_dynamic_task_mapping.py took 0.092 seconds
[2024-06-18T02:27:09.004+0000] {processor.py:161} INFO - Started process (PID=65814) to work on /home/airflow/.local/lib/python3.12/site-packages/airflow/example_dags/example_dynamic_task_mapping.py
[2024-06-18T02:27:09.005+0000] {processor.py:830} INFO - Processing file /home/airflow/.local/lib/python3.12/site-packages/airflow/example_dags/example_dynamic_task_mapping.py for tasks to queue
[2024-06-18T02:27:09.006+0000] {logging_mixin.py:188} INFO - [2024-06-18T02:27:09.006+0000] {dagbag.py:545} INFO - Filling up the DagBag from /home/airflow/.local/lib/python3.12/site-packages/airflow/example_dags/example_dynamic_task_mapping.py
[2024-06-18T02:27:09.013+0000] {processor.py:840} INFO - DAG(s) 'example_dynamic_task_mapping' retrieved from /home/airflow/.local/lib/python3.12/site-packages/airflow/example_dags/example_dynamic_task_mapping.py
[2024-06-18T02:27:09.034+0000] {logging_mixin.py:188} INFO - [2024-06-18T02:27:09.033+0000] {dag.py:3096} INFO - Sync 1 DAGs
[2024-06-18T02:27:09.058+0000] {logging_mixin.py:188} INFO - [2024-06-18T02:27:09.058+0000] {dag.py:3954} INFO - Setting next_dagrun for example_dynamic_task_mapping to 2022-03-04 00:00:00+00:00, run_after=2022-03-05 00:00:00+00:00
[2024-06-18T02:27:09.079+0000] {processor.py:183} INFO - Processing /home/airflow/.local/lib/python3.12/site-packages/airflow/example_dags/example_dynamic_task_mapping.py took 0.082 seconds
[2024-06-18T02:27:39.278+0000] {processor.py:161} INFO - Started process (PID=65872) to work on /home/airflow/.local/lib/python3.12/site-packages/airflow/example_dags/example_dynamic_task_mapping.py
[2024-06-18T02:27:39.279+0000] {processor.py:830} INFO - Processing file /home/airflow/.local/lib/python3.12/site-packages/airflow/example_dags/example_dynamic_task_mapping.py for tasks to queue
[2024-06-18T02:27:39.280+0000] {logging_mixin.py:188} INFO - [2024-06-18T02:27:39.280+0000] {dagbag.py:545} INFO - Filling up the DagBag from /home/airflow/.local/lib/python3.12/site-packages/airflow/example_dags/example_dynamic_task_mapping.py
[2024-06-18T02:27:39.290+0000] {processor.py:840} INFO - DAG(s) 'example_dynamic_task_mapping' retrieved from /home/airflow/.local/lib/python3.12/site-packages/airflow/example_dags/example_dynamic_task_mapping.py
[2024-06-18T02:27:39.318+0000] {logging_mixin.py:188} INFO - [2024-06-18T02:27:39.317+0000] {dag.py:3096} INFO - Sync 1 DAGs
[2024-06-18T02:27:39.347+0000] {logging_mixin.py:188} INFO - [2024-06-18T02:27:39.347+0000] {dag.py:3954} INFO - Setting next_dagrun for example_dynamic_task_mapping to 2022-03-04 00:00:00+00:00, run_after=2022-03-05 00:00:00+00:00
[2024-06-18T02:27:39.374+0000] {processor.py:183} INFO - Processing /home/airflow/.local/lib/python3.12/site-packages/airflow/example_dags/example_dynamic_task_mapping.py took 0.104 seconds
[2024-06-18T02:28:09.631+0000] {processor.py:161} INFO - Started process (PID=65930) to work on /home/airflow/.local/lib/python3.12/site-packages/airflow/example_dags/example_dynamic_task_mapping.py
[2024-06-18T02:28:09.632+0000] {processor.py:830} INFO - Processing file /home/airflow/.local/lib/python3.12/site-packages/airflow/example_dags/example_dynamic_task_mapping.py for tasks to queue
[2024-06-18T02:28:09.636+0000] {logging_mixin.py:188} INFO - [2024-06-18T02:28:09.635+0000] {dagbag.py:545} INFO - Filling up the DagBag from /home/airflow/.local/lib/python3.12/site-packages/airflow/example_dags/example_dynamic_task_mapping.py
[2024-06-18T02:28:09.646+0000] {processor.py:840} INFO - DAG(s) 'example_dynamic_task_mapping' retrieved from /home/airflow/.local/lib/python3.12/site-packages/airflow/example_dags/example_dynamic_task_mapping.py
[2024-06-18T02:28:09.669+0000] {logging_mixin.py:188} INFO - [2024-06-18T02:28:09.669+0000] {dag.py:3096} INFO - Sync 1 DAGs
[2024-06-18T02:28:09.693+0000] {logging_mixin.py:188} INFO - [2024-06-18T02:28:09.692+0000] {dag.py:3954} INFO - Setting next_dagrun for example_dynamic_task_mapping to 2022-03-04 00:00:00+00:00, run_after=2022-03-05 00:00:00+00:00
[2024-06-18T02:28:09.714+0000] {processor.py:183} INFO - Processing /home/airflow/.local/lib/python3.12/site-packages/airflow/example_dags/example_dynamic_task_mapping.py took 0.091 seconds
[2024-06-18T02:28:40.087+0000] {processor.py:161} INFO - Started process (PID=65988) to work on /home/airflow/.local/lib/python3.12/site-packages/airflow/example_dags/example_dynamic_task_mapping.py
[2024-06-18T02:28:40.088+0000] {processor.py:830} INFO - Processing file /home/airflow/.local/lib/python3.12/site-packages/airflow/example_dags/example_dynamic_task_mapping.py for tasks to queue
[2024-06-18T02:28:40.091+0000] {logging_mixin.py:188} INFO - [2024-06-18T02:28:40.090+0000] {dagbag.py:545} INFO - Filling up the DagBag from /home/airflow/.local/lib/python3.12/site-packages/airflow/example_dags/example_dynamic_task_mapping.py
[2024-06-18T02:28:40.099+0000] {processor.py:840} INFO - DAG(s) 'example_dynamic_task_mapping' retrieved from /home/airflow/.local/lib/python3.12/site-packages/airflow/example_dags/example_dynamic_task_mapping.py
[2024-06-18T02:28:40.120+0000] {logging_mixin.py:188} INFO - [2024-06-18T02:28:40.119+0000] {dag.py:3096} INFO - Sync 1 DAGs
[2024-06-18T02:28:40.147+0000] {logging_mixin.py:188} INFO - [2024-06-18T02:28:40.147+0000] {dag.py:3954} INFO - Setting next_dagrun for example_dynamic_task_mapping to 2022-03-04 00:00:00+00:00, run_after=2022-03-05 00:00:00+00:00
[2024-06-18T02:28:40.174+0000] {processor.py:183} INFO - Processing /home/airflow/.local/lib/python3.12/site-packages/airflow/example_dags/example_dynamic_task_mapping.py took 0.093 seconds
[2024-06-18T02:29:10.396+0000] {processor.py:161} INFO - Started process (PID=66047) to work on /home/airflow/.local/lib/python3.12/site-packages/airflow/example_dags/example_dynamic_task_mapping.py
[2024-06-18T02:29:10.398+0000] {processor.py:830} INFO - Processing file /home/airflow/.local/lib/python3.12/site-packages/airflow/example_dags/example_dynamic_task_mapping.py for tasks to queue
[2024-06-18T02:29:10.399+0000] {logging_mixin.py:188} INFO - [2024-06-18T02:29:10.399+0000] {dagbag.py:545} INFO - Filling up the DagBag from /home/airflow/.local/lib/python3.12/site-packages/airflow/example_dags/example_dynamic_task_mapping.py
[2024-06-18T02:29:10.411+0000] {processor.py:840} INFO - DAG(s) 'example_dynamic_task_mapping' retrieved from /home/airflow/.local/lib/python3.12/site-packages/airflow/example_dags/example_dynamic_task_mapping.py
[2024-06-18T02:29:10.432+0000] {logging_mixin.py:188} INFO - [2024-06-18T02:29:10.431+0000] {dag.py:3096} INFO - Sync 1 DAGs
[2024-06-18T02:29:10.457+0000] {logging_mixin.py:188} INFO - [2024-06-18T02:29:10.457+0000] {dag.py:3954} INFO - Setting next_dagrun for example_dynamic_task_mapping to 2022-03-04 00:00:00+00:00, run_after=2022-03-05 00:00:00+00:00
[2024-06-18T02:29:10.479+0000] {processor.py:183} INFO - Processing /home/airflow/.local/lib/python3.12/site-packages/airflow/example_dags/example_dynamic_task_mapping.py took 0.090 seconds
[2024-06-18T02:29:40.705+0000] {processor.py:161} INFO - Started process (PID=66105) to work on /home/airflow/.local/lib/python3.12/site-packages/airflow/example_dags/example_dynamic_task_mapping.py
[2024-06-18T02:29:40.707+0000] {processor.py:830} INFO - Processing file /home/airflow/.local/lib/python3.12/site-packages/airflow/example_dags/example_dynamic_task_mapping.py for tasks to queue
[2024-06-18T02:29:40.707+0000] {logging_mixin.py:188} INFO - [2024-06-18T02:29:40.707+0000] {dagbag.py:545} INFO - Filling up the DagBag from /home/airflow/.local/lib/python3.12/site-packages/airflow/example_dags/example_dynamic_task_mapping.py
[2024-06-18T02:29:40.715+0000] {processor.py:840} INFO - DAG(s) 'example_dynamic_task_mapping' retrieved from /home/airflow/.local/lib/python3.12/site-packages/airflow/example_dags/example_dynamic_task_mapping.py
[2024-06-18T02:29:40.738+0000] {logging_mixin.py:188} INFO - [2024-06-18T02:29:40.737+0000] {dag.py:3096} INFO - Sync 1 DAGs
[2024-06-18T02:29:40.764+0000] {logging_mixin.py:188} INFO - [2024-06-18T02:29:40.764+0000] {dag.py:3954} INFO - Setting next_dagrun for example_dynamic_task_mapping to 2022-03-04 00:00:00+00:00, run_after=2022-03-05 00:00:00+00:00
[2024-06-18T02:29:40.784+0000] {processor.py:183} INFO - Processing /home/airflow/.local/lib/python3.12/site-packages/airflow/example_dags/example_dynamic_task_mapping.py took 0.086 seconds
[2024-06-18T02:30:11.458+0000] {processor.py:161} INFO - Started process (PID=66163) to work on /home/airflow/.local/lib/python3.12/site-packages/airflow/example_dags/example_dynamic_task_mapping.py
[2024-06-18T02:30:11.460+0000] {processor.py:830} INFO - Processing file /home/airflow/.local/lib/python3.12/site-packages/airflow/example_dags/example_dynamic_task_mapping.py for tasks to queue
[2024-06-18T02:30:11.461+0000] {logging_mixin.py:188} INFO - [2024-06-18T02:30:11.461+0000] {dagbag.py:545} INFO - Filling up the DagBag from /home/airflow/.local/lib/python3.12/site-packages/airflow/example_dags/example_dynamic_task_mapping.py
[2024-06-18T02:30:11.468+0000] {processor.py:840} INFO - DAG(s) 'example_dynamic_task_mapping' retrieved from /home/airflow/.local/lib/python3.12/site-packages/airflow/example_dags/example_dynamic_task_mapping.py
[2024-06-18T02:30:11.488+0000] {logging_mixin.py:188} INFO - [2024-06-18T02:30:11.488+0000] {dag.py:3096} INFO - Sync 1 DAGs
[2024-06-18T02:30:11.518+0000] {logging_mixin.py:188} INFO - [2024-06-18T02:30:11.518+0000] {dag.py:3954} INFO - Setting next_dagrun for example_dynamic_task_mapping to 2022-03-04 00:00:00+00:00, run_after=2022-03-05 00:00:00+00:00
[2024-06-18T02:30:11.539+0000] {processor.py:183} INFO - Processing /home/airflow/.local/lib/python3.12/site-packages/airflow/example_dags/example_dynamic_task_mapping.py took 0.087 seconds
[2024-06-18T02:30:42.071+0000] {processor.py:161} INFO - Started process (PID=66221) to work on /home/airflow/.local/lib/python3.12/site-packages/airflow/example_dags/example_dynamic_task_mapping.py
[2024-06-18T02:30:42.072+0000] {processor.py:830} INFO - Processing file /home/airflow/.local/lib/python3.12/site-packages/airflow/example_dags/example_dynamic_task_mapping.py for tasks to queue
[2024-06-18T02:30:42.073+0000] {logging_mixin.py:188} INFO - [2024-06-18T02:30:42.073+0000] {dagbag.py:545} INFO - Filling up the DagBag from /home/airflow/.local/lib/python3.12/site-packages/airflow/example_dags/example_dynamic_task_mapping.py
[2024-06-18T02:30:42.081+0000] {processor.py:840} INFO - DAG(s) 'example_dynamic_task_mapping' retrieved from /home/airflow/.local/lib/python3.12/site-packages/airflow/example_dags/example_dynamic_task_mapping.py
[2024-06-18T02:30:42.101+0000] {logging_mixin.py:188} INFO - [2024-06-18T02:30:42.101+0000] {dag.py:3096} INFO - Sync 1 DAGs
[2024-06-18T02:30:42.129+0000] {logging_mixin.py:188} INFO - [2024-06-18T02:30:42.129+0000] {dag.py:3954} INFO - Setting next_dagrun for example_dynamic_task_mapping to 2022-03-04 00:00:00+00:00, run_after=2022-03-05 00:00:00+00:00
[2024-06-18T02:30:42.152+0000] {processor.py:183} INFO - Processing /home/airflow/.local/lib/python3.12/site-packages/airflow/example_dags/example_dynamic_task_mapping.py took 0.088 seconds
[2024-06-18T02:31:12.265+0000] {processor.py:161} INFO - Started process (PID=66279) to work on /home/airflow/.local/lib/python3.12/site-packages/airflow/example_dags/example_dynamic_task_mapping.py
[2024-06-18T02:31:12.275+0000] {processor.py:830} INFO - Processing file /home/airflow/.local/lib/python3.12/site-packages/airflow/example_dags/example_dynamic_task_mapping.py for tasks to queue
[2024-06-18T02:31:12.276+0000] {logging_mixin.py:188} INFO - [2024-06-18T02:31:12.276+0000] {dagbag.py:545} INFO - Filling up the DagBag from /home/airflow/.local/lib/python3.12/site-packages/airflow/example_dags/example_dynamic_task_mapping.py
[2024-06-18T02:31:12.295+0000] {processor.py:840} INFO - DAG(s) 'example_dynamic_task_mapping' retrieved from /home/airflow/.local/lib/python3.12/site-packages/airflow/example_dags/example_dynamic_task_mapping.py
[2024-06-18T02:31:12.358+0000] {logging_mixin.py:188} INFO - [2024-06-18T02:31:12.357+0000] {dag.py:3096} INFO - Sync 1 DAGs
[2024-06-18T02:31:12.416+0000] {logging_mixin.py:188} INFO - [2024-06-18T02:31:12.415+0000] {dag.py:3954} INFO - Setting next_dagrun for example_dynamic_task_mapping to 2022-03-04 00:00:00+00:00, run_after=2022-03-05 00:00:00+00:00
[2024-06-18T02:31:12.442+0000] {processor.py:183} INFO - Processing /home/airflow/.local/lib/python3.12/site-packages/airflow/example_dags/example_dynamic_task_mapping.py took 0.184 seconds
[2024-06-18T02:31:42.749+0000] {processor.py:161} INFO - Started process (PID=66337) to work on /home/airflow/.local/lib/python3.12/site-packages/airflow/example_dags/example_dynamic_task_mapping.py
[2024-06-18T02:31:42.752+0000] {processor.py:830} INFO - Processing file /home/airflow/.local/lib/python3.12/site-packages/airflow/example_dags/example_dynamic_task_mapping.py for tasks to queue
[2024-06-18T02:31:42.753+0000] {logging_mixin.py:188} INFO - [2024-06-18T02:31:42.752+0000] {dagbag.py:545} INFO - Filling up the DagBag from /home/airflow/.local/lib/python3.12/site-packages/airflow/example_dags/example_dynamic_task_mapping.py
[2024-06-18T02:31:42.762+0000] {processor.py:840} INFO - DAG(s) 'example_dynamic_task_mapping' retrieved from /home/airflow/.local/lib/python3.12/site-packages/airflow/example_dags/example_dynamic_task_mapping.py
[2024-06-18T02:31:42.782+0000] {logging_mixin.py:188} INFO - [2024-06-18T02:31:42.782+0000] {dag.py:3096} INFO - Sync 1 DAGs
[2024-06-18T02:31:42.806+0000] {logging_mixin.py:188} INFO - [2024-06-18T02:31:42.806+0000] {dag.py:3954} INFO - Setting next_dagrun for example_dynamic_task_mapping to 2022-03-04 00:00:00+00:00, run_after=2022-03-05 00:00:00+00:00
[2024-06-18T02:31:42.829+0000] {processor.py:183} INFO - Processing /home/airflow/.local/lib/python3.12/site-packages/airflow/example_dags/example_dynamic_task_mapping.py took 0.086 seconds
[2024-06-18T02:32:12.883+0000] {processor.py:161} INFO - Started process (PID=66395) to work on /home/airflow/.local/lib/python3.12/site-packages/airflow/example_dags/example_dynamic_task_mapping.py
[2024-06-18T02:32:12.884+0000] {processor.py:830} INFO - Processing file /home/airflow/.local/lib/python3.12/site-packages/airflow/example_dags/example_dynamic_task_mapping.py for tasks to queue
[2024-06-18T02:32:12.885+0000] {logging_mixin.py:188} INFO - [2024-06-18T02:32:12.884+0000] {dagbag.py:545} INFO - Filling up the DagBag from /home/airflow/.local/lib/python3.12/site-packages/airflow/example_dags/example_dynamic_task_mapping.py
[2024-06-18T02:32:12.895+0000] {processor.py:840} INFO - DAG(s) 'example_dynamic_task_mapping' retrieved from /home/airflow/.local/lib/python3.12/site-packages/airflow/example_dags/example_dynamic_task_mapping.py
[2024-06-18T02:32:12.917+0000] {logging_mixin.py:188} INFO - [2024-06-18T02:32:12.917+0000] {dag.py:3096} INFO - Sync 1 DAGs
[2024-06-18T02:32:12.946+0000] {logging_mixin.py:188} INFO - [2024-06-18T02:32:12.946+0000] {dag.py:3954} INFO - Setting next_dagrun for example_dynamic_task_mapping to 2022-03-04 00:00:00+00:00, run_after=2022-03-05 00:00:00+00:00
[2024-06-18T02:32:12.969+0000] {processor.py:183} INFO - Processing /home/airflow/.local/lib/python3.12/site-packages/airflow/example_dags/example_dynamic_task_mapping.py took 0.094 seconds
[2024-06-18T02:32:43.025+0000] {processor.py:161} INFO - Started process (PID=66459) to work on /home/airflow/.local/lib/python3.12/site-packages/airflow/example_dags/example_dynamic_task_mapping.py
[2024-06-18T02:32:43.027+0000] {processor.py:830} INFO - Processing file /home/airflow/.local/lib/python3.12/site-packages/airflow/example_dags/example_dynamic_task_mapping.py for tasks to queue
[2024-06-18T02:32:43.029+0000] {logging_mixin.py:188} INFO - [2024-06-18T02:32:43.028+0000] {dagbag.py:545} INFO - Filling up the DagBag from /home/airflow/.local/lib/python3.12/site-packages/airflow/example_dags/example_dynamic_task_mapping.py
[2024-06-18T02:32:43.041+0000] {processor.py:840} INFO - DAG(s) 'example_dynamic_task_mapping' retrieved from /home/airflow/.local/lib/python3.12/site-packages/airflow/example_dags/example_dynamic_task_mapping.py
[2024-06-18T02:32:43.080+0000] {logging_mixin.py:188} INFO - [2024-06-18T02:32:43.080+0000] {dag.py:3096} INFO - Sync 1 DAGs
[2024-06-18T02:32:43.122+0000] {logging_mixin.py:188} INFO - [2024-06-18T02:32:43.122+0000] {dag.py:3954} INFO - Setting next_dagrun for example_dynamic_task_mapping to 2022-03-04 00:00:00+00:00, run_after=2022-03-05 00:00:00+00:00
[2024-06-18T02:32:43.162+0000] {processor.py:183} INFO - Processing /home/airflow/.local/lib/python3.12/site-packages/airflow/example_dags/example_dynamic_task_mapping.py took 0.145 seconds
[2024-06-18T02:33:13.309+0000] {processor.py:161} INFO - Started process (PID=66517) to work on /home/airflow/.local/lib/python3.12/site-packages/airflow/example_dags/example_dynamic_task_mapping.py
[2024-06-18T02:33:13.310+0000] {processor.py:830} INFO - Processing file /home/airflow/.local/lib/python3.12/site-packages/airflow/example_dags/example_dynamic_task_mapping.py for tasks to queue
[2024-06-18T02:33:13.311+0000] {logging_mixin.py:188} INFO - [2024-06-18T02:33:13.311+0000] {dagbag.py:545} INFO - Filling up the DagBag from /home/airflow/.local/lib/python3.12/site-packages/airflow/example_dags/example_dynamic_task_mapping.py
[2024-06-18T02:33:13.322+0000] {processor.py:840} INFO - DAG(s) 'example_dynamic_task_mapping' retrieved from /home/airflow/.local/lib/python3.12/site-packages/airflow/example_dags/example_dynamic_task_mapping.py
[2024-06-18T02:33:13.347+0000] {logging_mixin.py:188} INFO - [2024-06-18T02:33:13.347+0000] {dag.py:3096} INFO - Sync 1 DAGs
[2024-06-18T02:33:13.379+0000] {logging_mixin.py:188} INFO - [2024-06-18T02:33:13.378+0000] {dag.py:3954} INFO - Setting next_dagrun for example_dynamic_task_mapping to 2022-03-04 00:00:00+00:00, run_after=2022-03-05 00:00:00+00:00
[2024-06-18T02:33:13.411+0000] {processor.py:183} INFO - Processing /home/airflow/.local/lib/python3.12/site-packages/airflow/example_dags/example_dynamic_task_mapping.py took 0.110 seconds
[2024-06-18T02:33:43.699+0000] {processor.py:161} INFO - Started process (PID=66575) to work on /home/airflow/.local/lib/python3.12/site-packages/airflow/example_dags/example_dynamic_task_mapping.py
[2024-06-18T02:33:43.701+0000] {processor.py:830} INFO - Processing file /home/airflow/.local/lib/python3.12/site-packages/airflow/example_dags/example_dynamic_task_mapping.py for tasks to queue
[2024-06-18T02:33:43.702+0000] {logging_mixin.py:188} INFO - [2024-06-18T02:33:43.701+0000] {dagbag.py:545} INFO - Filling up the DagBag from /home/airflow/.local/lib/python3.12/site-packages/airflow/example_dags/example_dynamic_task_mapping.py
[2024-06-18T02:33:43.714+0000] {processor.py:840} INFO - DAG(s) 'example_dynamic_task_mapping' retrieved from /home/airflow/.local/lib/python3.12/site-packages/airflow/example_dags/example_dynamic_task_mapping.py
[2024-06-18T02:33:43.745+0000] {logging_mixin.py:188} INFO - [2024-06-18T02:33:43.744+0000] {dag.py:3096} INFO - Sync 1 DAGs
[2024-06-18T02:33:43.775+0000] {logging_mixin.py:188} INFO - [2024-06-18T02:33:43.775+0000] {dag.py:3954} INFO - Setting next_dagrun for example_dynamic_task_mapping to 2022-03-04 00:00:00+00:00, run_after=2022-03-05 00:00:00+00:00
[2024-06-18T02:33:43.795+0000] {processor.py:183} INFO - Processing /home/airflow/.local/lib/python3.12/site-packages/airflow/example_dags/example_dynamic_task_mapping.py took 0.102 seconds
[2024-06-18T02:34:14.164+0000] {processor.py:161} INFO - Started process (PID=66633) to work on /home/airflow/.local/lib/python3.12/site-packages/airflow/example_dags/example_dynamic_task_mapping.py
[2024-06-18T02:34:14.165+0000] {processor.py:830} INFO - Processing file /home/airflow/.local/lib/python3.12/site-packages/airflow/example_dags/example_dynamic_task_mapping.py for tasks to queue
[2024-06-18T02:34:14.166+0000] {logging_mixin.py:188} INFO - [2024-06-18T02:34:14.166+0000] {dagbag.py:545} INFO - Filling up the DagBag from /home/airflow/.local/lib/python3.12/site-packages/airflow/example_dags/example_dynamic_task_mapping.py
[2024-06-18T02:34:14.173+0000] {processor.py:840} INFO - DAG(s) 'example_dynamic_task_mapping' retrieved from /home/airflow/.local/lib/python3.12/site-packages/airflow/example_dags/example_dynamic_task_mapping.py
[2024-06-18T02:34:14.194+0000] {logging_mixin.py:188} INFO - [2024-06-18T02:34:14.194+0000] {dag.py:3096} INFO - Sync 1 DAGs
[2024-06-18T02:34:14.219+0000] {logging_mixin.py:188} INFO - [2024-06-18T02:34:14.218+0000] {dag.py:3954} INFO - Setting next_dagrun for example_dynamic_task_mapping to 2022-03-04 00:00:00+00:00, run_after=2022-03-05 00:00:00+00:00
[2024-06-18T02:34:14.238+0000] {processor.py:183} INFO - Processing /home/airflow/.local/lib/python3.12/site-packages/airflow/example_dags/example_dynamic_task_mapping.py took 0.079 seconds
[2024-06-18T02:34:44.346+0000] {processor.py:161} INFO - Started process (PID=66691) to work on /home/airflow/.local/lib/python3.12/site-packages/airflow/example_dags/example_dynamic_task_mapping.py
[2024-06-18T02:34:44.348+0000] {processor.py:830} INFO - Processing file /home/airflow/.local/lib/python3.12/site-packages/airflow/example_dags/example_dynamic_task_mapping.py for tasks to queue
[2024-06-18T02:34:44.348+0000] {logging_mixin.py:188} INFO - [2024-06-18T02:34:44.348+0000] {dagbag.py:545} INFO - Filling up the DagBag from /home/airflow/.local/lib/python3.12/site-packages/airflow/example_dags/example_dynamic_task_mapping.py
[2024-06-18T02:34:44.358+0000] {processor.py:840} INFO - DAG(s) 'example_dynamic_task_mapping' retrieved from /home/airflow/.local/lib/python3.12/site-packages/airflow/example_dags/example_dynamic_task_mapping.py
[2024-06-18T02:34:44.388+0000] {logging_mixin.py:188} INFO - [2024-06-18T02:34:44.387+0000] {dag.py:3096} INFO - Sync 1 DAGs
[2024-06-18T02:34:44.422+0000] {logging_mixin.py:188} INFO - [2024-06-18T02:34:44.422+0000] {dag.py:3954} INFO - Setting next_dagrun for example_dynamic_task_mapping to 2022-03-04 00:00:00+00:00, run_after=2022-03-05 00:00:00+00:00
[2024-06-18T02:34:44.448+0000] {processor.py:183} INFO - Processing /home/airflow/.local/lib/python3.12/site-packages/airflow/example_dags/example_dynamic_task_mapping.py took 0.107 seconds
[2024-06-18T02:35:14.646+0000] {processor.py:161} INFO - Started process (PID=66747) to work on /home/airflow/.local/lib/python3.12/site-packages/airflow/example_dags/example_dynamic_task_mapping.py
[2024-06-18T02:35:14.647+0000] {processor.py:830} INFO - Processing file /home/airflow/.local/lib/python3.12/site-packages/airflow/example_dags/example_dynamic_task_mapping.py for tasks to queue
[2024-06-18T02:35:14.647+0000] {logging_mixin.py:188} INFO - [2024-06-18T02:35:14.647+0000] {dagbag.py:545} INFO - Filling up the DagBag from /home/airflow/.local/lib/python3.12/site-packages/airflow/example_dags/example_dynamic_task_mapping.py
[2024-06-18T02:35:14.654+0000] {processor.py:840} INFO - DAG(s) 'example_dynamic_task_mapping' retrieved from /home/airflow/.local/lib/python3.12/site-packages/airflow/example_dags/example_dynamic_task_mapping.py
[2024-06-18T02:35:14.674+0000] {logging_mixin.py:188} INFO - [2024-06-18T02:35:14.673+0000] {dag.py:3096} INFO - Sync 1 DAGs
[2024-06-18T02:35:14.694+0000] {logging_mixin.py:188} INFO - [2024-06-18T02:35:14.694+0000] {dag.py:3954} INFO - Setting next_dagrun for example_dynamic_task_mapping to 2022-03-04 00:00:00+00:00, run_after=2022-03-05 00:00:00+00:00
[2024-06-18T02:35:14.712+0000] {processor.py:183} INFO - Processing /home/airflow/.local/lib/python3.12/site-packages/airflow/example_dags/example_dynamic_task_mapping.py took 0.072 seconds
[2024-06-18T02:35:44.844+0000] {processor.py:161} INFO - Started process (PID=66805) to work on /home/airflow/.local/lib/python3.12/site-packages/airflow/example_dags/example_dynamic_task_mapping.py
[2024-06-18T02:35:44.846+0000] {processor.py:830} INFO - Processing file /home/airflow/.local/lib/python3.12/site-packages/airflow/example_dags/example_dynamic_task_mapping.py for tasks to queue
[2024-06-18T02:35:44.847+0000] {logging_mixin.py:188} INFO - [2024-06-18T02:35:44.846+0000] {dagbag.py:545} INFO - Filling up the DagBag from /home/airflow/.local/lib/python3.12/site-packages/airflow/example_dags/example_dynamic_task_mapping.py
[2024-06-18T02:35:44.853+0000] {processor.py:840} INFO - DAG(s) 'example_dynamic_task_mapping' retrieved from /home/airflow/.local/lib/python3.12/site-packages/airflow/example_dags/example_dynamic_task_mapping.py
[2024-06-18T02:35:44.874+0000] {logging_mixin.py:188} INFO - [2024-06-18T02:35:44.873+0000] {dag.py:3096} INFO - Sync 1 DAGs
[2024-06-18T02:35:44.896+0000] {logging_mixin.py:188} INFO - [2024-06-18T02:35:44.896+0000] {dag.py:3954} INFO - Setting next_dagrun for example_dynamic_task_mapping to 2022-03-04 00:00:00+00:00, run_after=2022-03-05 00:00:00+00:00
[2024-06-18T02:35:44.915+0000] {processor.py:183} INFO - Processing /home/airflow/.local/lib/python3.12/site-packages/airflow/example_dags/example_dynamic_task_mapping.py took 0.076 seconds
[2024-06-18T02:36:15.143+0000] {processor.py:161} INFO - Started process (PID=66863) to work on /home/airflow/.local/lib/python3.12/site-packages/airflow/example_dags/example_dynamic_task_mapping.py
[2024-06-18T02:36:15.144+0000] {processor.py:830} INFO - Processing file /home/airflow/.local/lib/python3.12/site-packages/airflow/example_dags/example_dynamic_task_mapping.py for tasks to queue
[2024-06-18T02:36:15.146+0000] {logging_mixin.py:188} INFO - [2024-06-18T02:36:15.145+0000] {dagbag.py:545} INFO - Filling up the DagBag from /home/airflow/.local/lib/python3.12/site-packages/airflow/example_dags/example_dynamic_task_mapping.py
[2024-06-18T02:36:15.154+0000] {processor.py:840} INFO - DAG(s) 'example_dynamic_task_mapping' retrieved from /home/airflow/.local/lib/python3.12/site-packages/airflow/example_dags/example_dynamic_task_mapping.py
[2024-06-18T02:36:15.173+0000] {logging_mixin.py:188} INFO - [2024-06-18T02:36:15.173+0000] {dag.py:3096} INFO - Sync 1 DAGs
[2024-06-18T02:36:15.198+0000] {logging_mixin.py:188} INFO - [2024-06-18T02:36:15.198+0000] {dag.py:3954} INFO - Setting next_dagrun for example_dynamic_task_mapping to 2022-03-04 00:00:00+00:00, run_after=2022-03-05 00:00:00+00:00
[2024-06-18T02:36:15.216+0000] {processor.py:183} INFO - Processing /home/airflow/.local/lib/python3.12/site-packages/airflow/example_dags/example_dynamic_task_mapping.py took 0.081 seconds
[2024-06-18T02:36:45.319+0000] {processor.py:161} INFO - Started process (PID=66921) to work on /home/airflow/.local/lib/python3.12/site-packages/airflow/example_dags/example_dynamic_task_mapping.py
[2024-06-18T02:36:45.321+0000] {processor.py:830} INFO - Processing file /home/airflow/.local/lib/python3.12/site-packages/airflow/example_dags/example_dynamic_task_mapping.py for tasks to queue
[2024-06-18T02:36:45.322+0000] {logging_mixin.py:188} INFO - [2024-06-18T02:36:45.321+0000] {dagbag.py:545} INFO - Filling up the DagBag from /home/airflow/.local/lib/python3.12/site-packages/airflow/example_dags/example_dynamic_task_mapping.py
[2024-06-18T02:36:45.331+0000] {processor.py:840} INFO - DAG(s) 'example_dynamic_task_mapping' retrieved from /home/airflow/.local/lib/python3.12/site-packages/airflow/example_dags/example_dynamic_task_mapping.py
[2024-06-18T02:36:45.351+0000] {logging_mixin.py:188} INFO - [2024-06-18T02:36:45.351+0000] {dag.py:3096} INFO - Sync 1 DAGs
[2024-06-18T02:36:45.378+0000] {logging_mixin.py:188} INFO - [2024-06-18T02:36:45.378+0000] {dag.py:3954} INFO - Setting next_dagrun for example_dynamic_task_mapping to 2022-03-04 00:00:00+00:00, run_after=2022-03-05 00:00:00+00:00
[2024-06-18T02:36:45.400+0000] {processor.py:183} INFO - Processing /home/airflow/.local/lib/python3.12/site-packages/airflow/example_dags/example_dynamic_task_mapping.py took 0.087 seconds
[2024-06-18T02:37:16.190+0000] {processor.py:161} INFO - Started process (PID=66979) to work on /home/airflow/.local/lib/python3.12/site-packages/airflow/example_dags/example_dynamic_task_mapping.py
[2024-06-18T02:37:16.191+0000] {processor.py:830} INFO - Processing file /home/airflow/.local/lib/python3.12/site-packages/airflow/example_dags/example_dynamic_task_mapping.py for tasks to queue
[2024-06-18T02:37:16.192+0000] {logging_mixin.py:188} INFO - [2024-06-18T02:37:16.192+0000] {dagbag.py:545} INFO - Filling up the DagBag from /home/airflow/.local/lib/python3.12/site-packages/airflow/example_dags/example_dynamic_task_mapping.py
[2024-06-18T02:37:16.199+0000] {processor.py:840} INFO - DAG(s) 'example_dynamic_task_mapping' retrieved from /home/airflow/.local/lib/python3.12/site-packages/airflow/example_dags/example_dynamic_task_mapping.py
[2024-06-18T02:37:16.219+0000] {logging_mixin.py:188} INFO - [2024-06-18T02:37:16.218+0000] {dag.py:3096} INFO - Sync 1 DAGs
[2024-06-18T02:37:16.241+0000] {logging_mixin.py:188} INFO - [2024-06-18T02:37:16.241+0000] {dag.py:3954} INFO - Setting next_dagrun for example_dynamic_task_mapping to 2022-03-04 00:00:00+00:00, run_after=2022-03-05 00:00:00+00:00
[2024-06-18T02:37:16.258+0000] {processor.py:183} INFO - Processing /home/airflow/.local/lib/python3.12/site-packages/airflow/example_dags/example_dynamic_task_mapping.py took 0.075 seconds
[2024-06-18T02:37:46.436+0000] {processor.py:161} INFO - Started process (PID=67037) to work on /home/airflow/.local/lib/python3.12/site-packages/airflow/example_dags/example_dynamic_task_mapping.py
[2024-06-18T02:37:46.438+0000] {processor.py:830} INFO - Processing file /home/airflow/.local/lib/python3.12/site-packages/airflow/example_dags/example_dynamic_task_mapping.py for tasks to queue
[2024-06-18T02:37:46.440+0000] {logging_mixin.py:188} INFO - [2024-06-18T02:37:46.439+0000] {dagbag.py:545} INFO - Filling up the DagBag from /home/airflow/.local/lib/python3.12/site-packages/airflow/example_dags/example_dynamic_task_mapping.py
[2024-06-18T02:37:46.451+0000] {processor.py:840} INFO - DAG(s) 'example_dynamic_task_mapping' retrieved from /home/airflow/.local/lib/python3.12/site-packages/airflow/example_dags/example_dynamic_task_mapping.py
[2024-06-18T02:37:46.475+0000] {logging_mixin.py:188} INFO - [2024-06-18T02:37:46.474+0000] {dag.py:3096} INFO - Sync 1 DAGs
[2024-06-18T02:37:46.500+0000] {logging_mixin.py:188} INFO - [2024-06-18T02:37:46.500+0000] {dag.py:3954} INFO - Setting next_dagrun for example_dynamic_task_mapping to 2022-03-04 00:00:00+00:00, run_after=2022-03-05 00:00:00+00:00
[2024-06-18T02:37:46.521+0000] {processor.py:183} INFO - Processing /home/airflow/.local/lib/python3.12/site-packages/airflow/example_dags/example_dynamic_task_mapping.py took 0.093 seconds
[2024-06-18T02:38:17.115+0000] {processor.py:161} INFO - Started process (PID=67095) to work on /home/airflow/.local/lib/python3.12/site-packages/airflow/example_dags/example_dynamic_task_mapping.py
[2024-06-18T02:38:17.116+0000] {processor.py:830} INFO - Processing file /home/airflow/.local/lib/python3.12/site-packages/airflow/example_dags/example_dynamic_task_mapping.py for tasks to queue
[2024-06-18T02:38:17.117+0000] {logging_mixin.py:188} INFO - [2024-06-18T02:38:17.117+0000] {dagbag.py:545} INFO - Filling up the DagBag from /home/airflow/.local/lib/python3.12/site-packages/airflow/example_dags/example_dynamic_task_mapping.py
[2024-06-18T02:38:17.125+0000] {processor.py:840} INFO - DAG(s) 'example_dynamic_task_mapping' retrieved from /home/airflow/.local/lib/python3.12/site-packages/airflow/example_dags/example_dynamic_task_mapping.py
[2024-06-18T02:38:17.153+0000] {logging_mixin.py:188} INFO - [2024-06-18T02:38:17.153+0000] {dag.py:3096} INFO - Sync 1 DAGs
[2024-06-18T02:38:17.184+0000] {logging_mixin.py:188} INFO - [2024-06-18T02:38:17.184+0000] {dag.py:3954} INFO - Setting next_dagrun for example_dynamic_task_mapping to 2022-03-04 00:00:00+00:00, run_after=2022-03-05 00:00:00+00:00
[2024-06-18T02:38:17.205+0000] {processor.py:183} INFO - Processing /home/airflow/.local/lib/python3.12/site-packages/airflow/example_dags/example_dynamic_task_mapping.py took 0.098 seconds
[2024-06-18T02:38:47.757+0000] {processor.py:161} INFO - Started process (PID=67153) to work on /home/airflow/.local/lib/python3.12/site-packages/airflow/example_dags/example_dynamic_task_mapping.py
[2024-06-18T02:38:47.758+0000] {processor.py:830} INFO - Processing file /home/airflow/.local/lib/python3.12/site-packages/airflow/example_dags/example_dynamic_task_mapping.py for tasks to queue
[2024-06-18T02:38:47.759+0000] {logging_mixin.py:188} INFO - [2024-06-18T02:38:47.758+0000] {dagbag.py:545} INFO - Filling up the DagBag from /home/airflow/.local/lib/python3.12/site-packages/airflow/example_dags/example_dynamic_task_mapping.py
[2024-06-18T02:38:47.770+0000] {processor.py:840} INFO - DAG(s) 'example_dynamic_task_mapping' retrieved from /home/airflow/.local/lib/python3.12/site-packages/airflow/example_dags/example_dynamic_task_mapping.py
[2024-06-18T02:38:47.792+0000] {logging_mixin.py:188} INFO - [2024-06-18T02:38:47.791+0000] {dag.py:3096} INFO - Sync 1 DAGs
[2024-06-18T02:38:47.816+0000] {logging_mixin.py:188} INFO - [2024-06-18T02:38:47.816+0000] {dag.py:3954} INFO - Setting next_dagrun for example_dynamic_task_mapping to 2022-03-04 00:00:00+00:00, run_after=2022-03-05 00:00:00+00:00
[2024-06-18T02:38:47.837+0000] {processor.py:183} INFO - Processing /home/airflow/.local/lib/python3.12/site-packages/airflow/example_dags/example_dynamic_task_mapping.py took 0.086 seconds
[2024-06-18T02:39:18.783+0000] {processor.py:161} INFO - Started process (PID=67212) to work on /home/airflow/.local/lib/python3.12/site-packages/airflow/example_dags/example_dynamic_task_mapping.py
[2024-06-18T02:39:18.784+0000] {processor.py:830} INFO - Processing file /home/airflow/.local/lib/python3.12/site-packages/airflow/example_dags/example_dynamic_task_mapping.py for tasks to queue
[2024-06-18T02:39:18.785+0000] {logging_mixin.py:188} INFO - [2024-06-18T02:39:18.785+0000] {dagbag.py:545} INFO - Filling up the DagBag from /home/airflow/.local/lib/python3.12/site-packages/airflow/example_dags/example_dynamic_task_mapping.py
[2024-06-18T02:39:18.793+0000] {processor.py:840} INFO - DAG(s) 'example_dynamic_task_mapping' retrieved from /home/airflow/.local/lib/python3.12/site-packages/airflow/example_dags/example_dynamic_task_mapping.py
[2024-06-18T02:39:18.812+0000] {logging_mixin.py:188} INFO - [2024-06-18T02:39:18.812+0000] {dag.py:3096} INFO - Sync 1 DAGs
[2024-06-18T02:39:18.837+0000] {logging_mixin.py:188} INFO - [2024-06-18T02:39:18.837+0000] {dag.py:3954} INFO - Setting next_dagrun for example_dynamic_task_mapping to 2022-03-04 00:00:00+00:00, run_after=2022-03-05 00:00:00+00:00
[2024-06-18T02:39:18.859+0000] {processor.py:183} INFO - Processing /home/airflow/.local/lib/python3.12/site-packages/airflow/example_dags/example_dynamic_task_mapping.py took 0.082 seconds
[2024-06-18T02:39:49.450+0000] {processor.py:161} INFO - Started process (PID=67270) to work on /home/airflow/.local/lib/python3.12/site-packages/airflow/example_dags/example_dynamic_task_mapping.py
[2024-06-18T02:39:49.451+0000] {processor.py:830} INFO - Processing file /home/airflow/.local/lib/python3.12/site-packages/airflow/example_dags/example_dynamic_task_mapping.py for tasks to queue
[2024-06-18T02:39:49.453+0000] {logging_mixin.py:188} INFO - [2024-06-18T02:39:49.452+0000] {dagbag.py:545} INFO - Filling up the DagBag from /home/airflow/.local/lib/python3.12/site-packages/airflow/example_dags/example_dynamic_task_mapping.py
[2024-06-18T02:39:49.463+0000] {processor.py:840} INFO - DAG(s) 'example_dynamic_task_mapping' retrieved from /home/airflow/.local/lib/python3.12/site-packages/airflow/example_dags/example_dynamic_task_mapping.py
[2024-06-18T02:39:49.493+0000] {logging_mixin.py:188} INFO - [2024-06-18T02:39:49.493+0000] {dag.py:3096} INFO - Sync 1 DAGs
[2024-06-18T02:39:49.522+0000] {logging_mixin.py:188} INFO - [2024-06-18T02:39:49.522+0000] {dag.py:3954} INFO - Setting next_dagrun for example_dynamic_task_mapping to 2022-03-04 00:00:00+00:00, run_after=2022-03-05 00:00:00+00:00
[2024-06-18T02:39:49.545+0000] {processor.py:183} INFO - Processing /home/airflow/.local/lib/python3.12/site-packages/airflow/example_dags/example_dynamic_task_mapping.py took 0.103 seconds
[2024-06-18T02:40:42.879+0000] {processor.py:161} INFO - Started process (PID=67288) to work on /home/airflow/.local/lib/python3.12/site-packages/airflow/example_dags/example_dynamic_task_mapping.py
[2024-06-18T02:40:42.880+0000] {processor.py:830} INFO - Processing file /home/airflow/.local/lib/python3.12/site-packages/airflow/example_dags/example_dynamic_task_mapping.py for tasks to queue
[2024-06-18T02:40:42.881+0000] {logging_mixin.py:188} INFO - [2024-06-18T02:40:42.881+0000] {dagbag.py:545} INFO - Filling up the DagBag from /home/airflow/.local/lib/python3.12/site-packages/airflow/example_dags/example_dynamic_task_mapping.py
[2024-06-18T02:40:42.896+0000] {processor.py:840} INFO - DAG(s) 'example_dynamic_task_mapping' retrieved from /home/airflow/.local/lib/python3.12/site-packages/airflow/example_dags/example_dynamic_task_mapping.py
[2024-06-18T02:40:42.928+0000] {logging_mixin.py:188} INFO - [2024-06-18T02:40:42.928+0000] {dag.py:3096} INFO - Sync 1 DAGs
[2024-06-18T02:40:42.969+0000] {logging_mixin.py:188} INFO - [2024-06-18T02:40:42.969+0000] {dag.py:3954} INFO - Setting next_dagrun for example_dynamic_task_mapping to 2022-03-04 00:00:00+00:00, run_after=2022-03-05 00:00:00+00:00
[2024-06-18T02:40:43.004+0000] {processor.py:183} INFO - Processing /home/airflow/.local/lib/python3.12/site-packages/airflow/example_dags/example_dynamic_task_mapping.py took 0.135 seconds
[2024-06-18T02:53:01.246+0000] {processor.py:161} INFO - Started process (PID=67342) to work on /home/airflow/.local/lib/python3.12/site-packages/airflow/example_dags/example_dynamic_task_mapping.py
[2024-06-18T02:53:01.252+0000] {processor.py:830} INFO - Processing file /home/airflow/.local/lib/python3.12/site-packages/airflow/example_dags/example_dynamic_task_mapping.py for tasks to queue
[2024-06-18T02:53:01.253+0000] {logging_mixin.py:188} INFO - [2024-06-18T02:53:01.252+0000] {dagbag.py:545} INFO - Filling up the DagBag from /home/airflow/.local/lib/python3.12/site-packages/airflow/example_dags/example_dynamic_task_mapping.py
[2024-06-18T02:53:01.843+0000] {processor.py:840} INFO - DAG(s) 'example_dynamic_task_mapping' retrieved from /home/airflow/.local/lib/python3.12/site-packages/airflow/example_dags/example_dynamic_task_mapping.py
[2024-06-18T02:53:02.275+0000] {logging_mixin.py:188} INFO - [2024-06-18T02:53:02.275+0000] {dag.py:3096} INFO - Sync 1 DAGs
[2024-06-18T02:53:02.993+0000] {logging_mixin.py:188} INFO - [2024-06-18T02:53:02.993+0000] {dag.py:3954} INFO - Setting next_dagrun for example_dynamic_task_mapping to 2022-03-04 00:00:00+00:00, run_after=2022-03-05 00:00:00+00:00
[2024-06-18T02:53:03.106+0000] {processor.py:183} INFO - Processing /home/airflow/.local/lib/python3.12/site-packages/airflow/example_dags/example_dynamic_task_mapping.py took 1.901 seconds
[2024-06-18T02:53:33.424+0000] {processor.py:161} INFO - Started process (PID=67394) to work on /home/airflow/.local/lib/python3.12/site-packages/airflow/example_dags/example_dynamic_task_mapping.py
[2024-06-18T02:53:33.425+0000] {processor.py:830} INFO - Processing file /home/airflow/.local/lib/python3.12/site-packages/airflow/example_dags/example_dynamic_task_mapping.py for tasks to queue
[2024-06-18T02:53:33.425+0000] {logging_mixin.py:188} INFO - [2024-06-18T02:53:33.425+0000] {dagbag.py:545} INFO - Filling up the DagBag from /home/airflow/.local/lib/python3.12/site-packages/airflow/example_dags/example_dynamic_task_mapping.py
[2024-06-18T02:53:33.435+0000] {processor.py:840} INFO - DAG(s) 'example_dynamic_task_mapping' retrieved from /home/airflow/.local/lib/python3.12/site-packages/airflow/example_dags/example_dynamic_task_mapping.py
[2024-06-18T02:53:33.465+0000] {logging_mixin.py:188} INFO - [2024-06-18T02:53:33.464+0000] {dag.py:3096} INFO - Sync 1 DAGs
[2024-06-18T02:53:33.500+0000] {logging_mixin.py:188} INFO - [2024-06-18T02:53:33.500+0000] {dag.py:3954} INFO - Setting next_dagrun for example_dynamic_task_mapping to 2022-03-04 00:00:00+00:00, run_after=2022-03-05 00:00:00+00:00
[2024-06-18T02:53:33.524+0000] {processor.py:183} INFO - Processing /home/airflow/.local/lib/python3.12/site-packages/airflow/example_dags/example_dynamic_task_mapping.py took 0.110 seconds
[2024-06-18T02:54:03.974+0000] {processor.py:161} INFO - Started process (PID=67452) to work on /home/airflow/.local/lib/python3.12/site-packages/airflow/example_dags/example_dynamic_task_mapping.py
[2024-06-18T02:54:03.978+0000] {processor.py:830} INFO - Processing file /home/airflow/.local/lib/python3.12/site-packages/airflow/example_dags/example_dynamic_task_mapping.py for tasks to queue
[2024-06-18T02:54:03.979+0000] {logging_mixin.py:188} INFO - [2024-06-18T02:54:03.979+0000] {dagbag.py:545} INFO - Filling up the DagBag from /home/airflow/.local/lib/python3.12/site-packages/airflow/example_dags/example_dynamic_task_mapping.py
[2024-06-18T02:54:03.990+0000] {processor.py:840} INFO - DAG(s) 'example_dynamic_task_mapping' retrieved from /home/airflow/.local/lib/python3.12/site-packages/airflow/example_dags/example_dynamic_task_mapping.py
[2024-06-18T02:54:04.013+0000] {logging_mixin.py:188} INFO - [2024-06-18T02:54:04.012+0000] {dag.py:3096} INFO - Sync 1 DAGs
[2024-06-18T02:54:04.039+0000] {logging_mixin.py:188} INFO - [2024-06-18T02:54:04.038+0000] {dag.py:3954} INFO - Setting next_dagrun for example_dynamic_task_mapping to 2022-03-04 00:00:00+00:00, run_after=2022-03-05 00:00:00+00:00
[2024-06-18T02:54:04.060+0000] {processor.py:183} INFO - Processing /home/airflow/.local/lib/python3.12/site-packages/airflow/example_dags/example_dynamic_task_mapping.py took 0.093 seconds
[2024-06-18T02:54:34.160+0000] {processor.py:161} INFO - Started process (PID=67509) to work on /home/airflow/.local/lib/python3.12/site-packages/airflow/example_dags/example_dynamic_task_mapping.py
[2024-06-18T02:54:34.161+0000] {processor.py:830} INFO - Processing file /home/airflow/.local/lib/python3.12/site-packages/airflow/example_dags/example_dynamic_task_mapping.py for tasks to queue
[2024-06-18T02:54:34.162+0000] {logging_mixin.py:188} INFO - [2024-06-18T02:54:34.161+0000] {dagbag.py:545} INFO - Filling up the DagBag from /home/airflow/.local/lib/python3.12/site-packages/airflow/example_dags/example_dynamic_task_mapping.py
[2024-06-18T02:54:34.169+0000] {processor.py:840} INFO - DAG(s) 'example_dynamic_task_mapping' retrieved from /home/airflow/.local/lib/python3.12/site-packages/airflow/example_dags/example_dynamic_task_mapping.py
[2024-06-18T02:54:34.189+0000] {logging_mixin.py:188} INFO - [2024-06-18T02:54:34.189+0000] {dag.py:3096} INFO - Sync 1 DAGs
[2024-06-18T02:54:34.210+0000] {logging_mixin.py:188} INFO - [2024-06-18T02:54:34.210+0000] {dag.py:3954} INFO - Setting next_dagrun for example_dynamic_task_mapping to 2022-03-04 00:00:00+00:00, run_after=2022-03-05 00:00:00+00:00
[2024-06-18T02:54:34.228+0000] {processor.py:183} INFO - Processing /home/airflow/.local/lib/python3.12/site-packages/airflow/example_dags/example_dynamic_task_mapping.py took 0.074 seconds
[2024-06-18T02:55:04.487+0000] {processor.py:161} INFO - Started process (PID=67567) to work on /home/airflow/.local/lib/python3.12/site-packages/airflow/example_dags/example_dynamic_task_mapping.py
[2024-06-18T02:55:04.488+0000] {processor.py:830} INFO - Processing file /home/airflow/.local/lib/python3.12/site-packages/airflow/example_dags/example_dynamic_task_mapping.py for tasks to queue
[2024-06-18T02:55:04.490+0000] {logging_mixin.py:188} INFO - [2024-06-18T02:55:04.489+0000] {dagbag.py:545} INFO - Filling up the DagBag from /home/airflow/.local/lib/python3.12/site-packages/airflow/example_dags/example_dynamic_task_mapping.py
[2024-06-18T02:55:04.500+0000] {processor.py:840} INFO - DAG(s) 'example_dynamic_task_mapping' retrieved from /home/airflow/.local/lib/python3.12/site-packages/airflow/example_dags/example_dynamic_task_mapping.py
[2024-06-18T02:55:04.525+0000] {logging_mixin.py:188} INFO - [2024-06-18T02:55:04.525+0000] {dag.py:3096} INFO - Sync 1 DAGs
[2024-06-18T02:55:04.550+0000] {logging_mixin.py:188} INFO - [2024-06-18T02:55:04.550+0000] {dag.py:3954} INFO - Setting next_dagrun for example_dynamic_task_mapping to 2022-03-04 00:00:00+00:00, run_after=2022-03-05 00:00:00+00:00
[2024-06-18T02:55:04.576+0000] {processor.py:183} INFO - Processing /home/airflow/.local/lib/python3.12/site-packages/airflow/example_dags/example_dynamic_task_mapping.py took 0.097 seconds
[2024-06-18T02:55:34.711+0000] {processor.py:161} INFO - Started process (PID=67625) to work on /home/airflow/.local/lib/python3.12/site-packages/airflow/example_dags/example_dynamic_task_mapping.py
[2024-06-18T02:55:34.713+0000] {processor.py:830} INFO - Processing file /home/airflow/.local/lib/python3.12/site-packages/airflow/example_dags/example_dynamic_task_mapping.py for tasks to queue
[2024-06-18T02:55:34.714+0000] {logging_mixin.py:188} INFO - [2024-06-18T02:55:34.713+0000] {dagbag.py:545} INFO - Filling up the DagBag from /home/airflow/.local/lib/python3.12/site-packages/airflow/example_dags/example_dynamic_task_mapping.py
[2024-06-18T02:55:34.722+0000] {processor.py:840} INFO - DAG(s) 'example_dynamic_task_mapping' retrieved from /home/airflow/.local/lib/python3.12/site-packages/airflow/example_dags/example_dynamic_task_mapping.py
[2024-06-18T02:55:34.742+0000] {logging_mixin.py:188} INFO - [2024-06-18T02:55:34.742+0000] {dag.py:3096} INFO - Sync 1 DAGs
[2024-06-18T02:55:34.765+0000] {logging_mixin.py:188} INFO - [2024-06-18T02:55:34.765+0000] {dag.py:3954} INFO - Setting next_dagrun for example_dynamic_task_mapping to 2022-03-04 00:00:00+00:00, run_after=2022-03-05 00:00:00+00:00
[2024-06-18T02:55:34.788+0000] {processor.py:183} INFO - Processing /home/airflow/.local/lib/python3.12/site-packages/airflow/example_dags/example_dynamic_task_mapping.py took 0.083 seconds
[2024-06-18T02:56:04.877+0000] {processor.py:161} INFO - Started process (PID=67683) to work on /home/airflow/.local/lib/python3.12/site-packages/airflow/example_dags/example_dynamic_task_mapping.py
[2024-06-18T02:56:04.879+0000] {processor.py:830} INFO - Processing file /home/airflow/.local/lib/python3.12/site-packages/airflow/example_dags/example_dynamic_task_mapping.py for tasks to queue
[2024-06-18T02:56:04.880+0000] {logging_mixin.py:188} INFO - [2024-06-18T02:56:04.880+0000] {dagbag.py:545} INFO - Filling up the DagBag from /home/airflow/.local/lib/python3.12/site-packages/airflow/example_dags/example_dynamic_task_mapping.py
[2024-06-18T02:56:04.890+0000] {processor.py:840} INFO - DAG(s) 'example_dynamic_task_mapping' retrieved from /home/airflow/.local/lib/python3.12/site-packages/airflow/example_dags/example_dynamic_task_mapping.py
[2024-06-18T02:56:04.916+0000] {logging_mixin.py:188} INFO - [2024-06-18T02:56:04.915+0000] {dag.py:3096} INFO - Sync 1 DAGs
[2024-06-18T02:56:04.944+0000] {logging_mixin.py:188} INFO - [2024-06-18T02:56:04.944+0000] {dag.py:3954} INFO - Setting next_dagrun for example_dynamic_task_mapping to 2022-03-04 00:00:00+00:00, run_after=2022-03-05 00:00:00+00:00
[2024-06-18T02:56:04.968+0000] {processor.py:183} INFO - Processing /home/airflow/.local/lib/python3.12/site-packages/airflow/example_dags/example_dynamic_task_mapping.py took 0.099 seconds
[2024-06-18T02:56:35.415+0000] {processor.py:161} INFO - Started process (PID=67741) to work on /home/airflow/.local/lib/python3.12/site-packages/airflow/example_dags/example_dynamic_task_mapping.py
[2024-06-18T02:56:35.425+0000] {processor.py:830} INFO - Processing file /home/airflow/.local/lib/python3.12/site-packages/airflow/example_dags/example_dynamic_task_mapping.py for tasks to queue
[2024-06-18T02:56:35.445+0000] {logging_mixin.py:188} INFO - [2024-06-18T02:56:35.427+0000] {dagbag.py:545} INFO - Filling up the DagBag from /home/airflow/.local/lib/python3.12/site-packages/airflow/example_dags/example_dynamic_task_mapping.py
[2024-06-18T02:56:35.828+0000] {processor.py:840} INFO - DAG(s) 'example_dynamic_task_mapping' retrieved from /home/airflow/.local/lib/python3.12/site-packages/airflow/example_dags/example_dynamic_task_mapping.py
[2024-06-18T02:56:35.987+0000] {logging_mixin.py:188} INFO - [2024-06-18T02:56:35.986+0000] {dag.py:3096} INFO - Sync 1 DAGs
