[2024-06-18T02:21:44.453+0000] {processor.py:161} INFO - Started process (PID=65208) to work on /home/airflow/.local/lib/python3.12/site-packages/airflow/example_dags/example_complex.py
[2024-06-18T02:21:44.454+0000] {processor.py:830} INFO - Processing file /home/airflow/.local/lib/python3.12/site-packages/airflow/example_dags/example_complex.py for tasks to queue
[2024-06-18T02:21:44.455+0000] {logging_mixin.py:188} INFO - [2024-06-18T02:21:44.455+0000] {dagbag.py:545} INFO - Filling up the DagBag from /home/airflow/.local/lib/python3.12/site-packages/airflow/example_dags/example_complex.py
[2024-06-18T02:21:44.472+0000] {processor.py:840} INFO - DAG(s) 'example_complex' retrieved from /home/airflow/.local/lib/python3.12/site-packages/airflow/example_dags/example_complex.py
[2024-06-18T02:21:44.516+0000] {logging_mixin.py:188} INFO - [2024-06-18T02:21:44.515+0000] {dag.py:3096} INFO - Sync 1 DAGs
[2024-06-18T02:21:44.539+0000] {logging_mixin.py:188} INFO - [2024-06-18T02:21:44.539+0000] {dag.py:3954} INFO - Setting next_dagrun for example_complex to None, run_after=None
[2024-06-18T02:21:44.573+0000] {processor.py:183} INFO - Processing /home/airflow/.local/lib/python3.12/site-packages/airflow/example_dags/example_complex.py took 0.129 seconds
[2024-06-18T02:22:15.673+0000] {processor.py:161} INFO - Started process (PID=65266) to work on /home/airflow/.local/lib/python3.12/site-packages/airflow/example_dags/example_complex.py
[2024-06-18T02:22:15.674+0000] {processor.py:830} INFO - Processing file /home/airflow/.local/lib/python3.12/site-packages/airflow/example_dags/example_complex.py for tasks to queue
[2024-06-18T02:22:15.675+0000] {logging_mixin.py:188} INFO - [2024-06-18T02:22:15.675+0000] {dagbag.py:545} INFO - Filling up the DagBag from /home/airflow/.local/lib/python3.12/site-packages/airflow/example_dags/example_complex.py
[2024-06-18T02:22:15.693+0000] {processor.py:840} INFO - DAG(s) 'example_complex' retrieved from /home/airflow/.local/lib/python3.12/site-packages/airflow/example_dags/example_complex.py
[2024-06-18T02:22:15.742+0000] {logging_mixin.py:188} INFO - [2024-06-18T02:22:15.742+0000] {dag.py:3096} INFO - Sync 1 DAGs
[2024-06-18T02:22:15.764+0000] {logging_mixin.py:188} INFO - [2024-06-18T02:22:15.764+0000] {dag.py:3954} INFO - Setting next_dagrun for example_complex to None, run_after=None
[2024-06-18T02:22:15.793+0000] {processor.py:183} INFO - Processing /home/airflow/.local/lib/python3.12/site-packages/airflow/example_dags/example_complex.py took 0.129 seconds
[2024-06-18T02:22:46.453+0000] {processor.py:161} INFO - Started process (PID=65324) to work on /home/airflow/.local/lib/python3.12/site-packages/airflow/example_dags/example_complex.py
[2024-06-18T02:22:46.455+0000] {processor.py:830} INFO - Processing file /home/airflow/.local/lib/python3.12/site-packages/airflow/example_dags/example_complex.py for tasks to queue
[2024-06-18T02:22:46.455+0000] {logging_mixin.py:188} INFO - [2024-06-18T02:22:46.455+0000] {dagbag.py:545} INFO - Filling up the DagBag from /home/airflow/.local/lib/python3.12/site-packages/airflow/example_dags/example_complex.py
[2024-06-18T02:22:46.466+0000] {processor.py:840} INFO - DAG(s) 'example_complex' retrieved from /home/airflow/.local/lib/python3.12/site-packages/airflow/example_dags/example_complex.py
[2024-06-18T02:22:46.504+0000] {logging_mixin.py:188} INFO - [2024-06-18T02:22:46.503+0000] {dag.py:3096} INFO - Sync 1 DAGs
[2024-06-18T02:22:46.517+0000] {logging_mixin.py:188} INFO - [2024-06-18T02:22:46.517+0000] {dag.py:3954} INFO - Setting next_dagrun for example_complex to None, run_after=None
[2024-06-18T02:22:46.539+0000] {processor.py:183} INFO - Processing /home/airflow/.local/lib/python3.12/site-packages/airflow/example_dags/example_complex.py took 0.092 seconds
[2024-06-18T02:23:17.037+0000] {processor.py:161} INFO - Started process (PID=65383) to work on /home/airflow/.local/lib/python3.12/site-packages/airflow/example_dags/example_complex.py
[2024-06-18T02:23:17.038+0000] {processor.py:830} INFO - Processing file /home/airflow/.local/lib/python3.12/site-packages/airflow/example_dags/example_complex.py for tasks to queue
[2024-06-18T02:23:17.039+0000] {logging_mixin.py:188} INFO - [2024-06-18T02:23:17.039+0000] {dagbag.py:545} INFO - Filling up the DagBag from /home/airflow/.local/lib/python3.12/site-packages/airflow/example_dags/example_complex.py
[2024-06-18T02:23:17.057+0000] {processor.py:840} INFO - DAG(s) 'example_complex' retrieved from /home/airflow/.local/lib/python3.12/site-packages/airflow/example_dags/example_complex.py
[2024-06-18T02:23:17.101+0000] {logging_mixin.py:188} INFO - [2024-06-18T02:23:17.100+0000] {dag.py:3096} INFO - Sync 1 DAGs
[2024-06-18T02:23:17.114+0000] {logging_mixin.py:188} INFO - [2024-06-18T02:23:17.113+0000] {dag.py:3954} INFO - Setting next_dagrun for example_complex to None, run_after=None
[2024-06-18T02:23:17.140+0000] {processor.py:183} INFO - Processing /home/airflow/.local/lib/python3.12/site-packages/airflow/example_dags/example_complex.py took 0.113 seconds
[2024-06-18T02:23:47.569+0000] {processor.py:161} INFO - Started process (PID=65441) to work on /home/airflow/.local/lib/python3.12/site-packages/airflow/example_dags/example_complex.py
[2024-06-18T02:23:47.570+0000] {processor.py:830} INFO - Processing file /home/airflow/.local/lib/python3.12/site-packages/airflow/example_dags/example_complex.py for tasks to queue
[2024-06-18T02:23:47.571+0000] {logging_mixin.py:188} INFO - [2024-06-18T02:23:47.571+0000] {dagbag.py:545} INFO - Filling up the DagBag from /home/airflow/.local/lib/python3.12/site-packages/airflow/example_dags/example_complex.py
[2024-06-18T02:23:47.583+0000] {processor.py:840} INFO - DAG(s) 'example_complex' retrieved from /home/airflow/.local/lib/python3.12/site-packages/airflow/example_dags/example_complex.py
[2024-06-18T02:23:47.623+0000] {logging_mixin.py:188} INFO - [2024-06-18T02:23:47.623+0000] {dag.py:3096} INFO - Sync 1 DAGs
[2024-06-18T02:23:47.636+0000] {logging_mixin.py:188} INFO - [2024-06-18T02:23:47.636+0000] {dag.py:3954} INFO - Setting next_dagrun for example_complex to None, run_after=None
[2024-06-18T02:23:47.658+0000] {processor.py:183} INFO - Processing /home/airflow/.local/lib/python3.12/site-packages/airflow/example_dags/example_complex.py took 0.096 seconds
[2024-06-18T02:24:18.639+0000] {processor.py:161} INFO - Started process (PID=65499) to work on /home/airflow/.local/lib/python3.12/site-packages/airflow/example_dags/example_complex.py
[2024-06-18T02:24:18.641+0000] {processor.py:830} INFO - Processing file /home/airflow/.local/lib/python3.12/site-packages/airflow/example_dags/example_complex.py for tasks to queue
[2024-06-18T02:24:18.642+0000] {logging_mixin.py:188} INFO - [2024-06-18T02:24:18.642+0000] {dagbag.py:545} INFO - Filling up the DagBag from /home/airflow/.local/lib/python3.12/site-packages/airflow/example_dags/example_complex.py
[2024-06-18T02:24:18.669+0000] {processor.py:840} INFO - DAG(s) 'example_complex' retrieved from /home/airflow/.local/lib/python3.12/site-packages/airflow/example_dags/example_complex.py
[2024-06-18T02:24:18.740+0000] {logging_mixin.py:188} INFO - [2024-06-18T02:24:18.739+0000] {dag.py:3096} INFO - Sync 1 DAGs
[2024-06-18T02:24:18.760+0000] {logging_mixin.py:188} INFO - [2024-06-18T02:24:18.760+0000] {dag.py:3954} INFO - Setting next_dagrun for example_complex to None, run_after=None
[2024-06-18T02:24:18.787+0000] {processor.py:183} INFO - Processing /home/airflow/.local/lib/python3.12/site-packages/airflow/example_dags/example_complex.py took 0.162 seconds
[2024-06-18T02:24:49.665+0000] {processor.py:161} INFO - Started process (PID=65557) to work on /home/airflow/.local/lib/python3.12/site-packages/airflow/example_dags/example_complex.py
[2024-06-18T02:24:49.666+0000] {processor.py:830} INFO - Processing file /home/airflow/.local/lib/python3.12/site-packages/airflow/example_dags/example_complex.py for tasks to queue
[2024-06-18T02:24:49.667+0000] {logging_mixin.py:188} INFO - [2024-06-18T02:24:49.667+0000] {dagbag.py:545} INFO - Filling up the DagBag from /home/airflow/.local/lib/python3.12/site-packages/airflow/example_dags/example_complex.py
[2024-06-18T02:24:49.704+0000] {processor.py:840} INFO - DAG(s) 'example_complex' retrieved from /home/airflow/.local/lib/python3.12/site-packages/airflow/example_dags/example_complex.py
[2024-06-18T02:24:49.821+0000] {logging_mixin.py:188} INFO - [2024-06-18T02:24:49.820+0000] {dag.py:3096} INFO - Sync 1 DAGs
[2024-06-18T02:24:49.860+0000] {logging_mixin.py:188} INFO - [2024-06-18T02:24:49.859+0000] {dag.py:3954} INFO - Setting next_dagrun for example_complex to None, run_after=None
[2024-06-18T02:24:49.905+0000] {processor.py:183} INFO - Processing /home/airflow/.local/lib/python3.12/site-packages/airflow/example_dags/example_complex.py took 0.259 seconds
[2024-06-18T02:25:20.017+0000] {processor.py:161} INFO - Started process (PID=65615) to work on /home/airflow/.local/lib/python3.12/site-packages/airflow/example_dags/example_complex.py
[2024-06-18T02:25:20.018+0000] {processor.py:830} INFO - Processing file /home/airflow/.local/lib/python3.12/site-packages/airflow/example_dags/example_complex.py for tasks to queue
[2024-06-18T02:25:20.019+0000] {logging_mixin.py:188} INFO - [2024-06-18T02:25:20.018+0000] {dagbag.py:545} INFO - Filling up the DagBag from /home/airflow/.local/lib/python3.12/site-packages/airflow/example_dags/example_complex.py
[2024-06-18T02:25:20.031+0000] {processor.py:840} INFO - DAG(s) 'example_complex' retrieved from /home/airflow/.local/lib/python3.12/site-packages/airflow/example_dags/example_complex.py
[2024-06-18T02:25:20.070+0000] {logging_mixin.py:188} INFO - [2024-06-18T02:25:20.070+0000] {dag.py:3096} INFO - Sync 1 DAGs
[2024-06-18T02:25:20.086+0000] {logging_mixin.py:188} INFO - [2024-06-18T02:25:20.086+0000] {dag.py:3954} INFO - Setting next_dagrun for example_complex to None, run_after=None
[2024-06-18T02:25:20.109+0000] {processor.py:183} INFO - Processing /home/airflow/.local/lib/python3.12/site-packages/airflow/example_dags/example_complex.py took 0.099 seconds
[2024-06-18T02:25:50.319+0000] {processor.py:161} INFO - Started process (PID=65673) to work on /home/airflow/.local/lib/python3.12/site-packages/airflow/example_dags/example_complex.py
[2024-06-18T02:25:50.321+0000] {processor.py:830} INFO - Processing file /home/airflow/.local/lib/python3.12/site-packages/airflow/example_dags/example_complex.py for tasks to queue
[2024-06-18T02:25:50.323+0000] {logging_mixin.py:188} INFO - [2024-06-18T02:25:50.322+0000] {dagbag.py:545} INFO - Filling up the DagBag from /home/airflow/.local/lib/python3.12/site-packages/airflow/example_dags/example_complex.py
[2024-06-18T02:25:50.339+0000] {processor.py:840} INFO - DAG(s) 'example_complex' retrieved from /home/airflow/.local/lib/python3.12/site-packages/airflow/example_dags/example_complex.py
[2024-06-18T02:25:50.413+0000] {logging_mixin.py:188} INFO - [2024-06-18T02:25:50.413+0000] {dag.py:3096} INFO - Sync 1 DAGs
[2024-06-18T02:25:50.477+0000] {logging_mixin.py:188} INFO - [2024-06-18T02:25:50.476+0000] {dag.py:3954} INFO - Setting next_dagrun for example_complex to None, run_after=None
[2024-06-18T02:25:50.562+0000] {processor.py:183} INFO - Processing /home/airflow/.local/lib/python3.12/site-packages/airflow/example_dags/example_complex.py took 0.250 seconds
[2024-06-18T02:26:20.774+0000] {processor.py:161} INFO - Started process (PID=65731) to work on /home/airflow/.local/lib/python3.12/site-packages/airflow/example_dags/example_complex.py
[2024-06-18T02:26:20.776+0000] {processor.py:830} INFO - Processing file /home/airflow/.local/lib/python3.12/site-packages/airflow/example_dags/example_complex.py for tasks to queue
[2024-06-18T02:26:20.778+0000] {logging_mixin.py:188} INFO - [2024-06-18T02:26:20.777+0000] {dagbag.py:545} INFO - Filling up the DagBag from /home/airflow/.local/lib/python3.12/site-packages/airflow/example_dags/example_complex.py
[2024-06-18T02:26:20.797+0000] {processor.py:840} INFO - DAG(s) 'example_complex' retrieved from /home/airflow/.local/lib/python3.12/site-packages/airflow/example_dags/example_complex.py
[2024-06-18T02:26:20.846+0000] {logging_mixin.py:188} INFO - [2024-06-18T02:26:20.845+0000] {dag.py:3096} INFO - Sync 1 DAGs
[2024-06-18T02:26:20.869+0000] {logging_mixin.py:188} INFO - [2024-06-18T02:26:20.869+0000] {dag.py:3954} INFO - Setting next_dagrun for example_complex to None, run_after=None
[2024-06-18T02:26:20.907+0000] {processor.py:183} INFO - Processing /home/airflow/.local/lib/python3.12/site-packages/airflow/example_dags/example_complex.py took 0.140 seconds
[2024-06-18T02:26:51.299+0000] {processor.py:161} INFO - Started process (PID=65790) to work on /home/airflow/.local/lib/python3.12/site-packages/airflow/example_dags/example_complex.py
[2024-06-18T02:26:51.300+0000] {processor.py:830} INFO - Processing file /home/airflow/.local/lib/python3.12/site-packages/airflow/example_dags/example_complex.py for tasks to queue
[2024-06-18T02:26:51.301+0000] {logging_mixin.py:188} INFO - [2024-06-18T02:26:51.300+0000] {dagbag.py:545} INFO - Filling up the DagBag from /home/airflow/.local/lib/python3.12/site-packages/airflow/example_dags/example_complex.py
[2024-06-18T02:26:51.313+0000] {processor.py:840} INFO - DAG(s) 'example_complex' retrieved from /home/airflow/.local/lib/python3.12/site-packages/airflow/example_dags/example_complex.py
[2024-06-18T02:26:51.351+0000] {logging_mixin.py:188} INFO - [2024-06-18T02:26:51.350+0000] {dag.py:3096} INFO - Sync 1 DAGs
[2024-06-18T02:26:51.366+0000] {logging_mixin.py:188} INFO - [2024-06-18T02:26:51.366+0000] {dag.py:3954} INFO - Setting next_dagrun for example_complex to None, run_after=None
[2024-06-18T02:26:51.385+0000] {processor.py:183} INFO - Processing /home/airflow/.local/lib/python3.12/site-packages/airflow/example_dags/example_complex.py took 0.092 seconds
[2024-06-18T02:27:21.892+0000] {processor.py:161} INFO - Started process (PID=65848) to work on /home/airflow/.local/lib/python3.12/site-packages/airflow/example_dags/example_complex.py
[2024-06-18T02:27:21.893+0000] {processor.py:830} INFO - Processing file /home/airflow/.local/lib/python3.12/site-packages/airflow/example_dags/example_complex.py for tasks to queue
[2024-06-18T02:27:21.894+0000] {logging_mixin.py:188} INFO - [2024-06-18T02:27:21.894+0000] {dagbag.py:545} INFO - Filling up the DagBag from /home/airflow/.local/lib/python3.12/site-packages/airflow/example_dags/example_complex.py
[2024-06-18T02:27:21.911+0000] {processor.py:840} INFO - DAG(s) 'example_complex' retrieved from /home/airflow/.local/lib/python3.12/site-packages/airflow/example_dags/example_complex.py
[2024-06-18T02:27:21.951+0000] {logging_mixin.py:188} INFO - [2024-06-18T02:27:21.951+0000] {dag.py:3096} INFO - Sync 1 DAGs
[2024-06-18T02:27:21.968+0000] {logging_mixin.py:188} INFO - [2024-06-18T02:27:21.968+0000] {dag.py:3954} INFO - Setting next_dagrun for example_complex to None, run_after=None
[2024-06-18T02:27:21.998+0000] {processor.py:183} INFO - Processing /home/airflow/.local/lib/python3.12/site-packages/airflow/example_dags/example_complex.py took 0.116 seconds
[2024-06-18T02:27:52.182+0000] {processor.py:161} INFO - Started process (PID=65906) to work on /home/airflow/.local/lib/python3.12/site-packages/airflow/example_dags/example_complex.py
[2024-06-18T02:27:52.183+0000] {processor.py:830} INFO - Processing file /home/airflow/.local/lib/python3.12/site-packages/airflow/example_dags/example_complex.py for tasks to queue
[2024-06-18T02:27:52.184+0000] {logging_mixin.py:188} INFO - [2024-06-18T02:27:52.184+0000] {dagbag.py:545} INFO - Filling up the DagBag from /home/airflow/.local/lib/python3.12/site-packages/airflow/example_dags/example_complex.py
[2024-06-18T02:27:52.197+0000] {processor.py:840} INFO - DAG(s) 'example_complex' retrieved from /home/airflow/.local/lib/python3.12/site-packages/airflow/example_dags/example_complex.py
[2024-06-18T02:27:52.230+0000] {logging_mixin.py:188} INFO - [2024-06-18T02:27:52.230+0000] {dag.py:3096} INFO - Sync 1 DAGs
[2024-06-18T02:27:52.243+0000] {logging_mixin.py:188} INFO - [2024-06-18T02:27:52.243+0000] {dag.py:3954} INFO - Setting next_dagrun for example_complex to None, run_after=None
[2024-06-18T02:27:52.265+0000] {processor.py:183} INFO - Processing /home/airflow/.local/lib/python3.12/site-packages/airflow/example_dags/example_complex.py took 0.089 seconds
[2024-06-18T02:28:22.616+0000] {processor.py:161} INFO - Started process (PID=65964) to work on /home/airflow/.local/lib/python3.12/site-packages/airflow/example_dags/example_complex.py
[2024-06-18T02:28:22.617+0000] {processor.py:830} INFO - Processing file /home/airflow/.local/lib/python3.12/site-packages/airflow/example_dags/example_complex.py for tasks to queue
[2024-06-18T02:28:22.618+0000] {logging_mixin.py:188} INFO - [2024-06-18T02:28:22.618+0000] {dagbag.py:545} INFO - Filling up the DagBag from /home/airflow/.local/lib/python3.12/site-packages/airflow/example_dags/example_complex.py
[2024-06-18T02:28:22.630+0000] {processor.py:840} INFO - DAG(s) 'example_complex' retrieved from /home/airflow/.local/lib/python3.12/site-packages/airflow/example_dags/example_complex.py
[2024-06-18T02:28:22.667+0000] {logging_mixin.py:188} INFO - [2024-06-18T02:28:22.666+0000] {dag.py:3096} INFO - Sync 1 DAGs
[2024-06-18T02:28:22.683+0000] {logging_mixin.py:188} INFO - [2024-06-18T02:28:22.683+0000] {dag.py:3954} INFO - Setting next_dagrun for example_complex to None, run_after=None
[2024-06-18T02:28:22.705+0000] {processor.py:183} INFO - Processing /home/airflow/.local/lib/python3.12/site-packages/airflow/example_dags/example_complex.py took 0.094 seconds
[2024-06-18T02:28:52.934+0000] {processor.py:161} INFO - Started process (PID=66023) to work on /home/airflow/.local/lib/python3.12/site-packages/airflow/example_dags/example_complex.py
[2024-06-18T02:28:52.935+0000] {processor.py:830} INFO - Processing file /home/airflow/.local/lib/python3.12/site-packages/airflow/example_dags/example_complex.py for tasks to queue
[2024-06-18T02:28:52.936+0000] {logging_mixin.py:188} INFO - [2024-06-18T02:28:52.936+0000] {dagbag.py:545} INFO - Filling up the DagBag from /home/airflow/.local/lib/python3.12/site-packages/airflow/example_dags/example_complex.py
[2024-06-18T02:28:52.947+0000] {processor.py:840} INFO - DAG(s) 'example_complex' retrieved from /home/airflow/.local/lib/python3.12/site-packages/airflow/example_dags/example_complex.py
[2024-06-18T02:28:52.984+0000] {logging_mixin.py:188} INFO - [2024-06-18T02:28:52.984+0000] {dag.py:3096} INFO - Sync 1 DAGs
[2024-06-18T02:28:52.997+0000] {logging_mixin.py:188} INFO - [2024-06-18T02:28:52.997+0000] {dag.py:3954} INFO - Setting next_dagrun for example_complex to None, run_after=None
[2024-06-18T02:28:53.018+0000] {processor.py:183} INFO - Processing /home/airflow/.local/lib/python3.12/site-packages/airflow/example_dags/example_complex.py took 0.091 seconds
[2024-06-18T02:29:23.486+0000] {processor.py:161} INFO - Started process (PID=66081) to work on /home/airflow/.local/lib/python3.12/site-packages/airflow/example_dags/example_complex.py
[2024-06-18T02:29:23.488+0000] {processor.py:830} INFO - Processing file /home/airflow/.local/lib/python3.12/site-packages/airflow/example_dags/example_complex.py for tasks to queue
[2024-06-18T02:29:23.490+0000] {logging_mixin.py:188} INFO - [2024-06-18T02:29:23.490+0000] {dagbag.py:545} INFO - Filling up the DagBag from /home/airflow/.local/lib/python3.12/site-packages/airflow/example_dags/example_complex.py
[2024-06-18T02:29:23.501+0000] {processor.py:840} INFO - DAG(s) 'example_complex' retrieved from /home/airflow/.local/lib/python3.12/site-packages/airflow/example_dags/example_complex.py
[2024-06-18T02:29:23.547+0000] {logging_mixin.py:188} INFO - [2024-06-18T02:29:23.546+0000] {dag.py:3096} INFO - Sync 1 DAGs
[2024-06-18T02:29:23.565+0000] {logging_mixin.py:188} INFO - [2024-06-18T02:29:23.565+0000] {dag.py:3954} INFO - Setting next_dagrun for example_complex to None, run_after=None
[2024-06-18T02:29:23.593+0000] {processor.py:183} INFO - Processing /home/airflow/.local/lib/python3.12/site-packages/airflow/example_dags/example_complex.py took 0.116 seconds
[2024-06-18T02:29:54.483+0000] {processor.py:161} INFO - Started process (PID=66139) to work on /home/airflow/.local/lib/python3.12/site-packages/airflow/example_dags/example_complex.py
[2024-06-18T02:29:54.484+0000] {processor.py:830} INFO - Processing file /home/airflow/.local/lib/python3.12/site-packages/airflow/example_dags/example_complex.py for tasks to queue
[2024-06-18T02:29:54.485+0000] {logging_mixin.py:188} INFO - [2024-06-18T02:29:54.485+0000] {dagbag.py:545} INFO - Filling up the DagBag from /home/airflow/.local/lib/python3.12/site-packages/airflow/example_dags/example_complex.py
[2024-06-18T02:29:54.500+0000] {processor.py:840} INFO - DAG(s) 'example_complex' retrieved from /home/airflow/.local/lib/python3.12/site-packages/airflow/example_dags/example_complex.py
[2024-06-18T02:29:54.542+0000] {logging_mixin.py:188} INFO - [2024-06-18T02:29:54.542+0000] {dag.py:3096} INFO - Sync 1 DAGs
[2024-06-18T02:29:54.561+0000] {logging_mixin.py:188} INFO - [2024-06-18T02:29:54.560+0000] {dag.py:3954} INFO - Setting next_dagrun for example_complex to None, run_after=None
[2024-06-18T02:29:54.644+0000] {processor.py:183} INFO - Processing /home/airflow/.local/lib/python3.12/site-packages/airflow/example_dags/example_complex.py took 0.167 seconds
[2024-06-18T02:30:25.256+0000] {processor.py:161} INFO - Started process (PID=66197) to work on /home/airflow/.local/lib/python3.12/site-packages/airflow/example_dags/example_complex.py
[2024-06-18T02:30:25.259+0000] {processor.py:830} INFO - Processing file /home/airflow/.local/lib/python3.12/site-packages/airflow/example_dags/example_complex.py for tasks to queue
[2024-06-18T02:30:25.260+0000] {logging_mixin.py:188} INFO - [2024-06-18T02:30:25.260+0000] {dagbag.py:545} INFO - Filling up the DagBag from /home/airflow/.local/lib/python3.12/site-packages/airflow/example_dags/example_complex.py
[2024-06-18T02:30:25.279+0000] {processor.py:840} INFO - DAG(s) 'example_complex' retrieved from /home/airflow/.local/lib/python3.12/site-packages/airflow/example_dags/example_complex.py
[2024-06-18T02:30:25.329+0000] {logging_mixin.py:188} INFO - [2024-06-18T02:30:25.328+0000] {dag.py:3096} INFO - Sync 1 DAGs
[2024-06-18T02:30:25.349+0000] {logging_mixin.py:188} INFO - [2024-06-18T02:30:25.349+0000] {dag.py:3954} INFO - Setting next_dagrun for example_complex to None, run_after=None
[2024-06-18T02:30:25.379+0000] {processor.py:183} INFO - Processing /home/airflow/.local/lib/python3.12/site-packages/airflow/example_dags/example_complex.py took 0.136 seconds
[2024-06-18T02:30:55.691+0000] {processor.py:161} INFO - Started process (PID=66255) to work on /home/airflow/.local/lib/python3.12/site-packages/airflow/example_dags/example_complex.py
[2024-06-18T02:30:55.692+0000] {processor.py:830} INFO - Processing file /home/airflow/.local/lib/python3.12/site-packages/airflow/example_dags/example_complex.py for tasks to queue
[2024-06-18T02:30:55.693+0000] {logging_mixin.py:188} INFO - [2024-06-18T02:30:55.693+0000] {dagbag.py:545} INFO - Filling up the DagBag from /home/airflow/.local/lib/python3.12/site-packages/airflow/example_dags/example_complex.py
[2024-06-18T02:30:55.703+0000] {processor.py:840} INFO - DAG(s) 'example_complex' retrieved from /home/airflow/.local/lib/python3.12/site-packages/airflow/example_dags/example_complex.py
[2024-06-18T02:30:55.736+0000] {logging_mixin.py:188} INFO - [2024-06-18T02:30:55.736+0000] {dag.py:3096} INFO - Sync 1 DAGs
[2024-06-18T02:30:55.749+0000] {logging_mixin.py:188} INFO - [2024-06-18T02:30:55.748+0000] {dag.py:3954} INFO - Setting next_dagrun for example_complex to None, run_after=None
[2024-06-18T02:30:55.768+0000] {processor.py:183} INFO - Processing /home/airflow/.local/lib/python3.12/site-packages/airflow/example_dags/example_complex.py took 0.084 seconds
[2024-06-18T02:31:26.075+0000] {processor.py:161} INFO - Started process (PID=66313) to work on /home/airflow/.local/lib/python3.12/site-packages/airflow/example_dags/example_complex.py
[2024-06-18T02:31:26.076+0000] {processor.py:830} INFO - Processing file /home/airflow/.local/lib/python3.12/site-packages/airflow/example_dags/example_complex.py for tasks to queue
[2024-06-18T02:31:26.077+0000] {logging_mixin.py:188} INFO - [2024-06-18T02:31:26.077+0000] {dagbag.py:545} INFO - Filling up the DagBag from /home/airflow/.local/lib/python3.12/site-packages/airflow/example_dags/example_complex.py
[2024-06-18T02:31:26.089+0000] {processor.py:840} INFO - DAG(s) 'example_complex' retrieved from /home/airflow/.local/lib/python3.12/site-packages/airflow/example_dags/example_complex.py
[2024-06-18T02:31:26.132+0000] {logging_mixin.py:188} INFO - [2024-06-18T02:31:26.132+0000] {dag.py:3096} INFO - Sync 1 DAGs
[2024-06-18T02:31:26.146+0000] {logging_mixin.py:188} INFO - [2024-06-18T02:31:26.146+0000] {dag.py:3954} INFO - Setting next_dagrun for example_complex to None, run_after=None
[2024-06-18T02:31:26.165+0000] {processor.py:183} INFO - Processing /home/airflow/.local/lib/python3.12/site-packages/airflow/example_dags/example_complex.py took 0.096 seconds
[2024-06-18T02:31:56.671+0000] {processor.py:161} INFO - Started process (PID=66371) to work on /home/airflow/.local/lib/python3.12/site-packages/airflow/example_dags/example_complex.py
[2024-06-18T02:31:56.672+0000] {processor.py:830} INFO - Processing file /home/airflow/.local/lib/python3.12/site-packages/airflow/example_dags/example_complex.py for tasks to queue
[2024-06-18T02:31:56.673+0000] {logging_mixin.py:188} INFO - [2024-06-18T02:31:56.672+0000] {dagbag.py:545} INFO - Filling up the DagBag from /home/airflow/.local/lib/python3.12/site-packages/airflow/example_dags/example_complex.py
[2024-06-18T02:31:56.685+0000] {processor.py:840} INFO - DAG(s) 'example_complex' retrieved from /home/airflow/.local/lib/python3.12/site-packages/airflow/example_dags/example_complex.py
[2024-06-18T02:31:56.721+0000] {logging_mixin.py:188} INFO - [2024-06-18T02:31:56.721+0000] {dag.py:3096} INFO - Sync 1 DAGs
[2024-06-18T02:31:56.735+0000] {logging_mixin.py:188} INFO - [2024-06-18T02:31:56.735+0000] {dag.py:3954} INFO - Setting next_dagrun for example_complex to None, run_after=None
[2024-06-18T02:31:56.760+0000] {processor.py:183} INFO - Processing /home/airflow/.local/lib/python3.12/site-packages/airflow/example_dags/example_complex.py took 0.097 seconds
[2024-06-18T02:32:27.506+0000] {processor.py:161} INFO - Started process (PID=66429) to work on /home/airflow/.local/lib/python3.12/site-packages/airflow/example_dags/example_complex.py
[2024-06-18T02:32:27.508+0000] {processor.py:830} INFO - Processing file /home/airflow/.local/lib/python3.12/site-packages/airflow/example_dags/example_complex.py for tasks to queue
[2024-06-18T02:32:27.509+0000] {logging_mixin.py:188} INFO - [2024-06-18T02:32:27.508+0000] {dagbag.py:545} INFO - Filling up the DagBag from /home/airflow/.local/lib/python3.12/site-packages/airflow/example_dags/example_complex.py
[2024-06-18T02:32:27.523+0000] {processor.py:840} INFO - DAG(s) 'example_complex' retrieved from /home/airflow/.local/lib/python3.12/site-packages/airflow/example_dags/example_complex.py
[2024-06-18T02:32:27.564+0000] {logging_mixin.py:188} INFO - [2024-06-18T02:32:27.564+0000] {dag.py:3096} INFO - Sync 1 DAGs
[2024-06-18T02:32:27.580+0000] {logging_mixin.py:188} INFO - [2024-06-18T02:32:27.580+0000] {dag.py:3954} INFO - Setting next_dagrun for example_complex to None, run_after=None
[2024-06-18T02:32:27.606+0000] {processor.py:183} INFO - Processing /home/airflow/.local/lib/python3.12/site-packages/airflow/example_dags/example_complex.py took 0.107 seconds
[2024-06-18T02:32:58.128+0000] {processor.py:161} INFO - Started process (PID=66487) to work on /home/airflow/.local/lib/python3.12/site-packages/airflow/example_dags/example_complex.py
[2024-06-18T02:32:58.130+0000] {processor.py:830} INFO - Processing file /home/airflow/.local/lib/python3.12/site-packages/airflow/example_dags/example_complex.py for tasks to queue
[2024-06-18T02:32:58.131+0000] {logging_mixin.py:188} INFO - [2024-06-18T02:32:58.130+0000] {dagbag.py:545} INFO - Filling up the DagBag from /home/airflow/.local/lib/python3.12/site-packages/airflow/example_dags/example_complex.py
[2024-06-18T02:32:58.142+0000] {processor.py:840} INFO - DAG(s) 'example_complex' retrieved from /home/airflow/.local/lib/python3.12/site-packages/airflow/example_dags/example_complex.py
[2024-06-18T02:32:58.174+0000] {logging_mixin.py:188} INFO - [2024-06-18T02:32:58.173+0000] {dag.py:3096} INFO - Sync 1 DAGs
[2024-06-18T02:32:58.186+0000] {logging_mixin.py:188} INFO - [2024-06-18T02:32:58.186+0000] {dag.py:3954} INFO - Setting next_dagrun for example_complex to None, run_after=None
[2024-06-18T02:32:58.205+0000] {processor.py:183} INFO - Processing /home/airflow/.local/lib/python3.12/site-packages/airflow/example_dags/example_complex.py took 0.084 seconds
[2024-06-18T02:33:28.691+0000] {processor.py:161} INFO - Started process (PID=66545) to work on /home/airflow/.local/lib/python3.12/site-packages/airflow/example_dags/example_complex.py
[2024-06-18T02:33:28.693+0000] {processor.py:830} INFO - Processing file /home/airflow/.local/lib/python3.12/site-packages/airflow/example_dags/example_complex.py for tasks to queue
[2024-06-18T02:33:28.694+0000] {logging_mixin.py:188} INFO - [2024-06-18T02:33:28.694+0000] {dagbag.py:545} INFO - Filling up the DagBag from /home/airflow/.local/lib/python3.12/site-packages/airflow/example_dags/example_complex.py
[2024-06-18T02:33:28.715+0000] {processor.py:840} INFO - DAG(s) 'example_complex' retrieved from /home/airflow/.local/lib/python3.12/site-packages/airflow/example_dags/example_complex.py
[2024-06-18T02:33:28.779+0000] {logging_mixin.py:188} INFO - [2024-06-18T02:33:28.778+0000] {dag.py:3096} INFO - Sync 1 DAGs
[2024-06-18T02:33:28.870+0000] {logging_mixin.py:188} INFO - [2024-06-18T02:33:28.868+0000] {dag.py:3954} INFO - Setting next_dagrun for example_complex to None, run_after=None
[2024-06-18T02:33:28.914+0000] {processor.py:183} INFO - Processing /home/airflow/.local/lib/python3.12/site-packages/airflow/example_dags/example_complex.py took 0.235 seconds
[2024-06-18T02:33:59.293+0000] {processor.py:161} INFO - Started process (PID=66603) to work on /home/airflow/.local/lib/python3.12/site-packages/airflow/example_dags/example_complex.py
[2024-06-18T02:33:59.294+0000] {processor.py:830} INFO - Processing file /home/airflow/.local/lib/python3.12/site-packages/airflow/example_dags/example_complex.py for tasks to queue
[2024-06-18T02:33:59.295+0000] {logging_mixin.py:188} INFO - [2024-06-18T02:33:59.295+0000] {dagbag.py:545} INFO - Filling up the DagBag from /home/airflow/.local/lib/python3.12/site-packages/airflow/example_dags/example_complex.py
[2024-06-18T02:33:59.306+0000] {processor.py:840} INFO - DAG(s) 'example_complex' retrieved from /home/airflow/.local/lib/python3.12/site-packages/airflow/example_dags/example_complex.py
[2024-06-18T02:33:59.350+0000] {logging_mixin.py:188} INFO - [2024-06-18T02:33:59.350+0000] {dag.py:3096} INFO - Sync 1 DAGs
[2024-06-18T02:33:59.365+0000] {logging_mixin.py:188} INFO - [2024-06-18T02:33:59.365+0000] {dag.py:3954} INFO - Setting next_dagrun for example_complex to None, run_after=None
[2024-06-18T02:33:59.391+0000] {processor.py:183} INFO - Processing /home/airflow/.local/lib/python3.12/site-packages/airflow/example_dags/example_complex.py took 0.107 seconds
[2024-06-18T02:34:29.796+0000] {processor.py:161} INFO - Started process (PID=66661) to work on /home/airflow/.local/lib/python3.12/site-packages/airflow/example_dags/example_complex.py
[2024-06-18T02:34:29.797+0000] {processor.py:830} INFO - Processing file /home/airflow/.local/lib/python3.12/site-packages/airflow/example_dags/example_complex.py for tasks to queue
[2024-06-18T02:34:29.798+0000] {logging_mixin.py:188} INFO - [2024-06-18T02:34:29.798+0000] {dagbag.py:545} INFO - Filling up the DagBag from /home/airflow/.local/lib/python3.12/site-packages/airflow/example_dags/example_complex.py
[2024-06-18T02:34:29.808+0000] {processor.py:840} INFO - DAG(s) 'example_complex' retrieved from /home/airflow/.local/lib/python3.12/site-packages/airflow/example_dags/example_complex.py
[2024-06-18T02:34:29.840+0000] {logging_mixin.py:188} INFO - [2024-06-18T02:34:29.840+0000] {dag.py:3096} INFO - Sync 1 DAGs
[2024-06-18T02:34:29.852+0000] {logging_mixin.py:188} INFO - [2024-06-18T02:34:29.852+0000] {dag.py:3954} INFO - Setting next_dagrun for example_complex to None, run_after=None
[2024-06-18T02:34:29.871+0000] {processor.py:183} INFO - Processing /home/airflow/.local/lib/python3.12/site-packages/airflow/example_dags/example_complex.py took 0.081 seconds
[2024-06-18T02:35:00.226+0000] {processor.py:161} INFO - Started process (PID=66719) to work on /home/airflow/.local/lib/python3.12/site-packages/airflow/example_dags/example_complex.py
[2024-06-18T02:35:00.227+0000] {processor.py:830} INFO - Processing file /home/airflow/.local/lib/python3.12/site-packages/airflow/example_dags/example_complex.py for tasks to queue
[2024-06-18T02:35:00.228+0000] {logging_mixin.py:188} INFO - [2024-06-18T02:35:00.228+0000] {dagbag.py:545} INFO - Filling up the DagBag from /home/airflow/.local/lib/python3.12/site-packages/airflow/example_dags/example_complex.py
[2024-06-18T02:35:00.240+0000] {processor.py:840} INFO - DAG(s) 'example_complex' retrieved from /home/airflow/.local/lib/python3.12/site-packages/airflow/example_dags/example_complex.py
[2024-06-18T02:35:00.277+0000] {logging_mixin.py:188} INFO - [2024-06-18T02:35:00.277+0000] {dag.py:3096} INFO - Sync 1 DAGs
[2024-06-18T02:35:00.295+0000] {logging_mixin.py:188} INFO - [2024-06-18T02:35:00.295+0000] {dag.py:3954} INFO - Setting next_dagrun for example_complex to None, run_after=None
[2024-06-18T02:35:00.318+0000] {processor.py:183} INFO - Processing /home/airflow/.local/lib/python3.12/site-packages/airflow/example_dags/example_complex.py took 0.098 seconds
[2024-06-18T02:35:30.599+0000] {processor.py:161} INFO - Started process (PID=66777) to work on /home/airflow/.local/lib/python3.12/site-packages/airflow/example_dags/example_complex.py
[2024-06-18T02:35:30.600+0000] {processor.py:830} INFO - Processing file /home/airflow/.local/lib/python3.12/site-packages/airflow/example_dags/example_complex.py for tasks to queue
[2024-06-18T02:35:30.601+0000] {logging_mixin.py:188} INFO - [2024-06-18T02:35:30.601+0000] {dagbag.py:545} INFO - Filling up the DagBag from /home/airflow/.local/lib/python3.12/site-packages/airflow/example_dags/example_complex.py
[2024-06-18T02:35:30.616+0000] {processor.py:840} INFO - DAG(s) 'example_complex' retrieved from /home/airflow/.local/lib/python3.12/site-packages/airflow/example_dags/example_complex.py
[2024-06-18T02:35:30.650+0000] {logging_mixin.py:188} INFO - [2024-06-18T02:35:30.650+0000] {dag.py:3096} INFO - Sync 1 DAGs
[2024-06-18T02:35:30.666+0000] {logging_mixin.py:188} INFO - [2024-06-18T02:35:30.666+0000] {dag.py:3954} INFO - Setting next_dagrun for example_complex to None, run_after=None
[2024-06-18T02:35:30.686+0000] {processor.py:183} INFO - Processing /home/airflow/.local/lib/python3.12/site-packages/airflow/example_dags/example_complex.py took 0.093 seconds
[2024-06-18T02:36:00.734+0000] {processor.py:161} INFO - Started process (PID=66835) to work on /home/airflow/.local/lib/python3.12/site-packages/airflow/example_dags/example_complex.py
[2024-06-18T02:36:00.735+0000] {processor.py:830} INFO - Processing file /home/airflow/.local/lib/python3.12/site-packages/airflow/example_dags/example_complex.py for tasks to queue
[2024-06-18T02:36:00.736+0000] {logging_mixin.py:188} INFO - [2024-06-18T02:36:00.735+0000] {dagbag.py:545} INFO - Filling up the DagBag from /home/airflow/.local/lib/python3.12/site-packages/airflow/example_dags/example_complex.py
[2024-06-18T02:36:00.748+0000] {processor.py:840} INFO - DAG(s) 'example_complex' retrieved from /home/airflow/.local/lib/python3.12/site-packages/airflow/example_dags/example_complex.py
[2024-06-18T02:36:00.790+0000] {logging_mixin.py:188} INFO - [2024-06-18T02:36:00.790+0000] {dag.py:3096} INFO - Sync 1 DAGs
[2024-06-18T02:36:00.807+0000] {logging_mixin.py:188} INFO - [2024-06-18T02:36:00.807+0000] {dag.py:3954} INFO - Setting next_dagrun for example_complex to None, run_after=None
[2024-06-18T02:36:00.831+0000] {processor.py:183} INFO - Processing /home/airflow/.local/lib/python3.12/site-packages/airflow/example_dags/example_complex.py took 0.103 seconds
[2024-06-18T02:36:30.860+0000] {processor.py:161} INFO - Started process (PID=66893) to work on /home/airflow/.local/lib/python3.12/site-packages/airflow/example_dags/example_complex.py
[2024-06-18T02:36:30.862+0000] {processor.py:830} INFO - Processing file /home/airflow/.local/lib/python3.12/site-packages/airflow/example_dags/example_complex.py for tasks to queue
[2024-06-18T02:36:30.863+0000] {logging_mixin.py:188} INFO - [2024-06-18T02:36:30.862+0000] {dagbag.py:545} INFO - Filling up the DagBag from /home/airflow/.local/lib/python3.12/site-packages/airflow/example_dags/example_complex.py
[2024-06-18T02:36:30.874+0000] {processor.py:840} INFO - DAG(s) 'example_complex' retrieved from /home/airflow/.local/lib/python3.12/site-packages/airflow/example_dags/example_complex.py
[2024-06-18T02:36:30.908+0000] {logging_mixin.py:188} INFO - [2024-06-18T02:36:30.908+0000] {dag.py:3096} INFO - Sync 1 DAGs
[2024-06-18T02:36:30.923+0000] {logging_mixin.py:188} INFO - [2024-06-18T02:36:30.922+0000] {dag.py:3954} INFO - Setting next_dagrun for example_complex to None, run_after=None
[2024-06-18T02:36:30.944+0000] {processor.py:183} INFO - Processing /home/airflow/.local/lib/python3.12/site-packages/airflow/example_dags/example_complex.py took 0.092 seconds
[2024-06-18T02:37:01.981+0000] {processor.py:161} INFO - Started process (PID=66951) to work on /home/airflow/.local/lib/python3.12/site-packages/airflow/example_dags/example_complex.py
[2024-06-18T02:37:01.982+0000] {processor.py:830} INFO - Processing file /home/airflow/.local/lib/python3.12/site-packages/airflow/example_dags/example_complex.py for tasks to queue
[2024-06-18T02:37:01.983+0000] {logging_mixin.py:188} INFO - [2024-06-18T02:37:01.983+0000] {dagbag.py:545} INFO - Filling up the DagBag from /home/airflow/.local/lib/python3.12/site-packages/airflow/example_dags/example_complex.py
[2024-06-18T02:37:01.995+0000] {processor.py:840} INFO - DAG(s) 'example_complex' retrieved from /home/airflow/.local/lib/python3.12/site-packages/airflow/example_dags/example_complex.py
[2024-06-18T02:37:02.029+0000] {logging_mixin.py:188} INFO - [2024-06-18T02:37:02.028+0000] {dag.py:3096} INFO - Sync 1 DAGs
[2024-06-18T02:37:02.044+0000] {logging_mixin.py:188} INFO - [2024-06-18T02:37:02.044+0000] {dag.py:3954} INFO - Setting next_dagrun for example_complex to None, run_after=None
[2024-06-18T02:37:02.066+0000] {processor.py:183} INFO - Processing /home/airflow/.local/lib/python3.12/site-packages/airflow/example_dags/example_complex.py took 0.092 seconds
[2024-06-18T02:37:32.971+0000] {processor.py:161} INFO - Started process (PID=67009) to work on /home/airflow/.local/lib/python3.12/site-packages/airflow/example_dags/example_complex.py
[2024-06-18T02:37:32.973+0000] {processor.py:830} INFO - Processing file /home/airflow/.local/lib/python3.12/site-packages/airflow/example_dags/example_complex.py for tasks to queue
[2024-06-18T02:37:32.975+0000] {logging_mixin.py:188} INFO - [2024-06-18T02:37:32.974+0000] {dagbag.py:545} INFO - Filling up the DagBag from /home/airflow/.local/lib/python3.12/site-packages/airflow/example_dags/example_complex.py
[2024-06-18T02:37:33.000+0000] {processor.py:840} INFO - DAG(s) 'example_complex' retrieved from /home/airflow/.local/lib/python3.12/site-packages/airflow/example_dags/example_complex.py
[2024-06-18T02:37:33.051+0000] {logging_mixin.py:188} INFO - [2024-06-18T02:37:33.051+0000] {dag.py:3096} INFO - Sync 1 DAGs
[2024-06-18T02:37:33.073+0000] {logging_mixin.py:188} INFO - [2024-06-18T02:37:33.073+0000] {dag.py:3954} INFO - Setting next_dagrun for example_complex to None, run_after=None
[2024-06-18T02:37:33.104+0000] {processor.py:183} INFO - Processing /home/airflow/.local/lib/python3.12/site-packages/airflow/example_dags/example_complex.py took 0.146 seconds
[2024-06-18T02:38:03.873+0000] {processor.py:161} INFO - Started process (PID=67067) to work on /home/airflow/.local/lib/python3.12/site-packages/airflow/example_dags/example_complex.py
[2024-06-18T02:38:03.874+0000] {processor.py:830} INFO - Processing file /home/airflow/.local/lib/python3.12/site-packages/airflow/example_dags/example_complex.py for tasks to queue
[2024-06-18T02:38:03.875+0000] {logging_mixin.py:188} INFO - [2024-06-18T02:38:03.875+0000] {dagbag.py:545} INFO - Filling up the DagBag from /home/airflow/.local/lib/python3.12/site-packages/airflow/example_dags/example_complex.py
[2024-06-18T02:38:03.885+0000] {processor.py:840} INFO - DAG(s) 'example_complex' retrieved from /home/airflow/.local/lib/python3.12/site-packages/airflow/example_dags/example_complex.py
[2024-06-18T02:38:03.916+0000] {logging_mixin.py:188} INFO - [2024-06-18T02:38:03.916+0000] {dag.py:3096} INFO - Sync 1 DAGs
[2024-06-18T02:38:03.929+0000] {logging_mixin.py:188} INFO - [2024-06-18T02:38:03.929+0000] {dag.py:3954} INFO - Setting next_dagrun for example_complex to None, run_after=None
[2024-06-18T02:38:03.947+0000] {processor.py:183} INFO - Processing /home/airflow/.local/lib/python3.12/site-packages/airflow/example_dags/example_complex.py took 0.080 seconds
[2024-06-18T02:38:34.178+0000] {processor.py:161} INFO - Started process (PID=67125) to work on /home/airflow/.local/lib/python3.12/site-packages/airflow/example_dags/example_complex.py
[2024-06-18T02:38:34.179+0000] {processor.py:830} INFO - Processing file /home/airflow/.local/lib/python3.12/site-packages/airflow/example_dags/example_complex.py for tasks to queue
[2024-06-18T02:38:34.180+0000] {logging_mixin.py:188} INFO - [2024-06-18T02:38:34.180+0000] {dagbag.py:545} INFO - Filling up the DagBag from /home/airflow/.local/lib/python3.12/site-packages/airflow/example_dags/example_complex.py
[2024-06-18T02:38:34.192+0000] {processor.py:840} INFO - DAG(s) 'example_complex' retrieved from /home/airflow/.local/lib/python3.12/site-packages/airflow/example_dags/example_complex.py
[2024-06-18T02:38:34.234+0000] {logging_mixin.py:188} INFO - [2024-06-18T02:38:34.234+0000] {dag.py:3096} INFO - Sync 1 DAGs
[2024-06-18T02:38:34.261+0000] {logging_mixin.py:188} INFO - [2024-06-18T02:38:34.260+0000] {dag.py:3954} INFO - Setting next_dagrun for example_complex to None, run_after=None
[2024-06-18T02:38:34.296+0000] {processor.py:183} INFO - Processing /home/airflow/.local/lib/python3.12/site-packages/airflow/example_dags/example_complex.py took 0.126 seconds
[2024-06-18T02:39:04.595+0000] {processor.py:161} INFO - Started process (PID=67183) to work on /home/airflow/.local/lib/python3.12/site-packages/airflow/example_dags/example_complex.py
[2024-06-18T02:39:04.597+0000] {processor.py:830} INFO - Processing file /home/airflow/.local/lib/python3.12/site-packages/airflow/example_dags/example_complex.py for tasks to queue
[2024-06-18T02:39:04.598+0000] {logging_mixin.py:188} INFO - [2024-06-18T02:39:04.597+0000] {dagbag.py:545} INFO - Filling up the DagBag from /home/airflow/.local/lib/python3.12/site-packages/airflow/example_dags/example_complex.py
[2024-06-18T02:39:04.611+0000] {processor.py:840} INFO - DAG(s) 'example_complex' retrieved from /home/airflow/.local/lib/python3.12/site-packages/airflow/example_dags/example_complex.py
[2024-06-18T02:39:04.649+0000] {logging_mixin.py:188} INFO - [2024-06-18T02:39:04.649+0000] {dag.py:3096} INFO - Sync 1 DAGs
[2024-06-18T02:39:04.666+0000] {logging_mixin.py:188} INFO - [2024-06-18T02:39:04.665+0000] {dag.py:3954} INFO - Setting next_dagrun for example_complex to None, run_after=None
[2024-06-18T02:39:04.689+0000] {processor.py:183} INFO - Processing /home/airflow/.local/lib/python3.12/site-packages/airflow/example_dags/example_complex.py took 0.099 seconds
[2024-06-18T02:39:35.502+0000] {processor.py:161} INFO - Started process (PID=67242) to work on /home/airflow/.local/lib/python3.12/site-packages/airflow/example_dags/example_complex.py
[2024-06-18T02:39:35.504+0000] {processor.py:830} INFO - Processing file /home/airflow/.local/lib/python3.12/site-packages/airflow/example_dags/example_complex.py for tasks to queue
[2024-06-18T02:39:35.505+0000] {logging_mixin.py:188} INFO - [2024-06-18T02:39:35.504+0000] {dagbag.py:545} INFO - Filling up the DagBag from /home/airflow/.local/lib/python3.12/site-packages/airflow/example_dags/example_complex.py
[2024-06-18T02:39:35.519+0000] {processor.py:840} INFO - DAG(s) 'example_complex' retrieved from /home/airflow/.local/lib/python3.12/site-packages/airflow/example_dags/example_complex.py
[2024-06-18T02:39:35.560+0000] {logging_mixin.py:188} INFO - [2024-06-18T02:39:35.560+0000] {dag.py:3096} INFO - Sync 1 DAGs
[2024-06-18T02:39:35.577+0000] {logging_mixin.py:188} INFO - [2024-06-18T02:39:35.577+0000] {dag.py:3954} INFO - Setting next_dagrun for example_complex to None, run_after=None
[2024-06-18T02:39:35.600+0000] {processor.py:183} INFO - Processing /home/airflow/.local/lib/python3.12/site-packages/airflow/example_dags/example_complex.py took 0.105 seconds
[2024-06-18T02:52:52.760+0000] {processor.py:161} INFO - Started process (PID=67311) to work on /home/airflow/.local/lib/python3.12/site-packages/airflow/example_dags/example_complex.py
[2024-06-18T02:52:52.763+0000] {processor.py:830} INFO - Processing file /home/airflow/.local/lib/python3.12/site-packages/airflow/example_dags/example_complex.py for tasks to queue
[2024-06-18T02:52:52.763+0000] {logging_mixin.py:188} INFO - [2024-06-18T02:52:52.763+0000] {dagbag.py:545} INFO - Filling up the DagBag from /home/airflow/.local/lib/python3.12/site-packages/airflow/example_dags/example_complex.py
[2024-06-18T02:52:52.778+0000] {processor.py:840} INFO - DAG(s) 'example_complex' retrieved from /home/airflow/.local/lib/python3.12/site-packages/airflow/example_dags/example_complex.py
[2024-06-18T02:52:52.828+0000] {logging_mixin.py:188} INFO - [2024-06-18T02:52:52.828+0000] {dag.py:3096} INFO - Sync 1 DAGs
[2024-06-18T02:52:52.843+0000] {logging_mixin.py:188} INFO - [2024-06-18T02:52:52.843+0000] {dag.py:3954} INFO - Setting next_dagrun for example_complex to None, run_after=None
[2024-06-18T02:52:52.931+0000] {processor.py:183} INFO - Processing /home/airflow/.local/lib/python3.12/site-packages/airflow/example_dags/example_complex.py took 0.180 seconds
[2024-06-18T02:53:25.344+0000] {processor.py:161} INFO - Started process (PID=67371) to work on /home/airflow/.local/lib/python3.12/site-packages/airflow/example_dags/example_complex.py
[2024-06-18T02:53:25.346+0000] {processor.py:830} INFO - Processing file /home/airflow/.local/lib/python3.12/site-packages/airflow/example_dags/example_complex.py for tasks to queue
[2024-06-18T02:53:25.347+0000] {logging_mixin.py:188} INFO - [2024-06-18T02:53:25.347+0000] {dagbag.py:545} INFO - Filling up the DagBag from /home/airflow/.local/lib/python3.12/site-packages/airflow/example_dags/example_complex.py
[2024-06-18T02:53:25.364+0000] {processor.py:840} INFO - DAG(s) 'example_complex' retrieved from /home/airflow/.local/lib/python3.12/site-packages/airflow/example_dags/example_complex.py
[2024-06-18T02:53:25.442+0000] {logging_mixin.py:188} INFO - [2024-06-18T02:53:25.441+0000] {dag.py:3096} INFO - Sync 1 DAGs
[2024-06-18T02:53:25.475+0000] {logging_mixin.py:188} INFO - [2024-06-18T02:53:25.475+0000] {dag.py:3954} INFO - Setting next_dagrun for example_complex to None, run_after=None
[2024-06-18T02:53:25.510+0000] {processor.py:183} INFO - Processing /home/airflow/.local/lib/python3.12/site-packages/airflow/example_dags/example_complex.py took 0.175 seconds
[2024-06-18T02:53:56.391+0000] {processor.py:161} INFO - Started process (PID=67427) to work on /home/airflow/.local/lib/python3.12/site-packages/airflow/example_dags/example_complex.py
[2024-06-18T02:53:56.392+0000] {processor.py:830} INFO - Processing file /home/airflow/.local/lib/python3.12/site-packages/airflow/example_dags/example_complex.py for tasks to queue
[2024-06-18T02:53:56.394+0000] {logging_mixin.py:188} INFO - [2024-06-18T02:53:56.393+0000] {dagbag.py:545} INFO - Filling up the DagBag from /home/airflow/.local/lib/python3.12/site-packages/airflow/example_dags/example_complex.py
[2024-06-18T02:53:56.411+0000] {processor.py:840} INFO - DAG(s) 'example_complex' retrieved from /home/airflow/.local/lib/python3.12/site-packages/airflow/example_dags/example_complex.py
[2024-06-18T02:53:56.450+0000] {logging_mixin.py:188} INFO - [2024-06-18T02:53:56.450+0000] {dag.py:3096} INFO - Sync 1 DAGs
[2024-06-18T02:53:56.464+0000] {logging_mixin.py:188} INFO - [2024-06-18T02:53:56.464+0000] {dag.py:3954} INFO - Setting next_dagrun for example_complex to None, run_after=None
[2024-06-18T02:53:56.485+0000] {processor.py:183} INFO - Processing /home/airflow/.local/lib/python3.12/site-packages/airflow/example_dags/example_complex.py took 0.106 seconds
[2024-06-18T02:54:26.633+0000] {processor.py:161} INFO - Started process (PID=67485) to work on /home/airflow/.local/lib/python3.12/site-packages/airflow/example_dags/example_complex.py
[2024-06-18T02:54:26.634+0000] {processor.py:830} INFO - Processing file /home/airflow/.local/lib/python3.12/site-packages/airflow/example_dags/example_complex.py for tasks to queue
[2024-06-18T02:54:26.635+0000] {logging_mixin.py:188} INFO - [2024-06-18T02:54:26.635+0000] {dagbag.py:545} INFO - Filling up the DagBag from /home/airflow/.local/lib/python3.12/site-packages/airflow/example_dags/example_complex.py
[2024-06-18T02:54:26.650+0000] {processor.py:840} INFO - DAG(s) 'example_complex' retrieved from /home/airflow/.local/lib/python3.12/site-packages/airflow/example_dags/example_complex.py
[2024-06-18T02:54:26.688+0000] {logging_mixin.py:188} INFO - [2024-06-18T02:54:26.687+0000] {dag.py:3096} INFO - Sync 1 DAGs
[2024-06-18T02:54:26.701+0000] {logging_mixin.py:188} INFO - [2024-06-18T02:54:26.701+0000] {dag.py:3954} INFO - Setting next_dagrun for example_complex to None, run_after=None
[2024-06-18T02:54:26.723+0000] {processor.py:183} INFO - Processing /home/airflow/.local/lib/python3.12/site-packages/airflow/example_dags/example_complex.py took 0.098 seconds
[2024-06-18T02:54:56.820+0000] {processor.py:161} INFO - Started process (PID=67543) to work on /home/airflow/.local/lib/python3.12/site-packages/airflow/example_dags/example_complex.py
[2024-06-18T02:54:56.822+0000] {processor.py:830} INFO - Processing file /home/airflow/.local/lib/python3.12/site-packages/airflow/example_dags/example_complex.py for tasks to queue
[2024-06-18T02:54:56.823+0000] {logging_mixin.py:188} INFO - [2024-06-18T02:54:56.823+0000] {dagbag.py:545} INFO - Filling up the DagBag from /home/airflow/.local/lib/python3.12/site-packages/airflow/example_dags/example_complex.py
[2024-06-18T02:54:56.833+0000] {processor.py:840} INFO - DAG(s) 'example_complex' retrieved from /home/airflow/.local/lib/python3.12/site-packages/airflow/example_dags/example_complex.py
[2024-06-18T02:54:56.867+0000] {logging_mixin.py:188} INFO - [2024-06-18T02:54:56.867+0000] {dag.py:3096} INFO - Sync 1 DAGs
[2024-06-18T02:54:56.880+0000] {logging_mixin.py:188} INFO - [2024-06-18T02:54:56.880+0000] {dag.py:3954} INFO - Setting next_dagrun for example_complex to None, run_after=None
[2024-06-18T02:54:56.901+0000] {processor.py:183} INFO - Processing /home/airflow/.local/lib/python3.12/site-packages/airflow/example_dags/example_complex.py took 0.087 seconds
[2024-06-18T02:55:27.026+0000] {processor.py:161} INFO - Started process (PID=67601) to work on /home/airflow/.local/lib/python3.12/site-packages/airflow/example_dags/example_complex.py
[2024-06-18T02:55:27.028+0000] {processor.py:830} INFO - Processing file /home/airflow/.local/lib/python3.12/site-packages/airflow/example_dags/example_complex.py for tasks to queue
[2024-06-18T02:55:27.028+0000] {logging_mixin.py:188} INFO - [2024-06-18T02:55:27.028+0000] {dagbag.py:545} INFO - Filling up the DagBag from /home/airflow/.local/lib/python3.12/site-packages/airflow/example_dags/example_complex.py
[2024-06-18T02:55:27.039+0000] {processor.py:840} INFO - DAG(s) 'example_complex' retrieved from /home/airflow/.local/lib/python3.12/site-packages/airflow/example_dags/example_complex.py
[2024-06-18T02:55:27.072+0000] {logging_mixin.py:188} INFO - [2024-06-18T02:55:27.072+0000] {dag.py:3096} INFO - Sync 1 DAGs
[2024-06-18T02:55:27.085+0000] {logging_mixin.py:188} INFO - [2024-06-18T02:55:27.085+0000] {dag.py:3954} INFO - Setting next_dagrun for example_complex to None, run_after=None
[2024-06-18T02:55:27.106+0000] {processor.py:183} INFO - Processing /home/airflow/.local/lib/python3.12/site-packages/airflow/example_dags/example_complex.py took 0.086 seconds
[2024-06-18T02:55:57.463+0000] {processor.py:161} INFO - Started process (PID=67659) to work on /home/airflow/.local/lib/python3.12/site-packages/airflow/example_dags/example_complex.py
[2024-06-18T02:55:57.464+0000] {processor.py:830} INFO - Processing file /home/airflow/.local/lib/python3.12/site-packages/airflow/example_dags/example_complex.py for tasks to queue
[2024-06-18T02:55:57.465+0000] {logging_mixin.py:188} INFO - [2024-06-18T02:55:57.465+0000] {dagbag.py:545} INFO - Filling up the DagBag from /home/airflow/.local/lib/python3.12/site-packages/airflow/example_dags/example_complex.py
[2024-06-18T02:55:57.478+0000] {processor.py:840} INFO - DAG(s) 'example_complex' retrieved from /home/airflow/.local/lib/python3.12/site-packages/airflow/example_dags/example_complex.py
[2024-06-18T02:55:57.516+0000] {logging_mixin.py:188} INFO - [2024-06-18T02:55:57.516+0000] {dag.py:3096} INFO - Sync 1 DAGs
[2024-06-18T02:55:57.529+0000] {logging_mixin.py:188} INFO - [2024-06-18T02:55:57.529+0000] {dag.py:3954} INFO - Setting next_dagrun for example_complex to None, run_after=None
[2024-06-18T02:55:57.549+0000] {processor.py:183} INFO - Processing /home/airflow/.local/lib/python3.12/site-packages/airflow/example_dags/example_complex.py took 0.093 seconds
[2024-06-18T02:56:28.193+0000] {processor.py:161} INFO - Started process (PID=67717) to work on /home/airflow/.local/lib/python3.12/site-packages/airflow/example_dags/example_complex.py
[2024-06-18T02:56:28.195+0000] {processor.py:830} INFO - Processing file /home/airflow/.local/lib/python3.12/site-packages/airflow/example_dags/example_complex.py for tasks to queue
[2024-06-18T02:56:28.196+0000] {logging_mixin.py:188} INFO - [2024-06-18T02:56:28.195+0000] {dagbag.py:545} INFO - Filling up the DagBag from /home/airflow/.local/lib/python3.12/site-packages/airflow/example_dags/example_complex.py
[2024-06-18T02:56:28.217+0000] {processor.py:840} INFO - DAG(s) 'example_complex' retrieved from /home/airflow/.local/lib/python3.12/site-packages/airflow/example_dags/example_complex.py
[2024-06-18T02:56:28.284+0000] {logging_mixin.py:188} INFO - [2024-06-18T02:56:28.284+0000] {dag.py:3096} INFO - Sync 1 DAGs
[2024-06-18T02:56:28.311+0000] {logging_mixin.py:188} INFO - [2024-06-18T02:56:28.311+0000] {dag.py:3954} INFO - Setting next_dagrun for example_complex to None, run_after=None
[2024-06-18T02:56:28.374+0000] {processor.py:183} INFO - Processing /home/airflow/.local/lib/python3.12/site-packages/airflow/example_dags/example_complex.py took 0.197 seconds
