[2024-06-18T02:21:39.704+0000] {processor.py:161} INFO - Started process (PID=65185) to work on /home/airflow/.local/lib/python3.12/site-packages/airflow/example_dags/example_bash_operator.py
[2024-06-18T02:21:39.705+0000] {processor.py:830} INFO - Processing file /home/airflow/.local/lib/python3.12/site-packages/airflow/example_dags/example_bash_operator.py for tasks to queue
[2024-06-18T02:21:39.706+0000] {logging_mixin.py:188} INFO - [2024-06-18T02:21:39.706+0000] {dagbag.py:545} INFO - Filling up the DagBag from /home/airflow/.local/lib/python3.12/site-packages/airflow/example_dags/example_bash_operator.py
[2024-06-18T02:21:39.784+0000] {processor.py:840} INFO - DAG(s) 'example_bash_operator' retrieved from /home/airflow/.local/lib/python3.12/site-packages/airflow/example_dags/example_bash_operator.py
[2024-06-18T02:21:39.976+0000] {logging_mixin.py:188} INFO - [2024-06-18T02:21:39.976+0000] {dag.py:3096} INFO - Sync 1 DAGs
[2024-06-18T02:21:40.073+0000] {logging_mixin.py:188} INFO - [2024-06-18T02:21:40.072+0000] {dag.py:3954} INFO - Setting next_dagrun for example_bash_operator to 2024-06-17 00:00:00+00:00, run_after=2024-06-18 00:00:00+00:00
[2024-06-18T02:21:40.157+0000] {processor.py:183} INFO - Processing /home/airflow/.local/lib/python3.12/site-packages/airflow/example_dags/example_bash_operator.py took 0.486 seconds
[2024-06-18T02:22:10.440+0000] {processor.py:161} INFO - Started process (PID=65243) to work on /home/airflow/.local/lib/python3.12/site-packages/airflow/example_dags/example_bash_operator.py
[2024-06-18T02:22:10.442+0000] {processor.py:830} INFO - Processing file /home/airflow/.local/lib/python3.12/site-packages/airflow/example_dags/example_bash_operator.py for tasks to queue
[2024-06-18T02:22:10.442+0000] {logging_mixin.py:188} INFO - [2024-06-18T02:22:10.442+0000] {dagbag.py:545} INFO - Filling up the DagBag from /home/airflow/.local/lib/python3.12/site-packages/airflow/example_dags/example_bash_operator.py
[2024-06-18T02:22:10.455+0000] {processor.py:840} INFO - DAG(s) 'example_bash_operator' retrieved from /home/airflow/.local/lib/python3.12/site-packages/airflow/example_dags/example_bash_operator.py
[2024-06-18T02:22:10.490+0000] {logging_mixin.py:188} INFO - [2024-06-18T02:22:10.490+0000] {dag.py:3096} INFO - Sync 1 DAGs
[2024-06-18T02:22:10.522+0000] {logging_mixin.py:188} INFO - [2024-06-18T02:22:10.521+0000] {dag.py:3954} INFO - Setting next_dagrun for example_bash_operator to 2024-06-17 00:00:00+00:00, run_after=2024-06-18 00:00:00+00:00
[2024-06-18T02:22:10.568+0000] {processor.py:183} INFO - Processing /home/airflow/.local/lib/python3.12/site-packages/airflow/example_dags/example_bash_operator.py took 0.136 seconds
[2024-06-18T02:22:41.592+0000] {processor.py:161} INFO - Started process (PID=65301) to work on /home/airflow/.local/lib/python3.12/site-packages/airflow/example_dags/example_bash_operator.py
[2024-06-18T02:22:41.594+0000] {processor.py:830} INFO - Processing file /home/airflow/.local/lib/python3.12/site-packages/airflow/example_dags/example_bash_operator.py for tasks to queue
[2024-06-18T02:22:41.596+0000] {logging_mixin.py:188} INFO - [2024-06-18T02:22:41.595+0000] {dagbag.py:545} INFO - Filling up the DagBag from /home/airflow/.local/lib/python3.12/site-packages/airflow/example_dags/example_bash_operator.py
[2024-06-18T02:22:41.624+0000] {processor.py:840} INFO - DAG(s) 'example_bash_operator' retrieved from /home/airflow/.local/lib/python3.12/site-packages/airflow/example_dags/example_bash_operator.py
[2024-06-18T02:22:41.660+0000] {logging_mixin.py:188} INFO - [2024-06-18T02:22:41.660+0000] {dag.py:3096} INFO - Sync 1 DAGs
[2024-06-18T02:22:41.696+0000] {logging_mixin.py:188} INFO - [2024-06-18T02:22:41.696+0000] {dag.py:3954} INFO - Setting next_dagrun for example_bash_operator to 2024-06-17 00:00:00+00:00, run_after=2024-06-18 00:00:00+00:00
[2024-06-18T02:22:41.722+0000] {processor.py:183} INFO - Processing /home/airflow/.local/lib/python3.12/site-packages/airflow/example_dags/example_bash_operator.py took 0.140 seconds
[2024-06-18T02:23:11.940+0000] {processor.py:161} INFO - Started process (PID=65359) to work on /home/airflow/.local/lib/python3.12/site-packages/airflow/example_dags/example_bash_operator.py
[2024-06-18T02:23:11.944+0000] {processor.py:830} INFO - Processing file /home/airflow/.local/lib/python3.12/site-packages/airflow/example_dags/example_bash_operator.py for tasks to queue
[2024-06-18T02:23:11.952+0000] {logging_mixin.py:188} INFO - [2024-06-18T02:23:11.951+0000] {dagbag.py:545} INFO - Filling up the DagBag from /home/airflow/.local/lib/python3.12/site-packages/airflow/example_dags/example_bash_operator.py
[2024-06-18T02:23:11.988+0000] {processor.py:840} INFO - DAG(s) 'example_bash_operator' retrieved from /home/airflow/.local/lib/python3.12/site-packages/airflow/example_dags/example_bash_operator.py
[2024-06-18T02:23:12.096+0000] {logging_mixin.py:188} INFO - [2024-06-18T02:23:12.096+0000] {dag.py:3096} INFO - Sync 1 DAGs
[2024-06-18T02:23:12.145+0000] {logging_mixin.py:188} INFO - [2024-06-18T02:23:12.145+0000] {dag.py:3954} INFO - Setting next_dagrun for example_bash_operator to 2024-06-17 00:00:00+00:00, run_after=2024-06-18 00:00:00+00:00
[2024-06-18T02:23:12.202+0000] {processor.py:183} INFO - Processing /home/airflow/.local/lib/python3.12/site-packages/airflow/example_dags/example_bash_operator.py took 0.281 seconds
[2024-06-18T02:23:42.380+0000] {processor.py:161} INFO - Started process (PID=65417) to work on /home/airflow/.local/lib/python3.12/site-packages/airflow/example_dags/example_bash_operator.py
[2024-06-18T02:23:42.382+0000] {processor.py:830} INFO - Processing file /home/airflow/.local/lib/python3.12/site-packages/airflow/example_dags/example_bash_operator.py for tasks to queue
[2024-06-18T02:23:42.384+0000] {logging_mixin.py:188} INFO - [2024-06-18T02:23:42.383+0000] {dagbag.py:545} INFO - Filling up the DagBag from /home/airflow/.local/lib/python3.12/site-packages/airflow/example_dags/example_bash_operator.py
[2024-06-18T02:23:42.405+0000] {processor.py:840} INFO - DAG(s) 'example_bash_operator' retrieved from /home/airflow/.local/lib/python3.12/site-packages/airflow/example_dags/example_bash_operator.py
[2024-06-18T02:23:42.449+0000] {logging_mixin.py:188} INFO - [2024-06-18T02:23:42.448+0000] {dag.py:3096} INFO - Sync 1 DAGs
[2024-06-18T02:23:42.487+0000] {logging_mixin.py:188} INFO - [2024-06-18T02:23:42.487+0000] {dag.py:3954} INFO - Setting next_dagrun for example_bash_operator to 2024-06-17 00:00:00+00:00, run_after=2024-06-18 00:00:00+00:00
[2024-06-18T02:23:42.514+0000] {processor.py:183} INFO - Processing /home/airflow/.local/lib/python3.12/site-packages/airflow/example_dags/example_bash_operator.py took 0.143 seconds
[2024-06-18T02:24:13.443+0000] {processor.py:161} INFO - Started process (PID=65475) to work on /home/airflow/.local/lib/python3.12/site-packages/airflow/example_dags/example_bash_operator.py
[2024-06-18T02:24:13.451+0000] {processor.py:830} INFO - Processing file /home/airflow/.local/lib/python3.12/site-packages/airflow/example_dags/example_bash_operator.py for tasks to queue
[2024-06-18T02:24:13.461+0000] {logging_mixin.py:188} INFO - [2024-06-18T02:24:13.455+0000] {dagbag.py:545} INFO - Filling up the DagBag from /home/airflow/.local/lib/python3.12/site-packages/airflow/example_dags/example_bash_operator.py
[2024-06-18T02:24:13.612+0000] {processor.py:840} INFO - DAG(s) 'example_bash_operator' retrieved from /home/airflow/.local/lib/python3.12/site-packages/airflow/example_dags/example_bash_operator.py
[2024-06-18T02:24:13.680+0000] {logging_mixin.py:188} INFO - [2024-06-18T02:24:13.680+0000] {dag.py:3096} INFO - Sync 1 DAGs
[2024-06-18T02:24:13.718+0000] {logging_mixin.py:188} INFO - [2024-06-18T02:24:13.717+0000] {dag.py:3954} INFO - Setting next_dagrun for example_bash_operator to 2024-06-17 00:00:00+00:00, run_after=2024-06-18 00:00:00+00:00
[2024-06-18T02:24:13.742+0000] {processor.py:183} INFO - Processing /home/airflow/.local/lib/python3.12/site-packages/airflow/example_dags/example_bash_operator.py took 0.348 seconds
[2024-06-18T02:24:44.603+0000] {processor.py:161} INFO - Started process (PID=65533) to work on /home/airflow/.local/lib/python3.12/site-packages/airflow/example_dags/example_bash_operator.py
[2024-06-18T02:24:44.604+0000] {processor.py:830} INFO - Processing file /home/airflow/.local/lib/python3.12/site-packages/airflow/example_dags/example_bash_operator.py for tasks to queue
[2024-06-18T02:24:44.605+0000] {logging_mixin.py:188} INFO - [2024-06-18T02:24:44.604+0000] {dagbag.py:545} INFO - Filling up the DagBag from /home/airflow/.local/lib/python3.12/site-packages/airflow/example_dags/example_bash_operator.py
[2024-06-18T02:24:44.620+0000] {processor.py:840} INFO - DAG(s) 'example_bash_operator' retrieved from /home/airflow/.local/lib/python3.12/site-packages/airflow/example_dags/example_bash_operator.py
[2024-06-18T02:24:44.656+0000] {logging_mixin.py:188} INFO - [2024-06-18T02:24:44.656+0000] {dag.py:3096} INFO - Sync 1 DAGs
[2024-06-18T02:24:44.683+0000] {logging_mixin.py:188} INFO - [2024-06-18T02:24:44.682+0000] {dag.py:3954} INFO - Setting next_dagrun for example_bash_operator to 2024-06-17 00:00:00+00:00, run_after=2024-06-18 00:00:00+00:00
[2024-06-18T02:24:44.703+0000] {processor.py:183} INFO - Processing /home/airflow/.local/lib/python3.12/site-packages/airflow/example_dags/example_bash_operator.py took 0.107 seconds
[2024-06-18T02:25:15.241+0000] {processor.py:161} INFO - Started process (PID=65591) to work on /home/airflow/.local/lib/python3.12/site-packages/airflow/example_dags/example_bash_operator.py
[2024-06-18T02:25:15.242+0000] {processor.py:830} INFO - Processing file /home/airflow/.local/lib/python3.12/site-packages/airflow/example_dags/example_bash_operator.py for tasks to queue
[2024-06-18T02:25:15.243+0000] {logging_mixin.py:188} INFO - [2024-06-18T02:25:15.242+0000] {dagbag.py:545} INFO - Filling up the DagBag from /home/airflow/.local/lib/python3.12/site-packages/airflow/example_dags/example_bash_operator.py
[2024-06-18T02:25:15.254+0000] {processor.py:840} INFO - DAG(s) 'example_bash_operator' retrieved from /home/airflow/.local/lib/python3.12/site-packages/airflow/example_dags/example_bash_operator.py
[2024-06-18T02:25:15.289+0000] {logging_mixin.py:188} INFO - [2024-06-18T02:25:15.288+0000] {dag.py:3096} INFO - Sync 1 DAGs
[2024-06-18T02:25:15.315+0000] {logging_mixin.py:188} INFO - [2024-06-18T02:25:15.315+0000] {dag.py:3954} INFO - Setting next_dagrun for example_bash_operator to 2024-06-17 00:00:00+00:00, run_after=2024-06-18 00:00:00+00:00
[2024-06-18T02:25:15.338+0000] {processor.py:183} INFO - Processing /home/airflow/.local/lib/python3.12/site-packages/airflow/example_dags/example_bash_operator.py took 0.104 seconds
[2024-06-18T02:25:45.748+0000] {processor.py:161} INFO - Started process (PID=65649) to work on /home/airflow/.local/lib/python3.12/site-packages/airflow/example_dags/example_bash_operator.py
[2024-06-18T02:25:45.752+0000] {processor.py:830} INFO - Processing file /home/airflow/.local/lib/python3.12/site-packages/airflow/example_dags/example_bash_operator.py for tasks to queue
[2024-06-18T02:25:45.755+0000] {logging_mixin.py:188} INFO - [2024-06-18T02:25:45.754+0000] {dagbag.py:545} INFO - Filling up the DagBag from /home/airflow/.local/lib/python3.12/site-packages/airflow/example_dags/example_bash_operator.py
[2024-06-18T02:25:45.780+0000] {processor.py:840} INFO - DAG(s) 'example_bash_operator' retrieved from /home/airflow/.local/lib/python3.12/site-packages/airflow/example_dags/example_bash_operator.py
[2024-06-18T02:25:45.840+0000] {logging_mixin.py:188} INFO - [2024-06-18T02:25:45.839+0000] {dag.py:3096} INFO - Sync 1 DAGs
[2024-06-18T02:25:45.948+0000] {logging_mixin.py:188} INFO - [2024-06-18T02:25:45.948+0000] {dag.py:3954} INFO - Setting next_dagrun for example_bash_operator to 2024-06-17 00:00:00+00:00, run_after=2024-06-18 00:00:00+00:00
[2024-06-18T02:25:45.997+0000] {processor.py:183} INFO - Processing /home/airflow/.local/lib/python3.12/site-packages/airflow/example_dags/example_bash_operator.py took 0.277 seconds
[2024-06-18T02:26:16.910+0000] {processor.py:161} INFO - Started process (PID=65707) to work on /home/airflow/.local/lib/python3.12/site-packages/airflow/example_dags/example_bash_operator.py
[2024-06-18T02:26:16.911+0000] {processor.py:830} INFO - Processing file /home/airflow/.local/lib/python3.12/site-packages/airflow/example_dags/example_bash_operator.py for tasks to queue
[2024-06-18T02:26:16.912+0000] {logging_mixin.py:188} INFO - [2024-06-18T02:26:16.912+0000] {dagbag.py:545} INFO - Filling up the DagBag from /home/airflow/.local/lib/python3.12/site-packages/airflow/example_dags/example_bash_operator.py
[2024-06-18T02:26:16.928+0000] {processor.py:840} INFO - DAG(s) 'example_bash_operator' retrieved from /home/airflow/.local/lib/python3.12/site-packages/airflow/example_dags/example_bash_operator.py
[2024-06-18T02:26:16.973+0000] {logging_mixin.py:188} INFO - [2024-06-18T02:26:16.973+0000] {dag.py:3096} INFO - Sync 1 DAGs
[2024-06-18T02:26:17.004+0000] {logging_mixin.py:188} INFO - [2024-06-18T02:26:17.004+0000] {dag.py:3954} INFO - Setting next_dagrun for example_bash_operator to 2024-06-17 00:00:00+00:00, run_after=2024-06-18 00:00:00+00:00
[2024-06-18T02:26:17.027+0000] {processor.py:183} INFO - Processing /home/airflow/.local/lib/python3.12/site-packages/airflow/example_dags/example_bash_operator.py took 0.126 seconds
[2024-06-18T02:26:47.608+0000] {processor.py:161} INFO - Started process (PID=65766) to work on /home/airflow/.local/lib/python3.12/site-packages/airflow/example_dags/example_bash_operator.py
[2024-06-18T02:26:47.609+0000] {processor.py:830} INFO - Processing file /home/airflow/.local/lib/python3.12/site-packages/airflow/example_dags/example_bash_operator.py for tasks to queue
[2024-06-18T02:26:47.611+0000] {logging_mixin.py:188} INFO - [2024-06-18T02:26:47.610+0000] {dagbag.py:545} INFO - Filling up the DagBag from /home/airflow/.local/lib/python3.12/site-packages/airflow/example_dags/example_bash_operator.py
[2024-06-18T02:26:47.624+0000] {processor.py:840} INFO - DAG(s) 'example_bash_operator' retrieved from /home/airflow/.local/lib/python3.12/site-packages/airflow/example_dags/example_bash_operator.py
[2024-06-18T02:26:47.657+0000] {logging_mixin.py:188} INFO - [2024-06-18T02:26:47.656+0000] {dag.py:3096} INFO - Sync 1 DAGs
[2024-06-18T02:26:47.692+0000] {logging_mixin.py:188} INFO - [2024-06-18T02:26:47.691+0000] {dag.py:3954} INFO - Setting next_dagrun for example_bash_operator to 2024-06-17 00:00:00+00:00, run_after=2024-06-18 00:00:00+00:00
[2024-06-18T02:26:47.718+0000] {processor.py:183} INFO - Processing /home/airflow/.local/lib/python3.12/site-packages/airflow/example_dags/example_bash_operator.py took 0.118 seconds
[2024-06-18T02:27:18.275+0000] {processor.py:161} INFO - Started process (PID=65824) to work on /home/airflow/.local/lib/python3.12/site-packages/airflow/example_dags/example_bash_operator.py
[2024-06-18T02:27:18.277+0000] {processor.py:830} INFO - Processing file /home/airflow/.local/lib/python3.12/site-packages/airflow/example_dags/example_bash_operator.py for tasks to queue
[2024-06-18T02:27:18.279+0000] {logging_mixin.py:188} INFO - [2024-06-18T02:27:18.278+0000] {dagbag.py:545} INFO - Filling up the DagBag from /home/airflow/.local/lib/python3.12/site-packages/airflow/example_dags/example_bash_operator.py
[2024-06-18T02:27:18.307+0000] {processor.py:840} INFO - DAG(s) 'example_bash_operator' retrieved from /home/airflow/.local/lib/python3.12/site-packages/airflow/example_dags/example_bash_operator.py
[2024-06-18T02:27:18.349+0000] {logging_mixin.py:188} INFO - [2024-06-18T02:27:18.349+0000] {dag.py:3096} INFO - Sync 1 DAGs
[2024-06-18T02:27:18.384+0000] {logging_mixin.py:188} INFO - [2024-06-18T02:27:18.384+0000] {dag.py:3954} INFO - Setting next_dagrun for example_bash_operator to 2024-06-17 00:00:00+00:00, run_after=2024-06-18 00:00:00+00:00
[2024-06-18T02:27:18.419+0000] {processor.py:183} INFO - Processing /home/airflow/.local/lib/python3.12/site-packages/airflow/example_dags/example_bash_operator.py took 0.155 seconds
[2024-06-18T02:27:48.557+0000] {processor.py:161} INFO - Started process (PID=65882) to work on /home/airflow/.local/lib/python3.12/site-packages/airflow/example_dags/example_bash_operator.py
[2024-06-18T02:27:48.559+0000] {processor.py:830} INFO - Processing file /home/airflow/.local/lib/python3.12/site-packages/airflow/example_dags/example_bash_operator.py for tasks to queue
[2024-06-18T02:27:48.559+0000] {logging_mixin.py:188} INFO - [2024-06-18T02:27:48.559+0000] {dagbag.py:545} INFO - Filling up the DagBag from /home/airflow/.local/lib/python3.12/site-packages/airflow/example_dags/example_bash_operator.py
[2024-06-18T02:27:48.570+0000] {processor.py:840} INFO - DAG(s) 'example_bash_operator' retrieved from /home/airflow/.local/lib/python3.12/site-packages/airflow/example_dags/example_bash_operator.py
[2024-06-18T02:27:48.601+0000] {logging_mixin.py:188} INFO - [2024-06-18T02:27:48.601+0000] {dag.py:3096} INFO - Sync 1 DAGs
[2024-06-18T02:27:48.631+0000] {logging_mixin.py:188} INFO - [2024-06-18T02:27:48.631+0000] {dag.py:3954} INFO - Setting next_dagrun for example_bash_operator to 2024-06-17 00:00:00+00:00, run_after=2024-06-18 00:00:00+00:00
[2024-06-18T02:27:48.655+0000] {processor.py:183} INFO - Processing /home/airflow/.local/lib/python3.12/site-packages/airflow/example_dags/example_bash_operator.py took 0.106 seconds
[2024-06-18T02:28:18.893+0000] {processor.py:161} INFO - Started process (PID=65940) to work on /home/airflow/.local/lib/python3.12/site-packages/airflow/example_dags/example_bash_operator.py
[2024-06-18T02:28:18.895+0000] {processor.py:830} INFO - Processing file /home/airflow/.local/lib/python3.12/site-packages/airflow/example_dags/example_bash_operator.py for tasks to queue
[2024-06-18T02:28:18.897+0000] {logging_mixin.py:188} INFO - [2024-06-18T02:28:18.896+0000] {dagbag.py:545} INFO - Filling up the DagBag from /home/airflow/.local/lib/python3.12/site-packages/airflow/example_dags/example_bash_operator.py
[2024-06-18T02:28:18.911+0000] {processor.py:840} INFO - DAG(s) 'example_bash_operator' retrieved from /home/airflow/.local/lib/python3.12/site-packages/airflow/example_dags/example_bash_operator.py
[2024-06-18T02:28:18.951+0000] {logging_mixin.py:188} INFO - [2024-06-18T02:28:18.951+0000] {dag.py:3096} INFO - Sync 1 DAGs
[2024-06-18T02:28:18.985+0000] {logging_mixin.py:188} INFO - [2024-06-18T02:28:18.985+0000] {dag.py:3954} INFO - Setting next_dagrun for example_bash_operator to 2024-06-17 00:00:00+00:00, run_after=2024-06-18 00:00:00+00:00
[2024-06-18T02:28:19.011+0000] {processor.py:183} INFO - Processing /home/airflow/.local/lib/python3.12/site-packages/airflow/example_dags/example_bash_operator.py took 0.126 seconds
[2024-06-18T02:28:49.262+0000] {processor.py:161} INFO - Started process (PID=65999) to work on /home/airflow/.local/lib/python3.12/site-packages/airflow/example_dags/example_bash_operator.py
[2024-06-18T02:28:49.263+0000] {processor.py:830} INFO - Processing file /home/airflow/.local/lib/python3.12/site-packages/airflow/example_dags/example_bash_operator.py for tasks to queue
[2024-06-18T02:28:49.264+0000] {logging_mixin.py:188} INFO - [2024-06-18T02:28:49.264+0000] {dagbag.py:545} INFO - Filling up the DagBag from /home/airflow/.local/lib/python3.12/site-packages/airflow/example_dags/example_bash_operator.py
[2024-06-18T02:28:49.278+0000] {processor.py:840} INFO - DAG(s) 'example_bash_operator' retrieved from /home/airflow/.local/lib/python3.12/site-packages/airflow/example_dags/example_bash_operator.py
[2024-06-18T02:28:49.330+0000] {logging_mixin.py:188} INFO - [2024-06-18T02:28:49.330+0000] {dag.py:3096} INFO - Sync 1 DAGs
[2024-06-18T02:28:49.380+0000] {logging_mixin.py:188} INFO - [2024-06-18T02:28:49.380+0000] {dag.py:3954} INFO - Setting next_dagrun for example_bash_operator to 2024-06-17 00:00:00+00:00, run_after=2024-06-18 00:00:00+00:00
[2024-06-18T02:28:49.409+0000] {processor.py:183} INFO - Processing /home/airflow/.local/lib/python3.12/site-packages/airflow/example_dags/example_bash_operator.py took 0.153 seconds
[2024-06-18T02:29:19.664+0000] {processor.py:161} INFO - Started process (PID=66057) to work on /home/airflow/.local/lib/python3.12/site-packages/airflow/example_dags/example_bash_operator.py
[2024-06-18T02:29:19.668+0000] {processor.py:830} INFO - Processing file /home/airflow/.local/lib/python3.12/site-packages/airflow/example_dags/example_bash_operator.py for tasks to queue
[2024-06-18T02:29:19.669+0000] {logging_mixin.py:188} INFO - [2024-06-18T02:29:19.668+0000] {dagbag.py:545} INFO - Filling up the DagBag from /home/airflow/.local/lib/python3.12/site-packages/airflow/example_dags/example_bash_operator.py
[2024-06-18T02:29:19.681+0000] {processor.py:840} INFO - DAG(s) 'example_bash_operator' retrieved from /home/airflow/.local/lib/python3.12/site-packages/airflow/example_dags/example_bash_operator.py
[2024-06-18T02:29:19.720+0000] {logging_mixin.py:188} INFO - [2024-06-18T02:29:19.719+0000] {dag.py:3096} INFO - Sync 1 DAGs
[2024-06-18T02:29:19.751+0000] {logging_mixin.py:188} INFO - [2024-06-18T02:29:19.751+0000] {dag.py:3954} INFO - Setting next_dagrun for example_bash_operator to 2024-06-17 00:00:00+00:00, run_after=2024-06-18 00:00:00+00:00
[2024-06-18T02:29:19.781+0000] {processor.py:183} INFO - Processing /home/airflow/.local/lib/python3.12/site-packages/airflow/example_dags/example_bash_operator.py took 0.124 seconds
[2024-06-18T02:29:49.959+0000] {processor.py:161} INFO - Started process (PID=66115) to work on /home/airflow/.local/lib/python3.12/site-packages/airflow/example_dags/example_bash_operator.py
[2024-06-18T02:29:49.960+0000] {processor.py:830} INFO - Processing file /home/airflow/.local/lib/python3.12/site-packages/airflow/example_dags/example_bash_operator.py for tasks to queue
[2024-06-18T02:29:49.961+0000] {logging_mixin.py:188} INFO - [2024-06-18T02:29:49.961+0000] {dagbag.py:545} INFO - Filling up the DagBag from /home/airflow/.local/lib/python3.12/site-packages/airflow/example_dags/example_bash_operator.py
[2024-06-18T02:29:49.973+0000] {processor.py:840} INFO - DAG(s) 'example_bash_operator' retrieved from /home/airflow/.local/lib/python3.12/site-packages/airflow/example_dags/example_bash_operator.py
[2024-06-18T02:29:50.007+0000] {logging_mixin.py:188} INFO - [2024-06-18T02:29:50.006+0000] {dag.py:3096} INFO - Sync 1 DAGs
[2024-06-18T02:29:50.030+0000] {logging_mixin.py:188} INFO - [2024-06-18T02:29:50.030+0000] {dag.py:3954} INFO - Setting next_dagrun for example_bash_operator to 2024-06-17 00:00:00+00:00, run_after=2024-06-18 00:00:00+00:00
[2024-06-18T02:29:50.052+0000] {processor.py:183} INFO - Processing /home/airflow/.local/lib/python3.12/site-packages/airflow/example_dags/example_bash_operator.py took 0.099 seconds
[2024-06-18T02:30:20.624+0000] {processor.py:161} INFO - Started process (PID=66173) to work on /home/airflow/.local/lib/python3.12/site-packages/airflow/example_dags/example_bash_operator.py
[2024-06-18T02:30:20.626+0000] {processor.py:830} INFO - Processing file /home/airflow/.local/lib/python3.12/site-packages/airflow/example_dags/example_bash_operator.py for tasks to queue
[2024-06-18T02:30:20.627+0000] {logging_mixin.py:188} INFO - [2024-06-18T02:30:20.626+0000] {dagbag.py:545} INFO - Filling up the DagBag from /home/airflow/.local/lib/python3.12/site-packages/airflow/example_dags/example_bash_operator.py
[2024-06-18T02:30:20.642+0000] {processor.py:840} INFO - DAG(s) 'example_bash_operator' retrieved from /home/airflow/.local/lib/python3.12/site-packages/airflow/example_dags/example_bash_operator.py
[2024-06-18T02:30:20.695+0000] {logging_mixin.py:188} INFO - [2024-06-18T02:30:20.695+0000] {dag.py:3096} INFO - Sync 1 DAGs
[2024-06-18T02:30:20.743+0000] {logging_mixin.py:188} INFO - [2024-06-18T02:30:20.743+0000] {dag.py:3954} INFO - Setting next_dagrun for example_bash_operator to 2024-06-17 00:00:00+00:00, run_after=2024-06-18 00:00:00+00:00
[2024-06-18T02:30:20.772+0000] {processor.py:183} INFO - Processing /home/airflow/.local/lib/python3.12/site-packages/airflow/example_dags/example_bash_operator.py took 0.155 seconds
[2024-06-18T02:30:51.340+0000] {processor.py:161} INFO - Started process (PID=66231) to work on /home/airflow/.local/lib/python3.12/site-packages/airflow/example_dags/example_bash_operator.py
[2024-06-18T02:30:51.341+0000] {processor.py:830} INFO - Processing file /home/airflow/.local/lib/python3.12/site-packages/airflow/example_dags/example_bash_operator.py for tasks to queue
[2024-06-18T02:30:51.342+0000] {logging_mixin.py:188} INFO - [2024-06-18T02:30:51.342+0000] {dagbag.py:545} INFO - Filling up the DagBag from /home/airflow/.local/lib/python3.12/site-packages/airflow/example_dags/example_bash_operator.py
[2024-06-18T02:30:51.355+0000] {processor.py:840} INFO - DAG(s) 'example_bash_operator' retrieved from /home/airflow/.local/lib/python3.12/site-packages/airflow/example_dags/example_bash_operator.py
[2024-06-18T02:30:51.383+0000] {logging_mixin.py:188} INFO - [2024-06-18T02:30:51.383+0000] {dag.py:3096} INFO - Sync 1 DAGs
[2024-06-18T02:30:51.412+0000] {logging_mixin.py:188} INFO - [2024-06-18T02:30:51.412+0000] {dag.py:3954} INFO - Setting next_dagrun for example_bash_operator to 2024-06-17 00:00:00+00:00, run_after=2024-06-18 00:00:00+00:00
[2024-06-18T02:30:51.435+0000] {processor.py:183} INFO - Processing /home/airflow/.local/lib/python3.12/site-packages/airflow/example_dags/example_bash_operator.py took 0.100 seconds
[2024-06-18T02:31:21.516+0000] {processor.py:161} INFO - Started process (PID=66289) to work on /home/airflow/.local/lib/python3.12/site-packages/airflow/example_dags/example_bash_operator.py
[2024-06-18T02:31:21.518+0000] {processor.py:830} INFO - Processing file /home/airflow/.local/lib/python3.12/site-packages/airflow/example_dags/example_bash_operator.py for tasks to queue
[2024-06-18T02:31:21.519+0000] {logging_mixin.py:188} INFO - [2024-06-18T02:31:21.518+0000] {dagbag.py:545} INFO - Filling up the DagBag from /home/airflow/.local/lib/python3.12/site-packages/airflow/example_dags/example_bash_operator.py
[2024-06-18T02:31:21.532+0000] {processor.py:840} INFO - DAG(s) 'example_bash_operator' retrieved from /home/airflow/.local/lib/python3.12/site-packages/airflow/example_dags/example_bash_operator.py
[2024-06-18T02:31:21.573+0000] {logging_mixin.py:188} INFO - [2024-06-18T02:31:21.572+0000] {dag.py:3096} INFO - Sync 1 DAGs
[2024-06-18T02:31:21.608+0000] {logging_mixin.py:188} INFO - [2024-06-18T02:31:21.608+0000] {dag.py:3954} INFO - Setting next_dagrun for example_bash_operator to 2024-06-17 00:00:00+00:00, run_after=2024-06-18 00:00:00+00:00
[2024-06-18T02:31:21.633+0000] {processor.py:183} INFO - Processing /home/airflow/.local/lib/python3.12/site-packages/airflow/example_dags/example_bash_operator.py took 0.126 seconds
[2024-06-18T02:31:52.121+0000] {processor.py:161} INFO - Started process (PID=66347) to work on /home/airflow/.local/lib/python3.12/site-packages/airflow/example_dags/example_bash_operator.py
[2024-06-18T02:31:52.122+0000] {processor.py:830} INFO - Processing file /home/airflow/.local/lib/python3.12/site-packages/airflow/example_dags/example_bash_operator.py for tasks to queue
[2024-06-18T02:31:52.123+0000] {logging_mixin.py:188} INFO - [2024-06-18T02:31:52.122+0000] {dagbag.py:545} INFO - Filling up the DagBag from /home/airflow/.local/lib/python3.12/site-packages/airflow/example_dags/example_bash_operator.py
[2024-06-18T02:31:52.137+0000] {processor.py:840} INFO - DAG(s) 'example_bash_operator' retrieved from /home/airflow/.local/lib/python3.12/site-packages/airflow/example_dags/example_bash_operator.py
[2024-06-18T02:31:52.171+0000] {logging_mixin.py:188} INFO - [2024-06-18T02:31:52.171+0000] {dag.py:3096} INFO - Sync 1 DAGs
[2024-06-18T02:31:52.193+0000] {logging_mixin.py:188} INFO - [2024-06-18T02:31:52.193+0000] {dag.py:3954} INFO - Setting next_dagrun for example_bash_operator to 2024-06-17 00:00:00+00:00, run_after=2024-06-18 00:00:00+00:00
[2024-06-18T02:31:52.212+0000] {processor.py:183} INFO - Processing /home/airflow/.local/lib/python3.12/site-packages/airflow/example_dags/example_bash_operator.py took 0.208 seconds
[2024-06-18T02:32:23.129+0000] {processor.py:161} INFO - Started process (PID=66405) to work on /home/airflow/.local/lib/python3.12/site-packages/airflow/example_dags/example_bash_operator.py
[2024-06-18T02:32:23.130+0000] {processor.py:830} INFO - Processing file /home/airflow/.local/lib/python3.12/site-packages/airflow/example_dags/example_bash_operator.py for tasks to queue
[2024-06-18T02:32:23.133+0000] {logging_mixin.py:188} INFO - [2024-06-18T02:32:23.132+0000] {dagbag.py:545} INFO - Filling up the DagBag from /home/airflow/.local/lib/python3.12/site-packages/airflow/example_dags/example_bash_operator.py
[2024-06-18T02:32:23.144+0000] {processor.py:840} INFO - DAG(s) 'example_bash_operator' retrieved from /home/airflow/.local/lib/python3.12/site-packages/airflow/example_dags/example_bash_operator.py
[2024-06-18T02:32:23.177+0000] {logging_mixin.py:188} INFO - [2024-06-18T02:32:23.177+0000] {dag.py:3096} INFO - Sync 1 DAGs
[2024-06-18T02:32:23.200+0000] {logging_mixin.py:188} INFO - [2024-06-18T02:32:23.200+0000] {dag.py:3954} INFO - Setting next_dagrun for example_bash_operator to 2024-06-17 00:00:00+00:00, run_after=2024-06-18 00:00:00+00:00
[2024-06-18T02:32:23.221+0000] {processor.py:183} INFO - Processing /home/airflow/.local/lib/python3.12/site-packages/airflow/example_dags/example_bash_operator.py took 0.098 seconds
[2024-06-18T02:32:53.363+0000] {processor.py:161} INFO - Started process (PID=66463) to work on /home/airflow/.local/lib/python3.12/site-packages/airflow/example_dags/example_bash_operator.py
[2024-06-18T02:32:53.366+0000] {processor.py:830} INFO - Processing file /home/airflow/.local/lib/python3.12/site-packages/airflow/example_dags/example_bash_operator.py for tasks to queue
[2024-06-18T02:32:53.367+0000] {logging_mixin.py:188} INFO - [2024-06-18T02:32:53.367+0000] {dagbag.py:545} INFO - Filling up the DagBag from /home/airflow/.local/lib/python3.12/site-packages/airflow/example_dags/example_bash_operator.py
[2024-06-18T02:32:53.380+0000] {processor.py:840} INFO - DAG(s) 'example_bash_operator' retrieved from /home/airflow/.local/lib/python3.12/site-packages/airflow/example_dags/example_bash_operator.py
[2024-06-18T02:32:53.417+0000] {logging_mixin.py:188} INFO - [2024-06-18T02:32:53.417+0000] {dag.py:3096} INFO - Sync 1 DAGs
[2024-06-18T02:32:53.447+0000] {logging_mixin.py:188} INFO - [2024-06-18T02:32:53.447+0000] {dag.py:3954} INFO - Setting next_dagrun for example_bash_operator to 2024-06-17 00:00:00+00:00, run_after=2024-06-18 00:00:00+00:00
[2024-06-18T02:32:53.471+0000] {processor.py:183} INFO - Processing /home/airflow/.local/lib/python3.12/site-packages/airflow/example_dags/example_bash_operator.py took 0.115 seconds
[2024-06-18T02:33:23.581+0000] {processor.py:161} INFO - Started process (PID=66521) to work on /home/airflow/.local/lib/python3.12/site-packages/airflow/example_dags/example_bash_operator.py
[2024-06-18T02:33:23.582+0000] {processor.py:830} INFO - Processing file /home/airflow/.local/lib/python3.12/site-packages/airflow/example_dags/example_bash_operator.py for tasks to queue
[2024-06-18T02:33:23.583+0000] {logging_mixin.py:188} INFO - [2024-06-18T02:33:23.582+0000] {dagbag.py:545} INFO - Filling up the DagBag from /home/airflow/.local/lib/python3.12/site-packages/airflow/example_dags/example_bash_operator.py
[2024-06-18T02:33:23.595+0000] {processor.py:840} INFO - DAG(s) 'example_bash_operator' retrieved from /home/airflow/.local/lib/python3.12/site-packages/airflow/example_dags/example_bash_operator.py
[2024-06-18T02:33:23.624+0000] {logging_mixin.py:188} INFO - [2024-06-18T02:33:23.624+0000] {dag.py:3096} INFO - Sync 1 DAGs
[2024-06-18T02:33:23.648+0000] {logging_mixin.py:188} INFO - [2024-06-18T02:33:23.647+0000] {dag.py:3954} INFO - Setting next_dagrun for example_bash_operator to 2024-06-17 00:00:00+00:00, run_after=2024-06-18 00:00:00+00:00
[2024-06-18T02:33:23.667+0000] {processor.py:183} INFO - Processing /home/airflow/.local/lib/python3.12/site-packages/airflow/example_dags/example_bash_operator.py took 0.093 seconds
[2024-06-18T02:33:53.975+0000] {processor.py:161} INFO - Started process (PID=66579) to work on /home/airflow/.local/lib/python3.12/site-packages/airflow/example_dags/example_bash_operator.py
[2024-06-18T02:33:53.979+0000] {processor.py:830} INFO - Processing file /home/airflow/.local/lib/python3.12/site-packages/airflow/example_dags/example_bash_operator.py for tasks to queue
[2024-06-18T02:33:53.980+0000] {logging_mixin.py:188} INFO - [2024-06-18T02:33:53.980+0000] {dagbag.py:545} INFO - Filling up the DagBag from /home/airflow/.local/lib/python3.12/site-packages/airflow/example_dags/example_bash_operator.py
[2024-06-18T02:33:54.003+0000] {processor.py:840} INFO - DAG(s) 'example_bash_operator' retrieved from /home/airflow/.local/lib/python3.12/site-packages/airflow/example_dags/example_bash_operator.py
[2024-06-18T02:33:54.060+0000] {logging_mixin.py:188} INFO - [2024-06-18T02:33:54.059+0000] {dag.py:3096} INFO - Sync 1 DAGs
[2024-06-18T02:33:54.098+0000] {logging_mixin.py:188} INFO - [2024-06-18T02:33:54.097+0000] {dag.py:3954} INFO - Setting next_dagrun for example_bash_operator to 2024-06-17 00:00:00+00:00, run_after=2024-06-18 00:00:00+00:00
[2024-06-18T02:33:54.138+0000] {processor.py:183} INFO - Processing /home/airflow/.local/lib/python3.12/site-packages/airflow/example_dags/example_bash_operator.py took 0.175 seconds
[2024-06-18T02:34:24.416+0000] {processor.py:161} INFO - Started process (PID=66637) to work on /home/airflow/.local/lib/python3.12/site-packages/airflow/example_dags/example_bash_operator.py
[2024-06-18T02:34:24.417+0000] {processor.py:830} INFO - Processing file /home/airflow/.local/lib/python3.12/site-packages/airflow/example_dags/example_bash_operator.py for tasks to queue
[2024-06-18T02:34:24.418+0000] {logging_mixin.py:188} INFO - [2024-06-18T02:34:24.417+0000] {dagbag.py:545} INFO - Filling up the DagBag from /home/airflow/.local/lib/python3.12/site-packages/airflow/example_dags/example_bash_operator.py
[2024-06-18T02:34:24.428+0000] {processor.py:840} INFO - DAG(s) 'example_bash_operator' retrieved from /home/airflow/.local/lib/python3.12/site-packages/airflow/example_dags/example_bash_operator.py
[2024-06-18T02:34:24.469+0000] {logging_mixin.py:188} INFO - [2024-06-18T02:34:24.469+0000] {dag.py:3096} INFO - Sync 1 DAGs
[2024-06-18T02:34:24.492+0000] {logging_mixin.py:188} INFO - [2024-06-18T02:34:24.492+0000] {dag.py:3954} INFO - Setting next_dagrun for example_bash_operator to 2024-06-17 00:00:00+00:00, run_after=2024-06-18 00:00:00+00:00
[2024-06-18T02:34:24.513+0000] {processor.py:183} INFO - Processing /home/airflow/.local/lib/python3.12/site-packages/airflow/example_dags/example_bash_operator.py took 0.105 seconds
[2024-06-18T02:34:54.637+0000] {processor.py:161} INFO - Started process (PID=66695) to work on /home/airflow/.local/lib/python3.12/site-packages/airflow/example_dags/example_bash_operator.py
[2024-06-18T02:34:54.639+0000] {processor.py:830} INFO - Processing file /home/airflow/.local/lib/python3.12/site-packages/airflow/example_dags/example_bash_operator.py for tasks to queue
[2024-06-18T02:34:54.640+0000] {logging_mixin.py:188} INFO - [2024-06-18T02:34:54.639+0000] {dagbag.py:545} INFO - Filling up the DagBag from /home/airflow/.local/lib/python3.12/site-packages/airflow/example_dags/example_bash_operator.py
[2024-06-18T02:34:54.650+0000] {processor.py:840} INFO - DAG(s) 'example_bash_operator' retrieved from /home/airflow/.local/lib/python3.12/site-packages/airflow/example_dags/example_bash_operator.py
[2024-06-18T02:34:54.679+0000] {logging_mixin.py:188} INFO - [2024-06-18T02:34:54.679+0000] {dag.py:3096} INFO - Sync 1 DAGs
[2024-06-18T02:34:54.708+0000] {logging_mixin.py:188} INFO - [2024-06-18T02:34:54.707+0000] {dag.py:3954} INFO - Setting next_dagrun for example_bash_operator to 2024-06-17 00:00:00+00:00, run_after=2024-06-18 00:00:00+00:00
[2024-06-18T02:34:54.728+0000] {processor.py:183} INFO - Processing /home/airflow/.local/lib/python3.12/site-packages/airflow/example_dags/example_bash_operator.py took 0.099 seconds
[2024-06-18T02:35:24.895+0000] {processor.py:161} INFO - Started process (PID=66753) to work on /home/airflow/.local/lib/python3.12/site-packages/airflow/example_dags/example_bash_operator.py
[2024-06-18T02:35:24.897+0000] {processor.py:830} INFO - Processing file /home/airflow/.local/lib/python3.12/site-packages/airflow/example_dags/example_bash_operator.py for tasks to queue
[2024-06-18T02:35:24.897+0000] {logging_mixin.py:188} INFO - [2024-06-18T02:35:24.897+0000] {dagbag.py:545} INFO - Filling up the DagBag from /home/airflow/.local/lib/python3.12/site-packages/airflow/example_dags/example_bash_operator.py
[2024-06-18T02:35:24.908+0000] {processor.py:840} INFO - DAG(s) 'example_bash_operator' retrieved from /home/airflow/.local/lib/python3.12/site-packages/airflow/example_dags/example_bash_operator.py
[2024-06-18T02:35:24.945+0000] {logging_mixin.py:188} INFO - [2024-06-18T02:35:24.944+0000] {dag.py:3096} INFO - Sync 1 DAGs
[2024-06-18T02:35:24.975+0000] {logging_mixin.py:188} INFO - [2024-06-18T02:35:24.974+0000] {dag.py:3954} INFO - Setting next_dagrun for example_bash_operator to 2024-06-17 00:00:00+00:00, run_after=2024-06-18 00:00:00+00:00
[2024-06-18T02:35:24.997+0000] {processor.py:183} INFO - Processing /home/airflow/.local/lib/python3.12/site-packages/airflow/example_dags/example_bash_operator.py took 0.108 seconds
[2024-06-18T02:35:55.122+0000] {processor.py:161} INFO - Started process (PID=66811) to work on /home/airflow/.local/lib/python3.12/site-packages/airflow/example_dags/example_bash_operator.py
[2024-06-18T02:35:55.123+0000] {processor.py:830} INFO - Processing file /home/airflow/.local/lib/python3.12/site-packages/airflow/example_dags/example_bash_operator.py for tasks to queue
[2024-06-18T02:35:55.124+0000] {logging_mixin.py:188} INFO - [2024-06-18T02:35:55.124+0000] {dagbag.py:545} INFO - Filling up the DagBag from /home/airflow/.local/lib/python3.12/site-packages/airflow/example_dags/example_bash_operator.py
[2024-06-18T02:35:55.135+0000] {processor.py:840} INFO - DAG(s) 'example_bash_operator' retrieved from /home/airflow/.local/lib/python3.12/site-packages/airflow/example_dags/example_bash_operator.py
[2024-06-18T02:35:55.163+0000] {logging_mixin.py:188} INFO - [2024-06-18T02:35:55.163+0000] {dag.py:3096} INFO - Sync 1 DAGs
[2024-06-18T02:35:55.187+0000] {logging_mixin.py:188} INFO - [2024-06-18T02:35:55.187+0000] {dag.py:3954} INFO - Setting next_dagrun for example_bash_operator to 2024-06-17 00:00:00+00:00, run_after=2024-06-18 00:00:00+00:00
[2024-06-18T02:35:55.206+0000] {processor.py:183} INFO - Processing /home/airflow/.local/lib/python3.12/site-packages/airflow/example_dags/example_bash_operator.py took 0.090 seconds
[2024-06-18T02:36:25.355+0000] {processor.py:161} INFO - Started process (PID=66869) to work on /home/airflow/.local/lib/python3.12/site-packages/airflow/example_dags/example_bash_operator.py
[2024-06-18T02:36:25.356+0000] {processor.py:830} INFO - Processing file /home/airflow/.local/lib/python3.12/site-packages/airflow/example_dags/example_bash_operator.py for tasks to queue
[2024-06-18T02:36:25.357+0000] {logging_mixin.py:188} INFO - [2024-06-18T02:36:25.357+0000] {dagbag.py:545} INFO - Filling up the DagBag from /home/airflow/.local/lib/python3.12/site-packages/airflow/example_dags/example_bash_operator.py
[2024-06-18T02:36:25.367+0000] {processor.py:840} INFO - DAG(s) 'example_bash_operator' retrieved from /home/airflow/.local/lib/python3.12/site-packages/airflow/example_dags/example_bash_operator.py
[2024-06-18T02:36:25.400+0000] {logging_mixin.py:188} INFO - [2024-06-18T02:36:25.399+0000] {dag.py:3096} INFO - Sync 1 DAGs
[2024-06-18T02:36:25.424+0000] {logging_mixin.py:188} INFO - [2024-06-18T02:36:25.424+0000] {dag.py:3954} INFO - Setting next_dagrun for example_bash_operator to 2024-06-17 00:00:00+00:00, run_after=2024-06-18 00:00:00+00:00
[2024-06-18T02:36:25.446+0000] {processor.py:183} INFO - Processing /home/airflow/.local/lib/python3.12/site-packages/airflow/example_dags/example_bash_operator.py took 0.099 seconds
[2024-06-18T02:36:55.532+0000] {processor.py:161} INFO - Started process (PID=66927) to work on /home/airflow/.local/lib/python3.12/site-packages/airflow/example_dags/example_bash_operator.py
[2024-06-18T02:36:55.534+0000] {processor.py:830} INFO - Processing file /home/airflow/.local/lib/python3.12/site-packages/airflow/example_dags/example_bash_operator.py for tasks to queue
[2024-06-18T02:36:55.534+0000] {logging_mixin.py:188} INFO - [2024-06-18T02:36:55.534+0000] {dagbag.py:545} INFO - Filling up the DagBag from /home/airflow/.local/lib/python3.12/site-packages/airflow/example_dags/example_bash_operator.py
[2024-06-18T02:36:55.547+0000] {processor.py:840} INFO - DAG(s) 'example_bash_operator' retrieved from /home/airflow/.local/lib/python3.12/site-packages/airflow/example_dags/example_bash_operator.py
[2024-06-18T02:36:55.578+0000] {logging_mixin.py:188} INFO - [2024-06-18T02:36:55.578+0000] {dag.py:3096} INFO - Sync 1 DAGs
[2024-06-18T02:36:55.601+0000] {logging_mixin.py:188} INFO - [2024-06-18T02:36:55.601+0000] {dag.py:3954} INFO - Setting next_dagrun for example_bash_operator to 2024-06-17 00:00:00+00:00, run_after=2024-06-18 00:00:00+00:00
[2024-06-18T02:36:55.624+0000] {processor.py:183} INFO - Processing /home/airflow/.local/lib/python3.12/site-packages/airflow/example_dags/example_bash_operator.py took 0.097 seconds
[2024-06-18T02:37:26.442+0000] {processor.py:161} INFO - Started process (PID=66985) to work on /home/airflow/.local/lib/python3.12/site-packages/airflow/example_dags/example_bash_operator.py
[2024-06-18T02:37:26.444+0000] {processor.py:830} INFO - Processing file /home/airflow/.local/lib/python3.12/site-packages/airflow/example_dags/example_bash_operator.py for tasks to queue
[2024-06-18T02:37:26.445+0000] {logging_mixin.py:188} INFO - [2024-06-18T02:37:26.444+0000] {dagbag.py:545} INFO - Filling up the DagBag from /home/airflow/.local/lib/python3.12/site-packages/airflow/example_dags/example_bash_operator.py
[2024-06-18T02:37:26.455+0000] {processor.py:840} INFO - DAG(s) 'example_bash_operator' retrieved from /home/airflow/.local/lib/python3.12/site-packages/airflow/example_dags/example_bash_operator.py
[2024-06-18T02:37:26.490+0000] {logging_mixin.py:188} INFO - [2024-06-18T02:37:26.490+0000] {dag.py:3096} INFO - Sync 1 DAGs
[2024-06-18T02:37:26.516+0000] {logging_mixin.py:188} INFO - [2024-06-18T02:37:26.515+0000] {dag.py:3954} INFO - Setting next_dagrun for example_bash_operator to 2024-06-17 00:00:00+00:00, run_after=2024-06-18 00:00:00+00:00
[2024-06-18T02:37:26.539+0000] {processor.py:183} INFO - Processing /home/airflow/.local/lib/python3.12/site-packages/airflow/example_dags/example_bash_operator.py took 0.102 seconds
[2024-06-18T02:37:56.614+0000] {processor.py:161} INFO - Started process (PID=67043) to work on /home/airflow/.local/lib/python3.12/site-packages/airflow/example_dags/example_bash_operator.py
[2024-06-18T02:37:56.615+0000] {processor.py:830} INFO - Processing file /home/airflow/.local/lib/python3.12/site-packages/airflow/example_dags/example_bash_operator.py for tasks to queue
[2024-06-18T02:37:56.616+0000] {logging_mixin.py:188} INFO - [2024-06-18T02:37:56.616+0000] {dagbag.py:545} INFO - Filling up the DagBag from /home/airflow/.local/lib/python3.12/site-packages/airflow/example_dags/example_bash_operator.py
[2024-06-18T02:37:56.627+0000] {processor.py:840} INFO - DAG(s) 'example_bash_operator' retrieved from /home/airflow/.local/lib/python3.12/site-packages/airflow/example_dags/example_bash_operator.py
[2024-06-18T02:37:56.663+0000] {logging_mixin.py:188} INFO - [2024-06-18T02:37:56.662+0000] {dag.py:3096} INFO - Sync 1 DAGs
[2024-06-18T02:37:56.689+0000] {logging_mixin.py:188} INFO - [2024-06-18T02:37:56.689+0000] {dag.py:3954} INFO - Setting next_dagrun for example_bash_operator to 2024-06-17 00:00:00+00:00, run_after=2024-06-18 00:00:00+00:00
[2024-06-18T02:37:56.709+0000] {processor.py:183} INFO - Processing /home/airflow/.local/lib/python3.12/site-packages/airflow/example_dags/example_bash_operator.py took 0.101 seconds
[2024-06-18T02:38:26.863+0000] {processor.py:161} INFO - Started process (PID=67101) to work on /home/airflow/.local/lib/python3.12/site-packages/airflow/example_dags/example_bash_operator.py
[2024-06-18T02:38:26.865+0000] {processor.py:830} INFO - Processing file /home/airflow/.local/lib/python3.12/site-packages/airflow/example_dags/example_bash_operator.py for tasks to queue
[2024-06-18T02:38:26.866+0000] {logging_mixin.py:188} INFO - [2024-06-18T02:38:26.866+0000] {dagbag.py:545} INFO - Filling up the DagBag from /home/airflow/.local/lib/python3.12/site-packages/airflow/example_dags/example_bash_operator.py
[2024-06-18T02:38:26.890+0000] {processor.py:840} INFO - DAG(s) 'example_bash_operator' retrieved from /home/airflow/.local/lib/python3.12/site-packages/airflow/example_dags/example_bash_operator.py
[2024-06-18T02:38:26.948+0000] {logging_mixin.py:188} INFO - [2024-06-18T02:38:26.947+0000] {dag.py:3096} INFO - Sync 1 DAGs
[2024-06-18T02:38:27.011+0000] {logging_mixin.py:188} INFO - [2024-06-18T02:38:27.010+0000] {dag.py:3954} INFO - Setting next_dagrun for example_bash_operator to 2024-06-17 00:00:00+00:00, run_after=2024-06-18 00:00:00+00:00
[2024-06-18T02:38:27.043+0000] {processor.py:183} INFO - Processing /home/airflow/.local/lib/python3.12/site-packages/airflow/example_dags/example_bash_operator.py took 0.189 seconds
[2024-06-18T02:38:57.837+0000] {processor.py:161} INFO - Started process (PID=67159) to work on /home/airflow/.local/lib/python3.12/site-packages/airflow/example_dags/example_bash_operator.py
[2024-06-18T02:38:57.838+0000] {processor.py:830} INFO - Processing file /home/airflow/.local/lib/python3.12/site-packages/airflow/example_dags/example_bash_operator.py for tasks to queue
[2024-06-18T02:38:57.840+0000] {logging_mixin.py:188} INFO - [2024-06-18T02:38:57.839+0000] {dagbag.py:545} INFO - Filling up the DagBag from /home/airflow/.local/lib/python3.12/site-packages/airflow/example_dags/example_bash_operator.py
[2024-06-18T02:38:57.852+0000] {processor.py:840} INFO - DAG(s) 'example_bash_operator' retrieved from /home/airflow/.local/lib/python3.12/site-packages/airflow/example_dags/example_bash_operator.py
[2024-06-18T02:38:57.886+0000] {logging_mixin.py:188} INFO - [2024-06-18T02:38:57.886+0000] {dag.py:3096} INFO - Sync 1 DAGs
[2024-06-18T02:38:57.916+0000] {logging_mixin.py:188} INFO - [2024-06-18T02:38:57.915+0000] {dag.py:3954} INFO - Setting next_dagrun for example_bash_operator to 2024-06-17 00:00:00+00:00, run_after=2024-06-18 00:00:00+00:00
[2024-06-18T02:38:57.938+0000] {processor.py:183} INFO - Processing /home/airflow/.local/lib/python3.12/site-packages/airflow/example_dags/example_bash_operator.py took 0.108 seconds
[2024-06-18T02:39:28.039+0000] {processor.py:161} INFO - Started process (PID=67218) to work on /home/airflow/.local/lib/python3.12/site-packages/airflow/example_dags/example_bash_operator.py
[2024-06-18T02:39:28.040+0000] {processor.py:830} INFO - Processing file /home/airflow/.local/lib/python3.12/site-packages/airflow/example_dags/example_bash_operator.py for tasks to queue
[2024-06-18T02:39:28.041+0000] {logging_mixin.py:188} INFO - [2024-06-18T02:39:28.041+0000] {dagbag.py:545} INFO - Filling up the DagBag from /home/airflow/.local/lib/python3.12/site-packages/airflow/example_dags/example_bash_operator.py
[2024-06-18T02:39:28.063+0000] {processor.py:840} INFO - DAG(s) 'example_bash_operator' retrieved from /home/airflow/.local/lib/python3.12/site-packages/airflow/example_dags/example_bash_operator.py
[2024-06-18T02:39:28.119+0000] {logging_mixin.py:188} INFO - [2024-06-18T02:39:28.119+0000] {dag.py:3096} INFO - Sync 1 DAGs
[2024-06-18T02:39:28.154+0000] {logging_mixin.py:188} INFO - [2024-06-18T02:39:28.154+0000] {dag.py:3954} INFO - Setting next_dagrun for example_bash_operator to 2024-06-17 00:00:00+00:00, run_after=2024-06-18 00:00:00+00:00
[2024-06-18T02:39:28.175+0000] {processor.py:183} INFO - Processing /home/airflow/.local/lib/python3.12/site-packages/airflow/example_dags/example_bash_operator.py took 0.143 seconds
[2024-06-18T02:40:41.784+0000] {processor.py:161} INFO - Started process (PID=67276) to work on /home/airflow/.local/lib/python3.12/site-packages/airflow/example_dags/example_bash_operator.py
[2024-06-18T02:40:41.795+0000] {processor.py:830} INFO - Processing file /home/airflow/.local/lib/python3.12/site-packages/airflow/example_dags/example_bash_operator.py for tasks to queue
[2024-06-18T02:40:41.804+0000] {logging_mixin.py:188} INFO - [2024-06-18T02:40:41.797+0000] {dagbag.py:545} INFO - Filling up the DagBag from /home/airflow/.local/lib/python3.12/site-packages/airflow/example_dags/example_bash_operator.py
[2024-06-18T02:40:41.920+0000] {processor.py:840} INFO - DAG(s) 'example_bash_operator' retrieved from /home/airflow/.local/lib/python3.12/site-packages/airflow/example_dags/example_bash_operator.py
[2024-06-18T02:40:42.116+0000] {logging_mixin.py:188} INFO - [2024-06-18T02:40:42.116+0000] {dag.py:3096} INFO - Sync 1 DAGs
[2024-06-18T02:40:42.180+0000] {logging_mixin.py:188} INFO - [2024-06-18T02:40:42.179+0000] {dag.py:3954} INFO - Setting next_dagrun for example_bash_operator to 2024-06-17 00:00:00+00:00, run_after=2024-06-18 00:00:00+00:00
[2024-06-18T02:40:42.248+0000] {processor.py:183} INFO - Processing /home/airflow/.local/lib/python3.12/site-packages/airflow/example_dags/example_bash_operator.py took 0.666 seconds
[2024-06-18T02:53:03.535+0000] {processor.py:161} INFO - Started process (PID=67346) to work on /home/airflow/.local/lib/python3.12/site-packages/airflow/example_dags/example_bash_operator.py
[2024-06-18T02:53:03.548+0000] {processor.py:830} INFO - Processing file /home/airflow/.local/lib/python3.12/site-packages/airflow/example_dags/example_bash_operator.py for tasks to queue
[2024-06-18T02:53:03.603+0000] {logging_mixin.py:188} INFO - [2024-06-18T02:53:03.577+0000] {dagbag.py:545} INFO - Filling up the DagBag from /home/airflow/.local/lib/python3.12/site-packages/airflow/example_dags/example_bash_operator.py
[2024-06-18T02:53:03.991+0000] {processor.py:840} INFO - DAG(s) 'example_bash_operator' retrieved from /home/airflow/.local/lib/python3.12/site-packages/airflow/example_dags/example_bash_operator.py
[2024-06-18T02:53:04.039+0000] {logging_mixin.py:188} INFO - [2024-06-18T02:53:04.038+0000] {dag.py:3096} INFO - Sync 1 DAGs
[2024-06-18T02:53:04.227+0000] {logging_mixin.py:188} INFO - [2024-06-18T02:53:04.224+0000] {dag.py:3954} INFO - Setting next_dagrun for example_bash_operator to 2024-06-17 00:00:00+00:00, run_after=2024-06-18 00:00:00+00:00
[2024-06-18T02:53:04.605+0000] {processor.py:183} INFO - Processing /home/airflow/.local/lib/python3.12/site-packages/airflow/example_dags/example_bash_operator.py took 1.077 seconds
[2024-06-18T02:53:34.842+0000] {processor.py:161} INFO - Started process (PID=67398) to work on /home/airflow/.local/lib/python3.12/site-packages/airflow/example_dags/example_bash_operator.py
[2024-06-18T02:53:34.848+0000] {processor.py:830} INFO - Processing file /home/airflow/.local/lib/python3.12/site-packages/airflow/example_dags/example_bash_operator.py for tasks to queue
[2024-06-18T02:53:34.849+0000] {logging_mixin.py:188} INFO - [2024-06-18T02:53:34.849+0000] {dagbag.py:545} INFO - Filling up the DagBag from /home/airflow/.local/lib/python3.12/site-packages/airflow/example_dags/example_bash_operator.py
[2024-06-18T02:53:34.862+0000] {processor.py:840} INFO - DAG(s) 'example_bash_operator' retrieved from /home/airflow/.local/lib/python3.12/site-packages/airflow/example_dags/example_bash_operator.py
[2024-06-18T02:53:34.913+0000] {logging_mixin.py:188} INFO - [2024-06-18T02:53:34.905+0000] {dag.py:3096} INFO - Sync 1 DAGs
[2024-06-18T02:53:34.949+0000] {logging_mixin.py:188} INFO - [2024-06-18T02:53:34.948+0000] {dag.py:3954} INFO - Setting next_dagrun for example_bash_operator to 2024-06-17 00:00:00+00:00, run_after=2024-06-18 00:00:00+00:00
[2024-06-18T02:53:34.993+0000] {processor.py:183} INFO - Processing /home/airflow/.local/lib/python3.12/site-packages/airflow/example_dags/example_bash_operator.py took 0.159 seconds
[2024-06-18T02:54:05.382+0000] {processor.py:161} INFO - Started process (PID=67462) to work on /home/airflow/.local/lib/python3.12/site-packages/airflow/example_dags/example_bash_operator.py
[2024-06-18T02:54:05.384+0000] {processor.py:830} INFO - Processing file /home/airflow/.local/lib/python3.12/site-packages/airflow/example_dags/example_bash_operator.py for tasks to queue
[2024-06-18T02:54:05.384+0000] {logging_mixin.py:188} INFO - [2024-06-18T02:54:05.384+0000] {dagbag.py:545} INFO - Filling up the DagBag from /home/airflow/.local/lib/python3.12/site-packages/airflow/example_dags/example_bash_operator.py
[2024-06-18T02:54:05.396+0000] {processor.py:840} INFO - DAG(s) 'example_bash_operator' retrieved from /home/airflow/.local/lib/python3.12/site-packages/airflow/example_dags/example_bash_operator.py
[2024-06-18T02:54:05.431+0000] {logging_mixin.py:188} INFO - [2024-06-18T02:54:05.431+0000] {dag.py:3096} INFO - Sync 1 DAGs
[2024-06-18T02:54:05.454+0000] {logging_mixin.py:188} INFO - [2024-06-18T02:54:05.454+0000] {dag.py:3954} INFO - Setting next_dagrun for example_bash_operator to 2024-06-17 00:00:00+00:00, run_after=2024-06-18 00:00:00+00:00
[2024-06-18T02:54:05.474+0000] {processor.py:183} INFO - Processing /home/airflow/.local/lib/python3.12/site-packages/airflow/example_dags/example_bash_operator.py took 0.098 seconds
[2024-06-18T02:54:35.585+0000] {processor.py:161} INFO - Started process (PID=67520) to work on /home/airflow/.local/lib/python3.12/site-packages/airflow/example_dags/example_bash_operator.py
[2024-06-18T02:54:35.588+0000] {processor.py:830} INFO - Processing file /home/airflow/.local/lib/python3.12/site-packages/airflow/example_dags/example_bash_operator.py for tasks to queue
[2024-06-18T02:54:35.589+0000] {logging_mixin.py:188} INFO - [2024-06-18T02:54:35.588+0000] {dagbag.py:545} INFO - Filling up the DagBag from /home/airflow/.local/lib/python3.12/site-packages/airflow/example_dags/example_bash_operator.py
[2024-06-18T02:54:35.601+0000] {processor.py:840} INFO - DAG(s) 'example_bash_operator' retrieved from /home/airflow/.local/lib/python3.12/site-packages/airflow/example_dags/example_bash_operator.py
[2024-06-18T02:54:35.637+0000] {logging_mixin.py:188} INFO - [2024-06-18T02:54:35.637+0000] {dag.py:3096} INFO - Sync 1 DAGs
[2024-06-18T02:54:35.665+0000] {logging_mixin.py:188} INFO - [2024-06-18T02:54:35.665+0000] {dag.py:3954} INFO - Setting next_dagrun for example_bash_operator to 2024-06-17 00:00:00+00:00, run_after=2024-06-18 00:00:00+00:00
[2024-06-18T02:54:35.686+0000] {processor.py:183} INFO - Processing /home/airflow/.local/lib/python3.12/site-packages/airflow/example_dags/example_bash_operator.py took 0.108 seconds
[2024-06-18T02:55:05.772+0000] {processor.py:161} INFO - Started process (PID=67578) to work on /home/airflow/.local/lib/python3.12/site-packages/airflow/example_dags/example_bash_operator.py
[2024-06-18T02:55:05.774+0000] {processor.py:830} INFO - Processing file /home/airflow/.local/lib/python3.12/site-packages/airflow/example_dags/example_bash_operator.py for tasks to queue
[2024-06-18T02:55:05.775+0000] {logging_mixin.py:188} INFO - [2024-06-18T02:55:05.775+0000] {dagbag.py:545} INFO - Filling up the DagBag from /home/airflow/.local/lib/python3.12/site-packages/airflow/example_dags/example_bash_operator.py
[2024-06-18T02:55:05.786+0000] {processor.py:840} INFO - DAG(s) 'example_bash_operator' retrieved from /home/airflow/.local/lib/python3.12/site-packages/airflow/example_dags/example_bash_operator.py
[2024-06-18T02:55:05.814+0000] {logging_mixin.py:188} INFO - [2024-06-18T02:55:05.814+0000] {dag.py:3096} INFO - Sync 1 DAGs
[2024-06-18T02:55:05.838+0000] {logging_mixin.py:188} INFO - [2024-06-18T02:55:05.837+0000] {dag.py:3954} INFO - Setting next_dagrun for example_bash_operator to 2024-06-17 00:00:00+00:00, run_after=2024-06-18 00:00:00+00:00
[2024-06-18T02:55:05.859+0000] {processor.py:183} INFO - Processing /home/airflow/.local/lib/python3.12/site-packages/airflow/example_dags/example_bash_operator.py took 0.095 seconds
[2024-06-18T02:55:35.942+0000] {processor.py:161} INFO - Started process (PID=67636) to work on /home/airflow/.local/lib/python3.12/site-packages/airflow/example_dags/example_bash_operator.py
[2024-06-18T02:55:35.944+0000] {processor.py:830} INFO - Processing file /home/airflow/.local/lib/python3.12/site-packages/airflow/example_dags/example_bash_operator.py for tasks to queue
[2024-06-18T02:55:35.945+0000] {logging_mixin.py:188} INFO - [2024-06-18T02:55:35.944+0000] {dagbag.py:545} INFO - Filling up the DagBag from /home/airflow/.local/lib/python3.12/site-packages/airflow/example_dags/example_bash_operator.py
[2024-06-18T02:55:35.957+0000] {processor.py:840} INFO - DAG(s) 'example_bash_operator' retrieved from /home/airflow/.local/lib/python3.12/site-packages/airflow/example_dags/example_bash_operator.py
[2024-06-18T02:55:35.986+0000] {logging_mixin.py:188} INFO - [2024-06-18T02:55:35.985+0000] {dag.py:3096} INFO - Sync 1 DAGs
[2024-06-18T02:55:36.014+0000] {logging_mixin.py:188} INFO - [2024-06-18T02:55:36.014+0000] {dag.py:3954} INFO - Setting next_dagrun for example_bash_operator to 2024-06-17 00:00:00+00:00, run_after=2024-06-18 00:00:00+00:00
[2024-06-18T02:55:36.039+0000] {processor.py:183} INFO - Processing /home/airflow/.local/lib/python3.12/site-packages/airflow/example_dags/example_bash_operator.py took 0.104 seconds
[2024-06-18T02:56:06.114+0000] {processor.py:161} INFO - Started process (PID=67693) to work on /home/airflow/.local/lib/python3.12/site-packages/airflow/example_dags/example_bash_operator.py
[2024-06-18T02:56:06.115+0000] {processor.py:830} INFO - Processing file /home/airflow/.local/lib/python3.12/site-packages/airflow/example_dags/example_bash_operator.py for tasks to queue
[2024-06-18T02:56:06.115+0000] {logging_mixin.py:188} INFO - [2024-06-18T02:56:06.115+0000] {dagbag.py:545} INFO - Filling up the DagBag from /home/airflow/.local/lib/python3.12/site-packages/airflow/example_dags/example_bash_operator.py
[2024-06-18T02:56:06.126+0000] {processor.py:840} INFO - DAG(s) 'example_bash_operator' retrieved from /home/airflow/.local/lib/python3.12/site-packages/airflow/example_dags/example_bash_operator.py
[2024-06-18T02:56:06.155+0000] {logging_mixin.py:188} INFO - [2024-06-18T02:56:06.154+0000] {dag.py:3096} INFO - Sync 1 DAGs
[2024-06-18T02:56:06.178+0000] {logging_mixin.py:188} INFO - [2024-06-18T02:56:06.177+0000] {dag.py:3954} INFO - Setting next_dagrun for example_bash_operator to 2024-06-17 00:00:00+00:00, run_after=2024-06-18 00:00:00+00:00
[2024-06-18T02:56:06.196+0000] {processor.py:183} INFO - Processing /home/airflow/.local/lib/python3.12/site-packages/airflow/example_dags/example_bash_operator.py took 0.087 seconds
