[2024-06-18T02:21:44.332+0000] {processor.py:161} INFO - Started process (PID=65207) to work on /home/airflow/.local/lib/python3.12/site-packages/airflow/example_dags/example_external_task_marker_dag.py
[2024-06-18T02:21:44.333+0000] {processor.py:830} INFO - Processing file /home/airflow/.local/lib/python3.12/site-packages/airflow/example_dags/example_external_task_marker_dag.py for tasks to queue
[2024-06-18T02:21:44.334+0000] {logging_mixin.py:188} INFO - [2024-06-18T02:21:44.334+0000] {dagbag.py:545} INFO - Filling up the DagBag from /home/airflow/.local/lib/python3.12/site-packages/airflow/example_dags/example_external_task_marker_dag.py
[2024-06-18T02:21:44.345+0000] {processor.py:840} INFO - DAG(s) 'example_external_task_marker_parent', 'example_external_task_marker_child' retrieved from /home/airflow/.local/lib/python3.12/site-packages/airflow/example_dags/example_external_task_marker_dag.py
[2024-06-18T02:21:44.397+0000] {logging_mixin.py:188} INFO - [2024-06-18T02:21:44.396+0000] {dag.py:3096} INFO - Sync 2 DAGs
[2024-06-18T02:21:44.430+0000] {logging_mixin.py:188} INFO - [2024-06-18T02:21:44.429+0000] {dag.py:3954} INFO - Setting next_dagrun for example_external_task_marker_child to None, run_after=None
[2024-06-18T02:21:44.439+0000] {logging_mixin.py:188} INFO - [2024-06-18T02:21:44.438+0000] {dag.py:3954} INFO - Setting next_dagrun for example_external_task_marker_parent to None, run_after=None
[2024-06-18T02:21:44.468+0000] {processor.py:183} INFO - Processing /home/airflow/.local/lib/python3.12/site-packages/airflow/example_dags/example_external_task_marker_dag.py took 0.148 seconds
[2024-06-18T02:22:15.649+0000] {processor.py:161} INFO - Started process (PID=65265) to work on /home/airflow/.local/lib/python3.12/site-packages/airflow/example_dags/example_external_task_marker_dag.py
[2024-06-18T02:22:15.650+0000] {processor.py:830} INFO - Processing file /home/airflow/.local/lib/python3.12/site-packages/airflow/example_dags/example_external_task_marker_dag.py for tasks to queue
[2024-06-18T02:22:15.653+0000] {logging_mixin.py:188} INFO - [2024-06-18T02:22:15.651+0000] {dagbag.py:545} INFO - Filling up the DagBag from /home/airflow/.local/lib/python3.12/site-packages/airflow/example_dags/example_external_task_marker_dag.py
[2024-06-18T02:22:15.661+0000] {processor.py:840} INFO - DAG(s) 'example_external_task_marker_child', 'example_external_task_marker_parent' retrieved from /home/airflow/.local/lib/python3.12/site-packages/airflow/example_dags/example_external_task_marker_dag.py
[2024-06-18T02:22:15.694+0000] {logging_mixin.py:188} INFO - [2024-06-18T02:22:15.694+0000] {dag.py:3096} INFO - Sync 2 DAGs
[2024-06-18T02:22:15.712+0000] {logging_mixin.py:188} INFO - [2024-06-18T02:22:15.712+0000] {dag.py:3954} INFO - Setting next_dagrun for example_external_task_marker_child to None, run_after=None
[2024-06-18T02:22:15.719+0000] {logging_mixin.py:188} INFO - [2024-06-18T02:22:15.719+0000] {dag.py:3954} INFO - Setting next_dagrun for example_external_task_marker_parent to None, run_after=None
[2024-06-18T02:22:15.741+0000] {processor.py:183} INFO - Processing /home/airflow/.local/lib/python3.12/site-packages/airflow/example_dags/example_external_task_marker_dag.py took 0.097 seconds
[2024-06-18T02:22:46.352+0000] {processor.py:161} INFO - Started process (PID=65323) to work on /home/airflow/.local/lib/python3.12/site-packages/airflow/example_dags/example_external_task_marker_dag.py
[2024-06-18T02:22:46.353+0000] {processor.py:830} INFO - Processing file /home/airflow/.local/lib/python3.12/site-packages/airflow/example_dags/example_external_task_marker_dag.py for tasks to queue
[2024-06-18T02:22:46.354+0000] {logging_mixin.py:188} INFO - [2024-06-18T02:22:46.354+0000] {dagbag.py:545} INFO - Filling up the DagBag from /home/airflow/.local/lib/python3.12/site-packages/airflow/example_dags/example_external_task_marker_dag.py
[2024-06-18T02:22:46.360+0000] {processor.py:840} INFO - DAG(s) 'example_external_task_marker_child', 'example_external_task_marker_parent' retrieved from /home/airflow/.local/lib/python3.12/site-packages/airflow/example_dags/example_external_task_marker_dag.py
[2024-06-18T02:22:46.385+0000] {logging_mixin.py:188} INFO - [2024-06-18T02:22:46.385+0000] {dag.py:3096} INFO - Sync 2 DAGs
[2024-06-18T02:22:46.399+0000] {logging_mixin.py:188} INFO - [2024-06-18T02:22:46.399+0000] {dag.py:3954} INFO - Setting next_dagrun for example_external_task_marker_child to None, run_after=None
[2024-06-18T02:22:46.404+0000] {logging_mixin.py:188} INFO - [2024-06-18T02:22:46.404+0000] {dag.py:3954} INFO - Setting next_dagrun for example_external_task_marker_parent to None, run_after=None
[2024-06-18T02:22:46.424+0000] {processor.py:183} INFO - Processing /home/airflow/.local/lib/python3.12/site-packages/airflow/example_dags/example_external_task_marker_dag.py took 0.078 seconds
[2024-06-18T02:23:16.939+0000] {processor.py:161} INFO - Started process (PID=65382) to work on /home/airflow/.local/lib/python3.12/site-packages/airflow/example_dags/example_external_task_marker_dag.py
[2024-06-18T02:23:16.940+0000] {processor.py:830} INFO - Processing file /home/airflow/.local/lib/python3.12/site-packages/airflow/example_dags/example_external_task_marker_dag.py for tasks to queue
[2024-06-18T02:23:16.941+0000] {logging_mixin.py:188} INFO - [2024-06-18T02:23:16.940+0000] {dagbag.py:545} INFO - Filling up the DagBag from /home/airflow/.local/lib/python3.12/site-packages/airflow/example_dags/example_external_task_marker_dag.py
[2024-06-18T02:23:16.949+0000] {processor.py:840} INFO - DAG(s) 'example_external_task_marker_child', 'example_external_task_marker_parent' retrieved from /home/airflow/.local/lib/python3.12/site-packages/airflow/example_dags/example_external_task_marker_dag.py
[2024-06-18T02:23:16.979+0000] {logging_mixin.py:188} INFO - [2024-06-18T02:23:16.979+0000] {dag.py:3096} INFO - Sync 2 DAGs
[2024-06-18T02:23:16.996+0000] {logging_mixin.py:188} INFO - [2024-06-18T02:23:16.995+0000] {dag.py:3954} INFO - Setting next_dagrun for example_external_task_marker_child to None, run_after=None
[2024-06-18T02:23:17.002+0000] {logging_mixin.py:188} INFO - [2024-06-18T02:23:17.002+0000] {dag.py:3954} INFO - Setting next_dagrun for example_external_task_marker_parent to None, run_after=None
[2024-06-18T02:23:17.036+0000] {processor.py:183} INFO - Processing /home/airflow/.local/lib/python3.12/site-packages/airflow/example_dags/example_external_task_marker_dag.py took 0.104 seconds
[2024-06-18T02:23:47.470+0000] {processor.py:161} INFO - Started process (PID=65440) to work on /home/airflow/.local/lib/python3.12/site-packages/airflow/example_dags/example_external_task_marker_dag.py
[2024-06-18T02:23:47.471+0000] {processor.py:830} INFO - Processing file /home/airflow/.local/lib/python3.12/site-packages/airflow/example_dags/example_external_task_marker_dag.py for tasks to queue
[2024-06-18T02:23:47.472+0000] {logging_mixin.py:188} INFO - [2024-06-18T02:23:47.471+0000] {dagbag.py:545} INFO - Filling up the DagBag from /home/airflow/.local/lib/python3.12/site-packages/airflow/example_dags/example_external_task_marker_dag.py
[2024-06-18T02:23:47.478+0000] {processor.py:840} INFO - DAG(s) 'example_external_task_marker_child', 'example_external_task_marker_parent' retrieved from /home/airflow/.local/lib/python3.12/site-packages/airflow/example_dags/example_external_task_marker_dag.py
[2024-06-18T02:23:47.507+0000] {logging_mixin.py:188} INFO - [2024-06-18T02:23:47.507+0000] {dag.py:3096} INFO - Sync 2 DAGs
[2024-06-18T02:23:47.521+0000] {logging_mixin.py:188} INFO - [2024-06-18T02:23:47.521+0000] {dag.py:3954} INFO - Setting next_dagrun for example_external_task_marker_child to None, run_after=None
[2024-06-18T02:23:47.525+0000] {logging_mixin.py:188} INFO - [2024-06-18T02:23:47.525+0000] {dag.py:3954} INFO - Setting next_dagrun for example_external_task_marker_parent to None, run_after=None
[2024-06-18T02:23:47.543+0000] {processor.py:183} INFO - Processing /home/airflow/.local/lib/python3.12/site-packages/airflow/example_dags/example_external_task_marker_dag.py took 0.080 seconds
[2024-06-18T02:24:18.478+0000] {processor.py:161} INFO - Started process (PID=65498) to work on /home/airflow/.local/lib/python3.12/site-packages/airflow/example_dags/example_external_task_marker_dag.py
[2024-06-18T02:24:18.479+0000] {processor.py:830} INFO - Processing file /home/airflow/.local/lib/python3.12/site-packages/airflow/example_dags/example_external_task_marker_dag.py for tasks to queue
[2024-06-18T02:24:18.480+0000] {logging_mixin.py:188} INFO - [2024-06-18T02:24:18.480+0000] {dagbag.py:545} INFO - Filling up the DagBag from /home/airflow/.local/lib/python3.12/site-packages/airflow/example_dags/example_external_task_marker_dag.py
[2024-06-18T02:24:18.486+0000] {processor.py:840} INFO - DAG(s) 'example_external_task_marker_child', 'example_external_task_marker_parent' retrieved from /home/airflow/.local/lib/python3.12/site-packages/airflow/example_dags/example_external_task_marker_dag.py
[2024-06-18T02:24:18.519+0000] {logging_mixin.py:188} INFO - [2024-06-18T02:24:18.518+0000] {dag.py:3096} INFO - Sync 2 DAGs
[2024-06-18T02:24:18.545+0000] {logging_mixin.py:188} INFO - [2024-06-18T02:24:18.545+0000] {dag.py:3954} INFO - Setting next_dagrun for example_external_task_marker_child to None, run_after=None
[2024-06-18T02:24:18.554+0000] {logging_mixin.py:188} INFO - [2024-06-18T02:24:18.554+0000] {dag.py:3954} INFO - Setting next_dagrun for example_external_task_marker_parent to None, run_after=None
[2024-06-18T02:24:18.593+0000] {processor.py:183} INFO - Processing /home/airflow/.local/lib/python3.12/site-packages/airflow/example_dags/example_external_task_marker_dag.py took 0.120 seconds
[2024-06-18T02:24:49.488+0000] {processor.py:161} INFO - Started process (PID=65556) to work on /home/airflow/.local/lib/python3.12/site-packages/airflow/example_dags/example_external_task_marker_dag.py
[2024-06-18T02:24:49.490+0000] {processor.py:830} INFO - Processing file /home/airflow/.local/lib/python3.12/site-packages/airflow/example_dags/example_external_task_marker_dag.py for tasks to queue
[2024-06-18T02:24:49.491+0000] {logging_mixin.py:188} INFO - [2024-06-18T02:24:49.490+0000] {dagbag.py:545} INFO - Filling up the DagBag from /home/airflow/.local/lib/python3.12/site-packages/airflow/example_dags/example_external_task_marker_dag.py
[2024-06-18T02:24:49.498+0000] {processor.py:840} INFO - DAG(s) 'example_external_task_marker_parent', 'example_external_task_marker_child' retrieved from /home/airflow/.local/lib/python3.12/site-packages/airflow/example_dags/example_external_task_marker_dag.py
[2024-06-18T02:24:49.535+0000] {logging_mixin.py:188} INFO - [2024-06-18T02:24:49.534+0000] {dag.py:3096} INFO - Sync 2 DAGs
[2024-06-18T02:24:49.558+0000] {logging_mixin.py:188} INFO - [2024-06-18T02:24:49.557+0000] {dag.py:3954} INFO - Setting next_dagrun for example_external_task_marker_child to None, run_after=None
[2024-06-18T02:24:49.567+0000] {logging_mixin.py:188} INFO - [2024-06-18T02:24:49.567+0000] {dag.py:3954} INFO - Setting next_dagrun for example_external_task_marker_parent to None, run_after=None
[2024-06-18T02:24:49.614+0000] {processor.py:183} INFO - Processing /home/airflow/.local/lib/python3.12/site-packages/airflow/example_dags/example_external_task_marker_dag.py took 0.134 seconds
[2024-06-18T02:25:19.907+0000] {processor.py:161} INFO - Started process (PID=65614) to work on /home/airflow/.local/lib/python3.12/site-packages/airflow/example_dags/example_external_task_marker_dag.py
[2024-06-18T02:25:19.909+0000] {processor.py:830} INFO - Processing file /home/airflow/.local/lib/python3.12/site-packages/airflow/example_dags/example_external_task_marker_dag.py for tasks to queue
[2024-06-18T02:25:19.910+0000] {logging_mixin.py:188} INFO - [2024-06-18T02:25:19.909+0000] {dagbag.py:545} INFO - Filling up the DagBag from /home/airflow/.local/lib/python3.12/site-packages/airflow/example_dags/example_external_task_marker_dag.py
[2024-06-18T02:25:19.916+0000] {processor.py:840} INFO - DAG(s) 'example_external_task_marker_child', 'example_external_task_marker_parent' retrieved from /home/airflow/.local/lib/python3.12/site-packages/airflow/example_dags/example_external_task_marker_dag.py
[2024-06-18T02:25:19.946+0000] {logging_mixin.py:188} INFO - [2024-06-18T02:25:19.946+0000] {dag.py:3096} INFO - Sync 2 DAGs
[2024-06-18T02:25:19.961+0000] {logging_mixin.py:188} INFO - [2024-06-18T02:25:19.961+0000] {dag.py:3954} INFO - Setting next_dagrun for example_external_task_marker_child to None, run_after=None
[2024-06-18T02:25:19.965+0000] {logging_mixin.py:188} INFO - [2024-06-18T02:25:19.965+0000] {dag.py:3954} INFO - Setting next_dagrun for example_external_task_marker_parent to None, run_after=None
[2024-06-18T02:25:19.989+0000] {processor.py:183} INFO - Processing /home/airflow/.local/lib/python3.12/site-packages/airflow/example_dags/example_external_task_marker_dag.py took 0.089 seconds
[2024-06-18T02:25:50.304+0000] {processor.py:161} INFO - Started process (PID=65672) to work on /home/airflow/.local/lib/python3.12/site-packages/airflow/example_dags/example_external_task_marker_dag.py
[2024-06-18T02:25:50.306+0000] {processor.py:830} INFO - Processing file /home/airflow/.local/lib/python3.12/site-packages/airflow/example_dags/example_external_task_marker_dag.py for tasks to queue
[2024-06-18T02:25:50.308+0000] {logging_mixin.py:188} INFO - [2024-06-18T02:25:50.307+0000] {dagbag.py:545} INFO - Filling up the DagBag from /home/airflow/.local/lib/python3.12/site-packages/airflow/example_dags/example_external_task_marker_dag.py
[2024-06-18T02:25:50.316+0000] {processor.py:840} INFO - DAG(s) 'example_external_task_marker_child', 'example_external_task_marker_parent' retrieved from /home/airflow/.local/lib/python3.12/site-packages/airflow/example_dags/example_external_task_marker_dag.py
[2024-06-18T02:25:50.348+0000] {logging_mixin.py:188} INFO - [2024-06-18T02:25:50.348+0000] {dag.py:3096} INFO - Sync 2 DAGs
[2024-06-18T02:25:50.371+0000] {logging_mixin.py:188} INFO - [2024-06-18T02:25:50.370+0000] {dag.py:3954} INFO - Setting next_dagrun for example_external_task_marker_child to None, run_after=None
[2024-06-18T02:25:50.388+0000] {logging_mixin.py:188} INFO - [2024-06-18T02:25:50.388+0000] {dag.py:3954} INFO - Setting next_dagrun for example_external_task_marker_parent to None, run_after=None
[2024-06-18T02:25:50.468+0000] {processor.py:183} INFO - Processing /home/airflow/.local/lib/python3.12/site-packages/airflow/example_dags/example_external_task_marker_dag.py took 0.175 seconds
[2024-06-18T02:26:20.764+0000] {processor.py:161} INFO - Started process (PID=65730) to work on /home/airflow/.local/lib/python3.12/site-packages/airflow/example_dags/example_external_task_marker_dag.py
[2024-06-18T02:26:20.765+0000] {processor.py:830} INFO - Processing file /home/airflow/.local/lib/python3.12/site-packages/airflow/example_dags/example_external_task_marker_dag.py for tasks to queue
[2024-06-18T02:26:20.766+0000] {logging_mixin.py:188} INFO - [2024-06-18T02:26:20.766+0000] {dagbag.py:545} INFO - Filling up the DagBag from /home/airflow/.local/lib/python3.12/site-packages/airflow/example_dags/example_external_task_marker_dag.py
[2024-06-18T02:26:20.773+0000] {processor.py:840} INFO - DAG(s) 'example_external_task_marker_child', 'example_external_task_marker_parent' retrieved from /home/airflow/.local/lib/python3.12/site-packages/airflow/example_dags/example_external_task_marker_dag.py
[2024-06-18T02:26:20.812+0000] {logging_mixin.py:188} INFO - [2024-06-18T02:26:20.811+0000] {dag.py:3096} INFO - Sync 2 DAGs
[2024-06-18T02:26:20.831+0000] {logging_mixin.py:188} INFO - [2024-06-18T02:26:20.831+0000] {dag.py:3954} INFO - Setting next_dagrun for example_external_task_marker_child to None, run_after=None
[2024-06-18T02:26:20.837+0000] {logging_mixin.py:188} INFO - [2024-06-18T02:26:20.837+0000] {dag.py:3954} INFO - Setting next_dagrun for example_external_task_marker_parent to None, run_after=None
[2024-06-18T02:26:20.864+0000] {processor.py:183} INFO - Processing /home/airflow/.local/lib/python3.12/site-packages/airflow/example_dags/example_external_task_marker_dag.py took 0.108 seconds
[2024-06-18T02:26:51.192+0000] {processor.py:161} INFO - Started process (PID=65789) to work on /home/airflow/.local/lib/python3.12/site-packages/airflow/example_dags/example_external_task_marker_dag.py
[2024-06-18T02:26:51.194+0000] {processor.py:830} INFO - Processing file /home/airflow/.local/lib/python3.12/site-packages/airflow/example_dags/example_external_task_marker_dag.py for tasks to queue
[2024-06-18T02:26:51.195+0000] {logging_mixin.py:188} INFO - [2024-06-18T02:26:51.194+0000] {dagbag.py:545} INFO - Filling up the DagBag from /home/airflow/.local/lib/python3.12/site-packages/airflow/example_dags/example_external_task_marker_dag.py
[2024-06-18T02:26:51.203+0000] {processor.py:840} INFO - DAG(s) 'example_external_task_marker_parent', 'example_external_task_marker_child' retrieved from /home/airflow/.local/lib/python3.12/site-packages/airflow/example_dags/example_external_task_marker_dag.py
[2024-06-18T02:26:51.235+0000] {logging_mixin.py:188} INFO - [2024-06-18T02:26:51.235+0000] {dag.py:3096} INFO - Sync 2 DAGs
[2024-06-18T02:26:51.254+0000] {logging_mixin.py:188} INFO - [2024-06-18T02:26:51.254+0000] {dag.py:3954} INFO - Setting next_dagrun for example_external_task_marker_child to None, run_after=None
[2024-06-18T02:26:51.260+0000] {logging_mixin.py:188} INFO - [2024-06-18T02:26:51.260+0000] {dag.py:3954} INFO - Setting next_dagrun for example_external_task_marker_parent to None, run_after=None
[2024-06-18T02:26:51.283+0000] {processor.py:183} INFO - Processing /home/airflow/.local/lib/python3.12/site-packages/airflow/example_dags/example_external_task_marker_dag.py took 0.099 seconds
[2024-06-18T02:27:21.761+0000] {processor.py:161} INFO - Started process (PID=65847) to work on /home/airflow/.local/lib/python3.12/site-packages/airflow/example_dags/example_external_task_marker_dag.py
[2024-06-18T02:27:21.764+0000] {processor.py:830} INFO - Processing file /home/airflow/.local/lib/python3.12/site-packages/airflow/example_dags/example_external_task_marker_dag.py for tasks to queue
[2024-06-18T02:27:21.765+0000] {logging_mixin.py:188} INFO - [2024-06-18T02:27:21.764+0000] {dagbag.py:545} INFO - Filling up the DagBag from /home/airflow/.local/lib/python3.12/site-packages/airflow/example_dags/example_external_task_marker_dag.py
[2024-06-18T02:27:21.774+0000] {processor.py:840} INFO - DAG(s) 'example_external_task_marker_parent', 'example_external_task_marker_child' retrieved from /home/airflow/.local/lib/python3.12/site-packages/airflow/example_dags/example_external_task_marker_dag.py
[2024-06-18T02:27:21.807+0000] {logging_mixin.py:188} INFO - [2024-06-18T02:27:21.807+0000] {dag.py:3096} INFO - Sync 2 DAGs
[2024-06-18T02:27:21.826+0000] {logging_mixin.py:188} INFO - [2024-06-18T02:27:21.825+0000] {dag.py:3954} INFO - Setting next_dagrun for example_external_task_marker_child to None, run_after=None
[2024-06-18T02:27:21.832+0000] {logging_mixin.py:188} INFO - [2024-06-18T02:27:21.831+0000] {dag.py:3954} INFO - Setting next_dagrun for example_external_task_marker_parent to None, run_after=None
[2024-06-18T02:27:21.853+0000] {processor.py:183} INFO - Processing /home/airflow/.local/lib/python3.12/site-packages/airflow/example_dags/example_external_task_marker_dag.py took 0.102 seconds
[2024-06-18T02:27:51.914+0000] {processor.py:161} INFO - Started process (PID=65904) to work on /home/airflow/.local/lib/python3.12/site-packages/airflow/example_dags/example_external_task_marker_dag.py
[2024-06-18T02:27:51.916+0000] {processor.py:830} INFO - Processing file /home/airflow/.local/lib/python3.12/site-packages/airflow/example_dags/example_external_task_marker_dag.py for tasks to queue
[2024-06-18T02:27:51.917+0000] {logging_mixin.py:188} INFO - [2024-06-18T02:27:51.916+0000] {dagbag.py:545} INFO - Filling up the DagBag from /home/airflow/.local/lib/python3.12/site-packages/airflow/example_dags/example_external_task_marker_dag.py
[2024-06-18T02:27:51.922+0000] {processor.py:840} INFO - DAG(s) 'example_external_task_marker_parent', 'example_external_task_marker_child' retrieved from /home/airflow/.local/lib/python3.12/site-packages/airflow/example_dags/example_external_task_marker_dag.py
[2024-06-18T02:27:51.947+0000] {logging_mixin.py:188} INFO - [2024-06-18T02:27:51.946+0000] {dag.py:3096} INFO - Sync 2 DAGs
[2024-06-18T02:27:51.960+0000] {logging_mixin.py:188} INFO - [2024-06-18T02:27:51.960+0000] {dag.py:3954} INFO - Setting next_dagrun for example_external_task_marker_child to None, run_after=None
[2024-06-18T02:27:51.964+0000] {logging_mixin.py:188} INFO - [2024-06-18T02:27:51.964+0000] {dag.py:3954} INFO - Setting next_dagrun for example_external_task_marker_parent to None, run_after=None
[2024-06-18T02:27:51.984+0000] {processor.py:183} INFO - Processing /home/airflow/.local/lib/python3.12/site-packages/airflow/example_dags/example_external_task_marker_dag.py took 0.076 seconds
[2024-06-18T02:28:22.516+0000] {processor.py:161} INFO - Started process (PID=65962) to work on /home/airflow/.local/lib/python3.12/site-packages/airflow/example_dags/example_external_task_marker_dag.py
[2024-06-18T02:28:22.518+0000] {processor.py:830} INFO - Processing file /home/airflow/.local/lib/python3.12/site-packages/airflow/example_dags/example_external_task_marker_dag.py for tasks to queue
[2024-06-18T02:28:22.518+0000] {logging_mixin.py:188} INFO - [2024-06-18T02:28:22.518+0000] {dagbag.py:545} INFO - Filling up the DagBag from /home/airflow/.local/lib/python3.12/site-packages/airflow/example_dags/example_external_task_marker_dag.py
[2024-06-18T02:28:22.525+0000] {processor.py:840} INFO - DAG(s) 'example_external_task_marker_parent', 'example_external_task_marker_child' retrieved from /home/airflow/.local/lib/python3.12/site-packages/airflow/example_dags/example_external_task_marker_dag.py
[2024-06-18T02:28:22.551+0000] {logging_mixin.py:188} INFO - [2024-06-18T02:28:22.550+0000] {dag.py:3096} INFO - Sync 2 DAGs
[2024-06-18T02:28:22.568+0000] {logging_mixin.py:188} INFO - [2024-06-18T02:28:22.568+0000] {dag.py:3954} INFO - Setting next_dagrun for example_external_task_marker_child to None, run_after=None
[2024-06-18T02:28:22.574+0000] {logging_mixin.py:188} INFO - [2024-06-18T02:28:22.574+0000] {dag.py:3954} INFO - Setting next_dagrun for example_external_task_marker_parent to None, run_after=None
[2024-06-18T02:28:22.591+0000] {processor.py:183} INFO - Processing /home/airflow/.local/lib/python3.12/site-packages/airflow/example_dags/example_external_task_marker_dag.py took 0.080 seconds
[2024-06-18T02:28:52.925+0000] {processor.py:161} INFO - Started process (PID=66022) to work on /home/airflow/.local/lib/python3.12/site-packages/airflow/example_dags/example_external_task_marker_dag.py
[2024-06-18T02:28:52.926+0000] {processor.py:830} INFO - Processing file /home/airflow/.local/lib/python3.12/site-packages/airflow/example_dags/example_external_task_marker_dag.py for tasks to queue
[2024-06-18T02:28:52.926+0000] {logging_mixin.py:188} INFO - [2024-06-18T02:28:52.926+0000] {dagbag.py:545} INFO - Filling up the DagBag from /home/airflow/.local/lib/python3.12/site-packages/airflow/example_dags/example_external_task_marker_dag.py
[2024-06-18T02:28:52.931+0000] {processor.py:840} INFO - DAG(s) 'example_external_task_marker_parent', 'example_external_task_marker_child' retrieved from /home/airflow/.local/lib/python3.12/site-packages/airflow/example_dags/example_external_task_marker_dag.py
[2024-06-18T02:28:52.958+0000] {logging_mixin.py:188} INFO - [2024-06-18T02:28:52.957+0000] {dag.py:3096} INFO - Sync 2 DAGs
[2024-06-18T02:28:52.974+0000] {logging_mixin.py:188} INFO - [2024-06-18T02:28:52.974+0000] {dag.py:3954} INFO - Setting next_dagrun for example_external_task_marker_child to None, run_after=None
[2024-06-18T02:28:52.978+0000] {logging_mixin.py:188} INFO - [2024-06-18T02:28:52.978+0000] {dag.py:3954} INFO - Setting next_dagrun for example_external_task_marker_parent to None, run_after=None
[2024-06-18T02:28:52.998+0000] {processor.py:183} INFO - Processing /home/airflow/.local/lib/python3.12/site-packages/airflow/example_dags/example_external_task_marker_dag.py took 0.079 seconds
[2024-06-18T02:29:23.377+0000] {processor.py:161} INFO - Started process (PID=66080) to work on /home/airflow/.local/lib/python3.12/site-packages/airflow/example_dags/example_external_task_marker_dag.py
[2024-06-18T02:29:23.378+0000] {processor.py:830} INFO - Processing file /home/airflow/.local/lib/python3.12/site-packages/airflow/example_dags/example_external_task_marker_dag.py for tasks to queue
[2024-06-18T02:29:23.379+0000] {logging_mixin.py:188} INFO - [2024-06-18T02:29:23.379+0000] {dagbag.py:545} INFO - Filling up the DagBag from /home/airflow/.local/lib/python3.12/site-packages/airflow/example_dags/example_external_task_marker_dag.py
[2024-06-18T02:29:23.387+0000] {processor.py:840} INFO - DAG(s) 'example_external_task_marker_parent', 'example_external_task_marker_child' retrieved from /home/airflow/.local/lib/python3.12/site-packages/airflow/example_dags/example_external_task_marker_dag.py
[2024-06-18T02:29:23.415+0000] {logging_mixin.py:188} INFO - [2024-06-18T02:29:23.415+0000] {dag.py:3096} INFO - Sync 2 DAGs
[2024-06-18T02:29:23.430+0000] {logging_mixin.py:188} INFO - [2024-06-18T02:29:23.429+0000] {dag.py:3954} INFO - Setting next_dagrun for example_external_task_marker_child to None, run_after=None
[2024-06-18T02:29:23.434+0000] {logging_mixin.py:188} INFO - [2024-06-18T02:29:23.433+0000] {dag.py:3954} INFO - Setting next_dagrun for example_external_task_marker_parent to None, run_after=None
[2024-06-18T02:29:23.454+0000] {processor.py:183} INFO - Processing /home/airflow/.local/lib/python3.12/site-packages/airflow/example_dags/example_external_task_marker_dag.py took 0.085 seconds
[2024-06-18T02:29:54.383+0000] {processor.py:161} INFO - Started process (PID=66138) to work on /home/airflow/.local/lib/python3.12/site-packages/airflow/example_dags/example_external_task_marker_dag.py
[2024-06-18T02:29:54.384+0000] {processor.py:830} INFO - Processing file /home/airflow/.local/lib/python3.12/site-packages/airflow/example_dags/example_external_task_marker_dag.py for tasks to queue
[2024-06-18T02:29:54.385+0000] {logging_mixin.py:188} INFO - [2024-06-18T02:29:54.385+0000] {dagbag.py:545} INFO - Filling up the DagBag from /home/airflow/.local/lib/python3.12/site-packages/airflow/example_dags/example_external_task_marker_dag.py
[2024-06-18T02:29:54.392+0000] {processor.py:840} INFO - DAG(s) 'example_external_task_marker_parent', 'example_external_task_marker_child' retrieved from /home/airflow/.local/lib/python3.12/site-packages/airflow/example_dags/example_external_task_marker_dag.py
[2024-06-18T02:29:54.425+0000] {logging_mixin.py:188} INFO - [2024-06-18T02:29:54.425+0000] {dag.py:3096} INFO - Sync 2 DAGs
[2024-06-18T02:29:54.443+0000] {logging_mixin.py:188} INFO - [2024-06-18T02:29:54.443+0000] {dag.py:3954} INFO - Setting next_dagrun for example_external_task_marker_child to None, run_after=None
[2024-06-18T02:29:54.448+0000] {logging_mixin.py:188} INFO - [2024-06-18T02:29:54.448+0000] {dag.py:3954} INFO - Setting next_dagrun for example_external_task_marker_parent to None, run_after=None
[2024-06-18T02:29:54.467+0000] {processor.py:183} INFO - Processing /home/airflow/.local/lib/python3.12/site-packages/airflow/example_dags/example_external_task_marker_dag.py took 0.091 seconds
[2024-06-18T02:30:25.109+0000] {processor.py:161} INFO - Started process (PID=66196) to work on /home/airflow/.local/lib/python3.12/site-packages/airflow/example_dags/example_external_task_marker_dag.py
[2024-06-18T02:30:25.110+0000] {processor.py:830} INFO - Processing file /home/airflow/.local/lib/python3.12/site-packages/airflow/example_dags/example_external_task_marker_dag.py for tasks to queue
[2024-06-18T02:30:25.111+0000] {logging_mixin.py:188} INFO - [2024-06-18T02:30:25.110+0000] {dagbag.py:545} INFO - Filling up the DagBag from /home/airflow/.local/lib/python3.12/site-packages/airflow/example_dags/example_external_task_marker_dag.py
[2024-06-18T02:30:25.117+0000] {processor.py:840} INFO - DAG(s) 'example_external_task_marker_parent', 'example_external_task_marker_child' retrieved from /home/airflow/.local/lib/python3.12/site-packages/airflow/example_dags/example_external_task_marker_dag.py
[2024-06-18T02:30:25.145+0000] {logging_mixin.py:188} INFO - [2024-06-18T02:30:25.145+0000] {dag.py:3096} INFO - Sync 2 DAGs
[2024-06-18T02:30:25.185+0000] {logging_mixin.py:188} INFO - [2024-06-18T02:30:25.185+0000] {dag.py:3954} INFO - Setting next_dagrun for example_external_task_marker_child to None, run_after=None
[2024-06-18T02:30:25.194+0000] {logging_mixin.py:188} INFO - [2024-06-18T02:30:25.194+0000] {dag.py:3954} INFO - Setting next_dagrun for example_external_task_marker_parent to None, run_after=None
[2024-06-18T02:30:25.229+0000] {processor.py:183} INFO - Processing /home/airflow/.local/lib/python3.12/site-packages/airflow/example_dags/example_external_task_marker_dag.py took 0.128 seconds
[2024-06-18T02:30:55.611+0000] {processor.py:161} INFO - Started process (PID=66254) to work on /home/airflow/.local/lib/python3.12/site-packages/airflow/example_dags/example_external_task_marker_dag.py
[2024-06-18T02:30:55.613+0000] {processor.py:830} INFO - Processing file /home/airflow/.local/lib/python3.12/site-packages/airflow/example_dags/example_external_task_marker_dag.py for tasks to queue
[2024-06-18T02:30:55.613+0000] {logging_mixin.py:188} INFO - [2024-06-18T02:30:55.613+0000] {dagbag.py:545} INFO - Filling up the DagBag from /home/airflow/.local/lib/python3.12/site-packages/airflow/example_dags/example_external_task_marker_dag.py
[2024-06-18T02:30:55.619+0000] {processor.py:840} INFO - DAG(s) 'example_external_task_marker_child', 'example_external_task_marker_parent' retrieved from /home/airflow/.local/lib/python3.12/site-packages/airflow/example_dags/example_external_task_marker_dag.py
[2024-06-18T02:30:55.644+0000] {logging_mixin.py:188} INFO - [2024-06-18T02:30:55.644+0000] {dag.py:3096} INFO - Sync 2 DAGs
[2024-06-18T02:30:55.657+0000] {logging_mixin.py:188} INFO - [2024-06-18T02:30:55.656+0000] {dag.py:3954} INFO - Setting next_dagrun for example_external_task_marker_child to None, run_after=None
[2024-06-18T02:30:55.661+0000] {logging_mixin.py:188} INFO - [2024-06-18T02:30:55.661+0000] {dag.py:3954} INFO - Setting next_dagrun for example_external_task_marker_parent to None, run_after=None
[2024-06-18T02:30:55.679+0000] {processor.py:183} INFO - Processing /home/airflow/.local/lib/python3.12/site-packages/airflow/example_dags/example_external_task_marker_dag.py took 0.073 seconds
[2024-06-18T02:31:25.996+0000] {processor.py:161} INFO - Started process (PID=66312) to work on /home/airflow/.local/lib/python3.12/site-packages/airflow/example_dags/example_external_task_marker_dag.py
[2024-06-18T02:31:25.997+0000] {processor.py:830} INFO - Processing file /home/airflow/.local/lib/python3.12/site-packages/airflow/example_dags/example_external_task_marker_dag.py for tasks to queue
[2024-06-18T02:31:25.998+0000] {logging_mixin.py:188} INFO - [2024-06-18T02:31:25.998+0000] {dagbag.py:545} INFO - Filling up the DagBag from /home/airflow/.local/lib/python3.12/site-packages/airflow/example_dags/example_external_task_marker_dag.py
[2024-06-18T02:31:26.004+0000] {processor.py:840} INFO - DAG(s) 'example_external_task_marker_child', 'example_external_task_marker_parent' retrieved from /home/airflow/.local/lib/python3.12/site-packages/airflow/example_dags/example_external_task_marker_dag.py
[2024-06-18T02:31:26.027+0000] {logging_mixin.py:188} INFO - [2024-06-18T02:31:26.027+0000] {dag.py:3096} INFO - Sync 2 DAGs
[2024-06-18T02:31:26.041+0000] {logging_mixin.py:188} INFO - [2024-06-18T02:31:26.041+0000] {dag.py:3954} INFO - Setting next_dagrun for example_external_task_marker_child to None, run_after=None
[2024-06-18T02:31:26.045+0000] {logging_mixin.py:188} INFO - [2024-06-18T02:31:26.045+0000] {dag.py:3954} INFO - Setting next_dagrun for example_external_task_marker_parent to None, run_after=None
[2024-06-18T02:31:26.063+0000] {processor.py:183} INFO - Processing /home/airflow/.local/lib/python3.12/site-packages/airflow/example_dags/example_external_task_marker_dag.py took 0.074 seconds
[2024-06-18T02:31:56.575+0000] {processor.py:161} INFO - Started process (PID=66370) to work on /home/airflow/.local/lib/python3.12/site-packages/airflow/example_dags/example_external_task_marker_dag.py
[2024-06-18T02:31:56.576+0000] {processor.py:830} INFO - Processing file /home/airflow/.local/lib/python3.12/site-packages/airflow/example_dags/example_external_task_marker_dag.py for tasks to queue
[2024-06-18T02:31:56.577+0000] {logging_mixin.py:188} INFO - [2024-06-18T02:31:56.577+0000] {dagbag.py:545} INFO - Filling up the DagBag from /home/airflow/.local/lib/python3.12/site-packages/airflow/example_dags/example_external_task_marker_dag.py
[2024-06-18T02:31:56.585+0000] {processor.py:840} INFO - DAG(s) 'example_external_task_marker_parent', 'example_external_task_marker_child' retrieved from /home/airflow/.local/lib/python3.12/site-packages/airflow/example_dags/example_external_task_marker_dag.py
[2024-06-18T02:31:56.619+0000] {logging_mixin.py:188} INFO - [2024-06-18T02:31:56.619+0000] {dag.py:3096} INFO - Sync 2 DAGs
[2024-06-18T02:31:56.637+0000] {logging_mixin.py:188} INFO - [2024-06-18T02:31:56.637+0000] {dag.py:3954} INFO - Setting next_dagrun for example_external_task_marker_child to None, run_after=None
[2024-06-18T02:31:56.641+0000] {logging_mixin.py:188} INFO - [2024-06-18T02:31:56.641+0000] {dag.py:3954} INFO - Setting next_dagrun for example_external_task_marker_parent to None, run_after=None
[2024-06-18T02:31:56.664+0000] {processor.py:183} INFO - Processing /home/airflow/.local/lib/python3.12/site-packages/airflow/example_dags/example_external_task_marker_dag.py took 0.099 seconds
[2024-06-18T02:32:27.410+0000] {processor.py:161} INFO - Started process (PID=66428) to work on /home/airflow/.local/lib/python3.12/site-packages/airflow/example_dags/example_external_task_marker_dag.py
[2024-06-18T02:32:27.411+0000] {processor.py:830} INFO - Processing file /home/airflow/.local/lib/python3.12/site-packages/airflow/example_dags/example_external_task_marker_dag.py for tasks to queue
[2024-06-18T02:32:27.412+0000] {logging_mixin.py:188} INFO - [2024-06-18T02:32:27.411+0000] {dagbag.py:545} INFO - Filling up the DagBag from /home/airflow/.local/lib/python3.12/site-packages/airflow/example_dags/example_external_task_marker_dag.py
[2024-06-18T02:32:27.418+0000] {processor.py:840} INFO - DAG(s) 'example_external_task_marker_parent', 'example_external_task_marker_child' retrieved from /home/airflow/.local/lib/python3.12/site-packages/airflow/example_dags/example_external_task_marker_dag.py
[2024-06-18T02:32:27.446+0000] {logging_mixin.py:188} INFO - [2024-06-18T02:32:27.445+0000] {dag.py:3096} INFO - Sync 2 DAGs
[2024-06-18T02:32:27.459+0000] {logging_mixin.py:188} INFO - [2024-06-18T02:32:27.459+0000] {dag.py:3954} INFO - Setting next_dagrun for example_external_task_marker_child to None, run_after=None
[2024-06-18T02:32:27.465+0000] {logging_mixin.py:188} INFO - [2024-06-18T02:32:27.464+0000] {dag.py:3954} INFO - Setting next_dagrun for example_external_task_marker_parent to None, run_after=None
[2024-06-18T02:32:27.484+0000] {processor.py:183} INFO - Processing /home/airflow/.local/lib/python3.12/site-packages/airflow/example_dags/example_external_task_marker_dag.py took 0.081 seconds
[2024-06-18T02:32:58.045+0000] {processor.py:161} INFO - Started process (PID=66486) to work on /home/airflow/.local/lib/python3.12/site-packages/airflow/example_dags/example_external_task_marker_dag.py
[2024-06-18T02:32:58.046+0000] {processor.py:830} INFO - Processing file /home/airflow/.local/lib/python3.12/site-packages/airflow/example_dags/example_external_task_marker_dag.py for tasks to queue
[2024-06-18T02:32:58.047+0000] {logging_mixin.py:188} INFO - [2024-06-18T02:32:58.046+0000] {dagbag.py:545} INFO - Filling up the DagBag from /home/airflow/.local/lib/python3.12/site-packages/airflow/example_dags/example_external_task_marker_dag.py
[2024-06-18T02:32:58.053+0000] {processor.py:840} INFO - DAG(s) 'example_external_task_marker_child', 'example_external_task_marker_parent' retrieved from /home/airflow/.local/lib/python3.12/site-packages/airflow/example_dags/example_external_task_marker_dag.py
[2024-06-18T02:32:58.077+0000] {logging_mixin.py:188} INFO - [2024-06-18T02:32:58.077+0000] {dag.py:3096} INFO - Sync 2 DAGs
[2024-06-18T02:32:58.090+0000] {logging_mixin.py:188} INFO - [2024-06-18T02:32:58.090+0000] {dag.py:3954} INFO - Setting next_dagrun for example_external_task_marker_child to None, run_after=None
[2024-06-18T02:32:58.094+0000] {logging_mixin.py:188} INFO - [2024-06-18T02:32:58.094+0000] {dag.py:3954} INFO - Setting next_dagrun for example_external_task_marker_parent to None, run_after=None
[2024-06-18T02:32:58.111+0000] {processor.py:183} INFO - Processing /home/airflow/.local/lib/python3.12/site-packages/airflow/example_dags/example_external_task_marker_dag.py took 0.075 seconds
[2024-06-18T02:33:28.410+0000] {processor.py:161} INFO - Started process (PID=66544) to work on /home/airflow/.local/lib/python3.12/site-packages/airflow/example_dags/example_external_task_marker_dag.py
[2024-06-18T02:33:28.415+0000] {processor.py:830} INFO - Processing file /home/airflow/.local/lib/python3.12/site-packages/airflow/example_dags/example_external_task_marker_dag.py for tasks to queue
[2024-06-18T02:33:28.417+0000] {logging_mixin.py:188} INFO - [2024-06-18T02:33:28.416+0000] {dagbag.py:545} INFO - Filling up the DagBag from /home/airflow/.local/lib/python3.12/site-packages/airflow/example_dags/example_external_task_marker_dag.py
[2024-06-18T02:33:28.440+0000] {processor.py:840} INFO - DAG(s) 'example_external_task_marker_parent', 'example_external_task_marker_child' retrieved from /home/airflow/.local/lib/python3.12/site-packages/airflow/example_dags/example_external_task_marker_dag.py
[2024-06-18T02:33:28.516+0000] {logging_mixin.py:188} INFO - [2024-06-18T02:33:28.515+0000] {dag.py:3096} INFO - Sync 2 DAGs
[2024-06-18T02:33:28.608+0000] {logging_mixin.py:188} INFO - [2024-06-18T02:33:28.608+0000] {dag.py:3954} INFO - Setting next_dagrun for example_external_task_marker_child to None, run_after=None
[2024-06-18T02:33:28.623+0000] {logging_mixin.py:188} INFO - [2024-06-18T02:33:28.623+0000] {dag.py:3954} INFO - Setting next_dagrun for example_external_task_marker_parent to None, run_after=None
[2024-06-18T02:33:28.666+0000] {processor.py:183} INFO - Processing /home/airflow/.local/lib/python3.12/site-packages/airflow/example_dags/example_external_task_marker_dag.py took 0.277 seconds
[2024-06-18T02:33:59.191+0000] {processor.py:161} INFO - Started process (PID=66602) to work on /home/airflow/.local/lib/python3.12/site-packages/airflow/example_dags/example_external_task_marker_dag.py
[2024-06-18T02:33:59.192+0000] {processor.py:830} INFO - Processing file /home/airflow/.local/lib/python3.12/site-packages/airflow/example_dags/example_external_task_marker_dag.py for tasks to queue
[2024-06-18T02:33:59.193+0000] {logging_mixin.py:188} INFO - [2024-06-18T02:33:59.192+0000] {dagbag.py:545} INFO - Filling up the DagBag from /home/airflow/.local/lib/python3.12/site-packages/airflow/example_dags/example_external_task_marker_dag.py
[2024-06-18T02:33:59.200+0000] {processor.py:840} INFO - DAG(s) 'example_external_task_marker_parent', 'example_external_task_marker_child' retrieved from /home/airflow/.local/lib/python3.12/site-packages/airflow/example_dags/example_external_task_marker_dag.py
[2024-06-18T02:33:59.227+0000] {logging_mixin.py:188} INFO - [2024-06-18T02:33:59.227+0000] {dag.py:3096} INFO - Sync 2 DAGs
[2024-06-18T02:33:59.245+0000] {logging_mixin.py:188} INFO - [2024-06-18T02:33:59.245+0000] {dag.py:3954} INFO - Setting next_dagrun for example_external_task_marker_child to None, run_after=None
[2024-06-18T02:33:59.250+0000] {logging_mixin.py:188} INFO - [2024-06-18T02:33:59.249+0000] {dag.py:3954} INFO - Setting next_dagrun for example_external_task_marker_parent to None, run_after=None
[2024-06-18T02:33:59.270+0000] {processor.py:183} INFO - Processing /home/airflow/.local/lib/python3.12/site-packages/airflow/example_dags/example_external_task_marker_dag.py took 0.086 seconds
[2024-06-18T02:34:29.709+0000] {processor.py:161} INFO - Started process (PID=66660) to work on /home/airflow/.local/lib/python3.12/site-packages/airflow/example_dags/example_external_task_marker_dag.py
[2024-06-18T02:34:29.710+0000] {processor.py:830} INFO - Processing file /home/airflow/.local/lib/python3.12/site-packages/airflow/example_dags/example_external_task_marker_dag.py for tasks to queue
[2024-06-18T02:34:29.711+0000] {logging_mixin.py:188} INFO - [2024-06-18T02:34:29.711+0000] {dagbag.py:545} INFO - Filling up the DagBag from /home/airflow/.local/lib/python3.12/site-packages/airflow/example_dags/example_external_task_marker_dag.py
[2024-06-18T02:34:29.717+0000] {processor.py:840} INFO - DAG(s) 'example_external_task_marker_child', 'example_external_task_marker_parent' retrieved from /home/airflow/.local/lib/python3.12/site-packages/airflow/example_dags/example_external_task_marker_dag.py
[2024-06-18T02:34:29.742+0000] {logging_mixin.py:188} INFO - [2024-06-18T02:34:29.741+0000] {dag.py:3096} INFO - Sync 2 DAGs
[2024-06-18T02:34:29.754+0000] {logging_mixin.py:188} INFO - [2024-06-18T02:34:29.754+0000] {dag.py:3954} INFO - Setting next_dagrun for example_external_task_marker_child to None, run_after=None
[2024-06-18T02:34:29.758+0000] {logging_mixin.py:188} INFO - [2024-06-18T02:34:29.758+0000] {dag.py:3954} INFO - Setting next_dagrun for example_external_task_marker_parent to None, run_after=None
[2024-06-18T02:34:29.776+0000] {processor.py:183} INFO - Processing /home/airflow/.local/lib/python3.12/site-packages/airflow/example_dags/example_external_task_marker_dag.py took 0.073 seconds
[2024-06-18T02:35:00.142+0000] {processor.py:161} INFO - Started process (PID=66718) to work on /home/airflow/.local/lib/python3.12/site-packages/airflow/example_dags/example_external_task_marker_dag.py
[2024-06-18T02:35:00.143+0000] {processor.py:830} INFO - Processing file /home/airflow/.local/lib/python3.12/site-packages/airflow/example_dags/example_external_task_marker_dag.py for tasks to queue
[2024-06-18T02:35:00.144+0000] {logging_mixin.py:188} INFO - [2024-06-18T02:35:00.144+0000] {dagbag.py:545} INFO - Filling up the DagBag from /home/airflow/.local/lib/python3.12/site-packages/airflow/example_dags/example_external_task_marker_dag.py
[2024-06-18T02:35:00.149+0000] {processor.py:840} INFO - DAG(s) 'example_external_task_marker_child', 'example_external_task_marker_parent' retrieved from /home/airflow/.local/lib/python3.12/site-packages/airflow/example_dags/example_external_task_marker_dag.py
[2024-06-18T02:35:00.174+0000] {logging_mixin.py:188} INFO - [2024-06-18T02:35:00.174+0000] {dag.py:3096} INFO - Sync 2 DAGs
[2024-06-18T02:35:00.188+0000] {logging_mixin.py:188} INFO - [2024-06-18T02:35:00.188+0000] {dag.py:3954} INFO - Setting next_dagrun for example_external_task_marker_child to None, run_after=None
[2024-06-18T02:35:00.192+0000] {logging_mixin.py:188} INFO - [2024-06-18T02:35:00.192+0000] {dag.py:3954} INFO - Setting next_dagrun for example_external_task_marker_parent to None, run_after=None
[2024-06-18T02:35:00.212+0000] {processor.py:183} INFO - Processing /home/airflow/.local/lib/python3.12/site-packages/airflow/example_dags/example_external_task_marker_dag.py took 0.077 seconds
[2024-06-18T02:35:30.518+0000] {processor.py:161} INFO - Started process (PID=66776) to work on /home/airflow/.local/lib/python3.12/site-packages/airflow/example_dags/example_external_task_marker_dag.py
[2024-06-18T02:35:30.519+0000] {processor.py:830} INFO - Processing file /home/airflow/.local/lib/python3.12/site-packages/airflow/example_dags/example_external_task_marker_dag.py for tasks to queue
[2024-06-18T02:35:30.520+0000] {logging_mixin.py:188} INFO - [2024-06-18T02:35:30.520+0000] {dagbag.py:545} INFO - Filling up the DagBag from /home/airflow/.local/lib/python3.12/site-packages/airflow/example_dags/example_external_task_marker_dag.py
[2024-06-18T02:35:30.527+0000] {processor.py:840} INFO - DAG(s) 'example_external_task_marker_parent', 'example_external_task_marker_child' retrieved from /home/airflow/.local/lib/python3.12/site-packages/airflow/example_dags/example_external_task_marker_dag.py
[2024-06-18T02:35:30.553+0000] {logging_mixin.py:188} INFO - [2024-06-18T02:35:30.553+0000] {dag.py:3096} INFO - Sync 2 DAGs
[2024-06-18T02:35:30.567+0000] {logging_mixin.py:188} INFO - [2024-06-18T02:35:30.567+0000] {dag.py:3954} INFO - Setting next_dagrun for example_external_task_marker_child to None, run_after=None
[2024-06-18T02:35:30.571+0000] {logging_mixin.py:188} INFO - [2024-06-18T02:35:30.571+0000] {dag.py:3954} INFO - Setting next_dagrun for example_external_task_marker_parent to None, run_after=None
[2024-06-18T02:35:30.591+0000] {processor.py:183} INFO - Processing /home/airflow/.local/lib/python3.12/site-packages/airflow/example_dags/example_external_task_marker_dag.py took 0.078 seconds
[2024-06-18T02:36:00.635+0000] {processor.py:161} INFO - Started process (PID=66834) to work on /home/airflow/.local/lib/python3.12/site-packages/airflow/example_dags/example_external_task_marker_dag.py
[2024-06-18T02:36:00.636+0000] {processor.py:830} INFO - Processing file /home/airflow/.local/lib/python3.12/site-packages/airflow/example_dags/example_external_task_marker_dag.py for tasks to queue
[2024-06-18T02:36:00.637+0000] {logging_mixin.py:188} INFO - [2024-06-18T02:36:00.637+0000] {dagbag.py:545} INFO - Filling up the DagBag from /home/airflow/.local/lib/python3.12/site-packages/airflow/example_dags/example_external_task_marker_dag.py
[2024-06-18T02:36:00.642+0000] {processor.py:840} INFO - DAG(s) 'example_external_task_marker_parent', 'example_external_task_marker_child' retrieved from /home/airflow/.local/lib/python3.12/site-packages/airflow/example_dags/example_external_task_marker_dag.py
[2024-06-18T02:36:00.670+0000] {logging_mixin.py:188} INFO - [2024-06-18T02:36:00.670+0000] {dag.py:3096} INFO - Sync 2 DAGs
[2024-06-18T02:36:00.684+0000] {logging_mixin.py:188} INFO - [2024-06-18T02:36:00.683+0000] {dag.py:3954} INFO - Setting next_dagrun for example_external_task_marker_child to None, run_after=None
[2024-06-18T02:36:00.688+0000] {logging_mixin.py:188} INFO - [2024-06-18T02:36:00.687+0000] {dag.py:3954} INFO - Setting next_dagrun for example_external_task_marker_parent to None, run_after=None
[2024-06-18T02:36:00.706+0000] {processor.py:183} INFO - Processing /home/airflow/.local/lib/python3.12/site-packages/airflow/example_dags/example_external_task_marker_dag.py took 0.077 seconds
[2024-06-18T02:36:30.758+0000] {processor.py:161} INFO - Started process (PID=66891) to work on /home/airflow/.local/lib/python3.12/site-packages/airflow/example_dags/example_external_task_marker_dag.py
[2024-06-18T02:36:30.759+0000] {processor.py:830} INFO - Processing file /home/airflow/.local/lib/python3.12/site-packages/airflow/example_dags/example_external_task_marker_dag.py for tasks to queue
[2024-06-18T02:36:30.760+0000] {logging_mixin.py:188} INFO - [2024-06-18T02:36:30.759+0000] {dagbag.py:545} INFO - Filling up the DagBag from /home/airflow/.local/lib/python3.12/site-packages/airflow/example_dags/example_external_task_marker_dag.py
[2024-06-18T02:36:30.766+0000] {processor.py:840} INFO - DAG(s) 'example_external_task_marker_parent', 'example_external_task_marker_child' retrieved from /home/airflow/.local/lib/python3.12/site-packages/airflow/example_dags/example_external_task_marker_dag.py
[2024-06-18T02:36:30.791+0000] {logging_mixin.py:188} INFO - [2024-06-18T02:36:30.791+0000] {dag.py:3096} INFO - Sync 2 DAGs
[2024-06-18T02:36:30.805+0000] {logging_mixin.py:188} INFO - [2024-06-18T02:36:30.804+0000] {dag.py:3954} INFO - Setting next_dagrun for example_external_task_marker_child to None, run_after=None
[2024-06-18T02:36:30.810+0000] {logging_mixin.py:188} INFO - [2024-06-18T02:36:30.809+0000] {dag.py:3954} INFO - Setting next_dagrun for example_external_task_marker_parent to None, run_after=None
[2024-06-18T02:36:30.828+0000] {processor.py:183} INFO - Processing /home/airflow/.local/lib/python3.12/site-packages/airflow/example_dags/example_external_task_marker_dag.py took 0.076 seconds
[2024-06-18T02:37:01.897+0000] {processor.py:161} INFO - Started process (PID=66950) to work on /home/airflow/.local/lib/python3.12/site-packages/airflow/example_dags/example_external_task_marker_dag.py
[2024-06-18T02:37:01.898+0000] {processor.py:830} INFO - Processing file /home/airflow/.local/lib/python3.12/site-packages/airflow/example_dags/example_external_task_marker_dag.py for tasks to queue
[2024-06-18T02:37:01.899+0000] {logging_mixin.py:188} INFO - [2024-06-18T02:37:01.899+0000] {dagbag.py:545} INFO - Filling up the DagBag from /home/airflow/.local/lib/python3.12/site-packages/airflow/example_dags/example_external_task_marker_dag.py
[2024-06-18T02:37:01.904+0000] {processor.py:840} INFO - DAG(s) 'example_external_task_marker_parent', 'example_external_task_marker_child' retrieved from /home/airflow/.local/lib/python3.12/site-packages/airflow/example_dags/example_external_task_marker_dag.py
[2024-06-18T02:37:01.931+0000] {logging_mixin.py:188} INFO - [2024-06-18T02:37:01.931+0000] {dag.py:3096} INFO - Sync 2 DAGs
[2024-06-18T02:37:01.945+0000] {logging_mixin.py:188} INFO - [2024-06-18T02:37:01.945+0000] {dag.py:3954} INFO - Setting next_dagrun for example_external_task_marker_child to None, run_after=None
[2024-06-18T02:37:01.949+0000] {logging_mixin.py:188} INFO - [2024-06-18T02:37:01.949+0000] {dag.py:3954} INFO - Setting next_dagrun for example_external_task_marker_parent to None, run_after=None
[2024-06-18T02:37:01.966+0000] {processor.py:183} INFO - Processing /home/airflow/.local/lib/python3.12/site-packages/airflow/example_dags/example_external_task_marker_dag.py took 0.077 seconds
[2024-06-18T02:37:32.810+0000] {processor.py:161} INFO - Started process (PID=67008) to work on /home/airflow/.local/lib/python3.12/site-packages/airflow/example_dags/example_external_task_marker_dag.py
[2024-06-18T02:37:32.812+0000] {processor.py:830} INFO - Processing file /home/airflow/.local/lib/python3.12/site-packages/airflow/example_dags/example_external_task_marker_dag.py for tasks to queue
[2024-06-18T02:37:32.814+0000] {logging_mixin.py:188} INFO - [2024-06-18T02:37:32.813+0000] {dagbag.py:545} INFO - Filling up the DagBag from /home/airflow/.local/lib/python3.12/site-packages/airflow/example_dags/example_external_task_marker_dag.py
[2024-06-18T02:37:32.825+0000] {processor.py:840} INFO - DAG(s) 'example_external_task_marker_parent', 'example_external_task_marker_child' retrieved from /home/airflow/.local/lib/python3.12/site-packages/airflow/example_dags/example_external_task_marker_dag.py
[2024-06-18T02:37:32.870+0000] {logging_mixin.py:188} INFO - [2024-06-18T02:37:32.870+0000] {dag.py:3096} INFO - Sync 2 DAGs
[2024-06-18T02:37:32.891+0000] {logging_mixin.py:188} INFO - [2024-06-18T02:37:32.891+0000] {dag.py:3954} INFO - Setting next_dagrun for example_external_task_marker_child to None, run_after=None
[2024-06-18T02:37:32.900+0000] {logging_mixin.py:188} INFO - [2024-06-18T02:37:32.899+0000] {dag.py:3954} INFO - Setting next_dagrun for example_external_task_marker_parent to None, run_after=None
[2024-06-18T02:37:32.932+0000] {processor.py:183} INFO - Processing /home/airflow/.local/lib/python3.12/site-packages/airflow/example_dags/example_external_task_marker_dag.py took 0.131 seconds
[2024-06-18T02:38:03.767+0000] {processor.py:161} INFO - Started process (PID=67066) to work on /home/airflow/.local/lib/python3.12/site-packages/airflow/example_dags/example_external_task_marker_dag.py
[2024-06-18T02:38:03.768+0000] {processor.py:830} INFO - Processing file /home/airflow/.local/lib/python3.12/site-packages/airflow/example_dags/example_external_task_marker_dag.py for tasks to queue
[2024-06-18T02:38:03.768+0000] {logging_mixin.py:188} INFO - [2024-06-18T02:38:03.768+0000] {dagbag.py:545} INFO - Filling up the DagBag from /home/airflow/.local/lib/python3.12/site-packages/airflow/example_dags/example_external_task_marker_dag.py
[2024-06-18T02:38:03.777+0000] {processor.py:840} INFO - DAG(s) 'example_external_task_marker_child', 'example_external_task_marker_parent' retrieved from /home/airflow/.local/lib/python3.12/site-packages/airflow/example_dags/example_external_task_marker_dag.py
[2024-06-18T02:38:03.814+0000] {logging_mixin.py:188} INFO - [2024-06-18T02:38:03.813+0000] {dag.py:3096} INFO - Sync 2 DAGs
[2024-06-18T02:38:03.829+0000] {logging_mixin.py:188} INFO - [2024-06-18T02:38:03.829+0000] {dag.py:3954} INFO - Setting next_dagrun for example_external_task_marker_child to None, run_after=None
[2024-06-18T02:38:03.833+0000] {logging_mixin.py:188} INFO - [2024-06-18T02:38:03.833+0000] {dag.py:3954} INFO - Setting next_dagrun for example_external_task_marker_parent to None, run_after=None
[2024-06-18T02:38:03.854+0000] {processor.py:183} INFO - Processing /home/airflow/.local/lib/python3.12/site-packages/airflow/example_dags/example_external_task_marker_dag.py took 0.095 seconds
[2024-06-18T02:38:34.058+0000] {processor.py:161} INFO - Started process (PID=67124) to work on /home/airflow/.local/lib/python3.12/site-packages/airflow/example_dags/example_external_task_marker_dag.py
[2024-06-18T02:38:34.059+0000] {processor.py:830} INFO - Processing file /home/airflow/.local/lib/python3.12/site-packages/airflow/example_dags/example_external_task_marker_dag.py for tasks to queue
[2024-06-18T02:38:34.061+0000] {logging_mixin.py:188} INFO - [2024-06-18T02:38:34.060+0000] {dagbag.py:545} INFO - Filling up the DagBag from /home/airflow/.local/lib/python3.12/site-packages/airflow/example_dags/example_external_task_marker_dag.py
[2024-06-18T02:38:34.069+0000] {processor.py:840} INFO - DAG(s) 'example_external_task_marker_child', 'example_external_task_marker_parent' retrieved from /home/airflow/.local/lib/python3.12/site-packages/airflow/example_dags/example_external_task_marker_dag.py
[2024-06-18T02:38:34.103+0000] {logging_mixin.py:188} INFO - [2024-06-18T02:38:34.102+0000] {dag.py:3096} INFO - Sync 2 DAGs
[2024-06-18T02:38:34.122+0000] {logging_mixin.py:188} INFO - [2024-06-18T02:38:34.122+0000] {dag.py:3954} INFO - Setting next_dagrun for example_external_task_marker_child to None, run_after=None
[2024-06-18T02:38:34.131+0000] {logging_mixin.py:188} INFO - [2024-06-18T02:38:34.130+0000] {dag.py:3954} INFO - Setting next_dagrun for example_external_task_marker_parent to None, run_after=None
[2024-06-18T02:38:34.157+0000] {processor.py:183} INFO - Processing /home/airflow/.local/lib/python3.12/site-packages/airflow/example_dags/example_external_task_marker_dag.py took 0.109 seconds
[2024-06-18T02:39:04.506+0000] {processor.py:161} INFO - Started process (PID=67182) to work on /home/airflow/.local/lib/python3.12/site-packages/airflow/example_dags/example_external_task_marker_dag.py
[2024-06-18T02:39:04.508+0000] {processor.py:830} INFO - Processing file /home/airflow/.local/lib/python3.12/site-packages/airflow/example_dags/example_external_task_marker_dag.py for tasks to queue
[2024-06-18T02:39:04.509+0000] {logging_mixin.py:188} INFO - [2024-06-18T02:39:04.508+0000] {dagbag.py:545} INFO - Filling up the DagBag from /home/airflow/.local/lib/python3.12/site-packages/airflow/example_dags/example_external_task_marker_dag.py
[2024-06-18T02:39:04.516+0000] {processor.py:840} INFO - DAG(s) 'example_external_task_marker_child', 'example_external_task_marker_parent' retrieved from /home/airflow/.local/lib/python3.12/site-packages/airflow/example_dags/example_external_task_marker_dag.py
[2024-06-18T02:39:04.542+0000] {logging_mixin.py:188} INFO - [2024-06-18T02:39:04.542+0000] {dag.py:3096} INFO - Sync 2 DAGs
[2024-06-18T02:39:04.556+0000] {logging_mixin.py:188} INFO - [2024-06-18T02:39:04.556+0000] {dag.py:3954} INFO - Setting next_dagrun for example_external_task_marker_child to None, run_after=None
[2024-06-18T02:39:04.561+0000] {logging_mixin.py:188} INFO - [2024-06-18T02:39:04.561+0000] {dag.py:3954} INFO - Setting next_dagrun for example_external_task_marker_parent to None, run_after=None
[2024-06-18T02:39:04.580+0000] {processor.py:183} INFO - Processing /home/airflow/.local/lib/python3.12/site-packages/airflow/example_dags/example_external_task_marker_dag.py took 0.080 seconds
[2024-06-18T02:39:35.371+0000] {processor.py:161} INFO - Started process (PID=67241) to work on /home/airflow/.local/lib/python3.12/site-packages/airflow/example_dags/example_external_task_marker_dag.py
[2024-06-18T02:39:35.373+0000] {processor.py:830} INFO - Processing file /home/airflow/.local/lib/python3.12/site-packages/airflow/example_dags/example_external_task_marker_dag.py for tasks to queue
[2024-06-18T02:39:35.374+0000] {logging_mixin.py:188} INFO - [2024-06-18T02:39:35.373+0000] {dagbag.py:545} INFO - Filling up the DagBag from /home/airflow/.local/lib/python3.12/site-packages/airflow/example_dags/example_external_task_marker_dag.py
[2024-06-18T02:39:35.383+0000] {processor.py:840} INFO - DAG(s) 'example_external_task_marker_parent', 'example_external_task_marker_child' retrieved from /home/airflow/.local/lib/python3.12/site-packages/airflow/example_dags/example_external_task_marker_dag.py
[2024-06-18T02:39:35.419+0000] {logging_mixin.py:188} INFO - [2024-06-18T02:39:35.419+0000] {dag.py:3096} INFO - Sync 2 DAGs
[2024-06-18T02:39:35.440+0000] {logging_mixin.py:188} INFO - [2024-06-18T02:39:35.440+0000] {dag.py:3954} INFO - Setting next_dagrun for example_external_task_marker_child to None, run_after=None
[2024-06-18T02:39:35.446+0000] {logging_mixin.py:188} INFO - [2024-06-18T02:39:35.446+0000] {dag.py:3954} INFO - Setting next_dagrun for example_external_task_marker_parent to None, run_after=None
[2024-06-18T02:39:35.470+0000] {processor.py:183} INFO - Processing /home/airflow/.local/lib/python3.12/site-packages/airflow/example_dags/example_external_task_marker_dag.py took 0.109 seconds
[2024-06-18T02:52:52.600+0000] {processor.py:161} INFO - Started process (PID=67310) to work on /home/airflow/.local/lib/python3.12/site-packages/airflow/example_dags/example_external_task_marker_dag.py
[2024-06-18T02:52:52.604+0000] {processor.py:830} INFO - Processing file /home/airflow/.local/lib/python3.12/site-packages/airflow/example_dags/example_external_task_marker_dag.py for tasks to queue
[2024-06-18T02:52:52.605+0000] {logging_mixin.py:188} INFO - [2024-06-18T02:52:52.604+0000] {dagbag.py:545} INFO - Filling up the DagBag from /home/airflow/.local/lib/python3.12/site-packages/airflow/example_dags/example_external_task_marker_dag.py
[2024-06-18T02:52:52.622+0000] {processor.py:840} INFO - DAG(s) 'example_external_task_marker_parent', 'example_external_task_marker_child' retrieved from /home/airflow/.local/lib/python3.12/site-packages/airflow/example_dags/example_external_task_marker_dag.py
[2024-06-18T02:52:52.665+0000] {logging_mixin.py:188} INFO - [2024-06-18T02:52:52.665+0000] {dag.py:3096} INFO - Sync 2 DAGs
[2024-06-18T02:52:52.681+0000] {logging_mixin.py:188} INFO - [2024-06-18T02:52:52.681+0000] {dag.py:3954} INFO - Setting next_dagrun for example_external_task_marker_child to None, run_after=None
[2024-06-18T02:52:52.685+0000] {logging_mixin.py:188} INFO - [2024-06-18T02:52:52.685+0000] {dag.py:3954} INFO - Setting next_dagrun for example_external_task_marker_parent to None, run_after=None
[2024-06-18T02:52:52.709+0000] {processor.py:183} INFO - Processing /home/airflow/.local/lib/python3.12/site-packages/airflow/example_dags/example_external_task_marker_dag.py took 0.116 seconds
[2024-06-18T02:53:25.182+0000] {processor.py:161} INFO - Started process (PID=67370) to work on /home/airflow/.local/lib/python3.12/site-packages/airflow/example_dags/example_external_task_marker_dag.py
[2024-06-18T02:53:25.184+0000] {processor.py:830} INFO - Processing file /home/airflow/.local/lib/python3.12/site-packages/airflow/example_dags/example_external_task_marker_dag.py for tasks to queue
[2024-06-18T02:53:25.186+0000] {logging_mixin.py:188} INFO - [2024-06-18T02:53:25.185+0000] {dagbag.py:545} INFO - Filling up the DagBag from /home/airflow/.local/lib/python3.12/site-packages/airflow/example_dags/example_external_task_marker_dag.py
[2024-06-18T02:53:25.192+0000] {processor.py:840} INFO - DAG(s) 'example_external_task_marker_child', 'example_external_task_marker_parent' retrieved from /home/airflow/.local/lib/python3.12/site-packages/airflow/example_dags/example_external_task_marker_dag.py
[2024-06-18T02:53:25.238+0000] {logging_mixin.py:188} INFO - [2024-06-18T02:53:25.238+0000] {dag.py:3096} INFO - Sync 2 DAGs
[2024-06-18T02:53:25.270+0000] {logging_mixin.py:188} INFO - [2024-06-18T02:53:25.270+0000] {dag.py:3954} INFO - Setting next_dagrun for example_external_task_marker_child to None, run_after=None
[2024-06-18T02:53:25.277+0000] {logging_mixin.py:188} INFO - [2024-06-18T02:53:25.277+0000] {dag.py:3954} INFO - Setting next_dagrun for example_external_task_marker_parent to None, run_after=None
[2024-06-18T02:53:25.309+0000] {processor.py:183} INFO - Processing /home/airflow/.local/lib/python3.12/site-packages/airflow/example_dags/example_external_task_marker_dag.py took 0.134 seconds
[2024-06-18T02:53:55.350+0000] {processor.py:161} INFO - Started process (PID=67426) to work on /home/airflow/.local/lib/python3.12/site-packages/airflow/example_dags/example_external_task_marker_dag.py
[2024-06-18T02:53:55.351+0000] {processor.py:830} INFO - Processing file /home/airflow/.local/lib/python3.12/site-packages/airflow/example_dags/example_external_task_marker_dag.py for tasks to queue
[2024-06-18T02:53:55.351+0000] {logging_mixin.py:188} INFO - [2024-06-18T02:53:55.351+0000] {dagbag.py:545} INFO - Filling up the DagBag from /home/airflow/.local/lib/python3.12/site-packages/airflow/example_dags/example_external_task_marker_dag.py
[2024-06-18T02:53:55.358+0000] {processor.py:840} INFO - DAG(s) 'example_external_task_marker_child', 'example_external_task_marker_parent' retrieved from /home/airflow/.local/lib/python3.12/site-packages/airflow/example_dags/example_external_task_marker_dag.py
[2024-06-18T02:53:55.382+0000] {logging_mixin.py:188} INFO - [2024-06-18T02:53:55.382+0000] {dag.py:3096} INFO - Sync 2 DAGs
[2024-06-18T02:53:55.395+0000] {logging_mixin.py:188} INFO - [2024-06-18T02:53:55.395+0000] {dag.py:3954} INFO - Setting next_dagrun for example_external_task_marker_child to None, run_after=None
[2024-06-18T02:53:55.399+0000] {logging_mixin.py:188} INFO - [2024-06-18T02:53:55.399+0000] {dag.py:3954} INFO - Setting next_dagrun for example_external_task_marker_parent to None, run_after=None
[2024-06-18T02:53:55.415+0000] {processor.py:183} INFO - Processing /home/airflow/.local/lib/python3.12/site-packages/airflow/example_dags/example_external_task_marker_dag.py took 0.071 seconds
[2024-06-18T02:54:25.599+0000] {processor.py:161} INFO - Started process (PID=67484) to work on /home/airflow/.local/lib/python3.12/site-packages/airflow/example_dags/example_external_task_marker_dag.py
[2024-06-18T02:54:25.600+0000] {processor.py:830} INFO - Processing file /home/airflow/.local/lib/python3.12/site-packages/airflow/example_dags/example_external_task_marker_dag.py for tasks to queue
[2024-06-18T02:54:25.601+0000] {logging_mixin.py:188} INFO - [2024-06-18T02:54:25.601+0000] {dagbag.py:545} INFO - Filling up the DagBag from /home/airflow/.local/lib/python3.12/site-packages/airflow/example_dags/example_external_task_marker_dag.py
[2024-06-18T02:54:25.607+0000] {processor.py:840} INFO - DAG(s) 'example_external_task_marker_child', 'example_external_task_marker_parent' retrieved from /home/airflow/.local/lib/python3.12/site-packages/airflow/example_dags/example_external_task_marker_dag.py
[2024-06-18T02:54:25.629+0000] {logging_mixin.py:188} INFO - [2024-06-18T02:54:25.629+0000] {dag.py:3096} INFO - Sync 2 DAGs
[2024-06-18T02:54:25.642+0000] {logging_mixin.py:188} INFO - [2024-06-18T02:54:25.642+0000] {dag.py:3954} INFO - Setting next_dagrun for example_external_task_marker_child to None, run_after=None
[2024-06-18T02:54:25.646+0000] {logging_mixin.py:188} INFO - [2024-06-18T02:54:25.646+0000] {dag.py:3954} INFO - Setting next_dagrun for example_external_task_marker_parent to None, run_after=None
[2024-06-18T02:54:25.663+0000] {processor.py:183} INFO - Processing /home/airflow/.local/lib/python3.12/site-packages/airflow/example_dags/example_external_task_marker_dag.py took 0.070 seconds
[2024-06-18T02:54:55.803+0000] {processor.py:161} INFO - Started process (PID=67542) to work on /home/airflow/.local/lib/python3.12/site-packages/airflow/example_dags/example_external_task_marker_dag.py
[2024-06-18T02:54:55.806+0000] {processor.py:830} INFO - Processing file /home/airflow/.local/lib/python3.12/site-packages/airflow/example_dags/example_external_task_marker_dag.py for tasks to queue
[2024-06-18T02:54:55.807+0000] {logging_mixin.py:188} INFO - [2024-06-18T02:54:55.807+0000] {dagbag.py:545} INFO - Filling up the DagBag from /home/airflow/.local/lib/python3.12/site-packages/airflow/example_dags/example_external_task_marker_dag.py
[2024-06-18T02:54:55.813+0000] {processor.py:840} INFO - DAG(s) 'example_external_task_marker_parent', 'example_external_task_marker_child' retrieved from /home/airflow/.local/lib/python3.12/site-packages/airflow/example_dags/example_external_task_marker_dag.py
[2024-06-18T02:54:55.835+0000] {logging_mixin.py:188} INFO - [2024-06-18T02:54:55.835+0000] {dag.py:3096} INFO - Sync 2 DAGs
[2024-06-18T02:54:55.848+0000] {logging_mixin.py:188} INFO - [2024-06-18T02:54:55.848+0000] {dag.py:3954} INFO - Setting next_dagrun for example_external_task_marker_child to None, run_after=None
[2024-06-18T02:54:55.852+0000] {logging_mixin.py:188} INFO - [2024-06-18T02:54:55.852+0000] {dag.py:3954} INFO - Setting next_dagrun for example_external_task_marker_parent to None, run_after=None
[2024-06-18T02:54:55.868+0000] {processor.py:183} INFO - Processing /home/airflow/.local/lib/python3.12/site-packages/airflow/example_dags/example_external_task_marker_dag.py took 0.072 seconds
[2024-06-18T02:55:25.998+0000] {processor.py:161} INFO - Started process (PID=67600) to work on /home/airflow/.local/lib/python3.12/site-packages/airflow/example_dags/example_external_task_marker_dag.py
[2024-06-18T02:55:25.999+0000] {processor.py:830} INFO - Processing file /home/airflow/.local/lib/python3.12/site-packages/airflow/example_dags/example_external_task_marker_dag.py for tasks to queue
[2024-06-18T02:55:26.000+0000] {logging_mixin.py:188} INFO - [2024-06-18T02:55:25.999+0000] {dagbag.py:545} INFO - Filling up the DagBag from /home/airflow/.local/lib/python3.12/site-packages/airflow/example_dags/example_external_task_marker_dag.py
[2024-06-18T02:55:26.006+0000] {processor.py:840} INFO - DAG(s) 'example_external_task_marker_child', 'example_external_task_marker_parent' retrieved from /home/airflow/.local/lib/python3.12/site-packages/airflow/example_dags/example_external_task_marker_dag.py
[2024-06-18T02:55:26.031+0000] {logging_mixin.py:188} INFO - [2024-06-18T02:55:26.030+0000] {dag.py:3096} INFO - Sync 2 DAGs
[2024-06-18T02:55:26.044+0000] {logging_mixin.py:188} INFO - [2024-06-18T02:55:26.044+0000] {dag.py:3954} INFO - Setting next_dagrun for example_external_task_marker_child to None, run_after=None
[2024-06-18T02:55:26.047+0000] {logging_mixin.py:188} INFO - [2024-06-18T02:55:26.047+0000] {dag.py:3954} INFO - Setting next_dagrun for example_external_task_marker_parent to None, run_after=None
[2024-06-18T02:55:26.064+0000] {processor.py:183} INFO - Processing /home/airflow/.local/lib/python3.12/site-packages/airflow/example_dags/example_external_task_marker_dag.py took 0.072 seconds
[2024-06-18T02:55:56.439+0000] {processor.py:161} INFO - Started process (PID=67658) to work on /home/airflow/.local/lib/python3.12/site-packages/airflow/example_dags/example_external_task_marker_dag.py
[2024-06-18T02:55:56.440+0000] {processor.py:830} INFO - Processing file /home/airflow/.local/lib/python3.12/site-packages/airflow/example_dags/example_external_task_marker_dag.py for tasks to queue
[2024-06-18T02:55:56.441+0000] {logging_mixin.py:188} INFO - [2024-06-18T02:55:56.441+0000] {dagbag.py:545} INFO - Filling up the DagBag from /home/airflow/.local/lib/python3.12/site-packages/airflow/example_dags/example_external_task_marker_dag.py
[2024-06-18T02:55:56.448+0000] {processor.py:840} INFO - DAG(s) 'example_external_task_marker_child', 'example_external_task_marker_parent' retrieved from /home/airflow/.local/lib/python3.12/site-packages/airflow/example_dags/example_external_task_marker_dag.py
[2024-06-18T02:55:56.474+0000] {logging_mixin.py:188} INFO - [2024-06-18T02:55:56.473+0000] {dag.py:3096} INFO - Sync 2 DAGs
[2024-06-18T02:55:56.487+0000] {logging_mixin.py:188} INFO - [2024-06-18T02:55:56.486+0000] {dag.py:3954} INFO - Setting next_dagrun for example_external_task_marker_child to None, run_after=None
[2024-06-18T02:55:56.491+0000] {logging_mixin.py:188} INFO - [2024-06-18T02:55:56.490+0000] {dag.py:3954} INFO - Setting next_dagrun for example_external_task_marker_parent to None, run_after=None
[2024-06-18T02:55:56.507+0000] {processor.py:183} INFO - Processing /home/airflow/.local/lib/python3.12/site-packages/airflow/example_dags/example_external_task_marker_dag.py took 0.074 seconds
[2024-06-18T02:56:27.119+0000] {processor.py:161} INFO - Started process (PID=67716) to work on /home/airflow/.local/lib/python3.12/site-packages/airflow/example_dags/example_external_task_marker_dag.py
[2024-06-18T02:56:27.123+0000] {processor.py:830} INFO - Processing file /home/airflow/.local/lib/python3.12/site-packages/airflow/example_dags/example_external_task_marker_dag.py for tasks to queue
[2024-06-18T02:56:27.125+0000] {logging_mixin.py:188} INFO - [2024-06-18T02:56:27.124+0000] {dagbag.py:545} INFO - Filling up the DagBag from /home/airflow/.local/lib/python3.12/site-packages/airflow/example_dags/example_external_task_marker_dag.py
[2024-06-18T02:56:27.136+0000] {processor.py:840} INFO - DAG(s) 'example_external_task_marker_child', 'example_external_task_marker_parent' retrieved from /home/airflow/.local/lib/python3.12/site-packages/airflow/example_dags/example_external_task_marker_dag.py
[2024-06-18T02:56:27.178+0000] {logging_mixin.py:188} INFO - [2024-06-18T02:56:27.177+0000] {dag.py:3096} INFO - Sync 2 DAGs
[2024-06-18T02:56:27.196+0000] {logging_mixin.py:188} INFO - [2024-06-18T02:56:27.195+0000] {dag.py:3954} INFO - Setting next_dagrun for example_external_task_marker_child to None, run_after=None
[2024-06-18T02:56:27.201+0000] {logging_mixin.py:188} INFO - [2024-06-18T02:56:27.201+0000] {dag.py:3954} INFO - Setting next_dagrun for example_external_task_marker_parent to None, run_after=None
[2024-06-18T02:56:27.229+0000] {processor.py:183} INFO - Processing /home/airflow/.local/lib/python3.12/site-packages/airflow/example_dags/example_external_task_marker_dag.py took 0.122 seconds
