[2024-06-18T02:21:42.156+0000] {processor.py:161} INFO - Started process (PID=65194) to work on /home/airflow/.local/lib/python3.12/site-packages/airflow/example_dags/example_params_ui_tutorial.py
[2024-06-18T02:21:42.167+0000] {processor.py:830} INFO - Processing file /home/airflow/.local/lib/python3.12/site-packages/airflow/example_dags/example_params_ui_tutorial.py for tasks to queue
[2024-06-18T02:21:42.169+0000] {logging_mixin.py:188} INFO - [2024-06-18T02:21:42.168+0000] {dagbag.py:545} INFO - Filling up the DagBag from /home/airflow/.local/lib/python3.12/site-packages/airflow/example_dags/example_params_ui_tutorial.py
[2024-06-18T02:21:42.219+0000] {processor.py:840} INFO - DAG(s) 'example_params_ui_tutorial' retrieved from /home/airflow/.local/lib/python3.12/site-packages/airflow/example_dags/example_params_ui_tutorial.py
[2024-06-18T02:21:42.882+0000] {logging_mixin.py:188} INFO - [2024-06-18T02:21:42.881+0000] {dag.py:3096} INFO - Sync 1 DAGs
[2024-06-18T02:21:42.924+0000] {logging_mixin.py:188} INFO - [2024-06-18T02:21:42.924+0000] {dag.py:3954} INFO - Setting next_dagrun for example_params_ui_tutorial to None, run_after=None
[2024-06-18T02:21:43.043+0000] {processor.py:183} INFO - Processing /home/airflow/.local/lib/python3.12/site-packages/airflow/example_dags/example_params_ui_tutorial.py took 0.901 seconds
[2024-06-18T02:22:13.162+0000] {processor.py:161} INFO - Started process (PID=65254) to work on /home/airflow/.local/lib/python3.12/site-packages/airflow/example_dags/example_params_ui_tutorial.py
[2024-06-18T02:22:13.163+0000] {processor.py:830} INFO - Processing file /home/airflow/.local/lib/python3.12/site-packages/airflow/example_dags/example_params_ui_tutorial.py for tasks to queue
[2024-06-18T02:22:13.165+0000] {logging_mixin.py:188} INFO - [2024-06-18T02:22:13.164+0000] {dagbag.py:545} INFO - Filling up the DagBag from /home/airflow/.local/lib/python3.12/site-packages/airflow/example_dags/example_params_ui_tutorial.py
[2024-06-18T02:22:13.191+0000] {processor.py:840} INFO - DAG(s) 'example_params_ui_tutorial' retrieved from /home/airflow/.local/lib/python3.12/site-packages/airflow/example_dags/example_params_ui_tutorial.py
[2024-06-18T02:22:13.269+0000] {logging_mixin.py:188} INFO - [2024-06-18T02:22:13.269+0000] {dag.py:3096} INFO - Sync 1 DAGs
[2024-06-18T02:22:13.289+0000] {logging_mixin.py:188} INFO - [2024-06-18T02:22:13.289+0000] {dag.py:3954} INFO - Setting next_dagrun for example_params_ui_tutorial to None, run_after=None
[2024-06-18T02:22:13.314+0000] {processor.py:183} INFO - Processing /home/airflow/.local/lib/python3.12/site-packages/airflow/example_dags/example_params_ui_tutorial.py took 0.160 seconds
[2024-06-18T02:22:43.536+0000] {processor.py:161} INFO - Started process (PID=65310) to work on /home/airflow/.local/lib/python3.12/site-packages/airflow/example_dags/example_params_ui_tutorial.py
[2024-06-18T02:22:43.537+0000] {processor.py:830} INFO - Processing file /home/airflow/.local/lib/python3.12/site-packages/airflow/example_dags/example_params_ui_tutorial.py for tasks to queue
[2024-06-18T02:22:43.538+0000] {logging_mixin.py:188} INFO - [2024-06-18T02:22:43.537+0000] {dagbag.py:545} INFO - Filling up the DagBag from /home/airflow/.local/lib/python3.12/site-packages/airflow/example_dags/example_params_ui_tutorial.py
[2024-06-18T02:22:43.555+0000] {processor.py:840} INFO - DAG(s) 'example_params_ui_tutorial' retrieved from /home/airflow/.local/lib/python3.12/site-packages/airflow/example_dags/example_params_ui_tutorial.py
[2024-06-18T02:22:43.629+0000] {logging_mixin.py:188} INFO - [2024-06-18T02:22:43.629+0000] {dag.py:3096} INFO - Sync 1 DAGs
[2024-06-18T02:22:43.647+0000] {logging_mixin.py:188} INFO - [2024-06-18T02:22:43.646+0000] {dag.py:3954} INFO - Setting next_dagrun for example_params_ui_tutorial to None, run_after=None
[2024-06-18T02:22:43.670+0000] {processor.py:183} INFO - Processing /home/airflow/.local/lib/python3.12/site-packages/airflow/example_dags/example_params_ui_tutorial.py took 0.143 seconds
[2024-06-18T02:23:13.913+0000] {processor.py:161} INFO - Started process (PID=65369) to work on /home/airflow/.local/lib/python3.12/site-packages/airflow/example_dags/example_params_ui_tutorial.py
[2024-06-18T02:23:13.915+0000] {processor.py:830} INFO - Processing file /home/airflow/.local/lib/python3.12/site-packages/airflow/example_dags/example_params_ui_tutorial.py for tasks to queue
[2024-06-18T02:23:13.916+0000] {logging_mixin.py:188} INFO - [2024-06-18T02:23:13.915+0000] {dagbag.py:545} INFO - Filling up the DagBag from /home/airflow/.local/lib/python3.12/site-packages/airflow/example_dags/example_params_ui_tutorial.py
[2024-06-18T02:23:13.933+0000] {processor.py:840} INFO - DAG(s) 'example_params_ui_tutorial' retrieved from /home/airflow/.local/lib/python3.12/site-packages/airflow/example_dags/example_params_ui_tutorial.py
[2024-06-18T02:23:14.012+0000] {logging_mixin.py:188} INFO - [2024-06-18T02:23:14.011+0000] {dag.py:3096} INFO - Sync 1 DAGs
[2024-06-18T02:23:14.035+0000] {logging_mixin.py:188} INFO - [2024-06-18T02:23:14.035+0000] {dag.py:3954} INFO - Setting next_dagrun for example_params_ui_tutorial to None, run_after=None
[2024-06-18T02:23:14.067+0000] {processor.py:183} INFO - Processing /home/airflow/.local/lib/python3.12/site-packages/airflow/example_dags/example_params_ui_tutorial.py took 0.164 seconds
[2024-06-18T02:23:44.529+0000] {processor.py:161} INFO - Started process (PID=65427) to work on /home/airflow/.local/lib/python3.12/site-packages/airflow/example_dags/example_params_ui_tutorial.py
[2024-06-18T02:23:44.531+0000] {processor.py:830} INFO - Processing file /home/airflow/.local/lib/python3.12/site-packages/airflow/example_dags/example_params_ui_tutorial.py for tasks to queue
[2024-06-18T02:23:44.532+0000] {logging_mixin.py:188} INFO - [2024-06-18T02:23:44.532+0000] {dagbag.py:545} INFO - Filling up the DagBag from /home/airflow/.local/lib/python3.12/site-packages/airflow/example_dags/example_params_ui_tutorial.py
[2024-06-18T02:23:44.554+0000] {processor.py:840} INFO - DAG(s) 'example_params_ui_tutorial' retrieved from /home/airflow/.local/lib/python3.12/site-packages/airflow/example_dags/example_params_ui_tutorial.py
[2024-06-18T02:23:44.669+0000] {logging_mixin.py:188} INFO - [2024-06-18T02:23:44.668+0000] {dag.py:3096} INFO - Sync 1 DAGs
[2024-06-18T02:23:44.695+0000] {logging_mixin.py:188} INFO - [2024-06-18T02:23:44.695+0000] {dag.py:3954} INFO - Setting next_dagrun for example_params_ui_tutorial to None, run_after=None
[2024-06-18T02:23:44.729+0000] {processor.py:183} INFO - Processing /home/airflow/.local/lib/python3.12/site-packages/airflow/example_dags/example_params_ui_tutorial.py took 0.210 seconds
[2024-06-18T02:24:16.146+0000] {processor.py:161} INFO - Started process (PID=65485) to work on /home/airflow/.local/lib/python3.12/site-packages/airflow/example_dags/example_params_ui_tutorial.py
[2024-06-18T02:24:16.148+0000] {processor.py:830} INFO - Processing file /home/airflow/.local/lib/python3.12/site-packages/airflow/example_dags/example_params_ui_tutorial.py for tasks to queue
[2024-06-18T02:24:16.149+0000] {logging_mixin.py:188} INFO - [2024-06-18T02:24:16.148+0000] {dagbag.py:545} INFO - Filling up the DagBag from /home/airflow/.local/lib/python3.12/site-packages/airflow/example_dags/example_params_ui_tutorial.py
[2024-06-18T02:24:16.176+0000] {processor.py:840} INFO - DAG(s) 'example_params_ui_tutorial' retrieved from /home/airflow/.local/lib/python3.12/site-packages/airflow/example_dags/example_params_ui_tutorial.py
[2024-06-18T02:24:16.253+0000] {logging_mixin.py:188} INFO - [2024-06-18T02:24:16.253+0000] {dag.py:3096} INFO - Sync 1 DAGs
[2024-06-18T02:24:16.272+0000] {logging_mixin.py:188} INFO - [2024-06-18T02:24:16.272+0000] {dag.py:3954} INFO - Setting next_dagrun for example_params_ui_tutorial to None, run_after=None
[2024-06-18T02:24:16.325+0000] {processor.py:183} INFO - Processing /home/airflow/.local/lib/python3.12/site-packages/airflow/example_dags/example_params_ui_tutorial.py took 0.190 seconds
[2024-06-18T02:24:46.367+0000] {processor.py:161} INFO - Started process (PID=65543) to work on /home/airflow/.local/lib/python3.12/site-packages/airflow/example_dags/example_params_ui_tutorial.py
[2024-06-18T02:24:46.368+0000] {processor.py:830} INFO - Processing file /home/airflow/.local/lib/python3.12/site-packages/airflow/example_dags/example_params_ui_tutorial.py for tasks to queue
[2024-06-18T02:24:46.369+0000] {logging_mixin.py:188} INFO - [2024-06-18T02:24:46.369+0000] {dagbag.py:545} INFO - Filling up the DagBag from /home/airflow/.local/lib/python3.12/site-packages/airflow/example_dags/example_params_ui_tutorial.py
[2024-06-18T02:24:46.384+0000] {processor.py:840} INFO - DAG(s) 'example_params_ui_tutorial' retrieved from /home/airflow/.local/lib/python3.12/site-packages/airflow/example_dags/example_params_ui_tutorial.py
[2024-06-18T02:24:46.466+0000] {logging_mixin.py:188} INFO - [2024-06-18T02:24:46.465+0000] {dag.py:3096} INFO - Sync 1 DAGs
[2024-06-18T02:24:46.488+0000] {logging_mixin.py:188} INFO - [2024-06-18T02:24:46.487+0000] {dag.py:3954} INFO - Setting next_dagrun for example_params_ui_tutorial to None, run_after=None
[2024-06-18T02:24:46.509+0000] {processor.py:183} INFO - Processing /home/airflow/.local/lib/python3.12/site-packages/airflow/example_dags/example_params_ui_tutorial.py took 0.149 seconds
[2024-06-18T02:25:16.920+0000] {processor.py:161} INFO - Started process (PID=65601) to work on /home/airflow/.local/lib/python3.12/site-packages/airflow/example_dags/example_params_ui_tutorial.py
[2024-06-18T02:25:16.922+0000] {processor.py:830} INFO - Processing file /home/airflow/.local/lib/python3.12/site-packages/airflow/example_dags/example_params_ui_tutorial.py for tasks to queue
[2024-06-18T02:25:16.924+0000] {logging_mixin.py:188} INFO - [2024-06-18T02:25:16.923+0000] {dagbag.py:545} INFO - Filling up the DagBag from /home/airflow/.local/lib/python3.12/site-packages/airflow/example_dags/example_params_ui_tutorial.py
[2024-06-18T02:25:16.936+0000] {processor.py:840} INFO - DAG(s) 'example_params_ui_tutorial' retrieved from /home/airflow/.local/lib/python3.12/site-packages/airflow/example_dags/example_params_ui_tutorial.py
[2024-06-18T02:25:16.996+0000] {logging_mixin.py:188} INFO - [2024-06-18T02:25:16.996+0000] {dag.py:3096} INFO - Sync 1 DAGs
[2024-06-18T02:25:17.011+0000] {logging_mixin.py:188} INFO - [2024-06-18T02:25:17.011+0000] {dag.py:3954} INFO - Setting next_dagrun for example_params_ui_tutorial to None, run_after=None
[2024-06-18T02:25:17.044+0000] {processor.py:183} INFO - Processing /home/airflow/.local/lib/python3.12/site-packages/airflow/example_dags/example_params_ui_tutorial.py took 0.130 seconds
[2024-06-18T02:25:47.884+0000] {processor.py:161} INFO - Started process (PID=65659) to work on /home/airflow/.local/lib/python3.12/site-packages/airflow/example_dags/example_params_ui_tutorial.py
[2024-06-18T02:25:47.885+0000] {processor.py:830} INFO - Processing file /home/airflow/.local/lib/python3.12/site-packages/airflow/example_dags/example_params_ui_tutorial.py for tasks to queue
[2024-06-18T02:25:47.886+0000] {logging_mixin.py:188} INFO - [2024-06-18T02:25:47.885+0000] {dagbag.py:545} INFO - Filling up the DagBag from /home/airflow/.local/lib/python3.12/site-packages/airflow/example_dags/example_params_ui_tutorial.py
[2024-06-18T02:25:47.898+0000] {processor.py:840} INFO - DAG(s) 'example_params_ui_tutorial' retrieved from /home/airflow/.local/lib/python3.12/site-packages/airflow/example_dags/example_params_ui_tutorial.py
[2024-06-18T02:25:47.957+0000] {logging_mixin.py:188} INFO - [2024-06-18T02:25:47.957+0000] {dag.py:3096} INFO - Sync 1 DAGs
[2024-06-18T02:25:47.988+0000] {logging_mixin.py:188} INFO - [2024-06-18T02:25:47.988+0000] {dag.py:3954} INFO - Setting next_dagrun for example_params_ui_tutorial to None, run_after=None
[2024-06-18T02:25:48.016+0000] {processor.py:183} INFO - Processing /home/airflow/.local/lib/python3.12/site-packages/airflow/example_dags/example_params_ui_tutorial.py took 0.138 seconds
[2024-06-18T02:26:18.494+0000] {processor.py:161} INFO - Started process (PID=65717) to work on /home/airflow/.local/lib/python3.12/site-packages/airflow/example_dags/example_params_ui_tutorial.py
[2024-06-18T02:26:18.495+0000] {processor.py:830} INFO - Processing file /home/airflow/.local/lib/python3.12/site-packages/airflow/example_dags/example_params_ui_tutorial.py for tasks to queue
[2024-06-18T02:26:18.496+0000] {logging_mixin.py:188} INFO - [2024-06-18T02:26:18.496+0000] {dagbag.py:545} INFO - Filling up the DagBag from /home/airflow/.local/lib/python3.12/site-packages/airflow/example_dags/example_params_ui_tutorial.py
[2024-06-18T02:26:18.513+0000] {processor.py:840} INFO - DAG(s) 'example_params_ui_tutorial' retrieved from /home/airflow/.local/lib/python3.12/site-packages/airflow/example_dags/example_params_ui_tutorial.py
[2024-06-18T02:26:18.575+0000] {logging_mixin.py:188} INFO - [2024-06-18T02:26:18.575+0000] {dag.py:3096} INFO - Sync 1 DAGs
[2024-06-18T02:26:18.592+0000] {logging_mixin.py:188} INFO - [2024-06-18T02:26:18.592+0000] {dag.py:3954} INFO - Setting next_dagrun for example_params_ui_tutorial to None, run_after=None
[2024-06-18T02:26:18.617+0000] {processor.py:183} INFO - Processing /home/airflow/.local/lib/python3.12/site-packages/airflow/example_dags/example_params_ui_tutorial.py took 0.129 seconds
[2024-06-18T02:26:49.181+0000] {processor.py:161} INFO - Started process (PID=65776) to work on /home/airflow/.local/lib/python3.12/site-packages/airflow/example_dags/example_params_ui_tutorial.py
[2024-06-18T02:26:49.182+0000] {processor.py:830} INFO - Processing file /home/airflow/.local/lib/python3.12/site-packages/airflow/example_dags/example_params_ui_tutorial.py for tasks to queue
[2024-06-18T02:26:49.183+0000] {logging_mixin.py:188} INFO - [2024-06-18T02:26:49.183+0000] {dagbag.py:545} INFO - Filling up the DagBag from /home/airflow/.local/lib/python3.12/site-packages/airflow/example_dags/example_params_ui_tutorial.py
[2024-06-18T02:26:49.200+0000] {processor.py:840} INFO - DAG(s) 'example_params_ui_tutorial' retrieved from /home/airflow/.local/lib/python3.12/site-packages/airflow/example_dags/example_params_ui_tutorial.py
[2024-06-18T02:26:49.321+0000] {logging_mixin.py:188} INFO - [2024-06-18T02:26:49.321+0000] {dag.py:3096} INFO - Sync 1 DAGs
[2024-06-18T02:26:49.370+0000] {logging_mixin.py:188} INFO - [2024-06-18T02:26:49.369+0000] {dag.py:3954} INFO - Setting next_dagrun for example_params_ui_tutorial to None, run_after=None
[2024-06-18T02:26:49.402+0000] {processor.py:183} INFO - Processing /home/airflow/.local/lib/python3.12/site-packages/airflow/example_dags/example_params_ui_tutorial.py took 0.229 seconds
[2024-06-18T02:27:19.947+0000] {processor.py:161} INFO - Started process (PID=65834) to work on /home/airflow/.local/lib/python3.12/site-packages/airflow/example_dags/example_params_ui_tutorial.py
[2024-06-18T02:27:19.948+0000] {processor.py:830} INFO - Processing file /home/airflow/.local/lib/python3.12/site-packages/airflow/example_dags/example_params_ui_tutorial.py for tasks to queue
[2024-06-18T02:27:19.949+0000] {logging_mixin.py:188} INFO - [2024-06-18T02:27:19.949+0000] {dagbag.py:545} INFO - Filling up the DagBag from /home/airflow/.local/lib/python3.12/site-packages/airflow/example_dags/example_params_ui_tutorial.py
[2024-06-18T02:27:19.963+0000] {processor.py:840} INFO - DAG(s) 'example_params_ui_tutorial' retrieved from /home/airflow/.local/lib/python3.12/site-packages/airflow/example_dags/example_params_ui_tutorial.py
[2024-06-18T02:27:20.028+0000] {logging_mixin.py:188} INFO - [2024-06-18T02:27:20.028+0000] {dag.py:3096} INFO - Sync 1 DAGs
[2024-06-18T02:27:20.046+0000] {logging_mixin.py:188} INFO - [2024-06-18T02:27:20.045+0000] {dag.py:3954} INFO - Setting next_dagrun for example_params_ui_tutorial to None, run_after=None
[2024-06-18T02:27:20.068+0000] {processor.py:183} INFO - Processing /home/airflow/.local/lib/python3.12/site-packages/airflow/example_dags/example_params_ui_tutorial.py took 0.127 seconds
[2024-06-18T02:27:50.208+0000] {processor.py:161} INFO - Started process (PID=65892) to work on /home/airflow/.local/lib/python3.12/site-packages/airflow/example_dags/example_params_ui_tutorial.py
[2024-06-18T02:27:50.209+0000] {processor.py:830} INFO - Processing file /home/airflow/.local/lib/python3.12/site-packages/airflow/example_dags/example_params_ui_tutorial.py for tasks to queue
[2024-06-18T02:27:50.210+0000] {logging_mixin.py:188} INFO - [2024-06-18T02:27:50.210+0000] {dagbag.py:545} INFO - Filling up the DagBag from /home/airflow/.local/lib/python3.12/site-packages/airflow/example_dags/example_params_ui_tutorial.py
[2024-06-18T02:27:50.221+0000] {processor.py:840} INFO - DAG(s) 'example_params_ui_tutorial' retrieved from /home/airflow/.local/lib/python3.12/site-packages/airflow/example_dags/example_params_ui_tutorial.py
[2024-06-18T02:27:50.277+0000] {logging_mixin.py:188} INFO - [2024-06-18T02:27:50.277+0000] {dag.py:3096} INFO - Sync 1 DAGs
[2024-06-18T02:27:50.293+0000] {logging_mixin.py:188} INFO - [2024-06-18T02:27:50.292+0000] {dag.py:3954} INFO - Setting next_dagrun for example_params_ui_tutorial to None, run_after=None
[2024-06-18T02:27:50.316+0000] {processor.py:183} INFO - Processing /home/airflow/.local/lib/python3.12/site-packages/airflow/example_dags/example_params_ui_tutorial.py took 0.115 seconds
[2024-06-18T02:28:20.648+0000] {processor.py:161} INFO - Started process (PID=65950) to work on /home/airflow/.local/lib/python3.12/site-packages/airflow/example_dags/example_params_ui_tutorial.py
[2024-06-18T02:28:20.650+0000] {processor.py:830} INFO - Processing file /home/airflow/.local/lib/python3.12/site-packages/airflow/example_dags/example_params_ui_tutorial.py for tasks to queue
[2024-06-18T02:28:20.651+0000] {logging_mixin.py:188} INFO - [2024-06-18T02:28:20.650+0000] {dagbag.py:545} INFO - Filling up the DagBag from /home/airflow/.local/lib/python3.12/site-packages/airflow/example_dags/example_params_ui_tutorial.py
[2024-06-18T02:28:20.668+0000] {processor.py:840} INFO - DAG(s) 'example_params_ui_tutorial' retrieved from /home/airflow/.local/lib/python3.12/site-packages/airflow/example_dags/example_params_ui_tutorial.py
[2024-06-18T02:28:20.751+0000] {logging_mixin.py:188} INFO - [2024-06-18T02:28:20.750+0000] {dag.py:3096} INFO - Sync 1 DAGs
[2024-06-18T02:28:20.770+0000] {logging_mixin.py:188} INFO - [2024-06-18T02:28:20.770+0000] {dag.py:3954} INFO - Setting next_dagrun for example_params_ui_tutorial to None, run_after=None
[2024-06-18T02:28:20.798+0000] {processor.py:183} INFO - Processing /home/airflow/.local/lib/python3.12/site-packages/airflow/example_dags/example_params_ui_tutorial.py took 0.157 seconds
[2024-06-18T02:28:51.068+0000] {processor.py:161} INFO - Started process (PID=66009) to work on /home/airflow/.local/lib/python3.12/site-packages/airflow/example_dags/example_params_ui_tutorial.py
[2024-06-18T02:28:51.070+0000] {processor.py:830} INFO - Processing file /home/airflow/.local/lib/python3.12/site-packages/airflow/example_dags/example_params_ui_tutorial.py for tasks to queue
[2024-06-18T02:28:51.071+0000] {logging_mixin.py:188} INFO - [2024-06-18T02:28:51.071+0000] {dagbag.py:545} INFO - Filling up the DagBag from /home/airflow/.local/lib/python3.12/site-packages/airflow/example_dags/example_params_ui_tutorial.py
[2024-06-18T02:28:51.085+0000] {processor.py:840} INFO - DAG(s) 'example_params_ui_tutorial' retrieved from /home/airflow/.local/lib/python3.12/site-packages/airflow/example_dags/example_params_ui_tutorial.py
[2024-06-18T02:28:51.153+0000] {logging_mixin.py:188} INFO - [2024-06-18T02:28:51.153+0000] {dag.py:3096} INFO - Sync 1 DAGs
[2024-06-18T02:28:51.168+0000] {logging_mixin.py:188} INFO - [2024-06-18T02:28:51.167+0000] {dag.py:3954} INFO - Setting next_dagrun for example_params_ui_tutorial to None, run_after=None
[2024-06-18T02:28:51.193+0000] {processor.py:183} INFO - Processing /home/airflow/.local/lib/python3.12/site-packages/airflow/example_dags/example_params_ui_tutorial.py took 0.136 seconds
[2024-06-18T02:29:21.396+0000] {processor.py:161} INFO - Started process (PID=66067) to work on /home/airflow/.local/lib/python3.12/site-packages/airflow/example_dags/example_params_ui_tutorial.py
[2024-06-18T02:29:21.397+0000] {processor.py:830} INFO - Processing file /home/airflow/.local/lib/python3.12/site-packages/airflow/example_dags/example_params_ui_tutorial.py for tasks to queue
[2024-06-18T02:29:21.398+0000] {logging_mixin.py:188} INFO - [2024-06-18T02:29:21.398+0000] {dagbag.py:545} INFO - Filling up the DagBag from /home/airflow/.local/lib/python3.12/site-packages/airflow/example_dags/example_params_ui_tutorial.py
[2024-06-18T02:29:21.413+0000] {processor.py:840} INFO - DAG(s) 'example_params_ui_tutorial' retrieved from /home/airflow/.local/lib/python3.12/site-packages/airflow/example_dags/example_params_ui_tutorial.py
[2024-06-18T02:29:21.483+0000] {logging_mixin.py:188} INFO - [2024-06-18T02:29:21.483+0000] {dag.py:3096} INFO - Sync 1 DAGs
[2024-06-18T02:29:21.499+0000] {logging_mixin.py:188} INFO - [2024-06-18T02:29:21.499+0000] {dag.py:3954} INFO - Setting next_dagrun for example_params_ui_tutorial to None, run_after=None
[2024-06-18T02:29:21.525+0000] {processor.py:183} INFO - Processing /home/airflow/.local/lib/python3.12/site-packages/airflow/example_dags/example_params_ui_tutorial.py took 0.139 seconds
[2024-06-18T02:29:51.701+0000] {processor.py:161} INFO - Started process (PID=66125) to work on /home/airflow/.local/lib/python3.12/site-packages/airflow/example_dags/example_params_ui_tutorial.py
[2024-06-18T02:29:51.702+0000] {processor.py:830} INFO - Processing file /home/airflow/.local/lib/python3.12/site-packages/airflow/example_dags/example_params_ui_tutorial.py for tasks to queue
[2024-06-18T02:29:51.703+0000] {logging_mixin.py:188} INFO - [2024-06-18T02:29:51.702+0000] {dagbag.py:545} INFO - Filling up the DagBag from /home/airflow/.local/lib/python3.12/site-packages/airflow/example_dags/example_params_ui_tutorial.py
[2024-06-18T02:29:51.716+0000] {processor.py:840} INFO - DAG(s) 'example_params_ui_tutorial' retrieved from /home/airflow/.local/lib/python3.12/site-packages/airflow/example_dags/example_params_ui_tutorial.py
[2024-06-18T02:29:51.769+0000] {logging_mixin.py:188} INFO - [2024-06-18T02:29:51.768+0000] {dag.py:3096} INFO - Sync 1 DAGs
[2024-06-18T02:29:51.781+0000] {logging_mixin.py:188} INFO - [2024-06-18T02:29:51.781+0000] {dag.py:3954} INFO - Setting next_dagrun for example_params_ui_tutorial to None, run_after=None
[2024-06-18T02:29:51.802+0000] {processor.py:183} INFO - Processing /home/airflow/.local/lib/python3.12/site-packages/airflow/example_dags/example_params_ui_tutorial.py took 0.107 seconds
[2024-06-18T02:30:22.251+0000] {processor.py:161} INFO - Started process (PID=66183) to work on /home/airflow/.local/lib/python3.12/site-packages/airflow/example_dags/example_params_ui_tutorial.py
[2024-06-18T02:30:22.253+0000] {processor.py:830} INFO - Processing file /home/airflow/.local/lib/python3.12/site-packages/airflow/example_dags/example_params_ui_tutorial.py for tasks to queue
[2024-06-18T02:30:22.253+0000] {logging_mixin.py:188} INFO - [2024-06-18T02:30:22.253+0000] {dagbag.py:545} INFO - Filling up the DagBag from /home/airflow/.local/lib/python3.12/site-packages/airflow/example_dags/example_params_ui_tutorial.py
[2024-06-18T02:30:22.266+0000] {processor.py:840} INFO - DAG(s) 'example_params_ui_tutorial' retrieved from /home/airflow/.local/lib/python3.12/site-packages/airflow/example_dags/example_params_ui_tutorial.py
[2024-06-18T02:30:22.326+0000] {logging_mixin.py:188} INFO - [2024-06-18T02:30:22.326+0000] {dag.py:3096} INFO - Sync 1 DAGs
[2024-06-18T02:30:22.340+0000] {logging_mixin.py:188} INFO - [2024-06-18T02:30:22.340+0000] {dag.py:3954} INFO - Setting next_dagrun for example_params_ui_tutorial to None, run_after=None
[2024-06-18T02:30:22.359+0000] {processor.py:183} INFO - Processing /home/airflow/.local/lib/python3.12/site-packages/airflow/example_dags/example_params_ui_tutorial.py took 0.115 seconds
[2024-06-18T02:30:52.910+0000] {processor.py:161} INFO - Started process (PID=66241) to work on /home/airflow/.local/lib/python3.12/site-packages/airflow/example_dags/example_params_ui_tutorial.py
[2024-06-18T02:30:52.912+0000] {processor.py:830} INFO - Processing file /home/airflow/.local/lib/python3.12/site-packages/airflow/example_dags/example_params_ui_tutorial.py for tasks to queue
[2024-06-18T02:30:52.913+0000] {logging_mixin.py:188} INFO - [2024-06-18T02:30:52.912+0000] {dagbag.py:545} INFO - Filling up the DagBag from /home/airflow/.local/lib/python3.12/site-packages/airflow/example_dags/example_params_ui_tutorial.py
[2024-06-18T02:30:52.927+0000] {processor.py:840} INFO - DAG(s) 'example_params_ui_tutorial' retrieved from /home/airflow/.local/lib/python3.12/site-packages/airflow/example_dags/example_params_ui_tutorial.py
[2024-06-18T02:30:52.984+0000] {logging_mixin.py:188} INFO - [2024-06-18T02:30:52.984+0000] {dag.py:3096} INFO - Sync 1 DAGs
[2024-06-18T02:30:52.998+0000] {logging_mixin.py:188} INFO - [2024-06-18T02:30:52.997+0000] {dag.py:3954} INFO - Setting next_dagrun for example_params_ui_tutorial to None, run_after=None
[2024-06-18T02:30:53.016+0000] {processor.py:183} INFO - Processing /home/airflow/.local/lib/python3.12/site-packages/airflow/example_dags/example_params_ui_tutorial.py took 0.113 seconds
[2024-06-18T02:31:23.294+0000] {processor.py:161} INFO - Started process (PID=66299) to work on /home/airflow/.local/lib/python3.12/site-packages/airflow/example_dags/example_params_ui_tutorial.py
[2024-06-18T02:31:23.295+0000] {processor.py:830} INFO - Processing file /home/airflow/.local/lib/python3.12/site-packages/airflow/example_dags/example_params_ui_tutorial.py for tasks to queue
[2024-06-18T02:31:23.295+0000] {logging_mixin.py:188} INFO - [2024-06-18T02:31:23.295+0000] {dagbag.py:545} INFO - Filling up the DagBag from /home/airflow/.local/lib/python3.12/site-packages/airflow/example_dags/example_params_ui_tutorial.py
[2024-06-18T02:31:23.309+0000] {processor.py:840} INFO - DAG(s) 'example_params_ui_tutorial' retrieved from /home/airflow/.local/lib/python3.12/site-packages/airflow/example_dags/example_params_ui_tutorial.py
[2024-06-18T02:31:23.376+0000] {logging_mixin.py:188} INFO - [2024-06-18T02:31:23.376+0000] {dag.py:3096} INFO - Sync 1 DAGs
[2024-06-18T02:31:23.393+0000] {logging_mixin.py:188} INFO - [2024-06-18T02:31:23.393+0000] {dag.py:3954} INFO - Setting next_dagrun for example_params_ui_tutorial to None, run_after=None
[2024-06-18T02:31:23.420+0000] {processor.py:183} INFO - Processing /home/airflow/.local/lib/python3.12/site-packages/airflow/example_dags/example_params_ui_tutorial.py took 0.132 seconds
[2024-06-18T02:31:53.782+0000] {processor.py:161} INFO - Started process (PID=66357) to work on /home/airflow/.local/lib/python3.12/site-packages/airflow/example_dags/example_params_ui_tutorial.py
[2024-06-18T02:31:53.783+0000] {processor.py:830} INFO - Processing file /home/airflow/.local/lib/python3.12/site-packages/airflow/example_dags/example_params_ui_tutorial.py for tasks to queue
[2024-06-18T02:31:53.784+0000] {logging_mixin.py:188} INFO - [2024-06-18T02:31:53.783+0000] {dagbag.py:545} INFO - Filling up the DagBag from /home/airflow/.local/lib/python3.12/site-packages/airflow/example_dags/example_params_ui_tutorial.py
[2024-06-18T02:31:53.795+0000] {processor.py:840} INFO - DAG(s) 'example_params_ui_tutorial' retrieved from /home/airflow/.local/lib/python3.12/site-packages/airflow/example_dags/example_params_ui_tutorial.py
[2024-06-18T02:31:53.853+0000] {logging_mixin.py:188} INFO - [2024-06-18T02:31:53.853+0000] {dag.py:3096} INFO - Sync 1 DAGs
[2024-06-18T02:31:53.866+0000] {logging_mixin.py:188} INFO - [2024-06-18T02:31:53.866+0000] {dag.py:3954} INFO - Setting next_dagrun for example_params_ui_tutorial to None, run_after=None
[2024-06-18T02:31:53.885+0000] {processor.py:183} INFO - Processing /home/airflow/.local/lib/python3.12/site-packages/airflow/example_dags/example_params_ui_tutorial.py took 0.110 seconds
[2024-06-18T02:32:24.788+0000] {processor.py:161} INFO - Started process (PID=66415) to work on /home/airflow/.local/lib/python3.12/site-packages/airflow/example_dags/example_params_ui_tutorial.py
[2024-06-18T02:32:24.789+0000] {processor.py:830} INFO - Processing file /home/airflow/.local/lib/python3.12/site-packages/airflow/example_dags/example_params_ui_tutorial.py for tasks to queue
[2024-06-18T02:32:24.790+0000] {logging_mixin.py:188} INFO - [2024-06-18T02:32:24.790+0000] {dagbag.py:545} INFO - Filling up the DagBag from /home/airflow/.local/lib/python3.12/site-packages/airflow/example_dags/example_params_ui_tutorial.py
[2024-06-18T02:32:24.802+0000] {processor.py:840} INFO - DAG(s) 'example_params_ui_tutorial' retrieved from /home/airflow/.local/lib/python3.12/site-packages/airflow/example_dags/example_params_ui_tutorial.py
[2024-06-18T02:32:24.858+0000] {logging_mixin.py:188} INFO - [2024-06-18T02:32:24.858+0000] {dag.py:3096} INFO - Sync 1 DAGs
[2024-06-18T02:32:24.874+0000] {logging_mixin.py:188} INFO - [2024-06-18T02:32:24.873+0000] {dag.py:3954} INFO - Setting next_dagrun for example_params_ui_tutorial to None, run_after=None
[2024-06-18T02:32:24.892+0000] {processor.py:183} INFO - Processing /home/airflow/.local/lib/python3.12/site-packages/airflow/example_dags/example_params_ui_tutorial.py took 0.110 seconds
[2024-06-18T02:32:55.295+0000] {processor.py:161} INFO - Started process (PID=66473) to work on /home/airflow/.local/lib/python3.12/site-packages/airflow/example_dags/example_params_ui_tutorial.py
[2024-06-18T02:32:55.298+0000] {processor.py:830} INFO - Processing file /home/airflow/.local/lib/python3.12/site-packages/airflow/example_dags/example_params_ui_tutorial.py for tasks to queue
[2024-06-18T02:32:55.299+0000] {logging_mixin.py:188} INFO - [2024-06-18T02:32:55.299+0000] {dagbag.py:545} INFO - Filling up the DagBag from /home/airflow/.local/lib/python3.12/site-packages/airflow/example_dags/example_params_ui_tutorial.py
[2024-06-18T02:32:55.316+0000] {processor.py:840} INFO - DAG(s) 'example_params_ui_tutorial' retrieved from /home/airflow/.local/lib/python3.12/site-packages/airflow/example_dags/example_params_ui_tutorial.py
[2024-06-18T02:32:55.384+0000] {logging_mixin.py:188} INFO - [2024-06-18T02:32:55.383+0000] {dag.py:3096} INFO - Sync 1 DAGs
[2024-06-18T02:32:55.406+0000] {logging_mixin.py:188} INFO - [2024-06-18T02:32:55.406+0000] {dag.py:3954} INFO - Setting next_dagrun for example_params_ui_tutorial to None, run_after=None
[2024-06-18T02:32:55.427+0000] {processor.py:183} INFO - Processing /home/airflow/.local/lib/python3.12/site-packages/airflow/example_dags/example_params_ui_tutorial.py took 0.143 seconds
[2024-06-18T02:33:26.297+0000] {processor.py:161} INFO - Started process (PID=66531) to work on /home/airflow/.local/lib/python3.12/site-packages/airflow/example_dags/example_params_ui_tutorial.py
[2024-06-18T02:33:26.298+0000] {processor.py:830} INFO - Processing file /home/airflow/.local/lib/python3.12/site-packages/airflow/example_dags/example_params_ui_tutorial.py for tasks to queue
[2024-06-18T02:33:26.299+0000] {logging_mixin.py:188} INFO - [2024-06-18T02:33:26.299+0000] {dagbag.py:545} INFO - Filling up the DagBag from /home/airflow/.local/lib/python3.12/site-packages/airflow/example_dags/example_params_ui_tutorial.py
[2024-06-18T02:33:26.314+0000] {processor.py:840} INFO - DAG(s) 'example_params_ui_tutorial' retrieved from /home/airflow/.local/lib/python3.12/site-packages/airflow/example_dags/example_params_ui_tutorial.py
[2024-06-18T02:33:26.382+0000] {logging_mixin.py:188} INFO - [2024-06-18T02:33:26.381+0000] {dag.py:3096} INFO - Sync 1 DAGs
[2024-06-18T02:33:26.402+0000] {logging_mixin.py:188} INFO - [2024-06-18T02:33:26.402+0000] {dag.py:3954} INFO - Setting next_dagrun for example_params_ui_tutorial to None, run_after=None
[2024-06-18T02:33:26.440+0000] {processor.py:183} INFO - Processing /home/airflow/.local/lib/python3.12/site-packages/airflow/example_dags/example_params_ui_tutorial.py took 0.149 seconds
[2024-06-18T02:33:56.499+0000] {processor.py:161} INFO - Started process (PID=66589) to work on /home/airflow/.local/lib/python3.12/site-packages/airflow/example_dags/example_params_ui_tutorial.py
[2024-06-18T02:33:56.500+0000] {processor.py:830} INFO - Processing file /home/airflow/.local/lib/python3.12/site-packages/airflow/example_dags/example_params_ui_tutorial.py for tasks to queue
[2024-06-18T02:33:56.501+0000] {logging_mixin.py:188} INFO - [2024-06-18T02:33:56.501+0000] {dagbag.py:545} INFO - Filling up the DagBag from /home/airflow/.local/lib/python3.12/site-packages/airflow/example_dags/example_params_ui_tutorial.py
[2024-06-18T02:33:56.515+0000] {processor.py:840} INFO - DAG(s) 'example_params_ui_tutorial' retrieved from /home/airflow/.local/lib/python3.12/site-packages/airflow/example_dags/example_params_ui_tutorial.py
[2024-06-18T02:33:56.574+0000] {logging_mixin.py:188} INFO - [2024-06-18T02:33:56.574+0000] {dag.py:3096} INFO - Sync 1 DAGs
[2024-06-18T02:33:56.588+0000] {logging_mixin.py:188} INFO - [2024-06-18T02:33:56.588+0000] {dag.py:3954} INFO - Setting next_dagrun for example_params_ui_tutorial to None, run_after=None
[2024-06-18T02:33:56.610+0000] {processor.py:183} INFO - Processing /home/airflow/.local/lib/python3.12/site-packages/airflow/example_dags/example_params_ui_tutorial.py took 0.118 seconds
[2024-06-18T02:34:26.999+0000] {processor.py:161} INFO - Started process (PID=66647) to work on /home/airflow/.local/lib/python3.12/site-packages/airflow/example_dags/example_params_ui_tutorial.py
[2024-06-18T02:34:27.000+0000] {processor.py:830} INFO - Processing file /home/airflow/.local/lib/python3.12/site-packages/airflow/example_dags/example_params_ui_tutorial.py for tasks to queue
[2024-06-18T02:34:27.000+0000] {logging_mixin.py:188} INFO - [2024-06-18T02:34:27.000+0000] {dagbag.py:545} INFO - Filling up the DagBag from /home/airflow/.local/lib/python3.12/site-packages/airflow/example_dags/example_params_ui_tutorial.py
[2024-06-18T02:34:27.012+0000] {processor.py:840} INFO - DAG(s) 'example_params_ui_tutorial' retrieved from /home/airflow/.local/lib/python3.12/site-packages/airflow/example_dags/example_params_ui_tutorial.py
[2024-06-18T02:34:27.082+0000] {logging_mixin.py:188} INFO - [2024-06-18T02:34:27.082+0000] {dag.py:3096} INFO - Sync 1 DAGs
[2024-06-18T02:34:27.097+0000] {logging_mixin.py:188} INFO - [2024-06-18T02:34:27.097+0000] {dag.py:3954} INFO - Setting next_dagrun for example_params_ui_tutorial to None, run_after=None
[2024-06-18T02:34:27.119+0000] {processor.py:183} INFO - Processing /home/airflow/.local/lib/python3.12/site-packages/airflow/example_dags/example_params_ui_tutorial.py took 0.126 seconds
[2024-06-18T02:34:57.392+0000] {processor.py:161} INFO - Started process (PID=66705) to work on /home/airflow/.local/lib/python3.12/site-packages/airflow/example_dags/example_params_ui_tutorial.py
[2024-06-18T02:34:57.393+0000] {processor.py:830} INFO - Processing file /home/airflow/.local/lib/python3.12/site-packages/airflow/example_dags/example_params_ui_tutorial.py for tasks to queue
[2024-06-18T02:34:57.394+0000] {logging_mixin.py:188} INFO - [2024-06-18T02:34:57.393+0000] {dagbag.py:545} INFO - Filling up the DagBag from /home/airflow/.local/lib/python3.12/site-packages/airflow/example_dags/example_params_ui_tutorial.py
[2024-06-18T02:34:57.405+0000] {processor.py:840} INFO - DAG(s) 'example_params_ui_tutorial' retrieved from /home/airflow/.local/lib/python3.12/site-packages/airflow/example_dags/example_params_ui_tutorial.py
[2024-06-18T02:34:57.505+0000] {logging_mixin.py:188} INFO - [2024-06-18T02:34:57.504+0000] {dag.py:3096} INFO - Sync 1 DAGs
[2024-06-18T02:34:57.521+0000] {logging_mixin.py:188} INFO - [2024-06-18T02:34:57.520+0000] {dag.py:3954} INFO - Setting next_dagrun for example_params_ui_tutorial to None, run_after=None
[2024-06-18T02:34:57.542+0000] {processor.py:183} INFO - Processing /home/airflow/.local/lib/python3.12/site-packages/airflow/example_dags/example_params_ui_tutorial.py took 0.156 seconds
[2024-06-18T02:35:27.716+0000] {processor.py:161} INFO - Started process (PID=66763) to work on /home/airflow/.local/lib/python3.12/site-packages/airflow/example_dags/example_params_ui_tutorial.py
[2024-06-18T02:35:27.717+0000] {processor.py:830} INFO - Processing file /home/airflow/.local/lib/python3.12/site-packages/airflow/example_dags/example_params_ui_tutorial.py for tasks to queue
[2024-06-18T02:35:27.718+0000] {logging_mixin.py:188} INFO - [2024-06-18T02:35:27.717+0000] {dagbag.py:545} INFO - Filling up the DagBag from /home/airflow/.local/lib/python3.12/site-packages/airflow/example_dags/example_params_ui_tutorial.py
[2024-06-18T02:35:27.732+0000] {processor.py:840} INFO - DAG(s) 'example_params_ui_tutorial' retrieved from /home/airflow/.local/lib/python3.12/site-packages/airflow/example_dags/example_params_ui_tutorial.py
[2024-06-18T02:35:27.801+0000] {logging_mixin.py:188} INFO - [2024-06-18T02:35:27.800+0000] {dag.py:3096} INFO - Sync 1 DAGs
[2024-06-18T02:35:27.816+0000] {logging_mixin.py:188} INFO - [2024-06-18T02:35:27.815+0000] {dag.py:3954} INFO - Setting next_dagrun for example_params_ui_tutorial to None, run_after=None
[2024-06-18T02:35:27.842+0000] {processor.py:183} INFO - Processing /home/airflow/.local/lib/python3.12/site-packages/airflow/example_dags/example_params_ui_tutorial.py took 0.134 seconds
[2024-06-18T02:35:57.935+0000] {processor.py:161} INFO - Started process (PID=66821) to work on /home/airflow/.local/lib/python3.12/site-packages/airflow/example_dags/example_params_ui_tutorial.py
[2024-06-18T02:35:57.936+0000] {processor.py:830} INFO - Processing file /home/airflow/.local/lib/python3.12/site-packages/airflow/example_dags/example_params_ui_tutorial.py for tasks to queue
[2024-06-18T02:35:57.937+0000] {logging_mixin.py:188} INFO - [2024-06-18T02:35:57.937+0000] {dagbag.py:545} INFO - Filling up the DagBag from /home/airflow/.local/lib/python3.12/site-packages/airflow/example_dags/example_params_ui_tutorial.py
[2024-06-18T02:35:57.950+0000] {processor.py:840} INFO - DAG(s) 'example_params_ui_tutorial' retrieved from /home/airflow/.local/lib/python3.12/site-packages/airflow/example_dags/example_params_ui_tutorial.py
[2024-06-18T02:35:58.005+0000] {logging_mixin.py:188} INFO - [2024-06-18T02:35:58.005+0000] {dag.py:3096} INFO - Sync 1 DAGs
[2024-06-18T02:35:58.018+0000] {logging_mixin.py:188} INFO - [2024-06-18T02:35:58.018+0000] {dag.py:3954} INFO - Setting next_dagrun for example_params_ui_tutorial to None, run_after=None
[2024-06-18T02:35:58.038+0000] {processor.py:183} INFO - Processing /home/airflow/.local/lib/python3.12/site-packages/airflow/example_dags/example_params_ui_tutorial.py took 0.110 seconds
[2024-06-18T02:36:28.981+0000] {processor.py:161} INFO - Started process (PID=66879) to work on /home/airflow/.local/lib/python3.12/site-packages/airflow/example_dags/example_params_ui_tutorial.py
[2024-06-18T02:36:28.982+0000] {processor.py:830} INFO - Processing file /home/airflow/.local/lib/python3.12/site-packages/airflow/example_dags/example_params_ui_tutorial.py for tasks to queue
[2024-06-18T02:36:28.983+0000] {logging_mixin.py:188} INFO - [2024-06-18T02:36:28.982+0000] {dagbag.py:545} INFO - Filling up the DagBag from /home/airflow/.local/lib/python3.12/site-packages/airflow/example_dags/example_params_ui_tutorial.py
[2024-06-18T02:36:28.999+0000] {processor.py:840} INFO - DAG(s) 'example_params_ui_tutorial' retrieved from /home/airflow/.local/lib/python3.12/site-packages/airflow/example_dags/example_params_ui_tutorial.py
[2024-06-18T02:36:29.064+0000] {logging_mixin.py:188} INFO - [2024-06-18T02:36:29.064+0000] {dag.py:3096} INFO - Sync 1 DAGs
[2024-06-18T02:36:29.081+0000] {logging_mixin.py:188} INFO - [2024-06-18T02:36:29.081+0000] {dag.py:3954} INFO - Setting next_dagrun for example_params_ui_tutorial to None, run_after=None
[2024-06-18T02:36:29.104+0000] {processor.py:183} INFO - Processing /home/airflow/.local/lib/python3.12/site-packages/airflow/example_dags/example_params_ui_tutorial.py took 0.131 seconds
[2024-06-18T02:37:00.067+0000] {processor.py:161} INFO - Started process (PID=66937) to work on /home/airflow/.local/lib/python3.12/site-packages/airflow/example_dags/example_params_ui_tutorial.py
[2024-06-18T02:37:00.069+0000] {processor.py:830} INFO - Processing file /home/airflow/.local/lib/python3.12/site-packages/airflow/example_dags/example_params_ui_tutorial.py for tasks to queue
[2024-06-18T02:37:00.069+0000] {logging_mixin.py:188} INFO - [2024-06-18T02:37:00.069+0000] {dagbag.py:545} INFO - Filling up the DagBag from /home/airflow/.local/lib/python3.12/site-packages/airflow/example_dags/example_params_ui_tutorial.py
[2024-06-18T02:37:00.082+0000] {processor.py:840} INFO - DAG(s) 'example_params_ui_tutorial' retrieved from /home/airflow/.local/lib/python3.12/site-packages/airflow/example_dags/example_params_ui_tutorial.py
[2024-06-18T02:37:00.140+0000] {logging_mixin.py:188} INFO - [2024-06-18T02:37:00.139+0000] {dag.py:3096} INFO - Sync 1 DAGs
[2024-06-18T02:37:00.157+0000] {logging_mixin.py:188} INFO - [2024-06-18T02:37:00.156+0000] {dag.py:3954} INFO - Setting next_dagrun for example_params_ui_tutorial to None, run_after=None
[2024-06-18T02:37:00.178+0000] {processor.py:183} INFO - Processing /home/airflow/.local/lib/python3.12/site-packages/airflow/example_dags/example_params_ui_tutorial.py took 0.116 seconds
[2024-06-18T02:37:30.888+0000] {processor.py:161} INFO - Started process (PID=66995) to work on /home/airflow/.local/lib/python3.12/site-packages/airflow/example_dags/example_params_ui_tutorial.py
[2024-06-18T02:37:30.891+0000] {processor.py:830} INFO - Processing file /home/airflow/.local/lib/python3.12/site-packages/airflow/example_dags/example_params_ui_tutorial.py for tasks to queue
[2024-06-18T02:37:30.893+0000] {logging_mixin.py:188} INFO - [2024-06-18T02:37:30.892+0000] {dagbag.py:545} INFO - Filling up the DagBag from /home/airflow/.local/lib/python3.12/site-packages/airflow/example_dags/example_params_ui_tutorial.py
[2024-06-18T02:37:30.907+0000] {processor.py:840} INFO - DAG(s) 'example_params_ui_tutorial' retrieved from /home/airflow/.local/lib/python3.12/site-packages/airflow/example_dags/example_params_ui_tutorial.py
[2024-06-18T02:37:30.968+0000] {logging_mixin.py:188} INFO - [2024-06-18T02:37:30.968+0000] {dag.py:3096} INFO - Sync 1 DAGs
[2024-06-18T02:37:30.981+0000] {logging_mixin.py:188} INFO - [2024-06-18T02:37:30.981+0000] {dag.py:3954} INFO - Setting next_dagrun for example_params_ui_tutorial to None, run_after=None
[2024-06-18T02:37:31.003+0000] {processor.py:183} INFO - Processing /home/airflow/.local/lib/python3.12/site-packages/airflow/example_dags/example_params_ui_tutorial.py took 0.122 seconds
[2024-06-18T02:38:01.030+0000] {processor.py:161} INFO - Started process (PID=67052) to work on /home/airflow/.local/lib/python3.12/site-packages/airflow/example_dags/example_params_ui_tutorial.py
[2024-06-18T02:38:01.031+0000] {processor.py:830} INFO - Processing file /home/airflow/.local/lib/python3.12/site-packages/airflow/example_dags/example_params_ui_tutorial.py for tasks to queue
[2024-06-18T02:38:01.032+0000] {logging_mixin.py:188} INFO - [2024-06-18T02:38:01.031+0000] {dagbag.py:545} INFO - Filling up the DagBag from /home/airflow/.local/lib/python3.12/site-packages/airflow/example_dags/example_params_ui_tutorial.py
[2024-06-18T02:38:01.045+0000] {processor.py:840} INFO - DAG(s) 'example_params_ui_tutorial' retrieved from /home/airflow/.local/lib/python3.12/site-packages/airflow/example_dags/example_params_ui_tutorial.py
[2024-06-18T02:38:01.117+0000] {logging_mixin.py:188} INFO - [2024-06-18T02:38:01.117+0000] {dag.py:3096} INFO - Sync 1 DAGs
[2024-06-18T02:38:01.135+0000] {logging_mixin.py:188} INFO - [2024-06-18T02:38:01.134+0000] {dag.py:3954} INFO - Setting next_dagrun for example_params_ui_tutorial to None, run_after=None
[2024-06-18T02:38:01.160+0000] {processor.py:183} INFO - Processing /home/airflow/.local/lib/python3.12/site-packages/airflow/example_dags/example_params_ui_tutorial.py took 0.138 seconds
[2024-06-18T02:38:31.294+0000] {processor.py:161} INFO - Started process (PID=67110) to work on /home/airflow/.local/lib/python3.12/site-packages/airflow/example_dags/example_params_ui_tutorial.py
[2024-06-18T02:38:31.295+0000] {processor.py:830} INFO - Processing file /home/airflow/.local/lib/python3.12/site-packages/airflow/example_dags/example_params_ui_tutorial.py for tasks to queue
[2024-06-18T02:38:31.297+0000] {logging_mixin.py:188} INFO - [2024-06-18T02:38:31.296+0000] {dagbag.py:545} INFO - Filling up the DagBag from /home/airflow/.local/lib/python3.12/site-packages/airflow/example_dags/example_params_ui_tutorial.py
[2024-06-18T02:38:31.313+0000] {processor.py:840} INFO - DAG(s) 'example_params_ui_tutorial' retrieved from /home/airflow/.local/lib/python3.12/site-packages/airflow/example_dags/example_params_ui_tutorial.py
[2024-06-18T02:38:31.386+0000] {logging_mixin.py:188} INFO - [2024-06-18T02:38:31.386+0000] {dag.py:3096} INFO - Sync 1 DAGs
[2024-06-18T02:38:31.408+0000] {logging_mixin.py:188} INFO - [2024-06-18T02:38:31.407+0000] {dag.py:3954} INFO - Setting next_dagrun for example_params_ui_tutorial to None, run_after=None
[2024-06-18T02:38:31.429+0000] {processor.py:183} INFO - Processing /home/airflow/.local/lib/python3.12/site-packages/airflow/example_dags/example_params_ui_tutorial.py took 0.141 seconds
[2024-06-18T02:39:01.506+0000] {processor.py:161} INFO - Started process (PID=67168) to work on /home/airflow/.local/lib/python3.12/site-packages/airflow/example_dags/example_params_ui_tutorial.py
[2024-06-18T02:39:01.508+0000] {processor.py:830} INFO - Processing file /home/airflow/.local/lib/python3.12/site-packages/airflow/example_dags/example_params_ui_tutorial.py for tasks to queue
[2024-06-18T02:39:01.509+0000] {logging_mixin.py:188} INFO - [2024-06-18T02:39:01.509+0000] {dagbag.py:545} INFO - Filling up the DagBag from /home/airflow/.local/lib/python3.12/site-packages/airflow/example_dags/example_params_ui_tutorial.py
[2024-06-18T02:39:01.530+0000] {processor.py:840} INFO - DAG(s) 'example_params_ui_tutorial' retrieved from /home/airflow/.local/lib/python3.12/site-packages/airflow/example_dags/example_params_ui_tutorial.py
[2024-06-18T02:39:01.624+0000] {logging_mixin.py:188} INFO - [2024-06-18T02:39:01.624+0000] {dag.py:3096} INFO - Sync 1 DAGs
[2024-06-18T02:39:01.643+0000] {logging_mixin.py:188} INFO - [2024-06-18T02:39:01.643+0000] {dag.py:3954} INFO - Setting next_dagrun for example_params_ui_tutorial to None, run_after=None
[2024-06-18T02:39:01.676+0000] {processor.py:183} INFO - Processing /home/airflow/.local/lib/python3.12/site-packages/airflow/example_dags/example_params_ui_tutorial.py took 0.179 seconds
[2024-06-18T02:39:31.734+0000] {processor.py:161} INFO - Started process (PID=67228) to work on /home/airflow/.local/lib/python3.12/site-packages/airflow/example_dags/example_params_ui_tutorial.py
[2024-06-18T02:39:31.736+0000] {processor.py:830} INFO - Processing file /home/airflow/.local/lib/python3.12/site-packages/airflow/example_dags/example_params_ui_tutorial.py for tasks to queue
[2024-06-18T02:39:31.737+0000] {logging_mixin.py:188} INFO - [2024-06-18T02:39:31.736+0000] {dagbag.py:545} INFO - Filling up the DagBag from /home/airflow/.local/lib/python3.12/site-packages/airflow/example_dags/example_params_ui_tutorial.py
[2024-06-18T02:39:31.764+0000] {processor.py:840} INFO - DAG(s) 'example_params_ui_tutorial' retrieved from /home/airflow/.local/lib/python3.12/site-packages/airflow/example_dags/example_params_ui_tutorial.py
[2024-06-18T02:39:31.848+0000] {logging_mixin.py:188} INFO - [2024-06-18T02:39:31.848+0000] {dag.py:3096} INFO - Sync 1 DAGs
[2024-06-18T02:39:31.865+0000] {logging_mixin.py:188} INFO - [2024-06-18T02:39:31.864+0000] {dag.py:3954} INFO - Setting next_dagrun for example_params_ui_tutorial to None, run_after=None
[2024-06-18T02:39:31.894+0000] {processor.py:183} INFO - Processing /home/airflow/.local/lib/python3.12/site-packages/airflow/example_dags/example_params_ui_tutorial.py took 0.168 seconds
[2024-06-18T02:40:43.786+0000] {processor.py:161} INFO - Started process (PID=67297) to work on /home/airflow/.local/lib/python3.12/site-packages/airflow/example_dags/example_params_ui_tutorial.py
[2024-06-18T02:40:43.787+0000] {processor.py:830} INFO - Processing file /home/airflow/.local/lib/python3.12/site-packages/airflow/example_dags/example_params_ui_tutorial.py for tasks to queue
[2024-06-18T02:40:43.789+0000] {logging_mixin.py:188} INFO - [2024-06-18T02:40:43.788+0000] {dagbag.py:545} INFO - Filling up the DagBag from /home/airflow/.local/lib/python3.12/site-packages/airflow/example_dags/example_params_ui_tutorial.py
[2024-06-18T02:40:43.804+0000] {processor.py:840} INFO - DAG(s) 'example_params_ui_tutorial' retrieved from /home/airflow/.local/lib/python3.12/site-packages/airflow/example_dags/example_params_ui_tutorial.py
[2024-06-18T02:40:43.925+0000] {logging_mixin.py:188} INFO - [2024-06-18T02:40:43.922+0000] {dag.py:3096} INFO - Sync 1 DAGs
[2024-06-18T02:40:44.081+0000] {logging_mixin.py:188} INFO - [2024-06-18T02:40:44.053+0000] {dag.py:3954} INFO - Setting next_dagrun for example_params_ui_tutorial to None, run_after=None
[2024-06-18T02:40:44.190+0000] {processor.py:183} INFO - Processing /home/airflow/.local/lib/python3.12/site-packages/airflow/example_dags/example_params_ui_tutorial.py took 0.413 seconds
[2024-06-18T02:53:09.311+0000] {processor.py:161} INFO - Started process (PID=67355) to work on /home/airflow/.local/lib/python3.12/site-packages/airflow/example_dags/example_params_ui_tutorial.py
[2024-06-18T02:53:09.314+0000] {processor.py:830} INFO - Processing file /home/airflow/.local/lib/python3.12/site-packages/airflow/example_dags/example_params_ui_tutorial.py for tasks to queue
[2024-06-18T02:53:09.315+0000] {logging_mixin.py:188} INFO - [2024-06-18T02:53:09.315+0000] {dagbag.py:545} INFO - Filling up the DagBag from /home/airflow/.local/lib/python3.12/site-packages/airflow/example_dags/example_params_ui_tutorial.py
[2024-06-18T02:53:09.345+0000] {processor.py:840} INFO - DAG(s) 'example_params_ui_tutorial' retrieved from /home/airflow/.local/lib/python3.12/site-packages/airflow/example_dags/example_params_ui_tutorial.py
[2024-06-18T02:53:09.467+0000] {logging_mixin.py:188} INFO - [2024-06-18T02:53:09.467+0000] {dag.py:3096} INFO - Sync 1 DAGs
[2024-06-18T02:53:09.493+0000] {logging_mixin.py:188} INFO - [2024-06-18T02:53:09.492+0000] {dag.py:3954} INFO - Setting next_dagrun for example_params_ui_tutorial to None, run_after=None
[2024-06-18T02:53:09.519+0000] {processor.py:183} INFO - Processing /home/airflow/.local/lib/python3.12/site-packages/airflow/example_dags/example_params_ui_tutorial.py took 0.216 seconds
[2024-06-18T02:53:40.441+0000] {processor.py:161} INFO - Started process (PID=67413) to work on /home/airflow/.local/lib/python3.12/site-packages/airflow/example_dags/example_params_ui_tutorial.py
[2024-06-18T02:53:40.442+0000] {processor.py:830} INFO - Processing file /home/airflow/.local/lib/python3.12/site-packages/airflow/example_dags/example_params_ui_tutorial.py for tasks to queue
[2024-06-18T02:53:40.443+0000] {logging_mixin.py:188} INFO - [2024-06-18T02:53:40.443+0000] {dagbag.py:545} INFO - Filling up the DagBag from /home/airflow/.local/lib/python3.12/site-packages/airflow/example_dags/example_params_ui_tutorial.py
[2024-06-18T02:53:40.455+0000] {processor.py:840} INFO - DAG(s) 'example_params_ui_tutorial' retrieved from /home/airflow/.local/lib/python3.12/site-packages/airflow/example_dags/example_params_ui_tutorial.py
[2024-06-18T02:53:40.510+0000] {logging_mixin.py:188} INFO - [2024-06-18T02:53:40.510+0000] {dag.py:3096} INFO - Sync 1 DAGs
[2024-06-18T02:53:40.523+0000] {logging_mixin.py:188} INFO - [2024-06-18T02:53:40.522+0000] {dag.py:3954} INFO - Setting next_dagrun for example_params_ui_tutorial to None, run_after=None
[2024-06-18T02:53:40.541+0000] {processor.py:183} INFO - Processing /home/airflow/.local/lib/python3.12/site-packages/airflow/example_dags/example_params_ui_tutorial.py took 0.107 seconds
[2024-06-18T02:54:10.802+0000] {processor.py:161} INFO - Started process (PID=67471) to work on /home/airflow/.local/lib/python3.12/site-packages/airflow/example_dags/example_params_ui_tutorial.py
[2024-06-18T02:54:10.803+0000] {processor.py:830} INFO - Processing file /home/airflow/.local/lib/python3.12/site-packages/airflow/example_dags/example_params_ui_tutorial.py for tasks to queue
[2024-06-18T02:54:10.804+0000] {logging_mixin.py:188} INFO - [2024-06-18T02:54:10.804+0000] {dagbag.py:545} INFO - Filling up the DagBag from /home/airflow/.local/lib/python3.12/site-packages/airflow/example_dags/example_params_ui_tutorial.py
[2024-06-18T02:54:10.815+0000] {processor.py:840} INFO - DAG(s) 'example_params_ui_tutorial' retrieved from /home/airflow/.local/lib/python3.12/site-packages/airflow/example_dags/example_params_ui_tutorial.py
[2024-06-18T02:54:10.867+0000] {logging_mixin.py:188} INFO - [2024-06-18T02:54:10.867+0000] {dag.py:3096} INFO - Sync 1 DAGs
[2024-06-18T02:54:10.881+0000] {logging_mixin.py:188} INFO - [2024-06-18T02:54:10.881+0000] {dag.py:3954} INFO - Setting next_dagrun for example_params_ui_tutorial to None, run_after=None
[2024-06-18T02:54:10.899+0000] {processor.py:183} INFO - Processing /home/airflow/.local/lib/python3.12/site-packages/airflow/example_dags/example_params_ui_tutorial.py took 0.102 seconds
[2024-06-18T02:54:41.030+0000] {processor.py:161} INFO - Started process (PID=67529) to work on /home/airflow/.local/lib/python3.12/site-packages/airflow/example_dags/example_params_ui_tutorial.py
[2024-06-18T02:54:41.032+0000] {processor.py:830} INFO - Processing file /home/airflow/.local/lib/python3.12/site-packages/airflow/example_dags/example_params_ui_tutorial.py for tasks to queue
[2024-06-18T02:54:41.033+0000] {logging_mixin.py:188} INFO - [2024-06-18T02:54:41.033+0000] {dagbag.py:545} INFO - Filling up the DagBag from /home/airflow/.local/lib/python3.12/site-packages/airflow/example_dags/example_params_ui_tutorial.py
[2024-06-18T02:54:41.044+0000] {processor.py:840} INFO - DAG(s) 'example_params_ui_tutorial' retrieved from /home/airflow/.local/lib/python3.12/site-packages/airflow/example_dags/example_params_ui_tutorial.py
[2024-06-18T02:54:41.096+0000] {logging_mixin.py:188} INFO - [2024-06-18T02:54:41.096+0000] {dag.py:3096} INFO - Sync 1 DAGs
[2024-06-18T02:54:41.108+0000] {logging_mixin.py:188} INFO - [2024-06-18T02:54:41.108+0000] {dag.py:3954} INFO - Setting next_dagrun for example_params_ui_tutorial to None, run_after=None
[2024-06-18T02:54:41.127+0000] {processor.py:183} INFO - Processing /home/airflow/.local/lib/python3.12/site-packages/airflow/example_dags/example_params_ui_tutorial.py took 0.103 seconds
[2024-06-18T02:55:11.206+0000] {processor.py:161} INFO - Started process (PID=67587) to work on /home/airflow/.local/lib/python3.12/site-packages/airflow/example_dags/example_params_ui_tutorial.py
[2024-06-18T02:55:11.208+0000] {processor.py:830} INFO - Processing file /home/airflow/.local/lib/python3.12/site-packages/airflow/example_dags/example_params_ui_tutorial.py for tasks to queue
[2024-06-18T02:55:11.209+0000] {logging_mixin.py:188} INFO - [2024-06-18T02:55:11.208+0000] {dagbag.py:545} INFO - Filling up the DagBag from /home/airflow/.local/lib/python3.12/site-packages/airflow/example_dags/example_params_ui_tutorial.py
[2024-06-18T02:55:11.221+0000] {processor.py:840} INFO - DAG(s) 'example_params_ui_tutorial' retrieved from /home/airflow/.local/lib/python3.12/site-packages/airflow/example_dags/example_params_ui_tutorial.py
[2024-06-18T02:55:11.275+0000] {logging_mixin.py:188} INFO - [2024-06-18T02:55:11.274+0000] {dag.py:3096} INFO - Sync 1 DAGs
[2024-06-18T02:55:11.288+0000] {logging_mixin.py:188} INFO - [2024-06-18T02:55:11.288+0000] {dag.py:3954} INFO - Setting next_dagrun for example_params_ui_tutorial to None, run_after=None
[2024-06-18T02:55:11.310+0000] {processor.py:183} INFO - Processing /home/airflow/.local/lib/python3.12/site-packages/airflow/example_dags/example_params_ui_tutorial.py took 0.110 seconds
[2024-06-18T02:55:41.584+0000] {processor.py:161} INFO - Started process (PID=67645) to work on /home/airflow/.local/lib/python3.12/site-packages/airflow/example_dags/example_params_ui_tutorial.py
[2024-06-18T02:55:41.586+0000] {processor.py:830} INFO - Processing file /home/airflow/.local/lib/python3.12/site-packages/airflow/example_dags/example_params_ui_tutorial.py for tasks to queue
[2024-06-18T02:55:41.587+0000] {logging_mixin.py:188} INFO - [2024-06-18T02:55:41.587+0000] {dagbag.py:545} INFO - Filling up the DagBag from /home/airflow/.local/lib/python3.12/site-packages/airflow/example_dags/example_params_ui_tutorial.py
[2024-06-18T02:55:41.598+0000] {processor.py:840} INFO - DAG(s) 'example_params_ui_tutorial' retrieved from /home/airflow/.local/lib/python3.12/site-packages/airflow/example_dags/example_params_ui_tutorial.py
[2024-06-18T02:55:41.653+0000] {logging_mixin.py:188} INFO - [2024-06-18T02:55:41.653+0000] {dag.py:3096} INFO - Sync 1 DAGs
[2024-06-18T02:55:41.664+0000] {logging_mixin.py:188} INFO - [2024-06-18T02:55:41.664+0000] {dag.py:3954} INFO - Setting next_dagrun for example_params_ui_tutorial to None, run_after=None
[2024-06-18T02:55:41.684+0000] {processor.py:183} INFO - Processing /home/airflow/.local/lib/python3.12/site-packages/airflow/example_dags/example_params_ui_tutorial.py took 0.107 seconds
[2024-06-18T02:56:11.750+0000] {processor.py:161} INFO - Started process (PID=67703) to work on /home/airflow/.local/lib/python3.12/site-packages/airflow/example_dags/example_params_ui_tutorial.py
[2024-06-18T02:56:11.751+0000] {processor.py:830} INFO - Processing file /home/airflow/.local/lib/python3.12/site-packages/airflow/example_dags/example_params_ui_tutorial.py for tasks to queue
[2024-06-18T02:56:11.752+0000] {logging_mixin.py:188} INFO - [2024-06-18T02:56:11.752+0000] {dagbag.py:545} INFO - Filling up the DagBag from /home/airflow/.local/lib/python3.12/site-packages/airflow/example_dags/example_params_ui_tutorial.py
[2024-06-18T02:56:11.772+0000] {processor.py:840} INFO - DAG(s) 'example_params_ui_tutorial' retrieved from /home/airflow/.local/lib/python3.12/site-packages/airflow/example_dags/example_params_ui_tutorial.py
[2024-06-18T02:56:11.860+0000] {logging_mixin.py:188} INFO - [2024-06-18T02:56:11.859+0000] {dag.py:3096} INFO - Sync 1 DAGs
[2024-06-18T02:56:11.881+0000] {logging_mixin.py:188} INFO - [2024-06-18T02:56:11.880+0000] {dag.py:3954} INFO - Setting next_dagrun for example_params_ui_tutorial to None, run_after=None
[2024-06-18T02:56:11.924+0000] {processor.py:183} INFO - Processing /home/airflow/.local/lib/python3.12/site-packages/airflow/example_dags/example_params_ui_tutorial.py took 0.182 seconds
