[2024-06-18T02:21:44.943+0000] {processor.py:161} INFO - Started process (PID=65214) to work on /home/airflow/.local/lib/python3.12/site-packages/airflow/example_dags/example_xcom.py
[2024-06-18T02:21:44.945+0000] {processor.py:830} INFO - Processing file /home/airflow/.local/lib/python3.12/site-packages/airflow/example_dags/example_xcom.py for tasks to queue
[2024-06-18T02:21:44.946+0000] {logging_mixin.py:188} INFO - [2024-06-18T02:21:44.945+0000] {dagbag.py:545} INFO - Filling up the DagBag from /home/airflow/.local/lib/python3.12/site-packages/airflow/example_dags/example_xcom.py
[2024-06-18T02:21:44.957+0000] {processor.py:840} INFO - DAG(s) 'example_xcom' retrieved from /home/airflow/.local/lib/python3.12/site-packages/airflow/example_dags/example_xcom.py
[2024-06-18T02:21:44.996+0000] {logging_mixin.py:188} INFO - [2024-06-18T02:21:44.995+0000] {dag.py:3096} INFO - Sync 1 DAGs
[2024-06-18T02:21:45.031+0000] {logging_mixin.py:188} INFO - [2024-06-18T02:21:45.031+0000] {dag.py:3954} INFO - Setting next_dagrun for example_xcom to 2021-01-01 00:00:00+00:00, run_after=2021-01-01 00:00:00+00:00
[2024-06-18T02:21:45.064+0000] {processor.py:183} INFO - Processing /home/airflow/.local/lib/python3.12/site-packages/airflow/example_dags/example_xcom.py took 0.131 seconds
[2024-06-18T02:22:16.118+0000] {processor.py:161} INFO - Started process (PID=65272) to work on /home/airflow/.local/lib/python3.12/site-packages/airflow/example_dags/example_xcom.py
[2024-06-18T02:22:16.120+0000] {processor.py:830} INFO - Processing file /home/airflow/.local/lib/python3.12/site-packages/airflow/example_dags/example_xcom.py for tasks to queue
[2024-06-18T02:22:16.121+0000] {logging_mixin.py:188} INFO - [2024-06-18T02:22:16.121+0000] {dagbag.py:545} INFO - Filling up the DagBag from /home/airflow/.local/lib/python3.12/site-packages/airflow/example_dags/example_xcom.py
[2024-06-18T02:22:16.132+0000] {processor.py:840} INFO - DAG(s) 'example_xcom' retrieved from /home/airflow/.local/lib/python3.12/site-packages/airflow/example_dags/example_xcom.py
[2024-06-18T02:22:16.163+0000] {logging_mixin.py:188} INFO - [2024-06-18T02:22:16.163+0000] {dag.py:3096} INFO - Sync 1 DAGs
[2024-06-18T02:22:16.193+0000] {logging_mixin.py:188} INFO - [2024-06-18T02:22:16.193+0000] {dag.py:3954} INFO - Setting next_dagrun for example_xcom to 2021-01-01 00:00:00+00:00, run_after=2021-01-01 00:00:00+00:00
[2024-06-18T02:22:16.221+0000] {processor.py:183} INFO - Processing /home/airflow/.local/lib/python3.12/site-packages/airflow/example_dags/example_xcom.py took 0.111 seconds
[2024-06-18T02:22:46.812+0000] {processor.py:161} INFO - Started process (PID=65330) to work on /home/airflow/.local/lib/python3.12/site-packages/airflow/example_dags/example_xcom.py
[2024-06-18T02:22:46.813+0000] {processor.py:830} INFO - Processing file /home/airflow/.local/lib/python3.12/site-packages/airflow/example_dags/example_xcom.py for tasks to queue
[2024-06-18T02:22:46.814+0000] {logging_mixin.py:188} INFO - [2024-06-18T02:22:46.814+0000] {dagbag.py:545} INFO - Filling up the DagBag from /home/airflow/.local/lib/python3.12/site-packages/airflow/example_dags/example_xcom.py
[2024-06-18T02:22:46.824+0000] {processor.py:840} INFO - DAG(s) 'example_xcom' retrieved from /home/airflow/.local/lib/python3.12/site-packages/airflow/example_dags/example_xcom.py
[2024-06-18T02:22:46.850+0000] {logging_mixin.py:188} INFO - [2024-06-18T02:22:46.850+0000] {dag.py:3096} INFO - Sync 1 DAGs
[2024-06-18T02:22:46.872+0000] {logging_mixin.py:188} INFO - [2024-06-18T02:22:46.872+0000] {dag.py:3954} INFO - Setting next_dagrun for example_xcom to 2021-01-01 00:00:00+00:00, run_after=2021-01-01 00:00:00+00:00
[2024-06-18T02:22:46.896+0000] {processor.py:183} INFO - Processing /home/airflow/.local/lib/python3.12/site-packages/airflow/example_dags/example_xcom.py took 0.091 seconds
[2024-06-18T02:23:17.447+0000] {processor.py:161} INFO - Started process (PID=65389) to work on /home/airflow/.local/lib/python3.12/site-packages/airflow/example_dags/example_xcom.py
[2024-06-18T02:23:17.448+0000] {processor.py:830} INFO - Processing file /home/airflow/.local/lib/python3.12/site-packages/airflow/example_dags/example_xcom.py for tasks to queue
[2024-06-18T02:23:17.449+0000] {logging_mixin.py:188} INFO - [2024-06-18T02:23:17.448+0000] {dagbag.py:545} INFO - Filling up the DagBag from /home/airflow/.local/lib/python3.12/site-packages/airflow/example_dags/example_xcom.py
[2024-06-18T02:23:17.458+0000] {processor.py:840} INFO - DAG(s) 'example_xcom' retrieved from /home/airflow/.local/lib/python3.12/site-packages/airflow/example_dags/example_xcom.py
[2024-06-18T02:23:17.482+0000] {logging_mixin.py:188} INFO - [2024-06-18T02:23:17.482+0000] {dag.py:3096} INFO - Sync 1 DAGs
[2024-06-18T02:23:17.512+0000] {logging_mixin.py:188} INFO - [2024-06-18T02:23:17.512+0000] {dag.py:3954} INFO - Setting next_dagrun for example_xcom to 2021-01-01 00:00:00+00:00, run_after=2021-01-01 00:00:00+00:00
[2024-06-18T02:23:17.544+0000] {processor.py:183} INFO - Processing /home/airflow/.local/lib/python3.12/site-packages/airflow/example_dags/example_xcom.py took 0.104 seconds
[2024-06-18T02:23:48.031+0000] {processor.py:161} INFO - Started process (PID=65447) to work on /home/airflow/.local/lib/python3.12/site-packages/airflow/example_dags/example_xcom.py
[2024-06-18T02:23:48.032+0000] {processor.py:830} INFO - Processing file /home/airflow/.local/lib/python3.12/site-packages/airflow/example_dags/example_xcom.py for tasks to queue
[2024-06-18T02:23:48.033+0000] {logging_mixin.py:188} INFO - [2024-06-18T02:23:48.032+0000] {dagbag.py:545} INFO - Filling up the DagBag from /home/airflow/.local/lib/python3.12/site-packages/airflow/example_dags/example_xcom.py
[2024-06-18T02:23:48.042+0000] {processor.py:840} INFO - DAG(s) 'example_xcom' retrieved from /home/airflow/.local/lib/python3.12/site-packages/airflow/example_dags/example_xcom.py
[2024-06-18T02:23:48.070+0000] {logging_mixin.py:188} INFO - [2024-06-18T02:23:48.070+0000] {dag.py:3096} INFO - Sync 1 DAGs
[2024-06-18T02:23:48.098+0000] {logging_mixin.py:188} INFO - [2024-06-18T02:23:48.098+0000] {dag.py:3954} INFO - Setting next_dagrun for example_xcom to 2021-01-01 00:00:00+00:00, run_after=2021-01-01 00:00:00+00:00
[2024-06-18T02:23:48.120+0000] {processor.py:183} INFO - Processing /home/airflow/.local/lib/python3.12/site-packages/airflow/example_dags/example_xcom.py took 0.098 seconds
[2024-06-18T02:24:19.100+0000] {processor.py:161} INFO - Started process (PID=65505) to work on /home/airflow/.local/lib/python3.12/site-packages/airflow/example_dags/example_xcom.py
[2024-06-18T02:24:19.101+0000] {processor.py:830} INFO - Processing file /home/airflow/.local/lib/python3.12/site-packages/airflow/example_dags/example_xcom.py for tasks to queue
[2024-06-18T02:24:19.102+0000] {logging_mixin.py:188} INFO - [2024-06-18T02:24:19.101+0000] {dagbag.py:545} INFO - Filling up the DagBag from /home/airflow/.local/lib/python3.12/site-packages/airflow/example_dags/example_xcom.py
[2024-06-18T02:24:19.114+0000] {processor.py:840} INFO - DAG(s) 'example_xcom' retrieved from /home/airflow/.local/lib/python3.12/site-packages/airflow/example_dags/example_xcom.py
[2024-06-18T02:24:19.140+0000] {logging_mixin.py:188} INFO - [2024-06-18T02:24:19.139+0000] {dag.py:3096} INFO - Sync 1 DAGs
[2024-06-18T02:24:19.167+0000] {logging_mixin.py:188} INFO - [2024-06-18T02:24:19.166+0000] {dag.py:3954} INFO - Setting next_dagrun for example_xcom to 2021-01-01 00:00:00+00:00, run_after=2021-01-01 00:00:00+00:00
[2024-06-18T02:24:19.188+0000] {processor.py:183} INFO - Processing /home/airflow/.local/lib/python3.12/site-packages/airflow/example_dags/example_xcom.py took 0.094 seconds
[2024-06-18T02:24:50.172+0000] {processor.py:161} INFO - Started process (PID=65563) to work on /home/airflow/.local/lib/python3.12/site-packages/airflow/example_dags/example_xcom.py
[2024-06-18T02:24:50.173+0000] {processor.py:830} INFO - Processing file /home/airflow/.local/lib/python3.12/site-packages/airflow/example_dags/example_xcom.py for tasks to queue
[2024-06-18T02:24:50.175+0000] {logging_mixin.py:188} INFO - [2024-06-18T02:24:50.174+0000] {dagbag.py:545} INFO - Filling up the DagBag from /home/airflow/.local/lib/python3.12/site-packages/airflow/example_dags/example_xcom.py
[2024-06-18T02:24:50.184+0000] {processor.py:840} INFO - DAG(s) 'example_xcom' retrieved from /home/airflow/.local/lib/python3.12/site-packages/airflow/example_dags/example_xcom.py
[2024-06-18T02:24:50.209+0000] {logging_mixin.py:188} INFO - [2024-06-18T02:24:50.209+0000] {dag.py:3096} INFO - Sync 1 DAGs
[2024-06-18T02:24:50.237+0000] {logging_mixin.py:188} INFO - [2024-06-18T02:24:50.236+0000] {dag.py:3954} INFO - Setting next_dagrun for example_xcom to 2021-01-01 00:00:00+00:00, run_after=2021-01-01 00:00:00+00:00
[2024-06-18T02:24:50.260+0000] {processor.py:183} INFO - Processing /home/airflow/.local/lib/python3.12/site-packages/airflow/example_dags/example_xcom.py took 0.096 seconds
[2024-06-18T02:25:20.542+0000] {processor.py:161} INFO - Started process (PID=65621) to work on /home/airflow/.local/lib/python3.12/site-packages/airflow/example_dags/example_xcom.py
[2024-06-18T02:25:20.543+0000] {processor.py:830} INFO - Processing file /home/airflow/.local/lib/python3.12/site-packages/airflow/example_dags/example_xcom.py for tasks to queue
[2024-06-18T02:25:20.544+0000] {logging_mixin.py:188} INFO - [2024-06-18T02:25:20.544+0000] {dagbag.py:545} INFO - Filling up the DagBag from /home/airflow/.local/lib/python3.12/site-packages/airflow/example_dags/example_xcom.py
[2024-06-18T02:25:20.551+0000] {processor.py:840} INFO - DAG(s) 'example_xcom' retrieved from /home/airflow/.local/lib/python3.12/site-packages/airflow/example_dags/example_xcom.py
[2024-06-18T02:25:20.578+0000] {logging_mixin.py:188} INFO - [2024-06-18T02:25:20.578+0000] {dag.py:3096} INFO - Sync 1 DAGs
[2024-06-18T02:25:20.602+0000] {logging_mixin.py:188} INFO - [2024-06-18T02:25:20.601+0000] {dag.py:3954} INFO - Setting next_dagrun for example_xcom to 2021-01-01 00:00:00+00:00, run_after=2021-01-01 00:00:00+00:00
[2024-06-18T02:25:20.624+0000] {processor.py:183} INFO - Processing /home/airflow/.local/lib/python3.12/site-packages/airflow/example_dags/example_xcom.py took 0.088 seconds
[2024-06-18T02:25:50.978+0000] {processor.py:161} INFO - Started process (PID=65679) to work on /home/airflow/.local/lib/python3.12/site-packages/airflow/example_dags/example_xcom.py
[2024-06-18T02:25:50.979+0000] {processor.py:830} INFO - Processing file /home/airflow/.local/lib/python3.12/site-packages/airflow/example_dags/example_xcom.py for tasks to queue
[2024-06-18T02:25:50.981+0000] {logging_mixin.py:188} INFO - [2024-06-18T02:25:50.980+0000] {dagbag.py:545} INFO - Filling up the DagBag from /home/airflow/.local/lib/python3.12/site-packages/airflow/example_dags/example_xcom.py
[2024-06-18T02:25:50.991+0000] {processor.py:840} INFO - DAG(s) 'example_xcom' retrieved from /home/airflow/.local/lib/python3.12/site-packages/airflow/example_dags/example_xcom.py
[2024-06-18T02:25:51.019+0000] {logging_mixin.py:188} INFO - [2024-06-18T02:25:51.018+0000] {dag.py:3096} INFO - Sync 1 DAGs
[2024-06-18T02:25:51.052+0000] {logging_mixin.py:188} INFO - [2024-06-18T02:25:51.052+0000] {dag.py:3954} INFO - Setting next_dagrun for example_xcom to 2021-01-01 00:00:00+00:00, run_after=2021-01-01 00:00:00+00:00
[2024-06-18T02:25:51.079+0000] {processor.py:183} INFO - Processing /home/airflow/.local/lib/python3.12/site-packages/airflow/example_dags/example_xcom.py took 0.109 seconds
[2024-06-18T02:26:21.279+0000] {processor.py:161} INFO - Started process (PID=65737) to work on /home/airflow/.local/lib/python3.12/site-packages/airflow/example_dags/example_xcom.py
[2024-06-18T02:26:21.281+0000] {processor.py:830} INFO - Processing file /home/airflow/.local/lib/python3.12/site-packages/airflow/example_dags/example_xcom.py for tasks to queue
[2024-06-18T02:26:21.282+0000] {logging_mixin.py:188} INFO - [2024-06-18T02:26:21.281+0000] {dagbag.py:545} INFO - Filling up the DagBag from /home/airflow/.local/lib/python3.12/site-packages/airflow/example_dags/example_xcom.py
[2024-06-18T02:26:21.294+0000] {processor.py:840} INFO - DAG(s) 'example_xcom' retrieved from /home/airflow/.local/lib/python3.12/site-packages/airflow/example_dags/example_xcom.py
[2024-06-18T02:26:21.326+0000] {logging_mixin.py:188} INFO - [2024-06-18T02:26:21.325+0000] {dag.py:3096} INFO - Sync 1 DAGs
[2024-06-18T02:26:21.358+0000] {logging_mixin.py:188} INFO - [2024-06-18T02:26:21.357+0000] {dag.py:3954} INFO - Setting next_dagrun for example_xcom to 2021-01-01 00:00:00+00:00, run_after=2021-01-01 00:00:00+00:00
[2024-06-18T02:26:21.393+0000] {processor.py:183} INFO - Processing /home/airflow/.local/lib/python3.12/site-packages/airflow/example_dags/example_xcom.py took 0.122 seconds
[2024-06-18T02:26:51.776+0000] {processor.py:161} INFO - Started process (PID=65796) to work on /home/airflow/.local/lib/python3.12/site-packages/airflow/example_dags/example_xcom.py
[2024-06-18T02:26:51.777+0000] {processor.py:830} INFO - Processing file /home/airflow/.local/lib/python3.12/site-packages/airflow/example_dags/example_xcom.py for tasks to queue
[2024-06-18T02:26:51.778+0000] {logging_mixin.py:188} INFO - [2024-06-18T02:26:51.778+0000] {dagbag.py:545} INFO - Filling up the DagBag from /home/airflow/.local/lib/python3.12/site-packages/airflow/example_dags/example_xcom.py
[2024-06-18T02:26:51.788+0000] {processor.py:840} INFO - DAG(s) 'example_xcom' retrieved from /home/airflow/.local/lib/python3.12/site-packages/airflow/example_dags/example_xcom.py
[2024-06-18T02:26:51.821+0000] {logging_mixin.py:188} INFO - [2024-06-18T02:26:51.820+0000] {dag.py:3096} INFO - Sync 1 DAGs
[2024-06-18T02:26:51.870+0000] {logging_mixin.py:188} INFO - [2024-06-18T02:26:51.870+0000] {dag.py:3954} INFO - Setting next_dagrun for example_xcom to 2021-01-01 00:00:00+00:00, run_after=2021-01-01 00:00:00+00:00
[2024-06-18T02:26:51.932+0000] {processor.py:183} INFO - Processing /home/airflow/.local/lib/python3.12/site-packages/airflow/example_dags/example_xcom.py took 0.164 seconds
[2024-06-18T02:27:22.331+0000] {processor.py:161} INFO - Started process (PID=65854) to work on /home/airflow/.local/lib/python3.12/site-packages/airflow/example_dags/example_xcom.py
[2024-06-18T02:27:22.333+0000] {processor.py:830} INFO - Processing file /home/airflow/.local/lib/python3.12/site-packages/airflow/example_dags/example_xcom.py for tasks to queue
[2024-06-18T02:27:22.334+0000] {logging_mixin.py:188} INFO - [2024-06-18T02:27:22.333+0000] {dagbag.py:545} INFO - Filling up the DagBag from /home/airflow/.local/lib/python3.12/site-packages/airflow/example_dags/example_xcom.py
[2024-06-18T02:27:22.346+0000] {processor.py:840} INFO - DAG(s) 'example_xcom' retrieved from /home/airflow/.local/lib/python3.12/site-packages/airflow/example_dags/example_xcom.py
[2024-06-18T02:27:22.373+0000] {logging_mixin.py:188} INFO - [2024-06-18T02:27:22.372+0000] {dag.py:3096} INFO - Sync 1 DAGs
[2024-06-18T02:27:22.401+0000] {logging_mixin.py:188} INFO - [2024-06-18T02:27:22.401+0000] {dag.py:3954} INFO - Setting next_dagrun for example_xcom to 2021-01-01 00:00:00+00:00, run_after=2021-01-01 00:00:00+00:00
[2024-06-18T02:27:22.423+0000] {processor.py:183} INFO - Processing /home/airflow/.local/lib/python3.12/site-packages/airflow/example_dags/example_xcom.py took 0.099 seconds
[2024-06-18T02:27:52.535+0000] {processor.py:161} INFO - Started process (PID=65912) to work on /home/airflow/.local/lib/python3.12/site-packages/airflow/example_dags/example_xcom.py
[2024-06-18T02:27:52.539+0000] {processor.py:830} INFO - Processing file /home/airflow/.local/lib/python3.12/site-packages/airflow/example_dags/example_xcom.py for tasks to queue
[2024-06-18T02:27:52.541+0000] {logging_mixin.py:188} INFO - [2024-06-18T02:27:52.540+0000] {dagbag.py:545} INFO - Filling up the DagBag from /home/airflow/.local/lib/python3.12/site-packages/airflow/example_dags/example_xcom.py
[2024-06-18T02:27:52.550+0000] {processor.py:840} INFO - DAG(s) 'example_xcom' retrieved from /home/airflow/.local/lib/python3.12/site-packages/airflow/example_dags/example_xcom.py
[2024-06-18T02:27:52.580+0000] {logging_mixin.py:188} INFO - [2024-06-18T02:27:52.580+0000] {dag.py:3096} INFO - Sync 1 DAGs
[2024-06-18T02:27:52.605+0000] {logging_mixin.py:188} INFO - [2024-06-18T02:27:52.605+0000] {dag.py:3954} INFO - Setting next_dagrun for example_xcom to 2021-01-01 00:00:00+00:00, run_after=2021-01-01 00:00:00+00:00
[2024-06-18T02:27:52.632+0000] {processor.py:183} INFO - Processing /home/airflow/.local/lib/python3.12/site-packages/airflow/example_dags/example_xcom.py took 0.103 seconds
[2024-06-18T02:28:22.956+0000] {processor.py:161} INFO - Started process (PID=65970) to work on /home/airflow/.local/lib/python3.12/site-packages/airflow/example_dags/example_xcom.py
[2024-06-18T02:28:22.957+0000] {processor.py:830} INFO - Processing file /home/airflow/.local/lib/python3.12/site-packages/airflow/example_dags/example_xcom.py for tasks to queue
[2024-06-18T02:28:22.958+0000] {logging_mixin.py:188} INFO - [2024-06-18T02:28:22.957+0000] {dagbag.py:545} INFO - Filling up the DagBag from /home/airflow/.local/lib/python3.12/site-packages/airflow/example_dags/example_xcom.py
[2024-06-18T02:28:22.966+0000] {processor.py:840} INFO - DAG(s) 'example_xcom' retrieved from /home/airflow/.local/lib/python3.12/site-packages/airflow/example_dags/example_xcom.py
[2024-06-18T02:28:22.992+0000] {logging_mixin.py:188} INFO - [2024-06-18T02:28:22.992+0000] {dag.py:3096} INFO - Sync 1 DAGs
[2024-06-18T02:28:23.018+0000] {logging_mixin.py:188} INFO - [2024-06-18T02:28:23.018+0000] {dag.py:3954} INFO - Setting next_dagrun for example_xcom to 2021-01-01 00:00:00+00:00, run_after=2021-01-01 00:00:00+00:00
[2024-06-18T02:28:23.036+0000] {processor.py:183} INFO - Processing /home/airflow/.local/lib/python3.12/site-packages/airflow/example_dags/example_xcom.py took 0.087 seconds
[2024-06-18T02:28:53.272+0000] {processor.py:161} INFO - Started process (PID=66029) to work on /home/airflow/.local/lib/python3.12/site-packages/airflow/example_dags/example_xcom.py
[2024-06-18T02:28:53.274+0000] {processor.py:830} INFO - Processing file /home/airflow/.local/lib/python3.12/site-packages/airflow/example_dags/example_xcom.py for tasks to queue
[2024-06-18T02:28:53.274+0000] {logging_mixin.py:188} INFO - [2024-06-18T02:28:53.274+0000] {dagbag.py:545} INFO - Filling up the DagBag from /home/airflow/.local/lib/python3.12/site-packages/airflow/example_dags/example_xcom.py
[2024-06-18T02:28:53.282+0000] {processor.py:840} INFO - DAG(s) 'example_xcom' retrieved from /home/airflow/.local/lib/python3.12/site-packages/airflow/example_dags/example_xcom.py
[2024-06-18T02:28:53.308+0000] {logging_mixin.py:188} INFO - [2024-06-18T02:28:53.308+0000] {dag.py:3096} INFO - Sync 1 DAGs
[2024-06-18T02:28:53.331+0000] {logging_mixin.py:188} INFO - [2024-06-18T02:28:53.330+0000] {dag.py:3954} INFO - Setting next_dagrun for example_xcom to 2021-01-01 00:00:00+00:00, run_after=2021-01-01 00:00:00+00:00
[2024-06-18T02:28:53.355+0000] {processor.py:183} INFO - Processing /home/airflow/.local/lib/python3.12/site-packages/airflow/example_dags/example_xcom.py took 0.089 seconds
[2024-06-18T02:29:23.938+0000] {processor.py:161} INFO - Started process (PID=66087) to work on /home/airflow/.local/lib/python3.12/site-packages/airflow/example_dags/example_xcom.py
[2024-06-18T02:29:23.940+0000] {processor.py:830} INFO - Processing file /home/airflow/.local/lib/python3.12/site-packages/airflow/example_dags/example_xcom.py for tasks to queue
[2024-06-18T02:29:23.941+0000] {logging_mixin.py:188} INFO - [2024-06-18T02:29:23.940+0000] {dagbag.py:545} INFO - Filling up the DagBag from /home/airflow/.local/lib/python3.12/site-packages/airflow/example_dags/example_xcom.py
[2024-06-18T02:29:23.950+0000] {processor.py:840} INFO - DAG(s) 'example_xcom' retrieved from /home/airflow/.local/lib/python3.12/site-packages/airflow/example_dags/example_xcom.py
[2024-06-18T02:29:23.981+0000] {logging_mixin.py:188} INFO - [2024-06-18T02:29:23.981+0000] {dag.py:3096} INFO - Sync 1 DAGs
[2024-06-18T02:29:24.016+0000] {logging_mixin.py:188} INFO - [2024-06-18T02:29:24.015+0000] {dag.py:3954} INFO - Setting next_dagrun for example_xcom to 2021-01-01 00:00:00+00:00, run_after=2021-01-01 00:00:00+00:00
[2024-06-18T02:29:24.036+0000] {processor.py:183} INFO - Processing /home/airflow/.local/lib/python3.12/site-packages/airflow/example_dags/example_xcom.py took 0.105 seconds
[2024-06-18T02:29:54.915+0000] {processor.py:161} INFO - Started process (PID=66145) to work on /home/airflow/.local/lib/python3.12/site-packages/airflow/example_dags/example_xcom.py
[2024-06-18T02:29:54.917+0000] {processor.py:830} INFO - Processing file /home/airflow/.local/lib/python3.12/site-packages/airflow/example_dags/example_xcom.py for tasks to queue
[2024-06-18T02:29:54.918+0000] {logging_mixin.py:188} INFO - [2024-06-18T02:29:54.917+0000] {dagbag.py:545} INFO - Filling up the DagBag from /home/airflow/.local/lib/python3.12/site-packages/airflow/example_dags/example_xcom.py
[2024-06-18T02:29:54.927+0000] {processor.py:840} INFO - DAG(s) 'example_xcom' retrieved from /home/airflow/.local/lib/python3.12/site-packages/airflow/example_dags/example_xcom.py
[2024-06-18T02:29:54.954+0000] {logging_mixin.py:188} INFO - [2024-06-18T02:29:54.954+0000] {dag.py:3096} INFO - Sync 1 DAGs
[2024-06-18T02:29:54.979+0000] {logging_mixin.py:188} INFO - [2024-06-18T02:29:54.978+0000] {dag.py:3954} INFO - Setting next_dagrun for example_xcom to 2021-01-01 00:00:00+00:00, run_after=2021-01-01 00:00:00+00:00
[2024-06-18T02:29:54.997+0000] {processor.py:183} INFO - Processing /home/airflow/.local/lib/python3.12/site-packages/airflow/example_dags/example_xcom.py took 0.089 seconds
[2024-06-18T02:30:25.694+0000] {processor.py:161} INFO - Started process (PID=66203) to work on /home/airflow/.local/lib/python3.12/site-packages/airflow/example_dags/example_xcom.py
[2024-06-18T02:30:25.696+0000] {processor.py:830} INFO - Processing file /home/airflow/.local/lib/python3.12/site-packages/airflow/example_dags/example_xcom.py for tasks to queue
[2024-06-18T02:30:25.698+0000] {logging_mixin.py:188} INFO - [2024-06-18T02:30:25.697+0000] {dagbag.py:545} INFO - Filling up the DagBag from /home/airflow/.local/lib/python3.12/site-packages/airflow/example_dags/example_xcom.py
[2024-06-18T02:30:25.715+0000] {processor.py:840} INFO - DAG(s) 'example_xcom' retrieved from /home/airflow/.local/lib/python3.12/site-packages/airflow/example_dags/example_xcom.py
[2024-06-18T02:30:25.748+0000] {logging_mixin.py:188} INFO - [2024-06-18T02:30:25.747+0000] {dag.py:3096} INFO - Sync 1 DAGs
[2024-06-18T02:30:25.771+0000] {logging_mixin.py:188} INFO - [2024-06-18T02:30:25.771+0000] {dag.py:3954} INFO - Setting next_dagrun for example_xcom to 2021-01-01 00:00:00+00:00, run_after=2021-01-01 00:00:00+00:00
[2024-06-18T02:30:25.791+0000] {processor.py:183} INFO - Processing /home/airflow/.local/lib/python3.12/site-packages/airflow/example_dags/example_xcom.py took 0.107 seconds
[2024-06-18T02:30:56.081+0000] {processor.py:161} INFO - Started process (PID=66261) to work on /home/airflow/.local/lib/python3.12/site-packages/airflow/example_dags/example_xcom.py
[2024-06-18T02:30:56.082+0000] {processor.py:830} INFO - Processing file /home/airflow/.local/lib/python3.12/site-packages/airflow/example_dags/example_xcom.py for tasks to queue
[2024-06-18T02:30:56.083+0000] {logging_mixin.py:188} INFO - [2024-06-18T02:30:56.083+0000] {dagbag.py:545} INFO - Filling up the DagBag from /home/airflow/.local/lib/python3.12/site-packages/airflow/example_dags/example_xcom.py
[2024-06-18T02:30:56.091+0000] {processor.py:840} INFO - DAG(s) 'example_xcom' retrieved from /home/airflow/.local/lib/python3.12/site-packages/airflow/example_dags/example_xcom.py
[2024-06-18T02:30:56.115+0000] {logging_mixin.py:188} INFO - [2024-06-18T02:30:56.115+0000] {dag.py:3096} INFO - Sync 1 DAGs
[2024-06-18T02:30:56.137+0000] {logging_mixin.py:188} INFO - [2024-06-18T02:30:56.136+0000] {dag.py:3954} INFO - Setting next_dagrun for example_xcom to 2021-01-01 00:00:00+00:00, run_after=2021-01-01 00:00:00+00:00
[2024-06-18T02:30:56.156+0000] {processor.py:183} INFO - Processing /home/airflow/.local/lib/python3.12/site-packages/airflow/example_dags/example_xcom.py took 0.082 seconds
[2024-06-18T02:31:26.502+0000] {processor.py:161} INFO - Started process (PID=66319) to work on /home/airflow/.local/lib/python3.12/site-packages/airflow/example_dags/example_xcom.py
[2024-06-18T02:31:26.503+0000] {processor.py:830} INFO - Processing file /home/airflow/.local/lib/python3.12/site-packages/airflow/example_dags/example_xcom.py for tasks to queue
[2024-06-18T02:31:26.505+0000] {logging_mixin.py:188} INFO - [2024-06-18T02:31:26.504+0000] {dagbag.py:545} INFO - Filling up the DagBag from /home/airflow/.local/lib/python3.12/site-packages/airflow/example_dags/example_xcom.py
[2024-06-18T02:31:26.514+0000] {processor.py:840} INFO - DAG(s) 'example_xcom' retrieved from /home/airflow/.local/lib/python3.12/site-packages/airflow/example_dags/example_xcom.py
[2024-06-18T02:31:26.541+0000] {logging_mixin.py:188} INFO - [2024-06-18T02:31:26.541+0000] {dag.py:3096} INFO - Sync 1 DAGs
[2024-06-18T02:31:26.562+0000] {logging_mixin.py:188} INFO - [2024-06-18T02:31:26.561+0000] {dag.py:3954} INFO - Setting next_dagrun for example_xcom to 2021-01-01 00:00:00+00:00, run_after=2021-01-01 00:00:00+00:00
[2024-06-18T02:31:26.584+0000] {processor.py:183} INFO - Processing /home/airflow/.local/lib/python3.12/site-packages/airflow/example_dags/example_xcom.py took 0.088 seconds
[2024-06-18T02:31:57.028+0000] {processor.py:161} INFO - Started process (PID=66377) to work on /home/airflow/.local/lib/python3.12/site-packages/airflow/example_dags/example_xcom.py
[2024-06-18T02:31:57.029+0000] {processor.py:830} INFO - Processing file /home/airflow/.local/lib/python3.12/site-packages/airflow/example_dags/example_xcom.py for tasks to queue
[2024-06-18T02:31:57.030+0000] {logging_mixin.py:188} INFO - [2024-06-18T02:31:57.030+0000] {dagbag.py:545} INFO - Filling up the DagBag from /home/airflow/.local/lib/python3.12/site-packages/airflow/example_dags/example_xcom.py
[2024-06-18T02:31:57.038+0000] {processor.py:840} INFO - DAG(s) 'example_xcom' retrieved from /home/airflow/.local/lib/python3.12/site-packages/airflow/example_dags/example_xcom.py
[2024-06-18T02:31:57.061+0000] {logging_mixin.py:188} INFO - [2024-06-18T02:31:57.061+0000] {dag.py:3096} INFO - Sync 1 DAGs
[2024-06-18T02:31:57.083+0000] {logging_mixin.py:188} INFO - [2024-06-18T02:31:57.083+0000] {dag.py:3954} INFO - Setting next_dagrun for example_xcom to 2021-01-01 00:00:00+00:00, run_after=2021-01-01 00:00:00+00:00
[2024-06-18T02:31:57.103+0000] {processor.py:183} INFO - Processing /home/airflow/.local/lib/python3.12/site-packages/airflow/example_dags/example_xcom.py took 0.080 seconds
[2024-06-18T02:32:27.892+0000] {processor.py:161} INFO - Started process (PID=66435) to work on /home/airflow/.local/lib/python3.12/site-packages/airflow/example_dags/example_xcom.py
[2024-06-18T02:32:27.894+0000] {processor.py:830} INFO - Processing file /home/airflow/.local/lib/python3.12/site-packages/airflow/example_dags/example_xcom.py for tasks to queue
[2024-06-18T02:32:27.896+0000] {logging_mixin.py:188} INFO - [2024-06-18T02:32:27.894+0000] {dagbag.py:545} INFO - Filling up the DagBag from /home/airflow/.local/lib/python3.12/site-packages/airflow/example_dags/example_xcom.py
[2024-06-18T02:32:27.906+0000] {processor.py:840} INFO - DAG(s) 'example_xcom' retrieved from /home/airflow/.local/lib/python3.12/site-packages/airflow/example_dags/example_xcom.py
[2024-06-18T02:32:27.928+0000] {logging_mixin.py:188} INFO - [2024-06-18T02:32:27.928+0000] {dag.py:3096} INFO - Sync 1 DAGs
[2024-06-18T02:32:27.954+0000] {logging_mixin.py:188} INFO - [2024-06-18T02:32:27.954+0000] {dag.py:3954} INFO - Setting next_dagrun for example_xcom to 2021-01-01 00:00:00+00:00, run_after=2021-01-01 00:00:00+00:00
[2024-06-18T02:32:27.976+0000] {processor.py:183} INFO - Processing /home/airflow/.local/lib/python3.12/site-packages/airflow/example_dags/example_xcom.py took 0.091 seconds
[2024-06-18T02:32:58.466+0000] {processor.py:161} INFO - Started process (PID=66493) to work on /home/airflow/.local/lib/python3.12/site-packages/airflow/example_dags/example_xcom.py
[2024-06-18T02:32:58.467+0000] {processor.py:830} INFO - Processing file /home/airflow/.local/lib/python3.12/site-packages/airflow/example_dags/example_xcom.py for tasks to queue
[2024-06-18T02:32:58.468+0000] {logging_mixin.py:188} INFO - [2024-06-18T02:32:58.468+0000] {dagbag.py:545} INFO - Filling up the DagBag from /home/airflow/.local/lib/python3.12/site-packages/airflow/example_dags/example_xcom.py
[2024-06-18T02:32:58.476+0000] {processor.py:840} INFO - DAG(s) 'example_xcom' retrieved from /home/airflow/.local/lib/python3.12/site-packages/airflow/example_dags/example_xcom.py
[2024-06-18T02:32:58.522+0000] {logging_mixin.py:188} INFO - [2024-06-18T02:32:58.521+0000] {dag.py:3096} INFO - Sync 1 DAGs
[2024-06-18T02:32:58.582+0000] {logging_mixin.py:188} INFO - [2024-06-18T02:32:58.581+0000] {dag.py:3954} INFO - Setting next_dagrun for example_xcom to 2021-01-01 00:00:00+00:00, run_after=2021-01-01 00:00:00+00:00
[2024-06-18T02:32:58.610+0000] {processor.py:183} INFO - Processing /home/airflow/.local/lib/python3.12/site-packages/airflow/example_dags/example_xcom.py took 0.150 seconds
[2024-06-18T02:33:29.247+0000] {processor.py:161} INFO - Started process (PID=66551) to work on /home/airflow/.local/lib/python3.12/site-packages/airflow/example_dags/example_xcom.py
[2024-06-18T02:33:29.249+0000] {processor.py:830} INFO - Processing file /home/airflow/.local/lib/python3.12/site-packages/airflow/example_dags/example_xcom.py for tasks to queue
[2024-06-18T02:33:29.250+0000] {logging_mixin.py:188} INFO - [2024-06-18T02:33:29.250+0000] {dagbag.py:545} INFO - Filling up the DagBag from /home/airflow/.local/lib/python3.12/site-packages/airflow/example_dags/example_xcom.py
[2024-06-18T02:33:29.261+0000] {processor.py:840} INFO - DAG(s) 'example_xcom' retrieved from /home/airflow/.local/lib/python3.12/site-packages/airflow/example_dags/example_xcom.py
[2024-06-18T02:33:29.290+0000] {logging_mixin.py:188} INFO - [2024-06-18T02:33:29.289+0000] {dag.py:3096} INFO - Sync 1 DAGs
[2024-06-18T02:33:29.329+0000] {logging_mixin.py:188} INFO - [2024-06-18T02:33:29.329+0000] {dag.py:3954} INFO - Setting next_dagrun for example_xcom to 2021-01-01 00:00:00+00:00, run_after=2021-01-01 00:00:00+00:00
[2024-06-18T02:33:29.355+0000] {processor.py:183} INFO - Processing /home/airflow/.local/lib/python3.12/site-packages/airflow/example_dags/example_xcom.py took 0.114 seconds
[2024-06-18T02:33:59.701+0000] {processor.py:161} INFO - Started process (PID=66609) to work on /home/airflow/.local/lib/python3.12/site-packages/airflow/example_dags/example_xcom.py
[2024-06-18T02:33:59.703+0000] {processor.py:830} INFO - Processing file /home/airflow/.local/lib/python3.12/site-packages/airflow/example_dags/example_xcom.py for tasks to queue
[2024-06-18T02:33:59.704+0000] {logging_mixin.py:188} INFO - [2024-06-18T02:33:59.703+0000] {dagbag.py:545} INFO - Filling up the DagBag from /home/airflow/.local/lib/python3.12/site-packages/airflow/example_dags/example_xcom.py
[2024-06-18T02:33:59.716+0000] {processor.py:840} INFO - DAG(s) 'example_xcom' retrieved from /home/airflow/.local/lib/python3.12/site-packages/airflow/example_dags/example_xcom.py
[2024-06-18T02:33:59.745+0000] {logging_mixin.py:188} INFO - [2024-06-18T02:33:59.745+0000] {dag.py:3096} INFO - Sync 1 DAGs
[2024-06-18T02:33:59.780+0000] {logging_mixin.py:188} INFO - [2024-06-18T02:33:59.780+0000] {dag.py:3954} INFO - Setting next_dagrun for example_xcom to 2021-01-01 00:00:00+00:00, run_after=2021-01-01 00:00:00+00:00
[2024-06-18T02:33:59.822+0000] {processor.py:183} INFO - Processing /home/airflow/.local/lib/python3.12/site-packages/airflow/example_dags/example_xcom.py took 0.132 seconds
[2024-06-18T02:34:30.120+0000] {processor.py:161} INFO - Started process (PID=66667) to work on /home/airflow/.local/lib/python3.12/site-packages/airflow/example_dags/example_xcom.py
[2024-06-18T02:34:30.122+0000] {processor.py:830} INFO - Processing file /home/airflow/.local/lib/python3.12/site-packages/airflow/example_dags/example_xcom.py for tasks to queue
[2024-06-18T02:34:30.123+0000] {logging_mixin.py:188} INFO - [2024-06-18T02:34:30.122+0000] {dagbag.py:545} INFO - Filling up the DagBag from /home/airflow/.local/lib/python3.12/site-packages/airflow/example_dags/example_xcom.py
[2024-06-18T02:34:30.131+0000] {processor.py:840} INFO - DAG(s) 'example_xcom' retrieved from /home/airflow/.local/lib/python3.12/site-packages/airflow/example_dags/example_xcom.py
[2024-06-18T02:34:30.153+0000] {logging_mixin.py:188} INFO - [2024-06-18T02:34:30.152+0000] {dag.py:3096} INFO - Sync 1 DAGs
[2024-06-18T02:34:30.178+0000] {logging_mixin.py:188} INFO - [2024-06-18T02:34:30.178+0000] {dag.py:3954} INFO - Setting next_dagrun for example_xcom to 2021-01-01 00:00:00+00:00, run_after=2021-01-01 00:00:00+00:00
[2024-06-18T02:34:30.197+0000] {processor.py:183} INFO - Processing /home/airflow/.local/lib/python3.12/site-packages/airflow/example_dags/example_xcom.py took 0.084 seconds
[2024-06-18T02:35:00.659+0000] {processor.py:161} INFO - Started process (PID=66725) to work on /home/airflow/.local/lib/python3.12/site-packages/airflow/example_dags/example_xcom.py
[2024-06-18T02:35:00.661+0000] {processor.py:830} INFO - Processing file /home/airflow/.local/lib/python3.12/site-packages/airflow/example_dags/example_xcom.py for tasks to queue
[2024-06-18T02:35:00.662+0000] {logging_mixin.py:188} INFO - [2024-06-18T02:35:00.661+0000] {dagbag.py:545} INFO - Filling up the DagBag from /home/airflow/.local/lib/python3.12/site-packages/airflow/example_dags/example_xcom.py
[2024-06-18T02:35:00.673+0000] {processor.py:840} INFO - DAG(s) 'example_xcom' retrieved from /home/airflow/.local/lib/python3.12/site-packages/airflow/example_dags/example_xcom.py
[2024-06-18T02:35:00.707+0000] {logging_mixin.py:188} INFO - [2024-06-18T02:35:00.707+0000] {dag.py:3096} INFO - Sync 1 DAGs
[2024-06-18T02:35:00.744+0000] {logging_mixin.py:188} INFO - [2024-06-18T02:35:00.744+0000] {dag.py:3954} INFO - Setting next_dagrun for example_xcom to 2021-01-01 00:00:00+00:00, run_after=2021-01-01 00:00:00+00:00
[2024-06-18T02:35:00.775+0000] {processor.py:183} INFO - Processing /home/airflow/.local/lib/python3.12/site-packages/airflow/example_dags/example_xcom.py took 0.124 seconds
[2024-06-18T02:35:31.000+0000] {processor.py:161} INFO - Started process (PID=66783) to work on /home/airflow/.local/lib/python3.12/site-packages/airflow/example_dags/example_xcom.py
[2024-06-18T02:35:31.001+0000] {processor.py:830} INFO - Processing file /home/airflow/.local/lib/python3.12/site-packages/airflow/example_dags/example_xcom.py for tasks to queue
[2024-06-18T02:35:31.002+0000] {logging_mixin.py:188} INFO - [2024-06-18T02:35:31.002+0000] {dagbag.py:545} INFO - Filling up the DagBag from /home/airflow/.local/lib/python3.12/site-packages/airflow/example_dags/example_xcom.py
[2024-06-18T02:35:31.009+0000] {processor.py:840} INFO - DAG(s) 'example_xcom' retrieved from /home/airflow/.local/lib/python3.12/site-packages/airflow/example_dags/example_xcom.py
[2024-06-18T02:35:31.031+0000] {logging_mixin.py:188} INFO - [2024-06-18T02:35:31.030+0000] {dag.py:3096} INFO - Sync 1 DAGs
[2024-06-18T02:35:31.051+0000] {logging_mixin.py:188} INFO - [2024-06-18T02:35:31.051+0000] {dag.py:3954} INFO - Setting next_dagrun for example_xcom to 2021-01-01 00:00:00+00:00, run_after=2021-01-01 00:00:00+00:00
[2024-06-18T02:35:31.070+0000] {processor.py:183} INFO - Processing /home/airflow/.local/lib/python3.12/site-packages/airflow/example_dags/example_xcom.py took 0.075 seconds
[2024-06-18T02:36:01.169+0000] {processor.py:161} INFO - Started process (PID=66841) to work on /home/airflow/.local/lib/python3.12/site-packages/airflow/example_dags/example_xcom.py
[2024-06-18T02:36:01.170+0000] {processor.py:830} INFO - Processing file /home/airflow/.local/lib/python3.12/site-packages/airflow/example_dags/example_xcom.py for tasks to queue
[2024-06-18T02:36:01.170+0000] {logging_mixin.py:188} INFO - [2024-06-18T02:36:01.170+0000] {dagbag.py:545} INFO - Filling up the DagBag from /home/airflow/.local/lib/python3.12/site-packages/airflow/example_dags/example_xcom.py
[2024-06-18T02:36:01.179+0000] {processor.py:840} INFO - DAG(s) 'example_xcom' retrieved from /home/airflow/.local/lib/python3.12/site-packages/airflow/example_dags/example_xcom.py
[2024-06-18T02:36:01.203+0000] {logging_mixin.py:188} INFO - [2024-06-18T02:36:01.202+0000] {dag.py:3096} INFO - Sync 1 DAGs
[2024-06-18T02:36:01.231+0000] {logging_mixin.py:188} INFO - [2024-06-18T02:36:01.231+0000] {dag.py:3954} INFO - Setting next_dagrun for example_xcom to 2021-01-01 00:00:00+00:00, run_after=2021-01-01 00:00:00+00:00
[2024-06-18T02:36:01.251+0000] {processor.py:183} INFO - Processing /home/airflow/.local/lib/python3.12/site-packages/airflow/example_dags/example_xcom.py took 0.090 seconds
[2024-06-18T02:36:31.306+0000] {processor.py:161} INFO - Started process (PID=66899) to work on /home/airflow/.local/lib/python3.12/site-packages/airflow/example_dags/example_xcom.py
[2024-06-18T02:36:31.307+0000] {processor.py:830} INFO - Processing file /home/airflow/.local/lib/python3.12/site-packages/airflow/example_dags/example_xcom.py for tasks to queue
[2024-06-18T02:36:31.308+0000] {logging_mixin.py:188} INFO - [2024-06-18T02:36:31.308+0000] {dagbag.py:545} INFO - Filling up the DagBag from /home/airflow/.local/lib/python3.12/site-packages/airflow/example_dags/example_xcom.py
[2024-06-18T02:36:31.316+0000] {processor.py:840} INFO - DAG(s) 'example_xcom' retrieved from /home/airflow/.local/lib/python3.12/site-packages/airflow/example_dags/example_xcom.py
[2024-06-18T02:36:31.340+0000] {logging_mixin.py:188} INFO - [2024-06-18T02:36:31.340+0000] {dag.py:3096} INFO - Sync 1 DAGs
[2024-06-18T02:36:31.367+0000] {logging_mixin.py:188} INFO - [2024-06-18T02:36:31.367+0000] {dag.py:3954} INFO - Setting next_dagrun for example_xcom to 2021-01-01 00:00:00+00:00, run_after=2021-01-01 00:00:00+00:00
[2024-06-18T02:36:31.387+0000] {processor.py:183} INFO - Processing /home/airflow/.local/lib/python3.12/site-packages/airflow/example_dags/example_xcom.py took 0.088 seconds
[2024-06-18T02:37:02.394+0000] {processor.py:161} INFO - Started process (PID=66957) to work on /home/airflow/.local/lib/python3.12/site-packages/airflow/example_dags/example_xcom.py
[2024-06-18T02:37:02.395+0000] {processor.py:830} INFO - Processing file /home/airflow/.local/lib/python3.12/site-packages/airflow/example_dags/example_xcom.py for tasks to queue
[2024-06-18T02:37:02.396+0000] {logging_mixin.py:188} INFO - [2024-06-18T02:37:02.396+0000] {dagbag.py:545} INFO - Filling up the DagBag from /home/airflow/.local/lib/python3.12/site-packages/airflow/example_dags/example_xcom.py
[2024-06-18T02:37:02.403+0000] {processor.py:840} INFO - DAG(s) 'example_xcom' retrieved from /home/airflow/.local/lib/python3.12/site-packages/airflow/example_dags/example_xcom.py
[2024-06-18T02:37:02.427+0000] {logging_mixin.py:188} INFO - [2024-06-18T02:37:02.427+0000] {dag.py:3096} INFO - Sync 1 DAGs
[2024-06-18T02:37:02.451+0000] {logging_mixin.py:188} INFO - [2024-06-18T02:37:02.451+0000] {dag.py:3954} INFO - Setting next_dagrun for example_xcom to 2021-01-01 00:00:00+00:00, run_after=2021-01-01 00:00:00+00:00
[2024-06-18T02:37:02.470+0000] {processor.py:183} INFO - Processing /home/airflow/.local/lib/python3.12/site-packages/airflow/example_dags/example_xcom.py took 0.082 seconds
[2024-06-18T02:37:33.531+0000] {processor.py:161} INFO - Started process (PID=67015) to work on /home/airflow/.local/lib/python3.12/site-packages/airflow/example_dags/example_xcom.py
[2024-06-18T02:37:33.533+0000] {processor.py:830} INFO - Processing file /home/airflow/.local/lib/python3.12/site-packages/airflow/example_dags/example_xcom.py for tasks to queue
[2024-06-18T02:37:33.533+0000] {logging_mixin.py:188} INFO - [2024-06-18T02:37:33.533+0000] {dagbag.py:545} INFO - Filling up the DagBag from /home/airflow/.local/lib/python3.12/site-packages/airflow/example_dags/example_xcom.py
[2024-06-18T02:37:33.542+0000] {processor.py:840} INFO - DAG(s) 'example_xcom' retrieved from /home/airflow/.local/lib/python3.12/site-packages/airflow/example_dags/example_xcom.py
[2024-06-18T02:37:33.566+0000] {logging_mixin.py:188} INFO - [2024-06-18T02:37:33.566+0000] {dag.py:3096} INFO - Sync 1 DAGs
[2024-06-18T02:37:33.592+0000] {logging_mixin.py:188} INFO - [2024-06-18T02:37:33.591+0000] {dag.py:3954} INFO - Setting next_dagrun for example_xcom to 2021-01-01 00:00:00+00:00, run_after=2021-01-01 00:00:00+00:00
[2024-06-18T02:37:33.621+0000] {processor.py:183} INFO - Processing /home/airflow/.local/lib/python3.12/site-packages/airflow/example_dags/example_xcom.py took 0.098 seconds
[2024-06-18T02:38:04.207+0000] {processor.py:161} INFO - Started process (PID=67073) to work on /home/airflow/.local/lib/python3.12/site-packages/airflow/example_dags/example_xcom.py
[2024-06-18T02:38:04.208+0000] {processor.py:830} INFO - Processing file /home/airflow/.local/lib/python3.12/site-packages/airflow/example_dags/example_xcom.py for tasks to queue
[2024-06-18T02:38:04.209+0000] {logging_mixin.py:188} INFO - [2024-06-18T02:38:04.208+0000] {dagbag.py:545} INFO - Filling up the DagBag from /home/airflow/.local/lib/python3.12/site-packages/airflow/example_dags/example_xcom.py
[2024-06-18T02:38:04.217+0000] {processor.py:840} INFO - DAG(s) 'example_xcom' retrieved from /home/airflow/.local/lib/python3.12/site-packages/airflow/example_dags/example_xcom.py
[2024-06-18T02:38:04.241+0000] {logging_mixin.py:188} INFO - [2024-06-18T02:38:04.240+0000] {dag.py:3096} INFO - Sync 1 DAGs
[2024-06-18T02:38:04.263+0000] {logging_mixin.py:188} INFO - [2024-06-18T02:38:04.263+0000] {dag.py:3954} INFO - Setting next_dagrun for example_xcom to 2021-01-01 00:00:00+00:00, run_after=2021-01-01 00:00:00+00:00
[2024-06-18T02:38:04.282+0000] {processor.py:183} INFO - Processing /home/airflow/.local/lib/python3.12/site-packages/airflow/example_dags/example_xcom.py took 0.082 seconds
[2024-06-18T02:38:34.630+0000] {processor.py:161} INFO - Started process (PID=67131) to work on /home/airflow/.local/lib/python3.12/site-packages/airflow/example_dags/example_xcom.py
[2024-06-18T02:38:34.631+0000] {processor.py:830} INFO - Processing file /home/airflow/.local/lib/python3.12/site-packages/airflow/example_dags/example_xcom.py for tasks to queue
[2024-06-18T02:38:34.632+0000] {logging_mixin.py:188} INFO - [2024-06-18T02:38:34.632+0000] {dagbag.py:545} INFO - Filling up the DagBag from /home/airflow/.local/lib/python3.12/site-packages/airflow/example_dags/example_xcom.py
[2024-06-18T02:38:34.642+0000] {processor.py:840} INFO - DAG(s) 'example_xcom' retrieved from /home/airflow/.local/lib/python3.12/site-packages/airflow/example_dags/example_xcom.py
[2024-06-18T02:38:34.672+0000] {logging_mixin.py:188} INFO - [2024-06-18T02:38:34.671+0000] {dag.py:3096} INFO - Sync 1 DAGs
[2024-06-18T02:38:34.707+0000] {logging_mixin.py:188} INFO - [2024-06-18T02:38:34.706+0000] {dag.py:3954} INFO - Setting next_dagrun for example_xcom to 2021-01-01 00:00:00+00:00, run_after=2021-01-01 00:00:00+00:00
[2024-06-18T02:38:34.732+0000] {processor.py:183} INFO - Processing /home/airflow/.local/lib/python3.12/site-packages/airflow/example_dags/example_xcom.py took 0.112 seconds
[2024-06-18T02:39:04.939+0000] {processor.py:161} INFO - Started process (PID=67189) to work on /home/airflow/.local/lib/python3.12/site-packages/airflow/example_dags/example_xcom.py
[2024-06-18T02:39:04.940+0000] {processor.py:830} INFO - Processing file /home/airflow/.local/lib/python3.12/site-packages/airflow/example_dags/example_xcom.py for tasks to queue
[2024-06-18T02:39:04.941+0000] {logging_mixin.py:188} INFO - [2024-06-18T02:39:04.940+0000] {dagbag.py:545} INFO - Filling up the DagBag from /home/airflow/.local/lib/python3.12/site-packages/airflow/example_dags/example_xcom.py
[2024-06-18T02:39:04.949+0000] {processor.py:840} INFO - DAG(s) 'example_xcom' retrieved from /home/airflow/.local/lib/python3.12/site-packages/airflow/example_dags/example_xcom.py
[2024-06-18T02:39:04.975+0000] {logging_mixin.py:188} INFO - [2024-06-18T02:39:04.974+0000] {dag.py:3096} INFO - Sync 1 DAGs
[2024-06-18T02:39:05.001+0000] {logging_mixin.py:188} INFO - [2024-06-18T02:39:05.001+0000] {dag.py:3954} INFO - Setting next_dagrun for example_xcom to 2021-01-01 00:00:00+00:00, run_after=2021-01-01 00:00:00+00:00
[2024-06-18T02:39:05.023+0000] {processor.py:183} INFO - Processing /home/airflow/.local/lib/python3.12/site-packages/airflow/example_dags/example_xcom.py took 0.090 seconds
[2024-06-18T02:39:36.024+0000] {processor.py:161} INFO - Started process (PID=67248) to work on /home/airflow/.local/lib/python3.12/site-packages/airflow/example_dags/example_xcom.py
[2024-06-18T02:39:36.026+0000] {processor.py:830} INFO - Processing file /home/airflow/.local/lib/python3.12/site-packages/airflow/example_dags/example_xcom.py for tasks to queue
[2024-06-18T02:39:36.027+0000] {logging_mixin.py:188} INFO - [2024-06-18T02:39:36.026+0000] {dagbag.py:545} INFO - Filling up the DagBag from /home/airflow/.local/lib/python3.12/site-packages/airflow/example_dags/example_xcom.py
[2024-06-18T02:39:36.037+0000] {processor.py:840} INFO - DAG(s) 'example_xcom' retrieved from /home/airflow/.local/lib/python3.12/site-packages/airflow/example_dags/example_xcom.py
[2024-06-18T02:39:36.068+0000] {logging_mixin.py:188} INFO - [2024-06-18T02:39:36.068+0000] {dag.py:3096} INFO - Sync 1 DAGs
[2024-06-18T02:39:36.100+0000] {logging_mixin.py:188} INFO - [2024-06-18T02:39:36.099+0000] {dag.py:3954} INFO - Setting next_dagrun for example_xcom to 2021-01-01 00:00:00+00:00, run_after=2021-01-01 00:00:00+00:00
[2024-06-18T02:39:36.124+0000] {processor.py:183} INFO - Processing /home/airflow/.local/lib/python3.12/site-packages/airflow/example_dags/example_xcom.py took 0.107 seconds
[2024-06-18T02:52:53.965+0000] {processor.py:161} INFO - Started process (PID=67317) to work on /home/airflow/.local/lib/python3.12/site-packages/airflow/example_dags/example_xcom.py
[2024-06-18T02:52:53.967+0000] {processor.py:830} INFO - Processing file /home/airflow/.local/lib/python3.12/site-packages/airflow/example_dags/example_xcom.py for tasks to queue
[2024-06-18T02:52:53.968+0000] {logging_mixin.py:188} INFO - [2024-06-18T02:52:53.968+0000] {dagbag.py:545} INFO - Filling up the DagBag from /home/airflow/.local/lib/python3.12/site-packages/airflow/example_dags/example_xcom.py
[2024-06-18T02:52:53.981+0000] {processor.py:840} INFO - DAG(s) 'example_xcom' retrieved from /home/airflow/.local/lib/python3.12/site-packages/airflow/example_dags/example_xcom.py
[2024-06-18T02:52:54.009+0000] {logging_mixin.py:188} INFO - [2024-06-18T02:52:54.009+0000] {dag.py:3096} INFO - Sync 1 DAGs
[2024-06-18T02:52:54.108+0000] {logging_mixin.py:188} INFO - [2024-06-18T02:52:54.108+0000] {dag.py:3954} INFO - Setting next_dagrun for example_xcom to 2021-01-01 00:00:00+00:00, run_after=2021-01-01 00:00:00+00:00
[2024-06-18T02:52:54.279+0000] {processor.py:183} INFO - Processing /home/airflow/.local/lib/python3.12/site-packages/airflow/example_dags/example_xcom.py took 0.318 seconds
[2024-06-18T02:53:26.343+0000] {processor.py:161} INFO - Started process (PID=67377) to work on /home/airflow/.local/lib/python3.12/site-packages/airflow/example_dags/example_xcom.py
[2024-06-18T02:53:26.344+0000] {processor.py:830} INFO - Processing file /home/airflow/.local/lib/python3.12/site-packages/airflow/example_dags/example_xcom.py for tasks to queue
[2024-06-18T02:53:26.345+0000] {logging_mixin.py:188} INFO - [2024-06-18T02:53:26.345+0000] {dagbag.py:545} INFO - Filling up the DagBag from /home/airflow/.local/lib/python3.12/site-packages/airflow/example_dags/example_xcom.py
[2024-06-18T02:53:26.356+0000] {processor.py:840} INFO - DAG(s) 'example_xcom' retrieved from /home/airflow/.local/lib/python3.12/site-packages/airflow/example_dags/example_xcom.py
[2024-06-18T02:53:26.390+0000] {logging_mixin.py:188} INFO - [2024-06-18T02:53:26.389+0000] {dag.py:3096} INFO - Sync 1 DAGs
[2024-06-18T02:53:26.424+0000] {logging_mixin.py:188} INFO - [2024-06-18T02:53:26.424+0000] {dag.py:3954} INFO - Setting next_dagrun for example_xcom to 2021-01-01 00:00:00+00:00, run_after=2021-01-01 00:00:00+00:00
[2024-06-18T02:53:26.449+0000] {processor.py:183} INFO - Processing /home/airflow/.local/lib/python3.12/site-packages/airflow/example_dags/example_xcom.py took 0.114 seconds
[2024-06-18T02:53:56.727+0000] {processor.py:161} INFO - Started process (PID=67433) to work on /home/airflow/.local/lib/python3.12/site-packages/airflow/example_dags/example_xcom.py
[2024-06-18T02:53:56.728+0000] {processor.py:830} INFO - Processing file /home/airflow/.local/lib/python3.12/site-packages/airflow/example_dags/example_xcom.py for tasks to queue
[2024-06-18T02:53:56.729+0000] {logging_mixin.py:188} INFO - [2024-06-18T02:53:56.729+0000] {dagbag.py:545} INFO - Filling up the DagBag from /home/airflow/.local/lib/python3.12/site-packages/airflow/example_dags/example_xcom.py
[2024-06-18T02:53:56.736+0000] {processor.py:840} INFO - DAG(s) 'example_xcom' retrieved from /home/airflow/.local/lib/python3.12/site-packages/airflow/example_dags/example_xcom.py
[2024-06-18T02:53:56.757+0000] {logging_mixin.py:188} INFO - [2024-06-18T02:53:56.756+0000] {dag.py:3096} INFO - Sync 1 DAGs
[2024-06-18T02:53:56.778+0000] {logging_mixin.py:188} INFO - [2024-06-18T02:53:56.778+0000] {dag.py:3954} INFO - Setting next_dagrun for example_xcom to 2021-01-01 00:00:00+00:00, run_after=2021-01-01 00:00:00+00:00
[2024-06-18T02:53:56.798+0000] {processor.py:183} INFO - Processing /home/airflow/.local/lib/python3.12/site-packages/airflow/example_dags/example_xcom.py took 0.076 seconds
[2024-06-18T02:54:27.042+0000] {processor.py:161} INFO - Started process (PID=67491) to work on /home/airflow/.local/lib/python3.12/site-packages/airflow/example_dags/example_xcom.py
[2024-06-18T02:54:27.043+0000] {processor.py:830} INFO - Processing file /home/airflow/.local/lib/python3.12/site-packages/airflow/example_dags/example_xcom.py for tasks to queue
[2024-06-18T02:54:27.043+0000] {logging_mixin.py:188} INFO - [2024-06-18T02:54:27.043+0000] {dagbag.py:545} INFO - Filling up the DagBag from /home/airflow/.local/lib/python3.12/site-packages/airflow/example_dags/example_xcom.py
[2024-06-18T02:54:27.051+0000] {processor.py:840} INFO - DAG(s) 'example_xcom' retrieved from /home/airflow/.local/lib/python3.12/site-packages/airflow/example_dags/example_xcom.py
[2024-06-18T02:54:27.073+0000] {logging_mixin.py:188} INFO - [2024-06-18T02:54:27.073+0000] {dag.py:3096} INFO - Sync 1 DAGs
[2024-06-18T02:54:27.097+0000] {logging_mixin.py:188} INFO - [2024-06-18T02:54:27.097+0000] {dag.py:3954} INFO - Setting next_dagrun for example_xcom to 2021-01-01 00:00:00+00:00, run_after=2021-01-01 00:00:00+00:00
[2024-06-18T02:54:27.116+0000] {processor.py:183} INFO - Processing /home/airflow/.local/lib/python3.12/site-packages/airflow/example_dags/example_xcom.py took 0.080 seconds
[2024-06-18T02:54:57.221+0000] {processor.py:161} INFO - Started process (PID=67549) to work on /home/airflow/.local/lib/python3.12/site-packages/airflow/example_dags/example_xcom.py
[2024-06-18T02:54:57.222+0000] {processor.py:830} INFO - Processing file /home/airflow/.local/lib/python3.12/site-packages/airflow/example_dags/example_xcom.py for tasks to queue
[2024-06-18T02:54:57.223+0000] {logging_mixin.py:188} INFO - [2024-06-18T02:54:57.222+0000] {dagbag.py:545} INFO - Filling up the DagBag from /home/airflow/.local/lib/python3.12/site-packages/airflow/example_dags/example_xcom.py
[2024-06-18T02:54:57.230+0000] {processor.py:840} INFO - DAG(s) 'example_xcom' retrieved from /home/airflow/.local/lib/python3.12/site-packages/airflow/example_dags/example_xcom.py
[2024-06-18T02:54:57.256+0000] {logging_mixin.py:188} INFO - [2024-06-18T02:54:57.256+0000] {dag.py:3096} INFO - Sync 1 DAGs
[2024-06-18T02:54:57.279+0000] {logging_mixin.py:188} INFO - [2024-06-18T02:54:57.278+0000] {dag.py:3954} INFO - Setting next_dagrun for example_xcom to 2021-01-01 00:00:00+00:00, run_after=2021-01-01 00:00:00+00:00
[2024-06-18T02:54:57.298+0000] {processor.py:183} INFO - Processing /home/airflow/.local/lib/python3.12/site-packages/airflow/example_dags/example_xcom.py took 0.083 seconds
[2024-06-18T02:55:27.436+0000] {processor.py:161} INFO - Started process (PID=67607) to work on /home/airflow/.local/lib/python3.12/site-packages/airflow/example_dags/example_xcom.py
[2024-06-18T02:55:27.437+0000] {processor.py:830} INFO - Processing file /home/airflow/.local/lib/python3.12/site-packages/airflow/example_dags/example_xcom.py for tasks to queue
[2024-06-18T02:55:27.438+0000] {logging_mixin.py:188} INFO - [2024-06-18T02:55:27.438+0000] {dagbag.py:545} INFO - Filling up the DagBag from /home/airflow/.local/lib/python3.12/site-packages/airflow/example_dags/example_xcom.py
[2024-06-18T02:55:27.445+0000] {processor.py:840} INFO - DAG(s) 'example_xcom' retrieved from /home/airflow/.local/lib/python3.12/site-packages/airflow/example_dags/example_xcom.py
[2024-06-18T02:55:27.466+0000] {logging_mixin.py:188} INFO - [2024-06-18T02:55:27.466+0000] {dag.py:3096} INFO - Sync 1 DAGs
[2024-06-18T02:55:27.488+0000] {logging_mixin.py:188} INFO - [2024-06-18T02:55:27.487+0000] {dag.py:3954} INFO - Setting next_dagrun for example_xcom to 2021-01-01 00:00:00+00:00, run_after=2021-01-01 00:00:00+00:00
[2024-06-18T02:55:27.506+0000] {processor.py:183} INFO - Processing /home/airflow/.local/lib/python3.12/site-packages/airflow/example_dags/example_xcom.py took 0.076 seconds
[2024-06-18T02:55:57.772+0000] {processor.py:161} INFO - Started process (PID=67665) to work on /home/airflow/.local/lib/python3.12/site-packages/airflow/example_dags/example_xcom.py
[2024-06-18T02:55:57.773+0000] {processor.py:830} INFO - Processing file /home/airflow/.local/lib/python3.12/site-packages/airflow/example_dags/example_xcom.py for tasks to queue
[2024-06-18T02:55:57.773+0000] {logging_mixin.py:188} INFO - [2024-06-18T02:55:57.773+0000] {dagbag.py:545} INFO - Filling up the DagBag from /home/airflow/.local/lib/python3.12/site-packages/airflow/example_dags/example_xcom.py
[2024-06-18T02:55:57.783+0000] {processor.py:840} INFO - DAG(s) 'example_xcom' retrieved from /home/airflow/.local/lib/python3.12/site-packages/airflow/example_dags/example_xcom.py
[2024-06-18T02:55:57.805+0000] {logging_mixin.py:188} INFO - [2024-06-18T02:55:57.805+0000] {dag.py:3096} INFO - Sync 1 DAGs
[2024-06-18T02:55:57.827+0000] {logging_mixin.py:188} INFO - [2024-06-18T02:55:57.827+0000] {dag.py:3954} INFO - Setting next_dagrun for example_xcom to 2021-01-01 00:00:00+00:00, run_after=2021-01-01 00:00:00+00:00
[2024-06-18T02:55:57.847+0000] {processor.py:183} INFO - Processing /home/airflow/.local/lib/python3.12/site-packages/airflow/example_dags/example_xcom.py took 0.081 seconds
[2024-06-18T02:56:28.864+0000] {processor.py:161} INFO - Started process (PID=67723) to work on /home/airflow/.local/lib/python3.12/site-packages/airflow/example_dags/example_xcom.py
[2024-06-18T02:56:28.865+0000] {processor.py:830} INFO - Processing file /home/airflow/.local/lib/python3.12/site-packages/airflow/example_dags/example_xcom.py for tasks to queue
[2024-06-18T02:56:28.866+0000] {logging_mixin.py:188} INFO - [2024-06-18T02:56:28.866+0000] {dagbag.py:545} INFO - Filling up the DagBag from /home/airflow/.local/lib/python3.12/site-packages/airflow/example_dags/example_xcom.py
[2024-06-18T02:56:28.876+0000] {processor.py:840} INFO - DAG(s) 'example_xcom' retrieved from /home/airflow/.local/lib/python3.12/site-packages/airflow/example_dags/example_xcom.py
[2024-06-18T02:56:28.908+0000] {logging_mixin.py:188} INFO - [2024-06-18T02:56:28.908+0000] {dag.py:3096} INFO - Sync 1 DAGs
[2024-06-18T02:56:28.947+0000] {logging_mixin.py:188} INFO - [2024-06-18T02:56:28.947+0000] {dag.py:3954} INFO - Setting next_dagrun for example_xcom to 2021-01-01 00:00:00+00:00, run_after=2021-01-01 00:00:00+00:00
[2024-06-18T02:56:28.977+0000] {processor.py:183} INFO - Processing /home/airflow/.local/lib/python3.12/site-packages/airflow/example_dags/example_xcom.py took 0.122 seconds
