[2024-06-18T02:21:40.714+0000] {processor.py:161} INFO - Started process (PID=65188) to work on /home/airflow/.local/lib/python3.12/site-packages/airflow/example_dags/example_sensor_decorator.py
[2024-06-18T02:21:40.726+0000] {processor.py:830} INFO - Processing file /home/airflow/.local/lib/python3.12/site-packages/airflow/example_dags/example_sensor_decorator.py for tasks to queue
[2024-06-18T02:21:40.727+0000] {logging_mixin.py:188} INFO - [2024-06-18T02:21:40.727+0000] {dagbag.py:545} INFO - Filling up the DagBag from /home/airflow/.local/lib/python3.12/site-packages/airflow/example_dags/example_sensor_decorator.py
[2024-06-18T02:21:40.775+0000] {processor.py:840} INFO - DAG(s) 'example_sensor_decorator' retrieved from /home/airflow/.local/lib/python3.12/site-packages/airflow/example_dags/example_sensor_decorator.py
[2024-06-18T02:21:41.147+0000] {logging_mixin.py:188} INFO - [2024-06-18T02:21:41.146+0000] {dag.py:3096} INFO - Sync 1 DAGs
[2024-06-18T02:21:41.187+0000] {logging_mixin.py:188} INFO - [2024-06-18T02:21:41.187+0000] {dag.py:3954} INFO - Setting next_dagrun for example_sensor_decorator to None, run_after=None
[2024-06-18T02:21:41.287+0000] {processor.py:183} INFO - Processing /home/airflow/.local/lib/python3.12/site-packages/airflow/example_dags/example_sensor_decorator.py took 0.593 seconds
[2024-06-18T02:22:11.609+0000] {processor.py:161} INFO - Started process (PID=65246) to work on /home/airflow/.local/lib/python3.12/site-packages/airflow/example_dags/example_sensor_decorator.py
[2024-06-18T02:22:11.610+0000] {processor.py:830} INFO - Processing file /home/airflow/.local/lib/python3.12/site-packages/airflow/example_dags/example_sensor_decorator.py for tasks to queue
[2024-06-18T02:22:11.611+0000] {logging_mixin.py:188} INFO - [2024-06-18T02:22:11.611+0000] {dagbag.py:545} INFO - Filling up the DagBag from /home/airflow/.local/lib/python3.12/site-packages/airflow/example_dags/example_sensor_decorator.py
[2024-06-18T02:22:11.620+0000] {processor.py:840} INFO - DAG(s) 'example_sensor_decorator' retrieved from /home/airflow/.local/lib/python3.12/site-packages/airflow/example_dags/example_sensor_decorator.py
[2024-06-18T02:22:11.649+0000] {logging_mixin.py:188} INFO - [2024-06-18T02:22:11.648+0000] {dag.py:3096} INFO - Sync 1 DAGs
[2024-06-18T02:22:11.664+0000] {logging_mixin.py:188} INFO - [2024-06-18T02:22:11.664+0000] {dag.py:3954} INFO - Setting next_dagrun for example_sensor_decorator to None, run_after=None
[2024-06-18T02:22:11.693+0000] {processor.py:183} INFO - Processing /home/airflow/.local/lib/python3.12/site-packages/airflow/example_dags/example_sensor_decorator.py took 0.091 seconds
[2024-06-18T02:22:42.079+0000] {processor.py:161} INFO - Started process (PID=65304) to work on /home/airflow/.local/lib/python3.12/site-packages/airflow/example_dags/example_sensor_decorator.py
[2024-06-18T02:22:42.080+0000] {processor.py:830} INFO - Processing file /home/airflow/.local/lib/python3.12/site-packages/airflow/example_dags/example_sensor_decorator.py for tasks to queue
[2024-06-18T02:22:42.083+0000] {logging_mixin.py:188} INFO - [2024-06-18T02:22:42.082+0000] {dagbag.py:545} INFO - Filling up the DagBag from /home/airflow/.local/lib/python3.12/site-packages/airflow/example_dags/example_sensor_decorator.py
[2024-06-18T02:22:42.089+0000] {processor.py:840} INFO - DAG(s) 'example_sensor_decorator' retrieved from /home/airflow/.local/lib/python3.12/site-packages/airflow/example_dags/example_sensor_decorator.py
[2024-06-18T02:22:42.115+0000] {logging_mixin.py:188} INFO - [2024-06-18T02:22:42.115+0000] {dag.py:3096} INFO - Sync 1 DAGs
[2024-06-18T02:22:42.141+0000] {logging_mixin.py:188} INFO - [2024-06-18T02:22:42.138+0000] {dag.py:3954} INFO - Setting next_dagrun for example_sensor_decorator to None, run_after=None
[2024-06-18T02:22:42.187+0000] {processor.py:183} INFO - Processing /home/airflow/.local/lib/python3.12/site-packages/airflow/example_dags/example_sensor_decorator.py took 0.114 seconds
[2024-06-18T02:23:12.939+0000] {processor.py:161} INFO - Started process (PID=65363) to work on /home/airflow/.local/lib/python3.12/site-packages/airflow/example_dags/example_sensor_decorator.py
[2024-06-18T02:23:12.942+0000] {processor.py:830} INFO - Processing file /home/airflow/.local/lib/python3.12/site-packages/airflow/example_dags/example_sensor_decorator.py for tasks to queue
[2024-06-18T02:23:12.944+0000] {logging_mixin.py:188} INFO - [2024-06-18T02:23:12.943+0000] {dagbag.py:545} INFO - Filling up the DagBag from /home/airflow/.local/lib/python3.12/site-packages/airflow/example_dags/example_sensor_decorator.py
[2024-06-18T02:23:12.960+0000] {processor.py:840} INFO - DAG(s) 'example_sensor_decorator' retrieved from /home/airflow/.local/lib/python3.12/site-packages/airflow/example_dags/example_sensor_decorator.py
[2024-06-18T02:23:13.021+0000] {logging_mixin.py:188} INFO - [2024-06-18T02:23:13.021+0000] {dag.py:3096} INFO - Sync 1 DAGs
[2024-06-18T02:23:13.071+0000] {logging_mixin.py:188} INFO - [2024-06-18T02:23:13.071+0000] {dag.py:3954} INFO - Setting next_dagrun for example_sensor_decorator to None, run_after=None
[2024-06-18T02:23:13.145+0000] {processor.py:183} INFO - Processing /home/airflow/.local/lib/python3.12/site-packages/airflow/example_dags/example_sensor_decorator.py took 0.224 seconds
[2024-06-18T02:23:43.896+0000] {processor.py:161} INFO - Started process (PID=65421) to work on /home/airflow/.local/lib/python3.12/site-packages/airflow/example_dags/example_sensor_decorator.py
[2024-06-18T02:23:43.898+0000] {processor.py:830} INFO - Processing file /home/airflow/.local/lib/python3.12/site-packages/airflow/example_dags/example_sensor_decorator.py for tasks to queue
[2024-06-18T02:23:43.899+0000] {logging_mixin.py:188} INFO - [2024-06-18T02:23:43.898+0000] {dagbag.py:545} INFO - Filling up the DagBag from /home/airflow/.local/lib/python3.12/site-packages/airflow/example_dags/example_sensor_decorator.py
[2024-06-18T02:23:43.906+0000] {processor.py:840} INFO - DAG(s) 'example_sensor_decorator' retrieved from /home/airflow/.local/lib/python3.12/site-packages/airflow/example_dags/example_sensor_decorator.py
[2024-06-18T02:23:43.937+0000] {logging_mixin.py:188} INFO - [2024-06-18T02:23:43.936+0000] {dag.py:3096} INFO - Sync 1 DAGs
[2024-06-18T02:23:43.960+0000] {logging_mixin.py:188} INFO - [2024-06-18T02:23:43.960+0000] {dag.py:3954} INFO - Setting next_dagrun for example_sensor_decorator to None, run_after=None
[2024-06-18T02:23:44.017+0000] {processor.py:183} INFO - Processing /home/airflow/.local/lib/python3.12/site-packages/airflow/example_dags/example_sensor_decorator.py took 0.129 seconds
[2024-06-18T02:24:15.393+0000] {processor.py:161} INFO - Started process (PID=65479) to work on /home/airflow/.local/lib/python3.12/site-packages/airflow/example_dags/example_sensor_decorator.py
[2024-06-18T02:24:15.395+0000] {processor.py:830} INFO - Processing file /home/airflow/.local/lib/python3.12/site-packages/airflow/example_dags/example_sensor_decorator.py for tasks to queue
[2024-06-18T02:24:15.396+0000] {logging_mixin.py:188} INFO - [2024-06-18T02:24:15.396+0000] {dagbag.py:545} INFO - Filling up the DagBag from /home/airflow/.local/lib/python3.12/site-packages/airflow/example_dags/example_sensor_decorator.py
[2024-06-18T02:24:15.411+0000] {processor.py:840} INFO - DAG(s) 'example_sensor_decorator' retrieved from /home/airflow/.local/lib/python3.12/site-packages/airflow/example_dags/example_sensor_decorator.py
[2024-06-18T02:24:15.477+0000] {logging_mixin.py:188} INFO - [2024-06-18T02:24:15.477+0000] {dag.py:3096} INFO - Sync 1 DAGs
[2024-06-18T02:24:15.516+0000] {logging_mixin.py:188} INFO - [2024-06-18T02:24:15.516+0000] {dag.py:3954} INFO - Setting next_dagrun for example_sensor_decorator to None, run_after=None
[2024-06-18T02:24:15.567+0000] {processor.py:183} INFO - Processing /home/airflow/.local/lib/python3.12/site-packages/airflow/example_dags/example_sensor_decorator.py took 0.185 seconds
[2024-06-18T02:24:45.785+0000] {processor.py:161} INFO - Started process (PID=65536) to work on /home/airflow/.local/lib/python3.12/site-packages/airflow/example_dags/example_sensor_decorator.py
[2024-06-18T02:24:45.786+0000] {processor.py:830} INFO - Processing file /home/airflow/.local/lib/python3.12/site-packages/airflow/example_dags/example_sensor_decorator.py for tasks to queue
[2024-06-18T02:24:45.787+0000] {logging_mixin.py:188} INFO - [2024-06-18T02:24:45.787+0000] {dagbag.py:545} INFO - Filling up the DagBag from /home/airflow/.local/lib/python3.12/site-packages/airflow/example_dags/example_sensor_decorator.py
[2024-06-18T02:24:45.796+0000] {processor.py:840} INFO - DAG(s) 'example_sensor_decorator' retrieved from /home/airflow/.local/lib/python3.12/site-packages/airflow/example_dags/example_sensor_decorator.py
[2024-06-18T02:24:45.827+0000] {logging_mixin.py:188} INFO - [2024-06-18T02:24:45.826+0000] {dag.py:3096} INFO - Sync 1 DAGs
[2024-06-18T02:24:45.860+0000] {logging_mixin.py:188} INFO - [2024-06-18T02:24:45.860+0000] {dag.py:3954} INFO - Setting next_dagrun for example_sensor_decorator to None, run_after=None
[2024-06-18T02:24:45.893+0000] {processor.py:183} INFO - Processing /home/airflow/.local/lib/python3.12/site-packages/airflow/example_dags/example_sensor_decorator.py took 0.115 seconds
[2024-06-18T02:25:16.616+0000] {processor.py:161} INFO - Started process (PID=65595) to work on /home/airflow/.local/lib/python3.12/site-packages/airflow/example_dags/example_sensor_decorator.py
[2024-06-18T02:25:16.617+0000] {processor.py:830} INFO - Processing file /home/airflow/.local/lib/python3.12/site-packages/airflow/example_dags/example_sensor_decorator.py for tasks to queue
[2024-06-18T02:25:16.618+0000] {logging_mixin.py:188} INFO - [2024-06-18T02:25:16.617+0000] {dagbag.py:545} INFO - Filling up the DagBag from /home/airflow/.local/lib/python3.12/site-packages/airflow/example_dags/example_sensor_decorator.py
[2024-06-18T02:25:16.624+0000] {processor.py:840} INFO - DAG(s) 'example_sensor_decorator' retrieved from /home/airflow/.local/lib/python3.12/site-packages/airflow/example_dags/example_sensor_decorator.py
[2024-06-18T02:25:16.649+0000] {logging_mixin.py:188} INFO - [2024-06-18T02:25:16.649+0000] {dag.py:3096} INFO - Sync 1 DAGs
[2024-06-18T02:25:16.665+0000] {logging_mixin.py:188} INFO - [2024-06-18T02:25:16.665+0000] {dag.py:3954} INFO - Setting next_dagrun for example_sensor_decorator to None, run_after=None
[2024-06-18T02:25:16.685+0000] {processor.py:183} INFO - Processing /home/airflow/.local/lib/python3.12/site-packages/airflow/example_dags/example_sensor_decorator.py took 0.075 seconds
[2024-06-18T02:25:47.585+0000] {processor.py:161} INFO - Started process (PID=65653) to work on /home/airflow/.local/lib/python3.12/site-packages/airflow/example_dags/example_sensor_decorator.py
[2024-06-18T02:25:47.586+0000] {processor.py:830} INFO - Processing file /home/airflow/.local/lib/python3.12/site-packages/airflow/example_dags/example_sensor_decorator.py for tasks to queue
[2024-06-18T02:25:47.587+0000] {logging_mixin.py:188} INFO - [2024-06-18T02:25:47.587+0000] {dagbag.py:545} INFO - Filling up the DagBag from /home/airflow/.local/lib/python3.12/site-packages/airflow/example_dags/example_sensor_decorator.py
[2024-06-18T02:25:47.594+0000] {processor.py:840} INFO - DAG(s) 'example_sensor_decorator' retrieved from /home/airflow/.local/lib/python3.12/site-packages/airflow/example_dags/example_sensor_decorator.py
[2024-06-18T02:25:47.618+0000] {logging_mixin.py:188} INFO - [2024-06-18T02:25:47.618+0000] {dag.py:3096} INFO - Sync 1 DAGs
[2024-06-18T02:25:47.630+0000] {logging_mixin.py:188} INFO - [2024-06-18T02:25:47.630+0000] {dag.py:3954} INFO - Setting next_dagrun for example_sensor_decorator to None, run_after=None
[2024-06-18T02:25:47.649+0000] {processor.py:183} INFO - Processing /home/airflow/.local/lib/python3.12/site-packages/airflow/example_dags/example_sensor_decorator.py took 0.070 seconds
[2024-06-18T02:26:18.177+0000] {processor.py:161} INFO - Started process (PID=65711) to work on /home/airflow/.local/lib/python3.12/site-packages/airflow/example_dags/example_sensor_decorator.py
[2024-06-18T02:26:18.178+0000] {processor.py:830} INFO - Processing file /home/airflow/.local/lib/python3.12/site-packages/airflow/example_dags/example_sensor_decorator.py for tasks to queue
[2024-06-18T02:26:18.179+0000] {logging_mixin.py:188} INFO - [2024-06-18T02:26:18.179+0000] {dagbag.py:545} INFO - Filling up the DagBag from /home/airflow/.local/lib/python3.12/site-packages/airflow/example_dags/example_sensor_decorator.py
[2024-06-18T02:26:18.184+0000] {processor.py:840} INFO - DAG(s) 'example_sensor_decorator' retrieved from /home/airflow/.local/lib/python3.12/site-packages/airflow/example_dags/example_sensor_decorator.py
[2024-06-18T02:26:18.208+0000] {logging_mixin.py:188} INFO - [2024-06-18T02:26:18.207+0000] {dag.py:3096} INFO - Sync 1 DAGs
[2024-06-18T02:26:18.221+0000] {logging_mixin.py:188} INFO - [2024-06-18T02:26:18.221+0000] {dag.py:3954} INFO - Setting next_dagrun for example_sensor_decorator to None, run_after=None
[2024-06-18T02:26:18.247+0000] {processor.py:183} INFO - Processing /home/airflow/.local/lib/python3.12/site-packages/airflow/example_dags/example_sensor_decorator.py took 0.076 seconds
[2024-06-18T02:26:48.862+0000] {processor.py:161} INFO - Started process (PID=65770) to work on /home/airflow/.local/lib/python3.12/site-packages/airflow/example_dags/example_sensor_decorator.py
[2024-06-18T02:26:48.863+0000] {processor.py:830} INFO - Processing file /home/airflow/.local/lib/python3.12/site-packages/airflow/example_dags/example_sensor_decorator.py for tasks to queue
[2024-06-18T02:26:48.864+0000] {logging_mixin.py:188} INFO - [2024-06-18T02:26:48.864+0000] {dagbag.py:545} INFO - Filling up the DagBag from /home/airflow/.local/lib/python3.12/site-packages/airflow/example_dags/example_sensor_decorator.py
[2024-06-18T02:26:48.869+0000] {processor.py:840} INFO - DAG(s) 'example_sensor_decorator' retrieved from /home/airflow/.local/lib/python3.12/site-packages/airflow/example_dags/example_sensor_decorator.py
[2024-06-18T02:26:48.892+0000] {logging_mixin.py:188} INFO - [2024-06-18T02:26:48.892+0000] {dag.py:3096} INFO - Sync 1 DAGs
[2024-06-18T02:26:48.906+0000] {logging_mixin.py:188} INFO - [2024-06-18T02:26:48.905+0000] {dag.py:3954} INFO - Setting next_dagrun for example_sensor_decorator to None, run_after=None
[2024-06-18T02:26:48.932+0000] {processor.py:183} INFO - Processing /home/airflow/.local/lib/python3.12/site-packages/airflow/example_dags/example_sensor_decorator.py took 0.077 seconds
[2024-06-18T02:27:19.654+0000] {processor.py:161} INFO - Started process (PID=65828) to work on /home/airflow/.local/lib/python3.12/site-packages/airflow/example_dags/example_sensor_decorator.py
[2024-06-18T02:27:19.655+0000] {processor.py:830} INFO - Processing file /home/airflow/.local/lib/python3.12/site-packages/airflow/example_dags/example_sensor_decorator.py for tasks to queue
[2024-06-18T02:27:19.657+0000] {logging_mixin.py:188} INFO - [2024-06-18T02:27:19.656+0000] {dagbag.py:545} INFO - Filling up the DagBag from /home/airflow/.local/lib/python3.12/site-packages/airflow/example_dags/example_sensor_decorator.py
[2024-06-18T02:27:19.663+0000] {processor.py:840} INFO - DAG(s) 'example_sensor_decorator' retrieved from /home/airflow/.local/lib/python3.12/site-packages/airflow/example_dags/example_sensor_decorator.py
[2024-06-18T02:27:19.686+0000] {logging_mixin.py:188} INFO - [2024-06-18T02:27:19.686+0000] {dag.py:3096} INFO - Sync 1 DAGs
[2024-06-18T02:27:19.700+0000] {logging_mixin.py:188} INFO - [2024-06-18T02:27:19.700+0000] {dag.py:3954} INFO - Setting next_dagrun for example_sensor_decorator to None, run_after=None
[2024-06-18T02:27:19.718+0000] {processor.py:183} INFO - Processing /home/airflow/.local/lib/python3.12/site-packages/airflow/example_dags/example_sensor_decorator.py took 0.070 seconds
[2024-06-18T02:27:49.888+0000] {processor.py:161} INFO - Started process (PID=65886) to work on /home/airflow/.local/lib/python3.12/site-packages/airflow/example_dags/example_sensor_decorator.py
[2024-06-18T02:27:49.889+0000] {processor.py:830} INFO - Processing file /home/airflow/.local/lib/python3.12/site-packages/airflow/example_dags/example_sensor_decorator.py for tasks to queue
[2024-06-18T02:27:49.890+0000] {logging_mixin.py:188} INFO - [2024-06-18T02:27:49.889+0000] {dagbag.py:545} INFO - Filling up the DagBag from /home/airflow/.local/lib/python3.12/site-packages/airflow/example_dags/example_sensor_decorator.py
[2024-06-18T02:27:49.895+0000] {processor.py:840} INFO - DAG(s) 'example_sensor_decorator' retrieved from /home/airflow/.local/lib/python3.12/site-packages/airflow/example_dags/example_sensor_decorator.py
[2024-06-18T02:27:49.918+0000] {logging_mixin.py:188} INFO - [2024-06-18T02:27:49.918+0000] {dag.py:3096} INFO - Sync 1 DAGs
[2024-06-18T02:27:49.931+0000] {logging_mixin.py:188} INFO - [2024-06-18T02:27:49.931+0000] {dag.py:3954} INFO - Setting next_dagrun for example_sensor_decorator to None, run_after=None
[2024-06-18T02:27:49.952+0000] {processor.py:183} INFO - Processing /home/airflow/.local/lib/python3.12/site-packages/airflow/example_dags/example_sensor_decorator.py took 0.070 seconds
[2024-06-18T02:28:20.266+0000] {processor.py:161} INFO - Started process (PID=65944) to work on /home/airflow/.local/lib/python3.12/site-packages/airflow/example_dags/example_sensor_decorator.py
[2024-06-18T02:28:20.267+0000] {processor.py:830} INFO - Processing file /home/airflow/.local/lib/python3.12/site-packages/airflow/example_dags/example_sensor_decorator.py for tasks to queue
[2024-06-18T02:28:20.268+0000] {logging_mixin.py:188} INFO - [2024-06-18T02:28:20.268+0000] {dagbag.py:545} INFO - Filling up the DagBag from /home/airflow/.local/lib/python3.12/site-packages/airflow/example_dags/example_sensor_decorator.py
[2024-06-18T02:28:20.275+0000] {processor.py:840} INFO - DAG(s) 'example_sensor_decorator' retrieved from /home/airflow/.local/lib/python3.12/site-packages/airflow/example_dags/example_sensor_decorator.py
[2024-06-18T02:28:20.302+0000] {logging_mixin.py:188} INFO - [2024-06-18T02:28:20.302+0000] {dag.py:3096} INFO - Sync 1 DAGs
[2024-06-18T02:28:20.324+0000] {logging_mixin.py:188} INFO - [2024-06-18T02:28:20.323+0000] {dag.py:3954} INFO - Setting next_dagrun for example_sensor_decorator to None, run_after=None
[2024-06-18T02:28:20.354+0000] {processor.py:183} INFO - Processing /home/airflow/.local/lib/python3.12/site-packages/airflow/example_dags/example_sensor_decorator.py took 0.095 seconds
[2024-06-18T02:28:50.707+0000] {processor.py:161} INFO - Started process (PID=66003) to work on /home/airflow/.local/lib/python3.12/site-packages/airflow/example_dags/example_sensor_decorator.py
[2024-06-18T02:28:50.709+0000] {processor.py:830} INFO - Processing file /home/airflow/.local/lib/python3.12/site-packages/airflow/example_dags/example_sensor_decorator.py for tasks to queue
[2024-06-18T02:28:50.710+0000] {logging_mixin.py:188} INFO - [2024-06-18T02:28:50.709+0000] {dagbag.py:545} INFO - Filling up the DagBag from /home/airflow/.local/lib/python3.12/site-packages/airflow/example_dags/example_sensor_decorator.py
[2024-06-18T02:28:50.718+0000] {processor.py:840} INFO - DAG(s) 'example_sensor_decorator' retrieved from /home/airflow/.local/lib/python3.12/site-packages/airflow/example_dags/example_sensor_decorator.py
[2024-06-18T02:28:50.745+0000] {logging_mixin.py:188} INFO - [2024-06-18T02:28:50.745+0000] {dag.py:3096} INFO - Sync 1 DAGs
[2024-06-18T02:28:50.767+0000] {logging_mixin.py:188} INFO - [2024-06-18T02:28:50.766+0000] {dag.py:3954} INFO - Setting next_dagrun for example_sensor_decorator to None, run_after=None
[2024-06-18T02:28:50.793+0000] {processor.py:183} INFO - Processing /home/airflow/.local/lib/python3.12/site-packages/airflow/example_dags/example_sensor_decorator.py took 0.094 seconds
[2024-06-18T02:29:21.063+0000] {processor.py:161} INFO - Started process (PID=66061) to work on /home/airflow/.local/lib/python3.12/site-packages/airflow/example_dags/example_sensor_decorator.py
[2024-06-18T02:29:21.065+0000] {processor.py:830} INFO - Processing file /home/airflow/.local/lib/python3.12/site-packages/airflow/example_dags/example_sensor_decorator.py for tasks to queue
[2024-06-18T02:29:21.066+0000] {logging_mixin.py:188} INFO - [2024-06-18T02:29:21.065+0000] {dagbag.py:545} INFO - Filling up the DagBag from /home/airflow/.local/lib/python3.12/site-packages/airflow/example_dags/example_sensor_decorator.py
[2024-06-18T02:29:21.072+0000] {processor.py:840} INFO - DAG(s) 'example_sensor_decorator' retrieved from /home/airflow/.local/lib/python3.12/site-packages/airflow/example_dags/example_sensor_decorator.py
[2024-06-18T02:29:21.097+0000] {logging_mixin.py:188} INFO - [2024-06-18T02:29:21.096+0000] {dag.py:3096} INFO - Sync 1 DAGs
[2024-06-18T02:29:21.116+0000] {logging_mixin.py:188} INFO - [2024-06-18T02:29:21.116+0000] {dag.py:3954} INFO - Setting next_dagrun for example_sensor_decorator to None, run_after=None
[2024-06-18T02:29:21.143+0000] {processor.py:183} INFO - Processing /home/airflow/.local/lib/python3.12/site-packages/airflow/example_dags/example_sensor_decorator.py took 0.087 seconds
[2024-06-18T02:29:51.423+0000] {processor.py:161} INFO - Started process (PID=66119) to work on /home/airflow/.local/lib/python3.12/site-packages/airflow/example_dags/example_sensor_decorator.py
[2024-06-18T02:29:51.425+0000] {processor.py:830} INFO - Processing file /home/airflow/.local/lib/python3.12/site-packages/airflow/example_dags/example_sensor_decorator.py for tasks to queue
[2024-06-18T02:29:51.425+0000] {logging_mixin.py:188} INFO - [2024-06-18T02:29:51.425+0000] {dagbag.py:545} INFO - Filling up the DagBag from /home/airflow/.local/lib/python3.12/site-packages/airflow/example_dags/example_sensor_decorator.py
[2024-06-18T02:29:51.432+0000] {processor.py:840} INFO - DAG(s) 'example_sensor_decorator' retrieved from /home/airflow/.local/lib/python3.12/site-packages/airflow/example_dags/example_sensor_decorator.py
[2024-06-18T02:29:51.457+0000] {logging_mixin.py:188} INFO - [2024-06-18T02:29:51.456+0000] {dag.py:3096} INFO - Sync 1 DAGs
[2024-06-18T02:29:51.470+0000] {logging_mixin.py:188} INFO - [2024-06-18T02:29:51.470+0000] {dag.py:3954} INFO - Setting next_dagrun for example_sensor_decorator to None, run_after=None
[2024-06-18T02:29:51.490+0000] {processor.py:183} INFO - Processing /home/airflow/.local/lib/python3.12/site-packages/airflow/example_dags/example_sensor_decorator.py took 0.072 seconds
[2024-06-18T02:30:21.862+0000] {processor.py:161} INFO - Started process (PID=66177) to work on /home/airflow/.local/lib/python3.12/site-packages/airflow/example_dags/example_sensor_decorator.py
[2024-06-18T02:30:21.863+0000] {processor.py:830} INFO - Processing file /home/airflow/.local/lib/python3.12/site-packages/airflow/example_dags/example_sensor_decorator.py for tasks to queue
[2024-06-18T02:30:21.864+0000] {logging_mixin.py:188} INFO - [2024-06-18T02:30:21.864+0000] {dagbag.py:545} INFO - Filling up the DagBag from /home/airflow/.local/lib/python3.12/site-packages/airflow/example_dags/example_sensor_decorator.py
[2024-06-18T02:30:21.870+0000] {processor.py:840} INFO - DAG(s) 'example_sensor_decorator' retrieved from /home/airflow/.local/lib/python3.12/site-packages/airflow/example_dags/example_sensor_decorator.py
[2024-06-18T02:30:21.893+0000] {logging_mixin.py:188} INFO - [2024-06-18T02:30:21.893+0000] {dag.py:3096} INFO - Sync 1 DAGs
[2024-06-18T02:30:21.911+0000] {logging_mixin.py:188} INFO - [2024-06-18T02:30:21.910+0000] {dag.py:3954} INFO - Setting next_dagrun for example_sensor_decorator to None, run_after=None
[2024-06-18T02:30:21.933+0000] {processor.py:183} INFO - Processing /home/airflow/.local/lib/python3.12/site-packages/airflow/example_dags/example_sensor_decorator.py took 0.079 seconds
[2024-06-18T02:30:52.613+0000] {processor.py:161} INFO - Started process (PID=66235) to work on /home/airflow/.local/lib/python3.12/site-packages/airflow/example_dags/example_sensor_decorator.py
[2024-06-18T02:30:52.614+0000] {processor.py:830} INFO - Processing file /home/airflow/.local/lib/python3.12/site-packages/airflow/example_dags/example_sensor_decorator.py for tasks to queue
[2024-06-18T02:30:52.615+0000] {logging_mixin.py:188} INFO - [2024-06-18T02:30:52.615+0000] {dagbag.py:545} INFO - Filling up the DagBag from /home/airflow/.local/lib/python3.12/site-packages/airflow/example_dags/example_sensor_decorator.py
[2024-06-18T02:30:52.621+0000] {processor.py:840} INFO - DAG(s) 'example_sensor_decorator' retrieved from /home/airflow/.local/lib/python3.12/site-packages/airflow/example_dags/example_sensor_decorator.py
[2024-06-18T02:30:52.642+0000] {logging_mixin.py:188} INFO - [2024-06-18T02:30:52.641+0000] {dag.py:3096} INFO - Sync 1 DAGs
[2024-06-18T02:30:52.654+0000] {logging_mixin.py:188} INFO - [2024-06-18T02:30:52.654+0000] {dag.py:3954} INFO - Setting next_dagrun for example_sensor_decorator to None, run_after=None
[2024-06-18T02:30:52.677+0000] {processor.py:183} INFO - Processing /home/airflow/.local/lib/python3.12/site-packages/airflow/example_dags/example_sensor_decorator.py took 0.070 seconds
[2024-06-18T02:31:22.900+0000] {processor.py:161} INFO - Started process (PID=66293) to work on /home/airflow/.local/lib/python3.12/site-packages/airflow/example_dags/example_sensor_decorator.py
[2024-06-18T02:31:22.901+0000] {processor.py:830} INFO - Processing file /home/airflow/.local/lib/python3.12/site-packages/airflow/example_dags/example_sensor_decorator.py for tasks to queue
[2024-06-18T02:31:22.902+0000] {logging_mixin.py:188} INFO - [2024-06-18T02:31:22.902+0000] {dagbag.py:545} INFO - Filling up the DagBag from /home/airflow/.local/lib/python3.12/site-packages/airflow/example_dags/example_sensor_decorator.py
[2024-06-18T02:31:22.908+0000] {processor.py:840} INFO - DAG(s) 'example_sensor_decorator' retrieved from /home/airflow/.local/lib/python3.12/site-packages/airflow/example_dags/example_sensor_decorator.py
[2024-06-18T02:31:22.929+0000] {logging_mixin.py:188} INFO - [2024-06-18T02:31:22.928+0000] {dag.py:3096} INFO - Sync 1 DAGs
[2024-06-18T02:31:22.947+0000] {logging_mixin.py:188} INFO - [2024-06-18T02:31:22.947+0000] {dag.py:3954} INFO - Setting next_dagrun for example_sensor_decorator to None, run_after=None
[2024-06-18T02:31:22.972+0000] {processor.py:183} INFO - Processing /home/airflow/.local/lib/python3.12/site-packages/airflow/example_dags/example_sensor_decorator.py took 0.078 seconds
[2024-06-18T02:31:53.481+0000] {processor.py:161} INFO - Started process (PID=66351) to work on /home/airflow/.local/lib/python3.12/site-packages/airflow/example_dags/example_sensor_decorator.py
[2024-06-18T02:31:53.482+0000] {processor.py:830} INFO - Processing file /home/airflow/.local/lib/python3.12/site-packages/airflow/example_dags/example_sensor_decorator.py for tasks to queue
[2024-06-18T02:31:53.483+0000] {logging_mixin.py:188} INFO - [2024-06-18T02:31:53.482+0000] {dagbag.py:545} INFO - Filling up the DagBag from /home/airflow/.local/lib/python3.12/site-packages/airflow/example_dags/example_sensor_decorator.py
[2024-06-18T02:31:53.489+0000] {processor.py:840} INFO - DAG(s) 'example_sensor_decorator' retrieved from /home/airflow/.local/lib/python3.12/site-packages/airflow/example_dags/example_sensor_decorator.py
[2024-06-18T02:31:53.514+0000] {logging_mixin.py:188} INFO - [2024-06-18T02:31:53.514+0000] {dag.py:3096} INFO - Sync 1 DAGs
[2024-06-18T02:31:53.530+0000] {logging_mixin.py:188} INFO - [2024-06-18T02:31:53.530+0000] {dag.py:3954} INFO - Setting next_dagrun for example_sensor_decorator to None, run_after=None
[2024-06-18T02:31:53.551+0000] {processor.py:183} INFO - Processing /home/airflow/.local/lib/python3.12/site-packages/airflow/example_dags/example_sensor_decorator.py took 0.076 seconds
[2024-06-18T02:32:24.476+0000] {processor.py:161} INFO - Started process (PID=66409) to work on /home/airflow/.local/lib/python3.12/site-packages/airflow/example_dags/example_sensor_decorator.py
[2024-06-18T02:32:24.478+0000] {processor.py:830} INFO - Processing file /home/airflow/.local/lib/python3.12/site-packages/airflow/example_dags/example_sensor_decorator.py for tasks to queue
[2024-06-18T02:32:24.479+0000] {logging_mixin.py:188} INFO - [2024-06-18T02:32:24.478+0000] {dagbag.py:545} INFO - Filling up the DagBag from /home/airflow/.local/lib/python3.12/site-packages/airflow/example_dags/example_sensor_decorator.py
[2024-06-18T02:32:24.486+0000] {processor.py:840} INFO - DAG(s) 'example_sensor_decorator' retrieved from /home/airflow/.local/lib/python3.12/site-packages/airflow/example_dags/example_sensor_decorator.py
[2024-06-18T02:32:24.511+0000] {logging_mixin.py:188} INFO - [2024-06-18T02:32:24.511+0000] {dag.py:3096} INFO - Sync 1 DAGs
[2024-06-18T02:32:24.526+0000] {logging_mixin.py:188} INFO - [2024-06-18T02:32:24.526+0000] {dag.py:3954} INFO - Setting next_dagrun for example_sensor_decorator to None, run_after=None
[2024-06-18T02:32:24.548+0000] {processor.py:183} INFO - Processing /home/airflow/.local/lib/python3.12/site-packages/airflow/example_dags/example_sensor_decorator.py took 0.080 seconds
[2024-06-18T02:32:54.695+0000] {processor.py:161} INFO - Started process (PID=66467) to work on /home/airflow/.local/lib/python3.12/site-packages/airflow/example_dags/example_sensor_decorator.py
[2024-06-18T02:32:54.696+0000] {processor.py:830} INFO - Processing file /home/airflow/.local/lib/python3.12/site-packages/airflow/example_dags/example_sensor_decorator.py for tasks to queue
[2024-06-18T02:32:54.697+0000] {logging_mixin.py:188} INFO - [2024-06-18T02:32:54.697+0000] {dagbag.py:545} INFO - Filling up the DagBag from /home/airflow/.local/lib/python3.12/site-packages/airflow/example_dags/example_sensor_decorator.py
[2024-06-18T02:32:54.707+0000] {processor.py:840} INFO - DAG(s) 'example_sensor_decorator' retrieved from /home/airflow/.local/lib/python3.12/site-packages/airflow/example_dags/example_sensor_decorator.py
[2024-06-18T02:32:54.741+0000] {logging_mixin.py:188} INFO - [2024-06-18T02:32:54.741+0000] {dag.py:3096} INFO - Sync 1 DAGs
[2024-06-18T02:32:54.764+0000] {logging_mixin.py:188} INFO - [2024-06-18T02:32:54.764+0000] {dag.py:3954} INFO - Setting next_dagrun for example_sensor_decorator to None, run_after=None
[2024-06-18T02:32:54.802+0000] {processor.py:183} INFO - Processing /home/airflow/.local/lib/python3.12/site-packages/airflow/example_dags/example_sensor_decorator.py took 0.120 seconds
[2024-06-18T02:33:25.815+0000] {processor.py:161} INFO - Started process (PID=66525) to work on /home/airflow/.local/lib/python3.12/site-packages/airflow/example_dags/example_sensor_decorator.py
[2024-06-18T02:33:25.816+0000] {processor.py:830} INFO - Processing file /home/airflow/.local/lib/python3.12/site-packages/airflow/example_dags/example_sensor_decorator.py for tasks to queue
[2024-06-18T02:33:25.817+0000] {logging_mixin.py:188} INFO - [2024-06-18T02:33:25.816+0000] {dagbag.py:545} INFO - Filling up the DagBag from /home/airflow/.local/lib/python3.12/site-packages/airflow/example_dags/example_sensor_decorator.py
[2024-06-18T02:33:25.823+0000] {processor.py:840} INFO - DAG(s) 'example_sensor_decorator' retrieved from /home/airflow/.local/lib/python3.12/site-packages/airflow/example_dags/example_sensor_decorator.py
[2024-06-18T02:33:25.845+0000] {logging_mixin.py:188} INFO - [2024-06-18T02:33:25.845+0000] {dag.py:3096} INFO - Sync 1 DAGs
[2024-06-18T02:33:25.859+0000] {logging_mixin.py:188} INFO - [2024-06-18T02:33:25.859+0000] {dag.py:3954} INFO - Setting next_dagrun for example_sensor_decorator to None, run_after=None
[2024-06-18T02:33:25.882+0000] {processor.py:183} INFO - Processing /home/airflow/.local/lib/python3.12/site-packages/airflow/example_dags/example_sensor_decorator.py took 0.075 seconds
[2024-06-18T02:33:56.110+0000] {processor.py:161} INFO - Started process (PID=66583) to work on /home/airflow/.local/lib/python3.12/site-packages/airflow/example_dags/example_sensor_decorator.py
[2024-06-18T02:33:56.111+0000] {processor.py:830} INFO - Processing file /home/airflow/.local/lib/python3.12/site-packages/airflow/example_dags/example_sensor_decorator.py for tasks to queue
[2024-06-18T02:33:56.112+0000] {logging_mixin.py:188} INFO - [2024-06-18T02:33:56.112+0000] {dagbag.py:545} INFO - Filling up the DagBag from /home/airflow/.local/lib/python3.12/site-packages/airflow/example_dags/example_sensor_decorator.py
[2024-06-18T02:33:56.118+0000] {processor.py:840} INFO - DAG(s) 'example_sensor_decorator' retrieved from /home/airflow/.local/lib/python3.12/site-packages/airflow/example_dags/example_sensor_decorator.py
[2024-06-18T02:33:56.138+0000] {logging_mixin.py:188} INFO - [2024-06-18T02:33:56.138+0000] {dag.py:3096} INFO - Sync 1 DAGs
[2024-06-18T02:33:56.155+0000] {logging_mixin.py:188} INFO - [2024-06-18T02:33:56.154+0000] {dag.py:3954} INFO - Setting next_dagrun for example_sensor_decorator to None, run_after=None
[2024-06-18T02:33:56.178+0000] {processor.py:183} INFO - Processing /home/airflow/.local/lib/python3.12/site-packages/airflow/example_dags/example_sensor_decorator.py took 0.074 seconds
[2024-06-18T02:34:26.548+0000] {processor.py:161} INFO - Started process (PID=66641) to work on /home/airflow/.local/lib/python3.12/site-packages/airflow/example_dags/example_sensor_decorator.py
[2024-06-18T02:34:26.549+0000] {processor.py:830} INFO - Processing file /home/airflow/.local/lib/python3.12/site-packages/airflow/example_dags/example_sensor_decorator.py for tasks to queue
[2024-06-18T02:34:26.550+0000] {logging_mixin.py:188} INFO - [2024-06-18T02:34:26.550+0000] {dagbag.py:545} INFO - Filling up the DagBag from /home/airflow/.local/lib/python3.12/site-packages/airflow/example_dags/example_sensor_decorator.py
[2024-06-18T02:34:26.556+0000] {processor.py:840} INFO - DAG(s) 'example_sensor_decorator' retrieved from /home/airflow/.local/lib/python3.12/site-packages/airflow/example_dags/example_sensor_decorator.py
[2024-06-18T02:34:26.577+0000] {logging_mixin.py:188} INFO - [2024-06-18T02:34:26.576+0000] {dag.py:3096} INFO - Sync 1 DAGs
[2024-06-18T02:34:26.589+0000] {logging_mixin.py:188} INFO - [2024-06-18T02:34:26.589+0000] {dag.py:3954} INFO - Setting next_dagrun for example_sensor_decorator to None, run_after=None
[2024-06-18T02:34:26.611+0000] {processor.py:183} INFO - Processing /home/airflow/.local/lib/python3.12/site-packages/airflow/example_dags/example_sensor_decorator.py took 0.069 seconds
[2024-06-18T02:34:56.913+0000] {processor.py:161} INFO - Started process (PID=66699) to work on /home/airflow/.local/lib/python3.12/site-packages/airflow/example_dags/example_sensor_decorator.py
[2024-06-18T02:34:56.915+0000] {processor.py:830} INFO - Processing file /home/airflow/.local/lib/python3.12/site-packages/airflow/example_dags/example_sensor_decorator.py for tasks to queue
[2024-06-18T02:34:56.916+0000] {logging_mixin.py:188} INFO - [2024-06-18T02:34:56.915+0000] {dagbag.py:545} INFO - Filling up the DagBag from /home/airflow/.local/lib/python3.12/site-packages/airflow/example_dags/example_sensor_decorator.py
[2024-06-18T02:34:56.922+0000] {processor.py:840} INFO - DAG(s) 'example_sensor_decorator' retrieved from /home/airflow/.local/lib/python3.12/site-packages/airflow/example_dags/example_sensor_decorator.py
[2024-06-18T02:34:56.945+0000] {logging_mixin.py:188} INFO - [2024-06-18T02:34:56.944+0000] {dag.py:3096} INFO - Sync 1 DAGs
[2024-06-18T02:34:56.960+0000] {logging_mixin.py:188} INFO - [2024-06-18T02:34:56.959+0000] {dag.py:3954} INFO - Setting next_dagrun for example_sensor_decorator to None, run_after=None
[2024-06-18T02:34:56.980+0000] {processor.py:183} INFO - Processing /home/airflow/.local/lib/python3.12/site-packages/airflow/example_dags/example_sensor_decorator.py took 0.076 seconds
[2024-06-18T02:35:27.042+0000] {processor.py:161} INFO - Started process (PID=66756) to work on /home/airflow/.local/lib/python3.12/site-packages/airflow/example_dags/example_sensor_decorator.py
[2024-06-18T02:35:27.045+0000] {processor.py:830} INFO - Processing file /home/airflow/.local/lib/python3.12/site-packages/airflow/example_dags/example_sensor_decorator.py for tasks to queue
[2024-06-18T02:35:27.046+0000] {logging_mixin.py:188} INFO - [2024-06-18T02:35:27.045+0000] {dagbag.py:545} INFO - Filling up the DagBag from /home/airflow/.local/lib/python3.12/site-packages/airflow/example_dags/example_sensor_decorator.py
[2024-06-18T02:35:27.054+0000] {processor.py:840} INFO - DAG(s) 'example_sensor_decorator' retrieved from /home/airflow/.local/lib/python3.12/site-packages/airflow/example_dags/example_sensor_decorator.py
[2024-06-18T02:35:27.105+0000] {logging_mixin.py:188} INFO - [2024-06-18T02:35:27.105+0000] {dag.py:3096} INFO - Sync 1 DAGs
[2024-06-18T02:35:27.121+0000] {logging_mixin.py:188} INFO - [2024-06-18T02:35:27.121+0000] {dag.py:3954} INFO - Setting next_dagrun for example_sensor_decorator to None, run_after=None
[2024-06-18T02:35:27.161+0000] {processor.py:183} INFO - Processing /home/airflow/.local/lib/python3.12/site-packages/airflow/example_dags/example_sensor_decorator.py took 0.129 seconds
[2024-06-18T02:35:57.350+0000] {processor.py:161} INFO - Started process (PID=66814) to work on /home/airflow/.local/lib/python3.12/site-packages/airflow/example_dags/example_sensor_decorator.py
[2024-06-18T02:35:57.352+0000] {processor.py:830} INFO - Processing file /home/airflow/.local/lib/python3.12/site-packages/airflow/example_dags/example_sensor_decorator.py for tasks to queue
[2024-06-18T02:35:57.353+0000] {logging_mixin.py:188} INFO - [2024-06-18T02:35:57.352+0000] {dagbag.py:545} INFO - Filling up the DagBag from /home/airflow/.local/lib/python3.12/site-packages/airflow/example_dags/example_sensor_decorator.py
[2024-06-18T02:35:57.358+0000] {processor.py:840} INFO - DAG(s) 'example_sensor_decorator' retrieved from /home/airflow/.local/lib/python3.12/site-packages/airflow/example_dags/example_sensor_decorator.py
[2024-06-18T02:35:57.380+0000] {logging_mixin.py:188} INFO - [2024-06-18T02:35:57.379+0000] {dag.py:3096} INFO - Sync 1 DAGs
[2024-06-18T02:35:57.395+0000] {logging_mixin.py:188} INFO - [2024-06-18T02:35:57.395+0000] {dag.py:3954} INFO - Setting next_dagrun for example_sensor_decorator to None, run_after=None
[2024-06-18T02:35:57.415+0000] {processor.py:183} INFO - Processing /home/airflow/.local/lib/python3.12/site-packages/airflow/example_dags/example_sensor_decorator.py took 0.072 seconds
[2024-06-18T02:36:27.593+0000] {processor.py:161} INFO - Started process (PID=66872) to work on /home/airflow/.local/lib/python3.12/site-packages/airflow/example_dags/example_sensor_decorator.py
[2024-06-18T02:36:27.595+0000] {processor.py:830} INFO - Processing file /home/airflow/.local/lib/python3.12/site-packages/airflow/example_dags/example_sensor_decorator.py for tasks to queue
[2024-06-18T02:36:27.596+0000] {logging_mixin.py:188} INFO - [2024-06-18T02:36:27.595+0000] {dagbag.py:545} INFO - Filling up the DagBag from /home/airflow/.local/lib/python3.12/site-packages/airflow/example_dags/example_sensor_decorator.py
[2024-06-18T02:36:27.604+0000] {processor.py:840} INFO - DAG(s) 'example_sensor_decorator' retrieved from /home/airflow/.local/lib/python3.12/site-packages/airflow/example_dags/example_sensor_decorator.py
[2024-06-18T02:36:27.632+0000] {logging_mixin.py:188} INFO - [2024-06-18T02:36:27.632+0000] {dag.py:3096} INFO - Sync 1 DAGs
[2024-06-18T02:36:27.650+0000] {logging_mixin.py:188} INFO - [2024-06-18T02:36:27.649+0000] {dag.py:3954} INFO - Setting next_dagrun for example_sensor_decorator to None, run_after=None
[2024-06-18T02:36:27.675+0000] {processor.py:183} INFO - Processing /home/airflow/.local/lib/python3.12/site-packages/airflow/example_dags/example_sensor_decorator.py took 0.089 seconds
[2024-06-18T02:36:57.776+0000] {processor.py:161} INFO - Started process (PID=66930) to work on /home/airflow/.local/lib/python3.12/site-packages/airflow/example_dags/example_sensor_decorator.py
[2024-06-18T02:36:57.778+0000] {processor.py:830} INFO - Processing file /home/airflow/.local/lib/python3.12/site-packages/airflow/example_dags/example_sensor_decorator.py for tasks to queue
[2024-06-18T02:36:57.779+0000] {logging_mixin.py:188} INFO - [2024-06-18T02:36:57.779+0000] {dagbag.py:545} INFO - Filling up the DagBag from /home/airflow/.local/lib/python3.12/site-packages/airflow/example_dags/example_sensor_decorator.py
[2024-06-18T02:36:57.786+0000] {processor.py:840} INFO - DAG(s) 'example_sensor_decorator' retrieved from /home/airflow/.local/lib/python3.12/site-packages/airflow/example_dags/example_sensor_decorator.py
[2024-06-18T02:36:57.810+0000] {logging_mixin.py:188} INFO - [2024-06-18T02:36:57.809+0000] {dag.py:3096} INFO - Sync 1 DAGs
[2024-06-18T02:36:57.822+0000] {logging_mixin.py:188} INFO - [2024-06-18T02:36:57.822+0000] {dag.py:3954} INFO - Setting next_dagrun for example_sensor_decorator to None, run_after=None
[2024-06-18T02:36:57.843+0000] {processor.py:183} INFO - Processing /home/airflow/.local/lib/python3.12/site-packages/airflow/example_dags/example_sensor_decorator.py took 0.073 seconds
[2024-06-18T02:37:28.573+0000] {processor.py:161} INFO - Started process (PID=66988) to work on /home/airflow/.local/lib/python3.12/site-packages/airflow/example_dags/example_sensor_decorator.py
[2024-06-18T02:37:28.575+0000] {processor.py:830} INFO - Processing file /home/airflow/.local/lib/python3.12/site-packages/airflow/example_dags/example_sensor_decorator.py for tasks to queue
[2024-06-18T02:37:28.575+0000] {logging_mixin.py:188} INFO - [2024-06-18T02:37:28.575+0000] {dagbag.py:545} INFO - Filling up the DagBag from /home/airflow/.local/lib/python3.12/site-packages/airflow/example_dags/example_sensor_decorator.py
[2024-06-18T02:37:28.581+0000] {processor.py:840} INFO - DAG(s) 'example_sensor_decorator' retrieved from /home/airflow/.local/lib/python3.12/site-packages/airflow/example_dags/example_sensor_decorator.py
[2024-06-18T02:37:28.606+0000] {logging_mixin.py:188} INFO - [2024-06-18T02:37:28.606+0000] {dag.py:3096} INFO - Sync 1 DAGs
[2024-06-18T02:37:28.618+0000] {logging_mixin.py:188} INFO - [2024-06-18T02:37:28.618+0000] {dag.py:3954} INFO - Setting next_dagrun for example_sensor_decorator to None, run_after=None
[2024-06-18T02:37:28.643+0000] {processor.py:183} INFO - Processing /home/airflow/.local/lib/python3.12/site-packages/airflow/example_dags/example_sensor_decorator.py took 0.077 seconds
[2024-06-18T02:37:58.752+0000] {processor.py:161} INFO - Started process (PID=67046) to work on /home/airflow/.local/lib/python3.12/site-packages/airflow/example_dags/example_sensor_decorator.py
[2024-06-18T02:37:58.754+0000] {processor.py:830} INFO - Processing file /home/airflow/.local/lib/python3.12/site-packages/airflow/example_dags/example_sensor_decorator.py for tasks to queue
[2024-06-18T02:37:58.754+0000] {logging_mixin.py:188} INFO - [2024-06-18T02:37:58.754+0000] {dagbag.py:545} INFO - Filling up the DagBag from /home/airflow/.local/lib/python3.12/site-packages/airflow/example_dags/example_sensor_decorator.py
[2024-06-18T02:37:58.760+0000] {processor.py:840} INFO - DAG(s) 'example_sensor_decorator' retrieved from /home/airflow/.local/lib/python3.12/site-packages/airflow/example_dags/example_sensor_decorator.py
[2024-06-18T02:37:58.783+0000] {logging_mixin.py:188} INFO - [2024-06-18T02:37:58.783+0000] {dag.py:3096} INFO - Sync 1 DAGs
[2024-06-18T02:37:58.795+0000] {logging_mixin.py:188} INFO - [2024-06-18T02:37:58.795+0000] {dag.py:3954} INFO - Setting next_dagrun for example_sensor_decorator to None, run_after=None
[2024-06-18T02:37:58.815+0000] {processor.py:183} INFO - Processing /home/airflow/.local/lib/python3.12/site-packages/airflow/example_dags/example_sensor_decorator.py took 0.068 seconds
[2024-06-18T02:38:28.991+0000] {processor.py:161} INFO - Started process (PID=67104) to work on /home/airflow/.local/lib/python3.12/site-packages/airflow/example_dags/example_sensor_decorator.py
[2024-06-18T02:38:28.992+0000] {processor.py:830} INFO - Processing file /home/airflow/.local/lib/python3.12/site-packages/airflow/example_dags/example_sensor_decorator.py for tasks to queue
[2024-06-18T02:38:28.993+0000] {logging_mixin.py:188} INFO - [2024-06-18T02:38:28.993+0000] {dagbag.py:545} INFO - Filling up the DagBag from /home/airflow/.local/lib/python3.12/site-packages/airflow/example_dags/example_sensor_decorator.py
[2024-06-18T02:38:29.000+0000] {processor.py:840} INFO - DAG(s) 'example_sensor_decorator' retrieved from /home/airflow/.local/lib/python3.12/site-packages/airflow/example_dags/example_sensor_decorator.py
[2024-06-18T02:38:29.025+0000] {logging_mixin.py:188} INFO - [2024-06-18T02:38:29.024+0000] {dag.py:3096} INFO - Sync 1 DAGs
[2024-06-18T02:38:29.038+0000] {logging_mixin.py:188} INFO - [2024-06-18T02:38:29.037+0000] {dag.py:3954} INFO - Setting next_dagrun for example_sensor_decorator to None, run_after=None
[2024-06-18T02:38:29.059+0000] {processor.py:183} INFO - Processing /home/airflow/.local/lib/python3.12/site-packages/airflow/example_dags/example_sensor_decorator.py took 0.073 seconds
[2024-06-18T02:39:00.003+0000] {processor.py:161} INFO - Started process (PID=67162) to work on /home/airflow/.local/lib/python3.12/site-packages/airflow/example_dags/example_sensor_decorator.py
[2024-06-18T02:39:00.006+0000] {processor.py:830} INFO - Processing file /home/airflow/.local/lib/python3.12/site-packages/airflow/example_dags/example_sensor_decorator.py for tasks to queue
[2024-06-18T02:39:00.007+0000] {logging_mixin.py:188} INFO - [2024-06-18T02:39:00.007+0000] {dagbag.py:545} INFO - Filling up the DagBag from /home/airflow/.local/lib/python3.12/site-packages/airflow/example_dags/example_sensor_decorator.py
[2024-06-18T02:39:00.025+0000] {processor.py:840} INFO - DAG(s) 'example_sensor_decorator' retrieved from /home/airflow/.local/lib/python3.12/site-packages/airflow/example_dags/example_sensor_decorator.py
[2024-06-18T02:39:00.063+0000] {logging_mixin.py:188} INFO - [2024-06-18T02:39:00.063+0000] {dag.py:3096} INFO - Sync 1 DAGs
[2024-06-18T02:39:00.083+0000] {logging_mixin.py:188} INFO - [2024-06-18T02:39:00.083+0000] {dag.py:3954} INFO - Setting next_dagrun for example_sensor_decorator to None, run_after=None
[2024-06-18T02:39:00.110+0000] {processor.py:183} INFO - Processing /home/airflow/.local/lib/python3.12/site-packages/airflow/example_dags/example_sensor_decorator.py took 0.115 seconds
[2024-06-18T02:39:30.332+0000] {processor.py:161} INFO - Started process (PID=67221) to work on /home/airflow/.local/lib/python3.12/site-packages/airflow/example_dags/example_sensor_decorator.py
[2024-06-18T02:39:30.337+0000] {processor.py:830} INFO - Processing file /home/airflow/.local/lib/python3.12/site-packages/airflow/example_dags/example_sensor_decorator.py for tasks to queue
[2024-06-18T02:39:30.338+0000] {logging_mixin.py:188} INFO - [2024-06-18T02:39:30.337+0000] {dagbag.py:545} INFO - Filling up the DagBag from /home/airflow/.local/lib/python3.12/site-packages/airflow/example_dags/example_sensor_decorator.py
[2024-06-18T02:39:30.349+0000] {processor.py:840} INFO - DAG(s) 'example_sensor_decorator' retrieved from /home/airflow/.local/lib/python3.12/site-packages/airflow/example_dags/example_sensor_decorator.py
[2024-06-18T02:39:30.380+0000] {logging_mixin.py:188} INFO - [2024-06-18T02:39:30.380+0000] {dag.py:3096} INFO - Sync 1 DAGs
[2024-06-18T02:39:30.401+0000] {logging_mixin.py:188} INFO - [2024-06-18T02:39:30.401+0000] {dag.py:3954} INFO - Setting next_dagrun for example_sensor_decorator to None, run_after=None
[2024-06-18T02:39:30.428+0000] {processor.py:183} INFO - Processing /home/airflow/.local/lib/python3.12/site-packages/airflow/example_dags/example_sensor_decorator.py took 0.104 seconds
[2024-06-18T02:40:43.219+0000] {processor.py:161} INFO - Started process (PID=67291) to work on /home/airflow/.local/lib/python3.12/site-packages/airflow/example_dags/example_sensor_decorator.py
[2024-06-18T02:40:43.222+0000] {processor.py:830} INFO - Processing file /home/airflow/.local/lib/python3.12/site-packages/airflow/example_dags/example_sensor_decorator.py for tasks to queue
[2024-06-18T02:40:43.224+0000] {logging_mixin.py:188} INFO - [2024-06-18T02:40:43.223+0000] {dagbag.py:545} INFO - Filling up the DagBag from /home/airflow/.local/lib/python3.12/site-packages/airflow/example_dags/example_sensor_decorator.py
[2024-06-18T02:40:43.235+0000] {processor.py:840} INFO - DAG(s) 'example_sensor_decorator' retrieved from /home/airflow/.local/lib/python3.12/site-packages/airflow/example_dags/example_sensor_decorator.py
[2024-06-18T02:40:43.264+0000] {logging_mixin.py:188} INFO - [2024-06-18T02:40:43.264+0000] {dag.py:3096} INFO - Sync 1 DAGs
[2024-06-18T02:40:43.285+0000] {logging_mixin.py:188} INFO - [2024-06-18T02:40:43.285+0000] {dag.py:3954} INFO - Setting next_dagrun for example_sensor_decorator to None, run_after=None
[2024-06-18T02:40:43.319+0000] {processor.py:183} INFO - Processing /home/airflow/.local/lib/python3.12/site-packages/airflow/example_dags/example_sensor_decorator.py took 0.111 seconds
[2024-06-18T02:53:04.809+0000] {processor.py:161} INFO - Started process (PID=67349) to work on /home/airflow/.local/lib/python3.12/site-packages/airflow/example_dags/example_sensor_decorator.py
[2024-06-18T02:53:04.812+0000] {processor.py:830} INFO - Processing file /home/airflow/.local/lib/python3.12/site-packages/airflow/example_dags/example_sensor_decorator.py for tasks to queue
[2024-06-18T02:53:04.814+0000] {logging_mixin.py:188} INFO - [2024-06-18T02:53:04.813+0000] {dagbag.py:545} INFO - Filling up the DagBag from /home/airflow/.local/lib/python3.12/site-packages/airflow/example_dags/example_sensor_decorator.py
[2024-06-18T02:53:04.825+0000] {processor.py:840} INFO - DAG(s) 'example_sensor_decorator' retrieved from /home/airflow/.local/lib/python3.12/site-packages/airflow/example_dags/example_sensor_decorator.py
[2024-06-18T02:53:04.865+0000] {logging_mixin.py:188} INFO - [2024-06-18T02:53:04.864+0000] {dag.py:3096} INFO - Sync 1 DAGs
[2024-06-18T02:53:05.448+0000] {logging_mixin.py:188} INFO - [2024-06-18T02:53:05.448+0000] {dag.py:3954} INFO - Setting next_dagrun for example_sensor_decorator to None, run_after=None
[2024-06-18T02:53:05.992+0000] {processor.py:183} INFO - Processing /home/airflow/.local/lib/python3.12/site-packages/airflow/example_dags/example_sensor_decorator.py took 1.193 seconds
[2024-06-18T02:53:36.133+0000] {processor.py:161} INFO - Started process (PID=67407) to work on /home/airflow/.local/lib/python3.12/site-packages/airflow/example_dags/example_sensor_decorator.py
[2024-06-18T02:53:36.133+0000] {processor.py:830} INFO - Processing file /home/airflow/.local/lib/python3.12/site-packages/airflow/example_dags/example_sensor_decorator.py for tasks to queue
[2024-06-18T02:53:36.134+0000] {logging_mixin.py:188} INFO - [2024-06-18T02:53:36.134+0000] {dagbag.py:545} INFO - Filling up the DagBag from /home/airflow/.local/lib/python3.12/site-packages/airflow/example_dags/example_sensor_decorator.py
[2024-06-18T02:53:36.140+0000] {processor.py:840} INFO - DAG(s) 'example_sensor_decorator' retrieved from /home/airflow/.local/lib/python3.12/site-packages/airflow/example_dags/example_sensor_decorator.py
[2024-06-18T02:53:36.166+0000] {logging_mixin.py:188} INFO - [2024-06-18T02:53:36.166+0000] {dag.py:3096} INFO - Sync 1 DAGs
[2024-06-18T02:53:36.179+0000] {logging_mixin.py:188} INFO - [2024-06-18T02:53:36.178+0000] {dag.py:3954} INFO - Setting next_dagrun for example_sensor_decorator to None, run_after=None
[2024-06-18T02:53:36.224+0000] {processor.py:183} INFO - Processing /home/airflow/.local/lib/python3.12/site-packages/airflow/example_dags/example_sensor_decorator.py took 0.097 seconds
[2024-06-18T02:54:06.517+0000] {processor.py:161} INFO - Started process (PID=67465) to work on /home/airflow/.local/lib/python3.12/site-packages/airflow/example_dags/example_sensor_decorator.py
[2024-06-18T02:54:06.521+0000] {processor.py:830} INFO - Processing file /home/airflow/.local/lib/python3.12/site-packages/airflow/example_dags/example_sensor_decorator.py for tasks to queue
[2024-06-18T02:54:06.522+0000] {logging_mixin.py:188} INFO - [2024-06-18T02:54:06.521+0000] {dagbag.py:545} INFO - Filling up the DagBag from /home/airflow/.local/lib/python3.12/site-packages/airflow/example_dags/example_sensor_decorator.py
[2024-06-18T02:54:06.527+0000] {processor.py:840} INFO - DAG(s) 'example_sensor_decorator' retrieved from /home/airflow/.local/lib/python3.12/site-packages/airflow/example_dags/example_sensor_decorator.py
[2024-06-18T02:54:06.548+0000] {logging_mixin.py:188} INFO - [2024-06-18T02:54:06.547+0000] {dag.py:3096} INFO - Sync 1 DAGs
[2024-06-18T02:54:06.560+0000] {logging_mixin.py:188} INFO - [2024-06-18T02:54:06.560+0000] {dag.py:3954} INFO - Setting next_dagrun for example_sensor_decorator to None, run_after=None
[2024-06-18T02:54:06.581+0000] {processor.py:183} INFO - Processing /home/airflow/.local/lib/python3.12/site-packages/airflow/example_dags/example_sensor_decorator.py took 0.069 seconds
[2024-06-18T02:54:36.731+0000] {processor.py:161} INFO - Started process (PID=67523) to work on /home/airflow/.local/lib/python3.12/site-packages/airflow/example_dags/example_sensor_decorator.py
[2024-06-18T02:54:36.733+0000] {processor.py:830} INFO - Processing file /home/airflow/.local/lib/python3.12/site-packages/airflow/example_dags/example_sensor_decorator.py for tasks to queue
[2024-06-18T02:54:36.733+0000] {logging_mixin.py:188} INFO - [2024-06-18T02:54:36.733+0000] {dagbag.py:545} INFO - Filling up the DagBag from /home/airflow/.local/lib/python3.12/site-packages/airflow/example_dags/example_sensor_decorator.py
[2024-06-18T02:54:36.740+0000] {processor.py:840} INFO - DAG(s) 'example_sensor_decorator' retrieved from /home/airflow/.local/lib/python3.12/site-packages/airflow/example_dags/example_sensor_decorator.py
[2024-06-18T02:54:36.760+0000] {logging_mixin.py:188} INFO - [2024-06-18T02:54:36.759+0000] {dag.py:3096} INFO - Sync 1 DAGs
[2024-06-18T02:54:36.773+0000] {logging_mixin.py:188} INFO - [2024-06-18T02:54:36.773+0000] {dag.py:3954} INFO - Setting next_dagrun for example_sensor_decorator to None, run_after=None
[2024-06-18T02:54:36.793+0000] {processor.py:183} INFO - Processing /home/airflow/.local/lib/python3.12/site-packages/airflow/example_dags/example_sensor_decorator.py took 0.069 seconds
[2024-06-18T02:55:06.906+0000] {processor.py:161} INFO - Started process (PID=67581) to work on /home/airflow/.local/lib/python3.12/site-packages/airflow/example_dags/example_sensor_decorator.py
[2024-06-18T02:55:06.908+0000] {processor.py:830} INFO - Processing file /home/airflow/.local/lib/python3.12/site-packages/airflow/example_dags/example_sensor_decorator.py for tasks to queue
[2024-06-18T02:55:06.908+0000] {logging_mixin.py:188} INFO - [2024-06-18T02:55:06.908+0000] {dagbag.py:545} INFO - Filling up the DagBag from /home/airflow/.local/lib/python3.12/site-packages/airflow/example_dags/example_sensor_decorator.py
[2024-06-18T02:55:06.914+0000] {processor.py:840} INFO - DAG(s) 'example_sensor_decorator' retrieved from /home/airflow/.local/lib/python3.12/site-packages/airflow/example_dags/example_sensor_decorator.py
[2024-06-18T02:55:06.935+0000] {logging_mixin.py:188} INFO - [2024-06-18T02:55:06.935+0000] {dag.py:3096} INFO - Sync 1 DAGs
[2024-06-18T02:55:06.948+0000] {logging_mixin.py:188} INFO - [2024-06-18T02:55:06.948+0000] {dag.py:3954} INFO - Setting next_dagrun for example_sensor_decorator to None, run_after=None
[2024-06-18T02:55:06.968+0000] {processor.py:183} INFO - Processing /home/airflow/.local/lib/python3.12/site-packages/airflow/example_dags/example_sensor_decorator.py took 0.068 seconds
[2024-06-18T02:55:37.313+0000] {processor.py:161} INFO - Started process (PID=67639) to work on /home/airflow/.local/lib/python3.12/site-packages/airflow/example_dags/example_sensor_decorator.py
[2024-06-18T02:55:37.314+0000] {processor.py:830} INFO - Processing file /home/airflow/.local/lib/python3.12/site-packages/airflow/example_dags/example_sensor_decorator.py for tasks to queue
[2024-06-18T02:55:37.315+0000] {logging_mixin.py:188} INFO - [2024-06-18T02:55:37.315+0000] {dagbag.py:545} INFO - Filling up the DagBag from /home/airflow/.local/lib/python3.12/site-packages/airflow/example_dags/example_sensor_decorator.py
[2024-06-18T02:55:37.323+0000] {processor.py:840} INFO - DAG(s) 'example_sensor_decorator' retrieved from /home/airflow/.local/lib/python3.12/site-packages/airflow/example_dags/example_sensor_decorator.py
[2024-06-18T02:55:37.345+0000] {logging_mixin.py:188} INFO - [2024-06-18T02:55:37.344+0000] {dag.py:3096} INFO - Sync 1 DAGs
[2024-06-18T02:55:37.360+0000] {logging_mixin.py:188} INFO - [2024-06-18T02:55:37.359+0000] {dag.py:3954} INFO - Setting next_dagrun for example_sensor_decorator to None, run_after=None
[2024-06-18T02:55:37.381+0000] {processor.py:183} INFO - Processing /home/airflow/.local/lib/python3.12/site-packages/airflow/example_dags/example_sensor_decorator.py took 0.073 seconds
[2024-06-18T02:56:07.442+0000] {processor.py:161} INFO - Started process (PID=67697) to work on /home/airflow/.local/lib/python3.12/site-packages/airflow/example_dags/example_sensor_decorator.py
[2024-06-18T02:56:07.444+0000] {processor.py:830} INFO - Processing file /home/airflow/.local/lib/python3.12/site-packages/airflow/example_dags/example_sensor_decorator.py for tasks to queue
[2024-06-18T02:56:07.445+0000] {logging_mixin.py:188} INFO - [2024-06-18T02:56:07.444+0000] {dagbag.py:545} INFO - Filling up the DagBag from /home/airflow/.local/lib/python3.12/site-packages/airflow/example_dags/example_sensor_decorator.py
[2024-06-18T02:56:07.452+0000] {processor.py:840} INFO - DAG(s) 'example_sensor_decorator' retrieved from /home/airflow/.local/lib/python3.12/site-packages/airflow/example_dags/example_sensor_decorator.py
[2024-06-18T02:56:07.475+0000] {logging_mixin.py:188} INFO - [2024-06-18T02:56:07.475+0000] {dag.py:3096} INFO - Sync 1 DAGs
[2024-06-18T02:56:07.489+0000] {logging_mixin.py:188} INFO - [2024-06-18T02:56:07.488+0000] {dag.py:3954} INFO - Setting next_dagrun for example_sensor_decorator to None, run_after=None
[2024-06-18T02:56:07.513+0000] {processor.py:183} INFO - Processing /home/airflow/.local/lib/python3.12/site-packages/airflow/example_dags/example_sensor_decorator.py took 0.077 seconds
