[2024-06-18T02:21:41.901+0000] {processor.py:161} INFO - Started process (PID=65193) to work on /home/airflow/.local/lib/python3.12/site-packages/airflow/example_dags/example_short_circuit_decorator.py
[2024-06-18T02:21:41.907+0000] {processor.py:830} INFO - Processing file /home/airflow/.local/lib/python3.12/site-packages/airflow/example_dags/example_short_circuit_decorator.py for tasks to queue
[2024-06-18T02:21:41.915+0000] {logging_mixin.py:188} INFO - [2024-06-18T02:21:41.913+0000] {dagbag.py:545} INFO - Filling up the DagBag from /home/airflow/.local/lib/python3.12/site-packages/airflow/example_dags/example_short_circuit_decorator.py
[2024-06-18T02:21:41.942+0000] {processor.py:840} INFO - DAG(s) 'example_short_circuit_decorator' retrieved from /home/airflow/.local/lib/python3.12/site-packages/airflow/example_dags/example_short_circuit_decorator.py
[2024-06-18T02:21:42.030+0000] {logging_mixin.py:188} INFO - [2024-06-18T02:21:42.030+0000] {dag.py:3096} INFO - Sync 1 DAGs
[2024-06-18T02:21:42.115+0000] {logging_mixin.py:188} INFO - [2024-06-18T02:21:42.114+0000] {dag.py:3954} INFO - Setting next_dagrun for example_short_circuit_decorator to 2024-06-17 00:00:00+00:00, run_after=2024-06-18 00:00:00+00:00
[2024-06-18T02:21:42.166+0000] {processor.py:183} INFO - Processing /home/airflow/.local/lib/python3.12/site-packages/airflow/example_dags/example_short_circuit_decorator.py took 0.282 seconds
[2024-06-18T02:22:12.899+0000] {processor.py:161} INFO - Started process (PID=65251) to work on /home/airflow/.local/lib/python3.12/site-packages/airflow/example_dags/example_short_circuit_decorator.py
[2024-06-18T02:22:12.900+0000] {processor.py:830} INFO - Processing file /home/airflow/.local/lib/python3.12/site-packages/airflow/example_dags/example_short_circuit_decorator.py for tasks to queue
[2024-06-18T02:22:12.902+0000] {logging_mixin.py:188} INFO - [2024-06-18T02:22:12.901+0000] {dagbag.py:545} INFO - Filling up the DagBag from /home/airflow/.local/lib/python3.12/site-packages/airflow/example_dags/example_short_circuit_decorator.py
[2024-06-18T02:22:12.917+0000] {processor.py:840} INFO - DAG(s) 'example_short_circuit_decorator' retrieved from /home/airflow/.local/lib/python3.12/site-packages/airflow/example_dags/example_short_circuit_decorator.py
[2024-06-18T02:22:12.950+0000] {logging_mixin.py:188} INFO - [2024-06-18T02:22:12.950+0000] {dag.py:3096} INFO - Sync 1 DAGs
[2024-06-18T02:22:12.995+0000] {logging_mixin.py:188} INFO - [2024-06-18T02:22:12.995+0000] {dag.py:3954} INFO - Setting next_dagrun for example_short_circuit_decorator to 2024-06-17 00:00:00+00:00, run_after=2024-06-18 00:00:00+00:00
[2024-06-18T02:22:13.033+0000] {processor.py:183} INFO - Processing /home/airflow/.local/lib/python3.12/site-packages/airflow/example_dags/example_short_circuit_decorator.py took 0.149 seconds
[2024-06-18T02:22:43.411+0000] {processor.py:161} INFO - Started process (PID=65309) to work on /home/airflow/.local/lib/python3.12/site-packages/airflow/example_dags/example_short_circuit_decorator.py
[2024-06-18T02:22:43.413+0000] {processor.py:830} INFO - Processing file /home/airflow/.local/lib/python3.12/site-packages/airflow/example_dags/example_short_circuit_decorator.py for tasks to queue
[2024-06-18T02:22:43.414+0000] {logging_mixin.py:188} INFO - [2024-06-18T02:22:43.414+0000] {dagbag.py:545} INFO - Filling up the DagBag from /home/airflow/.local/lib/python3.12/site-packages/airflow/example_dags/example_short_circuit_decorator.py
[2024-06-18T02:22:43.429+0000] {processor.py:840} INFO - DAG(s) 'example_short_circuit_decorator' retrieved from /home/airflow/.local/lib/python3.12/site-packages/airflow/example_dags/example_short_circuit_decorator.py
[2024-06-18T02:22:43.470+0000] {logging_mixin.py:188} INFO - [2024-06-18T02:22:43.470+0000] {dag.py:3096} INFO - Sync 1 DAGs
[2024-06-18T02:22:43.501+0000] {logging_mixin.py:188} INFO - [2024-06-18T02:22:43.501+0000] {dag.py:3954} INFO - Setting next_dagrun for example_short_circuit_decorator to 2024-06-17 00:00:00+00:00, run_after=2024-06-18 00:00:00+00:00
[2024-06-18T02:22:43.531+0000] {processor.py:183} INFO - Processing /home/airflow/.local/lib/python3.12/site-packages/airflow/example_dags/example_short_circuit_decorator.py took 0.128 seconds
[2024-06-18T02:23:13.684+0000] {processor.py:161} INFO - Started process (PID=65368) to work on /home/airflow/.local/lib/python3.12/site-packages/airflow/example_dags/example_short_circuit_decorator.py
[2024-06-18T02:23:13.688+0000] {processor.py:830} INFO - Processing file /home/airflow/.local/lib/python3.12/site-packages/airflow/example_dags/example_short_circuit_decorator.py for tasks to queue
[2024-06-18T02:23:13.689+0000] {logging_mixin.py:188} INFO - [2024-06-18T02:23:13.689+0000] {dagbag.py:545} INFO - Filling up the DagBag from /home/airflow/.local/lib/python3.12/site-packages/airflow/example_dags/example_short_circuit_decorator.py
[2024-06-18T02:23:13.714+0000] {processor.py:840} INFO - DAG(s) 'example_short_circuit_decorator' retrieved from /home/airflow/.local/lib/python3.12/site-packages/airflow/example_dags/example_short_circuit_decorator.py
[2024-06-18T02:23:13.785+0000] {logging_mixin.py:188} INFO - [2024-06-18T02:23:13.784+0000] {dag.py:3096} INFO - Sync 1 DAGs
[2024-06-18T02:23:13.842+0000] {logging_mixin.py:188} INFO - [2024-06-18T02:23:13.842+0000] {dag.py:3954} INFO - Setting next_dagrun for example_short_circuit_decorator to 2024-06-17 00:00:00+00:00, run_after=2024-06-18 00:00:00+00:00
[2024-06-18T02:23:13.898+0000] {processor.py:183} INFO - Processing /home/airflow/.local/lib/python3.12/site-packages/airflow/example_dags/example_short_circuit_decorator.py took 0.224 seconds
[2024-06-18T02:23:44.432+0000] {processor.py:161} INFO - Started process (PID=65426) to work on /home/airflow/.local/lib/python3.12/site-packages/airflow/example_dags/example_short_circuit_decorator.py
[2024-06-18T02:23:44.433+0000] {processor.py:830} INFO - Processing file /home/airflow/.local/lib/python3.12/site-packages/airflow/example_dags/example_short_circuit_decorator.py for tasks to queue
[2024-06-18T02:23:44.434+0000] {logging_mixin.py:188} INFO - [2024-06-18T02:23:44.434+0000] {dagbag.py:545} INFO - Filling up the DagBag from /home/airflow/.local/lib/python3.12/site-packages/airflow/example_dags/example_short_circuit_decorator.py
[2024-06-18T02:23:44.459+0000] {processor.py:840} INFO - DAG(s) 'example_short_circuit_decorator' retrieved from /home/airflow/.local/lib/python3.12/site-packages/airflow/example_dags/example_short_circuit_decorator.py
[2024-06-18T02:23:44.502+0000] {logging_mixin.py:188} INFO - [2024-06-18T02:23:44.501+0000] {dag.py:3096} INFO - Sync 1 DAGs
[2024-06-18T02:23:44.543+0000] {logging_mixin.py:188} INFO - [2024-06-18T02:23:44.543+0000] {dag.py:3954} INFO - Setting next_dagrun for example_short_circuit_decorator to 2024-06-17 00:00:00+00:00, run_after=2024-06-18 00:00:00+00:00
[2024-06-18T02:23:44.577+0000] {processor.py:183} INFO - Processing /home/airflow/.local/lib/python3.12/site-packages/airflow/example_dags/example_short_circuit_decorator.py took 0.157 seconds
[2024-06-18T02:24:16.084+0000] {processor.py:161} INFO - Started process (PID=65484) to work on /home/airflow/.local/lib/python3.12/site-packages/airflow/example_dags/example_short_circuit_decorator.py
[2024-06-18T02:24:16.086+0000] {processor.py:830} INFO - Processing file /home/airflow/.local/lib/python3.12/site-packages/airflow/example_dags/example_short_circuit_decorator.py for tasks to queue
[2024-06-18T02:24:16.087+0000] {logging_mixin.py:188} INFO - [2024-06-18T02:24:16.087+0000] {dagbag.py:545} INFO - Filling up the DagBag from /home/airflow/.local/lib/python3.12/site-packages/airflow/example_dags/example_short_circuit_decorator.py
[2024-06-18T02:24:16.101+0000] {processor.py:840} INFO - DAG(s) 'example_short_circuit_decorator' retrieved from /home/airflow/.local/lib/python3.12/site-packages/airflow/example_dags/example_short_circuit_decorator.py
[2024-06-18T02:24:16.141+0000] {logging_mixin.py:188} INFO - [2024-06-18T02:24:16.139+0000] {dag.py:3096} INFO - Sync 1 DAGs
[2024-06-18T02:24:16.189+0000] {logging_mixin.py:188} INFO - [2024-06-18T02:24:16.188+0000] {dag.py:3954} INFO - Setting next_dagrun for example_short_circuit_decorator to 2024-06-17 00:00:00+00:00, run_after=2024-06-18 00:00:00+00:00
[2024-06-18T02:24:16.217+0000] {processor.py:183} INFO - Processing /home/airflow/.local/lib/python3.12/site-packages/airflow/example_dags/example_short_circuit_decorator.py took 0.140 seconds
[2024-06-18T02:24:46.296+0000] {processor.py:161} INFO - Started process (PID=65542) to work on /home/airflow/.local/lib/python3.12/site-packages/airflow/example_dags/example_short_circuit_decorator.py
[2024-06-18T02:24:46.297+0000] {processor.py:830} INFO - Processing file /home/airflow/.local/lib/python3.12/site-packages/airflow/example_dags/example_short_circuit_decorator.py for tasks to queue
[2024-06-18T02:24:46.298+0000] {logging_mixin.py:188} INFO - [2024-06-18T02:24:46.297+0000] {dagbag.py:545} INFO - Filling up the DagBag from /home/airflow/.local/lib/python3.12/site-packages/airflow/example_dags/example_short_circuit_decorator.py
[2024-06-18T02:24:46.310+0000] {processor.py:840} INFO - DAG(s) 'example_short_circuit_decorator' retrieved from /home/airflow/.local/lib/python3.12/site-packages/airflow/example_dags/example_short_circuit_decorator.py
[2024-06-18T02:24:46.340+0000] {logging_mixin.py:188} INFO - [2024-06-18T02:24:46.339+0000] {dag.py:3096} INFO - Sync 1 DAGs
[2024-06-18T02:24:46.366+0000] {logging_mixin.py:188} INFO - [2024-06-18T02:24:46.366+0000] {dag.py:3954} INFO - Setting next_dagrun for example_short_circuit_decorator to 2024-06-17 00:00:00+00:00, run_after=2024-06-18 00:00:00+00:00
[2024-06-18T02:24:46.400+0000] {processor.py:183} INFO - Processing /home/airflow/.local/lib/python3.12/site-packages/airflow/example_dags/example_short_circuit_decorator.py took 0.112 seconds
[2024-06-18T02:25:16.883+0000] {processor.py:161} INFO - Started process (PID=65600) to work on /home/airflow/.local/lib/python3.12/site-packages/airflow/example_dags/example_short_circuit_decorator.py
[2024-06-18T02:25:16.884+0000] {processor.py:830} INFO - Processing file /home/airflow/.local/lib/python3.12/site-packages/airflow/example_dags/example_short_circuit_decorator.py for tasks to queue
[2024-06-18T02:25:16.885+0000] {logging_mixin.py:188} INFO - [2024-06-18T02:25:16.885+0000] {dagbag.py:545} INFO - Filling up the DagBag from /home/airflow/.local/lib/python3.12/site-packages/airflow/example_dags/example_short_circuit_decorator.py
[2024-06-18T02:25:16.902+0000] {processor.py:840} INFO - DAG(s) 'example_short_circuit_decorator' retrieved from /home/airflow/.local/lib/python3.12/site-packages/airflow/example_dags/example_short_circuit_decorator.py
[2024-06-18T02:25:16.930+0000] {logging_mixin.py:188} INFO - [2024-06-18T02:25:16.929+0000] {dag.py:3096} INFO - Sync 1 DAGs
[2024-06-18T02:25:16.953+0000] {logging_mixin.py:188} INFO - [2024-06-18T02:25:16.953+0000] {dag.py:3954} INFO - Setting next_dagrun for example_short_circuit_decorator to 2024-06-17 00:00:00+00:00, run_after=2024-06-18 00:00:00+00:00
[2024-06-18T02:25:16.975+0000] {processor.py:183} INFO - Processing /home/airflow/.local/lib/python3.12/site-packages/airflow/example_dags/example_short_circuit_decorator.py took 0.097 seconds
[2024-06-18T02:25:47.854+0000] {processor.py:161} INFO - Started process (PID=65658) to work on /home/airflow/.local/lib/python3.12/site-packages/airflow/example_dags/example_short_circuit_decorator.py
[2024-06-18T02:25:47.856+0000] {processor.py:830} INFO - Processing file /home/airflow/.local/lib/python3.12/site-packages/airflow/example_dags/example_short_circuit_decorator.py for tasks to queue
[2024-06-18T02:25:47.856+0000] {logging_mixin.py:188} INFO - [2024-06-18T02:25:47.856+0000] {dagbag.py:545} INFO - Filling up the DagBag from /home/airflow/.local/lib/python3.12/site-packages/airflow/example_dags/example_short_circuit_decorator.py
[2024-06-18T02:25:47.867+0000] {processor.py:840} INFO - DAG(s) 'example_short_circuit_decorator' retrieved from /home/airflow/.local/lib/python3.12/site-packages/airflow/example_dags/example_short_circuit_decorator.py
[2024-06-18T02:25:47.892+0000] {logging_mixin.py:188} INFO - [2024-06-18T02:25:47.891+0000] {dag.py:3096} INFO - Sync 1 DAGs
[2024-06-18T02:25:47.920+0000] {logging_mixin.py:188} INFO - [2024-06-18T02:25:47.920+0000] {dag.py:3954} INFO - Setting next_dagrun for example_short_circuit_decorator to 2024-06-17 00:00:00+00:00, run_after=2024-06-18 00:00:00+00:00
[2024-06-18T02:25:47.940+0000] {processor.py:183} INFO - Processing /home/airflow/.local/lib/python3.12/site-packages/airflow/example_dags/example_short_circuit_decorator.py took 0.091 seconds
[2024-06-18T02:26:18.462+0000] {processor.py:161} INFO - Started process (PID=65716) to work on /home/airflow/.local/lib/python3.12/site-packages/airflow/example_dags/example_short_circuit_decorator.py
[2024-06-18T02:26:18.463+0000] {processor.py:830} INFO - Processing file /home/airflow/.local/lib/python3.12/site-packages/airflow/example_dags/example_short_circuit_decorator.py for tasks to queue
[2024-06-18T02:26:18.464+0000] {logging_mixin.py:188} INFO - [2024-06-18T02:26:18.463+0000] {dagbag.py:545} INFO - Filling up the DagBag from /home/airflow/.local/lib/python3.12/site-packages/airflow/example_dags/example_short_circuit_decorator.py
[2024-06-18T02:26:18.474+0000] {processor.py:840} INFO - DAG(s) 'example_short_circuit_decorator' retrieved from /home/airflow/.local/lib/python3.12/site-packages/airflow/example_dags/example_short_circuit_decorator.py
[2024-06-18T02:26:18.497+0000] {logging_mixin.py:188} INFO - [2024-06-18T02:26:18.497+0000] {dag.py:3096} INFO - Sync 1 DAGs
[2024-06-18T02:26:18.528+0000] {logging_mixin.py:188} INFO - [2024-06-18T02:26:18.528+0000] {dag.py:3954} INFO - Setting next_dagrun for example_short_circuit_decorator to 2024-06-17 00:00:00+00:00, run_after=2024-06-18 00:00:00+00:00
[2024-06-18T02:26:18.548+0000] {processor.py:183} INFO - Processing /home/airflow/.local/lib/python3.12/site-packages/airflow/example_dags/example_short_circuit_decorator.py took 0.093 seconds
[2024-06-18T02:26:49.134+0000] {processor.py:161} INFO - Started process (PID=65775) to work on /home/airflow/.local/lib/python3.12/site-packages/airflow/example_dags/example_short_circuit_decorator.py
[2024-06-18T02:26:49.135+0000] {processor.py:830} INFO - Processing file /home/airflow/.local/lib/python3.12/site-packages/airflow/example_dags/example_short_circuit_decorator.py for tasks to queue
[2024-06-18T02:26:49.136+0000] {logging_mixin.py:188} INFO - [2024-06-18T02:26:49.136+0000] {dagbag.py:545} INFO - Filling up the DagBag from /home/airflow/.local/lib/python3.12/site-packages/airflow/example_dags/example_short_circuit_decorator.py
[2024-06-18T02:26:49.149+0000] {processor.py:840} INFO - DAG(s) 'example_short_circuit_decorator' retrieved from /home/airflow/.local/lib/python3.12/site-packages/airflow/example_dags/example_short_circuit_decorator.py
[2024-06-18T02:26:49.183+0000] {logging_mixin.py:188} INFO - [2024-06-18T02:26:49.183+0000] {dag.py:3096} INFO - Sync 1 DAGs
[2024-06-18T02:26:49.220+0000] {logging_mixin.py:188} INFO - [2024-06-18T02:26:49.220+0000] {dag.py:3954} INFO - Setting next_dagrun for example_short_circuit_decorator to 2024-06-17 00:00:00+00:00, run_after=2024-06-18 00:00:00+00:00
[2024-06-18T02:26:49.290+0000] {processor.py:183} INFO - Processing /home/airflow/.local/lib/python3.12/site-packages/airflow/example_dags/example_short_circuit_decorator.py took 0.161 seconds
[2024-06-18T02:27:19.889+0000] {processor.py:161} INFO - Started process (PID=65833) to work on /home/airflow/.local/lib/python3.12/site-packages/airflow/example_dags/example_short_circuit_decorator.py
[2024-06-18T02:27:19.890+0000] {processor.py:830} INFO - Processing file /home/airflow/.local/lib/python3.12/site-packages/airflow/example_dags/example_short_circuit_decorator.py for tasks to queue
[2024-06-18T02:27:19.891+0000] {logging_mixin.py:188} INFO - [2024-06-18T02:27:19.891+0000] {dagbag.py:545} INFO - Filling up the DagBag from /home/airflow/.local/lib/python3.12/site-packages/airflow/example_dags/example_short_circuit_decorator.py
[2024-06-18T02:27:19.902+0000] {processor.py:840} INFO - DAG(s) 'example_short_circuit_decorator' retrieved from /home/airflow/.local/lib/python3.12/site-packages/airflow/example_dags/example_short_circuit_decorator.py
[2024-06-18T02:27:19.927+0000] {logging_mixin.py:188} INFO - [2024-06-18T02:27:19.927+0000] {dag.py:3096} INFO - Sync 1 DAGs
[2024-06-18T02:27:19.950+0000] {logging_mixin.py:188} INFO - [2024-06-18T02:27:19.950+0000] {dag.py:3954} INFO - Setting next_dagrun for example_short_circuit_decorator to 2024-06-17 00:00:00+00:00, run_after=2024-06-18 00:00:00+00:00
[2024-06-18T02:27:19.970+0000] {processor.py:183} INFO - Processing /home/airflow/.local/lib/python3.12/site-packages/airflow/example_dags/example_short_circuit_decorator.py took 0.087 seconds
[2024-06-18T02:27:50.152+0000] {processor.py:161} INFO - Started process (PID=65891) to work on /home/airflow/.local/lib/python3.12/site-packages/airflow/example_dags/example_short_circuit_decorator.py
[2024-06-18T02:27:50.154+0000] {processor.py:830} INFO - Processing file /home/airflow/.local/lib/python3.12/site-packages/airflow/example_dags/example_short_circuit_decorator.py for tasks to queue
[2024-06-18T02:27:50.154+0000] {logging_mixin.py:188} INFO - [2024-06-18T02:27:50.154+0000] {dagbag.py:545} INFO - Filling up the DagBag from /home/airflow/.local/lib/python3.12/site-packages/airflow/example_dags/example_short_circuit_decorator.py
[2024-06-18T02:27:50.165+0000] {processor.py:840} INFO - DAG(s) 'example_short_circuit_decorator' retrieved from /home/airflow/.local/lib/python3.12/site-packages/airflow/example_dags/example_short_circuit_decorator.py
[2024-06-18T02:27:50.190+0000] {logging_mixin.py:188} INFO - [2024-06-18T02:27:50.189+0000] {dag.py:3096} INFO - Sync 1 DAGs
[2024-06-18T02:27:50.213+0000] {logging_mixin.py:188} INFO - [2024-06-18T02:27:50.212+0000] {dag.py:3954} INFO - Setting next_dagrun for example_short_circuit_decorator to 2024-06-17 00:00:00+00:00, run_after=2024-06-18 00:00:00+00:00
[2024-06-18T02:27:50.231+0000] {processor.py:183} INFO - Processing /home/airflow/.local/lib/python3.12/site-packages/airflow/example_dags/example_short_circuit_decorator.py took 0.084 seconds
[2024-06-18T02:28:20.561+0000] {processor.py:161} INFO - Started process (PID=65949) to work on /home/airflow/.local/lib/python3.12/site-packages/airflow/example_dags/example_short_circuit_decorator.py
[2024-06-18T02:28:20.562+0000] {processor.py:830} INFO - Processing file /home/airflow/.local/lib/python3.12/site-packages/airflow/example_dags/example_short_circuit_decorator.py for tasks to queue
[2024-06-18T02:28:20.564+0000] {logging_mixin.py:188} INFO - [2024-06-18T02:28:20.563+0000] {dagbag.py:545} INFO - Filling up the DagBag from /home/airflow/.local/lib/python3.12/site-packages/airflow/example_dags/example_short_circuit_decorator.py
[2024-06-18T02:28:20.575+0000] {processor.py:840} INFO - DAG(s) 'example_short_circuit_decorator' retrieved from /home/airflow/.local/lib/python3.12/site-packages/airflow/example_dags/example_short_circuit_decorator.py
[2024-06-18T02:28:20.605+0000] {logging_mixin.py:188} INFO - [2024-06-18T02:28:20.605+0000] {dag.py:3096} INFO - Sync 1 DAGs
[2024-06-18T02:28:20.641+0000] {logging_mixin.py:188} INFO - [2024-06-18T02:28:20.640+0000] {dag.py:3954} INFO - Setting next_dagrun for example_short_circuit_decorator to 2024-06-17 00:00:00+00:00, run_after=2024-06-18 00:00:00+00:00
[2024-06-18T02:28:20.668+0000] {processor.py:183} INFO - Processing /home/airflow/.local/lib/python3.12/site-packages/airflow/example_dags/example_short_circuit_decorator.py took 0.114 seconds
[2024-06-18T02:28:51.013+0000] {processor.py:161} INFO - Started process (PID=66008) to work on /home/airflow/.local/lib/python3.12/site-packages/airflow/example_dags/example_short_circuit_decorator.py
[2024-06-18T02:28:51.014+0000] {processor.py:830} INFO - Processing file /home/airflow/.local/lib/python3.12/site-packages/airflow/example_dags/example_short_circuit_decorator.py for tasks to queue
[2024-06-18T02:28:51.015+0000] {logging_mixin.py:188} INFO - [2024-06-18T02:28:51.015+0000] {dagbag.py:545} INFO - Filling up the DagBag from /home/airflow/.local/lib/python3.12/site-packages/airflow/example_dags/example_short_circuit_decorator.py
[2024-06-18T02:28:51.028+0000] {processor.py:840} INFO - DAG(s) 'example_short_circuit_decorator' retrieved from /home/airflow/.local/lib/python3.12/site-packages/airflow/example_dags/example_short_circuit_decorator.py
[2024-06-18T02:28:51.065+0000] {logging_mixin.py:188} INFO - [2024-06-18T02:28:51.064+0000] {dag.py:3096} INFO - Sync 1 DAGs
[2024-06-18T02:28:51.093+0000] {logging_mixin.py:188} INFO - [2024-06-18T02:28:51.092+0000] {dag.py:3954} INFO - Setting next_dagrun for example_short_circuit_decorator to 2024-06-17 00:00:00+00:00, run_after=2024-06-18 00:00:00+00:00
[2024-06-18T02:28:51.117+0000] {processor.py:183} INFO - Processing /home/airflow/.local/lib/python3.12/site-packages/airflow/example_dags/example_short_circuit_decorator.py took 0.112 seconds
[2024-06-18T02:29:21.363+0000] {processor.py:161} INFO - Started process (PID=66066) to work on /home/airflow/.local/lib/python3.12/site-packages/airflow/example_dags/example_short_circuit_decorator.py
[2024-06-18T02:29:21.365+0000] {processor.py:830} INFO - Processing file /home/airflow/.local/lib/python3.12/site-packages/airflow/example_dags/example_short_circuit_decorator.py for tasks to queue
[2024-06-18T02:29:21.366+0000] {logging_mixin.py:188} INFO - [2024-06-18T02:29:21.365+0000] {dagbag.py:545} INFO - Filling up the DagBag from /home/airflow/.local/lib/python3.12/site-packages/airflow/example_dags/example_short_circuit_decorator.py
[2024-06-18T02:29:21.380+0000] {processor.py:840} INFO - DAG(s) 'example_short_circuit_decorator' retrieved from /home/airflow/.local/lib/python3.12/site-packages/airflow/example_dags/example_short_circuit_decorator.py
[2024-06-18T02:29:21.411+0000] {logging_mixin.py:188} INFO - [2024-06-18T02:29:21.410+0000] {dag.py:3096} INFO - Sync 1 DAGs
[2024-06-18T02:29:21.441+0000] {logging_mixin.py:188} INFO - [2024-06-18T02:29:21.441+0000] {dag.py:3954} INFO - Setting next_dagrun for example_short_circuit_decorator to 2024-06-17 00:00:00+00:00, run_after=2024-06-18 00:00:00+00:00
[2024-06-18T02:29:21.464+0000] {processor.py:183} INFO - Processing /home/airflow/.local/lib/python3.12/site-packages/airflow/example_dags/example_short_circuit_decorator.py took 0.109 seconds
[2024-06-18T02:29:51.616+0000] {processor.py:161} INFO - Started process (PID=66124) to work on /home/airflow/.local/lib/python3.12/site-packages/airflow/example_dags/example_short_circuit_decorator.py
[2024-06-18T02:29:51.617+0000] {processor.py:830} INFO - Processing file /home/airflow/.local/lib/python3.12/site-packages/airflow/example_dags/example_short_circuit_decorator.py for tasks to queue
[2024-06-18T02:29:51.618+0000] {logging_mixin.py:188} INFO - [2024-06-18T02:29:51.617+0000] {dagbag.py:545} INFO - Filling up the DagBag from /home/airflow/.local/lib/python3.12/site-packages/airflow/example_dags/example_short_circuit_decorator.py
[2024-06-18T02:29:51.628+0000] {processor.py:840} INFO - DAG(s) 'example_short_circuit_decorator' retrieved from /home/airflow/.local/lib/python3.12/site-packages/airflow/example_dags/example_short_circuit_decorator.py
[2024-06-18T02:29:51.651+0000] {logging_mixin.py:188} INFO - [2024-06-18T02:29:51.651+0000] {dag.py:3096} INFO - Sync 1 DAGs
[2024-06-18T02:29:51.672+0000] {logging_mixin.py:188} INFO - [2024-06-18T02:29:51.672+0000] {dag.py:3954} INFO - Setting next_dagrun for example_short_circuit_decorator to 2024-06-17 00:00:00+00:00, run_after=2024-06-18 00:00:00+00:00
[2024-06-18T02:29:51.692+0000] {processor.py:183} INFO - Processing /home/airflow/.local/lib/python3.12/site-packages/airflow/example_dags/example_short_circuit_decorator.py took 0.083 seconds
[2024-06-18T02:30:22.136+0000] {processor.py:161} INFO - Started process (PID=66182) to work on /home/airflow/.local/lib/python3.12/site-packages/airflow/example_dags/example_short_circuit_decorator.py
[2024-06-18T02:30:22.137+0000] {processor.py:830} INFO - Processing file /home/airflow/.local/lib/python3.12/site-packages/airflow/example_dags/example_short_circuit_decorator.py for tasks to queue
[2024-06-18T02:30:22.138+0000] {logging_mixin.py:188} INFO - [2024-06-18T02:30:22.137+0000] {dagbag.py:545} INFO - Filling up the DagBag from /home/airflow/.local/lib/python3.12/site-packages/airflow/example_dags/example_short_circuit_decorator.py
[2024-06-18T02:30:22.149+0000] {processor.py:840} INFO - DAG(s) 'example_short_circuit_decorator' retrieved from /home/airflow/.local/lib/python3.12/site-packages/airflow/example_dags/example_short_circuit_decorator.py
[2024-06-18T02:30:22.173+0000] {logging_mixin.py:188} INFO - [2024-06-18T02:30:22.173+0000] {dag.py:3096} INFO - Sync 1 DAGs
[2024-06-18T02:30:22.200+0000] {logging_mixin.py:188} INFO - [2024-06-18T02:30:22.199+0000] {dag.py:3954} INFO - Setting next_dagrun for example_short_circuit_decorator to 2024-06-17 00:00:00+00:00, run_after=2024-06-18 00:00:00+00:00
[2024-06-18T02:30:22.224+0000] {processor.py:183} INFO - Processing /home/airflow/.local/lib/python3.12/site-packages/airflow/example_dags/example_short_circuit_decorator.py took 0.094 seconds
[2024-06-18T02:30:52.859+0000] {processor.py:161} INFO - Started process (PID=66240) to work on /home/airflow/.local/lib/python3.12/site-packages/airflow/example_dags/example_short_circuit_decorator.py
[2024-06-18T02:30:52.860+0000] {processor.py:830} INFO - Processing file /home/airflow/.local/lib/python3.12/site-packages/airflow/example_dags/example_short_circuit_decorator.py for tasks to queue
[2024-06-18T02:30:52.861+0000] {logging_mixin.py:188} INFO - [2024-06-18T02:30:52.861+0000] {dagbag.py:545} INFO - Filling up the DagBag from /home/airflow/.local/lib/python3.12/site-packages/airflow/example_dags/example_short_circuit_decorator.py
[2024-06-18T02:30:52.873+0000] {processor.py:840} INFO - DAG(s) 'example_short_circuit_decorator' retrieved from /home/airflow/.local/lib/python3.12/site-packages/airflow/example_dags/example_short_circuit_decorator.py
[2024-06-18T02:30:52.898+0000] {logging_mixin.py:188} INFO - [2024-06-18T02:30:52.898+0000] {dag.py:3096} INFO - Sync 1 DAGs
[2024-06-18T02:30:52.926+0000] {logging_mixin.py:188} INFO - [2024-06-18T02:30:52.926+0000] {dag.py:3954} INFO - Setting next_dagrun for example_short_circuit_decorator to 2024-06-17 00:00:00+00:00, run_after=2024-06-18 00:00:00+00:00
[2024-06-18T02:30:52.948+0000] {processor.py:183} INFO - Processing /home/airflow/.local/lib/python3.12/site-packages/airflow/example_dags/example_short_circuit_decorator.py took 0.095 seconds
[2024-06-18T02:31:23.187+0000] {processor.py:161} INFO - Started process (PID=66298) to work on /home/airflow/.local/lib/python3.12/site-packages/airflow/example_dags/example_short_circuit_decorator.py
[2024-06-18T02:31:23.189+0000] {processor.py:830} INFO - Processing file /home/airflow/.local/lib/python3.12/site-packages/airflow/example_dags/example_short_circuit_decorator.py for tasks to queue
[2024-06-18T02:31:23.190+0000] {logging_mixin.py:188} INFO - [2024-06-18T02:31:23.189+0000] {dagbag.py:545} INFO - Filling up the DagBag from /home/airflow/.local/lib/python3.12/site-packages/airflow/example_dags/example_short_circuit_decorator.py
[2024-06-18T02:31:23.202+0000] {processor.py:840} INFO - DAG(s) 'example_short_circuit_decorator' retrieved from /home/airflow/.local/lib/python3.12/site-packages/airflow/example_dags/example_short_circuit_decorator.py
[2024-06-18T02:31:23.227+0000] {logging_mixin.py:188} INFO - [2024-06-18T02:31:23.227+0000] {dag.py:3096} INFO - Sync 1 DAGs
[2024-06-18T02:31:23.257+0000] {logging_mixin.py:188} INFO - [2024-06-18T02:31:23.257+0000] {dag.py:3954} INFO - Setting next_dagrun for example_short_circuit_decorator to 2024-06-17 00:00:00+00:00, run_after=2024-06-18 00:00:00+00:00
[2024-06-18T02:31:23.280+0000] {processor.py:183} INFO - Processing /home/airflow/.local/lib/python3.12/site-packages/airflow/example_dags/example_short_circuit_decorator.py took 0.101 seconds
[2024-06-18T02:31:53.752+0000] {processor.py:161} INFO - Started process (PID=66356) to work on /home/airflow/.local/lib/python3.12/site-packages/airflow/example_dags/example_short_circuit_decorator.py
[2024-06-18T02:31:53.753+0000] {processor.py:830} INFO - Processing file /home/airflow/.local/lib/python3.12/site-packages/airflow/example_dags/example_short_circuit_decorator.py for tasks to queue
[2024-06-18T02:31:53.754+0000] {logging_mixin.py:188} INFO - [2024-06-18T02:31:53.754+0000] {dagbag.py:545} INFO - Filling up the DagBag from /home/airflow/.local/lib/python3.12/site-packages/airflow/example_dags/example_short_circuit_decorator.py
[2024-06-18T02:31:53.765+0000] {processor.py:840} INFO - DAG(s) 'example_short_circuit_decorator' retrieved from /home/airflow/.local/lib/python3.12/site-packages/airflow/example_dags/example_short_circuit_decorator.py
[2024-06-18T02:31:53.788+0000] {logging_mixin.py:188} INFO - [2024-06-18T02:31:53.788+0000] {dag.py:3096} INFO - Sync 1 DAGs
[2024-06-18T02:31:53.814+0000] {logging_mixin.py:188} INFO - [2024-06-18T02:31:53.813+0000] {dag.py:3954} INFO - Setting next_dagrun for example_short_circuit_decorator to 2024-06-17 00:00:00+00:00, run_after=2024-06-18 00:00:00+00:00
[2024-06-18T02:31:53.833+0000] {processor.py:183} INFO - Processing /home/airflow/.local/lib/python3.12/site-packages/airflow/example_dags/example_short_circuit_decorator.py took 0.087 seconds
[2024-06-18T02:32:24.744+0000] {processor.py:161} INFO - Started process (PID=66414) to work on /home/airflow/.local/lib/python3.12/site-packages/airflow/example_dags/example_short_circuit_decorator.py
[2024-06-18T02:32:24.745+0000] {processor.py:830} INFO - Processing file /home/airflow/.local/lib/python3.12/site-packages/airflow/example_dags/example_short_circuit_decorator.py for tasks to queue
[2024-06-18T02:32:24.746+0000] {logging_mixin.py:188} INFO - [2024-06-18T02:32:24.745+0000] {dagbag.py:545} INFO - Filling up the DagBag from /home/airflow/.local/lib/python3.12/site-packages/airflow/example_dags/example_short_circuit_decorator.py
[2024-06-18T02:32:24.756+0000] {processor.py:840} INFO - DAG(s) 'example_short_circuit_decorator' retrieved from /home/airflow/.local/lib/python3.12/site-packages/airflow/example_dags/example_short_circuit_decorator.py
[2024-06-18T02:32:24.785+0000] {logging_mixin.py:188} INFO - [2024-06-18T02:32:24.785+0000] {dag.py:3096} INFO - Sync 1 DAGs
[2024-06-18T02:32:24.809+0000] {logging_mixin.py:188} INFO - [2024-06-18T02:32:24.809+0000] {dag.py:3954} INFO - Setting next_dagrun for example_short_circuit_decorator to 2024-06-17 00:00:00+00:00, run_after=2024-06-18 00:00:00+00:00
[2024-06-18T02:32:24.827+0000] {processor.py:183} INFO - Processing /home/airflow/.local/lib/python3.12/site-packages/airflow/example_dags/example_short_circuit_decorator.py took 0.090 seconds
[2024-06-18T02:32:55.238+0000] {processor.py:161} INFO - Started process (PID=66472) to work on /home/airflow/.local/lib/python3.12/site-packages/airflow/example_dags/example_short_circuit_decorator.py
[2024-06-18T02:32:55.240+0000] {processor.py:830} INFO - Processing file /home/airflow/.local/lib/python3.12/site-packages/airflow/example_dags/example_short_circuit_decorator.py for tasks to queue
[2024-06-18T02:32:55.241+0000] {logging_mixin.py:188} INFO - [2024-06-18T02:32:55.240+0000] {dagbag.py:545} INFO - Filling up the DagBag from /home/airflow/.local/lib/python3.12/site-packages/airflow/example_dags/example_short_circuit_decorator.py
[2024-06-18T02:32:55.252+0000] {processor.py:840} INFO - DAG(s) 'example_short_circuit_decorator' retrieved from /home/airflow/.local/lib/python3.12/site-packages/airflow/example_dags/example_short_circuit_decorator.py
[2024-06-18T02:32:55.279+0000] {logging_mixin.py:188} INFO - [2024-06-18T02:32:55.279+0000] {dag.py:3096} INFO - Sync 1 DAGs
[2024-06-18T02:32:55.314+0000] {logging_mixin.py:188} INFO - [2024-06-18T02:32:55.314+0000] {dag.py:3954} INFO - Setting next_dagrun for example_short_circuit_decorator to 2024-06-17 00:00:00+00:00, run_after=2024-06-18 00:00:00+00:00
[2024-06-18T02:32:55.335+0000] {processor.py:183} INFO - Processing /home/airflow/.local/lib/python3.12/site-packages/airflow/example_dags/example_short_circuit_decorator.py took 0.106 seconds
[2024-06-18T02:33:26.186+0000] {processor.py:161} INFO - Started process (PID=66530) to work on /home/airflow/.local/lib/python3.12/site-packages/airflow/example_dags/example_short_circuit_decorator.py
[2024-06-18T02:33:26.187+0000] {processor.py:830} INFO - Processing file /home/airflow/.local/lib/python3.12/site-packages/airflow/example_dags/example_short_circuit_decorator.py for tasks to queue
[2024-06-18T02:33:26.188+0000] {logging_mixin.py:188} INFO - [2024-06-18T02:33:26.188+0000] {dagbag.py:545} INFO - Filling up the DagBag from /home/airflow/.local/lib/python3.12/site-packages/airflow/example_dags/example_short_circuit_decorator.py
[2024-06-18T02:33:26.204+0000] {processor.py:840} INFO - DAG(s) 'example_short_circuit_decorator' retrieved from /home/airflow/.local/lib/python3.12/site-packages/airflow/example_dags/example_short_circuit_decorator.py
[2024-06-18T02:33:26.232+0000] {logging_mixin.py:188} INFO - [2024-06-18T02:33:26.232+0000] {dag.py:3096} INFO - Sync 1 DAGs
[2024-06-18T02:33:26.262+0000] {logging_mixin.py:188} INFO - [2024-06-18T02:33:26.261+0000] {dag.py:3954} INFO - Setting next_dagrun for example_short_circuit_decorator to 2024-06-17 00:00:00+00:00, run_after=2024-06-18 00:00:00+00:00
[2024-06-18T02:33:26.286+0000] {processor.py:183} INFO - Processing /home/airflow/.local/lib/python3.12/site-packages/airflow/example_dags/example_short_circuit_decorator.py took 0.108 seconds
[2024-06-18T02:33:56.475+0000] {processor.py:161} INFO - Started process (PID=66588) to work on /home/airflow/.local/lib/python3.12/site-packages/airflow/example_dags/example_short_circuit_decorator.py
[2024-06-18T02:33:56.477+0000] {processor.py:830} INFO - Processing file /home/airflow/.local/lib/python3.12/site-packages/airflow/example_dags/example_short_circuit_decorator.py for tasks to queue
[2024-06-18T02:33:56.478+0000] {logging_mixin.py:188} INFO - [2024-06-18T02:33:56.477+0000] {dagbag.py:545} INFO - Filling up the DagBag from /home/airflow/.local/lib/python3.12/site-packages/airflow/example_dags/example_short_circuit_decorator.py
[2024-06-18T02:33:56.487+0000] {processor.py:840} INFO - DAG(s) 'example_short_circuit_decorator' retrieved from /home/airflow/.local/lib/python3.12/site-packages/airflow/example_dags/example_short_circuit_decorator.py
[2024-06-18T02:33:56.515+0000] {logging_mixin.py:188} INFO - [2024-06-18T02:33:56.514+0000] {dag.py:3096} INFO - Sync 1 DAGs
[2024-06-18T02:33:56.536+0000] {logging_mixin.py:188} INFO - [2024-06-18T02:33:56.536+0000] {dag.py:3954} INFO - Setting next_dagrun for example_short_circuit_decorator to 2024-06-17 00:00:00+00:00, run_after=2024-06-18 00:00:00+00:00
[2024-06-18T02:33:56.555+0000] {processor.py:183} INFO - Processing /home/airflow/.local/lib/python3.12/site-packages/airflow/example_dags/example_short_circuit_decorator.py took 0.086 seconds
[2024-06-18T02:34:26.988+0000] {processor.py:161} INFO - Started process (PID=66646) to work on /home/airflow/.local/lib/python3.12/site-packages/airflow/example_dags/example_short_circuit_decorator.py
[2024-06-18T02:34:26.990+0000] {processor.py:830} INFO - Processing file /home/airflow/.local/lib/python3.12/site-packages/airflow/example_dags/example_short_circuit_decorator.py for tasks to queue
[2024-06-18T02:34:26.991+0000] {logging_mixin.py:188} INFO - [2024-06-18T02:34:26.990+0000] {dagbag.py:545} INFO - Filling up the DagBag from /home/airflow/.local/lib/python3.12/site-packages/airflow/example_dags/example_short_circuit_decorator.py
[2024-06-18T02:34:27.000+0000] {processor.py:840} INFO - DAG(s) 'example_short_circuit_decorator' retrieved from /home/airflow/.local/lib/python3.12/site-packages/airflow/example_dags/example_short_circuit_decorator.py
[2024-06-18T02:34:27.023+0000] {logging_mixin.py:188} INFO - [2024-06-18T02:34:27.023+0000] {dag.py:3096} INFO - Sync 1 DAGs
[2024-06-18T02:34:27.048+0000] {logging_mixin.py:188} INFO - [2024-06-18T02:34:27.048+0000] {dag.py:3954} INFO - Setting next_dagrun for example_short_circuit_decorator to 2024-06-17 00:00:00+00:00, run_after=2024-06-18 00:00:00+00:00
[2024-06-18T02:34:27.074+0000] {processor.py:183} INFO - Processing /home/airflow/.local/lib/python3.12/site-packages/airflow/example_dags/example_short_circuit_decorator.py took 0.091 seconds
[2024-06-18T02:34:57.297+0000] {processor.py:161} INFO - Started process (PID=66704) to work on /home/airflow/.local/lib/python3.12/site-packages/airflow/example_dags/example_short_circuit_decorator.py
[2024-06-18T02:34:57.298+0000] {processor.py:830} INFO - Processing file /home/airflow/.local/lib/python3.12/site-packages/airflow/example_dags/example_short_circuit_decorator.py for tasks to queue
[2024-06-18T02:34:57.299+0000] {logging_mixin.py:188} INFO - [2024-06-18T02:34:57.299+0000] {dagbag.py:545} INFO - Filling up the DagBag from /home/airflow/.local/lib/python3.12/site-packages/airflow/example_dags/example_short_circuit_decorator.py
[2024-06-18T02:34:57.310+0000] {processor.py:840} INFO - DAG(s) 'example_short_circuit_decorator' retrieved from /home/airflow/.local/lib/python3.12/site-packages/airflow/example_dags/example_short_circuit_decorator.py
[2024-06-18T02:34:57.334+0000] {logging_mixin.py:188} INFO - [2024-06-18T02:34:57.334+0000] {dag.py:3096} INFO - Sync 1 DAGs
[2024-06-18T02:34:57.355+0000] {logging_mixin.py:188} INFO - [2024-06-18T02:34:57.355+0000] {dag.py:3954} INFO - Setting next_dagrun for example_short_circuit_decorator to 2024-06-17 00:00:00+00:00, run_after=2024-06-18 00:00:00+00:00
[2024-06-18T02:34:57.376+0000] {processor.py:183} INFO - Processing /home/airflow/.local/lib/python3.12/site-packages/airflow/example_dags/example_short_circuit_decorator.py took 0.084 seconds
[2024-06-18T02:35:27.700+0000] {processor.py:161} INFO - Started process (PID=66762) to work on /home/airflow/.local/lib/python3.12/site-packages/airflow/example_dags/example_short_circuit_decorator.py
[2024-06-18T02:35:27.702+0000] {processor.py:830} INFO - Processing file /home/airflow/.local/lib/python3.12/site-packages/airflow/example_dags/example_short_circuit_decorator.py for tasks to queue
[2024-06-18T02:35:27.703+0000] {logging_mixin.py:188} INFO - [2024-06-18T02:35:27.702+0000] {dagbag.py:545} INFO - Filling up the DagBag from /home/airflow/.local/lib/python3.12/site-packages/airflow/example_dags/example_short_circuit_decorator.py
[2024-06-18T02:35:27.714+0000] {processor.py:840} INFO - DAG(s) 'example_short_circuit_decorator' retrieved from /home/airflow/.local/lib/python3.12/site-packages/airflow/example_dags/example_short_circuit_decorator.py
[2024-06-18T02:35:27.744+0000] {logging_mixin.py:188} INFO - [2024-06-18T02:35:27.744+0000] {dag.py:3096} INFO - Sync 1 DAGs
[2024-06-18T02:35:27.775+0000] {logging_mixin.py:188} INFO - [2024-06-18T02:35:27.775+0000] {dag.py:3954} INFO - Setting next_dagrun for example_short_circuit_decorator to 2024-06-17 00:00:00+00:00, run_after=2024-06-18 00:00:00+00:00
[2024-06-18T02:35:27.795+0000] {processor.py:183} INFO - Processing /home/airflow/.local/lib/python3.12/site-packages/airflow/example_dags/example_short_circuit_decorator.py took 0.101 seconds
[2024-06-18T02:35:57.822+0000] {processor.py:161} INFO - Started process (PID=66820) to work on /home/airflow/.local/lib/python3.12/site-packages/airflow/example_dags/example_short_circuit_decorator.py
[2024-06-18T02:35:57.823+0000] {processor.py:830} INFO - Processing file /home/airflow/.local/lib/python3.12/site-packages/airflow/example_dags/example_short_circuit_decorator.py for tasks to queue
[2024-06-18T02:35:57.824+0000] {logging_mixin.py:188} INFO - [2024-06-18T02:35:57.824+0000] {dagbag.py:545} INFO - Filling up the DagBag from /home/airflow/.local/lib/python3.12/site-packages/airflow/example_dags/example_short_circuit_decorator.py
[2024-06-18T02:35:57.834+0000] {processor.py:840} INFO - DAG(s) 'example_short_circuit_decorator' retrieved from /home/airflow/.local/lib/python3.12/site-packages/airflow/example_dags/example_short_circuit_decorator.py
[2024-06-18T02:35:57.856+0000] {logging_mixin.py:188} INFO - [2024-06-18T02:35:57.856+0000] {dag.py:3096} INFO - Sync 1 DAGs
[2024-06-18T02:35:57.879+0000] {logging_mixin.py:188} INFO - [2024-06-18T02:35:57.879+0000] {dag.py:3954} INFO - Setting next_dagrun for example_short_circuit_decorator to 2024-06-17 00:00:00+00:00, run_after=2024-06-18 00:00:00+00:00
[2024-06-18T02:35:57.905+0000] {processor.py:183} INFO - Processing /home/airflow/.local/lib/python3.12/site-packages/airflow/example_dags/example_short_circuit_decorator.py took 0.088 seconds
[2024-06-18T02:36:28.850+0000] {processor.py:161} INFO - Started process (PID=66878) to work on /home/airflow/.local/lib/python3.12/site-packages/airflow/example_dags/example_short_circuit_decorator.py
[2024-06-18T02:36:28.852+0000] {processor.py:830} INFO - Processing file /home/airflow/.local/lib/python3.12/site-packages/airflow/example_dags/example_short_circuit_decorator.py for tasks to queue
[2024-06-18T02:36:28.852+0000] {logging_mixin.py:188} INFO - [2024-06-18T02:36:28.852+0000] {dagbag.py:545} INFO - Filling up the DagBag from /home/airflow/.local/lib/python3.12/site-packages/airflow/example_dags/example_short_circuit_decorator.py
[2024-06-18T02:36:28.866+0000] {processor.py:840} INFO - DAG(s) 'example_short_circuit_decorator' retrieved from /home/airflow/.local/lib/python3.12/site-packages/airflow/example_dags/example_short_circuit_decorator.py
[2024-06-18T02:36:28.897+0000] {logging_mixin.py:188} INFO - [2024-06-18T02:36:28.896+0000] {dag.py:3096} INFO - Sync 1 DAGs
[2024-06-18T02:36:28.925+0000] {logging_mixin.py:188} INFO - [2024-06-18T02:36:28.925+0000] {dag.py:3954} INFO - Setting next_dagrun for example_short_circuit_decorator to 2024-06-17 00:00:00+00:00, run_after=2024-06-18 00:00:00+00:00
[2024-06-18T02:36:28.950+0000] {processor.py:183} INFO - Processing /home/airflow/.local/lib/python3.12/site-packages/airflow/example_dags/example_short_circuit_decorator.py took 0.107 seconds
[2024-06-18T02:36:58.983+0000] {processor.py:161} INFO - Started process (PID=66935) to work on /home/airflow/.local/lib/python3.12/site-packages/airflow/example_dags/example_short_circuit_decorator.py
[2024-06-18T02:36:58.985+0000] {processor.py:830} INFO - Processing file /home/airflow/.local/lib/python3.12/site-packages/airflow/example_dags/example_short_circuit_decorator.py for tasks to queue
[2024-06-18T02:36:58.986+0000] {logging_mixin.py:188} INFO - [2024-06-18T02:36:58.985+0000] {dagbag.py:545} INFO - Filling up the DagBag from /home/airflow/.local/lib/python3.12/site-packages/airflow/example_dags/example_short_circuit_decorator.py
[2024-06-18T02:36:58.994+0000] {processor.py:840} INFO - DAG(s) 'example_short_circuit_decorator' retrieved from /home/airflow/.local/lib/python3.12/site-packages/airflow/example_dags/example_short_circuit_decorator.py
[2024-06-18T02:36:59.017+0000] {logging_mixin.py:188} INFO - [2024-06-18T02:36:59.016+0000] {dag.py:3096} INFO - Sync 1 DAGs
[2024-06-18T02:36:59.038+0000] {logging_mixin.py:188} INFO - [2024-06-18T02:36:59.038+0000] {dag.py:3954} INFO - Setting next_dagrun for example_short_circuit_decorator to 2024-06-17 00:00:00+00:00, run_after=2024-06-18 00:00:00+00:00
[2024-06-18T02:36:59.060+0000] {processor.py:183} INFO - Processing /home/airflow/.local/lib/python3.12/site-packages/airflow/example_dags/example_short_circuit_decorator.py took 0.082 seconds
[2024-06-18T02:37:29.800+0000] {processor.py:161} INFO - Started process (PID=66993) to work on /home/airflow/.local/lib/python3.12/site-packages/airflow/example_dags/example_short_circuit_decorator.py
[2024-06-18T02:37:29.801+0000] {processor.py:830} INFO - Processing file /home/airflow/.local/lib/python3.12/site-packages/airflow/example_dags/example_short_circuit_decorator.py for tasks to queue
[2024-06-18T02:37:29.802+0000] {logging_mixin.py:188} INFO - [2024-06-18T02:37:29.802+0000] {dagbag.py:545} INFO - Filling up the DagBag from /home/airflow/.local/lib/python3.12/site-packages/airflow/example_dags/example_short_circuit_decorator.py
[2024-06-18T02:37:29.812+0000] {processor.py:840} INFO - DAG(s) 'example_short_circuit_decorator' retrieved from /home/airflow/.local/lib/python3.12/site-packages/airflow/example_dags/example_short_circuit_decorator.py
[2024-06-18T02:37:29.842+0000] {logging_mixin.py:188} INFO - [2024-06-18T02:37:29.841+0000] {dag.py:3096} INFO - Sync 1 DAGs
[2024-06-18T02:37:29.870+0000] {logging_mixin.py:188} INFO - [2024-06-18T02:37:29.870+0000] {dag.py:3954} INFO - Setting next_dagrun for example_short_circuit_decorator to 2024-06-17 00:00:00+00:00, run_after=2024-06-18 00:00:00+00:00
[2024-06-18T02:37:29.890+0000] {processor.py:183} INFO - Processing /home/airflow/.local/lib/python3.12/site-packages/airflow/example_dags/example_short_circuit_decorator.py took 0.095 seconds
[2024-06-18T02:37:59.961+0000] {processor.py:161} INFO - Started process (PID=67051) to work on /home/airflow/.local/lib/python3.12/site-packages/airflow/example_dags/example_short_circuit_decorator.py
[2024-06-18T02:37:59.963+0000] {processor.py:830} INFO - Processing file /home/airflow/.local/lib/python3.12/site-packages/airflow/example_dags/example_short_circuit_decorator.py for tasks to queue
[2024-06-18T02:37:59.964+0000] {logging_mixin.py:188} INFO - [2024-06-18T02:37:59.963+0000] {dagbag.py:545} INFO - Filling up the DagBag from /home/airflow/.local/lib/python3.12/site-packages/airflow/example_dags/example_short_circuit_decorator.py
[2024-06-18T02:37:59.976+0000] {processor.py:840} INFO - DAG(s) 'example_short_circuit_decorator' retrieved from /home/airflow/.local/lib/python3.12/site-packages/airflow/example_dags/example_short_circuit_decorator.py
[2024-06-18T02:38:00.015+0000] {logging_mixin.py:188} INFO - [2024-06-18T02:38:00.014+0000] {dag.py:3096} INFO - Sync 1 DAGs
[2024-06-18T02:38:00.062+0000] {logging_mixin.py:188} INFO - [2024-06-18T02:38:00.062+0000] {dag.py:3954} INFO - Setting next_dagrun for example_short_circuit_decorator to 2024-06-17 00:00:00+00:00, run_after=2024-06-18 00:00:00+00:00
[2024-06-18T02:38:00.083+0000] {processor.py:183} INFO - Processing /home/airflow/.local/lib/python3.12/site-packages/airflow/example_dags/example_short_circuit_decorator.py took 0.128 seconds
[2024-06-18T02:38:30.222+0000] {processor.py:161} INFO - Started process (PID=67109) to work on /home/airflow/.local/lib/python3.12/site-packages/airflow/example_dags/example_short_circuit_decorator.py
[2024-06-18T02:38:30.224+0000] {processor.py:830} INFO - Processing file /home/airflow/.local/lib/python3.12/site-packages/airflow/example_dags/example_short_circuit_decorator.py for tasks to queue
[2024-06-18T02:38:30.225+0000] {logging_mixin.py:188} INFO - [2024-06-18T02:38:30.225+0000] {dagbag.py:545} INFO - Filling up the DagBag from /home/airflow/.local/lib/python3.12/site-packages/airflow/example_dags/example_short_circuit_decorator.py
[2024-06-18T02:38:30.234+0000] {processor.py:840} INFO - DAG(s) 'example_short_circuit_decorator' retrieved from /home/airflow/.local/lib/python3.12/site-packages/airflow/example_dags/example_short_circuit_decorator.py
[2024-06-18T02:38:30.257+0000] {logging_mixin.py:188} INFO - [2024-06-18T02:38:30.257+0000] {dag.py:3096} INFO - Sync 1 DAGs
[2024-06-18T02:38:30.277+0000] {logging_mixin.py:188} INFO - [2024-06-18T02:38:30.277+0000] {dag.py:3954} INFO - Setting next_dagrun for example_short_circuit_decorator to 2024-06-17 00:00:00+00:00, run_after=2024-06-18 00:00:00+00:00
[2024-06-18T02:38:30.295+0000] {processor.py:183} INFO - Processing /home/airflow/.local/lib/python3.12/site-packages/airflow/example_dags/example_short_circuit_decorator.py took 0.079 seconds
[2024-06-18T02:39:00.367+0000] {processor.py:161} INFO - Started process (PID=67167) to work on /home/airflow/.local/lib/python3.12/site-packages/airflow/example_dags/example_short_circuit_decorator.py
[2024-06-18T02:39:00.369+0000] {processor.py:830} INFO - Processing file /home/airflow/.local/lib/python3.12/site-packages/airflow/example_dags/example_short_circuit_decorator.py for tasks to queue
[2024-06-18T02:39:00.370+0000] {logging_mixin.py:188} INFO - [2024-06-18T02:39:00.369+0000] {dagbag.py:545} INFO - Filling up the DagBag from /home/airflow/.local/lib/python3.12/site-packages/airflow/example_dags/example_short_circuit_decorator.py
[2024-06-18T02:39:00.383+0000] {processor.py:840} INFO - DAG(s) 'example_short_circuit_decorator' retrieved from /home/airflow/.local/lib/python3.12/site-packages/airflow/example_dags/example_short_circuit_decorator.py
[2024-06-18T02:39:00.416+0000] {logging_mixin.py:188} INFO - [2024-06-18T02:39:00.415+0000] {dag.py:3096} INFO - Sync 1 DAGs
[2024-06-18T02:39:00.442+0000] {logging_mixin.py:188} INFO - [2024-06-18T02:39:00.442+0000] {dag.py:3954} INFO - Setting next_dagrun for example_short_circuit_decorator to 2024-06-17 00:00:00+00:00, run_after=2024-06-18 00:00:00+00:00
[2024-06-18T02:39:00.465+0000] {processor.py:183} INFO - Processing /home/airflow/.local/lib/python3.12/site-packages/airflow/example_dags/example_short_circuit_decorator.py took 0.105 seconds
[2024-06-18T02:39:30.598+0000] {processor.py:161} INFO - Started process (PID=67226) to work on /home/airflow/.local/lib/python3.12/site-packages/airflow/example_dags/example_short_circuit_decorator.py
[2024-06-18T02:39:30.603+0000] {processor.py:830} INFO - Processing file /home/airflow/.local/lib/python3.12/site-packages/airflow/example_dags/example_short_circuit_decorator.py for tasks to queue
[2024-06-18T02:39:30.604+0000] {logging_mixin.py:188} INFO - [2024-06-18T02:39:30.604+0000] {dagbag.py:545} INFO - Filling up the DagBag from /home/airflow/.local/lib/python3.12/site-packages/airflow/example_dags/example_short_circuit_decorator.py
[2024-06-18T02:39:30.624+0000] {processor.py:840} INFO - DAG(s) 'example_short_circuit_decorator' retrieved from /home/airflow/.local/lib/python3.12/site-packages/airflow/example_dags/example_short_circuit_decorator.py
[2024-06-18T02:39:30.649+0000] {logging_mixin.py:188} INFO - [2024-06-18T02:39:30.649+0000] {dag.py:3096} INFO - Sync 1 DAGs
[2024-06-18T02:39:30.675+0000] {logging_mixin.py:188} INFO - [2024-06-18T02:39:30.675+0000] {dag.py:3954} INFO - Setting next_dagrun for example_short_circuit_decorator to 2024-06-17 00:00:00+00:00, run_after=2024-06-18 00:00:00+00:00
[2024-06-18T02:39:30.696+0000] {processor.py:183} INFO - Processing /home/airflow/.local/lib/python3.12/site-packages/airflow/example_dags/example_short_circuit_decorator.py took 0.107 seconds
[2024-06-18T02:40:43.775+0000] {processor.py:161} INFO - Started process (PID=67296) to work on /home/airflow/.local/lib/python3.12/site-packages/airflow/example_dags/example_short_circuit_decorator.py
[2024-06-18T02:40:43.777+0000] {processor.py:830} INFO - Processing file /home/airflow/.local/lib/python3.12/site-packages/airflow/example_dags/example_short_circuit_decorator.py for tasks to queue
[2024-06-18T02:40:43.778+0000] {logging_mixin.py:188} INFO - [2024-06-18T02:40:43.778+0000] {dagbag.py:545} INFO - Filling up the DagBag from /home/airflow/.local/lib/python3.12/site-packages/airflow/example_dags/example_short_circuit_decorator.py
[2024-06-18T02:40:43.792+0000] {processor.py:840} INFO - DAG(s) 'example_short_circuit_decorator' retrieved from /home/airflow/.local/lib/python3.12/site-packages/airflow/example_dags/example_short_circuit_decorator.py
[2024-06-18T02:40:43.842+0000] {logging_mixin.py:188} INFO - [2024-06-18T02:40:43.842+0000] {dag.py:3096} INFO - Sync 1 DAGs
[2024-06-18T02:40:43.902+0000] {logging_mixin.py:188} INFO - [2024-06-18T02:40:43.900+0000] {dag.py:3954} INFO - Setting next_dagrun for example_short_circuit_decorator to 2024-06-17 00:00:00+00:00, run_after=2024-06-18 00:00:00+00:00
[2024-06-18T02:40:44.124+0000] {processor.py:183} INFO - Processing /home/airflow/.local/lib/python3.12/site-packages/airflow/example_dags/example_short_circuit_decorator.py took 0.357 seconds
[2024-06-18T02:53:09.238+0000] {processor.py:161} INFO - Started process (PID=67354) to work on /home/airflow/.local/lib/python3.12/site-packages/airflow/example_dags/example_short_circuit_decorator.py
[2024-06-18T02:53:09.242+0000] {processor.py:830} INFO - Processing file /home/airflow/.local/lib/python3.12/site-packages/airflow/example_dags/example_short_circuit_decorator.py for tasks to queue
[2024-06-18T02:53:09.243+0000] {logging_mixin.py:188} INFO - [2024-06-18T02:53:09.243+0000] {dagbag.py:545} INFO - Filling up the DagBag from /home/airflow/.local/lib/python3.12/site-packages/airflow/example_dags/example_short_circuit_decorator.py
[2024-06-18T02:53:09.257+0000] {processor.py:840} INFO - DAG(s) 'example_short_circuit_decorator' retrieved from /home/airflow/.local/lib/python3.12/site-packages/airflow/example_dags/example_short_circuit_decorator.py
[2024-06-18T02:53:09.296+0000] {logging_mixin.py:188} INFO - [2024-06-18T02:53:09.296+0000] {dag.py:3096} INFO - Sync 1 DAGs
[2024-06-18T02:53:09.328+0000] {logging_mixin.py:188} INFO - [2024-06-18T02:53:09.328+0000] {dag.py:3954} INFO - Setting next_dagrun for example_short_circuit_decorator to 2024-06-17 00:00:00+00:00, run_after=2024-06-18 00:00:00+00:00
[2024-06-18T02:53:09.357+0000] {processor.py:183} INFO - Processing /home/airflow/.local/lib/python3.12/site-packages/airflow/example_dags/example_short_circuit_decorator.py took 0.127 seconds
[2024-06-18T02:53:39.430+0000] {processor.py:161} INFO - Started process (PID=67412) to work on /home/airflow/.local/lib/python3.12/site-packages/airflow/example_dags/example_short_circuit_decorator.py
[2024-06-18T02:53:39.431+0000] {processor.py:830} INFO - Processing file /home/airflow/.local/lib/python3.12/site-packages/airflow/example_dags/example_short_circuit_decorator.py for tasks to queue
[2024-06-18T02:53:39.432+0000] {logging_mixin.py:188} INFO - [2024-06-18T02:53:39.431+0000] {dagbag.py:545} INFO - Filling up the DagBag from /home/airflow/.local/lib/python3.12/site-packages/airflow/example_dags/example_short_circuit_decorator.py
[2024-06-18T02:53:39.444+0000] {processor.py:840} INFO - DAG(s) 'example_short_circuit_decorator' retrieved from /home/airflow/.local/lib/python3.12/site-packages/airflow/example_dags/example_short_circuit_decorator.py
[2024-06-18T02:53:39.470+0000] {logging_mixin.py:188} INFO - [2024-06-18T02:53:39.469+0000] {dag.py:3096} INFO - Sync 1 DAGs
[2024-06-18T02:53:39.493+0000] {logging_mixin.py:188} INFO - [2024-06-18T02:53:39.493+0000] {dag.py:3954} INFO - Setting next_dagrun for example_short_circuit_decorator to 2024-06-17 00:00:00+00:00, run_after=2024-06-18 00:00:00+00:00
[2024-06-18T02:53:39.514+0000] {processor.py:183} INFO - Processing /home/airflow/.local/lib/python3.12/site-packages/airflow/example_dags/example_short_circuit_decorator.py took 0.091 seconds
[2024-06-18T02:54:09.786+0000] {processor.py:161} INFO - Started process (PID=67470) to work on /home/airflow/.local/lib/python3.12/site-packages/airflow/example_dags/example_short_circuit_decorator.py
[2024-06-18T02:54:09.787+0000] {processor.py:830} INFO - Processing file /home/airflow/.local/lib/python3.12/site-packages/airflow/example_dags/example_short_circuit_decorator.py for tasks to queue
[2024-06-18T02:54:09.787+0000] {logging_mixin.py:188} INFO - [2024-06-18T02:54:09.787+0000] {dagbag.py:545} INFO - Filling up the DagBag from /home/airflow/.local/lib/python3.12/site-packages/airflow/example_dags/example_short_circuit_decorator.py
[2024-06-18T02:54:09.796+0000] {processor.py:840} INFO - DAG(s) 'example_short_circuit_decorator' retrieved from /home/airflow/.local/lib/python3.12/site-packages/airflow/example_dags/example_short_circuit_decorator.py
[2024-06-18T02:54:09.820+0000] {logging_mixin.py:188} INFO - [2024-06-18T02:54:09.819+0000] {dag.py:3096} INFO - Sync 1 DAGs
[2024-06-18T02:54:09.842+0000] {logging_mixin.py:188} INFO - [2024-06-18T02:54:09.842+0000] {dag.py:3954} INFO - Setting next_dagrun for example_short_circuit_decorator to 2024-06-17 00:00:00+00:00, run_after=2024-06-18 00:00:00+00:00
[2024-06-18T02:54:09.861+0000] {processor.py:183} INFO - Processing /home/airflow/.local/lib/python3.12/site-packages/airflow/example_dags/example_short_circuit_decorator.py took 0.081 seconds
[2024-06-18T02:54:40.009+0000] {processor.py:161} INFO - Started process (PID=67528) to work on /home/airflow/.local/lib/python3.12/site-packages/airflow/example_dags/example_short_circuit_decorator.py
[2024-06-18T02:54:40.010+0000] {processor.py:830} INFO - Processing file /home/airflow/.local/lib/python3.12/site-packages/airflow/example_dags/example_short_circuit_decorator.py for tasks to queue
[2024-06-18T02:54:40.011+0000] {logging_mixin.py:188} INFO - [2024-06-18T02:54:40.011+0000] {dagbag.py:545} INFO - Filling up the DagBag from /home/airflow/.local/lib/python3.12/site-packages/airflow/example_dags/example_short_circuit_decorator.py
[2024-06-18T02:54:40.020+0000] {processor.py:840} INFO - DAG(s) 'example_short_circuit_decorator' retrieved from /home/airflow/.local/lib/python3.12/site-packages/airflow/example_dags/example_short_circuit_decorator.py
[2024-06-18T02:54:40.043+0000] {logging_mixin.py:188} INFO - [2024-06-18T02:54:40.042+0000] {dag.py:3096} INFO - Sync 1 DAGs
[2024-06-18T02:54:40.066+0000] {logging_mixin.py:188} INFO - [2024-06-18T02:54:40.065+0000] {dag.py:3954} INFO - Setting next_dagrun for example_short_circuit_decorator to 2024-06-17 00:00:00+00:00, run_after=2024-06-18 00:00:00+00:00
[2024-06-18T02:54:40.089+0000] {processor.py:183} INFO - Processing /home/airflow/.local/lib/python3.12/site-packages/airflow/example_dags/example_short_circuit_decorator.py took 0.086 seconds
[2024-06-18T02:55:10.195+0000] {processor.py:161} INFO - Started process (PID=67586) to work on /home/airflow/.local/lib/python3.12/site-packages/airflow/example_dags/example_short_circuit_decorator.py
[2024-06-18T02:55:10.197+0000] {processor.py:830} INFO - Processing file /home/airflow/.local/lib/python3.12/site-packages/airflow/example_dags/example_short_circuit_decorator.py for tasks to queue
[2024-06-18T02:55:10.197+0000] {logging_mixin.py:188} INFO - [2024-06-18T02:55:10.197+0000] {dagbag.py:545} INFO - Filling up the DagBag from /home/airflow/.local/lib/python3.12/site-packages/airflow/example_dags/example_short_circuit_decorator.py
[2024-06-18T02:55:10.207+0000] {processor.py:840} INFO - DAG(s) 'example_short_circuit_decorator' retrieved from /home/airflow/.local/lib/python3.12/site-packages/airflow/example_dags/example_short_circuit_decorator.py
[2024-06-18T02:55:10.231+0000] {logging_mixin.py:188} INFO - [2024-06-18T02:55:10.231+0000] {dag.py:3096} INFO - Sync 1 DAGs
[2024-06-18T02:55:10.251+0000] {logging_mixin.py:188} INFO - [2024-06-18T02:55:10.251+0000] {dag.py:3954} INFO - Setting next_dagrun for example_short_circuit_decorator to 2024-06-17 00:00:00+00:00, run_after=2024-06-18 00:00:00+00:00
[2024-06-18T02:55:10.272+0000] {processor.py:183} INFO - Processing /home/airflow/.local/lib/python3.12/site-packages/airflow/example_dags/example_short_circuit_decorator.py took 0.083 seconds
[2024-06-18T02:55:40.557+0000] {processor.py:161} INFO - Started process (PID=67644) to work on /home/airflow/.local/lib/python3.12/site-packages/airflow/example_dags/example_short_circuit_decorator.py
[2024-06-18T02:55:40.558+0000] {processor.py:830} INFO - Processing file /home/airflow/.local/lib/python3.12/site-packages/airflow/example_dags/example_short_circuit_decorator.py for tasks to queue
[2024-06-18T02:55:40.559+0000] {logging_mixin.py:188} INFO - [2024-06-18T02:55:40.559+0000] {dagbag.py:545} INFO - Filling up the DagBag from /home/airflow/.local/lib/python3.12/site-packages/airflow/example_dags/example_short_circuit_decorator.py
[2024-06-18T02:55:40.568+0000] {processor.py:840} INFO - DAG(s) 'example_short_circuit_decorator' retrieved from /home/airflow/.local/lib/python3.12/site-packages/airflow/example_dags/example_short_circuit_decorator.py
[2024-06-18T02:55:40.591+0000] {logging_mixin.py:188} INFO - [2024-06-18T02:55:40.590+0000] {dag.py:3096} INFO - Sync 1 DAGs
[2024-06-18T02:55:40.612+0000] {logging_mixin.py:188} INFO - [2024-06-18T02:55:40.611+0000] {dag.py:3954} INFO - Setting next_dagrun for example_short_circuit_decorator to 2024-06-17 00:00:00+00:00, run_after=2024-06-18 00:00:00+00:00
[2024-06-18T02:55:40.630+0000] {processor.py:183} INFO - Processing /home/airflow/.local/lib/python3.12/site-packages/airflow/example_dags/example_short_circuit_decorator.py took 0.079 seconds
[2024-06-18T02:56:10.660+0000] {processor.py:161} INFO - Started process (PID=67702) to work on /home/airflow/.local/lib/python3.12/site-packages/airflow/example_dags/example_short_circuit_decorator.py
[2024-06-18T02:56:10.661+0000] {processor.py:830} INFO - Processing file /home/airflow/.local/lib/python3.12/site-packages/airflow/example_dags/example_short_circuit_decorator.py for tasks to queue
[2024-06-18T02:56:10.662+0000] {logging_mixin.py:188} INFO - [2024-06-18T02:56:10.661+0000] {dagbag.py:545} INFO - Filling up the DagBag from /home/airflow/.local/lib/python3.12/site-packages/airflow/example_dags/example_short_circuit_decorator.py
[2024-06-18T02:56:10.671+0000] {processor.py:840} INFO - DAG(s) 'example_short_circuit_decorator' retrieved from /home/airflow/.local/lib/python3.12/site-packages/airflow/example_dags/example_short_circuit_decorator.py
[2024-06-18T02:56:10.694+0000] {logging_mixin.py:188} INFO - [2024-06-18T02:56:10.694+0000] {dag.py:3096} INFO - Sync 1 DAGs
[2024-06-18T02:56:10.716+0000] {logging_mixin.py:188} INFO - [2024-06-18T02:56:10.715+0000] {dag.py:3954} INFO - Setting next_dagrun for example_short_circuit_decorator to 2024-06-17 00:00:00+00:00, run_after=2024-06-18 00:00:00+00:00
[2024-06-18T02:56:10.736+0000] {processor.py:183} INFO - Processing /home/airflow/.local/lib/python3.12/site-packages/airflow/example_dags/example_short_circuit_decorator.py took 0.083 seconds
