[2024-06-18T02:21:41.788+0000] {processor.py:161} INFO - Started process (PID=65192) to work on /home/airflow/.local/lib/python3.12/site-packages/airflow/example_dags/example_skip_dag.py
[2024-06-18T02:21:41.789+0000] {processor.py:830} INFO - Processing file /home/airflow/.local/lib/python3.12/site-packages/airflow/example_dags/example_skip_dag.py for tasks to queue
[2024-06-18T02:21:41.791+0000] {logging_mixin.py:188} INFO - [2024-06-18T02:21:41.790+0000] {dagbag.py:545} INFO - Filling up the DagBag from /home/airflow/.local/lib/python3.12/site-packages/airflow/example_dags/example_skip_dag.py
[2024-06-18T02:21:41.819+0000] {processor.py:840} INFO - DAG(s) 'example_skip_dag' retrieved from /home/airflow/.local/lib/python3.12/site-packages/airflow/example_dags/example_skip_dag.py
[2024-06-18T02:21:41.916+0000] {logging_mixin.py:188} INFO - [2024-06-18T02:21:41.916+0000] {dag.py:3096} INFO - Sync 1 DAGs
[2024-06-18T02:21:41.993+0000] {logging_mixin.py:188} INFO - [2024-06-18T02:21:41.992+0000] {dag.py:3954} INFO - Setting next_dagrun for example_skip_dag to 2024-06-17 00:00:00+00:00, run_after=2024-06-18 00:00:00+00:00
[2024-06-18T02:21:42.085+0000] {processor.py:183} INFO - Processing /home/airflow/.local/lib/python3.12/site-packages/airflow/example_dags/example_skip_dag.py took 0.332 seconds
[2024-06-18T02:22:12.842+0000] {processor.py:161} INFO - Started process (PID=65250) to work on /home/airflow/.local/lib/python3.12/site-packages/airflow/example_dags/example_skip_dag.py
[2024-06-18T02:22:12.845+0000] {processor.py:830} INFO - Processing file /home/airflow/.local/lib/python3.12/site-packages/airflow/example_dags/example_skip_dag.py for tasks to queue
[2024-06-18T02:22:12.847+0000] {logging_mixin.py:188} INFO - [2024-06-18T02:22:12.846+0000] {dagbag.py:545} INFO - Filling up the DagBag from /home/airflow/.local/lib/python3.12/site-packages/airflow/example_dags/example_skip_dag.py
[2024-06-18T02:22:12.865+0000] {processor.py:840} INFO - DAG(s) 'example_skip_dag' retrieved from /home/airflow/.local/lib/python3.12/site-packages/airflow/example_dags/example_skip_dag.py
[2024-06-18T02:22:12.909+0000] {logging_mixin.py:188} INFO - [2024-06-18T02:22:12.908+0000] {dag.py:3096} INFO - Sync 1 DAGs
[2024-06-18T02:22:12.940+0000] {logging_mixin.py:188} INFO - [2024-06-18T02:22:12.940+0000] {dag.py:3954} INFO - Setting next_dagrun for example_skip_dag to 2024-06-17 00:00:00+00:00, run_after=2024-06-18 00:00:00+00:00
[2024-06-18T02:22:12.975+0000] {processor.py:183} INFO - Processing /home/airflow/.local/lib/python3.12/site-packages/airflow/example_dags/example_skip_dag.py took 0.143 seconds
[2024-06-18T02:22:43.399+0000] {processor.py:161} INFO - Started process (PID=65308) to work on /home/airflow/.local/lib/python3.12/site-packages/airflow/example_dags/example_skip_dag.py
[2024-06-18T02:22:43.400+0000] {processor.py:830} INFO - Processing file /home/airflow/.local/lib/python3.12/site-packages/airflow/example_dags/example_skip_dag.py for tasks to queue
[2024-06-18T02:22:43.402+0000] {logging_mixin.py:188} INFO - [2024-06-18T02:22:43.401+0000] {dagbag.py:545} INFO - Filling up the DagBag from /home/airflow/.local/lib/python3.12/site-packages/airflow/example_dags/example_skip_dag.py
[2024-06-18T02:22:43.412+0000] {processor.py:840} INFO - DAG(s) 'example_skip_dag' retrieved from /home/airflow/.local/lib/python3.12/site-packages/airflow/example_dags/example_skip_dag.py
[2024-06-18T02:22:43.449+0000] {logging_mixin.py:188} INFO - [2024-06-18T02:22:43.449+0000] {dag.py:3096} INFO - Sync 1 DAGs
[2024-06-18T02:22:43.477+0000] {logging_mixin.py:188} INFO - [2024-06-18T02:22:43.477+0000] {dag.py:3954} INFO - Setting next_dagrun for example_skip_dag to 2024-06-17 00:00:00+00:00, run_after=2024-06-18 00:00:00+00:00
[2024-06-18T02:22:43.501+0000] {processor.py:183} INFO - Processing /home/airflow/.local/lib/python3.12/site-packages/airflow/example_dags/example_skip_dag.py took 0.112 seconds
[2024-06-18T02:23:13.651+0000] {processor.py:161} INFO - Started process (PID=65367) to work on /home/airflow/.local/lib/python3.12/site-packages/airflow/example_dags/example_skip_dag.py
[2024-06-18T02:23:13.653+0000] {processor.py:830} INFO - Processing file /home/airflow/.local/lib/python3.12/site-packages/airflow/example_dags/example_skip_dag.py for tasks to queue
[2024-06-18T02:23:13.654+0000] {logging_mixin.py:188} INFO - [2024-06-18T02:23:13.653+0000] {dagbag.py:545} INFO - Filling up the DagBag from /home/airflow/.local/lib/python3.12/site-packages/airflow/example_dags/example_skip_dag.py
[2024-06-18T02:23:13.669+0000] {processor.py:840} INFO - DAG(s) 'example_skip_dag' retrieved from /home/airflow/.local/lib/python3.12/site-packages/airflow/example_dags/example_skip_dag.py
[2024-06-18T02:23:13.737+0000] {logging_mixin.py:188} INFO - [2024-06-18T02:23:13.736+0000] {dag.py:3096} INFO - Sync 1 DAGs
[2024-06-18T02:23:13.801+0000] {logging_mixin.py:188} INFO - [2024-06-18T02:23:13.801+0000] {dag.py:3954} INFO - Setting next_dagrun for example_skip_dag to 2024-06-17 00:00:00+00:00, run_after=2024-06-18 00:00:00+00:00
[2024-06-18T02:23:13.860+0000] {processor.py:183} INFO - Processing /home/airflow/.local/lib/python3.12/site-packages/airflow/example_dags/example_skip_dag.py took 0.222 seconds
[2024-06-18T02:23:44.333+0000] {processor.py:161} INFO - Started process (PID=65425) to work on /home/airflow/.local/lib/python3.12/site-packages/airflow/example_dags/example_skip_dag.py
[2024-06-18T02:23:44.335+0000] {processor.py:830} INFO - Processing file /home/airflow/.local/lib/python3.12/site-packages/airflow/example_dags/example_skip_dag.py for tasks to queue
[2024-06-18T02:23:44.336+0000] {logging_mixin.py:188} INFO - [2024-06-18T02:23:44.335+0000] {dagbag.py:545} INFO - Filling up the DagBag from /home/airflow/.local/lib/python3.12/site-packages/airflow/example_dags/example_skip_dag.py
[2024-06-18T02:23:44.345+0000] {processor.py:840} INFO - DAG(s) 'example_skip_dag' retrieved from /home/airflow/.local/lib/python3.12/site-packages/airflow/example_dags/example_skip_dag.py
[2024-06-18T02:23:44.392+0000] {logging_mixin.py:188} INFO - [2024-06-18T02:23:44.392+0000] {dag.py:3096} INFO - Sync 1 DAGs
[2024-06-18T02:23:44.431+0000] {logging_mixin.py:188} INFO - [2024-06-18T02:23:44.431+0000] {dag.py:3954} INFO - Setting next_dagrun for example_skip_dag to 2024-06-17 00:00:00+00:00, run_after=2024-06-18 00:00:00+00:00
[2024-06-18T02:23:44.483+0000] {processor.py:183} INFO - Processing /home/airflow/.local/lib/python3.12/site-packages/airflow/example_dags/example_skip_dag.py took 0.157 seconds
[2024-06-18T02:24:15.989+0000] {processor.py:161} INFO - Started process (PID=65483) to work on /home/airflow/.local/lib/python3.12/site-packages/airflow/example_dags/example_skip_dag.py
[2024-06-18T02:24:15.992+0000] {processor.py:830} INFO - Processing file /home/airflow/.local/lib/python3.12/site-packages/airflow/example_dags/example_skip_dag.py for tasks to queue
[2024-06-18T02:24:15.999+0000] {logging_mixin.py:188} INFO - [2024-06-18T02:24:15.998+0000] {dagbag.py:545} INFO - Filling up the DagBag from /home/airflow/.local/lib/python3.12/site-packages/airflow/example_dags/example_skip_dag.py
[2024-06-18T02:24:16.011+0000] {processor.py:840} INFO - DAG(s) 'example_skip_dag' retrieved from /home/airflow/.local/lib/python3.12/site-packages/airflow/example_dags/example_skip_dag.py
[2024-06-18T02:24:16.039+0000] {logging_mixin.py:188} INFO - [2024-06-18T02:24:16.039+0000] {dag.py:3096} INFO - Sync 1 DAGs
[2024-06-18T02:24:16.078+0000] {logging_mixin.py:188} INFO - [2024-06-18T02:24:16.078+0000] {dag.py:3954} INFO - Setting next_dagrun for example_skip_dag to 2024-06-17 00:00:00+00:00, run_after=2024-06-18 00:00:00+00:00
[2024-06-18T02:24:16.103+0000] {processor.py:183} INFO - Processing /home/airflow/.local/lib/python3.12/site-packages/airflow/example_dags/example_skip_dag.py took 0.135 seconds
[2024-06-18T02:24:46.240+0000] {processor.py:161} INFO - Started process (PID=65541) to work on /home/airflow/.local/lib/python3.12/site-packages/airflow/example_dags/example_skip_dag.py
[2024-06-18T02:24:46.241+0000] {processor.py:830} INFO - Processing file /home/airflow/.local/lib/python3.12/site-packages/airflow/example_dags/example_skip_dag.py for tasks to queue
[2024-06-18T02:24:46.244+0000] {logging_mixin.py:188} INFO - [2024-06-18T02:24:46.243+0000] {dagbag.py:545} INFO - Filling up the DagBag from /home/airflow/.local/lib/python3.12/site-packages/airflow/example_dags/example_skip_dag.py
[2024-06-18T02:24:46.253+0000] {processor.py:840} INFO - DAG(s) 'example_skip_dag' retrieved from /home/airflow/.local/lib/python3.12/site-packages/airflow/example_dags/example_skip_dag.py
[2024-06-18T02:24:46.283+0000] {logging_mixin.py:188} INFO - [2024-06-18T02:24:46.283+0000] {dag.py:3096} INFO - Sync 1 DAGs
[2024-06-18T02:24:46.309+0000] {logging_mixin.py:188} INFO - [2024-06-18T02:24:46.309+0000] {dag.py:3954} INFO - Setting next_dagrun for example_skip_dag to 2024-06-17 00:00:00+00:00, run_after=2024-06-18 00:00:00+00:00
[2024-06-18T02:24:46.333+0000] {processor.py:183} INFO - Processing /home/airflow/.local/lib/python3.12/site-packages/airflow/example_dags/example_skip_dag.py took 0.102 seconds
[2024-06-18T02:25:16.805+0000] {processor.py:161} INFO - Started process (PID=65599) to work on /home/airflow/.local/lib/python3.12/site-packages/airflow/example_dags/example_skip_dag.py
[2024-06-18T02:25:16.807+0000] {processor.py:830} INFO - Processing file /home/airflow/.local/lib/python3.12/site-packages/airflow/example_dags/example_skip_dag.py for tasks to queue
[2024-06-18T02:25:16.807+0000] {logging_mixin.py:188} INFO - [2024-06-18T02:25:16.807+0000] {dagbag.py:545} INFO - Filling up the DagBag from /home/airflow/.local/lib/python3.12/site-packages/airflow/example_dags/example_skip_dag.py
[2024-06-18T02:25:16.815+0000] {processor.py:840} INFO - DAG(s) 'example_skip_dag' retrieved from /home/airflow/.local/lib/python3.12/site-packages/airflow/example_dags/example_skip_dag.py
[2024-06-18T02:25:16.834+0000] {logging_mixin.py:188} INFO - [2024-06-18T02:25:16.834+0000] {dag.py:3096} INFO - Sync 1 DAGs
[2024-06-18T02:25:16.863+0000] {logging_mixin.py:188} INFO - [2024-06-18T02:25:16.863+0000] {dag.py:3954} INFO - Setting next_dagrun for example_skip_dag to 2024-06-17 00:00:00+00:00, run_after=2024-06-18 00:00:00+00:00
[2024-06-18T02:25:16.884+0000] {processor.py:183} INFO - Processing /home/airflow/.local/lib/python3.12/site-packages/airflow/example_dags/example_skip_dag.py took 0.084 seconds
[2024-06-18T02:25:47.781+0000] {processor.py:161} INFO - Started process (PID=65657) to work on /home/airflow/.local/lib/python3.12/site-packages/airflow/example_dags/example_skip_dag.py
[2024-06-18T02:25:47.782+0000] {processor.py:830} INFO - Processing file /home/airflow/.local/lib/python3.12/site-packages/airflow/example_dags/example_skip_dag.py for tasks to queue
[2024-06-18T02:25:47.783+0000] {logging_mixin.py:188} INFO - [2024-06-18T02:25:47.783+0000] {dagbag.py:545} INFO - Filling up the DagBag from /home/airflow/.local/lib/python3.12/site-packages/airflow/example_dags/example_skip_dag.py
[2024-06-18T02:25:47.791+0000] {processor.py:840} INFO - DAG(s) 'example_skip_dag' retrieved from /home/airflow/.local/lib/python3.12/site-packages/airflow/example_dags/example_skip_dag.py
[2024-06-18T02:25:47.814+0000] {logging_mixin.py:188} INFO - [2024-06-18T02:25:47.813+0000] {dag.py:3096} INFO - Sync 1 DAGs
[2024-06-18T02:25:47.836+0000] {logging_mixin.py:188} INFO - [2024-06-18T02:25:47.836+0000] {dag.py:3954} INFO - Setting next_dagrun for example_skip_dag to 2024-06-17 00:00:00+00:00, run_after=2024-06-18 00:00:00+00:00
[2024-06-18T02:25:47.857+0000] {processor.py:183} INFO - Processing /home/airflow/.local/lib/python3.12/site-packages/airflow/example_dags/example_skip_dag.py took 0.081 seconds
[2024-06-18T02:26:18.379+0000] {processor.py:161} INFO - Started process (PID=65715) to work on /home/airflow/.local/lib/python3.12/site-packages/airflow/example_dags/example_skip_dag.py
[2024-06-18T02:26:18.380+0000] {processor.py:830} INFO - Processing file /home/airflow/.local/lib/python3.12/site-packages/airflow/example_dags/example_skip_dag.py for tasks to queue
[2024-06-18T02:26:18.381+0000] {logging_mixin.py:188} INFO - [2024-06-18T02:26:18.381+0000] {dagbag.py:545} INFO - Filling up the DagBag from /home/airflow/.local/lib/python3.12/site-packages/airflow/example_dags/example_skip_dag.py
[2024-06-18T02:26:18.388+0000] {processor.py:840} INFO - DAG(s) 'example_skip_dag' retrieved from /home/airflow/.local/lib/python3.12/site-packages/airflow/example_dags/example_skip_dag.py
[2024-06-18T02:26:18.416+0000] {logging_mixin.py:188} INFO - [2024-06-18T02:26:18.415+0000] {dag.py:3096} INFO - Sync 1 DAGs
[2024-06-18T02:26:18.444+0000] {logging_mixin.py:188} INFO - [2024-06-18T02:26:18.443+0000] {dag.py:3954} INFO - Setting next_dagrun for example_skip_dag to 2024-06-17 00:00:00+00:00, run_after=2024-06-18 00:00:00+00:00
[2024-06-18T02:26:18.464+0000] {processor.py:183} INFO - Processing /home/airflow/.local/lib/python3.12/site-packages/airflow/example_dags/example_skip_dag.py took 0.091 seconds
[2024-06-18T02:26:49.059+0000] {processor.py:161} INFO - Started process (PID=65774) to work on /home/airflow/.local/lib/python3.12/site-packages/airflow/example_dags/example_skip_dag.py
[2024-06-18T02:26:49.060+0000] {processor.py:830} INFO - Processing file /home/airflow/.local/lib/python3.12/site-packages/airflow/example_dags/example_skip_dag.py for tasks to queue
[2024-06-18T02:26:49.061+0000] {logging_mixin.py:188} INFO - [2024-06-18T02:26:49.061+0000] {dagbag.py:545} INFO - Filling up the DagBag from /home/airflow/.local/lib/python3.12/site-packages/airflow/example_dags/example_skip_dag.py
[2024-06-18T02:26:49.069+0000] {processor.py:840} INFO - DAG(s) 'example_skip_dag' retrieved from /home/airflow/.local/lib/python3.12/site-packages/airflow/example_dags/example_skip_dag.py
[2024-06-18T02:26:49.096+0000] {logging_mixin.py:188} INFO - [2024-06-18T02:26:49.095+0000] {dag.py:3096} INFO - Sync 1 DAGs
[2024-06-18T02:26:49.124+0000] {logging_mixin.py:188} INFO - [2024-06-18T02:26:49.124+0000] {dag.py:3954} INFO - Setting next_dagrun for example_skip_dag to 2024-06-17 00:00:00+00:00, run_after=2024-06-18 00:00:00+00:00
[2024-06-18T02:26:49.147+0000] {processor.py:183} INFO - Processing /home/airflow/.local/lib/python3.12/site-packages/airflow/example_dags/example_skip_dag.py took 0.096 seconds
[2024-06-18T02:27:19.839+0000] {processor.py:161} INFO - Started process (PID=65832) to work on /home/airflow/.local/lib/python3.12/site-packages/airflow/example_dags/example_skip_dag.py
[2024-06-18T02:27:19.840+0000] {processor.py:830} INFO - Processing file /home/airflow/.local/lib/python3.12/site-packages/airflow/example_dags/example_skip_dag.py for tasks to queue
[2024-06-18T02:27:19.842+0000] {logging_mixin.py:188} INFO - [2024-06-18T02:27:19.841+0000] {dagbag.py:545} INFO - Filling up the DagBag from /home/airflow/.local/lib/python3.12/site-packages/airflow/example_dags/example_skip_dag.py
[2024-06-18T02:27:19.849+0000] {processor.py:840} INFO - DAG(s) 'example_skip_dag' retrieved from /home/airflow/.local/lib/python3.12/site-packages/airflow/example_dags/example_skip_dag.py
[2024-06-18T02:27:19.872+0000] {logging_mixin.py:188} INFO - [2024-06-18T02:27:19.872+0000] {dag.py:3096} INFO - Sync 1 DAGs
[2024-06-18T02:27:19.901+0000] {logging_mixin.py:188} INFO - [2024-06-18T02:27:19.901+0000] {dag.py:3954} INFO - Setting next_dagrun for example_skip_dag to 2024-06-17 00:00:00+00:00, run_after=2024-06-18 00:00:00+00:00
[2024-06-18T02:27:19.919+0000] {processor.py:183} INFO - Processing /home/airflow/.local/lib/python3.12/site-packages/airflow/example_dags/example_skip_dag.py took 0.086 seconds
[2024-06-18T02:27:50.073+0000] {processor.py:161} INFO - Started process (PID=65890) to work on /home/airflow/.local/lib/python3.12/site-packages/airflow/example_dags/example_skip_dag.py
[2024-06-18T02:27:50.075+0000] {processor.py:830} INFO - Processing file /home/airflow/.local/lib/python3.12/site-packages/airflow/example_dags/example_skip_dag.py for tasks to queue
[2024-06-18T02:27:50.075+0000] {logging_mixin.py:188} INFO - [2024-06-18T02:27:50.075+0000] {dagbag.py:545} INFO - Filling up the DagBag from /home/airflow/.local/lib/python3.12/site-packages/airflow/example_dags/example_skip_dag.py
[2024-06-18T02:27:50.089+0000] {processor.py:840} INFO - DAG(s) 'example_skip_dag' retrieved from /home/airflow/.local/lib/python3.12/site-packages/airflow/example_dags/example_skip_dag.py
[2024-06-18T02:27:50.136+0000] {logging_mixin.py:188} INFO - [2024-06-18T02:27:50.136+0000] {dag.py:3096} INFO - Sync 1 DAGs
[2024-06-18T02:27:50.162+0000] {logging_mixin.py:188} INFO - [2024-06-18T02:27:50.162+0000] {dag.py:3954} INFO - Setting next_dagrun for example_skip_dag to 2024-06-17 00:00:00+00:00, run_after=2024-06-18 00:00:00+00:00
[2024-06-18T02:27:50.181+0000] {processor.py:183} INFO - Processing /home/airflow/.local/lib/python3.12/site-packages/airflow/example_dags/example_skip_dag.py took 0.115 seconds
[2024-06-18T02:28:20.513+0000] {processor.py:161} INFO - Started process (PID=65948) to work on /home/airflow/.local/lib/python3.12/site-packages/airflow/example_dags/example_skip_dag.py
[2024-06-18T02:28:20.515+0000] {processor.py:830} INFO - Processing file /home/airflow/.local/lib/python3.12/site-packages/airflow/example_dags/example_skip_dag.py for tasks to queue
[2024-06-18T02:28:20.516+0000] {logging_mixin.py:188} INFO - [2024-06-18T02:28:20.516+0000] {dagbag.py:545} INFO - Filling up the DagBag from /home/airflow/.local/lib/python3.12/site-packages/airflow/example_dags/example_skip_dag.py
[2024-06-18T02:28:20.526+0000] {processor.py:840} INFO - DAG(s) 'example_skip_dag' retrieved from /home/airflow/.local/lib/python3.12/site-packages/airflow/example_dags/example_skip_dag.py
[2024-06-18T02:28:20.554+0000] {logging_mixin.py:188} INFO - [2024-06-18T02:28:20.554+0000] {dag.py:3096} INFO - Sync 1 DAGs
[2024-06-18T02:28:20.587+0000] {logging_mixin.py:188} INFO - [2024-06-18T02:28:20.587+0000] {dag.py:3954} INFO - Setting next_dagrun for example_skip_dag to 2024-06-17 00:00:00+00:00, run_after=2024-06-18 00:00:00+00:00
[2024-06-18T02:28:20.614+0000] {processor.py:183} INFO - Processing /home/airflow/.local/lib/python3.12/site-packages/airflow/example_dags/example_skip_dag.py took 0.109 seconds
[2024-06-18T02:28:50.935+0000] {processor.py:161} INFO - Started process (PID=66007) to work on /home/airflow/.local/lib/python3.12/site-packages/airflow/example_dags/example_skip_dag.py
[2024-06-18T02:28:50.936+0000] {processor.py:830} INFO - Processing file /home/airflow/.local/lib/python3.12/site-packages/airflow/example_dags/example_skip_dag.py for tasks to queue
[2024-06-18T02:28:50.937+0000] {logging_mixin.py:188} INFO - [2024-06-18T02:28:50.937+0000] {dagbag.py:545} INFO - Filling up the DagBag from /home/airflow/.local/lib/python3.12/site-packages/airflow/example_dags/example_skip_dag.py
[2024-06-18T02:28:50.945+0000] {processor.py:840} INFO - DAG(s) 'example_skip_dag' retrieved from /home/airflow/.local/lib/python3.12/site-packages/airflow/example_dags/example_skip_dag.py
[2024-06-18T02:28:50.973+0000] {logging_mixin.py:188} INFO - [2024-06-18T02:28:50.972+0000] {dag.py:3096} INFO - Sync 1 DAGs
[2024-06-18T02:28:51.003+0000] {logging_mixin.py:188} INFO - [2024-06-18T02:28:51.003+0000] {dag.py:3954} INFO - Setting next_dagrun for example_skip_dag to 2024-06-17 00:00:00+00:00, run_after=2024-06-18 00:00:00+00:00
[2024-06-18T02:28:51.028+0000] {processor.py:183} INFO - Processing /home/airflow/.local/lib/python3.12/site-packages/airflow/example_dags/example_skip_dag.py took 0.100 seconds
[2024-06-18T02:29:21.274+0000] {processor.py:161} INFO - Started process (PID=66065) to work on /home/airflow/.local/lib/python3.12/site-packages/airflow/example_dags/example_skip_dag.py
[2024-06-18T02:29:21.276+0000] {processor.py:830} INFO - Processing file /home/airflow/.local/lib/python3.12/site-packages/airflow/example_dags/example_skip_dag.py for tasks to queue
[2024-06-18T02:29:21.277+0000] {logging_mixin.py:188} INFO - [2024-06-18T02:29:21.277+0000] {dagbag.py:545} INFO - Filling up the DagBag from /home/airflow/.local/lib/python3.12/site-packages/airflow/example_dags/example_skip_dag.py
[2024-06-18T02:29:21.287+0000] {processor.py:840} INFO - DAG(s) 'example_skip_dag' retrieved from /home/airflow/.local/lib/python3.12/site-packages/airflow/example_dags/example_skip_dag.py
[2024-06-18T02:29:21.313+0000] {logging_mixin.py:188} INFO - [2024-06-18T02:29:21.312+0000] {dag.py:3096} INFO - Sync 1 DAGs
[2024-06-18T02:29:21.339+0000] {logging_mixin.py:188} INFO - [2024-06-18T02:29:21.339+0000] {dag.py:3954} INFO - Setting next_dagrun for example_skip_dag to 2024-06-17 00:00:00+00:00, run_after=2024-06-18 00:00:00+00:00
[2024-06-18T02:29:21.363+0000] {processor.py:183} INFO - Processing /home/airflow/.local/lib/python3.12/site-packages/airflow/example_dags/example_skip_dag.py took 0.098 seconds
[2024-06-18T02:29:51.604+0000] {processor.py:161} INFO - Started process (PID=66123) to work on /home/airflow/.local/lib/python3.12/site-packages/airflow/example_dags/example_skip_dag.py
[2024-06-18T02:29:51.606+0000] {processor.py:830} INFO - Processing file /home/airflow/.local/lib/python3.12/site-packages/airflow/example_dags/example_skip_dag.py for tasks to queue
[2024-06-18T02:29:51.607+0000] {logging_mixin.py:188} INFO - [2024-06-18T02:29:51.606+0000] {dagbag.py:545} INFO - Filling up the DagBag from /home/airflow/.local/lib/python3.12/site-packages/airflow/example_dags/example_skip_dag.py
[2024-06-18T02:29:51.615+0000] {processor.py:840} INFO - DAG(s) 'example_skip_dag' retrieved from /home/airflow/.local/lib/python3.12/site-packages/airflow/example_dags/example_skip_dag.py
[2024-06-18T02:29:51.636+0000] {logging_mixin.py:188} INFO - [2024-06-18T02:29:51.636+0000] {dag.py:3096} INFO - Sync 1 DAGs
[2024-06-18T02:29:51.658+0000] {logging_mixin.py:188} INFO - [2024-06-18T02:29:51.658+0000] {dag.py:3954} INFO - Setting next_dagrun for example_skip_dag to 2024-06-17 00:00:00+00:00, run_after=2024-06-18 00:00:00+00:00
[2024-06-18T02:29:51.676+0000] {processor.py:183} INFO - Processing /home/airflow/.local/lib/python3.12/site-packages/airflow/example_dags/example_skip_dag.py took 0.079 seconds
[2024-06-18T02:30:22.130+0000] {processor.py:161} INFO - Started process (PID=66181) to work on /home/airflow/.local/lib/python3.12/site-packages/airflow/example_dags/example_skip_dag.py
[2024-06-18T02:30:22.131+0000] {processor.py:830} INFO - Processing file /home/airflow/.local/lib/python3.12/site-packages/airflow/example_dags/example_skip_dag.py for tasks to queue
[2024-06-18T02:30:22.132+0000] {logging_mixin.py:188} INFO - [2024-06-18T02:30:22.132+0000] {dagbag.py:545} INFO - Filling up the DagBag from /home/airflow/.local/lib/python3.12/site-packages/airflow/example_dags/example_skip_dag.py
[2024-06-18T02:30:22.141+0000] {processor.py:840} INFO - DAG(s) 'example_skip_dag' retrieved from /home/airflow/.local/lib/python3.12/site-packages/airflow/example_dags/example_skip_dag.py
[2024-06-18T02:30:22.167+0000] {logging_mixin.py:188} INFO - [2024-06-18T02:30:22.167+0000] {dag.py:3096} INFO - Sync 1 DAGs
[2024-06-18T02:30:22.194+0000] {logging_mixin.py:188} INFO - [2024-06-18T02:30:22.194+0000] {dag.py:3954} INFO - Setting next_dagrun for example_skip_dag to 2024-06-17 00:00:00+00:00, run_after=2024-06-18 00:00:00+00:00
[2024-06-18T02:30:22.219+0000] {processor.py:183} INFO - Processing /home/airflow/.local/lib/python3.12/site-packages/airflow/example_dags/example_skip_dag.py took 0.097 seconds
[2024-06-18T02:30:52.810+0000] {processor.py:161} INFO - Started process (PID=66239) to work on /home/airflow/.local/lib/python3.12/site-packages/airflow/example_dags/example_skip_dag.py
[2024-06-18T02:30:52.811+0000] {processor.py:830} INFO - Processing file /home/airflow/.local/lib/python3.12/site-packages/airflow/example_dags/example_skip_dag.py for tasks to queue
[2024-06-18T02:30:52.812+0000] {logging_mixin.py:188} INFO - [2024-06-18T02:30:52.811+0000] {dagbag.py:545} INFO - Filling up the DagBag from /home/airflow/.local/lib/python3.12/site-packages/airflow/example_dags/example_skip_dag.py
[2024-06-18T02:30:52.819+0000] {processor.py:840} INFO - DAG(s) 'example_skip_dag' retrieved from /home/airflow/.local/lib/python3.12/site-packages/airflow/example_dags/example_skip_dag.py
[2024-06-18T02:30:52.842+0000] {logging_mixin.py:188} INFO - [2024-06-18T02:30:52.841+0000] {dag.py:3096} INFO - Sync 1 DAGs
[2024-06-18T02:30:52.866+0000] {logging_mixin.py:188} INFO - [2024-06-18T02:30:52.866+0000] {dag.py:3954} INFO - Setting next_dagrun for example_skip_dag to 2024-06-17 00:00:00+00:00, run_after=2024-06-18 00:00:00+00:00
[2024-06-18T02:30:52.885+0000] {processor.py:183} INFO - Processing /home/airflow/.local/lib/python3.12/site-packages/airflow/example_dags/example_skip_dag.py took 0.082 seconds
[2024-06-18T02:31:23.179+0000] {processor.py:161} INFO - Started process (PID=66297) to work on /home/airflow/.local/lib/python3.12/site-packages/airflow/example_dags/example_skip_dag.py
[2024-06-18T02:31:23.180+0000] {processor.py:830} INFO - Processing file /home/airflow/.local/lib/python3.12/site-packages/airflow/example_dags/example_skip_dag.py for tasks to queue
[2024-06-18T02:31:23.181+0000] {logging_mixin.py:188} INFO - [2024-06-18T02:31:23.181+0000] {dagbag.py:545} INFO - Filling up the DagBag from /home/airflow/.local/lib/python3.12/site-packages/airflow/example_dags/example_skip_dag.py
[2024-06-18T02:31:23.191+0000] {processor.py:840} INFO - DAG(s) 'example_skip_dag' retrieved from /home/airflow/.local/lib/python3.12/site-packages/airflow/example_dags/example_skip_dag.py
[2024-06-18T02:31:23.217+0000] {logging_mixin.py:188} INFO - [2024-06-18T02:31:23.217+0000] {dag.py:3096} INFO - Sync 1 DAGs
[2024-06-18T02:31:23.245+0000] {logging_mixin.py:188} INFO - [2024-06-18T02:31:23.245+0000] {dag.py:3954} INFO - Setting next_dagrun for example_skip_dag to 2024-06-17 00:00:00+00:00, run_after=2024-06-18 00:00:00+00:00
[2024-06-18T02:31:23.268+0000] {processor.py:183} INFO - Processing /home/airflow/.local/lib/python3.12/site-packages/airflow/example_dags/example_skip_dag.py took 0.096 seconds
[2024-06-18T02:31:53.673+0000] {processor.py:161} INFO - Started process (PID=66355) to work on /home/airflow/.local/lib/python3.12/site-packages/airflow/example_dags/example_skip_dag.py
[2024-06-18T02:31:53.674+0000] {processor.py:830} INFO - Processing file /home/airflow/.local/lib/python3.12/site-packages/airflow/example_dags/example_skip_dag.py for tasks to queue
[2024-06-18T02:31:53.675+0000] {logging_mixin.py:188} INFO - [2024-06-18T02:31:53.675+0000] {dagbag.py:545} INFO - Filling up the DagBag from /home/airflow/.local/lib/python3.12/site-packages/airflow/example_dags/example_skip_dag.py
[2024-06-18T02:31:53.682+0000] {processor.py:840} INFO - DAG(s) 'example_skip_dag' retrieved from /home/airflow/.local/lib/python3.12/site-packages/airflow/example_dags/example_skip_dag.py
[2024-06-18T02:31:53.706+0000] {logging_mixin.py:188} INFO - [2024-06-18T02:31:53.705+0000] {dag.py:3096} INFO - Sync 1 DAGs
[2024-06-18T02:31:53.734+0000] {logging_mixin.py:188} INFO - [2024-06-18T02:31:53.734+0000] {dag.py:3954} INFO - Setting next_dagrun for example_skip_dag to 2024-06-17 00:00:00+00:00, run_after=2024-06-18 00:00:00+00:00
[2024-06-18T02:31:53.754+0000] {processor.py:183} INFO - Processing /home/airflow/.local/lib/python3.12/site-packages/airflow/example_dags/example_skip_dag.py took 0.088 seconds
[2024-06-18T02:32:24.679+0000] {processor.py:161} INFO - Started process (PID=66413) to work on /home/airflow/.local/lib/python3.12/site-packages/airflow/example_dags/example_skip_dag.py
[2024-06-18T02:32:24.680+0000] {processor.py:830} INFO - Processing file /home/airflow/.local/lib/python3.12/site-packages/airflow/example_dags/example_skip_dag.py for tasks to queue
[2024-06-18T02:32:24.681+0000] {logging_mixin.py:188} INFO - [2024-06-18T02:32:24.681+0000] {dagbag.py:545} INFO - Filling up the DagBag from /home/airflow/.local/lib/python3.12/site-packages/airflow/example_dags/example_skip_dag.py
[2024-06-18T02:32:24.691+0000] {processor.py:840} INFO - DAG(s) 'example_skip_dag' retrieved from /home/airflow/.local/lib/python3.12/site-packages/airflow/example_dags/example_skip_dag.py
[2024-06-18T02:32:24.717+0000] {logging_mixin.py:188} INFO - [2024-06-18T02:32:24.716+0000] {dag.py:3096} INFO - Sync 1 DAGs
[2024-06-18T02:32:24.742+0000] {logging_mixin.py:188} INFO - [2024-06-18T02:32:24.742+0000] {dag.py:3954} INFO - Setting next_dagrun for example_skip_dag to 2024-06-17 00:00:00+00:00, run_after=2024-06-18 00:00:00+00:00
[2024-06-18T02:32:24.762+0000] {processor.py:183} INFO - Processing /home/airflow/.local/lib/python3.12/site-packages/airflow/example_dags/example_skip_dag.py took 0.090 seconds
[2024-06-18T02:32:55.166+0000] {processor.py:161} INFO - Started process (PID=66471) to work on /home/airflow/.local/lib/python3.12/site-packages/airflow/example_dags/example_skip_dag.py
[2024-06-18T02:32:55.167+0000] {processor.py:830} INFO - Processing file /home/airflow/.local/lib/python3.12/site-packages/airflow/example_dags/example_skip_dag.py for tasks to queue
[2024-06-18T02:32:55.168+0000] {logging_mixin.py:188} INFO - [2024-06-18T02:32:55.168+0000] {dagbag.py:545} INFO - Filling up the DagBag from /home/airflow/.local/lib/python3.12/site-packages/airflow/example_dags/example_skip_dag.py
[2024-06-18T02:32:55.176+0000] {processor.py:840} INFO - DAG(s) 'example_skip_dag' retrieved from /home/airflow/.local/lib/python3.12/site-packages/airflow/example_dags/example_skip_dag.py
[2024-06-18T02:32:55.207+0000] {logging_mixin.py:188} INFO - [2024-06-18T02:32:55.207+0000] {dag.py:3096} INFO - Sync 1 DAGs
[2024-06-18T02:32:55.238+0000] {logging_mixin.py:188} INFO - [2024-06-18T02:32:55.238+0000] {dag.py:3954} INFO - Setting next_dagrun for example_skip_dag to 2024-06-17 00:00:00+00:00, run_after=2024-06-18 00:00:00+00:00
[2024-06-18T02:32:55.260+0000] {processor.py:183} INFO - Processing /home/airflow/.local/lib/python3.12/site-packages/airflow/example_dags/example_skip_dag.py took 0.100 seconds
[2024-06-18T02:33:26.177+0000] {processor.py:161} INFO - Started process (PID=66529) to work on /home/airflow/.local/lib/python3.12/site-packages/airflow/example_dags/example_skip_dag.py
[2024-06-18T02:33:26.177+0000] {processor.py:830} INFO - Processing file /home/airflow/.local/lib/python3.12/site-packages/airflow/example_dags/example_skip_dag.py for tasks to queue
[2024-06-18T02:33:26.178+0000] {logging_mixin.py:188} INFO - [2024-06-18T02:33:26.178+0000] {dagbag.py:545} INFO - Filling up the DagBag from /home/airflow/.local/lib/python3.12/site-packages/airflow/example_dags/example_skip_dag.py
[2024-06-18T02:33:26.185+0000] {processor.py:840} INFO - DAG(s) 'example_skip_dag' retrieved from /home/airflow/.local/lib/python3.12/site-packages/airflow/example_dags/example_skip_dag.py
[2024-06-18T02:33:26.219+0000] {logging_mixin.py:188} INFO - [2024-06-18T02:33:26.219+0000] {dag.py:3096} INFO - Sync 1 DAGs
[2024-06-18T02:33:26.247+0000] {logging_mixin.py:188} INFO - [2024-06-18T02:33:26.247+0000] {dag.py:3954} INFO - Setting next_dagrun for example_skip_dag to 2024-06-17 00:00:00+00:00, run_after=2024-06-18 00:00:00+00:00
[2024-06-18T02:33:26.269+0000] {processor.py:183} INFO - Processing /home/airflow/.local/lib/python3.12/site-packages/airflow/example_dags/example_skip_dag.py took 0.098 seconds
[2024-06-18T02:33:56.394+0000] {processor.py:161} INFO - Started process (PID=66587) to work on /home/airflow/.local/lib/python3.12/site-packages/airflow/example_dags/example_skip_dag.py
[2024-06-18T02:33:56.395+0000] {processor.py:830} INFO - Processing file /home/airflow/.local/lib/python3.12/site-packages/airflow/example_dags/example_skip_dag.py for tasks to queue
[2024-06-18T02:33:56.396+0000] {logging_mixin.py:188} INFO - [2024-06-18T02:33:56.395+0000] {dagbag.py:545} INFO - Filling up the DagBag from /home/airflow/.local/lib/python3.12/site-packages/airflow/example_dags/example_skip_dag.py
[2024-06-18T02:33:56.403+0000] {processor.py:840} INFO - DAG(s) 'example_skip_dag' retrieved from /home/airflow/.local/lib/python3.12/site-packages/airflow/example_dags/example_skip_dag.py
[2024-06-18T02:33:56.425+0000] {logging_mixin.py:188} INFO - [2024-06-18T02:33:56.425+0000] {dag.py:3096} INFO - Sync 1 DAGs
[2024-06-18T02:33:56.448+0000] {logging_mixin.py:188} INFO - [2024-06-18T02:33:56.448+0000] {dag.py:3954} INFO - Setting next_dagrun for example_skip_dag to 2024-06-17 00:00:00+00:00, run_after=2024-06-18 00:00:00+00:00
[2024-06-18T02:33:56.471+0000] {processor.py:183} INFO - Processing /home/airflow/.local/lib/python3.12/site-packages/airflow/example_dags/example_skip_dag.py took 0.084 seconds
[2024-06-18T02:34:26.899+0000] {processor.py:161} INFO - Started process (PID=66645) to work on /home/airflow/.local/lib/python3.12/site-packages/airflow/example_dags/example_skip_dag.py
[2024-06-18T02:34:26.900+0000] {processor.py:830} INFO - Processing file /home/airflow/.local/lib/python3.12/site-packages/airflow/example_dags/example_skip_dag.py for tasks to queue
[2024-06-18T02:34:26.900+0000] {logging_mixin.py:188} INFO - [2024-06-18T02:34:26.900+0000] {dagbag.py:545} INFO - Filling up the DagBag from /home/airflow/.local/lib/python3.12/site-packages/airflow/example_dags/example_skip_dag.py
[2024-06-18T02:34:26.907+0000] {processor.py:840} INFO - DAG(s) 'example_skip_dag' retrieved from /home/airflow/.local/lib/python3.12/site-packages/airflow/example_dags/example_skip_dag.py
[2024-06-18T02:34:26.927+0000] {logging_mixin.py:188} INFO - [2024-06-18T02:34:26.927+0000] {dag.py:3096} INFO - Sync 1 DAGs
[2024-06-18T02:34:26.949+0000] {logging_mixin.py:188} INFO - [2024-06-18T02:34:26.949+0000] {dag.py:3954} INFO - Setting next_dagrun for example_skip_dag to 2024-06-17 00:00:00+00:00, run_after=2024-06-18 00:00:00+00:00
[2024-06-18T02:34:26.966+0000] {processor.py:183} INFO - Processing /home/airflow/.local/lib/python3.12/site-packages/airflow/example_dags/example_skip_dag.py took 0.073 seconds
[2024-06-18T02:34:57.291+0000] {processor.py:161} INFO - Started process (PID=66703) to work on /home/airflow/.local/lib/python3.12/site-packages/airflow/example_dags/example_skip_dag.py
[2024-06-18T02:34:57.292+0000] {processor.py:830} INFO - Processing file /home/airflow/.local/lib/python3.12/site-packages/airflow/example_dags/example_skip_dag.py for tasks to queue
[2024-06-18T02:34:57.293+0000] {logging_mixin.py:188} INFO - [2024-06-18T02:34:57.293+0000] {dagbag.py:545} INFO - Filling up the DagBag from /home/airflow/.local/lib/python3.12/site-packages/airflow/example_dags/example_skip_dag.py
[2024-06-18T02:34:57.300+0000] {processor.py:840} INFO - DAG(s) 'example_skip_dag' retrieved from /home/airflow/.local/lib/python3.12/site-packages/airflow/example_dags/example_skip_dag.py
[2024-06-18T02:34:57.324+0000] {logging_mixin.py:188} INFO - [2024-06-18T02:34:57.324+0000] {dag.py:3096} INFO - Sync 1 DAGs
[2024-06-18T02:34:57.347+0000] {logging_mixin.py:188} INFO - [2024-06-18T02:34:57.347+0000] {dag.py:3954} INFO - Setting next_dagrun for example_skip_dag to 2024-06-17 00:00:00+00:00, run_after=2024-06-18 00:00:00+00:00
[2024-06-18T02:34:57.367+0000] {processor.py:183} INFO - Processing /home/airflow/.local/lib/python3.12/site-packages/airflow/example_dags/example_skip_dag.py took 0.082 seconds
[2024-06-18T02:35:27.587+0000] {processor.py:161} INFO - Started process (PID=66761) to work on /home/airflow/.local/lib/python3.12/site-packages/airflow/example_dags/example_skip_dag.py
[2024-06-18T02:35:27.589+0000] {processor.py:830} INFO - Processing file /home/airflow/.local/lib/python3.12/site-packages/airflow/example_dags/example_skip_dag.py for tasks to queue
[2024-06-18T02:35:27.590+0000] {logging_mixin.py:188} INFO - [2024-06-18T02:35:27.590+0000] {dagbag.py:545} INFO - Filling up the DagBag from /home/airflow/.local/lib/python3.12/site-packages/airflow/example_dags/example_skip_dag.py
[2024-06-18T02:35:27.600+0000] {processor.py:840} INFO - DAG(s) 'example_skip_dag' retrieved from /home/airflow/.local/lib/python3.12/site-packages/airflow/example_dags/example_skip_dag.py
[2024-06-18T02:35:27.622+0000] {logging_mixin.py:188} INFO - [2024-06-18T02:35:27.621+0000] {dag.py:3096} INFO - Sync 1 DAGs
[2024-06-18T02:35:27.650+0000] {logging_mixin.py:188} INFO - [2024-06-18T02:35:27.650+0000] {dag.py:3954} INFO - Setting next_dagrun for example_skip_dag to 2024-06-17 00:00:00+00:00, run_after=2024-06-18 00:00:00+00:00
[2024-06-18T02:35:27.674+0000] {processor.py:183} INFO - Processing /home/airflow/.local/lib/python3.12/site-packages/airflow/example_dags/example_skip_dag.py took 0.095 seconds
[2024-06-18T02:35:57.724+0000] {processor.py:161} INFO - Started process (PID=66819) to work on /home/airflow/.local/lib/python3.12/site-packages/airflow/example_dags/example_skip_dag.py
[2024-06-18T02:35:57.725+0000] {processor.py:830} INFO - Processing file /home/airflow/.local/lib/python3.12/site-packages/airflow/example_dags/example_skip_dag.py for tasks to queue
[2024-06-18T02:35:57.727+0000] {logging_mixin.py:188} INFO - [2024-06-18T02:35:57.726+0000] {dagbag.py:545} INFO - Filling up the DagBag from /home/airflow/.local/lib/python3.12/site-packages/airflow/example_dags/example_skip_dag.py
[2024-06-18T02:35:57.734+0000] {processor.py:840} INFO - DAG(s) 'example_skip_dag' retrieved from /home/airflow/.local/lib/python3.12/site-packages/airflow/example_dags/example_skip_dag.py
[2024-06-18T02:35:57.756+0000] {logging_mixin.py:188} INFO - [2024-06-18T02:35:57.756+0000] {dag.py:3096} INFO - Sync 1 DAGs
[2024-06-18T02:35:57.777+0000] {logging_mixin.py:188} INFO - [2024-06-18T02:35:57.777+0000] {dag.py:3954} INFO - Setting next_dagrun for example_skip_dag to 2024-06-17 00:00:00+00:00, run_after=2024-06-18 00:00:00+00:00
[2024-06-18T02:35:57.798+0000] {processor.py:183} INFO - Processing /home/airflow/.local/lib/python3.12/site-packages/airflow/example_dags/example_skip_dag.py took 0.081 seconds
[2024-06-18T02:36:27.828+0000] {processor.py:161} INFO - Started process (PID=66876) to work on /home/airflow/.local/lib/python3.12/site-packages/airflow/example_dags/example_skip_dag.py
[2024-06-18T02:36:27.830+0000] {processor.py:830} INFO - Processing file /home/airflow/.local/lib/python3.12/site-packages/airflow/example_dags/example_skip_dag.py for tasks to queue
[2024-06-18T02:36:27.830+0000] {logging_mixin.py:188} INFO - [2024-06-18T02:36:27.830+0000] {dagbag.py:545} INFO - Filling up the DagBag from /home/airflow/.local/lib/python3.12/site-packages/airflow/example_dags/example_skip_dag.py
[2024-06-18T02:36:27.838+0000] {processor.py:840} INFO - DAG(s) 'example_skip_dag' retrieved from /home/airflow/.local/lib/python3.12/site-packages/airflow/example_dags/example_skip_dag.py
[2024-06-18T02:36:27.860+0000] {logging_mixin.py:188} INFO - [2024-06-18T02:36:27.859+0000] {dag.py:3096} INFO - Sync 1 DAGs
[2024-06-18T02:36:27.883+0000] {logging_mixin.py:188} INFO - [2024-06-18T02:36:27.883+0000] {dag.py:3954} INFO - Setting next_dagrun for example_skip_dag to 2024-06-17 00:00:00+00:00, run_after=2024-06-18 00:00:00+00:00
[2024-06-18T02:36:27.904+0000] {processor.py:183} INFO - Processing /home/airflow/.local/lib/python3.12/site-packages/airflow/example_dags/example_skip_dag.py took 0.082 seconds
[2024-06-18T02:36:57.954+0000] {processor.py:161} INFO - Started process (PID=66934) to work on /home/airflow/.local/lib/python3.12/site-packages/airflow/example_dags/example_skip_dag.py
[2024-06-18T02:36:57.958+0000] {processor.py:830} INFO - Processing file /home/airflow/.local/lib/python3.12/site-packages/airflow/example_dags/example_skip_dag.py for tasks to queue
[2024-06-18T02:36:57.959+0000] {logging_mixin.py:188} INFO - [2024-06-18T02:36:57.959+0000] {dagbag.py:545} INFO - Filling up the DagBag from /home/airflow/.local/lib/python3.12/site-packages/airflow/example_dags/example_skip_dag.py
[2024-06-18T02:36:57.966+0000] {processor.py:840} INFO - DAG(s) 'example_skip_dag' retrieved from /home/airflow/.local/lib/python3.12/site-packages/airflow/example_dags/example_skip_dag.py
[2024-06-18T02:36:57.985+0000] {logging_mixin.py:188} INFO - [2024-06-18T02:36:57.985+0000] {dag.py:3096} INFO - Sync 1 DAGs
[2024-06-18T02:36:58.007+0000] {logging_mixin.py:188} INFO - [2024-06-18T02:36:58.006+0000] {dag.py:3954} INFO - Setting next_dagrun for example_skip_dag to 2024-06-17 00:00:00+00:00, run_after=2024-06-18 00:00:00+00:00
[2024-06-18T02:36:58.025+0000] {processor.py:183} INFO - Processing /home/airflow/.local/lib/python3.12/site-packages/airflow/example_dags/example_skip_dag.py took 0.076 seconds
[2024-06-18T02:37:28.773+0000] {processor.py:161} INFO - Started process (PID=66992) to work on /home/airflow/.local/lib/python3.12/site-packages/airflow/example_dags/example_skip_dag.py
[2024-06-18T02:37:28.775+0000] {processor.py:830} INFO - Processing file /home/airflow/.local/lib/python3.12/site-packages/airflow/example_dags/example_skip_dag.py for tasks to queue
[2024-06-18T02:37:28.775+0000] {logging_mixin.py:188} INFO - [2024-06-18T02:37:28.775+0000] {dagbag.py:545} INFO - Filling up the DagBag from /home/airflow/.local/lib/python3.12/site-packages/airflow/example_dags/example_skip_dag.py
[2024-06-18T02:37:28.782+0000] {processor.py:840} INFO - DAG(s) 'example_skip_dag' retrieved from /home/airflow/.local/lib/python3.12/site-packages/airflow/example_dags/example_skip_dag.py
[2024-06-18T02:37:28.802+0000] {logging_mixin.py:188} INFO - [2024-06-18T02:37:28.802+0000] {dag.py:3096} INFO - Sync 1 DAGs
[2024-06-18T02:37:28.826+0000] {logging_mixin.py:188} INFO - [2024-06-18T02:37:28.825+0000] {dag.py:3954} INFO - Setting next_dagrun for example_skip_dag to 2024-06-17 00:00:00+00:00, run_after=2024-06-18 00:00:00+00:00
[2024-06-18T02:37:28.842+0000] {processor.py:183} INFO - Processing /home/airflow/.local/lib/python3.12/site-packages/airflow/example_dags/example_skip_dag.py took 0.076 seconds
[2024-06-18T02:37:58.922+0000] {processor.py:161} INFO - Started process (PID=67050) to work on /home/airflow/.local/lib/python3.12/site-packages/airflow/example_dags/example_skip_dag.py
[2024-06-18T02:37:58.923+0000] {processor.py:830} INFO - Processing file /home/airflow/.local/lib/python3.12/site-packages/airflow/example_dags/example_skip_dag.py for tasks to queue
[2024-06-18T02:37:58.924+0000] {logging_mixin.py:188} INFO - [2024-06-18T02:37:58.924+0000] {dagbag.py:545} INFO - Filling up the DagBag from /home/airflow/.local/lib/python3.12/site-packages/airflow/example_dags/example_skip_dag.py
[2024-06-18T02:37:58.932+0000] {processor.py:840} INFO - DAG(s) 'example_skip_dag' retrieved from /home/airflow/.local/lib/python3.12/site-packages/airflow/example_dags/example_skip_dag.py
[2024-06-18T02:37:58.954+0000] {logging_mixin.py:188} INFO - [2024-06-18T02:37:58.954+0000] {dag.py:3096} INFO - Sync 1 DAGs
[2024-06-18T02:37:58.976+0000] {logging_mixin.py:188} INFO - [2024-06-18T02:37:58.976+0000] {dag.py:3954} INFO - Setting next_dagrun for example_skip_dag to 2024-06-17 00:00:00+00:00, run_after=2024-06-18 00:00:00+00:00
[2024-06-18T02:37:58.995+0000] {processor.py:183} INFO - Processing /home/airflow/.local/lib/python3.12/site-packages/airflow/example_dags/example_skip_dag.py took 0.079 seconds
[2024-06-18T02:38:29.188+0000] {processor.py:161} INFO - Started process (PID=67108) to work on /home/airflow/.local/lib/python3.12/site-packages/airflow/example_dags/example_skip_dag.py
[2024-06-18T02:38:29.190+0000] {processor.py:830} INFO - Processing file /home/airflow/.local/lib/python3.12/site-packages/airflow/example_dags/example_skip_dag.py for tasks to queue
[2024-06-18T02:38:29.190+0000] {logging_mixin.py:188} INFO - [2024-06-18T02:38:29.190+0000] {dagbag.py:545} INFO - Filling up the DagBag from /home/airflow/.local/lib/python3.12/site-packages/airflow/example_dags/example_skip_dag.py
[2024-06-18T02:38:29.199+0000] {processor.py:840} INFO - DAG(s) 'example_skip_dag' retrieved from /home/airflow/.local/lib/python3.12/site-packages/airflow/example_dags/example_skip_dag.py
[2024-06-18T02:38:29.219+0000] {logging_mixin.py:188} INFO - [2024-06-18T02:38:29.219+0000] {dag.py:3096} INFO - Sync 1 DAGs
[2024-06-18T02:38:29.245+0000] {logging_mixin.py:188} INFO - [2024-06-18T02:38:29.245+0000] {dag.py:3954} INFO - Setting next_dagrun for example_skip_dag to 2024-06-17 00:00:00+00:00, run_after=2024-06-18 00:00:00+00:00
[2024-06-18T02:38:29.263+0000] {processor.py:183} INFO - Processing /home/airflow/.local/lib/python3.12/site-packages/airflow/example_dags/example_skip_dag.py took 0.082 seconds
[2024-06-18T02:39:00.245+0000] {processor.py:161} INFO - Started process (PID=67166) to work on /home/airflow/.local/lib/python3.12/site-packages/airflow/example_dags/example_skip_dag.py
[2024-06-18T02:39:00.247+0000] {processor.py:830} INFO - Processing file /home/airflow/.local/lib/python3.12/site-packages/airflow/example_dags/example_skip_dag.py for tasks to queue
[2024-06-18T02:39:00.249+0000] {logging_mixin.py:188} INFO - [2024-06-18T02:39:00.248+0000] {dagbag.py:545} INFO - Filling up the DagBag from /home/airflow/.local/lib/python3.12/site-packages/airflow/example_dags/example_skip_dag.py
[2024-06-18T02:39:00.264+0000] {processor.py:840} INFO - DAG(s) 'example_skip_dag' retrieved from /home/airflow/.local/lib/python3.12/site-packages/airflow/example_dags/example_skip_dag.py
[2024-06-18T02:39:00.290+0000] {logging_mixin.py:188} INFO - [2024-06-18T02:39:00.290+0000] {dag.py:3096} INFO - Sync 1 DAGs
[2024-06-18T02:39:00.318+0000] {logging_mixin.py:188} INFO - [2024-06-18T02:39:00.318+0000] {dag.py:3954} INFO - Setting next_dagrun for example_skip_dag to 2024-06-17 00:00:00+00:00, run_after=2024-06-18 00:00:00+00:00
[2024-06-18T02:39:00.340+0000] {processor.py:183} INFO - Processing /home/airflow/.local/lib/python3.12/site-packages/airflow/example_dags/example_skip_dag.py took 0.104 seconds
[2024-06-18T02:39:30.571+0000] {processor.py:161} INFO - Started process (PID=67225) to work on /home/airflow/.local/lib/python3.12/site-packages/airflow/example_dags/example_skip_dag.py
[2024-06-18T02:39:30.572+0000] {processor.py:830} INFO - Processing file /home/airflow/.local/lib/python3.12/site-packages/airflow/example_dags/example_skip_dag.py for tasks to queue
[2024-06-18T02:39:30.573+0000] {logging_mixin.py:188} INFO - [2024-06-18T02:39:30.573+0000] {dagbag.py:545} INFO - Filling up the DagBag from /home/airflow/.local/lib/python3.12/site-packages/airflow/example_dags/example_skip_dag.py
[2024-06-18T02:39:30.582+0000] {processor.py:840} INFO - DAG(s) 'example_skip_dag' retrieved from /home/airflow/.local/lib/python3.12/site-packages/airflow/example_dags/example_skip_dag.py
[2024-06-18T02:39:30.606+0000] {logging_mixin.py:188} INFO - [2024-06-18T02:39:30.606+0000] {dag.py:3096} INFO - Sync 1 DAGs
[2024-06-18T02:39:30.634+0000] {logging_mixin.py:188} INFO - [2024-06-18T02:39:30.634+0000] {dag.py:3954} INFO - Setting next_dagrun for example_skip_dag to 2024-06-17 00:00:00+00:00, run_after=2024-06-18 00:00:00+00:00
[2024-06-18T02:39:30.656+0000] {processor.py:183} INFO - Processing /home/airflow/.local/lib/python3.12/site-packages/airflow/example_dags/example_skip_dag.py took 0.093 seconds
[2024-06-18T02:40:43.638+0000] {processor.py:161} INFO - Started process (PID=67295) to work on /home/airflow/.local/lib/python3.12/site-packages/airflow/example_dags/example_skip_dag.py
[2024-06-18T02:40:43.639+0000] {processor.py:830} INFO - Processing file /home/airflow/.local/lib/python3.12/site-packages/airflow/example_dags/example_skip_dag.py for tasks to queue
[2024-06-18T02:40:43.640+0000] {logging_mixin.py:188} INFO - [2024-06-18T02:40:43.640+0000] {dagbag.py:545} INFO - Filling up the DagBag from /home/airflow/.local/lib/python3.12/site-packages/airflow/example_dags/example_skip_dag.py
[2024-06-18T02:40:43.650+0000] {processor.py:840} INFO - DAG(s) 'example_skip_dag' retrieved from /home/airflow/.local/lib/python3.12/site-packages/airflow/example_dags/example_skip_dag.py
[2024-06-18T02:40:43.679+0000] {logging_mixin.py:188} INFO - [2024-06-18T02:40:43.678+0000] {dag.py:3096} INFO - Sync 1 DAGs
[2024-06-18T02:40:43.710+0000] {logging_mixin.py:188} INFO - [2024-06-18T02:40:43.709+0000] {dag.py:3954} INFO - Setting next_dagrun for example_skip_dag to 2024-06-17 00:00:00+00:00, run_after=2024-06-18 00:00:00+00:00
[2024-06-18T02:40:43.739+0000] {processor.py:183} INFO - Processing /home/airflow/.local/lib/python3.12/site-packages/airflow/example_dags/example_skip_dag.py took 0.110 seconds
[2024-06-18T02:53:07.272+0000] {processor.py:161} INFO - Started process (PID=67353) to work on /home/airflow/.local/lib/python3.12/site-packages/airflow/example_dags/example_skip_dag.py
[2024-06-18T02:53:07.276+0000] {processor.py:830} INFO - Processing file /home/airflow/.local/lib/python3.12/site-packages/airflow/example_dags/example_skip_dag.py for tasks to queue
[2024-06-18T02:53:07.277+0000] {logging_mixin.py:188} INFO - [2024-06-18T02:53:07.276+0000] {dagbag.py:545} INFO - Filling up the DagBag from /home/airflow/.local/lib/python3.12/site-packages/airflow/example_dags/example_skip_dag.py
[2024-06-18T02:53:07.287+0000] {processor.py:840} INFO - DAG(s) 'example_skip_dag' retrieved from /home/airflow/.local/lib/python3.12/site-packages/airflow/example_dags/example_skip_dag.py
[2024-06-18T02:53:07.984+0000] {logging_mixin.py:188} INFO - [2024-06-18T02:53:07.980+0000] {dag.py:3096} INFO - Sync 1 DAGs
[2024-06-18T02:53:09.235+0000] {logging_mixin.py:188} INFO - [2024-06-18T02:53:09.235+0000] {dag.py:3954} INFO - Setting next_dagrun for example_skip_dag to 2024-06-17 00:00:00+00:00, run_after=2024-06-18 00:00:00+00:00
[2024-06-18T02:53:09.273+0000] {processor.py:183} INFO - Processing /home/airflow/.local/lib/python3.12/site-packages/airflow/example_dags/example_skip_dag.py took 2.009 seconds
[2024-06-18T02:53:39.331+0000] {processor.py:161} INFO - Started process (PID=67411) to work on /home/airflow/.local/lib/python3.12/site-packages/airflow/example_dags/example_skip_dag.py
[2024-06-18T02:53:39.332+0000] {processor.py:830} INFO - Processing file /home/airflow/.local/lib/python3.12/site-packages/airflow/example_dags/example_skip_dag.py for tasks to queue
[2024-06-18T02:53:39.333+0000] {logging_mixin.py:188} INFO - [2024-06-18T02:53:39.333+0000] {dagbag.py:545} INFO - Filling up the DagBag from /home/airflow/.local/lib/python3.12/site-packages/airflow/example_dags/example_skip_dag.py
[2024-06-18T02:53:39.340+0000] {processor.py:840} INFO - DAG(s) 'example_skip_dag' retrieved from /home/airflow/.local/lib/python3.12/site-packages/airflow/example_dags/example_skip_dag.py
[2024-06-18T02:53:39.362+0000] {logging_mixin.py:188} INFO - [2024-06-18T02:53:39.362+0000] {dag.py:3096} INFO - Sync 1 DAGs
[2024-06-18T02:53:39.384+0000] {logging_mixin.py:188} INFO - [2024-06-18T02:53:39.383+0000] {dag.py:3954} INFO - Setting next_dagrun for example_skip_dag to 2024-06-17 00:00:00+00:00, run_after=2024-06-18 00:00:00+00:00
[2024-06-18T02:53:39.405+0000] {processor.py:183} INFO - Processing /home/airflow/.local/lib/python3.12/site-packages/airflow/example_dags/example_skip_dag.py took 0.080 seconds
[2024-06-18T02:54:09.701+0000] {processor.py:161} INFO - Started process (PID=67469) to work on /home/airflow/.local/lib/python3.12/site-packages/airflow/example_dags/example_skip_dag.py
[2024-06-18T02:54:09.702+0000] {processor.py:830} INFO - Processing file /home/airflow/.local/lib/python3.12/site-packages/airflow/example_dags/example_skip_dag.py for tasks to queue
[2024-06-18T02:54:09.703+0000] {logging_mixin.py:188} INFO - [2024-06-18T02:54:09.702+0000] {dagbag.py:545} INFO - Filling up the DagBag from /home/airflow/.local/lib/python3.12/site-packages/airflow/example_dags/example_skip_dag.py
[2024-06-18T02:54:09.709+0000] {processor.py:840} INFO - DAG(s) 'example_skip_dag' retrieved from /home/airflow/.local/lib/python3.12/site-packages/airflow/example_dags/example_skip_dag.py
[2024-06-18T02:54:09.731+0000] {logging_mixin.py:188} INFO - [2024-06-18T02:54:09.730+0000] {dag.py:3096} INFO - Sync 1 DAGs
[2024-06-18T02:54:09.753+0000] {logging_mixin.py:188} INFO - [2024-06-18T02:54:09.752+0000] {dag.py:3954} INFO - Setting next_dagrun for example_skip_dag to 2024-06-17 00:00:00+00:00, run_after=2024-06-18 00:00:00+00:00
[2024-06-18T02:54:09.773+0000] {processor.py:183} INFO - Processing /home/airflow/.local/lib/python3.12/site-packages/airflow/example_dags/example_skip_dag.py took 0.079 seconds
[2024-06-18T02:54:39.925+0000] {processor.py:161} INFO - Started process (PID=67527) to work on /home/airflow/.local/lib/python3.12/site-packages/airflow/example_dags/example_skip_dag.py
[2024-06-18T02:54:39.926+0000] {processor.py:830} INFO - Processing file /home/airflow/.local/lib/python3.12/site-packages/airflow/example_dags/example_skip_dag.py for tasks to queue
[2024-06-18T02:54:39.927+0000] {logging_mixin.py:188} INFO - [2024-06-18T02:54:39.927+0000] {dagbag.py:545} INFO - Filling up the DagBag from /home/airflow/.local/lib/python3.12/site-packages/airflow/example_dags/example_skip_dag.py
[2024-06-18T02:54:39.936+0000] {processor.py:840} INFO - DAG(s) 'example_skip_dag' retrieved from /home/airflow/.local/lib/python3.12/site-packages/airflow/example_dags/example_skip_dag.py
[2024-06-18T02:54:39.959+0000] {logging_mixin.py:188} INFO - [2024-06-18T02:54:39.958+0000] {dag.py:3096} INFO - Sync 1 DAGs
[2024-06-18T02:54:39.980+0000] {logging_mixin.py:188} INFO - [2024-06-18T02:54:39.980+0000] {dag.py:3954} INFO - Setting next_dagrun for example_skip_dag to 2024-06-17 00:00:00+00:00, run_after=2024-06-18 00:00:00+00:00
[2024-06-18T02:54:40.001+0000] {processor.py:183} INFO - Processing /home/airflow/.local/lib/python3.12/site-packages/airflow/example_dags/example_skip_dag.py took 0.086 seconds
[2024-06-18T02:55:10.090+0000] {processor.py:161} INFO - Started process (PID=67585) to work on /home/airflow/.local/lib/python3.12/site-packages/airflow/example_dags/example_skip_dag.py
[2024-06-18T02:55:10.091+0000] {processor.py:830} INFO - Processing file /home/airflow/.local/lib/python3.12/site-packages/airflow/example_dags/example_skip_dag.py for tasks to queue
[2024-06-18T02:55:10.092+0000] {logging_mixin.py:188} INFO - [2024-06-18T02:55:10.092+0000] {dagbag.py:545} INFO - Filling up the DagBag from /home/airflow/.local/lib/python3.12/site-packages/airflow/example_dags/example_skip_dag.py
[2024-06-18T02:55:10.100+0000] {processor.py:840} INFO - DAG(s) 'example_skip_dag' retrieved from /home/airflow/.local/lib/python3.12/site-packages/airflow/example_dags/example_skip_dag.py
[2024-06-18T02:55:10.124+0000] {logging_mixin.py:188} INFO - [2024-06-18T02:55:10.123+0000] {dag.py:3096} INFO - Sync 1 DAGs
[2024-06-18T02:55:10.148+0000] {logging_mixin.py:188} INFO - [2024-06-18T02:55:10.147+0000] {dag.py:3954} INFO - Setting next_dagrun for example_skip_dag to 2024-06-17 00:00:00+00:00, run_after=2024-06-18 00:00:00+00:00
[2024-06-18T02:55:10.169+0000] {processor.py:183} INFO - Processing /home/airflow/.local/lib/python3.12/site-packages/airflow/example_dags/example_skip_dag.py took 0.085 seconds
[2024-06-18T02:55:40.477+0000] {processor.py:161} INFO - Started process (PID=67643) to work on /home/airflow/.local/lib/python3.12/site-packages/airflow/example_dags/example_skip_dag.py
[2024-06-18T02:55:40.478+0000] {processor.py:830} INFO - Processing file /home/airflow/.local/lib/python3.12/site-packages/airflow/example_dags/example_skip_dag.py for tasks to queue
[2024-06-18T02:55:40.479+0000] {logging_mixin.py:188} INFO - [2024-06-18T02:55:40.479+0000] {dagbag.py:545} INFO - Filling up the DagBag from /home/airflow/.local/lib/python3.12/site-packages/airflow/example_dags/example_skip_dag.py
[2024-06-18T02:55:40.486+0000] {processor.py:840} INFO - DAG(s) 'example_skip_dag' retrieved from /home/airflow/.local/lib/python3.12/site-packages/airflow/example_dags/example_skip_dag.py
[2024-06-18T02:55:40.508+0000] {logging_mixin.py:188} INFO - [2024-06-18T02:55:40.508+0000] {dag.py:3096} INFO - Sync 1 DAGs
[2024-06-18T02:55:40.530+0000] {logging_mixin.py:188} INFO - [2024-06-18T02:55:40.530+0000] {dag.py:3954} INFO - Setting next_dagrun for example_skip_dag to 2024-06-17 00:00:00+00:00, run_after=2024-06-18 00:00:00+00:00
[2024-06-18T02:55:40.551+0000] {processor.py:183} INFO - Processing /home/airflow/.local/lib/python3.12/site-packages/airflow/example_dags/example_skip_dag.py took 0.082 seconds
[2024-06-18T02:56:10.642+0000] {processor.py:161} INFO - Started process (PID=67701) to work on /home/airflow/.local/lib/python3.12/site-packages/airflow/example_dags/example_skip_dag.py
[2024-06-18T02:56:10.643+0000] {processor.py:830} INFO - Processing file /home/airflow/.local/lib/python3.12/site-packages/airflow/example_dags/example_skip_dag.py for tasks to queue
[2024-06-18T02:56:10.644+0000] {logging_mixin.py:188} INFO - [2024-06-18T02:56:10.644+0000] {dagbag.py:545} INFO - Filling up the DagBag from /home/airflow/.local/lib/python3.12/site-packages/airflow/example_dags/example_skip_dag.py
[2024-06-18T02:56:10.652+0000] {processor.py:840} INFO - DAG(s) 'example_skip_dag' retrieved from /home/airflow/.local/lib/python3.12/site-packages/airflow/example_dags/example_skip_dag.py
[2024-06-18T02:56:10.674+0000] {logging_mixin.py:188} INFO - [2024-06-18T02:56:10.674+0000] {dag.py:3096} INFO - Sync 1 DAGs
[2024-06-18T02:56:10.696+0000] {logging_mixin.py:188} INFO - [2024-06-18T02:56:10.695+0000] {dag.py:3954} INFO - Setting next_dagrun for example_skip_dag to 2024-06-17 00:00:00+00:00, run_after=2024-06-18 00:00:00+00:00
[2024-06-18T02:56:10.715+0000] {processor.py:183} INFO - Processing /home/airflow/.local/lib/python3.12/site-packages/airflow/example_dags/example_skip_dag.py took 0.079 seconds
