[2024-06-18T02:21:34.783+0000] {processor.py:161} INFO - Started process (PID=65184) to work on /home/airflow/.local/lib/python3.12/site-packages/airflow/example_dags/example_branch_operator_decorator.py
[2024-06-18T02:21:34.784+0000] {processor.py:830} INFO - Processing file /home/airflow/.local/lib/python3.12/site-packages/airflow/example_dags/example_branch_operator_decorator.py for tasks to queue
[2024-06-18T02:21:34.786+0000] {logging_mixin.py:188} INFO - [2024-06-18T02:21:34.785+0000] {dagbag.py:545} INFO - Filling up the DagBag from /home/airflow/.local/lib/python3.12/site-packages/airflow/example_dags/example_branch_operator_decorator.py
[2024-06-18T02:21:34.986+0000] {processor.py:840} INFO - DAG(s) 'example_branch_python_operator_decorator' retrieved from /home/airflow/.local/lib/python3.12/site-packages/airflow/example_dags/example_branch_operator_decorator.py
[2024-06-18T02:21:37.575+0000] {logging_mixin.py:188} INFO - [2024-06-18T02:21:37.212+0000] {dag.py:3096} INFO - Sync 1 DAGs
[2024-06-18T02:21:38.676+0000] {logging_mixin.py:188} INFO - [2024-06-18T02:21:38.669+0000] {dag.py:3954} INFO - Setting next_dagrun for example_branch_python_operator_decorator to 2024-06-17 00:00:00+00:00, run_after=2024-06-18 00:00:00+00:00
[2024-06-18T02:21:39.578+0000] {processor.py:183} INFO - Processing /home/airflow/.local/lib/python3.12/site-packages/airflow/example_dags/example_branch_operator_decorator.py took 4.825 seconds
[2024-06-18T02:22:09.932+0000] {processor.py:161} INFO - Started process (PID=65241) to work on /home/airflow/.local/lib/python3.12/site-packages/airflow/example_dags/example_branch_operator_decorator.py
[2024-06-18T02:22:09.934+0000] {processor.py:830} INFO - Processing file /home/airflow/.local/lib/python3.12/site-packages/airflow/example_dags/example_branch_operator_decorator.py for tasks to queue
[2024-06-18T02:22:09.935+0000] {logging_mixin.py:188} INFO - [2024-06-18T02:22:09.935+0000] {dagbag.py:545} INFO - Filling up the DagBag from /home/airflow/.local/lib/python3.12/site-packages/airflow/example_dags/example_branch_operator_decorator.py
[2024-06-18T02:22:09.967+0000] {processor.py:840} INFO - DAG(s) 'example_branch_python_operator_decorator' retrieved from /home/airflow/.local/lib/python3.12/site-packages/airflow/example_dags/example_branch_operator_decorator.py
[2024-06-18T02:22:10.019+0000] {logging_mixin.py:188} INFO - [2024-06-18T02:22:10.019+0000] {dag.py:3096} INFO - Sync 1 DAGs
[2024-06-18T02:22:10.061+0000] {logging_mixin.py:188} INFO - [2024-06-18T02:22:10.061+0000] {dag.py:3954} INFO - Setting next_dagrun for example_branch_python_operator_decorator to 2024-06-17 00:00:00+00:00, run_after=2024-06-18 00:00:00+00:00
[2024-06-18T02:22:10.091+0000] {processor.py:183} INFO - Processing /home/airflow/.local/lib/python3.12/site-packages/airflow/example_dags/example_branch_operator_decorator.py took 0.168 seconds
[2024-06-18T02:22:41.360+0000] {processor.py:161} INFO - Started process (PID=65294) to work on /home/airflow/.local/lib/python3.12/site-packages/airflow/example_dags/example_branch_operator_decorator.py
[2024-06-18T02:22:41.362+0000] {processor.py:830} INFO - Processing file /home/airflow/.local/lib/python3.12/site-packages/airflow/example_dags/example_branch_operator_decorator.py for tasks to queue
[2024-06-18T02:22:41.364+0000] {logging_mixin.py:188} INFO - [2024-06-18T02:22:41.363+0000] {dagbag.py:545} INFO - Filling up the DagBag from /home/airflow/.local/lib/python3.12/site-packages/airflow/example_dags/example_branch_operator_decorator.py
[2024-06-18T02:22:41.422+0000] {processor.py:840} INFO - DAG(s) 'example_branch_python_operator_decorator' retrieved from /home/airflow/.local/lib/python3.12/site-packages/airflow/example_dags/example_branch_operator_decorator.py
[2024-06-18T02:22:41.478+0000] {logging_mixin.py:188} INFO - [2024-06-18T02:22:41.478+0000] {dag.py:3096} INFO - Sync 1 DAGs
[2024-06-18T02:22:41.529+0000] {logging_mixin.py:188} INFO - [2024-06-18T02:22:41.529+0000] {dag.py:3954} INFO - Setting next_dagrun for example_branch_python_operator_decorator to 2024-06-17 00:00:00+00:00, run_after=2024-06-18 00:00:00+00:00
[2024-06-18T02:22:41.559+0000] {processor.py:183} INFO - Processing /home/airflow/.local/lib/python3.12/site-packages/airflow/example_dags/example_branch_operator_decorator.py took 0.209 seconds
[2024-06-18T02:23:11.923+0000] {processor.py:161} INFO - Started process (PID=65358) to work on /home/airflow/.local/lib/python3.12/site-packages/airflow/example_dags/example_branch_operator_decorator.py
[2024-06-18T02:23:11.925+0000] {processor.py:830} INFO - Processing file /home/airflow/.local/lib/python3.12/site-packages/airflow/example_dags/example_branch_operator_decorator.py for tasks to queue
[2024-06-18T02:23:11.928+0000] {logging_mixin.py:188} INFO - [2024-06-18T02:23:11.928+0000] {dagbag.py:545} INFO - Filling up the DagBag from /home/airflow/.local/lib/python3.12/site-packages/airflow/example_dags/example_branch_operator_decorator.py
[2024-06-18T02:23:12.010+0000] {processor.py:840} INFO - DAG(s) 'example_branch_python_operator_decorator' retrieved from /home/airflow/.local/lib/python3.12/site-packages/airflow/example_dags/example_branch_operator_decorator.py
[2024-06-18T02:23:12.093+0000] {logging_mixin.py:188} INFO - [2024-06-18T02:23:12.092+0000] {dag.py:3096} INFO - Sync 1 DAGs
[2024-06-18T02:23:12.145+0000] {logging_mixin.py:188} INFO - [2024-06-18T02:23:12.138+0000] {dag.py:3954} INFO - Setting next_dagrun for example_branch_python_operator_decorator to 2024-06-17 00:00:00+00:00, run_after=2024-06-18 00:00:00+00:00
[2024-06-18T02:23:12.199+0000] {processor.py:183} INFO - Processing /home/airflow/.local/lib/python3.12/site-packages/airflow/example_dags/example_branch_operator_decorator.py took 0.305 seconds
[2024-06-18T02:23:42.371+0000] {processor.py:161} INFO - Started process (PID=65416) to work on /home/airflow/.local/lib/python3.12/site-packages/airflow/example_dags/example_branch_operator_decorator.py
[2024-06-18T02:23:42.373+0000] {processor.py:830} INFO - Processing file /home/airflow/.local/lib/python3.12/site-packages/airflow/example_dags/example_branch_operator_decorator.py for tasks to queue
[2024-06-18T02:23:42.374+0000] {logging_mixin.py:188} INFO - [2024-06-18T02:23:42.373+0000] {dagbag.py:545} INFO - Filling up the DagBag from /home/airflow/.local/lib/python3.12/site-packages/airflow/example_dags/example_branch_operator_decorator.py
[2024-06-18T02:23:42.419+0000] {processor.py:840} INFO - DAG(s) 'example_branch_python_operator_decorator' retrieved from /home/airflow/.local/lib/python3.12/site-packages/airflow/example_dags/example_branch_operator_decorator.py
[2024-06-18T02:23:42.464+0000] {logging_mixin.py:188} INFO - [2024-06-18T02:23:42.464+0000] {dag.py:3096} INFO - Sync 1 DAGs
[2024-06-18T02:23:42.496+0000] {logging_mixin.py:188} INFO - [2024-06-18T02:23:42.496+0000] {dag.py:3954} INFO - Setting next_dagrun for example_branch_python_operator_decorator to 2024-06-17 00:00:00+00:00, run_after=2024-06-18 00:00:00+00:00
[2024-06-18T02:23:42.526+0000] {processor.py:183} INFO - Processing /home/airflow/.local/lib/python3.12/site-packages/airflow/example_dags/example_branch_operator_decorator.py took 0.165 seconds
[2024-06-18T02:24:13.384+0000] {processor.py:161} INFO - Started process (PID=65474) to work on /home/airflow/.local/lib/python3.12/site-packages/airflow/example_dags/example_branch_operator_decorator.py
[2024-06-18T02:24:13.385+0000] {processor.py:830} INFO - Processing file /home/airflow/.local/lib/python3.12/site-packages/airflow/example_dags/example_branch_operator_decorator.py for tasks to queue
[2024-06-18T02:24:13.387+0000] {logging_mixin.py:188} INFO - [2024-06-18T02:24:13.386+0000] {dagbag.py:545} INFO - Filling up the DagBag from /home/airflow/.local/lib/python3.12/site-packages/airflow/example_dags/example_branch_operator_decorator.py
[2024-06-18T02:24:13.585+0000] {processor.py:840} INFO - DAG(s) 'example_branch_python_operator_decorator' retrieved from /home/airflow/.local/lib/python3.12/site-packages/airflow/example_dags/example_branch_operator_decorator.py
[2024-06-18T02:24:13.653+0000] {logging_mixin.py:188} INFO - [2024-06-18T02:24:13.653+0000] {dag.py:3096} INFO - Sync 1 DAGs
[2024-06-18T02:24:13.681+0000] {logging_mixin.py:188} INFO - [2024-06-18T02:24:13.680+0000] {dag.py:3954} INFO - Setting next_dagrun for example_branch_python_operator_decorator to 2024-06-17 00:00:00+00:00, run_after=2024-06-18 00:00:00+00:00
[2024-06-18T02:24:13.710+0000] {processor.py:183} INFO - Processing /home/airflow/.local/lib/python3.12/site-packages/airflow/example_dags/example_branch_operator_decorator.py took 0.336 seconds
[2024-06-18T02:24:44.595+0000] {processor.py:161} INFO - Started process (PID=65532) to work on /home/airflow/.local/lib/python3.12/site-packages/airflow/example_dags/example_branch_operator_decorator.py
[2024-06-18T02:24:44.596+0000] {processor.py:830} INFO - Processing file /home/airflow/.local/lib/python3.12/site-packages/airflow/example_dags/example_branch_operator_decorator.py for tasks to queue
[2024-06-18T02:24:44.597+0000] {logging_mixin.py:188} INFO - [2024-06-18T02:24:44.597+0000] {dagbag.py:545} INFO - Filling up the DagBag from /home/airflow/.local/lib/python3.12/site-packages/airflow/example_dags/example_branch_operator_decorator.py
[2024-06-18T02:24:44.624+0000] {processor.py:840} INFO - DAG(s) 'example_branch_python_operator_decorator' retrieved from /home/airflow/.local/lib/python3.12/site-packages/airflow/example_dags/example_branch_operator_decorator.py
[2024-06-18T02:24:44.656+0000] {logging_mixin.py:188} INFO - [2024-06-18T02:24:44.656+0000] {dag.py:3096} INFO - Sync 1 DAGs
[2024-06-18T02:24:44.683+0000] {logging_mixin.py:188} INFO - [2024-06-18T02:24:44.683+0000] {dag.py:3954} INFO - Setting next_dagrun for example_branch_python_operator_decorator to 2024-06-17 00:00:00+00:00, run_after=2024-06-18 00:00:00+00:00
[2024-06-18T02:24:44.703+0000] {processor.py:183} INFO - Processing /home/airflow/.local/lib/python3.12/site-packages/airflow/example_dags/example_branch_operator_decorator.py took 0.116 seconds
[2024-06-18T02:25:15.233+0000] {processor.py:161} INFO - Started process (PID=65590) to work on /home/airflow/.local/lib/python3.12/site-packages/airflow/example_dags/example_branch_operator_decorator.py
[2024-06-18T02:25:15.235+0000] {processor.py:830} INFO - Processing file /home/airflow/.local/lib/python3.12/site-packages/airflow/example_dags/example_branch_operator_decorator.py for tasks to queue
[2024-06-18T02:25:15.235+0000] {logging_mixin.py:188} INFO - [2024-06-18T02:25:15.235+0000] {dagbag.py:545} INFO - Filling up the DagBag from /home/airflow/.local/lib/python3.12/site-packages/airflow/example_dags/example_branch_operator_decorator.py
[2024-06-18T02:25:15.258+0000] {processor.py:840} INFO - DAG(s) 'example_branch_python_operator_decorator' retrieved from /home/airflow/.local/lib/python3.12/site-packages/airflow/example_dags/example_branch_operator_decorator.py
[2024-06-18T02:25:15.295+0000] {logging_mixin.py:188} INFO - [2024-06-18T02:25:15.295+0000] {dag.py:3096} INFO - Sync 1 DAGs
[2024-06-18T02:25:15.321+0000] {logging_mixin.py:188} INFO - [2024-06-18T02:25:15.320+0000] {dag.py:3954} INFO - Setting next_dagrun for example_branch_python_operator_decorator to 2024-06-17 00:00:00+00:00, run_after=2024-06-18 00:00:00+00:00
[2024-06-18T02:25:15.345+0000] {processor.py:183} INFO - Processing /home/airflow/.local/lib/python3.12/site-packages/airflow/example_dags/example_branch_operator_decorator.py took 0.117 seconds
[2024-06-18T02:25:45.716+0000] {processor.py:161} INFO - Started process (PID=65648) to work on /home/airflow/.local/lib/python3.12/site-packages/airflow/example_dags/example_branch_operator_decorator.py
[2024-06-18T02:25:45.719+0000] {processor.py:830} INFO - Processing file /home/airflow/.local/lib/python3.12/site-packages/airflow/example_dags/example_branch_operator_decorator.py for tasks to queue
[2024-06-18T02:25:45.723+0000] {logging_mixin.py:188} INFO - [2024-06-18T02:25:45.720+0000] {dagbag.py:545} INFO - Filling up the DagBag from /home/airflow/.local/lib/python3.12/site-packages/airflow/example_dags/example_branch_operator_decorator.py
[2024-06-18T02:25:45.783+0000] {processor.py:840} INFO - DAG(s) 'example_branch_python_operator_decorator' retrieved from /home/airflow/.local/lib/python3.12/site-packages/airflow/example_dags/example_branch_operator_decorator.py
[2024-06-18T02:25:45.845+0000] {logging_mixin.py:188} INFO - [2024-06-18T02:25:45.845+0000] {dag.py:3096} INFO - Sync 1 DAGs
[2024-06-18T02:25:45.968+0000] {logging_mixin.py:188} INFO - [2024-06-18T02:25:45.967+0000] {dag.py:3954} INFO - Setting next_dagrun for example_branch_python_operator_decorator to 2024-06-17 00:00:00+00:00, run_after=2024-06-18 00:00:00+00:00
[2024-06-18T02:25:46.006+0000] {processor.py:183} INFO - Processing /home/airflow/.local/lib/python3.12/site-packages/airflow/example_dags/example_branch_operator_decorator.py took 0.297 seconds
[2024-06-18T02:26:16.899+0000] {processor.py:161} INFO - Started process (PID=65706) to work on /home/airflow/.local/lib/python3.12/site-packages/airflow/example_dags/example_branch_operator_decorator.py
[2024-06-18T02:26:16.901+0000] {processor.py:830} INFO - Processing file /home/airflow/.local/lib/python3.12/site-packages/airflow/example_dags/example_branch_operator_decorator.py for tasks to queue
[2024-06-18T02:26:16.902+0000] {logging_mixin.py:188} INFO - [2024-06-18T02:26:16.901+0000] {dagbag.py:545} INFO - Filling up the DagBag from /home/airflow/.local/lib/python3.12/site-packages/airflow/example_dags/example_branch_operator_decorator.py
[2024-06-18T02:26:16.935+0000] {processor.py:840} INFO - DAG(s) 'example_branch_python_operator_decorator' retrieved from /home/airflow/.local/lib/python3.12/site-packages/airflow/example_dags/example_branch_operator_decorator.py
[2024-06-18T02:26:16.973+0000] {logging_mixin.py:188} INFO - [2024-06-18T02:26:16.972+0000] {dag.py:3096} INFO - Sync 1 DAGs
[2024-06-18T02:26:17.003+0000] {logging_mixin.py:188} INFO - [2024-06-18T02:26:17.003+0000] {dag.py:3954} INFO - Setting next_dagrun for example_branch_python_operator_decorator to 2024-06-17 00:00:00+00:00, run_after=2024-06-18 00:00:00+00:00
[2024-06-18T02:26:17.028+0000] {processor.py:183} INFO - Processing /home/airflow/.local/lib/python3.12/site-packages/airflow/example_dags/example_branch_operator_decorator.py took 0.135 seconds
[2024-06-18T02:26:47.599+0000] {processor.py:161} INFO - Started process (PID=65765) to work on /home/airflow/.local/lib/python3.12/site-packages/airflow/example_dags/example_branch_operator_decorator.py
[2024-06-18T02:26:47.600+0000] {processor.py:830} INFO - Processing file /home/airflow/.local/lib/python3.12/site-packages/airflow/example_dags/example_branch_operator_decorator.py for tasks to queue
[2024-06-18T02:26:47.601+0000] {logging_mixin.py:188} INFO - [2024-06-18T02:26:47.601+0000] {dagbag.py:545} INFO - Filling up the DagBag from /home/airflow/.local/lib/python3.12/site-packages/airflow/example_dags/example_branch_operator_decorator.py
[2024-06-18T02:26:47.629+0000] {processor.py:840} INFO - DAG(s) 'example_branch_python_operator_decorator' retrieved from /home/airflow/.local/lib/python3.12/site-packages/airflow/example_dags/example_branch_operator_decorator.py
[2024-06-18T02:26:47.662+0000] {logging_mixin.py:188} INFO - [2024-06-18T02:26:47.662+0000] {dag.py:3096} INFO - Sync 1 DAGs
[2024-06-18T02:26:47.696+0000] {logging_mixin.py:188} INFO - [2024-06-18T02:26:47.696+0000] {dag.py:3954} INFO - Setting next_dagrun for example_branch_python_operator_decorator to 2024-06-17 00:00:00+00:00, run_after=2024-06-18 00:00:00+00:00
[2024-06-18T02:26:47.720+0000] {processor.py:183} INFO - Processing /home/airflow/.local/lib/python3.12/site-packages/airflow/example_dags/example_branch_operator_decorator.py took 0.128 seconds
[2024-06-18T02:27:18.265+0000] {processor.py:161} INFO - Started process (PID=65823) to work on /home/airflow/.local/lib/python3.12/site-packages/airflow/example_dags/example_branch_operator_decorator.py
[2024-06-18T02:27:18.268+0000] {processor.py:830} INFO - Processing file /home/airflow/.local/lib/python3.12/site-packages/airflow/example_dags/example_branch_operator_decorator.py for tasks to queue
[2024-06-18T02:27:18.270+0000] {logging_mixin.py:188} INFO - [2024-06-18T02:27:18.269+0000] {dagbag.py:545} INFO - Filling up the DagBag from /home/airflow/.local/lib/python3.12/site-packages/airflow/example_dags/example_branch_operator_decorator.py
[2024-06-18T02:27:18.320+0000] {processor.py:840} INFO - DAG(s) 'example_branch_python_operator_decorator' retrieved from /home/airflow/.local/lib/python3.12/site-packages/airflow/example_dags/example_branch_operator_decorator.py
[2024-06-18T02:27:18.365+0000] {logging_mixin.py:188} INFO - [2024-06-18T02:27:18.364+0000] {dag.py:3096} INFO - Sync 1 DAGs
[2024-06-18T02:27:18.404+0000] {logging_mixin.py:188} INFO - [2024-06-18T02:27:18.403+0000] {dag.py:3954} INFO - Setting next_dagrun for example_branch_python_operator_decorator to 2024-06-17 00:00:00+00:00, run_after=2024-06-18 00:00:00+00:00
[2024-06-18T02:27:18.433+0000] {processor.py:183} INFO - Processing /home/airflow/.local/lib/python3.12/site-packages/airflow/example_dags/example_branch_operator_decorator.py took 0.181 seconds
[2024-06-18T02:27:48.549+0000] {processor.py:161} INFO - Started process (PID=65881) to work on /home/airflow/.local/lib/python3.12/site-packages/airflow/example_dags/example_branch_operator_decorator.py
[2024-06-18T02:27:48.550+0000] {processor.py:830} INFO - Processing file /home/airflow/.local/lib/python3.12/site-packages/airflow/example_dags/example_branch_operator_decorator.py for tasks to queue
[2024-06-18T02:27:48.551+0000] {logging_mixin.py:188} INFO - [2024-06-18T02:27:48.551+0000] {dagbag.py:545} INFO - Filling up the DagBag from /home/airflow/.local/lib/python3.12/site-packages/airflow/example_dags/example_branch_operator_decorator.py
[2024-06-18T02:27:48.575+0000] {processor.py:840} INFO - DAG(s) 'example_branch_python_operator_decorator' retrieved from /home/airflow/.local/lib/python3.12/site-packages/airflow/example_dags/example_branch_operator_decorator.py
[2024-06-18T02:27:48.607+0000] {logging_mixin.py:188} INFO - [2024-06-18T02:27:48.607+0000] {dag.py:3096} INFO - Sync 1 DAGs
[2024-06-18T02:27:48.637+0000] {logging_mixin.py:188} INFO - [2024-06-18T02:27:48.637+0000] {dag.py:3954} INFO - Setting next_dagrun for example_branch_python_operator_decorator to 2024-06-17 00:00:00+00:00, run_after=2024-06-18 00:00:00+00:00
[2024-06-18T02:27:48.663+0000] {processor.py:183} INFO - Processing /home/airflow/.local/lib/python3.12/site-packages/airflow/example_dags/example_branch_operator_decorator.py took 0.122 seconds
[2024-06-18T02:28:18.884+0000] {processor.py:161} INFO - Started process (PID=65939) to work on /home/airflow/.local/lib/python3.12/site-packages/airflow/example_dags/example_branch_operator_decorator.py
[2024-06-18T02:28:18.885+0000] {processor.py:830} INFO - Processing file /home/airflow/.local/lib/python3.12/site-packages/airflow/example_dags/example_branch_operator_decorator.py for tasks to queue
[2024-06-18T02:28:18.886+0000] {logging_mixin.py:188} INFO - [2024-06-18T02:28:18.886+0000] {dagbag.py:545} INFO - Filling up the DagBag from /home/airflow/.local/lib/python3.12/site-packages/airflow/example_dags/example_branch_operator_decorator.py
[2024-06-18T02:28:18.917+0000] {processor.py:840} INFO - DAG(s) 'example_branch_python_operator_decorator' retrieved from /home/airflow/.local/lib/python3.12/site-packages/airflow/example_dags/example_branch_operator_decorator.py
[2024-06-18T02:28:18.960+0000] {logging_mixin.py:188} INFO - [2024-06-18T02:28:18.959+0000] {dag.py:3096} INFO - Sync 1 DAGs
[2024-06-18T02:28:18.995+0000] {logging_mixin.py:188} INFO - [2024-06-18T02:28:18.995+0000] {dag.py:3954} INFO - Setting next_dagrun for example_branch_python_operator_decorator to 2024-06-17 00:00:00+00:00, run_after=2024-06-18 00:00:00+00:00
[2024-06-18T02:28:19.017+0000] {processor.py:183} INFO - Processing /home/airflow/.local/lib/python3.12/site-packages/airflow/example_dags/example_branch_operator_decorator.py took 0.142 seconds
[2024-06-18T02:28:49.256+0000] {processor.py:161} INFO - Started process (PID=65998) to work on /home/airflow/.local/lib/python3.12/site-packages/airflow/example_dags/example_branch_operator_decorator.py
[2024-06-18T02:28:49.259+0000] {processor.py:830} INFO - Processing file /home/airflow/.local/lib/python3.12/site-packages/airflow/example_dags/example_branch_operator_decorator.py for tasks to queue
[2024-06-18T02:28:49.259+0000] {logging_mixin.py:188} INFO - [2024-06-18T02:28:49.259+0000] {dagbag.py:545} INFO - Filling up the DagBag from /home/airflow/.local/lib/python3.12/site-packages/airflow/example_dags/example_branch_operator_decorator.py
[2024-06-18T02:28:49.286+0000] {processor.py:840} INFO - DAG(s) 'example_branch_python_operator_decorator' retrieved from /home/airflow/.local/lib/python3.12/site-packages/airflow/example_dags/example_branch_operator_decorator.py
[2024-06-18T02:28:49.343+0000] {logging_mixin.py:188} INFO - [2024-06-18T02:28:49.342+0000] {dag.py:3096} INFO - Sync 1 DAGs
[2024-06-18T02:28:49.387+0000] {logging_mixin.py:188} INFO - [2024-06-18T02:28:49.387+0000] {dag.py:3954} INFO - Setting next_dagrun for example_branch_python_operator_decorator to 2024-06-17 00:00:00+00:00, run_after=2024-06-18 00:00:00+00:00
[2024-06-18T02:28:49.418+0000] {processor.py:183} INFO - Processing /home/airflow/.local/lib/python3.12/site-packages/airflow/example_dags/example_branch_operator_decorator.py took 0.169 seconds
[2024-06-18T02:29:19.657+0000] {processor.py:161} INFO - Started process (PID=66056) to work on /home/airflow/.local/lib/python3.12/site-packages/airflow/example_dags/example_branch_operator_decorator.py
[2024-06-18T02:29:19.658+0000] {processor.py:830} INFO - Processing file /home/airflow/.local/lib/python3.12/site-packages/airflow/example_dags/example_branch_operator_decorator.py for tasks to queue
[2024-06-18T02:29:19.659+0000] {logging_mixin.py:188} INFO - [2024-06-18T02:29:19.659+0000] {dagbag.py:545} INFO - Filling up the DagBag from /home/airflow/.local/lib/python3.12/site-packages/airflow/example_dags/example_branch_operator_decorator.py
[2024-06-18T02:29:19.681+0000] {processor.py:840} INFO - DAG(s) 'example_branch_python_operator_decorator' retrieved from /home/airflow/.local/lib/python3.12/site-packages/airflow/example_dags/example_branch_operator_decorator.py
[2024-06-18T02:29:19.718+0000] {logging_mixin.py:188} INFO - [2024-06-18T02:29:19.718+0000] {dag.py:3096} INFO - Sync 1 DAGs
[2024-06-18T02:29:19.745+0000] {logging_mixin.py:188} INFO - [2024-06-18T02:29:19.745+0000] {dag.py:3954} INFO - Setting next_dagrun for example_branch_python_operator_decorator to 2024-06-17 00:00:00+00:00, run_after=2024-06-18 00:00:00+00:00
[2024-06-18T02:29:19.771+0000] {processor.py:183} INFO - Processing /home/airflow/.local/lib/python3.12/site-packages/airflow/example_dags/example_branch_operator_decorator.py took 0.122 seconds
[2024-06-18T02:29:49.941+0000] {processor.py:161} INFO - Started process (PID=66114) to work on /home/airflow/.local/lib/python3.12/site-packages/airflow/example_dags/example_branch_operator_decorator.py
[2024-06-18T02:29:49.942+0000] {processor.py:830} INFO - Processing file /home/airflow/.local/lib/python3.12/site-packages/airflow/example_dags/example_branch_operator_decorator.py for tasks to queue
[2024-06-18T02:29:49.943+0000] {logging_mixin.py:188} INFO - [2024-06-18T02:29:49.943+0000] {dagbag.py:545} INFO - Filling up the DagBag from /home/airflow/.local/lib/python3.12/site-packages/airflow/example_dags/example_branch_operator_decorator.py
[2024-06-18T02:29:49.966+0000] {processor.py:840} INFO - DAG(s) 'example_branch_python_operator_decorator' retrieved from /home/airflow/.local/lib/python3.12/site-packages/airflow/example_dags/example_branch_operator_decorator.py
[2024-06-18T02:29:50.003+0000] {logging_mixin.py:188} INFO - [2024-06-18T02:29:50.003+0000] {dag.py:3096} INFO - Sync 1 DAGs
[2024-06-18T02:29:50.028+0000] {logging_mixin.py:188} INFO - [2024-06-18T02:29:50.027+0000] {dag.py:3954} INFO - Setting next_dagrun for example_branch_python_operator_decorator to 2024-06-17 00:00:00+00:00, run_after=2024-06-18 00:00:00+00:00
[2024-06-18T02:29:50.050+0000] {processor.py:183} INFO - Processing /home/airflow/.local/lib/python3.12/site-packages/airflow/example_dags/example_branch_operator_decorator.py took 0.115 seconds
[2024-06-18T02:30:20.616+0000] {processor.py:161} INFO - Started process (PID=66172) to work on /home/airflow/.local/lib/python3.12/site-packages/airflow/example_dags/example_branch_operator_decorator.py
[2024-06-18T02:30:20.618+0000] {processor.py:830} INFO - Processing file /home/airflow/.local/lib/python3.12/site-packages/airflow/example_dags/example_branch_operator_decorator.py for tasks to queue
[2024-06-18T02:30:20.619+0000] {logging_mixin.py:188} INFO - [2024-06-18T02:30:20.619+0000] {dagbag.py:545} INFO - Filling up the DagBag from /home/airflow/.local/lib/python3.12/site-packages/airflow/example_dags/example_branch_operator_decorator.py
[2024-06-18T02:30:20.644+0000] {processor.py:840} INFO - DAG(s) 'example_branch_python_operator_decorator' retrieved from /home/airflow/.local/lib/python3.12/site-packages/airflow/example_dags/example_branch_operator_decorator.py
[2024-06-18T02:30:20.701+0000] {logging_mixin.py:188} INFO - [2024-06-18T02:30:20.700+0000] {dag.py:3096} INFO - Sync 1 DAGs
[2024-06-18T02:30:20.744+0000] {logging_mixin.py:188} INFO - [2024-06-18T02:30:20.743+0000] {dag.py:3954} INFO - Setting next_dagrun for example_branch_python_operator_decorator to 2024-06-17 00:00:00+00:00, run_after=2024-06-18 00:00:00+00:00
[2024-06-18T02:30:20.772+0000] {processor.py:183} INFO - Processing /home/airflow/.local/lib/python3.12/site-packages/airflow/example_dags/example_branch_operator_decorator.py took 0.162 seconds
[2024-06-18T02:30:51.334+0000] {processor.py:161} INFO - Started process (PID=66230) to work on /home/airflow/.local/lib/python3.12/site-packages/airflow/example_dags/example_branch_operator_decorator.py
[2024-06-18T02:30:51.335+0000] {processor.py:830} INFO - Processing file /home/airflow/.local/lib/python3.12/site-packages/airflow/example_dags/example_branch_operator_decorator.py for tasks to queue
[2024-06-18T02:30:51.336+0000] {logging_mixin.py:188} INFO - [2024-06-18T02:30:51.336+0000] {dagbag.py:545} INFO - Filling up the DagBag from /home/airflow/.local/lib/python3.12/site-packages/airflow/example_dags/example_branch_operator_decorator.py
[2024-06-18T02:30:51.356+0000] {processor.py:840} INFO - DAG(s) 'example_branch_python_operator_decorator' retrieved from /home/airflow/.local/lib/python3.12/site-packages/airflow/example_dags/example_branch_operator_decorator.py
[2024-06-18T02:30:51.384+0000] {logging_mixin.py:188} INFO - [2024-06-18T02:30:51.384+0000] {dag.py:3096} INFO - Sync 1 DAGs
[2024-06-18T02:30:51.412+0000] {logging_mixin.py:188} INFO - [2024-06-18T02:30:51.412+0000] {dag.py:3954} INFO - Setting next_dagrun for example_branch_python_operator_decorator to 2024-06-17 00:00:00+00:00, run_after=2024-06-18 00:00:00+00:00
[2024-06-18T02:30:51.435+0000] {processor.py:183} INFO - Processing /home/airflow/.local/lib/python3.12/site-packages/airflow/example_dags/example_branch_operator_decorator.py took 0.108 seconds
[2024-06-18T02:31:21.507+0000] {processor.py:161} INFO - Started process (PID=66288) to work on /home/airflow/.local/lib/python3.12/site-packages/airflow/example_dags/example_branch_operator_decorator.py
[2024-06-18T02:31:21.510+0000] {processor.py:830} INFO - Processing file /home/airflow/.local/lib/python3.12/site-packages/airflow/example_dags/example_branch_operator_decorator.py for tasks to queue
[2024-06-18T02:31:21.512+0000] {logging_mixin.py:188} INFO - [2024-06-18T02:31:21.511+0000] {dagbag.py:545} INFO - Filling up the DagBag from /home/airflow/.local/lib/python3.12/site-packages/airflow/example_dags/example_branch_operator_decorator.py
[2024-06-18T02:31:21.546+0000] {processor.py:840} INFO - DAG(s) 'example_branch_python_operator_decorator' retrieved from /home/airflow/.local/lib/python3.12/site-packages/airflow/example_dags/example_branch_operator_decorator.py
[2024-06-18T02:31:21.587+0000] {logging_mixin.py:188} INFO - [2024-06-18T02:31:21.587+0000] {dag.py:3096} INFO - Sync 1 DAGs
[2024-06-18T02:31:21.623+0000] {logging_mixin.py:188} INFO - [2024-06-18T02:31:21.622+0000] {dag.py:3954} INFO - Setting next_dagrun for example_branch_python_operator_decorator to 2024-06-17 00:00:00+00:00, run_after=2024-06-18 00:00:00+00:00
[2024-06-18T02:31:21.645+0000] {processor.py:183} INFO - Processing /home/airflow/.local/lib/python3.12/site-packages/airflow/example_dags/example_branch_operator_decorator.py took 0.149 seconds
[2024-06-18T02:31:51.997+0000] {processor.py:161} INFO - Started process (PID=66346) to work on /home/airflow/.local/lib/python3.12/site-packages/airflow/example_dags/example_branch_operator_decorator.py
[2024-06-18T02:31:51.998+0000] {processor.py:830} INFO - Processing file /home/airflow/.local/lib/python3.12/site-packages/airflow/example_dags/example_branch_operator_decorator.py for tasks to queue
[2024-06-18T02:31:51.999+0000] {logging_mixin.py:188} INFO - [2024-06-18T02:31:51.999+0000] {dagbag.py:545} INFO - Filling up the DagBag from /home/airflow/.local/lib/python3.12/site-packages/airflow/example_dags/example_branch_operator_decorator.py
[2024-06-18T02:31:52.121+0000] {processor.py:840} INFO - DAG(s) 'example_branch_python_operator_decorator' retrieved from /home/airflow/.local/lib/python3.12/site-packages/airflow/example_dags/example_branch_operator_decorator.py
[2024-06-18T02:31:52.162+0000] {logging_mixin.py:188} INFO - [2024-06-18T02:31:52.162+0000] {dag.py:3096} INFO - Sync 1 DAGs
[2024-06-18T02:31:52.184+0000] {logging_mixin.py:188} INFO - [2024-06-18T02:31:52.184+0000] {dag.py:3954} INFO - Setting next_dagrun for example_branch_python_operator_decorator to 2024-06-17 00:00:00+00:00, run_after=2024-06-18 00:00:00+00:00
[2024-06-18T02:31:52.205+0000] {processor.py:183} INFO - Processing /home/airflow/.local/lib/python3.12/site-packages/airflow/example_dags/example_branch_operator_decorator.py took 0.213 seconds
[2024-06-18T02:32:23.123+0000] {processor.py:161} INFO - Started process (PID=66404) to work on /home/airflow/.local/lib/python3.12/site-packages/airflow/example_dags/example_branch_operator_decorator.py
[2024-06-18T02:32:23.125+0000] {processor.py:830} INFO - Processing file /home/airflow/.local/lib/python3.12/site-packages/airflow/example_dags/example_branch_operator_decorator.py for tasks to queue
[2024-06-18T02:32:23.126+0000] {logging_mixin.py:188} INFO - [2024-06-18T02:32:23.125+0000] {dagbag.py:545} INFO - Filling up the DagBag from /home/airflow/.local/lib/python3.12/site-packages/airflow/example_dags/example_branch_operator_decorator.py
[2024-06-18T02:32:23.149+0000] {processor.py:840} INFO - DAG(s) 'example_branch_python_operator_decorator' retrieved from /home/airflow/.local/lib/python3.12/site-packages/airflow/example_dags/example_branch_operator_decorator.py
[2024-06-18T02:32:23.183+0000] {logging_mixin.py:188} INFO - [2024-06-18T02:32:23.183+0000] {dag.py:3096} INFO - Sync 1 DAGs
[2024-06-18T02:32:23.210+0000] {logging_mixin.py:188} INFO - [2024-06-18T02:32:23.209+0000] {dag.py:3954} INFO - Setting next_dagrun for example_branch_python_operator_decorator to 2024-06-17 00:00:00+00:00, run_after=2024-06-18 00:00:00+00:00
[2024-06-18T02:32:23.230+0000] {processor.py:183} INFO - Processing /home/airflow/.local/lib/python3.12/site-packages/airflow/example_dags/example_branch_operator_decorator.py took 0.114 seconds
[2024-06-18T02:32:53.356+0000] {processor.py:161} INFO - Started process (PID=66462) to work on /home/airflow/.local/lib/python3.12/site-packages/airflow/example_dags/example_branch_operator_decorator.py
[2024-06-18T02:32:53.358+0000] {processor.py:830} INFO - Processing file /home/airflow/.local/lib/python3.12/site-packages/airflow/example_dags/example_branch_operator_decorator.py for tasks to queue
[2024-06-18T02:32:53.359+0000] {logging_mixin.py:188} INFO - [2024-06-18T02:32:53.358+0000] {dagbag.py:545} INFO - Filling up the DagBag from /home/airflow/.local/lib/python3.12/site-packages/airflow/example_dags/example_branch_operator_decorator.py
[2024-06-18T02:32:53.384+0000] {processor.py:840} INFO - DAG(s) 'example_branch_python_operator_decorator' retrieved from /home/airflow/.local/lib/python3.12/site-packages/airflow/example_dags/example_branch_operator_decorator.py
[2024-06-18T02:32:53.415+0000] {logging_mixin.py:188} INFO - [2024-06-18T02:32:53.415+0000] {dag.py:3096} INFO - Sync 1 DAGs
[2024-06-18T02:32:53.442+0000] {logging_mixin.py:188} INFO - [2024-06-18T02:32:53.442+0000] {dag.py:3954} INFO - Setting next_dagrun for example_branch_python_operator_decorator to 2024-06-17 00:00:00+00:00, run_after=2024-06-18 00:00:00+00:00
[2024-06-18T02:32:53.464+0000] {processor.py:183} INFO - Processing /home/airflow/.local/lib/python3.12/site-packages/airflow/example_dags/example_branch_operator_decorator.py took 0.116 seconds
[2024-06-18T02:33:23.573+0000] {processor.py:161} INFO - Started process (PID=66520) to work on /home/airflow/.local/lib/python3.12/site-packages/airflow/example_dags/example_branch_operator_decorator.py
[2024-06-18T02:33:23.573+0000] {processor.py:830} INFO - Processing file /home/airflow/.local/lib/python3.12/site-packages/airflow/example_dags/example_branch_operator_decorator.py for tasks to queue
[2024-06-18T02:33:23.574+0000] {logging_mixin.py:188} INFO - [2024-06-18T02:33:23.574+0000] {dagbag.py:545} INFO - Filling up the DagBag from /home/airflow/.local/lib/python3.12/site-packages/airflow/example_dags/example_branch_operator_decorator.py
[2024-06-18T02:33:23.595+0000] {processor.py:840} INFO - DAG(s) 'example_branch_python_operator_decorator' retrieved from /home/airflow/.local/lib/python3.12/site-packages/airflow/example_dags/example_branch_operator_decorator.py
[2024-06-18T02:33:23.624+0000] {logging_mixin.py:188} INFO - [2024-06-18T02:33:23.624+0000] {dag.py:3096} INFO - Sync 1 DAGs
[2024-06-18T02:33:23.649+0000] {logging_mixin.py:188} INFO - [2024-06-18T02:33:23.648+0000] {dag.py:3954} INFO - Setting next_dagrun for example_branch_python_operator_decorator to 2024-06-17 00:00:00+00:00, run_after=2024-06-18 00:00:00+00:00
[2024-06-18T02:33:23.668+0000] {processor.py:183} INFO - Processing /home/airflow/.local/lib/python3.12/site-packages/airflow/example_dags/example_branch_operator_decorator.py took 0.101 seconds
[2024-06-18T02:33:53.962+0000] {processor.py:161} INFO - Started process (PID=66578) to work on /home/airflow/.local/lib/python3.12/site-packages/airflow/example_dags/example_branch_operator_decorator.py
[2024-06-18T02:33:53.965+0000] {processor.py:830} INFO - Processing file /home/airflow/.local/lib/python3.12/site-packages/airflow/example_dags/example_branch_operator_decorator.py for tasks to queue
[2024-06-18T02:33:53.966+0000] {logging_mixin.py:188} INFO - [2024-06-18T02:33:53.966+0000] {dagbag.py:545} INFO - Filling up the DagBag from /home/airflow/.local/lib/python3.12/site-packages/airflow/example_dags/example_branch_operator_decorator.py
[2024-06-18T02:33:54.009+0000] {processor.py:840} INFO - DAG(s) 'example_branch_python_operator_decorator' retrieved from /home/airflow/.local/lib/python3.12/site-packages/airflow/example_dags/example_branch_operator_decorator.py
[2024-06-18T02:33:54.061+0000] {logging_mixin.py:188} INFO - [2024-06-18T02:33:54.060+0000] {dag.py:3096} INFO - Sync 1 DAGs
[2024-06-18T02:33:54.102+0000] {logging_mixin.py:188} INFO - [2024-06-18T02:33:54.102+0000] {dag.py:3954} INFO - Setting next_dagrun for example_branch_python_operator_decorator to 2024-06-17 00:00:00+00:00, run_after=2024-06-18 00:00:00+00:00
[2024-06-18T02:33:54.143+0000] {processor.py:183} INFO - Processing /home/airflow/.local/lib/python3.12/site-packages/airflow/example_dags/example_branch_operator_decorator.py took 0.194 seconds
[2024-06-18T02:34:24.407+0000] {processor.py:161} INFO - Started process (PID=66636) to work on /home/airflow/.local/lib/python3.12/site-packages/airflow/example_dags/example_branch_operator_decorator.py
[2024-06-18T02:34:24.409+0000] {processor.py:830} INFO - Processing file /home/airflow/.local/lib/python3.12/site-packages/airflow/example_dags/example_branch_operator_decorator.py for tasks to queue
[2024-06-18T02:34:24.410+0000] {logging_mixin.py:188} INFO - [2024-06-18T02:34:24.410+0000] {dagbag.py:545} INFO - Filling up the DagBag from /home/airflow/.local/lib/python3.12/site-packages/airflow/example_dags/example_branch_operator_decorator.py
[2024-06-18T02:34:24.431+0000] {processor.py:840} INFO - DAG(s) 'example_branch_python_operator_decorator' retrieved from /home/airflow/.local/lib/python3.12/site-packages/airflow/example_dags/example_branch_operator_decorator.py
[2024-06-18T02:34:24.469+0000] {logging_mixin.py:188} INFO - [2024-06-18T02:34:24.469+0000] {dag.py:3096} INFO - Sync 1 DAGs
[2024-06-18T02:34:24.492+0000] {logging_mixin.py:188} INFO - [2024-06-18T02:34:24.492+0000] {dag.py:3954} INFO - Setting next_dagrun for example_branch_python_operator_decorator to 2024-06-17 00:00:00+00:00, run_after=2024-06-18 00:00:00+00:00
[2024-06-18T02:34:24.512+0000] {processor.py:183} INFO - Processing /home/airflow/.local/lib/python3.12/site-packages/airflow/example_dags/example_branch_operator_decorator.py took 0.112 seconds
[2024-06-18T02:34:54.631+0000] {processor.py:161} INFO - Started process (PID=66694) to work on /home/airflow/.local/lib/python3.12/site-packages/airflow/example_dags/example_branch_operator_decorator.py
[2024-06-18T02:34:54.632+0000] {processor.py:830} INFO - Processing file /home/airflow/.local/lib/python3.12/site-packages/airflow/example_dags/example_branch_operator_decorator.py for tasks to queue
[2024-06-18T02:34:54.634+0000] {logging_mixin.py:188} INFO - [2024-06-18T02:34:54.633+0000] {dagbag.py:545} INFO - Filling up the DagBag from /home/airflow/.local/lib/python3.12/site-packages/airflow/example_dags/example_branch_operator_decorator.py
[2024-06-18T02:34:54.659+0000] {processor.py:840} INFO - DAG(s) 'example_branch_python_operator_decorator' retrieved from /home/airflow/.local/lib/python3.12/site-packages/airflow/example_dags/example_branch_operator_decorator.py
[2024-06-18T02:34:54.691+0000] {logging_mixin.py:188} INFO - [2024-06-18T02:34:54.691+0000] {dag.py:3096} INFO - Sync 1 DAGs
[2024-06-18T02:34:54.717+0000] {logging_mixin.py:188} INFO - [2024-06-18T02:34:54.717+0000] {dag.py:3954} INFO - Setting next_dagrun for example_branch_python_operator_decorator to 2024-06-17 00:00:00+00:00, run_after=2024-06-18 00:00:00+00:00
[2024-06-18T02:34:54.737+0000] {processor.py:183} INFO - Processing /home/airflow/.local/lib/python3.12/site-packages/airflow/example_dags/example_branch_operator_decorator.py took 0.116 seconds
[2024-06-18T02:35:24.888+0000] {processor.py:161} INFO - Started process (PID=66752) to work on /home/airflow/.local/lib/python3.12/site-packages/airflow/example_dags/example_branch_operator_decorator.py
[2024-06-18T02:35:24.889+0000] {processor.py:830} INFO - Processing file /home/airflow/.local/lib/python3.12/site-packages/airflow/example_dags/example_branch_operator_decorator.py for tasks to queue
[2024-06-18T02:35:24.890+0000] {logging_mixin.py:188} INFO - [2024-06-18T02:35:24.890+0000] {dagbag.py:545} INFO - Filling up the DagBag from /home/airflow/.local/lib/python3.12/site-packages/airflow/example_dags/example_branch_operator_decorator.py
[2024-06-18T02:35:24.911+0000] {processor.py:840} INFO - DAG(s) 'example_branch_python_operator_decorator' retrieved from /home/airflow/.local/lib/python3.12/site-packages/airflow/example_dags/example_branch_operator_decorator.py
[2024-06-18T02:35:24.945+0000] {logging_mixin.py:188} INFO - [2024-06-18T02:35:24.945+0000] {dag.py:3096} INFO - Sync 1 DAGs
[2024-06-18T02:35:24.974+0000] {logging_mixin.py:188} INFO - [2024-06-18T02:35:24.974+0000] {dag.py:3954} INFO - Setting next_dagrun for example_branch_python_operator_decorator to 2024-06-17 00:00:00+00:00, run_after=2024-06-18 00:00:00+00:00
[2024-06-18T02:35:24.998+0000] {processor.py:183} INFO - Processing /home/airflow/.local/lib/python3.12/site-packages/airflow/example_dags/example_branch_operator_decorator.py took 0.115 seconds
[2024-06-18T02:35:55.116+0000] {processor.py:161} INFO - Started process (PID=66810) to work on /home/airflow/.local/lib/python3.12/site-packages/airflow/example_dags/example_branch_operator_decorator.py
[2024-06-18T02:35:55.118+0000] {processor.py:830} INFO - Processing file /home/airflow/.local/lib/python3.12/site-packages/airflow/example_dags/example_branch_operator_decorator.py for tasks to queue
[2024-06-18T02:35:55.119+0000] {logging_mixin.py:188} INFO - [2024-06-18T02:35:55.118+0000] {dagbag.py:545} INFO - Filling up the DagBag from /home/airflow/.local/lib/python3.12/site-packages/airflow/example_dags/example_branch_operator_decorator.py
[2024-06-18T02:35:55.143+0000] {processor.py:840} INFO - DAG(s) 'example_branch_python_operator_decorator' retrieved from /home/airflow/.local/lib/python3.12/site-packages/airflow/example_dags/example_branch_operator_decorator.py
[2024-06-18T02:35:55.172+0000] {logging_mixin.py:188} INFO - [2024-06-18T02:35:55.172+0000] {dag.py:3096} INFO - Sync 1 DAGs
[2024-06-18T02:35:55.196+0000] {logging_mixin.py:188} INFO - [2024-06-18T02:35:55.196+0000] {dag.py:3954} INFO - Setting next_dagrun for example_branch_python_operator_decorator to 2024-06-17 00:00:00+00:00, run_after=2024-06-18 00:00:00+00:00
[2024-06-18T02:35:55.217+0000] {processor.py:183} INFO - Processing /home/airflow/.local/lib/python3.12/site-packages/airflow/example_dags/example_branch_operator_decorator.py took 0.106 seconds
[2024-06-18T02:36:25.346+0000] {processor.py:161} INFO - Started process (PID=66868) to work on /home/airflow/.local/lib/python3.12/site-packages/airflow/example_dags/example_branch_operator_decorator.py
[2024-06-18T02:36:25.348+0000] {processor.py:830} INFO - Processing file /home/airflow/.local/lib/python3.12/site-packages/airflow/example_dags/example_branch_operator_decorator.py for tasks to queue
[2024-06-18T02:36:25.349+0000] {logging_mixin.py:188} INFO - [2024-06-18T02:36:25.348+0000] {dagbag.py:545} INFO - Filling up the DagBag from /home/airflow/.local/lib/python3.12/site-packages/airflow/example_dags/example_branch_operator_decorator.py
[2024-06-18T02:36:25.369+0000] {processor.py:840} INFO - DAG(s) 'example_branch_python_operator_decorator' retrieved from /home/airflow/.local/lib/python3.12/site-packages/airflow/example_dags/example_branch_operator_decorator.py
[2024-06-18T02:36:25.402+0000] {logging_mixin.py:188} INFO - [2024-06-18T02:36:25.402+0000] {dag.py:3096} INFO - Sync 1 DAGs
[2024-06-18T02:36:25.428+0000] {logging_mixin.py:188} INFO - [2024-06-18T02:36:25.427+0000] {dag.py:3954} INFO - Setting next_dagrun for example_branch_python_operator_decorator to 2024-06-17 00:00:00+00:00, run_after=2024-06-18 00:00:00+00:00
[2024-06-18T02:36:25.450+0000] {processor.py:183} INFO - Processing /home/airflow/.local/lib/python3.12/site-packages/airflow/example_dags/example_branch_operator_decorator.py took 0.110 seconds
[2024-06-18T02:36:55.526+0000] {processor.py:161} INFO - Started process (PID=66926) to work on /home/airflow/.local/lib/python3.12/site-packages/airflow/example_dags/example_branch_operator_decorator.py
[2024-06-18T02:36:55.528+0000] {processor.py:830} INFO - Processing file /home/airflow/.local/lib/python3.12/site-packages/airflow/example_dags/example_branch_operator_decorator.py for tasks to queue
[2024-06-18T02:36:55.529+0000] {logging_mixin.py:188} INFO - [2024-06-18T02:36:55.529+0000] {dagbag.py:545} INFO - Filling up the DagBag from /home/airflow/.local/lib/python3.12/site-packages/airflow/example_dags/example_branch_operator_decorator.py
[2024-06-18T02:36:55.550+0000] {processor.py:840} INFO - DAG(s) 'example_branch_python_operator_decorator' retrieved from /home/airflow/.local/lib/python3.12/site-packages/airflow/example_dags/example_branch_operator_decorator.py
[2024-06-18T02:36:55.580+0000] {logging_mixin.py:188} INFO - [2024-06-18T02:36:55.580+0000] {dag.py:3096} INFO - Sync 1 DAGs
[2024-06-18T02:36:55.602+0000] {logging_mixin.py:188} INFO - [2024-06-18T02:36:55.602+0000] {dag.py:3954} INFO - Setting next_dagrun for example_branch_python_operator_decorator to 2024-06-17 00:00:00+00:00, run_after=2024-06-18 00:00:00+00:00
[2024-06-18T02:36:55.622+0000] {processor.py:183} INFO - Processing /home/airflow/.local/lib/python3.12/site-packages/airflow/example_dags/example_branch_operator_decorator.py took 0.102 seconds
[2024-06-18T02:37:26.436+0000] {processor.py:161} INFO - Started process (PID=66984) to work on /home/airflow/.local/lib/python3.12/site-packages/airflow/example_dags/example_branch_operator_decorator.py
[2024-06-18T02:37:26.438+0000] {processor.py:830} INFO - Processing file /home/airflow/.local/lib/python3.12/site-packages/airflow/example_dags/example_branch_operator_decorator.py for tasks to queue
[2024-06-18T02:37:26.439+0000] {logging_mixin.py:188} INFO - [2024-06-18T02:37:26.438+0000] {dagbag.py:545} INFO - Filling up the DagBag from /home/airflow/.local/lib/python3.12/site-packages/airflow/example_dags/example_branch_operator_decorator.py
[2024-06-18T02:37:26.464+0000] {processor.py:840} INFO - DAG(s) 'example_branch_python_operator_decorator' retrieved from /home/airflow/.local/lib/python3.12/site-packages/airflow/example_dags/example_branch_operator_decorator.py
[2024-06-18T02:37:26.494+0000] {logging_mixin.py:188} INFO - [2024-06-18T02:37:26.493+0000] {dag.py:3096} INFO - Sync 1 DAGs
[2024-06-18T02:37:26.518+0000] {logging_mixin.py:188} INFO - [2024-06-18T02:37:26.518+0000] {dag.py:3954} INFO - Setting next_dagrun for example_branch_python_operator_decorator to 2024-06-17 00:00:00+00:00, run_after=2024-06-18 00:00:00+00:00
[2024-06-18T02:37:26.540+0000] {processor.py:183} INFO - Processing /home/airflow/.local/lib/python3.12/site-packages/airflow/example_dags/example_branch_operator_decorator.py took 0.111 seconds
[2024-06-18T02:37:56.607+0000] {processor.py:161} INFO - Started process (PID=67042) to work on /home/airflow/.local/lib/python3.12/site-packages/airflow/example_dags/example_branch_operator_decorator.py
[2024-06-18T02:37:56.608+0000] {processor.py:830} INFO - Processing file /home/airflow/.local/lib/python3.12/site-packages/airflow/example_dags/example_branch_operator_decorator.py for tasks to queue
[2024-06-18T02:37:56.609+0000] {logging_mixin.py:188} INFO - [2024-06-18T02:37:56.608+0000] {dagbag.py:545} INFO - Filling up the DagBag from /home/airflow/.local/lib/python3.12/site-packages/airflow/example_dags/example_branch_operator_decorator.py
[2024-06-18T02:37:56.631+0000] {processor.py:840} INFO - DAG(s) 'example_branch_python_operator_decorator' retrieved from /home/airflow/.local/lib/python3.12/site-packages/airflow/example_dags/example_branch_operator_decorator.py
[2024-06-18T02:37:56.667+0000] {logging_mixin.py:188} INFO - [2024-06-18T02:37:56.667+0000] {dag.py:3096} INFO - Sync 1 DAGs
[2024-06-18T02:37:56.691+0000] {logging_mixin.py:188} INFO - [2024-06-18T02:37:56.691+0000] {dag.py:3954} INFO - Setting next_dagrun for example_branch_python_operator_decorator to 2024-06-17 00:00:00+00:00, run_after=2024-06-18 00:00:00+00:00
[2024-06-18T02:37:56.710+0000] {processor.py:183} INFO - Processing /home/airflow/.local/lib/python3.12/site-packages/airflow/example_dags/example_branch_operator_decorator.py took 0.109 seconds
[2024-06-18T02:38:26.853+0000] {processor.py:161} INFO - Started process (PID=67100) to work on /home/airflow/.local/lib/python3.12/site-packages/airflow/example_dags/example_branch_operator_decorator.py
[2024-06-18T02:38:26.855+0000] {processor.py:830} INFO - Processing file /home/airflow/.local/lib/python3.12/site-packages/airflow/example_dags/example_branch_operator_decorator.py for tasks to queue
[2024-06-18T02:38:26.856+0000] {logging_mixin.py:188} INFO - [2024-06-18T02:38:26.856+0000] {dagbag.py:545} INFO - Filling up the DagBag from /home/airflow/.local/lib/python3.12/site-packages/airflow/example_dags/example_branch_operator_decorator.py
[2024-06-18T02:38:26.892+0000] {processor.py:840} INFO - DAG(s) 'example_branch_python_operator_decorator' retrieved from /home/airflow/.local/lib/python3.12/site-packages/airflow/example_dags/example_branch_operator_decorator.py
[2024-06-18T02:38:26.966+0000] {logging_mixin.py:188} INFO - [2024-06-18T02:38:26.965+0000] {dag.py:3096} INFO - Sync 1 DAGs
[2024-06-18T02:38:27.013+0000] {logging_mixin.py:188} INFO - [2024-06-18T02:38:27.013+0000] {dag.py:3954} INFO - Setting next_dagrun for example_branch_python_operator_decorator to 2024-06-17 00:00:00+00:00, run_after=2024-06-18 00:00:00+00:00
[2024-06-18T02:38:27.045+0000] {processor.py:183} INFO - Processing /home/airflow/.local/lib/python3.12/site-packages/airflow/example_dags/example_branch_operator_decorator.py took 0.201 seconds
[2024-06-18T02:38:57.829+0000] {processor.py:161} INFO - Started process (PID=67158) to work on /home/airflow/.local/lib/python3.12/site-packages/airflow/example_dags/example_branch_operator_decorator.py
[2024-06-18T02:38:57.830+0000] {processor.py:830} INFO - Processing file /home/airflow/.local/lib/python3.12/site-packages/airflow/example_dags/example_branch_operator_decorator.py for tasks to queue
[2024-06-18T02:38:57.831+0000] {logging_mixin.py:188} INFO - [2024-06-18T02:38:57.831+0000] {dagbag.py:545} INFO - Filling up the DagBag from /home/airflow/.local/lib/python3.12/site-packages/airflow/example_dags/example_branch_operator_decorator.py
[2024-06-18T02:38:57.854+0000] {processor.py:840} INFO - DAG(s) 'example_branch_python_operator_decorator' retrieved from /home/airflow/.local/lib/python3.12/site-packages/airflow/example_dags/example_branch_operator_decorator.py
[2024-06-18T02:38:57.888+0000] {logging_mixin.py:188} INFO - [2024-06-18T02:38:57.888+0000] {dag.py:3096} INFO - Sync 1 DAGs
[2024-06-18T02:38:57.917+0000] {logging_mixin.py:188} INFO - [2024-06-18T02:38:57.917+0000] {dag.py:3954} INFO - Setting next_dagrun for example_branch_python_operator_decorator to 2024-06-17 00:00:00+00:00, run_after=2024-06-18 00:00:00+00:00
[2024-06-18T02:38:57.939+0000] {processor.py:183} INFO - Processing /home/airflow/.local/lib/python3.12/site-packages/airflow/example_dags/example_branch_operator_decorator.py took 0.117 seconds
[2024-06-18T02:39:28.036+0000] {processor.py:161} INFO - Started process (PID=67217) to work on /home/airflow/.local/lib/python3.12/site-packages/airflow/example_dags/example_branch_operator_decorator.py
[2024-06-18T02:39:28.037+0000] {processor.py:830} INFO - Processing file /home/airflow/.local/lib/python3.12/site-packages/airflow/example_dags/example_branch_operator_decorator.py for tasks to queue
[2024-06-18T02:39:28.040+0000] {logging_mixin.py:188} INFO - [2024-06-18T02:39:28.038+0000] {dagbag.py:545} INFO - Filling up the DagBag from /home/airflow/.local/lib/python3.12/site-packages/airflow/example_dags/example_branch_operator_decorator.py
[2024-06-18T02:39:28.083+0000] {processor.py:840} INFO - DAG(s) 'example_branch_python_operator_decorator' retrieved from /home/airflow/.local/lib/python3.12/site-packages/airflow/example_dags/example_branch_operator_decorator.py
[2024-06-18T02:39:28.133+0000] {logging_mixin.py:188} INFO - [2024-06-18T02:39:28.132+0000] {dag.py:3096} INFO - Sync 1 DAGs
[2024-06-18T02:39:28.162+0000] {logging_mixin.py:188} INFO - [2024-06-18T02:39:28.161+0000] {dag.py:3954} INFO - Setting next_dagrun for example_branch_python_operator_decorator to 2024-06-17 00:00:00+00:00, run_after=2024-06-18 00:00:00+00:00
[2024-06-18T02:39:28.185+0000] {processor.py:183} INFO - Processing /home/airflow/.local/lib/python3.12/site-packages/airflow/example_dags/example_branch_operator_decorator.py took 0.159 seconds
[2024-06-18T02:40:01.641+0000] {processor.py:161} INFO - Started process (PID=67275) to work on /home/airflow/.local/lib/python3.12/site-packages/airflow/example_dags/example_branch_operator_decorator.py
[2024-06-18T02:40:02.443+0000] {processor.py:830} INFO - Processing file /home/airflow/.local/lib/python3.12/site-packages/airflow/example_dags/example_branch_operator_decorator.py for tasks to queue
[2024-06-18T02:40:05.362+0000] {logging_mixin.py:188} INFO - [2024-06-18T02:40:03.612+0000] {dagbag.py:545} INFO - Filling up the DagBag from /home/airflow/.local/lib/python3.12/site-packages/airflow/example_dags/example_branch_operator_decorator.py
[2024-06-18T02:40:40.581+0000] {processor.py:840} INFO - DAG(s) 'example_branch_python_operator_decorator' retrieved from /home/airflow/.local/lib/python3.12/site-packages/airflow/example_dags/example_branch_operator_decorator.py
[2024-06-18T02:40:41.905+0000] {logging_mixin.py:188} INFO - [2024-06-18T02:40:41.904+0000] {dag.py:3096} INFO - Sync 1 DAGs
[2024-06-18T02:40:42.032+0000] {logging_mixin.py:188} INFO - [2024-06-18T02:40:42.031+0000] {dag.py:3954} INFO - Setting next_dagrun for example_branch_python_operator_decorator to 2024-06-17 00:00:00+00:00, run_after=2024-06-18 00:00:00+00:00
[2024-06-18T02:40:42.089+0000] {processor.py:183} INFO - Processing /home/airflow/.local/lib/python3.12/site-packages/airflow/example_dags/example_branch_operator_decorator.py took 41.603 seconds
[2024-06-18T02:53:03.318+0000] {processor.py:161} INFO - Started process (PID=67345) to work on /home/airflow/.local/lib/python3.12/site-packages/airflow/example_dags/example_branch_operator_decorator.py
[2024-06-18T02:53:03.331+0000] {processor.py:830} INFO - Processing file /home/airflow/.local/lib/python3.12/site-packages/airflow/example_dags/example_branch_operator_decorator.py for tasks to queue
[2024-06-18T02:53:03.333+0000] {logging_mixin.py:188} INFO - [2024-06-18T02:53:03.332+0000] {dagbag.py:545} INFO - Filling up the DagBag from /home/airflow/.local/lib/python3.12/site-packages/airflow/example_dags/example_branch_operator_decorator.py
[2024-06-18T02:53:03.379+0000] {processor.py:840} INFO - DAG(s) 'example_branch_python_operator_decorator' retrieved from /home/airflow/.local/lib/python3.12/site-packages/airflow/example_dags/example_branch_operator_decorator.py
[2024-06-18T02:53:03.449+0000] {logging_mixin.py:188} INFO - [2024-06-18T02:53:03.449+0000] {dag.py:3096} INFO - Sync 1 DAGs
[2024-06-18T02:53:03.486+0000] {logging_mixin.py:188} INFO - [2024-06-18T02:53:03.485+0000] {dag.py:3954} INFO - Setting next_dagrun for example_branch_python_operator_decorator to 2024-06-17 00:00:00+00:00, run_after=2024-06-18 00:00:00+00:00
[2024-06-18T02:53:03.512+0000] {processor.py:183} INFO - Processing /home/airflow/.local/lib/python3.12/site-packages/airflow/example_dags/example_branch_operator_decorator.py took 0.205 seconds
[2024-06-18T02:53:33.779+0000] {processor.py:161} INFO - Started process (PID=67397) to work on /home/airflow/.local/lib/python3.12/site-packages/airflow/example_dags/example_branch_operator_decorator.py
[2024-06-18T02:53:33.780+0000] {processor.py:830} INFO - Processing file /home/airflow/.local/lib/python3.12/site-packages/airflow/example_dags/example_branch_operator_decorator.py for tasks to queue
[2024-06-18T02:53:33.781+0000] {logging_mixin.py:188} INFO - [2024-06-18T02:53:33.781+0000] {dagbag.py:545} INFO - Filling up the DagBag from /home/airflow/.local/lib/python3.12/site-packages/airflow/example_dags/example_branch_operator_decorator.py
[2024-06-18T02:53:33.807+0000] {processor.py:840} INFO - DAG(s) 'example_branch_python_operator_decorator' retrieved from /home/airflow/.local/lib/python3.12/site-packages/airflow/example_dags/example_branch_operator_decorator.py
[2024-06-18T02:53:33.845+0000] {logging_mixin.py:188} INFO - [2024-06-18T02:53:33.845+0000] {dag.py:3096} INFO - Sync 1 DAGs
[2024-06-18T02:53:33.878+0000] {logging_mixin.py:188} INFO - [2024-06-18T02:53:33.877+0000] {dag.py:3954} INFO - Setting next_dagrun for example_branch_python_operator_decorator to 2024-06-17 00:00:00+00:00, run_after=2024-06-18 00:00:00+00:00
[2024-06-18T02:53:33.907+0000] {processor.py:183} INFO - Processing /home/airflow/.local/lib/python3.12/site-packages/airflow/example_dags/example_branch_operator_decorator.py took 0.136 seconds
[2024-06-18T02:54:04.302+0000] {processor.py:161} INFO - Started process (PID=67455) to work on /home/airflow/.local/lib/python3.12/site-packages/airflow/example_dags/example_branch_operator_decorator.py
[2024-06-18T02:54:04.303+0000] {processor.py:830} INFO - Processing file /home/airflow/.local/lib/python3.12/site-packages/airflow/example_dags/example_branch_operator_decorator.py for tasks to queue
[2024-06-18T02:54:04.305+0000] {logging_mixin.py:188} INFO - [2024-06-18T02:54:04.304+0000] {dagbag.py:545} INFO - Filling up the DagBag from /home/airflow/.local/lib/python3.12/site-packages/airflow/example_dags/example_branch_operator_decorator.py
[2024-06-18T02:54:04.327+0000] {processor.py:840} INFO - DAG(s) 'example_branch_python_operator_decorator' retrieved from /home/airflow/.local/lib/python3.12/site-packages/airflow/example_dags/example_branch_operator_decorator.py
[2024-06-18T02:54:04.358+0000] {logging_mixin.py:188} INFO - [2024-06-18T02:54:04.358+0000] {dag.py:3096} INFO - Sync 1 DAGs
[2024-06-18T02:54:04.380+0000] {logging_mixin.py:188} INFO - [2024-06-18T02:54:04.380+0000] {dag.py:3954} INFO - Setting next_dagrun for example_branch_python_operator_decorator to 2024-06-17 00:00:00+00:00, run_after=2024-06-18 00:00:00+00:00
[2024-06-18T02:54:04.398+0000] {processor.py:183} INFO - Processing /home/airflow/.local/lib/python3.12/site-packages/airflow/example_dags/example_branch_operator_decorator.py took 0.103 seconds
[2024-06-18T02:54:34.457+0000] {processor.py:161} INFO - Started process (PID=67513) to work on /home/airflow/.local/lib/python3.12/site-packages/airflow/example_dags/example_branch_operator_decorator.py
[2024-06-18T02:54:34.458+0000] {processor.py:830} INFO - Processing file /home/airflow/.local/lib/python3.12/site-packages/airflow/example_dags/example_branch_operator_decorator.py for tasks to queue
[2024-06-18T02:54:34.458+0000] {logging_mixin.py:188} INFO - [2024-06-18T02:54:34.458+0000] {dagbag.py:545} INFO - Filling up the DagBag from /home/airflow/.local/lib/python3.12/site-packages/airflow/example_dags/example_branch_operator_decorator.py
[2024-06-18T02:54:34.478+0000] {processor.py:840} INFO - DAG(s) 'example_branch_python_operator_decorator' retrieved from /home/airflow/.local/lib/python3.12/site-packages/airflow/example_dags/example_branch_operator_decorator.py
[2024-06-18T02:54:34.509+0000] {logging_mixin.py:188} INFO - [2024-06-18T02:54:34.508+0000] {dag.py:3096} INFO - Sync 1 DAGs
[2024-06-18T02:54:34.535+0000] {logging_mixin.py:188} INFO - [2024-06-18T02:54:34.535+0000] {dag.py:3954} INFO - Setting next_dagrun for example_branch_python_operator_decorator to 2024-06-17 00:00:00+00:00, run_after=2024-06-18 00:00:00+00:00
[2024-06-18T02:54:34.556+0000] {processor.py:183} INFO - Processing /home/airflow/.local/lib/python3.12/site-packages/airflow/example_dags/example_branch_operator_decorator.py took 0.105 seconds
[2024-06-18T02:55:04.621+0000] {processor.py:161} INFO - Started process (PID=67570) to work on /home/airflow/.local/lib/python3.12/site-packages/airflow/example_dags/example_branch_operator_decorator.py
[2024-06-18T02:55:04.622+0000] {processor.py:830} INFO - Processing file /home/airflow/.local/lib/python3.12/site-packages/airflow/example_dags/example_branch_operator_decorator.py for tasks to queue
[2024-06-18T02:55:04.623+0000] {logging_mixin.py:188} INFO - [2024-06-18T02:55:04.623+0000] {dagbag.py:545} INFO - Filling up the DagBag from /home/airflow/.local/lib/python3.12/site-packages/airflow/example_dags/example_branch_operator_decorator.py
[2024-06-18T02:55:04.650+0000] {processor.py:840} INFO - DAG(s) 'example_branch_python_operator_decorator' retrieved from /home/airflow/.local/lib/python3.12/site-packages/airflow/example_dags/example_branch_operator_decorator.py
[2024-06-18T02:55:04.685+0000] {logging_mixin.py:188} INFO - [2024-06-18T02:55:04.685+0000] {dag.py:3096} INFO - Sync 1 DAGs
[2024-06-18T02:55:04.712+0000] {logging_mixin.py:188} INFO - [2024-06-18T02:55:04.712+0000] {dag.py:3954} INFO - Setting next_dagrun for example_branch_python_operator_decorator to 2024-06-17 00:00:00+00:00, run_after=2024-06-18 00:00:00+00:00
[2024-06-18T02:55:04.741+0000] {processor.py:183} INFO - Processing /home/airflow/.local/lib/python3.12/site-packages/airflow/example_dags/example_branch_operator_decorator.py took 0.127 seconds
[2024-06-18T02:55:34.825+0000] {processor.py:161} INFO - Started process (PID=67628) to work on /home/airflow/.local/lib/python3.12/site-packages/airflow/example_dags/example_branch_operator_decorator.py
[2024-06-18T02:55:34.826+0000] {processor.py:830} INFO - Processing file /home/airflow/.local/lib/python3.12/site-packages/airflow/example_dags/example_branch_operator_decorator.py for tasks to queue
[2024-06-18T02:55:34.827+0000] {logging_mixin.py:188} INFO - [2024-06-18T02:55:34.827+0000] {dagbag.py:545} INFO - Filling up the DagBag from /home/airflow/.local/lib/python3.12/site-packages/airflow/example_dags/example_branch_operator_decorator.py
[2024-06-18T02:55:34.849+0000] {processor.py:840} INFO - DAG(s) 'example_branch_python_operator_decorator' retrieved from /home/airflow/.local/lib/python3.12/site-packages/airflow/example_dags/example_branch_operator_decorator.py
[2024-06-18T02:55:34.879+0000] {logging_mixin.py:188} INFO - [2024-06-18T02:55:34.879+0000] {dag.py:3096} INFO - Sync 1 DAGs
[2024-06-18T02:55:34.902+0000] {logging_mixin.py:188} INFO - [2024-06-18T02:55:34.902+0000] {dag.py:3954} INFO - Setting next_dagrun for example_branch_python_operator_decorator to 2024-06-17 00:00:00+00:00, run_after=2024-06-18 00:00:00+00:00
[2024-06-18T02:55:34.924+0000] {processor.py:183} INFO - Processing /home/airflow/.local/lib/python3.12/site-packages/airflow/example_dags/example_branch_operator_decorator.py took 0.106 seconds
[2024-06-18T02:56:05.105+0000] {processor.py:161} INFO - Started process (PID=67686) to work on /home/airflow/.local/lib/python3.12/site-packages/airflow/example_dags/example_branch_operator_decorator.py
[2024-06-18T02:56:05.106+0000] {processor.py:830} INFO - Processing file /home/airflow/.local/lib/python3.12/site-packages/airflow/example_dags/example_branch_operator_decorator.py for tasks to queue
[2024-06-18T02:56:05.107+0000] {logging_mixin.py:188} INFO - [2024-06-18T02:56:05.106+0000] {dagbag.py:545} INFO - Filling up the DagBag from /home/airflow/.local/lib/python3.12/site-packages/airflow/example_dags/example_branch_operator_decorator.py
[2024-06-18T02:56:05.128+0000] {processor.py:840} INFO - DAG(s) 'example_branch_python_operator_decorator' retrieved from /home/airflow/.local/lib/python3.12/site-packages/airflow/example_dags/example_branch_operator_decorator.py
[2024-06-18T02:56:05.159+0000] {logging_mixin.py:188} INFO - [2024-06-18T02:56:05.158+0000] {dag.py:3096} INFO - Sync 1 DAGs
[2024-06-18T02:56:05.183+0000] {logging_mixin.py:188} INFO - [2024-06-18T02:56:05.183+0000] {dag.py:3954} INFO - Setting next_dagrun for example_branch_python_operator_decorator to 2024-06-17 00:00:00+00:00, run_after=2024-06-18 00:00:00+00:00
[2024-06-18T02:56:05.204+0000] {processor.py:183} INFO - Processing /home/airflow/.local/lib/python3.12/site-packages/airflow/example_dags/example_branch_operator_decorator.py took 0.106 seconds
