[2024-06-18T02:21:44.614+0000] {processor.py:161} INFO - Started process (PID=65210) to work on /home/airflow/.local/lib/python3.12/site-packages/airflow/example_dags/example_nested_branch_dag.py
[2024-06-18T02:21:44.616+0000] {processor.py:830} INFO - Processing file /home/airflow/.local/lib/python3.12/site-packages/airflow/example_dags/example_nested_branch_dag.py for tasks to queue
[2024-06-18T02:21:44.617+0000] {logging_mixin.py:188} INFO - [2024-06-18T02:21:44.617+0000] {dagbag.py:545} INFO - Filling up the DagBag from /home/airflow/.local/lib/python3.12/site-packages/airflow/example_dags/example_nested_branch_dag.py
[2024-06-18T02:21:44.631+0000] {processor.py:840} INFO - DAG(s) 'example_nested_branch_dag' retrieved from /home/airflow/.local/lib/python3.12/site-packages/airflow/example_dags/example_nested_branch_dag.py
[2024-06-18T02:21:44.662+0000] {logging_mixin.py:188} INFO - [2024-06-18T02:21:44.662+0000] {dag.py:3096} INFO - Sync 1 DAGs
[2024-06-18T02:21:44.703+0000] {logging_mixin.py:188} INFO - [2024-06-18T02:21:44.703+0000] {dag.py:3954} INFO - Setting next_dagrun for example_nested_branch_dag to 2024-06-17 00:00:00+00:00, run_after=2024-06-18 00:00:00+00:00
[2024-06-18T02:21:44.732+0000] {processor.py:183} INFO - Processing /home/airflow/.local/lib/python3.12/site-packages/airflow/example_dags/example_nested_branch_dag.py took 0.129 seconds
[2024-06-18T02:22:15.827+0000] {processor.py:161} INFO - Started process (PID=65268) to work on /home/airflow/.local/lib/python3.12/site-packages/airflow/example_dags/example_nested_branch_dag.py
[2024-06-18T02:22:15.828+0000] {processor.py:830} INFO - Processing file /home/airflow/.local/lib/python3.12/site-packages/airflow/example_dags/example_nested_branch_dag.py for tasks to queue
[2024-06-18T02:22:15.829+0000] {logging_mixin.py:188} INFO - [2024-06-18T02:22:15.829+0000] {dagbag.py:545} INFO - Filling up the DagBag from /home/airflow/.local/lib/python3.12/site-packages/airflow/example_dags/example_nested_branch_dag.py
[2024-06-18T02:22:15.843+0000] {processor.py:840} INFO - DAG(s) 'example_nested_branch_dag' retrieved from /home/airflow/.local/lib/python3.12/site-packages/airflow/example_dags/example_nested_branch_dag.py
[2024-06-18T02:22:15.872+0000] {logging_mixin.py:188} INFO - [2024-06-18T02:22:15.872+0000] {dag.py:3096} INFO - Sync 1 DAGs
[2024-06-18T02:22:15.908+0000] {logging_mixin.py:188} INFO - [2024-06-18T02:22:15.908+0000] {dag.py:3954} INFO - Setting next_dagrun for example_nested_branch_dag to 2024-06-17 00:00:00+00:00, run_after=2024-06-18 00:00:00+00:00
[2024-06-18T02:22:15.936+0000] {processor.py:183} INFO - Processing /home/airflow/.local/lib/python3.12/site-packages/airflow/example_dags/example_nested_branch_dag.py took 0.115 seconds
[2024-06-18T02:22:46.560+0000] {processor.py:161} INFO - Started process (PID=65326) to work on /home/airflow/.local/lib/python3.12/site-packages/airflow/example_dags/example_nested_branch_dag.py
[2024-06-18T02:22:46.562+0000] {processor.py:830} INFO - Processing file /home/airflow/.local/lib/python3.12/site-packages/airflow/example_dags/example_nested_branch_dag.py for tasks to queue
[2024-06-18T02:22:46.562+0000] {logging_mixin.py:188} INFO - [2024-06-18T02:22:46.562+0000] {dagbag.py:545} INFO - Filling up the DagBag from /home/airflow/.local/lib/python3.12/site-packages/airflow/example_dags/example_nested_branch_dag.py
[2024-06-18T02:22:46.572+0000] {processor.py:840} INFO - DAG(s) 'example_nested_branch_dag' retrieved from /home/airflow/.local/lib/python3.12/site-packages/airflow/example_dags/example_nested_branch_dag.py
[2024-06-18T02:22:46.597+0000] {logging_mixin.py:188} INFO - [2024-06-18T02:22:46.596+0000] {dag.py:3096} INFO - Sync 1 DAGs
[2024-06-18T02:22:46.622+0000] {logging_mixin.py:188} INFO - [2024-06-18T02:22:46.622+0000] {dag.py:3954} INFO - Setting next_dagrun for example_nested_branch_dag to 2024-06-17 00:00:00+00:00, run_after=2024-06-18 00:00:00+00:00
[2024-06-18T02:22:46.649+0000] {processor.py:183} INFO - Processing /home/airflow/.local/lib/python3.12/site-packages/airflow/example_dags/example_nested_branch_dag.py took 0.095 seconds
[2024-06-18T02:23:17.168+0000] {processor.py:161} INFO - Started process (PID=65385) to work on /home/airflow/.local/lib/python3.12/site-packages/airflow/example_dags/example_nested_branch_dag.py
[2024-06-18T02:23:17.169+0000] {processor.py:830} INFO - Processing file /home/airflow/.local/lib/python3.12/site-packages/airflow/example_dags/example_nested_branch_dag.py for tasks to queue
[2024-06-18T02:23:17.170+0000] {logging_mixin.py:188} INFO - [2024-06-18T02:23:17.169+0000] {dagbag.py:545} INFO - Filling up the DagBag from /home/airflow/.local/lib/python3.12/site-packages/airflow/example_dags/example_nested_branch_dag.py
[2024-06-18T02:23:17.185+0000] {processor.py:840} INFO - DAG(s) 'example_nested_branch_dag' retrieved from /home/airflow/.local/lib/python3.12/site-packages/airflow/example_dags/example_nested_branch_dag.py
[2024-06-18T02:23:17.217+0000] {logging_mixin.py:188} INFO - [2024-06-18T02:23:17.217+0000] {dag.py:3096} INFO - Sync 1 DAGs
[2024-06-18T02:23:17.247+0000] {logging_mixin.py:188} INFO - [2024-06-18T02:23:17.247+0000] {dag.py:3954} INFO - Setting next_dagrun for example_nested_branch_dag to 2024-06-17 00:00:00+00:00, run_after=2024-06-18 00:00:00+00:00
[2024-06-18T02:23:17.274+0000] {processor.py:183} INFO - Processing /home/airflow/.local/lib/python3.12/site-packages/airflow/example_dags/example_nested_branch_dag.py took 0.112 seconds
[2024-06-18T02:23:47.680+0000] {processor.py:161} INFO - Started process (PID=65443) to work on /home/airflow/.local/lib/python3.12/site-packages/airflow/example_dags/example_nested_branch_dag.py
[2024-06-18T02:23:47.681+0000] {processor.py:830} INFO - Processing file /home/airflow/.local/lib/python3.12/site-packages/airflow/example_dags/example_nested_branch_dag.py for tasks to queue
[2024-06-18T02:23:47.681+0000] {logging_mixin.py:188} INFO - [2024-06-18T02:23:47.681+0000] {dagbag.py:545} INFO - Filling up the DagBag from /home/airflow/.local/lib/python3.12/site-packages/airflow/example_dags/example_nested_branch_dag.py
[2024-06-18T02:23:47.693+0000] {processor.py:840} INFO - DAG(s) 'example_nested_branch_dag' retrieved from /home/airflow/.local/lib/python3.12/site-packages/airflow/example_dags/example_nested_branch_dag.py
[2024-06-18T02:23:47.715+0000] {logging_mixin.py:188} INFO - [2024-06-18T02:23:47.715+0000] {dag.py:3096} INFO - Sync 1 DAGs
[2024-06-18T02:23:47.738+0000] {logging_mixin.py:188} INFO - [2024-06-18T02:23:47.738+0000] {dag.py:3954} INFO - Setting next_dagrun for example_nested_branch_dag to 2024-06-17 00:00:00+00:00, run_after=2024-06-18 00:00:00+00:00
[2024-06-18T02:23:47.757+0000] {processor.py:183} INFO - Processing /home/airflow/.local/lib/python3.12/site-packages/airflow/example_dags/example_nested_branch_dag.py took 0.082 seconds
[2024-06-18T02:24:18.816+0000] {processor.py:161} INFO - Started process (PID=65501) to work on /home/airflow/.local/lib/python3.12/site-packages/airflow/example_dags/example_nested_branch_dag.py
[2024-06-18T02:24:18.818+0000] {processor.py:830} INFO - Processing file /home/airflow/.local/lib/python3.12/site-packages/airflow/example_dags/example_nested_branch_dag.py for tasks to queue
[2024-06-18T02:24:18.819+0000] {logging_mixin.py:188} INFO - [2024-06-18T02:24:18.819+0000] {dagbag.py:545} INFO - Filling up the DagBag from /home/airflow/.local/lib/python3.12/site-packages/airflow/example_dags/example_nested_branch_dag.py
[2024-06-18T02:24:18.833+0000] {processor.py:840} INFO - DAG(s) 'example_nested_branch_dag' retrieved from /home/airflow/.local/lib/python3.12/site-packages/airflow/example_dags/example_nested_branch_dag.py
[2024-06-18T02:24:18.862+0000] {logging_mixin.py:188} INFO - [2024-06-18T02:24:18.861+0000] {dag.py:3096} INFO - Sync 1 DAGs
[2024-06-18T02:24:18.900+0000] {logging_mixin.py:188} INFO - [2024-06-18T02:24:18.898+0000] {dag.py:3954} INFO - Setting next_dagrun for example_nested_branch_dag to 2024-06-17 00:00:00+00:00, run_after=2024-06-18 00:00:00+00:00
[2024-06-18T02:24:18.931+0000] {processor.py:183} INFO - Processing /home/airflow/.local/lib/python3.12/site-packages/airflow/example_dags/example_nested_branch_dag.py took 0.123 seconds
[2024-06-18T02:24:49.920+0000] {processor.py:161} INFO - Started process (PID=65559) to work on /home/airflow/.local/lib/python3.12/site-packages/airflow/example_dags/example_nested_branch_dag.py
[2024-06-18T02:24:49.920+0000] {processor.py:830} INFO - Processing file /home/airflow/.local/lib/python3.12/site-packages/airflow/example_dags/example_nested_branch_dag.py for tasks to queue
[2024-06-18T02:24:49.921+0000] {logging_mixin.py:188} INFO - [2024-06-18T02:24:49.921+0000] {dagbag.py:545} INFO - Filling up the DagBag from /home/airflow/.local/lib/python3.12/site-packages/airflow/example_dags/example_nested_branch_dag.py
[2024-06-18T02:24:49.933+0000] {processor.py:840} INFO - DAG(s) 'example_nested_branch_dag' retrieved from /home/airflow/.local/lib/python3.12/site-packages/airflow/example_dags/example_nested_branch_dag.py
[2024-06-18T02:24:49.963+0000] {logging_mixin.py:188} INFO - [2024-06-18T02:24:49.963+0000] {dag.py:3096} INFO - Sync 1 DAGs
[2024-06-18T02:24:49.997+0000] {logging_mixin.py:188} INFO - [2024-06-18T02:24:49.997+0000] {dag.py:3954} INFO - Setting next_dagrun for example_nested_branch_dag to 2024-06-17 00:00:00+00:00, run_after=2024-06-18 00:00:00+00:00
[2024-06-18T02:24:50.023+0000] {processor.py:183} INFO - Processing /home/airflow/.local/lib/python3.12/site-packages/airflow/example_dags/example_nested_branch_dag.py took 0.110 seconds
[2024-06-18T02:25:20.126+0000] {processor.py:161} INFO - Started process (PID=65617) to work on /home/airflow/.local/lib/python3.12/site-packages/airflow/example_dags/example_nested_branch_dag.py
[2024-06-18T02:25:20.127+0000] {processor.py:830} INFO - Processing file /home/airflow/.local/lib/python3.12/site-packages/airflow/example_dags/example_nested_branch_dag.py for tasks to queue
[2024-06-18T02:25:20.128+0000] {logging_mixin.py:188} INFO - [2024-06-18T02:25:20.128+0000] {dagbag.py:545} INFO - Filling up the DagBag from /home/airflow/.local/lib/python3.12/site-packages/airflow/example_dags/example_nested_branch_dag.py
[2024-06-18T02:25:20.140+0000] {processor.py:840} INFO - DAG(s) 'example_nested_branch_dag' retrieved from /home/airflow/.local/lib/python3.12/site-packages/airflow/example_dags/example_nested_branch_dag.py
[2024-06-18T02:25:20.167+0000] {logging_mixin.py:188} INFO - [2024-06-18T02:25:20.167+0000] {dag.py:3096} INFO - Sync 1 DAGs
[2024-06-18T02:25:20.201+0000] {logging_mixin.py:188} INFO - [2024-06-18T02:25:20.201+0000] {dag.py:3954} INFO - Setting next_dagrun for example_nested_branch_dag to 2024-06-17 00:00:00+00:00, run_after=2024-06-18 00:00:00+00:00
[2024-06-18T02:25:20.226+0000] {processor.py:183} INFO - Processing /home/airflow/.local/lib/python3.12/site-packages/airflow/example_dags/example_nested_branch_dag.py took 0.108 seconds
[2024-06-18T02:25:50.619+0000] {processor.py:161} INFO - Started process (PID=65675) to work on /home/airflow/.local/lib/python3.12/site-packages/airflow/example_dags/example_nested_branch_dag.py
[2024-06-18T02:25:50.626+0000] {processor.py:830} INFO - Processing file /home/airflow/.local/lib/python3.12/site-packages/airflow/example_dags/example_nested_branch_dag.py for tasks to queue
[2024-06-18T02:25:50.628+0000] {logging_mixin.py:188} INFO - [2024-06-18T02:25:50.627+0000] {dagbag.py:545} INFO - Filling up the DagBag from /home/airflow/.local/lib/python3.12/site-packages/airflow/example_dags/example_nested_branch_dag.py
[2024-06-18T02:25:50.653+0000] {processor.py:840} INFO - DAG(s) 'example_nested_branch_dag' retrieved from /home/airflow/.local/lib/python3.12/site-packages/airflow/example_dags/example_nested_branch_dag.py
[2024-06-18T02:25:50.704+0000] {logging_mixin.py:188} INFO - [2024-06-18T02:25:50.704+0000] {dag.py:3096} INFO - Sync 1 DAGs
[2024-06-18T02:25:50.747+0000] {logging_mixin.py:188} INFO - [2024-06-18T02:25:50.747+0000] {dag.py:3954} INFO - Setting next_dagrun for example_nested_branch_dag to 2024-06-17 00:00:00+00:00, run_after=2024-06-18 00:00:00+00:00
[2024-06-18T02:25:50.778+0000] {processor.py:183} INFO - Processing /home/airflow/.local/lib/python3.12/site-packages/airflow/example_dags/example_nested_branch_dag.py took 0.175 seconds
[2024-06-18T02:26:20.947+0000] {processor.py:161} INFO - Started process (PID=65733) to work on /home/airflow/.local/lib/python3.12/site-packages/airflow/example_dags/example_nested_branch_dag.py
[2024-06-18T02:26:20.951+0000] {processor.py:830} INFO - Processing file /home/airflow/.local/lib/python3.12/site-packages/airflow/example_dags/example_nested_branch_dag.py for tasks to queue
[2024-06-18T02:26:20.953+0000] {logging_mixin.py:188} INFO - [2024-06-18T02:26:20.952+0000] {dagbag.py:545} INFO - Filling up the DagBag from /home/airflow/.local/lib/python3.12/site-packages/airflow/example_dags/example_nested_branch_dag.py
[2024-06-18T02:26:20.970+0000] {processor.py:840} INFO - DAG(s) 'example_nested_branch_dag' retrieved from /home/airflow/.local/lib/python3.12/site-packages/airflow/example_dags/example_nested_branch_dag.py
[2024-06-18T02:26:21.000+0000] {logging_mixin.py:188} INFO - [2024-06-18T02:26:20.999+0000] {dag.py:3096} INFO - Sync 1 DAGs
[2024-06-18T02:26:21.043+0000] {logging_mixin.py:188} INFO - [2024-06-18T02:26:21.043+0000] {dag.py:3954} INFO - Setting next_dagrun for example_nested_branch_dag to 2024-06-17 00:00:00+00:00, run_after=2024-06-18 00:00:00+00:00
[2024-06-18T02:26:21.084+0000] {processor.py:183} INFO - Processing /home/airflow/.local/lib/python3.12/site-packages/airflow/example_dags/example_nested_branch_dag.py took 0.148 seconds
[2024-06-18T02:26:51.524+0000] {processor.py:161} INFO - Started process (PID=65792) to work on /home/airflow/.local/lib/python3.12/site-packages/airflow/example_dags/example_nested_branch_dag.py
[2024-06-18T02:26:51.525+0000] {processor.py:830} INFO - Processing file /home/airflow/.local/lib/python3.12/site-packages/airflow/example_dags/example_nested_branch_dag.py for tasks to queue
[2024-06-18T02:26:51.527+0000] {logging_mixin.py:188} INFO - [2024-06-18T02:26:51.526+0000] {dagbag.py:545} INFO - Filling up the DagBag from /home/airflow/.local/lib/python3.12/site-packages/airflow/example_dags/example_nested_branch_dag.py
[2024-06-18T02:26:51.537+0000] {processor.py:840} INFO - DAG(s) 'example_nested_branch_dag' retrieved from /home/airflow/.local/lib/python3.12/site-packages/airflow/example_dags/example_nested_branch_dag.py
[2024-06-18T02:26:51.563+0000] {logging_mixin.py:188} INFO - [2024-06-18T02:26:51.563+0000] {dag.py:3096} INFO - Sync 1 DAGs
[2024-06-18T02:26:51.594+0000] {logging_mixin.py:188} INFO - [2024-06-18T02:26:51.594+0000] {dag.py:3954} INFO - Setting next_dagrun for example_nested_branch_dag to 2024-06-17 00:00:00+00:00, run_after=2024-06-18 00:00:00+00:00
[2024-06-18T02:26:51.616+0000] {processor.py:183} INFO - Processing /home/airflow/.local/lib/python3.12/site-packages/airflow/example_dags/example_nested_branch_dag.py took 0.099 seconds
[2024-06-18T02:27:22.031+0000] {processor.py:161} INFO - Started process (PID=65850) to work on /home/airflow/.local/lib/python3.12/site-packages/airflow/example_dags/example_nested_branch_dag.py
[2024-06-18T02:27:22.033+0000] {processor.py:830} INFO - Processing file /home/airflow/.local/lib/python3.12/site-packages/airflow/example_dags/example_nested_branch_dag.py for tasks to queue
[2024-06-18T02:27:22.034+0000] {logging_mixin.py:188} INFO - [2024-06-18T02:27:22.033+0000] {dagbag.py:545} INFO - Filling up the DagBag from /home/airflow/.local/lib/python3.12/site-packages/airflow/example_dags/example_nested_branch_dag.py
[2024-06-18T02:27:22.048+0000] {processor.py:840} INFO - DAG(s) 'example_nested_branch_dag' retrieved from /home/airflow/.local/lib/python3.12/site-packages/airflow/example_dags/example_nested_branch_dag.py
[2024-06-18T02:27:22.076+0000] {logging_mixin.py:188} INFO - [2024-06-18T02:27:22.076+0000] {dag.py:3096} INFO - Sync 1 DAGs
[2024-06-18T02:27:22.109+0000] {logging_mixin.py:188} INFO - [2024-06-18T02:27:22.109+0000] {dag.py:3954} INFO - Setting next_dagrun for example_nested_branch_dag to 2024-06-17 00:00:00+00:00, run_after=2024-06-18 00:00:00+00:00
[2024-06-18T02:27:22.136+0000] {processor.py:183} INFO - Processing /home/airflow/.local/lib/python3.12/site-packages/airflow/example_dags/example_nested_branch_dag.py took 0.112 seconds
[2024-06-18T02:27:52.287+0000] {processor.py:161} INFO - Started process (PID=65908) to work on /home/airflow/.local/lib/python3.12/site-packages/airflow/example_dags/example_nested_branch_dag.py
[2024-06-18T02:27:52.288+0000] {processor.py:830} INFO - Processing file /home/airflow/.local/lib/python3.12/site-packages/airflow/example_dags/example_nested_branch_dag.py for tasks to queue
[2024-06-18T02:27:52.289+0000] {logging_mixin.py:188} INFO - [2024-06-18T02:27:52.289+0000] {dagbag.py:545} INFO - Filling up the DagBag from /home/airflow/.local/lib/python3.12/site-packages/airflow/example_dags/example_nested_branch_dag.py
[2024-06-18T02:27:52.298+0000] {processor.py:840} INFO - DAG(s) 'example_nested_branch_dag' retrieved from /home/airflow/.local/lib/python3.12/site-packages/airflow/example_dags/example_nested_branch_dag.py
[2024-06-18T02:27:52.320+0000] {logging_mixin.py:188} INFO - [2024-06-18T02:27:52.320+0000] {dag.py:3096} INFO - Sync 1 DAGs
[2024-06-18T02:27:52.343+0000] {logging_mixin.py:188} INFO - [2024-06-18T02:27:52.342+0000] {dag.py:3954} INFO - Setting next_dagrun for example_nested_branch_dag to 2024-06-17 00:00:00+00:00, run_after=2024-06-18 00:00:00+00:00
[2024-06-18T02:27:52.362+0000] {processor.py:183} INFO - Processing /home/airflow/.local/lib/python3.12/site-packages/airflow/example_dags/example_nested_branch_dag.py took 0.080 seconds
[2024-06-18T02:28:22.731+0000] {processor.py:161} INFO - Started process (PID=65966) to work on /home/airflow/.local/lib/python3.12/site-packages/airflow/example_dags/example_nested_branch_dag.py
[2024-06-18T02:28:22.732+0000] {processor.py:830} INFO - Processing file /home/airflow/.local/lib/python3.12/site-packages/airflow/example_dags/example_nested_branch_dag.py for tasks to queue
[2024-06-18T02:28:22.733+0000] {logging_mixin.py:188} INFO - [2024-06-18T02:28:22.733+0000] {dagbag.py:545} INFO - Filling up the DagBag from /home/airflow/.local/lib/python3.12/site-packages/airflow/example_dags/example_nested_branch_dag.py
[2024-06-18T02:28:22.744+0000] {processor.py:840} INFO - DAG(s) 'example_nested_branch_dag' retrieved from /home/airflow/.local/lib/python3.12/site-packages/airflow/example_dags/example_nested_branch_dag.py
[2024-06-18T02:28:22.768+0000] {logging_mixin.py:188} INFO - [2024-06-18T02:28:22.768+0000] {dag.py:3096} INFO - Sync 1 DAGs
[2024-06-18T02:28:22.794+0000] {logging_mixin.py:188} INFO - [2024-06-18T02:28:22.794+0000] {dag.py:3954} INFO - Setting next_dagrun for example_nested_branch_dag to 2024-06-17 00:00:00+00:00, run_after=2024-06-18 00:00:00+00:00
[2024-06-18T02:28:22.812+0000] {processor.py:183} INFO - Processing /home/airflow/.local/lib/python3.12/site-packages/airflow/example_dags/example_nested_branch_dag.py took 0.088 seconds
[2024-06-18T02:28:53.048+0000] {processor.py:161} INFO - Started process (PID=66025) to work on /home/airflow/.local/lib/python3.12/site-packages/airflow/example_dags/example_nested_branch_dag.py
[2024-06-18T02:28:53.049+0000] {processor.py:830} INFO - Processing file /home/airflow/.local/lib/python3.12/site-packages/airflow/example_dags/example_nested_branch_dag.py for tasks to queue
[2024-06-18T02:28:53.050+0000] {logging_mixin.py:188} INFO - [2024-06-18T02:28:53.050+0000] {dagbag.py:545} INFO - Filling up the DagBag from /home/airflow/.local/lib/python3.12/site-packages/airflow/example_dags/example_nested_branch_dag.py
[2024-06-18T02:28:53.062+0000] {processor.py:840} INFO - DAG(s) 'example_nested_branch_dag' retrieved from /home/airflow/.local/lib/python3.12/site-packages/airflow/example_dags/example_nested_branch_dag.py
[2024-06-18T02:28:53.084+0000] {logging_mixin.py:188} INFO - [2024-06-18T02:28:53.084+0000] {dag.py:3096} INFO - Sync 1 DAGs
[2024-06-18T02:28:53.112+0000] {logging_mixin.py:188} INFO - [2024-06-18T02:28:53.111+0000] {dag.py:3954} INFO - Setting next_dagrun for example_nested_branch_dag to 2024-06-17 00:00:00+00:00, run_after=2024-06-18 00:00:00+00:00
[2024-06-18T02:28:53.131+0000] {processor.py:183} INFO - Processing /home/airflow/.local/lib/python3.12/site-packages/airflow/example_dags/example_nested_branch_dag.py took 0.091 seconds
[2024-06-18T02:29:23.621+0000] {processor.py:161} INFO - Started process (PID=66083) to work on /home/airflow/.local/lib/python3.12/site-packages/airflow/example_dags/example_nested_branch_dag.py
[2024-06-18T02:29:23.624+0000] {processor.py:830} INFO - Processing file /home/airflow/.local/lib/python3.12/site-packages/airflow/example_dags/example_nested_branch_dag.py for tasks to queue
[2024-06-18T02:29:23.626+0000] {logging_mixin.py:188} INFO - [2024-06-18T02:29:23.625+0000] {dagbag.py:545} INFO - Filling up the DagBag from /home/airflow/.local/lib/python3.12/site-packages/airflow/example_dags/example_nested_branch_dag.py
[2024-06-18T02:29:23.645+0000] {processor.py:840} INFO - DAG(s) 'example_nested_branch_dag' retrieved from /home/airflow/.local/lib/python3.12/site-packages/airflow/example_dags/example_nested_branch_dag.py
[2024-06-18T02:29:23.677+0000] {logging_mixin.py:188} INFO - [2024-06-18T02:29:23.677+0000] {dag.py:3096} INFO - Sync 1 DAGs
[2024-06-18T02:29:23.716+0000] {logging_mixin.py:188} INFO - [2024-06-18T02:29:23.715+0000] {dag.py:3954} INFO - Setting next_dagrun for example_nested_branch_dag to 2024-06-17 00:00:00+00:00, run_after=2024-06-18 00:00:00+00:00
[2024-06-18T02:29:23.746+0000] {processor.py:183} INFO - Processing /home/airflow/.local/lib/python3.12/site-packages/airflow/example_dags/example_nested_branch_dag.py took 0.134 seconds
[2024-06-18T02:29:54.670+0000] {processor.py:161} INFO - Started process (PID=66141) to work on /home/airflow/.local/lib/python3.12/site-packages/airflow/example_dags/example_nested_branch_dag.py
[2024-06-18T02:29:54.671+0000] {processor.py:830} INFO - Processing file /home/airflow/.local/lib/python3.12/site-packages/airflow/example_dags/example_nested_branch_dag.py for tasks to queue
[2024-06-18T02:29:54.672+0000] {logging_mixin.py:188} INFO - [2024-06-18T02:29:54.672+0000] {dagbag.py:545} INFO - Filling up the DagBag from /home/airflow/.local/lib/python3.12/site-packages/airflow/example_dags/example_nested_branch_dag.py
[2024-06-18T02:29:54.684+0000] {processor.py:840} INFO - DAG(s) 'example_nested_branch_dag' retrieved from /home/airflow/.local/lib/python3.12/site-packages/airflow/example_dags/example_nested_branch_dag.py
[2024-06-18T02:29:54.711+0000] {logging_mixin.py:188} INFO - [2024-06-18T02:29:54.711+0000] {dag.py:3096} INFO - Sync 1 DAGs
[2024-06-18T02:29:54.739+0000] {logging_mixin.py:188} INFO - [2024-06-18T02:29:54.738+0000] {dag.py:3954} INFO - Setting next_dagrun for example_nested_branch_dag to 2024-06-17 00:00:00+00:00, run_after=2024-06-18 00:00:00+00:00
[2024-06-18T02:29:54.759+0000] {processor.py:183} INFO - Processing /home/airflow/.local/lib/python3.12/site-packages/airflow/example_dags/example_nested_branch_dag.py took 0.097 seconds
[2024-06-18T02:30:25.413+0000] {processor.py:161} INFO - Started process (PID=66199) to work on /home/airflow/.local/lib/python3.12/site-packages/airflow/example_dags/example_nested_branch_dag.py
[2024-06-18T02:30:25.414+0000] {processor.py:830} INFO - Processing file /home/airflow/.local/lib/python3.12/site-packages/airflow/example_dags/example_nested_branch_dag.py for tasks to queue
[2024-06-18T02:30:25.415+0000] {logging_mixin.py:188} INFO - [2024-06-18T02:30:25.415+0000] {dagbag.py:545} INFO - Filling up the DagBag from /home/airflow/.local/lib/python3.12/site-packages/airflow/example_dags/example_nested_branch_dag.py
[2024-06-18T02:30:25.429+0000] {processor.py:840} INFO - DAG(s) 'example_nested_branch_dag' retrieved from /home/airflow/.local/lib/python3.12/site-packages/airflow/example_dags/example_nested_branch_dag.py
[2024-06-18T02:30:25.458+0000] {logging_mixin.py:188} INFO - [2024-06-18T02:30:25.458+0000] {dag.py:3096} INFO - Sync 1 DAGs
[2024-06-18T02:30:25.488+0000] {logging_mixin.py:188} INFO - [2024-06-18T02:30:25.487+0000] {dag.py:3954} INFO - Setting next_dagrun for example_nested_branch_dag to 2024-06-17 00:00:00+00:00, run_after=2024-06-18 00:00:00+00:00
[2024-06-18T02:30:25.510+0000] {processor.py:183} INFO - Processing /home/airflow/.local/lib/python3.12/site-packages/airflow/example_dags/example_nested_branch_dag.py took 0.105 seconds
[2024-06-18T02:30:55.794+0000] {processor.py:161} INFO - Started process (PID=66257) to work on /home/airflow/.local/lib/python3.12/site-packages/airflow/example_dags/example_nested_branch_dag.py
[2024-06-18T02:30:55.795+0000] {processor.py:830} INFO - Processing file /home/airflow/.local/lib/python3.12/site-packages/airflow/example_dags/example_nested_branch_dag.py for tasks to queue
[2024-06-18T02:30:55.796+0000] {logging_mixin.py:188} INFO - [2024-06-18T02:30:55.796+0000] {dagbag.py:545} INFO - Filling up the DagBag from /home/airflow/.local/lib/python3.12/site-packages/airflow/example_dags/example_nested_branch_dag.py
[2024-06-18T02:30:55.805+0000] {processor.py:840} INFO - DAG(s) 'example_nested_branch_dag' retrieved from /home/airflow/.local/lib/python3.12/site-packages/airflow/example_dags/example_nested_branch_dag.py
[2024-06-18T02:30:55.827+0000] {logging_mixin.py:188} INFO - [2024-06-18T02:30:55.827+0000] {dag.py:3096} INFO - Sync 1 DAGs
[2024-06-18T02:30:55.849+0000] {logging_mixin.py:188} INFO - [2024-06-18T02:30:55.849+0000] {dag.py:3954} INFO - Setting next_dagrun for example_nested_branch_dag to 2024-06-17 00:00:00+00:00, run_after=2024-06-18 00:00:00+00:00
[2024-06-18T02:30:55.867+0000] {processor.py:183} INFO - Processing /home/airflow/.local/lib/python3.12/site-packages/airflow/example_dags/example_nested_branch_dag.py took 0.080 seconds
[2024-06-18T02:31:26.189+0000] {processor.py:161} INFO - Started process (PID=66315) to work on /home/airflow/.local/lib/python3.12/site-packages/airflow/example_dags/example_nested_branch_dag.py
[2024-06-18T02:31:26.190+0000] {processor.py:830} INFO - Processing file /home/airflow/.local/lib/python3.12/site-packages/airflow/example_dags/example_nested_branch_dag.py for tasks to queue
[2024-06-18T02:31:26.191+0000] {logging_mixin.py:188} INFO - [2024-06-18T02:31:26.191+0000] {dagbag.py:545} INFO - Filling up the DagBag from /home/airflow/.local/lib/python3.12/site-packages/airflow/example_dags/example_nested_branch_dag.py
[2024-06-18T02:31:26.201+0000] {processor.py:840} INFO - DAG(s) 'example_nested_branch_dag' retrieved from /home/airflow/.local/lib/python3.12/site-packages/airflow/example_dags/example_nested_branch_dag.py
[2024-06-18T02:31:26.223+0000] {logging_mixin.py:188} INFO - [2024-06-18T02:31:26.222+0000] {dag.py:3096} INFO - Sync 1 DAGs
[2024-06-18T02:31:26.245+0000] {logging_mixin.py:188} INFO - [2024-06-18T02:31:26.245+0000] {dag.py:3954} INFO - Setting next_dagrun for example_nested_branch_dag to 2024-06-17 00:00:00+00:00, run_after=2024-06-18 00:00:00+00:00
[2024-06-18T02:31:26.263+0000] {processor.py:183} INFO - Processing /home/airflow/.local/lib/python3.12/site-packages/airflow/example_dags/example_nested_branch_dag.py took 0.080 seconds
[2024-06-18T02:31:56.787+0000] {processor.py:161} INFO - Started process (PID=66373) to work on /home/airflow/.local/lib/python3.12/site-packages/airflow/example_dags/example_nested_branch_dag.py
[2024-06-18T02:31:56.789+0000] {processor.py:830} INFO - Processing file /home/airflow/.local/lib/python3.12/site-packages/airflow/example_dags/example_nested_branch_dag.py for tasks to queue
[2024-06-18T02:31:56.790+0000] {logging_mixin.py:188} INFO - [2024-06-18T02:31:56.790+0000] {dagbag.py:545} INFO - Filling up the DagBag from /home/airflow/.local/lib/python3.12/site-packages/airflow/example_dags/example_nested_branch_dag.py
[2024-06-18T02:31:56.800+0000] {processor.py:840} INFO - DAG(s) 'example_nested_branch_dag' retrieved from /home/airflow/.local/lib/python3.12/site-packages/airflow/example_dags/example_nested_branch_dag.py
[2024-06-18T02:31:56.832+0000] {logging_mixin.py:188} INFO - [2024-06-18T02:31:56.831+0000] {dag.py:3096} INFO - Sync 1 DAGs
[2024-06-18T02:31:56.865+0000] {logging_mixin.py:188} INFO - [2024-06-18T02:31:56.865+0000] {dag.py:3954} INFO - Setting next_dagrun for example_nested_branch_dag to 2024-06-17 00:00:00+00:00, run_after=2024-06-18 00:00:00+00:00
[2024-06-18T02:31:56.887+0000] {processor.py:183} INFO - Processing /home/airflow/.local/lib/python3.12/site-packages/airflow/example_dags/example_nested_branch_dag.py took 0.106 seconds
[2024-06-18T02:32:27.638+0000] {processor.py:161} INFO - Started process (PID=66431) to work on /home/airflow/.local/lib/python3.12/site-packages/airflow/example_dags/example_nested_branch_dag.py
[2024-06-18T02:32:27.639+0000] {processor.py:830} INFO - Processing file /home/airflow/.local/lib/python3.12/site-packages/airflow/example_dags/example_nested_branch_dag.py for tasks to queue
[2024-06-18T02:32:27.640+0000] {logging_mixin.py:188} INFO - [2024-06-18T02:32:27.640+0000] {dagbag.py:545} INFO - Filling up the DagBag from /home/airflow/.local/lib/python3.12/site-packages/airflow/example_dags/example_nested_branch_dag.py
[2024-06-18T02:32:27.654+0000] {processor.py:840} INFO - DAG(s) 'example_nested_branch_dag' retrieved from /home/airflow/.local/lib/python3.12/site-packages/airflow/example_dags/example_nested_branch_dag.py
[2024-06-18T02:32:27.681+0000] {logging_mixin.py:188} INFO - [2024-06-18T02:32:27.681+0000] {dag.py:3096} INFO - Sync 1 DAGs
[2024-06-18T02:32:27.706+0000] {logging_mixin.py:188} INFO - [2024-06-18T02:32:27.706+0000] {dag.py:3954} INFO - Setting next_dagrun for example_nested_branch_dag to 2024-06-17 00:00:00+00:00, run_after=2024-06-18 00:00:00+00:00
[2024-06-18T02:32:27.732+0000] {processor.py:183} INFO - Processing /home/airflow/.local/lib/python3.12/site-packages/airflow/example_dags/example_nested_branch_dag.py took 0.102 seconds
[2024-06-18T02:32:58.237+0000] {processor.py:161} INFO - Started process (PID=66489) to work on /home/airflow/.local/lib/python3.12/site-packages/airflow/example_dags/example_nested_branch_dag.py
[2024-06-18T02:32:58.239+0000] {processor.py:830} INFO - Processing file /home/airflow/.local/lib/python3.12/site-packages/airflow/example_dags/example_nested_branch_dag.py for tasks to queue
[2024-06-18T02:32:58.240+0000] {logging_mixin.py:188} INFO - [2024-06-18T02:32:58.240+0000] {dagbag.py:545} INFO - Filling up the DagBag from /home/airflow/.local/lib/python3.12/site-packages/airflow/example_dags/example_nested_branch_dag.py
[2024-06-18T02:32:58.254+0000] {processor.py:840} INFO - DAG(s) 'example_nested_branch_dag' retrieved from /home/airflow/.local/lib/python3.12/site-packages/airflow/example_dags/example_nested_branch_dag.py
[2024-06-18T02:32:58.281+0000] {logging_mixin.py:188} INFO - [2024-06-18T02:32:58.281+0000] {dag.py:3096} INFO - Sync 1 DAGs
[2024-06-18T02:32:58.303+0000] {logging_mixin.py:188} INFO - [2024-06-18T02:32:58.303+0000] {dag.py:3954} INFO - Setting next_dagrun for example_nested_branch_dag to 2024-06-17 00:00:00+00:00, run_after=2024-06-18 00:00:00+00:00
[2024-06-18T02:32:58.324+0000] {processor.py:183} INFO - Processing /home/airflow/.local/lib/python3.12/site-packages/airflow/example_dags/example_nested_branch_dag.py took 0.094 seconds
[2024-06-18T02:33:28.951+0000] {processor.py:161} INFO - Started process (PID=66547) to work on /home/airflow/.local/lib/python3.12/site-packages/airflow/example_dags/example_nested_branch_dag.py
[2024-06-18T02:33:28.952+0000] {processor.py:830} INFO - Processing file /home/airflow/.local/lib/python3.12/site-packages/airflow/example_dags/example_nested_branch_dag.py for tasks to queue
[2024-06-18T02:33:28.953+0000] {logging_mixin.py:188} INFO - [2024-06-18T02:33:28.953+0000] {dagbag.py:545} INFO - Filling up the DagBag from /home/airflow/.local/lib/python3.12/site-packages/airflow/example_dags/example_nested_branch_dag.py
[2024-06-18T02:33:28.967+0000] {processor.py:840} INFO - DAG(s) 'example_nested_branch_dag' retrieved from /home/airflow/.local/lib/python3.12/site-packages/airflow/example_dags/example_nested_branch_dag.py
[2024-06-18T02:33:29.001+0000] {logging_mixin.py:188} INFO - [2024-06-18T02:33:29.001+0000] {dag.py:3096} INFO - Sync 1 DAGs
[2024-06-18T02:33:29.034+0000] {logging_mixin.py:188} INFO - [2024-06-18T02:33:29.034+0000] {dag.py:3954} INFO - Setting next_dagrun for example_nested_branch_dag to 2024-06-17 00:00:00+00:00, run_after=2024-06-18 00:00:00+00:00
[2024-06-18T02:33:29.059+0000] {processor.py:183} INFO - Processing /home/airflow/.local/lib/python3.12/site-packages/airflow/example_dags/example_nested_branch_dag.py took 0.120 seconds
[2024-06-18T02:33:59.425+0000] {processor.py:161} INFO - Started process (PID=66605) to work on /home/airflow/.local/lib/python3.12/site-packages/airflow/example_dags/example_nested_branch_dag.py
[2024-06-18T02:33:59.426+0000] {processor.py:830} INFO - Processing file /home/airflow/.local/lib/python3.12/site-packages/airflow/example_dags/example_nested_branch_dag.py for tasks to queue
[2024-06-18T02:33:59.427+0000] {logging_mixin.py:188} INFO - [2024-06-18T02:33:59.426+0000] {dagbag.py:545} INFO - Filling up the DagBag from /home/airflow/.local/lib/python3.12/site-packages/airflow/example_dags/example_nested_branch_dag.py
[2024-06-18T02:33:59.438+0000] {processor.py:840} INFO - DAG(s) 'example_nested_branch_dag' retrieved from /home/airflow/.local/lib/python3.12/site-packages/airflow/example_dags/example_nested_branch_dag.py
[2024-06-18T02:33:59.462+0000] {logging_mixin.py:188} INFO - [2024-06-18T02:33:59.462+0000] {dag.py:3096} INFO - Sync 1 DAGs
[2024-06-18T02:33:59.489+0000] {logging_mixin.py:188} INFO - [2024-06-18T02:33:59.489+0000] {dag.py:3954} INFO - Setting next_dagrun for example_nested_branch_dag to 2024-06-17 00:00:00+00:00, run_after=2024-06-18 00:00:00+00:00
[2024-06-18T02:33:59.518+0000] {processor.py:183} INFO - Processing /home/airflow/.local/lib/python3.12/site-packages/airflow/example_dags/example_nested_branch_dag.py took 0.100 seconds
[2024-06-18T02:34:29.901+0000] {processor.py:161} INFO - Started process (PID=66663) to work on /home/airflow/.local/lib/python3.12/site-packages/airflow/example_dags/example_nested_branch_dag.py
[2024-06-18T02:34:29.903+0000] {processor.py:830} INFO - Processing file /home/airflow/.local/lib/python3.12/site-packages/airflow/example_dags/example_nested_branch_dag.py for tasks to queue
[2024-06-18T02:34:29.903+0000] {logging_mixin.py:188} INFO - [2024-06-18T02:34:29.903+0000] {dagbag.py:545} INFO - Filling up the DagBag from /home/airflow/.local/lib/python3.12/site-packages/airflow/example_dags/example_nested_branch_dag.py
[2024-06-18T02:34:29.914+0000] {processor.py:840} INFO - DAG(s) 'example_nested_branch_dag' retrieved from /home/airflow/.local/lib/python3.12/site-packages/airflow/example_dags/example_nested_branch_dag.py
[2024-06-18T02:34:29.936+0000] {logging_mixin.py:188} INFO - [2024-06-18T02:34:29.935+0000] {dag.py:3096} INFO - Sync 1 DAGs
[2024-06-18T02:34:29.958+0000] {logging_mixin.py:188} INFO - [2024-06-18T02:34:29.958+0000] {dag.py:3954} INFO - Setting next_dagrun for example_nested_branch_dag to 2024-06-17 00:00:00+00:00, run_after=2024-06-18 00:00:00+00:00
[2024-06-18T02:34:29.978+0000] {processor.py:183} INFO - Processing /home/airflow/.local/lib/python3.12/site-packages/airflow/example_dags/example_nested_branch_dag.py took 0.083 seconds
[2024-06-18T02:35:00.353+0000] {processor.py:161} INFO - Started process (PID=66721) to work on /home/airflow/.local/lib/python3.12/site-packages/airflow/example_dags/example_nested_branch_dag.py
[2024-06-18T02:35:00.354+0000] {processor.py:830} INFO - Processing file /home/airflow/.local/lib/python3.12/site-packages/airflow/example_dags/example_nested_branch_dag.py for tasks to queue
[2024-06-18T02:35:00.355+0000] {logging_mixin.py:188} INFO - [2024-06-18T02:35:00.354+0000] {dagbag.py:545} INFO - Filling up the DagBag from /home/airflow/.local/lib/python3.12/site-packages/airflow/example_dags/example_nested_branch_dag.py
[2024-06-18T02:35:00.369+0000] {processor.py:840} INFO - DAG(s) 'example_nested_branch_dag' retrieved from /home/airflow/.local/lib/python3.12/site-packages/airflow/example_dags/example_nested_branch_dag.py
[2024-06-18T02:35:00.402+0000] {logging_mixin.py:188} INFO - [2024-06-18T02:35:00.402+0000] {dag.py:3096} INFO - Sync 1 DAGs
[2024-06-18T02:35:00.438+0000] {logging_mixin.py:188} INFO - [2024-06-18T02:35:00.437+0000] {dag.py:3954} INFO - Setting next_dagrun for example_nested_branch_dag to 2024-06-17 00:00:00+00:00, run_after=2024-06-18 00:00:00+00:00
[2024-06-18T02:35:00.470+0000] {processor.py:183} INFO - Processing /home/airflow/.local/lib/python3.12/site-packages/airflow/example_dags/example_nested_branch_dag.py took 0.124 seconds
[2024-06-18T02:35:30.707+0000] {processor.py:161} INFO - Started process (PID=66779) to work on /home/airflow/.local/lib/python3.12/site-packages/airflow/example_dags/example_nested_branch_dag.py
[2024-06-18T02:35:30.709+0000] {processor.py:830} INFO - Processing file /home/airflow/.local/lib/python3.12/site-packages/airflow/example_dags/example_nested_branch_dag.py for tasks to queue
[2024-06-18T02:35:30.709+0000] {logging_mixin.py:188} INFO - [2024-06-18T02:35:30.709+0000] {dagbag.py:545} INFO - Filling up the DagBag from /home/airflow/.local/lib/python3.12/site-packages/airflow/example_dags/example_nested_branch_dag.py
[2024-06-18T02:35:30.719+0000] {processor.py:840} INFO - DAG(s) 'example_nested_branch_dag' retrieved from /home/airflow/.local/lib/python3.12/site-packages/airflow/example_dags/example_nested_branch_dag.py
[2024-06-18T02:35:30.741+0000] {logging_mixin.py:188} INFO - [2024-06-18T02:35:30.741+0000] {dag.py:3096} INFO - Sync 1 DAGs
[2024-06-18T02:35:30.763+0000] {logging_mixin.py:188} INFO - [2024-06-18T02:35:30.763+0000] {dag.py:3954} INFO - Setting next_dagrun for example_nested_branch_dag to 2024-06-17 00:00:00+00:00, run_after=2024-06-18 00:00:00+00:00
[2024-06-18T02:35:30.781+0000] {processor.py:183} INFO - Processing /home/airflow/.local/lib/python3.12/site-packages/airflow/example_dags/example_nested_branch_dag.py took 0.079 seconds
[2024-06-18T02:36:00.860+0000] {processor.py:161} INFO - Started process (PID=66837) to work on /home/airflow/.local/lib/python3.12/site-packages/airflow/example_dags/example_nested_branch_dag.py
[2024-06-18T02:36:00.861+0000] {processor.py:830} INFO - Processing file /home/airflow/.local/lib/python3.12/site-packages/airflow/example_dags/example_nested_branch_dag.py for tasks to queue
[2024-06-18T02:36:00.863+0000] {logging_mixin.py:188} INFO - [2024-06-18T02:36:00.862+0000] {dagbag.py:545} INFO - Filling up the DagBag from /home/airflow/.local/lib/python3.12/site-packages/airflow/example_dags/example_nested_branch_dag.py
[2024-06-18T02:36:00.874+0000] {processor.py:840} INFO - DAG(s) 'example_nested_branch_dag' retrieved from /home/airflow/.local/lib/python3.12/site-packages/airflow/example_dags/example_nested_branch_dag.py
[2024-06-18T02:36:00.897+0000] {logging_mixin.py:188} INFO - [2024-06-18T02:36:00.897+0000] {dag.py:3096} INFO - Sync 1 DAGs
[2024-06-18T02:36:00.928+0000] {logging_mixin.py:188} INFO - [2024-06-18T02:36:00.928+0000] {dag.py:3954} INFO - Setting next_dagrun for example_nested_branch_dag to 2024-06-17 00:00:00+00:00, run_after=2024-06-18 00:00:00+00:00
[2024-06-18T02:36:00.953+0000] {processor.py:183} INFO - Processing /home/airflow/.local/lib/python3.12/site-packages/airflow/example_dags/example_nested_branch_dag.py took 0.100 seconds
[2024-06-18T02:36:31.022+0000] {processor.py:161} INFO - Started process (PID=66895) to work on /home/airflow/.local/lib/python3.12/site-packages/airflow/example_dags/example_nested_branch_dag.py
[2024-06-18T02:36:31.024+0000] {processor.py:830} INFO - Processing file /home/airflow/.local/lib/python3.12/site-packages/airflow/example_dags/example_nested_branch_dag.py for tasks to queue
[2024-06-18T02:36:31.025+0000] {logging_mixin.py:188} INFO - [2024-06-18T02:36:31.024+0000] {dagbag.py:545} INFO - Filling up the DagBag from /home/airflow/.local/lib/python3.12/site-packages/airflow/example_dags/example_nested_branch_dag.py
[2024-06-18T02:36:31.037+0000] {processor.py:840} INFO - DAG(s) 'example_nested_branch_dag' retrieved from /home/airflow/.local/lib/python3.12/site-packages/airflow/example_dags/example_nested_branch_dag.py
[2024-06-18T02:36:31.063+0000] {logging_mixin.py:188} INFO - [2024-06-18T02:36:31.063+0000] {dag.py:3096} INFO - Sync 1 DAGs
[2024-06-18T02:36:31.094+0000] {logging_mixin.py:188} INFO - [2024-06-18T02:36:31.093+0000] {dag.py:3954} INFO - Setting next_dagrun for example_nested_branch_dag to 2024-06-17 00:00:00+00:00, run_after=2024-06-18 00:00:00+00:00
[2024-06-18T02:36:31.117+0000] {processor.py:183} INFO - Processing /home/airflow/.local/lib/python3.12/site-packages/airflow/example_dags/example_nested_branch_dag.py took 0.101 seconds
[2024-06-18T02:37:02.091+0000] {processor.py:161} INFO - Started process (PID=66953) to work on /home/airflow/.local/lib/python3.12/site-packages/airflow/example_dags/example_nested_branch_dag.py
[2024-06-18T02:37:02.092+0000] {processor.py:830} INFO - Processing file /home/airflow/.local/lib/python3.12/site-packages/airflow/example_dags/example_nested_branch_dag.py for tasks to queue
[2024-06-18T02:37:02.092+0000] {logging_mixin.py:188} INFO - [2024-06-18T02:37:02.092+0000] {dagbag.py:545} INFO - Filling up the DagBag from /home/airflow/.local/lib/python3.12/site-packages/airflow/example_dags/example_nested_branch_dag.py
[2024-06-18T02:37:02.102+0000] {processor.py:840} INFO - DAG(s) 'example_nested_branch_dag' retrieved from /home/airflow/.local/lib/python3.12/site-packages/airflow/example_dags/example_nested_branch_dag.py
[2024-06-18T02:37:02.123+0000] {logging_mixin.py:188} INFO - [2024-06-18T02:37:02.123+0000] {dag.py:3096} INFO - Sync 1 DAGs
[2024-06-18T02:37:02.146+0000] {logging_mixin.py:188} INFO - [2024-06-18T02:37:02.146+0000] {dag.py:3954} INFO - Setting next_dagrun for example_nested_branch_dag to 2024-06-17 00:00:00+00:00, run_after=2024-06-18 00:00:00+00:00
[2024-06-18T02:37:02.164+0000] {processor.py:183} INFO - Processing /home/airflow/.local/lib/python3.12/site-packages/airflow/example_dags/example_nested_branch_dag.py took 0.079 seconds
[2024-06-18T02:37:33.186+0000] {processor.py:161} INFO - Started process (PID=67011) to work on /home/airflow/.local/lib/python3.12/site-packages/airflow/example_dags/example_nested_branch_dag.py
[2024-06-18T02:37:33.191+0000] {processor.py:830} INFO - Processing file /home/airflow/.local/lib/python3.12/site-packages/airflow/example_dags/example_nested_branch_dag.py for tasks to queue
[2024-06-18T02:37:33.201+0000] {logging_mixin.py:188} INFO - [2024-06-18T02:37:33.200+0000] {dagbag.py:545} INFO - Filling up the DagBag from /home/airflow/.local/lib/python3.12/site-packages/airflow/example_dags/example_nested_branch_dag.py
[2024-06-18T02:37:33.238+0000] {processor.py:840} INFO - DAG(s) 'example_nested_branch_dag' retrieved from /home/airflow/.local/lib/python3.12/site-packages/airflow/example_dags/example_nested_branch_dag.py
[2024-06-18T02:37:33.288+0000] {logging_mixin.py:188} INFO - [2024-06-18T02:37:33.288+0000] {dag.py:3096} INFO - Sync 1 DAGs
[2024-06-18T02:37:33.335+0000] {logging_mixin.py:188} INFO - [2024-06-18T02:37:33.334+0000] {dag.py:3954} INFO - Setting next_dagrun for example_nested_branch_dag to 2024-06-17 00:00:00+00:00, run_after=2024-06-18 00:00:00+00:00
[2024-06-18T02:37:33.363+0000] {processor.py:183} INFO - Processing /home/airflow/.local/lib/python3.12/site-packages/airflow/example_dags/example_nested_branch_dag.py took 0.193 seconds
[2024-06-18T02:38:03.977+0000] {processor.py:161} INFO - Started process (PID=67069) to work on /home/airflow/.local/lib/python3.12/site-packages/airflow/example_dags/example_nested_branch_dag.py
[2024-06-18T02:38:03.978+0000] {processor.py:830} INFO - Processing file /home/airflow/.local/lib/python3.12/site-packages/airflow/example_dags/example_nested_branch_dag.py for tasks to queue
[2024-06-18T02:38:03.979+0000] {logging_mixin.py:188} INFO - [2024-06-18T02:38:03.979+0000] {dagbag.py:545} INFO - Filling up the DagBag from /home/airflow/.local/lib/python3.12/site-packages/airflow/example_dags/example_nested_branch_dag.py
[2024-06-18T02:38:03.991+0000] {processor.py:840} INFO - DAG(s) 'example_nested_branch_dag' retrieved from /home/airflow/.local/lib/python3.12/site-packages/airflow/example_dags/example_nested_branch_dag.py
[2024-06-18T02:38:04.015+0000] {logging_mixin.py:188} INFO - [2024-06-18T02:38:04.015+0000] {dag.py:3096} INFO - Sync 1 DAGs
[2024-06-18T02:38:04.045+0000] {logging_mixin.py:188} INFO - [2024-06-18T02:38:04.044+0000] {dag.py:3954} INFO - Setting next_dagrun for example_nested_branch_dag to 2024-06-17 00:00:00+00:00, run_after=2024-06-18 00:00:00+00:00
[2024-06-18T02:38:04.070+0000] {processor.py:183} INFO - Processing /home/airflow/.local/lib/python3.12/site-packages/airflow/example_dags/example_nested_branch_dag.py took 0.100 seconds
[2024-06-18T02:38:34.332+0000] {processor.py:161} INFO - Started process (PID=67127) to work on /home/airflow/.local/lib/python3.12/site-packages/airflow/example_dags/example_nested_branch_dag.py
[2024-06-18T02:38:34.333+0000] {processor.py:830} INFO - Processing file /home/airflow/.local/lib/python3.12/site-packages/airflow/example_dags/example_nested_branch_dag.py for tasks to queue
[2024-06-18T02:38:34.334+0000] {logging_mixin.py:188} INFO - [2024-06-18T02:38:34.334+0000] {dagbag.py:545} INFO - Filling up the DagBag from /home/airflow/.local/lib/python3.12/site-packages/airflow/example_dags/example_nested_branch_dag.py
[2024-06-18T02:38:34.348+0000] {processor.py:840} INFO - DAG(s) 'example_nested_branch_dag' retrieved from /home/airflow/.local/lib/python3.12/site-packages/airflow/example_dags/example_nested_branch_dag.py
[2024-06-18T02:38:34.375+0000] {logging_mixin.py:188} INFO - [2024-06-18T02:38:34.375+0000] {dag.py:3096} INFO - Sync 1 DAGs
[2024-06-18T02:38:34.407+0000] {logging_mixin.py:188} INFO - [2024-06-18T02:38:34.407+0000] {dag.py:3954} INFO - Setting next_dagrun for example_nested_branch_dag to 2024-06-17 00:00:00+00:00, run_after=2024-06-18 00:00:00+00:00
[2024-06-18T02:38:34.438+0000] {processor.py:183} INFO - Processing /home/airflow/.local/lib/python3.12/site-packages/airflow/example_dags/example_nested_branch_dag.py took 0.113 seconds
[2024-06-18T02:39:04.719+0000] {processor.py:161} INFO - Started process (PID=67185) to work on /home/airflow/.local/lib/python3.12/site-packages/airflow/example_dags/example_nested_branch_dag.py
[2024-06-18T02:39:04.720+0000] {processor.py:830} INFO - Processing file /home/airflow/.local/lib/python3.12/site-packages/airflow/example_dags/example_nested_branch_dag.py for tasks to queue
[2024-06-18T02:39:04.721+0000] {logging_mixin.py:188} INFO - [2024-06-18T02:39:04.721+0000] {dagbag.py:545} INFO - Filling up the DagBag from /home/airflow/.local/lib/python3.12/site-packages/airflow/example_dags/example_nested_branch_dag.py
[2024-06-18T02:39:04.734+0000] {processor.py:840} INFO - DAG(s) 'example_nested_branch_dag' retrieved from /home/airflow/.local/lib/python3.12/site-packages/airflow/example_dags/example_nested_branch_dag.py
[2024-06-18T02:39:04.757+0000] {logging_mixin.py:188} INFO - [2024-06-18T02:39:04.757+0000] {dag.py:3096} INFO - Sync 1 DAGs
[2024-06-18T02:39:04.781+0000] {logging_mixin.py:188} INFO - [2024-06-18T02:39:04.781+0000] {dag.py:3954} INFO - Setting next_dagrun for example_nested_branch_dag to 2024-06-17 00:00:00+00:00, run_after=2024-06-18 00:00:00+00:00
[2024-06-18T02:39:04.801+0000] {processor.py:183} INFO - Processing /home/airflow/.local/lib/python3.12/site-packages/airflow/example_dags/example_nested_branch_dag.py took 0.088 seconds
[2024-06-18T02:39:35.634+0000] {processor.py:161} INFO - Started process (PID=67244) to work on /home/airflow/.local/lib/python3.12/site-packages/airflow/example_dags/example_nested_branch_dag.py
[2024-06-18T02:39:35.636+0000] {processor.py:830} INFO - Processing file /home/airflow/.local/lib/python3.12/site-packages/airflow/example_dags/example_nested_branch_dag.py for tasks to queue
[2024-06-18T02:39:35.637+0000] {logging_mixin.py:188} INFO - [2024-06-18T02:39:35.637+0000] {dagbag.py:545} INFO - Filling up the DagBag from /home/airflow/.local/lib/python3.12/site-packages/airflow/example_dags/example_nested_branch_dag.py
[2024-06-18T02:39:35.652+0000] {processor.py:840} INFO - DAG(s) 'example_nested_branch_dag' retrieved from /home/airflow/.local/lib/python3.12/site-packages/airflow/example_dags/example_nested_branch_dag.py
[2024-06-18T02:39:35.682+0000] {logging_mixin.py:188} INFO - [2024-06-18T02:39:35.682+0000] {dag.py:3096} INFO - Sync 1 DAGs
[2024-06-18T02:39:35.717+0000] {logging_mixin.py:188} INFO - [2024-06-18T02:39:35.716+0000] {dag.py:3954} INFO - Setting next_dagrun for example_nested_branch_dag to 2024-06-17 00:00:00+00:00, run_after=2024-06-18 00:00:00+00:00
[2024-06-18T02:39:35.742+0000] {processor.py:183} INFO - Processing /home/airflow/.local/lib/python3.12/site-packages/airflow/example_dags/example_nested_branch_dag.py took 0.115 seconds
[2024-06-18T02:52:52.958+0000] {processor.py:161} INFO - Started process (PID=67313) to work on /home/airflow/.local/lib/python3.12/site-packages/airflow/example_dags/example_nested_branch_dag.py
[2024-06-18T02:52:52.961+0000] {processor.py:830} INFO - Processing file /home/airflow/.local/lib/python3.12/site-packages/airflow/example_dags/example_nested_branch_dag.py for tasks to queue
[2024-06-18T02:52:52.962+0000] {logging_mixin.py:188} INFO - [2024-06-18T02:52:52.962+0000] {dagbag.py:545} INFO - Filling up the DagBag from /home/airflow/.local/lib/python3.12/site-packages/airflow/example_dags/example_nested_branch_dag.py
[2024-06-18T02:52:52.977+0000] {processor.py:840} INFO - DAG(s) 'example_nested_branch_dag' retrieved from /home/airflow/.local/lib/python3.12/site-packages/airflow/example_dags/example_nested_branch_dag.py
[2024-06-18T02:52:53.007+0000] {logging_mixin.py:188} INFO - [2024-06-18T02:52:53.006+0000] {dag.py:3096} INFO - Sync 1 DAGs
[2024-06-18T02:52:53.037+0000] {logging_mixin.py:188} INFO - [2024-06-18T02:52:53.037+0000] {dag.py:3954} INFO - Setting next_dagrun for example_nested_branch_dag to 2024-06-17 00:00:00+00:00, run_after=2024-06-18 00:00:00+00:00
[2024-06-18T02:52:53.062+0000] {processor.py:183} INFO - Processing /home/airflow/.local/lib/python3.12/site-packages/airflow/example_dags/example_nested_branch_dag.py took 0.112 seconds
[2024-06-18T02:53:25.668+0000] {processor.py:161} INFO - Started process (PID=67373) to work on /home/airflow/.local/lib/python3.12/site-packages/airflow/example_dags/example_nested_branch_dag.py
[2024-06-18T02:53:25.669+0000] {processor.py:830} INFO - Processing file /home/airflow/.local/lib/python3.12/site-packages/airflow/example_dags/example_nested_branch_dag.py for tasks to queue
[2024-06-18T02:53:25.670+0000] {logging_mixin.py:188} INFO - [2024-06-18T02:53:25.670+0000] {dagbag.py:545} INFO - Filling up the DagBag from /home/airflow/.local/lib/python3.12/site-packages/airflow/example_dags/example_nested_branch_dag.py
[2024-06-18T02:53:25.684+0000] {processor.py:840} INFO - DAG(s) 'example_nested_branch_dag' retrieved from /home/airflow/.local/lib/python3.12/site-packages/airflow/example_dags/example_nested_branch_dag.py
[2024-06-18T02:53:25.724+0000] {logging_mixin.py:188} INFO - [2024-06-18T02:53:25.724+0000] {dag.py:3096} INFO - Sync 1 DAGs
[2024-06-18T02:53:25.773+0000] {logging_mixin.py:188} INFO - [2024-06-18T02:53:25.773+0000] {dag.py:3954} INFO - Setting next_dagrun for example_nested_branch_dag to 2024-06-17 00:00:00+00:00, run_after=2024-06-18 00:00:00+00:00
[2024-06-18T02:53:25.810+0000] {processor.py:183} INFO - Processing /home/airflow/.local/lib/python3.12/site-packages/airflow/example_dags/example_nested_branch_dag.py took 0.148 seconds
[2024-06-18T02:53:56.510+0000] {processor.py:161} INFO - Started process (PID=67429) to work on /home/airflow/.local/lib/python3.12/site-packages/airflow/example_dags/example_nested_branch_dag.py
[2024-06-18T02:53:56.511+0000] {processor.py:830} INFO - Processing file /home/airflow/.local/lib/python3.12/site-packages/airflow/example_dags/example_nested_branch_dag.py for tasks to queue
[2024-06-18T02:53:56.512+0000] {logging_mixin.py:188} INFO - [2024-06-18T02:53:56.511+0000] {dagbag.py:545} INFO - Filling up the DagBag from /home/airflow/.local/lib/python3.12/site-packages/airflow/example_dags/example_nested_branch_dag.py
[2024-06-18T02:53:56.523+0000] {processor.py:840} INFO - DAG(s) 'example_nested_branch_dag' retrieved from /home/airflow/.local/lib/python3.12/site-packages/airflow/example_dags/example_nested_branch_dag.py
[2024-06-18T02:53:56.549+0000] {logging_mixin.py:188} INFO - [2024-06-18T02:53:56.549+0000] {dag.py:3096} INFO - Sync 1 DAGs
[2024-06-18T02:53:56.571+0000] {logging_mixin.py:188} INFO - [2024-06-18T02:53:56.571+0000] {dag.py:3954} INFO - Setting next_dagrun for example_nested_branch_dag to 2024-06-17 00:00:00+00:00, run_after=2024-06-18 00:00:00+00:00
[2024-06-18T02:53:56.595+0000] {processor.py:183} INFO - Processing /home/airflow/.local/lib/python3.12/site-packages/airflow/example_dags/example_nested_branch_dag.py took 0.092 seconds
[2024-06-18T02:54:26.742+0000] {processor.py:161} INFO - Started process (PID=67487) to work on /home/airflow/.local/lib/python3.12/site-packages/airflow/example_dags/example_nested_branch_dag.py
[2024-06-18T02:54:26.743+0000] {processor.py:830} INFO - Processing file /home/airflow/.local/lib/python3.12/site-packages/airflow/example_dags/example_nested_branch_dag.py for tasks to queue
[2024-06-18T02:54:26.744+0000] {logging_mixin.py:188} INFO - [2024-06-18T02:54:26.744+0000] {dagbag.py:545} INFO - Filling up the DagBag from /home/airflow/.local/lib/python3.12/site-packages/airflow/example_dags/example_nested_branch_dag.py
[2024-06-18T02:54:26.754+0000] {processor.py:840} INFO - DAG(s) 'example_nested_branch_dag' retrieved from /home/airflow/.local/lib/python3.12/site-packages/airflow/example_dags/example_nested_branch_dag.py
[2024-06-18T02:54:26.776+0000] {logging_mixin.py:188} INFO - [2024-06-18T02:54:26.776+0000] {dag.py:3096} INFO - Sync 1 DAGs
[2024-06-18T02:54:26.798+0000] {logging_mixin.py:188} INFO - [2024-06-18T02:54:26.798+0000] {dag.py:3954} INFO - Setting next_dagrun for example_nested_branch_dag to 2024-06-17 00:00:00+00:00, run_after=2024-06-18 00:00:00+00:00
[2024-06-18T02:54:26.818+0000] {processor.py:183} INFO - Processing /home/airflow/.local/lib/python3.12/site-packages/airflow/example_dags/example_nested_branch_dag.py took 0.082 seconds
[2024-06-18T02:54:56.923+0000] {processor.py:161} INFO - Started process (PID=67545) to work on /home/airflow/.local/lib/python3.12/site-packages/airflow/example_dags/example_nested_branch_dag.py
[2024-06-18T02:54:56.924+0000] {processor.py:830} INFO - Processing file /home/airflow/.local/lib/python3.12/site-packages/airflow/example_dags/example_nested_branch_dag.py for tasks to queue
[2024-06-18T02:54:56.925+0000] {logging_mixin.py:188} INFO - [2024-06-18T02:54:56.925+0000] {dagbag.py:545} INFO - Filling up the DagBag from /home/airflow/.local/lib/python3.12/site-packages/airflow/example_dags/example_nested_branch_dag.py
[2024-06-18T02:54:56.935+0000] {processor.py:840} INFO - DAG(s) 'example_nested_branch_dag' retrieved from /home/airflow/.local/lib/python3.12/site-packages/airflow/example_dags/example_nested_branch_dag.py
[2024-06-18T02:54:56.957+0000] {logging_mixin.py:188} INFO - [2024-06-18T02:54:56.957+0000] {dag.py:3096} INFO - Sync 1 DAGs
[2024-06-18T02:54:56.980+0000] {logging_mixin.py:188} INFO - [2024-06-18T02:54:56.980+0000] {dag.py:3954} INFO - Setting next_dagrun for example_nested_branch_dag to 2024-06-17 00:00:00+00:00, run_after=2024-06-18 00:00:00+00:00
[2024-06-18T02:54:57.000+0000] {processor.py:183} INFO - Processing /home/airflow/.local/lib/python3.12/site-packages/airflow/example_dags/example_nested_branch_dag.py took 0.084 seconds
[2024-06-18T02:55:27.125+0000] {processor.py:161} INFO - Started process (PID=67603) to work on /home/airflow/.local/lib/python3.12/site-packages/airflow/example_dags/example_nested_branch_dag.py
[2024-06-18T02:55:27.126+0000] {processor.py:830} INFO - Processing file /home/airflow/.local/lib/python3.12/site-packages/airflow/example_dags/example_nested_branch_dag.py for tasks to queue
[2024-06-18T02:55:27.127+0000] {logging_mixin.py:188} INFO - [2024-06-18T02:55:27.126+0000] {dagbag.py:545} INFO - Filling up the DagBag from /home/airflow/.local/lib/python3.12/site-packages/airflow/example_dags/example_nested_branch_dag.py
[2024-06-18T02:55:27.136+0000] {processor.py:840} INFO - DAG(s) 'example_nested_branch_dag' retrieved from /home/airflow/.local/lib/python3.12/site-packages/airflow/example_dags/example_nested_branch_dag.py
[2024-06-18T02:55:27.159+0000] {logging_mixin.py:188} INFO - [2024-06-18T02:55:27.158+0000] {dag.py:3096} INFO - Sync 1 DAGs
[2024-06-18T02:55:27.181+0000] {logging_mixin.py:188} INFO - [2024-06-18T02:55:27.181+0000] {dag.py:3954} INFO - Setting next_dagrun for example_nested_branch_dag to 2024-06-17 00:00:00+00:00, run_after=2024-06-18 00:00:00+00:00
[2024-06-18T02:55:27.201+0000] {processor.py:183} INFO - Processing /home/airflow/.local/lib/python3.12/site-packages/airflow/example_dags/example_nested_branch_dag.py took 0.082 seconds
[2024-06-18T02:55:57.561+0000] {processor.py:161} INFO - Started process (PID=67661) to work on /home/airflow/.local/lib/python3.12/site-packages/airflow/example_dags/example_nested_branch_dag.py
[2024-06-18T02:55:57.562+0000] {processor.py:830} INFO - Processing file /home/airflow/.local/lib/python3.12/site-packages/airflow/example_dags/example_nested_branch_dag.py for tasks to queue
[2024-06-18T02:55:57.563+0000] {logging_mixin.py:188} INFO - [2024-06-18T02:55:57.562+0000] {dagbag.py:545} INFO - Filling up the DagBag from /home/airflow/.local/lib/python3.12/site-packages/airflow/example_dags/example_nested_branch_dag.py
[2024-06-18T02:55:57.574+0000] {processor.py:840} INFO - DAG(s) 'example_nested_branch_dag' retrieved from /home/airflow/.local/lib/python3.12/site-packages/airflow/example_dags/example_nested_branch_dag.py
[2024-06-18T02:55:57.597+0000] {logging_mixin.py:188} INFO - [2024-06-18T02:55:57.597+0000] {dag.py:3096} INFO - Sync 1 DAGs
[2024-06-18T02:55:57.623+0000] {logging_mixin.py:188} INFO - [2024-06-18T02:55:57.623+0000] {dag.py:3954} INFO - Setting next_dagrun for example_nested_branch_dag to 2024-06-17 00:00:00+00:00, run_after=2024-06-18 00:00:00+00:00
[2024-06-18T02:55:57.643+0000] {processor.py:183} INFO - Processing /home/airflow/.local/lib/python3.12/site-packages/airflow/example_dags/example_nested_branch_dag.py took 0.087 seconds
[2024-06-18T02:56:28.429+0000] {processor.py:161} INFO - Started process (PID=67719) to work on /home/airflow/.local/lib/python3.12/site-packages/airflow/example_dags/example_nested_branch_dag.py
[2024-06-18T02:56:28.432+0000] {processor.py:830} INFO - Processing file /home/airflow/.local/lib/python3.12/site-packages/airflow/example_dags/example_nested_branch_dag.py for tasks to queue
[2024-06-18T02:56:28.433+0000] {logging_mixin.py:188} INFO - [2024-06-18T02:56:28.432+0000] {dagbag.py:545} INFO - Filling up the DagBag from /home/airflow/.local/lib/python3.12/site-packages/airflow/example_dags/example_nested_branch_dag.py
[2024-06-18T02:56:28.465+0000] {processor.py:840} INFO - DAG(s) 'example_nested_branch_dag' retrieved from /home/airflow/.local/lib/python3.12/site-packages/airflow/example_dags/example_nested_branch_dag.py
[2024-06-18T02:56:28.514+0000] {logging_mixin.py:188} INFO - [2024-06-18T02:56:28.513+0000] {dag.py:3096} INFO - Sync 1 DAGs
[2024-06-18T02:56:28.563+0000] {logging_mixin.py:188} INFO - [2024-06-18T02:56:28.563+0000] {dag.py:3954} INFO - Setting next_dagrun for example_nested_branch_dag to 2024-06-17 00:00:00+00:00, run_after=2024-06-18 00:00:00+00:00
[2024-06-18T02:56:28.609+0000] {processor.py:183} INFO - Processing /home/airflow/.local/lib/python3.12/site-packages/airflow/example_dags/example_nested_branch_dag.py took 0.191 seconds
