[2024-06-18T02:21:42.622+0000] {processor.py:161} INFO - Started process (PID=65196) to work on /home/airflow/.local/lib/python3.12/site-packages/airflow/example_dags/example_branch_operator.py
[2024-06-18T02:21:42.643+0000] {processor.py:830} INFO - Processing file /home/airflow/.local/lib/python3.12/site-packages/airflow/example_dags/example_branch_operator.py for tasks to queue
[2024-06-18T02:21:42.651+0000] {logging_mixin.py:188} INFO - [2024-06-18T02:21:42.650+0000] {dagbag.py:545} INFO - Filling up the DagBag from /home/airflow/.local/lib/python3.12/site-packages/airflow/example_dags/example_branch_operator.py
[2024-06-18T02:21:42.724+0000] {processor.py:840} INFO - DAG(s) 'example_branch_operator' retrieved from /home/airflow/.local/lib/python3.12/site-packages/airflow/example_dags/example_branch_operator.py
[2024-06-18T02:21:42.820+0000] {logging_mixin.py:188} INFO - [2024-06-18T02:21:42.819+0000] {dag.py:3096} INFO - Sync 1 DAGs
[2024-06-18T02:21:42.901+0000] {logging_mixin.py:188} INFO - [2024-06-18T02:21:42.900+0000] {dag.py:3954} INFO - Setting next_dagrun for example_branch_operator to 2024-06-17 00:00:00+00:00, run_after=2024-06-18 00:00:00+00:00
[2024-06-18T02:21:42.998+0000] {processor.py:183} INFO - Processing /home/airflow/.local/lib/python3.12/site-packages/airflow/example_dags/example_branch_operator.py took 0.395 seconds
[2024-06-18T02:22:13.074+0000] {processor.py:161} INFO - Started process (PID=65253) to work on /home/airflow/.local/lib/python3.12/site-packages/airflow/example_dags/example_branch_operator.py
[2024-06-18T02:22:13.075+0000] {processor.py:830} INFO - Processing file /home/airflow/.local/lib/python3.12/site-packages/airflow/example_dags/example_branch_operator.py for tasks to queue
[2024-06-18T02:22:13.076+0000] {logging_mixin.py:188} INFO - [2024-06-18T02:22:13.076+0000] {dagbag.py:545} INFO - Filling up the DagBag from /home/airflow/.local/lib/python3.12/site-packages/airflow/example_dags/example_branch_operator.py
[2024-06-18T02:22:13.095+0000] {processor.py:840} INFO - DAG(s) 'example_branch_operator' retrieved from /home/airflow/.local/lib/python3.12/site-packages/airflow/example_dags/example_branch_operator.py
[2024-06-18T02:22:13.141+0000] {logging_mixin.py:188} INFO - [2024-06-18T02:22:13.140+0000] {dag.py:3096} INFO - Sync 1 DAGs
[2024-06-18T02:22:13.170+0000] {logging_mixin.py:188} INFO - [2024-06-18T02:22:13.170+0000] {dag.py:3954} INFO - Setting next_dagrun for example_branch_operator to 2024-06-17 00:00:00+00:00, run_after=2024-06-18 00:00:00+00:00
[2024-06-18T02:22:13.199+0000] {processor.py:183} INFO - Processing /home/airflow/.local/lib/python3.12/site-packages/airflow/example_dags/example_branch_operator.py took 0.134 seconds
[2024-06-18T02:22:43.684+0000] {processor.py:161} INFO - Started process (PID=65312) to work on /home/airflow/.local/lib/python3.12/site-packages/airflow/example_dags/example_branch_operator.py
[2024-06-18T02:22:43.684+0000] {processor.py:830} INFO - Processing file /home/airflow/.local/lib/python3.12/site-packages/airflow/example_dags/example_branch_operator.py for tasks to queue
[2024-06-18T02:22:43.685+0000] {logging_mixin.py:188} INFO - [2024-06-18T02:22:43.685+0000] {dagbag.py:545} INFO - Filling up the DagBag from /home/airflow/.local/lib/python3.12/site-packages/airflow/example_dags/example_branch_operator.py
[2024-06-18T02:22:43.707+0000] {processor.py:840} INFO - DAG(s) 'example_branch_operator' retrieved from /home/airflow/.local/lib/python3.12/site-packages/airflow/example_dags/example_branch_operator.py
[2024-06-18T02:22:43.741+0000] {logging_mixin.py:188} INFO - [2024-06-18T02:22:43.741+0000] {dag.py:3096} INFO - Sync 1 DAGs
[2024-06-18T02:22:43.781+0000] {logging_mixin.py:188} INFO - [2024-06-18T02:22:43.781+0000] {dag.py:3954} INFO - Setting next_dagrun for example_branch_operator to 2024-06-17 00:00:00+00:00, run_after=2024-06-18 00:00:00+00:00
[2024-06-18T02:22:43.809+0000] {processor.py:183} INFO - Processing /home/airflow/.local/lib/python3.12/site-packages/airflow/example_dags/example_branch_operator.py took 0.131 seconds
[2024-06-18T02:23:14.095+0000] {processor.py:161} INFO - Started process (PID=65371) to work on /home/airflow/.local/lib/python3.12/site-packages/airflow/example_dags/example_branch_operator.py
[2024-06-18T02:23:14.097+0000] {processor.py:830} INFO - Processing file /home/airflow/.local/lib/python3.12/site-packages/airflow/example_dags/example_branch_operator.py for tasks to queue
[2024-06-18T02:23:14.098+0000] {logging_mixin.py:188} INFO - [2024-06-18T02:23:14.097+0000] {dagbag.py:545} INFO - Filling up the DagBag from /home/airflow/.local/lib/python3.12/site-packages/airflow/example_dags/example_branch_operator.py
[2024-06-18T02:23:14.130+0000] {processor.py:840} INFO - DAG(s) 'example_branch_operator' retrieved from /home/airflow/.local/lib/python3.12/site-packages/airflow/example_dags/example_branch_operator.py
[2024-06-18T02:23:14.189+0000] {logging_mixin.py:188} INFO - [2024-06-18T02:23:14.189+0000] {dag.py:3096} INFO - Sync 1 DAGs
[2024-06-18T02:23:14.237+0000] {logging_mixin.py:188} INFO - [2024-06-18T02:23:14.237+0000] {dag.py:3954} INFO - Setting next_dagrun for example_branch_operator to 2024-06-17 00:00:00+00:00, run_after=2024-06-18 00:00:00+00:00
[2024-06-18T02:23:14.285+0000] {processor.py:183} INFO - Processing /home/airflow/.local/lib/python3.12/site-packages/airflow/example_dags/example_branch_operator.py took 0.197 seconds
[2024-06-18T02:23:44.767+0000] {processor.py:161} INFO - Started process (PID=65429) to work on /home/airflow/.local/lib/python3.12/site-packages/airflow/example_dags/example_branch_operator.py
[2024-06-18T02:23:44.768+0000] {processor.py:830} INFO - Processing file /home/airflow/.local/lib/python3.12/site-packages/airflow/example_dags/example_branch_operator.py for tasks to queue
[2024-06-18T02:23:44.769+0000] {logging_mixin.py:188} INFO - [2024-06-18T02:23:44.769+0000] {dagbag.py:545} INFO - Filling up the DagBag from /home/airflow/.local/lib/python3.12/site-packages/airflow/example_dags/example_branch_operator.py
[2024-06-18T02:23:44.787+0000] {processor.py:840} INFO - DAG(s) 'example_branch_operator' retrieved from /home/airflow/.local/lib/python3.12/site-packages/airflow/example_dags/example_branch_operator.py
[2024-06-18T02:23:44.821+0000] {logging_mixin.py:188} INFO - [2024-06-18T02:23:44.820+0000] {dag.py:3096} INFO - Sync 1 DAGs
[2024-06-18T02:23:44.860+0000] {logging_mixin.py:188} INFO - [2024-06-18T02:23:44.859+0000] {dag.py:3954} INFO - Setting next_dagrun for example_branch_operator to 2024-06-17 00:00:00+00:00, run_after=2024-06-18 00:00:00+00:00
[2024-06-18T02:23:44.889+0000] {processor.py:183} INFO - Processing /home/airflow/.local/lib/python3.12/site-packages/airflow/example_dags/example_branch_operator.py took 0.129 seconds
[2024-06-18T02:24:16.376+0000] {processor.py:161} INFO - Started process (PID=65487) to work on /home/airflow/.local/lib/python3.12/site-packages/airflow/example_dags/example_branch_operator.py
[2024-06-18T02:24:16.378+0000] {processor.py:830} INFO - Processing file /home/airflow/.local/lib/python3.12/site-packages/airflow/example_dags/example_branch_operator.py for tasks to queue
[2024-06-18T02:24:16.380+0000] {logging_mixin.py:188} INFO - [2024-06-18T02:24:16.379+0000] {dagbag.py:545} INFO - Filling up the DagBag from /home/airflow/.local/lib/python3.12/site-packages/airflow/example_dags/example_branch_operator.py
[2024-06-18T02:24:16.416+0000] {processor.py:840} INFO - DAG(s) 'example_branch_operator' retrieved from /home/airflow/.local/lib/python3.12/site-packages/airflow/example_dags/example_branch_operator.py
[2024-06-18T02:24:16.481+0000] {logging_mixin.py:188} INFO - [2024-06-18T02:24:16.480+0000] {dag.py:3096} INFO - Sync 1 DAGs
[2024-06-18T02:24:16.521+0000] {logging_mixin.py:188} INFO - [2024-06-18T02:24:16.520+0000] {dag.py:3954} INFO - Setting next_dagrun for example_branch_operator to 2024-06-17 00:00:00+00:00, run_after=2024-06-18 00:00:00+00:00
[2024-06-18T02:24:16.549+0000] {processor.py:183} INFO - Processing /home/airflow/.local/lib/python3.12/site-packages/airflow/example_dags/example_branch_operator.py took 0.184 seconds
[2024-06-18T02:24:46.677+0000] {processor.py:161} INFO - Started process (PID=65545) to work on /home/airflow/.local/lib/python3.12/site-packages/airflow/example_dags/example_branch_operator.py
[2024-06-18T02:24:46.678+0000] {processor.py:830} INFO - Processing file /home/airflow/.local/lib/python3.12/site-packages/airflow/example_dags/example_branch_operator.py for tasks to queue
[2024-06-18T02:24:46.679+0000] {logging_mixin.py:188} INFO - [2024-06-18T02:24:46.679+0000] {dagbag.py:545} INFO - Filling up the DagBag from /home/airflow/.local/lib/python3.12/site-packages/airflow/example_dags/example_branch_operator.py
[2024-06-18T02:24:46.701+0000] {processor.py:840} INFO - DAG(s) 'example_branch_operator' retrieved from /home/airflow/.local/lib/python3.12/site-packages/airflow/example_dags/example_branch_operator.py
[2024-06-18T02:24:46.739+0000] {logging_mixin.py:188} INFO - [2024-06-18T02:24:46.738+0000] {dag.py:3096} INFO - Sync 1 DAGs
[2024-06-18T02:24:46.767+0000] {logging_mixin.py:188} INFO - [2024-06-18T02:24:46.767+0000] {dag.py:3954} INFO - Setting next_dagrun for example_branch_operator to 2024-06-17 00:00:00+00:00, run_after=2024-06-18 00:00:00+00:00
[2024-06-18T02:24:46.792+0000] {processor.py:183} INFO - Processing /home/airflow/.local/lib/python3.12/site-packages/airflow/example_dags/example_branch_operator.py took 0.121 seconds
[2024-06-18T02:25:17.091+0000] {processor.py:161} INFO - Started process (PID=65603) to work on /home/airflow/.local/lib/python3.12/site-packages/airflow/example_dags/example_branch_operator.py
[2024-06-18T02:25:17.092+0000] {processor.py:830} INFO - Processing file /home/airflow/.local/lib/python3.12/site-packages/airflow/example_dags/example_branch_operator.py for tasks to queue
[2024-06-18T02:25:17.093+0000] {logging_mixin.py:188} INFO - [2024-06-18T02:25:17.093+0000] {dagbag.py:545} INFO - Filling up the DagBag from /home/airflow/.local/lib/python3.12/site-packages/airflow/example_dags/example_branch_operator.py
[2024-06-18T02:25:17.111+0000] {processor.py:840} INFO - DAG(s) 'example_branch_operator' retrieved from /home/airflow/.local/lib/python3.12/site-packages/airflow/example_dags/example_branch_operator.py
[2024-06-18T02:25:17.141+0000] {logging_mixin.py:188} INFO - [2024-06-18T02:25:17.141+0000] {dag.py:3096} INFO - Sync 1 DAGs
[2024-06-18T02:25:17.171+0000] {logging_mixin.py:188} INFO - [2024-06-18T02:25:17.171+0000] {dag.py:3954} INFO - Setting next_dagrun for example_branch_operator to 2024-06-17 00:00:00+00:00, run_after=2024-06-18 00:00:00+00:00
[2024-06-18T02:25:17.195+0000] {processor.py:183} INFO - Processing /home/airflow/.local/lib/python3.12/site-packages/airflow/example_dags/example_branch_operator.py took 0.112 seconds
[2024-06-18T02:25:48.041+0000] {processor.py:161} INFO - Started process (PID=65661) to work on /home/airflow/.local/lib/python3.12/site-packages/airflow/example_dags/example_branch_operator.py
[2024-06-18T02:25:48.042+0000] {processor.py:830} INFO - Processing file /home/airflow/.local/lib/python3.12/site-packages/airflow/example_dags/example_branch_operator.py for tasks to queue
[2024-06-18T02:25:48.043+0000] {logging_mixin.py:188} INFO - [2024-06-18T02:25:48.043+0000] {dagbag.py:545} INFO - Filling up the DagBag from /home/airflow/.local/lib/python3.12/site-packages/airflow/example_dags/example_branch_operator.py
[2024-06-18T02:25:48.061+0000] {processor.py:840} INFO - DAG(s) 'example_branch_operator' retrieved from /home/airflow/.local/lib/python3.12/site-packages/airflow/example_dags/example_branch_operator.py
[2024-06-18T02:25:48.093+0000] {logging_mixin.py:188} INFO - [2024-06-18T02:25:48.093+0000] {dag.py:3096} INFO - Sync 1 DAGs
[2024-06-18T02:25:48.118+0000] {logging_mixin.py:188} INFO - [2024-06-18T02:25:48.117+0000] {dag.py:3954} INFO - Setting next_dagrun for example_branch_operator to 2024-06-17 00:00:00+00:00, run_after=2024-06-18 00:00:00+00:00
[2024-06-18T02:25:48.139+0000] {processor.py:183} INFO - Processing /home/airflow/.local/lib/python3.12/site-packages/airflow/example_dags/example_branch_operator.py took 0.105 seconds
[2024-06-18T02:26:18.649+0000] {processor.py:161} INFO - Started process (PID=65719) to work on /home/airflow/.local/lib/python3.12/site-packages/airflow/example_dags/example_branch_operator.py
[2024-06-18T02:26:18.650+0000] {processor.py:830} INFO - Processing file /home/airflow/.local/lib/python3.12/site-packages/airflow/example_dags/example_branch_operator.py for tasks to queue
[2024-06-18T02:26:18.651+0000] {logging_mixin.py:188} INFO - [2024-06-18T02:26:18.651+0000] {dagbag.py:545} INFO - Filling up the DagBag from /home/airflow/.local/lib/python3.12/site-packages/airflow/example_dags/example_branch_operator.py
[2024-06-18T02:26:18.670+0000] {processor.py:840} INFO - DAG(s) 'example_branch_operator' retrieved from /home/airflow/.local/lib/python3.12/site-packages/airflow/example_dags/example_branch_operator.py
[2024-06-18T02:26:18.704+0000] {logging_mixin.py:188} INFO - [2024-06-18T02:26:18.704+0000] {dag.py:3096} INFO - Sync 1 DAGs
[2024-06-18T02:26:18.732+0000] {logging_mixin.py:188} INFO - [2024-06-18T02:26:18.731+0000] {dag.py:3954} INFO - Setting next_dagrun for example_branch_operator to 2024-06-17 00:00:00+00:00, run_after=2024-06-18 00:00:00+00:00
[2024-06-18T02:26:18.754+0000] {processor.py:183} INFO - Processing /home/airflow/.local/lib/python3.12/site-packages/airflow/example_dags/example_branch_operator.py took 0.112 seconds
[2024-06-18T02:26:49.441+0000] {processor.py:161} INFO - Started process (PID=65778) to work on /home/airflow/.local/lib/python3.12/site-packages/airflow/example_dags/example_branch_operator.py
[2024-06-18T02:26:49.443+0000] {processor.py:830} INFO - Processing file /home/airflow/.local/lib/python3.12/site-packages/airflow/example_dags/example_branch_operator.py for tasks to queue
[2024-06-18T02:26:49.445+0000] {logging_mixin.py:188} INFO - [2024-06-18T02:26:49.444+0000] {dagbag.py:545} INFO - Filling up the DagBag from /home/airflow/.local/lib/python3.12/site-packages/airflow/example_dags/example_branch_operator.py
[2024-06-18T02:26:49.475+0000] {processor.py:840} INFO - DAG(s) 'example_branch_operator' retrieved from /home/airflow/.local/lib/python3.12/site-packages/airflow/example_dags/example_branch_operator.py
[2024-06-18T02:26:49.513+0000] {logging_mixin.py:188} INFO - [2024-06-18T02:26:49.512+0000] {dag.py:3096} INFO - Sync 1 DAGs
[2024-06-18T02:26:49.541+0000] {logging_mixin.py:188} INFO - [2024-06-18T02:26:49.540+0000] {dag.py:3954} INFO - Setting next_dagrun for example_branch_operator to 2024-06-17 00:00:00+00:00, run_after=2024-06-18 00:00:00+00:00
[2024-06-18T02:26:49.559+0000] {processor.py:183} INFO - Processing /home/airflow/.local/lib/python3.12/site-packages/airflow/example_dags/example_branch_operator.py took 0.129 seconds
[2024-06-18T02:27:20.095+0000] {processor.py:161} INFO - Started process (PID=65836) to work on /home/airflow/.local/lib/python3.12/site-packages/airflow/example_dags/example_branch_operator.py
[2024-06-18T02:27:20.096+0000] {processor.py:830} INFO - Processing file /home/airflow/.local/lib/python3.12/site-packages/airflow/example_dags/example_branch_operator.py for tasks to queue
[2024-06-18T02:27:20.097+0000] {logging_mixin.py:188} INFO - [2024-06-18T02:27:20.097+0000] {dagbag.py:545} INFO - Filling up the DagBag from /home/airflow/.local/lib/python3.12/site-packages/airflow/example_dags/example_branch_operator.py
[2024-06-18T02:27:20.115+0000] {processor.py:840} INFO - DAG(s) 'example_branch_operator' retrieved from /home/airflow/.local/lib/python3.12/site-packages/airflow/example_dags/example_branch_operator.py
[2024-06-18T02:27:20.150+0000] {logging_mixin.py:188} INFO - [2024-06-18T02:27:20.150+0000] {dag.py:3096} INFO - Sync 1 DAGs
[2024-06-18T02:27:20.183+0000] {logging_mixin.py:188} INFO - [2024-06-18T02:27:20.183+0000] {dag.py:3954} INFO - Setting next_dagrun for example_branch_operator to 2024-06-17 00:00:00+00:00, run_after=2024-06-18 00:00:00+00:00
[2024-06-18T02:27:20.204+0000] {processor.py:183} INFO - Processing /home/airflow/.local/lib/python3.12/site-packages/airflow/example_dags/example_branch_operator.py took 0.116 seconds
[2024-06-18T02:27:50.344+0000] {processor.py:161} INFO - Started process (PID=65894) to work on /home/airflow/.local/lib/python3.12/site-packages/airflow/example_dags/example_branch_operator.py
[2024-06-18T02:27:50.346+0000] {processor.py:830} INFO - Processing file /home/airflow/.local/lib/python3.12/site-packages/airflow/example_dags/example_branch_operator.py for tasks to queue
[2024-06-18T02:27:50.347+0000] {logging_mixin.py:188} INFO - [2024-06-18T02:27:50.346+0000] {dagbag.py:545} INFO - Filling up the DagBag from /home/airflow/.local/lib/python3.12/site-packages/airflow/example_dags/example_branch_operator.py
[2024-06-18T02:27:50.368+0000] {processor.py:840} INFO - DAG(s) 'example_branch_operator' retrieved from /home/airflow/.local/lib/python3.12/site-packages/airflow/example_dags/example_branch_operator.py
[2024-06-18T02:27:50.399+0000] {logging_mixin.py:188} INFO - [2024-06-18T02:27:50.399+0000] {dag.py:3096} INFO - Sync 1 DAGs
[2024-06-18T02:27:50.423+0000] {logging_mixin.py:188} INFO - [2024-06-18T02:27:50.423+0000] {dag.py:3954} INFO - Setting next_dagrun for example_branch_operator to 2024-06-17 00:00:00+00:00, run_after=2024-06-18 00:00:00+00:00
[2024-06-18T02:27:50.441+0000] {processor.py:183} INFO - Processing /home/airflow/.local/lib/python3.12/site-packages/airflow/example_dags/example_branch_operator.py took 0.105 seconds
[2024-06-18T02:28:20.832+0000] {processor.py:161} INFO - Started process (PID=65952) to work on /home/airflow/.local/lib/python3.12/site-packages/airflow/example_dags/example_branch_operator.py
[2024-06-18T02:28:20.835+0000] {processor.py:830} INFO - Processing file /home/airflow/.local/lib/python3.12/site-packages/airflow/example_dags/example_branch_operator.py for tasks to queue
[2024-06-18T02:28:20.836+0000] {logging_mixin.py:188} INFO - [2024-06-18T02:28:20.836+0000] {dagbag.py:545} INFO - Filling up the DagBag from /home/airflow/.local/lib/python3.12/site-packages/airflow/example_dags/example_branch_operator.py
[2024-06-18T02:28:20.859+0000] {processor.py:840} INFO - DAG(s) 'example_branch_operator' retrieved from /home/airflow/.local/lib/python3.12/site-packages/airflow/example_dags/example_branch_operator.py
[2024-06-18T02:28:20.899+0000] {logging_mixin.py:188} INFO - [2024-06-18T02:28:20.899+0000] {dag.py:3096} INFO - Sync 1 DAGs
[2024-06-18T02:28:20.926+0000] {logging_mixin.py:188} INFO - [2024-06-18T02:28:20.926+0000] {dag.py:3954} INFO - Setting next_dagrun for example_branch_operator to 2024-06-17 00:00:00+00:00, run_after=2024-06-18 00:00:00+00:00
[2024-06-18T02:28:20.952+0000] {processor.py:183} INFO - Processing /home/airflow/.local/lib/python3.12/site-packages/airflow/example_dags/example_branch_operator.py took 0.128 seconds
[2024-06-18T02:28:51.220+0000] {processor.py:161} INFO - Started process (PID=66011) to work on /home/airflow/.local/lib/python3.12/site-packages/airflow/example_dags/example_branch_operator.py
[2024-06-18T02:28:51.221+0000] {processor.py:830} INFO - Processing file /home/airflow/.local/lib/python3.12/site-packages/airflow/example_dags/example_branch_operator.py for tasks to queue
[2024-06-18T02:28:51.222+0000] {logging_mixin.py:188} INFO - [2024-06-18T02:28:51.222+0000] {dagbag.py:545} INFO - Filling up the DagBag from /home/airflow/.local/lib/python3.12/site-packages/airflow/example_dags/example_branch_operator.py
[2024-06-18T02:28:51.241+0000] {processor.py:840} INFO - DAG(s) 'example_branch_operator' retrieved from /home/airflow/.local/lib/python3.12/site-packages/airflow/example_dags/example_branch_operator.py
[2024-06-18T02:28:51.273+0000] {logging_mixin.py:188} INFO - [2024-06-18T02:28:51.272+0000] {dag.py:3096} INFO - Sync 1 DAGs
[2024-06-18T02:28:51.298+0000] {logging_mixin.py:188} INFO - [2024-06-18T02:28:51.298+0000] {dag.py:3954} INFO - Setting next_dagrun for example_branch_operator to 2024-06-17 00:00:00+00:00, run_after=2024-06-18 00:00:00+00:00
[2024-06-18T02:28:51.316+0000] {processor.py:183} INFO - Processing /home/airflow/.local/lib/python3.12/site-packages/airflow/example_dags/example_branch_operator.py took 0.102 seconds
[2024-06-18T02:29:21.554+0000] {processor.py:161} INFO - Started process (PID=66069) to work on /home/airflow/.local/lib/python3.12/site-packages/airflow/example_dags/example_branch_operator.py
[2024-06-18T02:29:21.555+0000] {processor.py:830} INFO - Processing file /home/airflow/.local/lib/python3.12/site-packages/airflow/example_dags/example_branch_operator.py for tasks to queue
[2024-06-18T02:29:21.557+0000] {logging_mixin.py:188} INFO - [2024-06-18T02:29:21.556+0000] {dagbag.py:545} INFO - Filling up the DagBag from /home/airflow/.local/lib/python3.12/site-packages/airflow/example_dags/example_branch_operator.py
[2024-06-18T02:29:21.582+0000] {processor.py:840} INFO - DAG(s) 'example_branch_operator' retrieved from /home/airflow/.local/lib/python3.12/site-packages/airflow/example_dags/example_branch_operator.py
[2024-06-18T02:29:21.615+0000] {logging_mixin.py:188} INFO - [2024-06-18T02:29:21.615+0000] {dag.py:3096} INFO - Sync 1 DAGs
[2024-06-18T02:29:21.646+0000] {logging_mixin.py:188} INFO - [2024-06-18T02:29:21.646+0000] {dag.py:3954} INFO - Setting next_dagrun for example_branch_operator to 2024-06-17 00:00:00+00:00, run_after=2024-06-18 00:00:00+00:00
[2024-06-18T02:29:21.667+0000] {processor.py:183} INFO - Processing /home/airflow/.local/lib/python3.12/site-packages/airflow/example_dags/example_branch_operator.py took 0.121 seconds
[2024-06-18T02:29:51.818+0000] {processor.py:161} INFO - Started process (PID=66127) to work on /home/airflow/.local/lib/python3.12/site-packages/airflow/example_dags/example_branch_operator.py
[2024-06-18T02:29:51.819+0000] {processor.py:830} INFO - Processing file /home/airflow/.local/lib/python3.12/site-packages/airflow/example_dags/example_branch_operator.py for tasks to queue
[2024-06-18T02:29:51.819+0000] {logging_mixin.py:188} INFO - [2024-06-18T02:29:51.819+0000] {dagbag.py:545} INFO - Filling up the DagBag from /home/airflow/.local/lib/python3.12/site-packages/airflow/example_dags/example_branch_operator.py
[2024-06-18T02:29:51.837+0000] {processor.py:840} INFO - DAG(s) 'example_branch_operator' retrieved from /home/airflow/.local/lib/python3.12/site-packages/airflow/example_dags/example_branch_operator.py
[2024-06-18T02:29:51.870+0000] {logging_mixin.py:188} INFO - [2024-06-18T02:29:51.870+0000] {dag.py:3096} INFO - Sync 1 DAGs
[2024-06-18T02:29:51.892+0000] {logging_mixin.py:188} INFO - [2024-06-18T02:29:51.891+0000] {dag.py:3954} INFO - Setting next_dagrun for example_branch_operator to 2024-06-17 00:00:00+00:00, run_after=2024-06-18 00:00:00+00:00
[2024-06-18T02:29:51.913+0000] {processor.py:183} INFO - Processing /home/airflow/.local/lib/python3.12/site-packages/airflow/example_dags/example_branch_operator.py took 0.102 seconds
[2024-06-18T02:30:22.392+0000] {processor.py:161} INFO - Started process (PID=66185) to work on /home/airflow/.local/lib/python3.12/site-packages/airflow/example_dags/example_branch_operator.py
[2024-06-18T02:30:22.394+0000] {processor.py:830} INFO - Processing file /home/airflow/.local/lib/python3.12/site-packages/airflow/example_dags/example_branch_operator.py for tasks to queue
[2024-06-18T02:30:22.395+0000] {logging_mixin.py:188} INFO - [2024-06-18T02:30:22.394+0000] {dagbag.py:545} INFO - Filling up the DagBag from /home/airflow/.local/lib/python3.12/site-packages/airflow/example_dags/example_branch_operator.py
[2024-06-18T02:30:22.416+0000] {processor.py:840} INFO - DAG(s) 'example_branch_operator' retrieved from /home/airflow/.local/lib/python3.12/site-packages/airflow/example_dags/example_branch_operator.py
[2024-06-18T02:30:22.450+0000] {logging_mixin.py:188} INFO - [2024-06-18T02:30:22.450+0000] {dag.py:3096} INFO - Sync 1 DAGs
[2024-06-18T02:30:22.475+0000] {logging_mixin.py:188} INFO - [2024-06-18T02:30:22.475+0000] {dag.py:3954} INFO - Setting next_dagrun for example_branch_operator to 2024-06-17 00:00:00+00:00, run_after=2024-06-18 00:00:00+00:00
[2024-06-18T02:30:22.495+0000] {processor.py:183} INFO - Processing /home/airflow/.local/lib/python3.12/site-packages/airflow/example_dags/example_branch_operator.py took 0.110 seconds
[2024-06-18T02:30:53.044+0000] {processor.py:161} INFO - Started process (PID=66243) to work on /home/airflow/.local/lib/python3.12/site-packages/airflow/example_dags/example_branch_operator.py
[2024-06-18T02:30:53.045+0000] {processor.py:830} INFO - Processing file /home/airflow/.local/lib/python3.12/site-packages/airflow/example_dags/example_branch_operator.py for tasks to queue
[2024-06-18T02:30:53.046+0000] {logging_mixin.py:188} INFO - [2024-06-18T02:30:53.045+0000] {dagbag.py:545} INFO - Filling up the DagBag from /home/airflow/.local/lib/python3.12/site-packages/airflow/example_dags/example_branch_operator.py
[2024-06-18T02:30:53.066+0000] {processor.py:840} INFO - DAG(s) 'example_branch_operator' retrieved from /home/airflow/.local/lib/python3.12/site-packages/airflow/example_dags/example_branch_operator.py
[2024-06-18T02:30:53.107+0000] {logging_mixin.py:188} INFO - [2024-06-18T02:30:53.107+0000] {dag.py:3096} INFO - Sync 1 DAGs
[2024-06-18T02:30:53.132+0000] {logging_mixin.py:188} INFO - [2024-06-18T02:30:53.132+0000] {dag.py:3954} INFO - Setting next_dagrun for example_branch_operator to 2024-06-17 00:00:00+00:00, run_after=2024-06-18 00:00:00+00:00
[2024-06-18T02:30:53.152+0000] {processor.py:183} INFO - Processing /home/airflow/.local/lib/python3.12/site-packages/airflow/example_dags/example_branch_operator.py took 0.114 seconds
[2024-06-18T02:31:23.425+0000] {processor.py:161} INFO - Started process (PID=66301) to work on /home/airflow/.local/lib/python3.12/site-packages/airflow/example_dags/example_branch_operator.py
[2024-06-18T02:31:23.427+0000] {processor.py:830} INFO - Processing file /home/airflow/.local/lib/python3.12/site-packages/airflow/example_dags/example_branch_operator.py for tasks to queue
[2024-06-18T02:31:23.427+0000] {logging_mixin.py:188} INFO - [2024-06-18T02:31:23.427+0000] {dagbag.py:545} INFO - Filling up the DagBag from /home/airflow/.local/lib/python3.12/site-packages/airflow/example_dags/example_branch_operator.py
[2024-06-18T02:31:23.446+0000] {processor.py:840} INFO - DAG(s) 'example_branch_operator' retrieved from /home/airflow/.local/lib/python3.12/site-packages/airflow/example_dags/example_branch_operator.py
[2024-06-18T02:31:23.479+0000] {logging_mixin.py:188} INFO - [2024-06-18T02:31:23.478+0000] {dag.py:3096} INFO - Sync 1 DAGs
[2024-06-18T02:31:23.505+0000] {logging_mixin.py:188} INFO - [2024-06-18T02:31:23.505+0000] {dag.py:3954} INFO - Setting next_dagrun for example_branch_operator to 2024-06-17 00:00:00+00:00, run_after=2024-06-18 00:00:00+00:00
[2024-06-18T02:31:23.531+0000] {processor.py:183} INFO - Processing /home/airflow/.local/lib/python3.12/site-packages/airflow/example_dags/example_branch_operator.py took 0.113 seconds
[2024-06-18T02:31:53.915+0000] {processor.py:161} INFO - Started process (PID=66359) to work on /home/airflow/.local/lib/python3.12/site-packages/airflow/example_dags/example_branch_operator.py
[2024-06-18T02:31:53.916+0000] {processor.py:830} INFO - Processing file /home/airflow/.local/lib/python3.12/site-packages/airflow/example_dags/example_branch_operator.py for tasks to queue
[2024-06-18T02:31:53.917+0000] {logging_mixin.py:188} INFO - [2024-06-18T02:31:53.916+0000] {dagbag.py:545} INFO - Filling up the DagBag from /home/airflow/.local/lib/python3.12/site-packages/airflow/example_dags/example_branch_operator.py
[2024-06-18T02:31:53.939+0000] {processor.py:840} INFO - DAG(s) 'example_branch_operator' retrieved from /home/airflow/.local/lib/python3.12/site-packages/airflow/example_dags/example_branch_operator.py
[2024-06-18T02:31:53.978+0000] {logging_mixin.py:188} INFO - [2024-06-18T02:31:53.978+0000] {dag.py:3096} INFO - Sync 1 DAGs
[2024-06-18T02:31:54.002+0000] {logging_mixin.py:188} INFO - [2024-06-18T02:31:54.001+0000] {dag.py:3954} INFO - Setting next_dagrun for example_branch_operator to 2024-06-17 00:00:00+00:00, run_after=2024-06-18 00:00:00+00:00
[2024-06-18T02:31:54.025+0000] {processor.py:183} INFO - Processing /home/airflow/.local/lib/python3.12/site-packages/airflow/example_dags/example_branch_operator.py took 0.118 seconds
[2024-06-18T02:32:24.916+0000] {processor.py:161} INFO - Started process (PID=66417) to work on /home/airflow/.local/lib/python3.12/site-packages/airflow/example_dags/example_branch_operator.py
[2024-06-18T02:32:24.917+0000] {processor.py:830} INFO - Processing file /home/airflow/.local/lib/python3.12/site-packages/airflow/example_dags/example_branch_operator.py for tasks to queue
[2024-06-18T02:32:24.917+0000] {logging_mixin.py:188} INFO - [2024-06-18T02:32:24.917+0000] {dagbag.py:545} INFO - Filling up the DagBag from /home/airflow/.local/lib/python3.12/site-packages/airflow/example_dags/example_branch_operator.py
[2024-06-18T02:32:24.935+0000] {processor.py:840} INFO - DAG(s) 'example_branch_operator' retrieved from /home/airflow/.local/lib/python3.12/site-packages/airflow/example_dags/example_branch_operator.py
[2024-06-18T02:32:24.965+0000] {logging_mixin.py:188} INFO - [2024-06-18T02:32:24.965+0000] {dag.py:3096} INFO - Sync 1 DAGs
[2024-06-18T02:32:24.988+0000] {logging_mixin.py:188} INFO - [2024-06-18T02:32:24.988+0000] {dag.py:3954} INFO - Setting next_dagrun for example_branch_operator to 2024-06-17 00:00:00+00:00, run_after=2024-06-18 00:00:00+00:00
[2024-06-18T02:32:25.008+0000] {processor.py:183} INFO - Processing /home/airflow/.local/lib/python3.12/site-packages/airflow/example_dags/example_branch_operator.py took 0.098 seconds
[2024-06-18T02:32:55.458+0000] {processor.py:161} INFO - Started process (PID=66475) to work on /home/airflow/.local/lib/python3.12/site-packages/airflow/example_dags/example_branch_operator.py
[2024-06-18T02:32:55.460+0000] {processor.py:830} INFO - Processing file /home/airflow/.local/lib/python3.12/site-packages/airflow/example_dags/example_branch_operator.py for tasks to queue
[2024-06-18T02:32:55.461+0000] {logging_mixin.py:188} INFO - [2024-06-18T02:32:55.460+0000] {dagbag.py:545} INFO - Filling up the DagBag from /home/airflow/.local/lib/python3.12/site-packages/airflow/example_dags/example_branch_operator.py
[2024-06-18T02:32:55.480+0000] {processor.py:840} INFO - DAG(s) 'example_branch_operator' retrieved from /home/airflow/.local/lib/python3.12/site-packages/airflow/example_dags/example_branch_operator.py
[2024-06-18T02:32:55.514+0000] {logging_mixin.py:188} INFO - [2024-06-18T02:32:55.514+0000] {dag.py:3096} INFO - Sync 1 DAGs
[2024-06-18T02:32:55.540+0000] {logging_mixin.py:188} INFO - [2024-06-18T02:32:55.540+0000] {dag.py:3954} INFO - Setting next_dagrun for example_branch_operator to 2024-06-17 00:00:00+00:00, run_after=2024-06-18 00:00:00+00:00
[2024-06-18T02:32:55.565+0000] {processor.py:183} INFO - Processing /home/airflow/.local/lib/python3.12/site-packages/airflow/example_dags/example_branch_operator.py took 0.115 seconds
[2024-06-18T02:33:26.462+0000] {processor.py:161} INFO - Started process (PID=66533) to work on /home/airflow/.local/lib/python3.12/site-packages/airflow/example_dags/example_branch_operator.py
[2024-06-18T02:33:26.463+0000] {processor.py:830} INFO - Processing file /home/airflow/.local/lib/python3.12/site-packages/airflow/example_dags/example_branch_operator.py for tasks to queue
[2024-06-18T02:33:26.464+0000] {logging_mixin.py:188} INFO - [2024-06-18T02:33:26.464+0000] {dagbag.py:545} INFO - Filling up the DagBag from /home/airflow/.local/lib/python3.12/site-packages/airflow/example_dags/example_branch_operator.py
[2024-06-18T02:33:26.493+0000] {processor.py:840} INFO - DAG(s) 'example_branch_operator' retrieved from /home/airflow/.local/lib/python3.12/site-packages/airflow/example_dags/example_branch_operator.py
[2024-06-18T02:33:26.531+0000] {logging_mixin.py:188} INFO - [2024-06-18T02:33:26.531+0000] {dag.py:3096} INFO - Sync 1 DAGs
[2024-06-18T02:33:26.565+0000] {logging_mixin.py:188} INFO - [2024-06-18T02:33:26.564+0000] {dag.py:3954} INFO - Setting next_dagrun for example_branch_operator to 2024-06-17 00:00:00+00:00, run_after=2024-06-18 00:00:00+00:00
[2024-06-18T02:33:26.592+0000] {processor.py:183} INFO - Processing /home/airflow/.local/lib/python3.12/site-packages/airflow/example_dags/example_branch_operator.py took 0.140 seconds
[2024-06-18T02:33:56.637+0000] {processor.py:161} INFO - Started process (PID=66591) to work on /home/airflow/.local/lib/python3.12/site-packages/airflow/example_dags/example_branch_operator.py
[2024-06-18T02:33:56.638+0000] {processor.py:830} INFO - Processing file /home/airflow/.local/lib/python3.12/site-packages/airflow/example_dags/example_branch_operator.py for tasks to queue
[2024-06-18T02:33:56.640+0000] {logging_mixin.py:188} INFO - [2024-06-18T02:33:56.639+0000] {dagbag.py:545} INFO - Filling up the DagBag from /home/airflow/.local/lib/python3.12/site-packages/airflow/example_dags/example_branch_operator.py
[2024-06-18T02:33:56.656+0000] {processor.py:840} INFO - DAG(s) 'example_branch_operator' retrieved from /home/airflow/.local/lib/python3.12/site-packages/airflow/example_dags/example_branch_operator.py
[2024-06-18T02:33:56.693+0000] {logging_mixin.py:188} INFO - [2024-06-18T02:33:56.692+0000] {dag.py:3096} INFO - Sync 1 DAGs
[2024-06-18T02:33:56.718+0000] {logging_mixin.py:188} INFO - [2024-06-18T02:33:56.718+0000] {dag.py:3954} INFO - Setting next_dagrun for example_branch_operator to 2024-06-17 00:00:00+00:00, run_after=2024-06-18 00:00:00+00:00
[2024-06-18T02:33:56.738+0000] {processor.py:183} INFO - Processing /home/airflow/.local/lib/python3.12/site-packages/airflow/example_dags/example_branch_operator.py took 0.108 seconds
[2024-06-18T02:34:27.147+0000] {processor.py:161} INFO - Started process (PID=66649) to work on /home/airflow/.local/lib/python3.12/site-packages/airflow/example_dags/example_branch_operator.py
[2024-06-18T02:34:27.148+0000] {processor.py:830} INFO - Processing file /home/airflow/.local/lib/python3.12/site-packages/airflow/example_dags/example_branch_operator.py for tasks to queue
[2024-06-18T02:34:27.149+0000] {logging_mixin.py:188} INFO - [2024-06-18T02:34:27.149+0000] {dagbag.py:545} INFO - Filling up the DagBag from /home/airflow/.local/lib/python3.12/site-packages/airflow/example_dags/example_branch_operator.py
[2024-06-18T02:34:27.168+0000] {processor.py:840} INFO - DAG(s) 'example_branch_operator' retrieved from /home/airflow/.local/lib/python3.12/site-packages/airflow/example_dags/example_branch_operator.py
[2024-06-18T02:34:27.197+0000] {logging_mixin.py:188} INFO - [2024-06-18T02:34:27.197+0000] {dag.py:3096} INFO - Sync 1 DAGs
[2024-06-18T02:34:27.220+0000] {logging_mixin.py:188} INFO - [2024-06-18T02:34:27.220+0000] {dag.py:3954} INFO - Setting next_dagrun for example_branch_operator to 2024-06-17 00:00:00+00:00, run_after=2024-06-18 00:00:00+00:00
[2024-06-18T02:34:27.241+0000] {processor.py:183} INFO - Processing /home/airflow/.local/lib/python3.12/site-packages/airflow/example_dags/example_branch_operator.py took 0.101 seconds
[2024-06-18T02:34:57.571+0000] {processor.py:161} INFO - Started process (PID=66707) to work on /home/airflow/.local/lib/python3.12/site-packages/airflow/example_dags/example_branch_operator.py
[2024-06-18T02:34:57.573+0000] {processor.py:830} INFO - Processing file /home/airflow/.local/lib/python3.12/site-packages/airflow/example_dags/example_branch_operator.py for tasks to queue
[2024-06-18T02:34:57.574+0000] {logging_mixin.py:188} INFO - [2024-06-18T02:34:57.573+0000] {dagbag.py:545} INFO - Filling up the DagBag from /home/airflow/.local/lib/python3.12/site-packages/airflow/example_dags/example_branch_operator.py
[2024-06-18T02:34:57.593+0000] {processor.py:840} INFO - DAG(s) 'example_branch_operator' retrieved from /home/airflow/.local/lib/python3.12/site-packages/airflow/example_dags/example_branch_operator.py
[2024-06-18T02:34:57.623+0000] {logging_mixin.py:188} INFO - [2024-06-18T02:34:57.623+0000] {dag.py:3096} INFO - Sync 1 DAGs
[2024-06-18T02:34:57.646+0000] {logging_mixin.py:188} INFO - [2024-06-18T02:34:57.646+0000] {dag.py:3954} INFO - Setting next_dagrun for example_branch_operator to 2024-06-17 00:00:00+00:00, run_after=2024-06-18 00:00:00+00:00
[2024-06-18T02:34:57.665+0000] {processor.py:183} INFO - Processing /home/airflow/.local/lib/python3.12/site-packages/airflow/example_dags/example_branch_operator.py took 0.100 seconds
[2024-06-18T02:35:27.873+0000] {processor.py:161} INFO - Started process (PID=66765) to work on /home/airflow/.local/lib/python3.12/site-packages/airflow/example_dags/example_branch_operator.py
[2024-06-18T02:35:27.875+0000] {processor.py:830} INFO - Processing file /home/airflow/.local/lib/python3.12/site-packages/airflow/example_dags/example_branch_operator.py for tasks to queue
[2024-06-18T02:35:27.876+0000] {logging_mixin.py:188} INFO - [2024-06-18T02:35:27.875+0000] {dagbag.py:545} INFO - Filling up the DagBag from /home/airflow/.local/lib/python3.12/site-packages/airflow/example_dags/example_branch_operator.py
[2024-06-18T02:35:27.897+0000] {processor.py:840} INFO - DAG(s) 'example_branch_operator' retrieved from /home/airflow/.local/lib/python3.12/site-packages/airflow/example_dags/example_branch_operator.py
[2024-06-18T02:35:27.929+0000] {logging_mixin.py:188} INFO - [2024-06-18T02:35:27.928+0000] {dag.py:3096} INFO - Sync 1 DAGs
[2024-06-18T02:35:27.954+0000] {logging_mixin.py:188} INFO - [2024-06-18T02:35:27.954+0000] {dag.py:3954} INFO - Setting next_dagrun for example_branch_operator to 2024-06-17 00:00:00+00:00, run_after=2024-06-18 00:00:00+00:00
[2024-06-18T02:35:27.974+0000] {processor.py:183} INFO - Processing /home/airflow/.local/lib/python3.12/site-packages/airflow/example_dags/example_branch_operator.py took 0.109 seconds
[2024-06-18T02:35:58.064+0000] {processor.py:161} INFO - Started process (PID=66823) to work on /home/airflow/.local/lib/python3.12/site-packages/airflow/example_dags/example_branch_operator.py
[2024-06-18T02:35:58.065+0000] {processor.py:830} INFO - Processing file /home/airflow/.local/lib/python3.12/site-packages/airflow/example_dags/example_branch_operator.py for tasks to queue
[2024-06-18T02:35:58.065+0000] {logging_mixin.py:188} INFO - [2024-06-18T02:35:58.065+0000] {dagbag.py:545} INFO - Filling up the DagBag from /home/airflow/.local/lib/python3.12/site-packages/airflow/example_dags/example_branch_operator.py
[2024-06-18T02:35:58.084+0000] {processor.py:840} INFO - DAG(s) 'example_branch_operator' retrieved from /home/airflow/.local/lib/python3.12/site-packages/airflow/example_dags/example_branch_operator.py
[2024-06-18T02:35:58.117+0000] {logging_mixin.py:188} INFO - [2024-06-18T02:35:58.117+0000] {dag.py:3096} INFO - Sync 1 DAGs
[2024-06-18T02:35:58.144+0000] {logging_mixin.py:188} INFO - [2024-06-18T02:35:58.144+0000] {dag.py:3954} INFO - Setting next_dagrun for example_branch_operator to 2024-06-17 00:00:00+00:00, run_after=2024-06-18 00:00:00+00:00
[2024-06-18T02:35:58.163+0000] {processor.py:183} INFO - Processing /home/airflow/.local/lib/python3.12/site-packages/airflow/example_dags/example_branch_operator.py took 0.105 seconds
[2024-06-18T02:36:29.176+0000] {processor.py:161} INFO - Started process (PID=66881) to work on /home/airflow/.local/lib/python3.12/site-packages/airflow/example_dags/example_branch_operator.py
[2024-06-18T02:36:29.178+0000] {processor.py:830} INFO - Processing file /home/airflow/.local/lib/python3.12/site-packages/airflow/example_dags/example_branch_operator.py for tasks to queue
[2024-06-18T02:36:29.179+0000] {logging_mixin.py:188} INFO - [2024-06-18T02:36:29.179+0000] {dagbag.py:545} INFO - Filling up the DagBag from /home/airflow/.local/lib/python3.12/site-packages/airflow/example_dags/example_branch_operator.py
[2024-06-18T02:36:29.206+0000] {processor.py:840} INFO - DAG(s) 'example_branch_operator' retrieved from /home/airflow/.local/lib/python3.12/site-packages/airflow/example_dags/example_branch_operator.py
[2024-06-18T02:36:29.240+0000] {logging_mixin.py:188} INFO - [2024-06-18T02:36:29.240+0000] {dag.py:3096} INFO - Sync 1 DAGs
[2024-06-18T02:36:29.266+0000] {logging_mixin.py:188} INFO - [2024-06-18T02:36:29.265+0000] {dag.py:3954} INFO - Setting next_dagrun for example_branch_operator to 2024-06-17 00:00:00+00:00, run_after=2024-06-18 00:00:00+00:00
[2024-06-18T02:36:29.285+0000] {processor.py:183} INFO - Processing /home/airflow/.local/lib/python3.12/site-packages/airflow/example_dags/example_branch_operator.py took 0.116 seconds
[2024-06-18T02:37:00.308+0000] {processor.py:161} INFO - Started process (PID=66939) to work on /home/airflow/.local/lib/python3.12/site-packages/airflow/example_dags/example_branch_operator.py
[2024-06-18T02:37:00.309+0000] {processor.py:830} INFO - Processing file /home/airflow/.local/lib/python3.12/site-packages/airflow/example_dags/example_branch_operator.py for tasks to queue
[2024-06-18T02:37:00.310+0000] {logging_mixin.py:188} INFO - [2024-06-18T02:37:00.310+0000] {dagbag.py:545} INFO - Filling up the DagBag from /home/airflow/.local/lib/python3.12/site-packages/airflow/example_dags/example_branch_operator.py
[2024-06-18T02:37:00.332+0000] {processor.py:840} INFO - DAG(s) 'example_branch_operator' retrieved from /home/airflow/.local/lib/python3.12/site-packages/airflow/example_dags/example_branch_operator.py
[2024-06-18T02:37:00.363+0000] {logging_mixin.py:188} INFO - [2024-06-18T02:37:00.362+0000] {dag.py:3096} INFO - Sync 1 DAGs
[2024-06-18T02:37:00.387+0000] {logging_mixin.py:188} INFO - [2024-06-18T02:37:00.387+0000] {dag.py:3954} INFO - Setting next_dagrun for example_branch_operator to 2024-06-17 00:00:00+00:00, run_after=2024-06-18 00:00:00+00:00
[2024-06-18T02:37:00.407+0000] {processor.py:183} INFO - Processing /home/airflow/.local/lib/python3.12/site-packages/airflow/example_dags/example_branch_operator.py took 0.107 seconds
[2024-06-18T02:37:31.138+0000] {processor.py:161} INFO - Started process (PID=66997) to work on /home/airflow/.local/lib/python3.12/site-packages/airflow/example_dags/example_branch_operator.py
[2024-06-18T02:37:31.140+0000] {processor.py:830} INFO - Processing file /home/airflow/.local/lib/python3.12/site-packages/airflow/example_dags/example_branch_operator.py for tasks to queue
[2024-06-18T02:37:31.141+0000] {logging_mixin.py:188} INFO - [2024-06-18T02:37:31.140+0000] {dagbag.py:545} INFO - Filling up the DagBag from /home/airflow/.local/lib/python3.12/site-packages/airflow/example_dags/example_branch_operator.py
[2024-06-18T02:37:31.160+0000] {processor.py:840} INFO - DAG(s) 'example_branch_operator' retrieved from /home/airflow/.local/lib/python3.12/site-packages/airflow/example_dags/example_branch_operator.py
[2024-06-18T02:37:31.190+0000] {logging_mixin.py:188} INFO - [2024-06-18T02:37:31.190+0000] {dag.py:3096} INFO - Sync 1 DAGs
[2024-06-18T02:37:31.212+0000] {logging_mixin.py:188} INFO - [2024-06-18T02:37:31.212+0000] {dag.py:3954} INFO - Setting next_dagrun for example_branch_operator to 2024-06-17 00:00:00+00:00, run_after=2024-06-18 00:00:00+00:00
[2024-06-18T02:37:31.232+0000] {processor.py:183} INFO - Processing /home/airflow/.local/lib/python3.12/site-packages/airflow/example_dags/example_branch_operator.py took 0.100 seconds
[2024-06-18T02:38:01.311+0000] {processor.py:161} INFO - Started process (PID=67055) to work on /home/airflow/.local/lib/python3.12/site-packages/airflow/example_dags/example_branch_operator.py
[2024-06-18T02:38:01.312+0000] {processor.py:830} INFO - Processing file /home/airflow/.local/lib/python3.12/site-packages/airflow/example_dags/example_branch_operator.py for tasks to queue
[2024-06-18T02:38:01.314+0000] {logging_mixin.py:188} INFO - [2024-06-18T02:38:01.313+0000] {dagbag.py:545} INFO - Filling up the DagBag from /home/airflow/.local/lib/python3.12/site-packages/airflow/example_dags/example_branch_operator.py
[2024-06-18T02:38:01.337+0000] {processor.py:840} INFO - DAG(s) 'example_branch_operator' retrieved from /home/airflow/.local/lib/python3.12/site-packages/airflow/example_dags/example_branch_operator.py
[2024-06-18T02:38:01.386+0000] {logging_mixin.py:188} INFO - [2024-06-18T02:38:01.385+0000] {dag.py:3096} INFO - Sync 1 DAGs
[2024-06-18T02:38:01.445+0000] {logging_mixin.py:188} INFO - [2024-06-18T02:38:01.444+0000] {dag.py:3954} INFO - Setting next_dagrun for example_branch_operator to 2024-06-17 00:00:00+00:00, run_after=2024-06-18 00:00:00+00:00
[2024-06-18T02:38:01.498+0000] {processor.py:183} INFO - Processing /home/airflow/.local/lib/python3.12/site-packages/airflow/example_dags/example_branch_operator.py took 0.194 seconds
[2024-06-18T02:38:32.346+0000] {processor.py:161} INFO - Started process (PID=67113) to work on /home/airflow/.local/lib/python3.12/site-packages/airflow/example_dags/example_branch_operator.py
[2024-06-18T02:38:32.347+0000] {processor.py:830} INFO - Processing file /home/airflow/.local/lib/python3.12/site-packages/airflow/example_dags/example_branch_operator.py for tasks to queue
[2024-06-18T02:38:32.347+0000] {logging_mixin.py:188} INFO - [2024-06-18T02:38:32.347+0000] {dagbag.py:545} INFO - Filling up the DagBag from /home/airflow/.local/lib/python3.12/site-packages/airflow/example_dags/example_branch_operator.py
[2024-06-18T02:38:32.368+0000] {processor.py:840} INFO - DAG(s) 'example_branch_operator' retrieved from /home/airflow/.local/lib/python3.12/site-packages/airflow/example_dags/example_branch_operator.py
[2024-06-18T02:38:32.400+0000] {logging_mixin.py:188} INFO - [2024-06-18T02:38:32.400+0000] {dag.py:3096} INFO - Sync 1 DAGs
[2024-06-18T02:38:32.425+0000] {logging_mixin.py:188} INFO - [2024-06-18T02:38:32.425+0000] {dag.py:3954} INFO - Setting next_dagrun for example_branch_operator to 2024-06-17 00:00:00+00:00, run_after=2024-06-18 00:00:00+00:00
[2024-06-18T02:38:32.445+0000] {processor.py:183} INFO - Processing /home/airflow/.local/lib/python3.12/site-packages/airflow/example_dags/example_branch_operator.py took 0.105 seconds
[2024-06-18T02:39:02.674+0000] {processor.py:161} INFO - Started process (PID=67170) to work on /home/airflow/.local/lib/python3.12/site-packages/airflow/example_dags/example_branch_operator.py
[2024-06-18T02:39:02.676+0000] {processor.py:830} INFO - Processing file /home/airflow/.local/lib/python3.12/site-packages/airflow/example_dags/example_branch_operator.py for tasks to queue
[2024-06-18T02:39:02.677+0000] {logging_mixin.py:188} INFO - [2024-06-18T02:39:02.677+0000] {dagbag.py:545} INFO - Filling up the DagBag from /home/airflow/.local/lib/python3.12/site-packages/airflow/example_dags/example_branch_operator.py
[2024-06-18T02:39:02.699+0000] {processor.py:840} INFO - DAG(s) 'example_branch_operator' retrieved from /home/airflow/.local/lib/python3.12/site-packages/airflow/example_dags/example_branch_operator.py
[2024-06-18T02:39:02.732+0000] {logging_mixin.py:188} INFO - [2024-06-18T02:39:02.731+0000] {dag.py:3096} INFO - Sync 1 DAGs
[2024-06-18T02:39:02.756+0000] {logging_mixin.py:188} INFO - [2024-06-18T02:39:02.756+0000] {dag.py:3954} INFO - Setting next_dagrun for example_branch_operator to 2024-06-17 00:00:00+00:00, run_after=2024-06-18 00:00:00+00:00
[2024-06-18T02:39:02.780+0000] {processor.py:183} INFO - Processing /home/airflow/.local/lib/python3.12/site-packages/airflow/example_dags/example_branch_operator.py took 0.112 seconds
[2024-06-18T02:39:32.846+0000] {processor.py:161} INFO - Started process (PID=67229) to work on /home/airflow/.local/lib/python3.12/site-packages/airflow/example_dags/example_branch_operator.py
[2024-06-18T02:39:32.849+0000] {processor.py:830} INFO - Processing file /home/airflow/.local/lib/python3.12/site-packages/airflow/example_dags/example_branch_operator.py for tasks to queue
[2024-06-18T02:39:32.851+0000] {logging_mixin.py:188} INFO - [2024-06-18T02:39:32.851+0000] {dagbag.py:545} INFO - Filling up the DagBag from /home/airflow/.local/lib/python3.12/site-packages/airflow/example_dags/example_branch_operator.py
[2024-06-18T02:39:32.896+0000] {processor.py:840} INFO - DAG(s) 'example_branch_operator' retrieved from /home/airflow/.local/lib/python3.12/site-packages/airflow/example_dags/example_branch_operator.py
[2024-06-18T02:39:33.018+0000] {logging_mixin.py:188} INFO - [2024-06-18T02:39:33.017+0000] {dag.py:3096} INFO - Sync 1 DAGs
[2024-06-18T02:39:33.075+0000] {logging_mixin.py:188} INFO - [2024-06-18T02:39:33.074+0000] {dag.py:3954} INFO - Setting next_dagrun for example_branch_operator to 2024-06-17 00:00:00+00:00, run_after=2024-06-18 00:00:00+00:00
[2024-06-18T02:39:33.114+0000] {processor.py:183} INFO - Processing /home/airflow/.local/lib/python3.12/site-packages/airflow/example_dags/example_branch_operator.py took 0.279 seconds
[2024-06-18T02:40:44.230+0000] {processor.py:161} INFO - Started process (PID=67299) to work on /home/airflow/.local/lib/python3.12/site-packages/airflow/example_dags/example_branch_operator.py
[2024-06-18T02:40:44.232+0000] {processor.py:830} INFO - Processing file /home/airflow/.local/lib/python3.12/site-packages/airflow/example_dags/example_branch_operator.py for tasks to queue
[2024-06-18T02:40:44.233+0000] {logging_mixin.py:188} INFO - [2024-06-18T02:40:44.233+0000] {dagbag.py:545} INFO - Filling up the DagBag from /home/airflow/.local/lib/python3.12/site-packages/airflow/example_dags/example_branch_operator.py
[2024-06-18T02:40:44.283+0000] {processor.py:840} INFO - DAG(s) 'example_branch_operator' retrieved from /home/airflow/.local/lib/python3.12/site-packages/airflow/example_dags/example_branch_operator.py
[2024-06-18T02:40:44.451+0000] {logging_mixin.py:188} INFO - [2024-06-18T02:40:44.434+0000] {dag.py:3096} INFO - Sync 1 DAGs
[2024-06-18T02:52:27.378+0000] {logging_mixin.py:188} INFO - [2024-06-18T02:52:27.242+0000] {dag.py:3954} INFO - Setting next_dagrun for example_branch_operator to 2024-06-17 00:00:00+00:00, run_after=2024-06-18 00:00:00+00:00
[2024-06-18T02:52:39.726+0000] {processor.py:183} INFO - Processing /home/airflow/.local/lib/python3.12/site-packages/airflow/example_dags/example_branch_operator.py took 715.448 seconds
[2024-06-18T02:53:14.129+0000] {processor.py:161} INFO - Started process (PID=67359) to work on /home/airflow/.local/lib/python3.12/site-packages/airflow/example_dags/example_branch_operator.py
[2024-06-18T02:53:14.131+0000] {processor.py:830} INFO - Processing file /home/airflow/.local/lib/python3.12/site-packages/airflow/example_dags/example_branch_operator.py for tasks to queue
[2024-06-18T02:53:14.132+0000] {logging_mixin.py:188} INFO - [2024-06-18T02:53:14.131+0000] {dagbag.py:545} INFO - Filling up the DagBag from /home/airflow/.local/lib/python3.12/site-packages/airflow/example_dags/example_branch_operator.py
[2024-06-18T02:53:14.257+0000] {processor.py:840} INFO - DAG(s) 'example_branch_operator' retrieved from /home/airflow/.local/lib/python3.12/site-packages/airflow/example_dags/example_branch_operator.py
[2024-06-18T02:53:14.476+0000] {logging_mixin.py:188} INFO - [2024-06-18T02:53:14.476+0000] {dag.py:3096} INFO - Sync 1 DAGs
[2024-06-18T02:53:14.894+0000] {logging_mixin.py:188} INFO - [2024-06-18T02:53:14.894+0000] {dag.py:3954} INFO - Setting next_dagrun for example_branch_operator to 2024-06-17 00:00:00+00:00, run_after=2024-06-18 00:00:00+00:00
[2024-06-18T02:53:14.929+0000] {processor.py:183} INFO - Processing /home/airflow/.local/lib/python3.12/site-packages/airflow/example_dags/example_branch_operator.py took 0.807 seconds
[2024-06-18T02:53:45.585+0000] {processor.py:161} INFO - Started process (PID=67415) to work on /home/airflow/.local/lib/python3.12/site-packages/airflow/example_dags/example_branch_operator.py
[2024-06-18T02:53:45.585+0000] {processor.py:830} INFO - Processing file /home/airflow/.local/lib/python3.12/site-packages/airflow/example_dags/example_branch_operator.py for tasks to queue
[2024-06-18T02:53:45.587+0000] {logging_mixin.py:188} INFO - [2024-06-18T02:53:45.586+0000] {dagbag.py:545} INFO - Filling up the DagBag from /home/airflow/.local/lib/python3.12/site-packages/airflow/example_dags/example_branch_operator.py
[2024-06-18T02:53:45.605+0000] {processor.py:840} INFO - DAG(s) 'example_branch_operator' retrieved from /home/airflow/.local/lib/python3.12/site-packages/airflow/example_dags/example_branch_operator.py
[2024-06-18T02:53:45.634+0000] {logging_mixin.py:188} INFO - [2024-06-18T02:53:45.634+0000] {dag.py:3096} INFO - Sync 1 DAGs
[2024-06-18T02:53:45.656+0000] {logging_mixin.py:188} INFO - [2024-06-18T02:53:45.656+0000] {dag.py:3954} INFO - Setting next_dagrun for example_branch_operator to 2024-06-17 00:00:00+00:00, run_after=2024-06-18 00:00:00+00:00
[2024-06-18T02:53:45.676+0000] {processor.py:183} INFO - Processing /home/airflow/.local/lib/python3.12/site-packages/airflow/example_dags/example_branch_operator.py took 0.098 seconds
[2024-06-18T02:54:15.943+0000] {processor.py:161} INFO - Started process (PID=67473) to work on /home/airflow/.local/lib/python3.12/site-packages/airflow/example_dags/example_branch_operator.py
[2024-06-18T02:54:15.945+0000] {processor.py:830} INFO - Processing file /home/airflow/.local/lib/python3.12/site-packages/airflow/example_dags/example_branch_operator.py for tasks to queue
[2024-06-18T02:54:15.946+0000] {logging_mixin.py:188} INFO - [2024-06-18T02:54:15.945+0000] {dagbag.py:545} INFO - Filling up the DagBag from /home/airflow/.local/lib/python3.12/site-packages/airflow/example_dags/example_branch_operator.py
[2024-06-18T02:54:15.966+0000] {processor.py:840} INFO - DAG(s) 'example_branch_operator' retrieved from /home/airflow/.local/lib/python3.12/site-packages/airflow/example_dags/example_branch_operator.py
[2024-06-18T02:54:16.003+0000] {logging_mixin.py:188} INFO - [2024-06-18T02:54:16.003+0000] {dag.py:3096} INFO - Sync 1 DAGs
[2024-06-18T02:54:16.034+0000] {logging_mixin.py:188} INFO - [2024-06-18T02:54:16.034+0000] {dag.py:3954} INFO - Setting next_dagrun for example_branch_operator to 2024-06-17 00:00:00+00:00, run_after=2024-06-18 00:00:00+00:00
[2024-06-18T02:54:16.057+0000] {processor.py:183} INFO - Processing /home/airflow/.local/lib/python3.12/site-packages/airflow/example_dags/example_branch_operator.py took 0.121 seconds
[2024-06-18T02:54:46.172+0000] {processor.py:161} INFO - Started process (PID=67531) to work on /home/airflow/.local/lib/python3.12/site-packages/airflow/example_dags/example_branch_operator.py
[2024-06-18T02:54:46.173+0000] {processor.py:830} INFO - Processing file /home/airflow/.local/lib/python3.12/site-packages/airflow/example_dags/example_branch_operator.py for tasks to queue
[2024-06-18T02:54:46.174+0000] {logging_mixin.py:188} INFO - [2024-06-18T02:54:46.174+0000] {dagbag.py:545} INFO - Filling up the DagBag from /home/airflow/.local/lib/python3.12/site-packages/airflow/example_dags/example_branch_operator.py
[2024-06-18T02:54:46.190+0000] {processor.py:840} INFO - DAG(s) 'example_branch_operator' retrieved from /home/airflow/.local/lib/python3.12/site-packages/airflow/example_dags/example_branch_operator.py
[2024-06-18T02:54:46.221+0000] {logging_mixin.py:188} INFO - [2024-06-18T02:54:46.220+0000] {dag.py:3096} INFO - Sync 1 DAGs
[2024-06-18T02:54:46.245+0000] {logging_mixin.py:188} INFO - [2024-06-18T02:54:46.245+0000] {dag.py:3954} INFO - Setting next_dagrun for example_branch_operator to 2024-06-17 00:00:00+00:00, run_after=2024-06-18 00:00:00+00:00
[2024-06-18T02:54:46.264+0000] {processor.py:183} INFO - Processing /home/airflow/.local/lib/python3.12/site-packages/airflow/example_dags/example_branch_operator.py took 0.099 seconds
[2024-06-18T02:55:16.350+0000] {processor.py:161} INFO - Started process (PID=67589) to work on /home/airflow/.local/lib/python3.12/site-packages/airflow/example_dags/example_branch_operator.py
[2024-06-18T02:55:16.352+0000] {processor.py:830} INFO - Processing file /home/airflow/.local/lib/python3.12/site-packages/airflow/example_dags/example_branch_operator.py for tasks to queue
[2024-06-18T02:55:16.353+0000] {logging_mixin.py:188} INFO - [2024-06-18T02:55:16.353+0000] {dagbag.py:545} INFO - Filling up the DagBag from /home/airflow/.local/lib/python3.12/site-packages/airflow/example_dags/example_branch_operator.py
[2024-06-18T02:55:16.368+0000] {processor.py:840} INFO - DAG(s) 'example_branch_operator' retrieved from /home/airflow/.local/lib/python3.12/site-packages/airflow/example_dags/example_branch_operator.py
[2024-06-18T02:55:16.399+0000] {logging_mixin.py:188} INFO - [2024-06-18T02:55:16.399+0000] {dag.py:3096} INFO - Sync 1 DAGs
[2024-06-18T02:55:16.423+0000] {logging_mixin.py:188} INFO - [2024-06-18T02:55:16.422+0000] {dag.py:3954} INFO - Setting next_dagrun for example_branch_operator to 2024-06-17 00:00:00+00:00, run_after=2024-06-18 00:00:00+00:00
[2024-06-18T02:55:16.442+0000] {processor.py:183} INFO - Processing /home/airflow/.local/lib/python3.12/site-packages/airflow/example_dags/example_branch_operator.py took 0.097 seconds
[2024-06-18T02:55:46.723+0000] {processor.py:161} INFO - Started process (PID=67647) to work on /home/airflow/.local/lib/python3.12/site-packages/airflow/example_dags/example_branch_operator.py
[2024-06-18T02:55:46.726+0000] {processor.py:830} INFO - Processing file /home/airflow/.local/lib/python3.12/site-packages/airflow/example_dags/example_branch_operator.py for tasks to queue
[2024-06-18T02:55:46.727+0000] {logging_mixin.py:188} INFO - [2024-06-18T02:55:46.727+0000] {dagbag.py:545} INFO - Filling up the DagBag from /home/airflow/.local/lib/python3.12/site-packages/airflow/example_dags/example_branch_operator.py
[2024-06-18T02:55:46.743+0000] {processor.py:840} INFO - DAG(s) 'example_branch_operator' retrieved from /home/airflow/.local/lib/python3.12/site-packages/airflow/example_dags/example_branch_operator.py
[2024-06-18T02:55:46.773+0000] {logging_mixin.py:188} INFO - [2024-06-18T02:55:46.772+0000] {dag.py:3096} INFO - Sync 1 DAGs
[2024-06-18T02:55:46.797+0000] {logging_mixin.py:188} INFO - [2024-06-18T02:55:46.797+0000] {dag.py:3954} INFO - Setting next_dagrun for example_branch_operator to 2024-06-17 00:00:00+00:00, run_after=2024-06-18 00:00:00+00:00
[2024-06-18T02:55:46.816+0000] {processor.py:183} INFO - Processing /home/airflow/.local/lib/python3.12/site-packages/airflow/example_dags/example_branch_operator.py took 0.099 seconds
[2024-06-18T02:56:16.951+0000] {processor.py:161} INFO - Started process (PID=67705) to work on /home/airflow/.local/lib/python3.12/site-packages/airflow/example_dags/example_branch_operator.py
[2024-06-18T02:56:16.952+0000] {processor.py:830} INFO - Processing file /home/airflow/.local/lib/python3.12/site-packages/airflow/example_dags/example_branch_operator.py for tasks to queue
[2024-06-18T02:56:16.953+0000] {logging_mixin.py:188} INFO - [2024-06-18T02:56:16.953+0000] {dagbag.py:545} INFO - Filling up the DagBag from /home/airflow/.local/lib/python3.12/site-packages/airflow/example_dags/example_branch_operator.py
[2024-06-18T02:56:16.974+0000] {processor.py:840} INFO - DAG(s) 'example_branch_operator' retrieved from /home/airflow/.local/lib/python3.12/site-packages/airflow/example_dags/example_branch_operator.py
[2024-06-18T02:56:17.005+0000] {logging_mixin.py:188} INFO - [2024-06-18T02:56:17.005+0000] {dag.py:3096} INFO - Sync 1 DAGs
[2024-06-18T02:56:17.028+0000] {logging_mixin.py:188} INFO - [2024-06-18T02:56:17.027+0000] {dag.py:3954} INFO - Setting next_dagrun for example_branch_operator to 2024-06-17 00:00:00+00:00, run_after=2024-06-18 00:00:00+00:00
[2024-06-18T02:56:17.050+0000] {processor.py:183} INFO - Processing /home/airflow/.local/lib/python3.12/site-packages/airflow/example_dags/example_branch_operator.py took 0.106 seconds
