[2024-06-18T02:21:44.097+0000] {processor.py:161} INFO - Started process (PID=65205) to work on /home/airflow/.local/lib/python3.12/site-packages/airflow/example_dags/example_display_name.py
[2024-06-18T02:21:44.098+0000] {processor.py:830} INFO - Processing file /home/airflow/.local/lib/python3.12/site-packages/airflow/example_dags/example_display_name.py for tasks to queue
[2024-06-18T02:21:44.099+0000] {logging_mixin.py:188} INFO - [2024-06-18T02:21:44.099+0000] {dagbag.py:545} INFO - Filling up the DagBag from /home/airflow/.local/lib/python3.12/site-packages/airflow/example_dags/example_display_name.py
[2024-06-18T02:21:44.117+0000] {processor.py:840} INFO - DAG(s) 'example_display_name' retrieved from /home/airflow/.local/lib/python3.12/site-packages/airflow/example_dags/example_display_name.py
[2024-06-18T02:21:44.166+0000] {logging_mixin.py:188} INFO - [2024-06-18T02:21:44.165+0000] {dag.py:3096} INFO - Sync 1 DAGs
[2024-06-18T02:21:44.202+0000] {logging_mixin.py:188} INFO - [2024-06-18T02:21:44.202+0000] {dag.py:3954} INFO - Setting next_dagrun for example_display_name to None, run_after=None
[2024-06-18T02:21:44.247+0000] {processor.py:183} INFO - Processing /home/airflow/.local/lib/python3.12/site-packages/airflow/example_dags/example_display_name.py took 0.168 seconds
[2024-06-18T02:22:15.419+0000] {processor.py:161} INFO - Started process (PID=65263) to work on /home/airflow/.local/lib/python3.12/site-packages/airflow/example_dags/example_display_name.py
[2024-06-18T02:22:15.420+0000] {processor.py:830} INFO - Processing file /home/airflow/.local/lib/python3.12/site-packages/airflow/example_dags/example_display_name.py for tasks to queue
[2024-06-18T02:22:15.421+0000] {logging_mixin.py:188} INFO - [2024-06-18T02:22:15.420+0000] {dagbag.py:545} INFO - Filling up the DagBag from /home/airflow/.local/lib/python3.12/site-packages/airflow/example_dags/example_display_name.py
[2024-06-18T02:22:15.429+0000] {processor.py:840} INFO - DAG(s) 'example_display_name' retrieved from /home/airflow/.local/lib/python3.12/site-packages/airflow/example_dags/example_display_name.py
[2024-06-18T02:22:15.457+0000] {logging_mixin.py:188} INFO - [2024-06-18T02:22:15.456+0000] {dag.py:3096} INFO - Sync 1 DAGs
[2024-06-18T02:22:15.472+0000] {logging_mixin.py:188} INFO - [2024-06-18T02:22:15.472+0000] {dag.py:3954} INFO - Setting next_dagrun for example_display_name to None, run_after=None
[2024-06-18T02:22:15.499+0000] {processor.py:183} INFO - Processing /home/airflow/.local/lib/python3.12/site-packages/airflow/example_dags/example_display_name.py took 0.088 seconds
[2024-06-18T02:22:46.133+0000] {processor.py:161} INFO - Started process (PID=65321) to work on /home/airflow/.local/lib/python3.12/site-packages/airflow/example_dags/example_display_name.py
[2024-06-18T02:22:46.134+0000] {processor.py:830} INFO - Processing file /home/airflow/.local/lib/python3.12/site-packages/airflow/example_dags/example_display_name.py for tasks to queue
[2024-06-18T02:22:46.136+0000] {logging_mixin.py:188} INFO - [2024-06-18T02:22:46.135+0000] {dagbag.py:545} INFO - Filling up the DagBag from /home/airflow/.local/lib/python3.12/site-packages/airflow/example_dags/example_display_name.py
[2024-06-18T02:22:46.142+0000] {processor.py:840} INFO - DAG(s) 'example_display_name' retrieved from /home/airflow/.local/lib/python3.12/site-packages/airflow/example_dags/example_display_name.py
[2024-06-18T02:22:46.168+0000] {logging_mixin.py:188} INFO - [2024-06-18T02:22:46.167+0000] {dag.py:3096} INFO - Sync 1 DAGs
[2024-06-18T02:22:46.187+0000] {logging_mixin.py:188} INFO - [2024-06-18T02:22:46.187+0000] {dag.py:3954} INFO - Setting next_dagrun for example_display_name to None, run_after=None
[2024-06-18T02:22:46.209+0000] {processor.py:183} INFO - Processing /home/airflow/.local/lib/python3.12/site-packages/airflow/example_dags/example_display_name.py took 0.082 seconds
[2024-06-18T02:23:16.701+0000] {processor.py:161} INFO - Started process (PID=65379) to work on /home/airflow/.local/lib/python3.12/site-packages/airflow/example_dags/example_display_name.py
[2024-06-18T02:23:16.703+0000] {processor.py:830} INFO - Processing file /home/airflow/.local/lib/python3.12/site-packages/airflow/example_dags/example_display_name.py for tasks to queue
[2024-06-18T02:23:16.704+0000] {logging_mixin.py:188} INFO - [2024-06-18T02:23:16.703+0000] {dagbag.py:545} INFO - Filling up the DagBag from /home/airflow/.local/lib/python3.12/site-packages/airflow/example_dags/example_display_name.py
[2024-06-18T02:23:16.712+0000] {processor.py:840} INFO - DAG(s) 'example_display_name' retrieved from /home/airflow/.local/lib/python3.12/site-packages/airflow/example_dags/example_display_name.py
[2024-06-18T02:23:16.740+0000] {logging_mixin.py:188} INFO - [2024-06-18T02:23:16.739+0000] {dag.py:3096} INFO - Sync 1 DAGs
[2024-06-18T02:23:16.756+0000] {logging_mixin.py:188} INFO - [2024-06-18T02:23:16.756+0000] {dag.py:3954} INFO - Setting next_dagrun for example_display_name to None, run_after=None
[2024-06-18T02:23:16.784+0000] {processor.py:183} INFO - Processing /home/airflow/.local/lib/python3.12/site-packages/airflow/example_dags/example_display_name.py took 0.092 seconds
[2024-06-18T02:23:47.279+0000] {processor.py:161} INFO - Started process (PID=65437) to work on /home/airflow/.local/lib/python3.12/site-packages/airflow/example_dags/example_display_name.py
[2024-06-18T02:23:47.281+0000] {processor.py:830} INFO - Processing file /home/airflow/.local/lib/python3.12/site-packages/airflow/example_dags/example_display_name.py for tasks to queue
[2024-06-18T02:23:47.282+0000] {logging_mixin.py:188} INFO - [2024-06-18T02:23:47.282+0000] {dagbag.py:545} INFO - Filling up the DagBag from /home/airflow/.local/lib/python3.12/site-packages/airflow/example_dags/example_display_name.py
[2024-06-18T02:23:47.287+0000] {processor.py:840} INFO - DAG(s) 'example_display_name' retrieved from /home/airflow/.local/lib/python3.12/site-packages/airflow/example_dags/example_display_name.py
[2024-06-18T02:23:47.308+0000] {logging_mixin.py:188} INFO - [2024-06-18T02:23:47.308+0000] {dag.py:3096} INFO - Sync 1 DAGs
[2024-06-18T02:23:47.320+0000] {logging_mixin.py:188} INFO - [2024-06-18T02:23:47.320+0000] {dag.py:3954} INFO - Setting next_dagrun for example_display_name to None, run_after=None
[2024-06-18T02:23:47.341+0000] {processor.py:183} INFO - Processing /home/airflow/.local/lib/python3.12/site-packages/airflow/example_dags/example_display_name.py took 0.067 seconds
[2024-06-18T02:24:18.154+0000] {processor.py:161} INFO - Started process (PID=65496) to work on /home/airflow/.local/lib/python3.12/site-packages/airflow/example_dags/example_display_name.py
[2024-06-18T02:24:18.155+0000] {processor.py:830} INFO - Processing file /home/airflow/.local/lib/python3.12/site-packages/airflow/example_dags/example_display_name.py for tasks to queue
[2024-06-18T02:24:18.156+0000] {logging_mixin.py:188} INFO - [2024-06-18T02:24:18.156+0000] {dagbag.py:545} INFO - Filling up the DagBag from /home/airflow/.local/lib/python3.12/site-packages/airflow/example_dags/example_display_name.py
[2024-06-18T02:24:18.164+0000] {processor.py:840} INFO - DAG(s) 'example_display_name' retrieved from /home/airflow/.local/lib/python3.12/site-packages/airflow/example_dags/example_display_name.py
[2024-06-18T02:24:18.194+0000] {logging_mixin.py:188} INFO - [2024-06-18T02:24:18.194+0000] {dag.py:3096} INFO - Sync 1 DAGs
[2024-06-18T02:24:18.210+0000] {logging_mixin.py:188} INFO - [2024-06-18T02:24:18.210+0000] {dag.py:3954} INFO - Setting next_dagrun for example_display_name to None, run_after=None
[2024-06-18T02:24:18.238+0000] {processor.py:183} INFO - Processing /home/airflow/.local/lib/python3.12/site-packages/airflow/example_dags/example_display_name.py took 0.091 seconds
[2024-06-18T02:24:48.329+0000] {processor.py:161} INFO - Started process (PID=65553) to work on /home/airflow/.local/lib/python3.12/site-packages/airflow/example_dags/example_display_name.py
[2024-06-18T02:24:48.330+0000] {processor.py:830} INFO - Processing file /home/airflow/.local/lib/python3.12/site-packages/airflow/example_dags/example_display_name.py for tasks to queue
[2024-06-18T02:24:48.330+0000] {logging_mixin.py:188} INFO - [2024-06-18T02:24:48.330+0000] {dagbag.py:545} INFO - Filling up the DagBag from /home/airflow/.local/lib/python3.12/site-packages/airflow/example_dags/example_display_name.py
[2024-06-18T02:24:48.336+0000] {processor.py:840} INFO - DAG(s) 'example_display_name' retrieved from /home/airflow/.local/lib/python3.12/site-packages/airflow/example_dags/example_display_name.py
[2024-06-18T02:24:48.356+0000] {logging_mixin.py:188} INFO - [2024-06-18T02:24:48.356+0000] {dag.py:3096} INFO - Sync 1 DAGs
[2024-06-18T02:24:48.373+0000] {logging_mixin.py:188} INFO - [2024-06-18T02:24:48.372+0000] {dag.py:3954} INFO - Setting next_dagrun for example_display_name to None, run_after=None
[2024-06-18T02:24:48.396+0000] {processor.py:183} INFO - Processing /home/airflow/.local/lib/python3.12/site-packages/airflow/example_dags/example_display_name.py took 0.074 seconds
[2024-06-18T02:25:18.602+0000] {processor.py:161} INFO - Started process (PID=65611) to work on /home/airflow/.local/lib/python3.12/site-packages/airflow/example_dags/example_display_name.py
[2024-06-18T02:25:18.603+0000] {processor.py:830} INFO - Processing file /home/airflow/.local/lib/python3.12/site-packages/airflow/example_dags/example_display_name.py for tasks to queue
[2024-06-18T02:25:18.603+0000] {logging_mixin.py:188} INFO - [2024-06-18T02:25:18.603+0000] {dagbag.py:545} INFO - Filling up the DagBag from /home/airflow/.local/lib/python3.12/site-packages/airflow/example_dags/example_display_name.py
[2024-06-18T02:25:18.609+0000] {processor.py:840} INFO - DAG(s) 'example_display_name' retrieved from /home/airflow/.local/lib/python3.12/site-packages/airflow/example_dags/example_display_name.py
[2024-06-18T02:25:18.628+0000] {logging_mixin.py:188} INFO - [2024-06-18T02:25:18.628+0000] {dag.py:3096} INFO - Sync 1 DAGs
[2024-06-18T02:25:18.641+0000] {logging_mixin.py:188} INFO - [2024-06-18T02:25:18.641+0000] {dag.py:3954} INFO - Setting next_dagrun for example_display_name to None, run_after=None
[2024-06-18T02:25:18.662+0000] {processor.py:183} INFO - Processing /home/airflow/.local/lib/python3.12/site-packages/airflow/example_dags/example_display_name.py took 0.066 seconds
[2024-06-18T02:25:49.638+0000] {processor.py:161} INFO - Started process (PID=65669) to work on /home/airflow/.local/lib/python3.12/site-packages/airflow/example_dags/example_display_name.py
[2024-06-18T02:25:49.639+0000] {processor.py:830} INFO - Processing file /home/airflow/.local/lib/python3.12/site-packages/airflow/example_dags/example_display_name.py for tasks to queue
[2024-06-18T02:25:49.640+0000] {logging_mixin.py:188} INFO - [2024-06-18T02:25:49.640+0000] {dagbag.py:545} INFO - Filling up the DagBag from /home/airflow/.local/lib/python3.12/site-packages/airflow/example_dags/example_display_name.py
[2024-06-18T02:25:49.650+0000] {processor.py:840} INFO - DAG(s) 'example_display_name' retrieved from /home/airflow/.local/lib/python3.12/site-packages/airflow/example_dags/example_display_name.py
[2024-06-18T02:25:49.678+0000] {logging_mixin.py:188} INFO - [2024-06-18T02:25:49.677+0000] {dag.py:3096} INFO - Sync 1 DAGs
[2024-06-18T02:25:49.695+0000] {logging_mixin.py:188} INFO - [2024-06-18T02:25:49.695+0000] {dag.py:3954} INFO - Setting next_dagrun for example_display_name to None, run_after=None
[2024-06-18T02:25:49.721+0000] {processor.py:183} INFO - Processing /home/airflow/.local/lib/python3.12/site-packages/airflow/example_dags/example_display_name.py took 0.089 seconds
[2024-06-18T02:26:20.324+0000] {processor.py:161} INFO - Started process (PID=65727) to work on /home/airflow/.local/lib/python3.12/site-packages/airflow/example_dags/example_display_name.py
[2024-06-18T02:26:20.326+0000] {processor.py:830} INFO - Processing file /home/airflow/.local/lib/python3.12/site-packages/airflow/example_dags/example_display_name.py for tasks to queue
[2024-06-18T02:26:20.328+0000] {logging_mixin.py:188} INFO - [2024-06-18T02:26:20.327+0000] {dagbag.py:545} INFO - Filling up the DagBag from /home/airflow/.local/lib/python3.12/site-packages/airflow/example_dags/example_display_name.py
[2024-06-18T02:26:20.337+0000] {processor.py:840} INFO - DAG(s) 'example_display_name' retrieved from /home/airflow/.local/lib/python3.12/site-packages/airflow/example_dags/example_display_name.py
[2024-06-18T02:26:20.370+0000] {logging_mixin.py:188} INFO - [2024-06-18T02:26:20.369+0000] {dag.py:3096} INFO - Sync 1 DAGs
[2024-06-18T02:26:20.394+0000] {logging_mixin.py:188} INFO - [2024-06-18T02:26:20.394+0000] {dag.py:3954} INFO - Setting next_dagrun for example_display_name to None, run_after=None
[2024-06-18T02:26:20.434+0000] {processor.py:183} INFO - Processing /home/airflow/.local/lib/python3.12/site-packages/airflow/example_dags/example_display_name.py took 0.123 seconds
[2024-06-18T02:26:50.978+0000] {processor.py:161} INFO - Started process (PID=65786) to work on /home/airflow/.local/lib/python3.12/site-packages/airflow/example_dags/example_display_name.py
[2024-06-18T02:26:50.979+0000] {processor.py:830} INFO - Processing file /home/airflow/.local/lib/python3.12/site-packages/airflow/example_dags/example_display_name.py for tasks to queue
[2024-06-18T02:26:50.980+0000] {logging_mixin.py:188} INFO - [2024-06-18T02:26:50.980+0000] {dagbag.py:545} INFO - Filling up the DagBag from /home/airflow/.local/lib/python3.12/site-packages/airflow/example_dags/example_display_name.py
[2024-06-18T02:26:50.985+0000] {processor.py:840} INFO - DAG(s) 'example_display_name' retrieved from /home/airflow/.local/lib/python3.12/site-packages/airflow/example_dags/example_display_name.py
[2024-06-18T02:26:51.005+0000] {logging_mixin.py:188} INFO - [2024-06-18T02:26:51.005+0000] {dag.py:3096} INFO - Sync 1 DAGs
[2024-06-18T02:26:51.019+0000] {logging_mixin.py:188} INFO - [2024-06-18T02:26:51.019+0000] {dag.py:3954} INFO - Setting next_dagrun for example_display_name to None, run_after=None
[2024-06-18T02:26:51.038+0000] {processor.py:183} INFO - Processing /home/airflow/.local/lib/python3.12/site-packages/airflow/example_dags/example_display_name.py took 0.065 seconds
[2024-06-18T02:27:21.633+0000] {processor.py:161} INFO - Started process (PID=65844) to work on /home/airflow/.local/lib/python3.12/site-packages/airflow/example_dags/example_display_name.py
[2024-06-18T02:27:21.634+0000] {processor.py:830} INFO - Processing file /home/airflow/.local/lib/python3.12/site-packages/airflow/example_dags/example_display_name.py for tasks to queue
[2024-06-18T02:27:21.635+0000] {logging_mixin.py:188} INFO - [2024-06-18T02:27:21.635+0000] {dagbag.py:545} INFO - Filling up the DagBag from /home/airflow/.local/lib/python3.12/site-packages/airflow/example_dags/example_display_name.py
[2024-06-18T02:27:21.642+0000] {processor.py:840} INFO - DAG(s) 'example_display_name' retrieved from /home/airflow/.local/lib/python3.12/site-packages/airflow/example_dags/example_display_name.py
[2024-06-18T02:27:21.667+0000] {logging_mixin.py:188} INFO - [2024-06-18T02:27:21.666+0000] {dag.py:3096} INFO - Sync 1 DAGs
[2024-06-18T02:27:21.684+0000] {logging_mixin.py:188} INFO - [2024-06-18T02:27:21.683+0000] {dag.py:3954} INFO - Setting next_dagrun for example_display_name to None, run_after=None
[2024-06-18T02:27:21.708+0000] {processor.py:183} INFO - Processing /home/airflow/.local/lib/python3.12/site-packages/airflow/example_dags/example_display_name.py took 0.082 seconds
[2024-06-18T02:27:51.829+0000] {processor.py:161} INFO - Started process (PID=65902) to work on /home/airflow/.local/lib/python3.12/site-packages/airflow/example_dags/example_display_name.py
[2024-06-18T02:27:51.830+0000] {processor.py:830} INFO - Processing file /home/airflow/.local/lib/python3.12/site-packages/airflow/example_dags/example_display_name.py for tasks to queue
[2024-06-18T02:27:51.831+0000] {logging_mixin.py:188} INFO - [2024-06-18T02:27:51.831+0000] {dagbag.py:545} INFO - Filling up the DagBag from /home/airflow/.local/lib/python3.12/site-packages/airflow/example_dags/example_display_name.py
[2024-06-18T02:27:51.836+0000] {processor.py:840} INFO - DAG(s) 'example_display_name' retrieved from /home/airflow/.local/lib/python3.12/site-packages/airflow/example_dags/example_display_name.py
[2024-06-18T02:27:51.856+0000] {logging_mixin.py:188} INFO - [2024-06-18T02:27:51.856+0000] {dag.py:3096} INFO - Sync 1 DAGs
[2024-06-18T02:27:51.870+0000] {logging_mixin.py:188} INFO - [2024-06-18T02:27:51.870+0000] {dag.py:3954} INFO - Setting next_dagrun for example_display_name to None, run_after=None
[2024-06-18T02:27:51.892+0000] {processor.py:183} INFO - Processing /home/airflow/.local/lib/python3.12/site-packages/airflow/example_dags/example_display_name.py took 0.070 seconds
[2024-06-18T02:28:22.425+0000] {processor.py:161} INFO - Started process (PID=65960) to work on /home/airflow/.local/lib/python3.12/site-packages/airflow/example_dags/example_display_name.py
[2024-06-18T02:28:22.426+0000] {processor.py:830} INFO - Processing file /home/airflow/.local/lib/python3.12/site-packages/airflow/example_dags/example_display_name.py for tasks to queue
[2024-06-18T02:28:22.427+0000] {logging_mixin.py:188} INFO - [2024-06-18T02:28:22.426+0000] {dagbag.py:545} INFO - Filling up the DagBag from /home/airflow/.local/lib/python3.12/site-packages/airflow/example_dags/example_display_name.py
[2024-06-18T02:28:22.432+0000] {processor.py:840} INFO - DAG(s) 'example_display_name' retrieved from /home/airflow/.local/lib/python3.12/site-packages/airflow/example_dags/example_display_name.py
[2024-06-18T02:28:22.455+0000] {logging_mixin.py:188} INFO - [2024-06-18T02:28:22.454+0000] {dag.py:3096} INFO - Sync 1 DAGs
[2024-06-18T02:28:22.470+0000] {logging_mixin.py:188} INFO - [2024-06-18T02:28:22.470+0000] {dag.py:3954} INFO - Setting next_dagrun for example_display_name to None, run_after=None
[2024-06-18T02:28:22.490+0000] {processor.py:183} INFO - Processing /home/airflow/.local/lib/python3.12/site-packages/airflow/example_dags/example_display_name.py took 0.071 seconds
[2024-06-18T02:28:52.687+0000] {processor.py:161} INFO - Started process (PID=66019) to work on /home/airflow/.local/lib/python3.12/site-packages/airflow/example_dags/example_display_name.py
[2024-06-18T02:28:52.688+0000] {processor.py:830} INFO - Processing file /home/airflow/.local/lib/python3.12/site-packages/airflow/example_dags/example_display_name.py for tasks to queue
[2024-06-18T02:28:52.689+0000] {logging_mixin.py:188} INFO - [2024-06-18T02:28:52.689+0000] {dagbag.py:545} INFO - Filling up the DagBag from /home/airflow/.local/lib/python3.12/site-packages/airflow/example_dags/example_display_name.py
[2024-06-18T02:28:52.695+0000] {processor.py:840} INFO - DAG(s) 'example_display_name' retrieved from /home/airflow/.local/lib/python3.12/site-packages/airflow/example_dags/example_display_name.py
[2024-06-18T02:28:52.716+0000] {logging_mixin.py:188} INFO - [2024-06-18T02:28:52.716+0000] {dag.py:3096} INFO - Sync 1 DAGs
[2024-06-18T02:28:52.729+0000] {logging_mixin.py:188} INFO - [2024-06-18T02:28:52.729+0000] {dag.py:3954} INFO - Setting next_dagrun for example_display_name to None, run_after=None
[2024-06-18T02:28:52.751+0000] {processor.py:183} INFO - Processing /home/airflow/.local/lib/python3.12/site-packages/airflow/example_dags/example_display_name.py took 0.071 seconds
[2024-06-18T02:29:23.137+0000] {processor.py:161} INFO - Started process (PID=66078) to work on /home/airflow/.local/lib/python3.12/site-packages/airflow/example_dags/example_display_name.py
[2024-06-18T02:29:23.138+0000] {processor.py:830} INFO - Processing file /home/airflow/.local/lib/python3.12/site-packages/airflow/example_dags/example_display_name.py for tasks to queue
[2024-06-18T02:29:23.140+0000] {logging_mixin.py:188} INFO - [2024-06-18T02:29:23.139+0000] {dagbag.py:545} INFO - Filling up the DagBag from /home/airflow/.local/lib/python3.12/site-packages/airflow/example_dags/example_display_name.py
[2024-06-18T02:29:23.147+0000] {processor.py:840} INFO - DAG(s) 'example_display_name' retrieved from /home/airflow/.local/lib/python3.12/site-packages/airflow/example_dags/example_display_name.py
[2024-06-18T02:29:23.171+0000] {logging_mixin.py:188} INFO - [2024-06-18T02:29:23.171+0000] {dag.py:3096} INFO - Sync 1 DAGs
[2024-06-18T02:29:23.187+0000] {logging_mixin.py:188} INFO - [2024-06-18T02:29:23.187+0000] {dag.py:3954} INFO - Setting next_dagrun for example_display_name to None, run_after=None
[2024-06-18T02:29:23.227+0000] {processor.py:183} INFO - Processing /home/airflow/.local/lib/python3.12/site-packages/airflow/example_dags/example_display_name.py took 0.097 seconds
[2024-06-18T02:29:53.263+0000] {processor.py:161} INFO - Started process (PID=66135) to work on /home/airflow/.local/lib/python3.12/site-packages/airflow/example_dags/example_display_name.py
[2024-06-18T02:29:53.264+0000] {processor.py:830} INFO - Processing file /home/airflow/.local/lib/python3.12/site-packages/airflow/example_dags/example_display_name.py for tasks to queue
[2024-06-18T02:29:53.265+0000] {logging_mixin.py:188} INFO - [2024-06-18T02:29:53.265+0000] {dagbag.py:545} INFO - Filling up the DagBag from /home/airflow/.local/lib/python3.12/site-packages/airflow/example_dags/example_display_name.py
[2024-06-18T02:29:53.271+0000] {processor.py:840} INFO - DAG(s) 'example_display_name' retrieved from /home/airflow/.local/lib/python3.12/site-packages/airflow/example_dags/example_display_name.py
[2024-06-18T02:29:53.291+0000] {logging_mixin.py:188} INFO - [2024-06-18T02:29:53.291+0000] {dag.py:3096} INFO - Sync 1 DAGs
[2024-06-18T02:29:53.304+0000] {logging_mixin.py:188} INFO - [2024-06-18T02:29:53.303+0000] {dag.py:3954} INFO - Setting next_dagrun for example_display_name to None, run_after=None
[2024-06-18T02:29:53.322+0000] {processor.py:183} INFO - Processing /home/airflow/.local/lib/python3.12/site-packages/airflow/example_dags/example_display_name.py took 0.065 seconds
[2024-06-18T02:30:23.979+0000] {processor.py:161} INFO - Started process (PID=66193) to work on /home/airflow/.local/lib/python3.12/site-packages/airflow/example_dags/example_display_name.py
[2024-06-18T02:30:23.981+0000] {processor.py:830} INFO - Processing file /home/airflow/.local/lib/python3.12/site-packages/airflow/example_dags/example_display_name.py for tasks to queue
[2024-06-18T02:30:23.981+0000] {logging_mixin.py:188} INFO - [2024-06-18T02:30:23.981+0000] {dagbag.py:545} INFO - Filling up the DagBag from /home/airflow/.local/lib/python3.12/site-packages/airflow/example_dags/example_display_name.py
[2024-06-18T02:30:23.986+0000] {processor.py:840} INFO - DAG(s) 'example_display_name' retrieved from /home/airflow/.local/lib/python3.12/site-packages/airflow/example_dags/example_display_name.py
[2024-06-18T02:30:24.007+0000] {logging_mixin.py:188} INFO - [2024-06-18T02:30:24.007+0000] {dag.py:3096} INFO - Sync 1 DAGs
[2024-06-18T02:30:24.019+0000] {logging_mixin.py:188} INFO - [2024-06-18T02:30:24.019+0000] {dag.py:3954} INFO - Setting next_dagrun for example_display_name to None, run_after=None
[2024-06-18T02:30:24.037+0000] {processor.py:183} INFO - Processing /home/airflow/.local/lib/python3.12/site-packages/airflow/example_dags/example_display_name.py took 0.066 seconds
[2024-06-18T02:30:54.509+0000] {processor.py:161} INFO - Started process (PID=66251) to work on /home/airflow/.local/lib/python3.12/site-packages/airflow/example_dags/example_display_name.py
[2024-06-18T02:30:54.510+0000] {processor.py:830} INFO - Processing file /home/airflow/.local/lib/python3.12/site-packages/airflow/example_dags/example_display_name.py for tasks to queue
[2024-06-18T02:30:54.511+0000] {logging_mixin.py:188} INFO - [2024-06-18T02:30:54.511+0000] {dagbag.py:545} INFO - Filling up the DagBag from /home/airflow/.local/lib/python3.12/site-packages/airflow/example_dags/example_display_name.py
[2024-06-18T02:30:54.516+0000] {processor.py:840} INFO - DAG(s) 'example_display_name' retrieved from /home/airflow/.local/lib/python3.12/site-packages/airflow/example_dags/example_display_name.py
[2024-06-18T02:30:54.536+0000] {logging_mixin.py:188} INFO - [2024-06-18T02:30:54.536+0000] {dag.py:3096} INFO - Sync 1 DAGs
[2024-06-18T02:30:54.549+0000] {logging_mixin.py:188} INFO - [2024-06-18T02:30:54.549+0000] {dag.py:3954} INFO - Setting next_dagrun for example_display_name to None, run_after=None
[2024-06-18T02:30:54.568+0000] {processor.py:183} INFO - Processing /home/airflow/.local/lib/python3.12/site-packages/airflow/example_dags/example_display_name.py took 0.064 seconds
[2024-06-18T02:31:24.814+0000] {processor.py:161} INFO - Started process (PID=66309) to work on /home/airflow/.local/lib/python3.12/site-packages/airflow/example_dags/example_display_name.py
[2024-06-18T02:31:24.815+0000] {processor.py:830} INFO - Processing file /home/airflow/.local/lib/python3.12/site-packages/airflow/example_dags/example_display_name.py for tasks to queue
[2024-06-18T02:31:24.816+0000] {logging_mixin.py:188} INFO - [2024-06-18T02:31:24.816+0000] {dagbag.py:545} INFO - Filling up the DagBag from /home/airflow/.local/lib/python3.12/site-packages/airflow/example_dags/example_display_name.py
[2024-06-18T02:31:24.821+0000] {processor.py:840} INFO - DAG(s) 'example_display_name' retrieved from /home/airflow/.local/lib/python3.12/site-packages/airflow/example_dags/example_display_name.py
[2024-06-18T02:31:24.843+0000] {logging_mixin.py:188} INFO - [2024-06-18T02:31:24.843+0000] {dag.py:3096} INFO - Sync 1 DAGs
[2024-06-18T02:31:24.856+0000] {logging_mixin.py:188} INFO - [2024-06-18T02:31:24.855+0000] {dag.py:3954} INFO - Setting next_dagrun for example_display_name to None, run_after=None
[2024-06-18T02:31:24.878+0000] {processor.py:183} INFO - Processing /home/airflow/.local/lib/python3.12/site-packages/airflow/example_dags/example_display_name.py took 0.070 seconds
[2024-06-18T02:31:55.440+0000] {processor.py:161} INFO - Started process (PID=66367) to work on /home/airflow/.local/lib/python3.12/site-packages/airflow/example_dags/example_display_name.py
[2024-06-18T02:31:55.441+0000] {processor.py:830} INFO - Processing file /home/airflow/.local/lib/python3.12/site-packages/airflow/example_dags/example_display_name.py for tasks to queue
[2024-06-18T02:31:55.442+0000] {logging_mixin.py:188} INFO - [2024-06-18T02:31:55.441+0000] {dagbag.py:545} INFO - Filling up the DagBag from /home/airflow/.local/lib/python3.12/site-packages/airflow/example_dags/example_display_name.py
[2024-06-18T02:31:55.447+0000] {processor.py:840} INFO - DAG(s) 'example_display_name' retrieved from /home/airflow/.local/lib/python3.12/site-packages/airflow/example_dags/example_display_name.py
[2024-06-18T02:31:55.468+0000] {logging_mixin.py:188} INFO - [2024-06-18T02:31:55.468+0000] {dag.py:3096} INFO - Sync 1 DAGs
[2024-06-18T02:31:55.481+0000] {logging_mixin.py:188} INFO - [2024-06-18T02:31:55.480+0000] {dag.py:3954} INFO - Setting next_dagrun for example_display_name to None, run_after=None
[2024-06-18T02:31:55.499+0000] {processor.py:183} INFO - Processing /home/airflow/.local/lib/python3.12/site-packages/airflow/example_dags/example_display_name.py took 0.065 seconds
[2024-06-18T02:32:26.296+0000] {processor.py:161} INFO - Started process (PID=66425) to work on /home/airflow/.local/lib/python3.12/site-packages/airflow/example_dags/example_display_name.py
[2024-06-18T02:32:26.297+0000] {processor.py:830} INFO - Processing file /home/airflow/.local/lib/python3.12/site-packages/airflow/example_dags/example_display_name.py for tasks to queue
[2024-06-18T02:32:26.297+0000] {logging_mixin.py:188} INFO - [2024-06-18T02:32:26.297+0000] {dagbag.py:545} INFO - Filling up the DagBag from /home/airflow/.local/lib/python3.12/site-packages/airflow/example_dags/example_display_name.py
[2024-06-18T02:32:26.303+0000] {processor.py:840} INFO - DAG(s) 'example_display_name' retrieved from /home/airflow/.local/lib/python3.12/site-packages/airflow/example_dags/example_display_name.py
[2024-06-18T02:32:26.323+0000] {logging_mixin.py:188} INFO - [2024-06-18T02:32:26.323+0000] {dag.py:3096} INFO - Sync 1 DAGs
[2024-06-18T02:32:26.336+0000] {logging_mixin.py:188} INFO - [2024-06-18T02:32:26.335+0000] {dag.py:3954} INFO - Setting next_dagrun for example_display_name to None, run_after=None
[2024-06-18T02:32:26.356+0000] {processor.py:183} INFO - Processing /home/airflow/.local/lib/python3.12/site-packages/airflow/example_dags/example_display_name.py took 0.066 seconds
[2024-06-18T02:32:56.854+0000] {processor.py:161} INFO - Started process (PID=66483) to work on /home/airflow/.local/lib/python3.12/site-packages/airflow/example_dags/example_display_name.py
[2024-06-18T02:32:56.856+0000] {processor.py:830} INFO - Processing file /home/airflow/.local/lib/python3.12/site-packages/airflow/example_dags/example_display_name.py for tasks to queue
[2024-06-18T02:32:56.857+0000] {logging_mixin.py:188} INFO - [2024-06-18T02:32:56.856+0000] {dagbag.py:545} INFO - Filling up the DagBag from /home/airflow/.local/lib/python3.12/site-packages/airflow/example_dags/example_display_name.py
[2024-06-18T02:32:56.865+0000] {processor.py:840} INFO - DAG(s) 'example_display_name' retrieved from /home/airflow/.local/lib/python3.12/site-packages/airflow/example_dags/example_display_name.py
[2024-06-18T02:32:56.886+0000] {logging_mixin.py:188} INFO - [2024-06-18T02:32:56.886+0000] {dag.py:3096} INFO - Sync 1 DAGs
[2024-06-18T02:32:56.901+0000] {logging_mixin.py:188} INFO - [2024-06-18T02:32:56.901+0000] {dag.py:3954} INFO - Setting next_dagrun for example_display_name to None, run_after=None
[2024-06-18T02:32:56.920+0000] {processor.py:183} INFO - Processing /home/airflow/.local/lib/python3.12/site-packages/airflow/example_dags/example_display_name.py took 0.073 seconds
[2024-06-18T02:33:27.178+0000] {processor.py:161} INFO - Started process (PID=66541) to work on /home/airflow/.local/lib/python3.12/site-packages/airflow/example_dags/example_display_name.py
[2024-06-18T02:33:27.178+0000] {processor.py:830} INFO - Processing file /home/airflow/.local/lib/python3.12/site-packages/airflow/example_dags/example_display_name.py for tasks to queue
[2024-06-18T02:33:27.179+0000] {logging_mixin.py:188} INFO - [2024-06-18T02:33:27.179+0000] {dagbag.py:545} INFO - Filling up the DagBag from /home/airflow/.local/lib/python3.12/site-packages/airflow/example_dags/example_display_name.py
[2024-06-18T02:33:27.187+0000] {processor.py:840} INFO - DAG(s) 'example_display_name' retrieved from /home/airflow/.local/lib/python3.12/site-packages/airflow/example_dags/example_display_name.py
[2024-06-18T02:33:27.216+0000] {logging_mixin.py:188} INFO - [2024-06-18T02:33:27.216+0000] {dag.py:3096} INFO - Sync 1 DAGs
[2024-06-18T02:33:27.234+0000] {logging_mixin.py:188} INFO - [2024-06-18T02:33:27.234+0000] {dag.py:3954} INFO - Setting next_dagrun for example_display_name to None, run_after=None
[2024-06-18T02:33:27.258+0000] {processor.py:183} INFO - Processing /home/airflow/.local/lib/python3.12/site-packages/airflow/example_dags/example_display_name.py took 0.088 seconds
[2024-06-18T02:33:58.068+0000] {processor.py:161} INFO - Started process (PID=66599) to work on /home/airflow/.local/lib/python3.12/site-packages/airflow/example_dags/example_display_name.py
[2024-06-18T02:33:58.069+0000] {processor.py:830} INFO - Processing file /home/airflow/.local/lib/python3.12/site-packages/airflow/example_dags/example_display_name.py for tasks to queue
[2024-06-18T02:33:58.070+0000] {logging_mixin.py:188} INFO - [2024-06-18T02:33:58.070+0000] {dagbag.py:545} INFO - Filling up the DagBag from /home/airflow/.local/lib/python3.12/site-packages/airflow/example_dags/example_display_name.py
[2024-06-18T02:33:58.078+0000] {processor.py:840} INFO - DAG(s) 'example_display_name' retrieved from /home/airflow/.local/lib/python3.12/site-packages/airflow/example_dags/example_display_name.py
[2024-06-18T02:33:58.098+0000] {logging_mixin.py:188} INFO - [2024-06-18T02:33:58.098+0000] {dag.py:3096} INFO - Sync 1 DAGs
[2024-06-18T02:33:58.111+0000] {logging_mixin.py:188} INFO - [2024-06-18T02:33:58.110+0000] {dag.py:3954} INFO - Setting next_dagrun for example_display_name to None, run_after=None
[2024-06-18T02:33:58.132+0000] {processor.py:183} INFO - Processing /home/airflow/.local/lib/python3.12/site-packages/airflow/example_dags/example_display_name.py took 0.071 seconds
[2024-06-18T02:34:28.609+0000] {processor.py:161} INFO - Started process (PID=66657) to work on /home/airflow/.local/lib/python3.12/site-packages/airflow/example_dags/example_display_name.py
[2024-06-18T02:34:28.611+0000] {processor.py:830} INFO - Processing file /home/airflow/.local/lib/python3.12/site-packages/airflow/example_dags/example_display_name.py for tasks to queue
[2024-06-18T02:34:28.611+0000] {logging_mixin.py:188} INFO - [2024-06-18T02:34:28.611+0000] {dagbag.py:545} INFO - Filling up the DagBag from /home/airflow/.local/lib/python3.12/site-packages/airflow/example_dags/example_display_name.py
[2024-06-18T02:34:28.617+0000] {processor.py:840} INFO - DAG(s) 'example_display_name' retrieved from /home/airflow/.local/lib/python3.12/site-packages/airflow/example_dags/example_display_name.py
[2024-06-18T02:34:28.637+0000] {logging_mixin.py:188} INFO - [2024-06-18T02:34:28.637+0000] {dag.py:3096} INFO - Sync 1 DAGs
[2024-06-18T02:34:28.650+0000] {logging_mixin.py:188} INFO - [2024-06-18T02:34:28.650+0000] {dag.py:3954} INFO - Setting next_dagrun for example_display_name to None, run_after=None
[2024-06-18T02:34:28.670+0000] {processor.py:183} INFO - Processing /home/airflow/.local/lib/python3.12/site-packages/airflow/example_dags/example_display_name.py took 0.068 seconds
[2024-06-18T02:34:59.006+0000] {processor.py:161} INFO - Started process (PID=66715) to work on /home/airflow/.local/lib/python3.12/site-packages/airflow/example_dags/example_display_name.py
[2024-06-18T02:34:59.007+0000] {processor.py:830} INFO - Processing file /home/airflow/.local/lib/python3.12/site-packages/airflow/example_dags/example_display_name.py for tasks to queue
[2024-06-18T02:34:59.008+0000] {logging_mixin.py:188} INFO - [2024-06-18T02:34:59.008+0000] {dagbag.py:545} INFO - Filling up the DagBag from /home/airflow/.local/lib/python3.12/site-packages/airflow/example_dags/example_display_name.py
[2024-06-18T02:34:59.013+0000] {processor.py:840} INFO - DAG(s) 'example_display_name' retrieved from /home/airflow/.local/lib/python3.12/site-packages/airflow/example_dags/example_display_name.py
[2024-06-18T02:34:59.034+0000] {logging_mixin.py:188} INFO - [2024-06-18T02:34:59.034+0000] {dag.py:3096} INFO - Sync 1 DAGs
[2024-06-18T02:34:59.048+0000] {logging_mixin.py:188} INFO - [2024-06-18T02:34:59.047+0000] {dag.py:3954} INFO - Setting next_dagrun for example_display_name to None, run_after=None
[2024-06-18T02:34:59.066+0000] {processor.py:183} INFO - Processing /home/airflow/.local/lib/python3.12/site-packages/airflow/example_dags/example_display_name.py took 0.067 seconds
[2024-06-18T02:35:29.410+0000] {processor.py:161} INFO - Started process (PID=66773) to work on /home/airflow/.local/lib/python3.12/site-packages/airflow/example_dags/example_display_name.py
[2024-06-18T02:35:29.411+0000] {processor.py:830} INFO - Processing file /home/airflow/.local/lib/python3.12/site-packages/airflow/example_dags/example_display_name.py for tasks to queue
[2024-06-18T02:35:29.412+0000] {logging_mixin.py:188} INFO - [2024-06-18T02:35:29.412+0000] {dagbag.py:545} INFO - Filling up the DagBag from /home/airflow/.local/lib/python3.12/site-packages/airflow/example_dags/example_display_name.py
[2024-06-18T02:35:29.419+0000] {processor.py:840} INFO - DAG(s) 'example_display_name' retrieved from /home/airflow/.local/lib/python3.12/site-packages/airflow/example_dags/example_display_name.py
[2024-06-18T02:35:29.442+0000] {logging_mixin.py:188} INFO - [2024-06-18T02:35:29.442+0000] {dag.py:3096} INFO - Sync 1 DAGs
[2024-06-18T02:35:29.456+0000] {logging_mixin.py:188} INFO - [2024-06-18T02:35:29.456+0000] {dag.py:3954} INFO - Setting next_dagrun for example_display_name to None, run_after=None
[2024-06-18T02:35:29.475+0000] {processor.py:183} INFO - Processing /home/airflow/.local/lib/python3.12/site-packages/airflow/example_dags/example_display_name.py took 0.073 seconds
[2024-06-18T02:35:59.532+0000] {processor.py:161} INFO - Started process (PID=66831) to work on /home/airflow/.local/lib/python3.12/site-packages/airflow/example_dags/example_display_name.py
[2024-06-18T02:35:59.533+0000] {processor.py:830} INFO - Processing file /home/airflow/.local/lib/python3.12/site-packages/airflow/example_dags/example_display_name.py for tasks to queue
[2024-06-18T02:35:59.534+0000] {logging_mixin.py:188} INFO - [2024-06-18T02:35:59.534+0000] {dagbag.py:545} INFO - Filling up the DagBag from /home/airflow/.local/lib/python3.12/site-packages/airflow/example_dags/example_display_name.py
[2024-06-18T02:35:59.540+0000] {processor.py:840} INFO - DAG(s) 'example_display_name' retrieved from /home/airflow/.local/lib/python3.12/site-packages/airflow/example_dags/example_display_name.py
[2024-06-18T02:35:59.560+0000] {logging_mixin.py:188} INFO - [2024-06-18T02:35:59.560+0000] {dag.py:3096} INFO - Sync 1 DAGs
[2024-06-18T02:35:59.574+0000] {logging_mixin.py:188} INFO - [2024-06-18T02:35:59.574+0000] {dag.py:3954} INFO - Setting next_dagrun for example_display_name to None, run_after=None
[2024-06-18T02:35:59.594+0000] {processor.py:183} INFO - Processing /home/airflow/.local/lib/python3.12/site-packages/airflow/example_dags/example_display_name.py took 0.067 seconds
[2024-06-18T02:36:29.675+0000] {processor.py:161} INFO - Started process (PID=66889) to work on /home/airflow/.local/lib/python3.12/site-packages/airflow/example_dags/example_display_name.py
[2024-06-18T02:36:29.677+0000] {processor.py:830} INFO - Processing file /home/airflow/.local/lib/python3.12/site-packages/airflow/example_dags/example_display_name.py for tasks to queue
[2024-06-18T02:36:29.678+0000] {logging_mixin.py:188} INFO - [2024-06-18T02:36:29.677+0000] {dagbag.py:545} INFO - Filling up the DagBag from /home/airflow/.local/lib/python3.12/site-packages/airflow/example_dags/example_display_name.py
[2024-06-18T02:36:29.686+0000] {processor.py:840} INFO - DAG(s) 'example_display_name' retrieved from /home/airflow/.local/lib/python3.12/site-packages/airflow/example_dags/example_display_name.py
[2024-06-18T02:36:29.709+0000] {logging_mixin.py:188} INFO - [2024-06-18T02:36:29.709+0000] {dag.py:3096} INFO - Sync 1 DAGs
[2024-06-18T02:36:29.723+0000] {logging_mixin.py:188} INFO - [2024-06-18T02:36:29.723+0000] {dag.py:3954} INFO - Setting next_dagrun for example_display_name to None, run_after=None
[2024-06-18T02:36:29.743+0000] {processor.py:183} INFO - Processing /home/airflow/.local/lib/python3.12/site-packages/airflow/example_dags/example_display_name.py took 0.075 seconds
[2024-06-18T02:37:00.735+0000] {processor.py:161} INFO - Started process (PID=66947) to work on /home/airflow/.local/lib/python3.12/site-packages/airflow/example_dags/example_display_name.py
[2024-06-18T02:37:00.736+0000] {processor.py:830} INFO - Processing file /home/airflow/.local/lib/python3.12/site-packages/airflow/example_dags/example_display_name.py for tasks to queue
[2024-06-18T02:37:00.737+0000] {logging_mixin.py:188} INFO - [2024-06-18T02:37:00.736+0000] {dagbag.py:545} INFO - Filling up the DagBag from /home/airflow/.local/lib/python3.12/site-packages/airflow/example_dags/example_display_name.py
[2024-06-18T02:37:00.743+0000] {processor.py:840} INFO - DAG(s) 'example_display_name' retrieved from /home/airflow/.local/lib/python3.12/site-packages/airflow/example_dags/example_display_name.py
[2024-06-18T02:37:00.765+0000] {logging_mixin.py:188} INFO - [2024-06-18T02:37:00.764+0000] {dag.py:3096} INFO - Sync 1 DAGs
[2024-06-18T02:37:00.778+0000] {logging_mixin.py:188} INFO - [2024-06-18T02:37:00.778+0000] {dag.py:3954} INFO - Setting next_dagrun for example_display_name to None, run_after=None
[2024-06-18T02:37:00.798+0000] {processor.py:183} INFO - Processing /home/airflow/.local/lib/python3.12/site-packages/airflow/example_dags/example_display_name.py took 0.070 seconds
[2024-06-18T02:37:31.575+0000] {processor.py:161} INFO - Started process (PID=67005) to work on /home/airflow/.local/lib/python3.12/site-packages/airflow/example_dags/example_display_name.py
[2024-06-18T02:37:31.577+0000] {processor.py:830} INFO - Processing file /home/airflow/.local/lib/python3.12/site-packages/airflow/example_dags/example_display_name.py for tasks to queue
[2024-06-18T02:37:31.578+0000] {logging_mixin.py:188} INFO - [2024-06-18T02:37:31.577+0000] {dagbag.py:545} INFO - Filling up the DagBag from /home/airflow/.local/lib/python3.12/site-packages/airflow/example_dags/example_display_name.py
[2024-06-18T02:37:31.583+0000] {processor.py:840} INFO - DAG(s) 'example_display_name' retrieved from /home/airflow/.local/lib/python3.12/site-packages/airflow/example_dags/example_display_name.py
[2024-06-18T02:37:31.605+0000] {logging_mixin.py:188} INFO - [2024-06-18T02:37:31.605+0000] {dag.py:3096} INFO - Sync 1 DAGs
[2024-06-18T02:37:31.618+0000] {logging_mixin.py:188} INFO - [2024-06-18T02:37:31.618+0000] {dag.py:3954} INFO - Setting next_dagrun for example_display_name to None, run_after=None
[2024-06-18T02:37:31.638+0000] {processor.py:183} INFO - Processing /home/airflow/.local/lib/python3.12/site-packages/airflow/example_dags/example_display_name.py took 0.069 seconds
[2024-06-18T02:38:02.381+0000] {processor.py:161} INFO - Started process (PID=67063) to work on /home/airflow/.local/lib/python3.12/site-packages/airflow/example_dags/example_display_name.py
[2024-06-18T02:38:02.383+0000] {processor.py:830} INFO - Processing file /home/airflow/.local/lib/python3.12/site-packages/airflow/example_dags/example_display_name.py for tasks to queue
[2024-06-18T02:38:02.384+0000] {logging_mixin.py:188} INFO - [2024-06-18T02:38:02.384+0000] {dagbag.py:545} INFO - Filling up the DagBag from /home/airflow/.local/lib/python3.12/site-packages/airflow/example_dags/example_display_name.py
[2024-06-18T02:38:02.400+0000] {processor.py:840} INFO - DAG(s) 'example_display_name' retrieved from /home/airflow/.local/lib/python3.12/site-packages/airflow/example_dags/example_display_name.py
[2024-06-18T02:38:02.449+0000] {logging_mixin.py:188} INFO - [2024-06-18T02:38:02.449+0000] {dag.py:3096} INFO - Sync 1 DAGs
[2024-06-18T02:38:02.473+0000] {logging_mixin.py:188} INFO - [2024-06-18T02:38:02.472+0000] {dag.py:3954} INFO - Setting next_dagrun for example_display_name to None, run_after=None
[2024-06-18T02:38:02.526+0000] {processor.py:183} INFO - Processing /home/airflow/.local/lib/python3.12/site-packages/airflow/example_dags/example_display_name.py took 0.162 seconds
[2024-06-18T02:38:32.922+0000] {processor.py:161} INFO - Started process (PID=67121) to work on /home/airflow/.local/lib/python3.12/site-packages/airflow/example_dags/example_display_name.py
[2024-06-18T02:38:32.923+0000] {processor.py:830} INFO - Processing file /home/airflow/.local/lib/python3.12/site-packages/airflow/example_dags/example_display_name.py for tasks to queue
[2024-06-18T02:38:32.925+0000] {logging_mixin.py:188} INFO - [2024-06-18T02:38:32.924+0000] {dagbag.py:545} INFO - Filling up the DagBag from /home/airflow/.local/lib/python3.12/site-packages/airflow/example_dags/example_display_name.py
[2024-06-18T02:38:32.932+0000] {processor.py:840} INFO - DAG(s) 'example_display_name' retrieved from /home/airflow/.local/lib/python3.12/site-packages/airflow/example_dags/example_display_name.py
[2024-06-18T02:38:32.958+0000] {logging_mixin.py:188} INFO - [2024-06-18T02:38:32.957+0000] {dag.py:3096} INFO - Sync 1 DAGs
[2024-06-18T02:38:32.973+0000] {logging_mixin.py:188} INFO - [2024-06-18T02:38:32.972+0000] {dag.py:3954} INFO - Setting next_dagrun for example_display_name to None, run_after=None
[2024-06-18T02:38:32.994+0000] {processor.py:183} INFO - Processing /home/airflow/.local/lib/python3.12/site-packages/airflow/example_dags/example_display_name.py took 0.080 seconds
[2024-06-18T02:39:03.342+0000] {processor.py:161} INFO - Started process (PID=67179) to work on /home/airflow/.local/lib/python3.12/site-packages/airflow/example_dags/example_display_name.py
[2024-06-18T02:39:03.344+0000] {processor.py:830} INFO - Processing file /home/airflow/.local/lib/python3.12/site-packages/airflow/example_dags/example_display_name.py for tasks to queue
[2024-06-18T02:39:03.345+0000] {logging_mixin.py:188} INFO - [2024-06-18T02:39:03.344+0000] {dagbag.py:545} INFO - Filling up the DagBag from /home/airflow/.local/lib/python3.12/site-packages/airflow/example_dags/example_display_name.py
[2024-06-18T02:39:03.351+0000] {processor.py:840} INFO - DAG(s) 'example_display_name' retrieved from /home/airflow/.local/lib/python3.12/site-packages/airflow/example_dags/example_display_name.py
[2024-06-18T02:39:03.374+0000] {logging_mixin.py:188} INFO - [2024-06-18T02:39:03.374+0000] {dag.py:3096} INFO - Sync 1 DAGs
[2024-06-18T02:39:03.388+0000] {logging_mixin.py:188} INFO - [2024-06-18T02:39:03.388+0000] {dag.py:3954} INFO - Setting next_dagrun for example_display_name to None, run_after=None
[2024-06-18T02:39:03.413+0000] {processor.py:183} INFO - Processing /home/airflow/.local/lib/python3.12/site-packages/airflow/example_dags/example_display_name.py took 0.077 seconds
[2024-06-18T02:39:34.091+0000] {processor.py:161} INFO - Started process (PID=67238) to work on /home/airflow/.local/lib/python3.12/site-packages/airflow/example_dags/example_display_name.py
[2024-06-18T02:39:34.093+0000] {processor.py:830} INFO - Processing file /home/airflow/.local/lib/python3.12/site-packages/airflow/example_dags/example_display_name.py for tasks to queue
[2024-06-18T02:39:34.094+0000] {logging_mixin.py:188} INFO - [2024-06-18T02:39:34.093+0000] {dagbag.py:545} INFO - Filling up the DagBag from /home/airflow/.local/lib/python3.12/site-packages/airflow/example_dags/example_display_name.py
[2024-06-18T02:39:34.101+0000] {processor.py:840} INFO - DAG(s) 'example_display_name' retrieved from /home/airflow/.local/lib/python3.12/site-packages/airflow/example_dags/example_display_name.py
[2024-06-18T02:39:34.132+0000] {logging_mixin.py:188} INFO - [2024-06-18T02:39:34.132+0000] {dag.py:3096} INFO - Sync 1 DAGs
[2024-06-18T02:39:34.156+0000] {logging_mixin.py:188} INFO - [2024-06-18T02:39:34.156+0000] {dag.py:3954} INFO - Setting next_dagrun for example_display_name to None, run_after=None
[2024-06-18T02:39:34.192+0000] {processor.py:183} INFO - Processing /home/airflow/.local/lib/python3.12/site-packages/airflow/example_dags/example_display_name.py took 0.109 seconds
[2024-06-18T02:52:52.445+0000] {processor.py:161} INFO - Started process (PID=67308) to work on /home/airflow/.local/lib/python3.12/site-packages/airflow/example_dags/example_display_name.py
[2024-06-18T02:52:52.448+0000] {processor.py:830} INFO - Processing file /home/airflow/.local/lib/python3.12/site-packages/airflow/example_dags/example_display_name.py for tasks to queue
[2024-06-18T02:52:52.449+0000] {logging_mixin.py:188} INFO - [2024-06-18T02:52:52.449+0000] {dagbag.py:545} INFO - Filling up the DagBag from /home/airflow/.local/lib/python3.12/site-packages/airflow/example_dags/example_display_name.py
[2024-06-18T02:52:52.461+0000] {processor.py:840} INFO - DAG(s) 'example_display_name' retrieved from /home/airflow/.local/lib/python3.12/site-packages/airflow/example_dags/example_display_name.py
[2024-06-18T02:52:52.497+0000] {logging_mixin.py:188} INFO - [2024-06-18T02:52:52.496+0000] {dag.py:3096} INFO - Sync 1 DAGs
[2024-06-18T02:52:52.518+0000] {logging_mixin.py:188} INFO - [2024-06-18T02:52:52.518+0000] {dag.py:3954} INFO - Setting next_dagrun for example_display_name to None, run_after=None
[2024-06-18T02:52:52.550+0000] {processor.py:183} INFO - Processing /home/airflow/.local/lib/python3.12/site-packages/airflow/example_dags/example_display_name.py took 0.111 seconds
[2024-06-18T02:53:24.960+0000] {processor.py:161} INFO - Started process (PID=67368) to work on /home/airflow/.local/lib/python3.12/site-packages/airflow/example_dags/example_display_name.py
[2024-06-18T02:53:24.961+0000] {processor.py:830} INFO - Processing file /home/airflow/.local/lib/python3.12/site-packages/airflow/example_dags/example_display_name.py for tasks to queue
[2024-06-18T02:53:24.962+0000] {logging_mixin.py:188} INFO - [2024-06-18T02:53:24.962+0000] {dagbag.py:545} INFO - Filling up the DagBag from /home/airflow/.local/lib/python3.12/site-packages/airflow/example_dags/example_display_name.py
[2024-06-18T02:53:24.968+0000] {processor.py:840} INFO - DAG(s) 'example_display_name' retrieved from /home/airflow/.local/lib/python3.12/site-packages/airflow/example_dags/example_display_name.py
[2024-06-18T02:53:24.998+0000] {logging_mixin.py:188} INFO - [2024-06-18T02:53:24.998+0000] {dag.py:3096} INFO - Sync 1 DAGs
[2024-06-18T02:53:25.014+0000] {logging_mixin.py:188} INFO - [2024-06-18T02:53:25.013+0000] {dag.py:3954} INFO - Setting next_dagrun for example_display_name to None, run_after=None
[2024-06-18T02:53:25.049+0000] {processor.py:183} INFO - Processing /home/airflow/.local/lib/python3.12/site-packages/airflow/example_dags/example_display_name.py took 0.097 seconds
[2024-06-18T02:53:55.168+0000] {processor.py:161} INFO - Started process (PID=67424) to work on /home/airflow/.local/lib/python3.12/site-packages/airflow/example_dags/example_display_name.py
[2024-06-18T02:53:55.169+0000] {processor.py:830} INFO - Processing file /home/airflow/.local/lib/python3.12/site-packages/airflow/example_dags/example_display_name.py for tasks to queue
[2024-06-18T02:53:55.170+0000] {logging_mixin.py:188} INFO - [2024-06-18T02:53:55.169+0000] {dagbag.py:545} INFO - Filling up the DagBag from /home/airflow/.local/lib/python3.12/site-packages/airflow/example_dags/example_display_name.py
[2024-06-18T02:53:55.177+0000] {processor.py:840} INFO - DAG(s) 'example_display_name' retrieved from /home/airflow/.local/lib/python3.12/site-packages/airflow/example_dags/example_display_name.py
[2024-06-18T02:53:55.205+0000] {logging_mixin.py:188} INFO - [2024-06-18T02:53:55.205+0000] {dag.py:3096} INFO - Sync 1 DAGs
[2024-06-18T02:53:55.222+0000] {logging_mixin.py:188} INFO - [2024-06-18T02:53:55.222+0000] {dag.py:3954} INFO - Setting next_dagrun for example_display_name to None, run_after=None
[2024-06-18T02:53:55.243+0000] {processor.py:183} INFO - Processing /home/airflow/.local/lib/python3.12/site-packages/airflow/example_dags/example_display_name.py took 0.083 seconds
[2024-06-18T02:54:25.381+0000] {processor.py:161} INFO - Started process (PID=67481) to work on /home/airflow/.local/lib/python3.12/site-packages/airflow/example_dags/example_display_name.py
[2024-06-18T02:54:25.382+0000] {processor.py:830} INFO - Processing file /home/airflow/.local/lib/python3.12/site-packages/airflow/example_dags/example_display_name.py for tasks to queue
[2024-06-18T02:54:25.383+0000] {logging_mixin.py:188} INFO - [2024-06-18T02:54:25.383+0000] {dagbag.py:545} INFO - Filling up the DagBag from /home/airflow/.local/lib/python3.12/site-packages/airflow/example_dags/example_display_name.py
[2024-06-18T02:54:25.389+0000] {processor.py:840} INFO - DAG(s) 'example_display_name' retrieved from /home/airflow/.local/lib/python3.12/site-packages/airflow/example_dags/example_display_name.py
[2024-06-18T02:54:25.409+0000] {logging_mixin.py:188} INFO - [2024-06-18T02:54:25.409+0000] {dag.py:3096} INFO - Sync 1 DAGs
[2024-06-18T02:54:25.425+0000] {logging_mixin.py:188} INFO - [2024-06-18T02:54:25.424+0000] {dag.py:3954} INFO - Setting next_dagrun for example_display_name to None, run_after=None
[2024-06-18T02:54:25.453+0000] {processor.py:183} INFO - Processing /home/airflow/.local/lib/python3.12/site-packages/airflow/example_dags/example_display_name.py took 0.078 seconds
[2024-06-18T02:54:55.649+0000] {processor.py:161} INFO - Started process (PID=67540) to work on /home/airflow/.local/lib/python3.12/site-packages/airflow/example_dags/example_display_name.py
[2024-06-18T02:54:55.650+0000] {processor.py:830} INFO - Processing file /home/airflow/.local/lib/python3.12/site-packages/airflow/example_dags/example_display_name.py for tasks to queue
[2024-06-18T02:54:55.651+0000] {logging_mixin.py:188} INFO - [2024-06-18T02:54:55.651+0000] {dagbag.py:545} INFO - Filling up the DagBag from /home/airflow/.local/lib/python3.12/site-packages/airflow/example_dags/example_display_name.py
[2024-06-18T02:54:55.656+0000] {processor.py:840} INFO - DAG(s) 'example_display_name' retrieved from /home/airflow/.local/lib/python3.12/site-packages/airflow/example_dags/example_display_name.py
[2024-06-18T02:54:55.677+0000] {logging_mixin.py:188} INFO - [2024-06-18T02:54:55.677+0000] {dag.py:3096} INFO - Sync 1 DAGs
[2024-06-18T02:54:55.690+0000] {logging_mixin.py:188} INFO - [2024-06-18T02:54:55.690+0000] {dag.py:3954} INFO - Setting next_dagrun for example_display_name to None, run_after=None
[2024-06-18T02:54:55.708+0000] {processor.py:183} INFO - Processing /home/airflow/.local/lib/python3.12/site-packages/airflow/example_dags/example_display_name.py took 0.065 seconds
[2024-06-18T02:55:25.848+0000] {processor.py:161} INFO - Started process (PID=67598) to work on /home/airflow/.local/lib/python3.12/site-packages/airflow/example_dags/example_display_name.py
[2024-06-18T02:55:25.849+0000] {processor.py:830} INFO - Processing file /home/airflow/.local/lib/python3.12/site-packages/airflow/example_dags/example_display_name.py for tasks to queue
[2024-06-18T02:55:25.850+0000] {logging_mixin.py:188} INFO - [2024-06-18T02:55:25.850+0000] {dagbag.py:545} INFO - Filling up the DagBag from /home/airflow/.local/lib/python3.12/site-packages/airflow/example_dags/example_display_name.py
[2024-06-18T02:55:25.855+0000] {processor.py:840} INFO - DAG(s) 'example_display_name' retrieved from /home/airflow/.local/lib/python3.12/site-packages/airflow/example_dags/example_display_name.py
[2024-06-18T02:55:25.877+0000] {logging_mixin.py:188} INFO - [2024-06-18T02:55:25.876+0000] {dag.py:3096} INFO - Sync 1 DAGs
[2024-06-18T02:55:25.891+0000] {logging_mixin.py:188} INFO - [2024-06-18T02:55:25.890+0000] {dag.py:3954} INFO - Setting next_dagrun for example_display_name to None, run_after=None
[2024-06-18T02:55:25.910+0000] {processor.py:183} INFO - Processing /home/airflow/.local/lib/python3.12/site-packages/airflow/example_dags/example_display_name.py took 0.070 seconds
[2024-06-18T02:55:56.238+0000] {processor.py:161} INFO - Started process (PID=67656) to work on /home/airflow/.local/lib/python3.12/site-packages/airflow/example_dags/example_display_name.py
[2024-06-18T02:55:56.239+0000] {processor.py:830} INFO - Processing file /home/airflow/.local/lib/python3.12/site-packages/airflow/example_dags/example_display_name.py for tasks to queue
[2024-06-18T02:55:56.241+0000] {logging_mixin.py:188} INFO - [2024-06-18T02:55:56.240+0000] {dagbag.py:545} INFO - Filling up the DagBag from /home/airflow/.local/lib/python3.12/site-packages/airflow/example_dags/example_display_name.py
[2024-06-18T02:55:56.248+0000] {processor.py:840} INFO - DAG(s) 'example_display_name' retrieved from /home/airflow/.local/lib/python3.12/site-packages/airflow/example_dags/example_display_name.py
[2024-06-18T02:55:56.275+0000] {logging_mixin.py:188} INFO - [2024-06-18T02:55:56.275+0000] {dag.py:3096} INFO - Sync 1 DAGs
[2024-06-18T02:55:56.292+0000] {logging_mixin.py:188} INFO - [2024-06-18T02:55:56.292+0000] {dag.py:3954} INFO - Setting next_dagrun for example_display_name to None, run_after=None
[2024-06-18T02:55:56.318+0000] {processor.py:183} INFO - Processing /home/airflow/.local/lib/python3.12/site-packages/airflow/example_dags/example_display_name.py took 0.090 seconds
[2024-06-18T02:56:26.757+0000] {processor.py:161} INFO - Started process (PID=67714) to work on /home/airflow/.local/lib/python3.12/site-packages/airflow/example_dags/example_display_name.py
[2024-06-18T02:56:26.760+0000] {processor.py:830} INFO - Processing file /home/airflow/.local/lib/python3.12/site-packages/airflow/example_dags/example_display_name.py for tasks to queue
[2024-06-18T02:56:26.767+0000] {logging_mixin.py:188} INFO - [2024-06-18T02:56:26.766+0000] {dagbag.py:545} INFO - Filling up the DagBag from /home/airflow/.local/lib/python3.12/site-packages/airflow/example_dags/example_display_name.py
[2024-06-18T02:56:26.785+0000] {processor.py:840} INFO - DAG(s) 'example_display_name' retrieved from /home/airflow/.local/lib/python3.12/site-packages/airflow/example_dags/example_display_name.py
[2024-06-18T02:56:26.833+0000] {logging_mixin.py:188} INFO - [2024-06-18T02:56:26.832+0000] {dag.py:3096} INFO - Sync 1 DAGs
[2024-06-18T02:56:26.863+0000] {logging_mixin.py:188} INFO - [2024-06-18T02:56:26.862+0000] {dag.py:3954} INFO - Setting next_dagrun for example_display_name to None, run_after=None
[2024-06-18T02:56:26.909+0000] {processor.py:183} INFO - Processing /home/airflow/.local/lib/python3.12/site-packages/airflow/example_dags/example_display_name.py took 0.173 seconds
