[2024-06-18T02:21:43.676+0000] {processor.py:161} INFO - Started process (PID=65201) to work on /home/airflow/.local/lib/python3.12/site-packages/airflow/example_dags/example_params_trigger_ui.py
[2024-06-18T02:21:43.678+0000] {processor.py:830} INFO - Processing file /home/airflow/.local/lib/python3.12/site-packages/airflow/example_dags/example_params_trigger_ui.py for tasks to queue
[2024-06-18T02:21:43.679+0000] {logging_mixin.py:188} INFO - [2024-06-18T02:21:43.678+0000] {dagbag.py:545} INFO - Filling up the DagBag from /home/airflow/.local/lib/python3.12/site-packages/airflow/example_dags/example_params_trigger_ui.py
[2024-06-18T02:21:43.714+0000] {processor.py:840} INFO - DAG(s) 'example_params_trigger_ui' retrieved from /home/airflow/.local/lib/python3.12/site-packages/airflow/example_dags/example_params_trigger_ui.py
[2024-06-18T02:21:43.830+0000] {logging_mixin.py:188} INFO - [2024-06-18T02:21:43.830+0000] {dag.py:3096} INFO - Sync 1 DAGs
[2024-06-18T02:21:43.855+0000] {logging_mixin.py:188} INFO - [2024-06-18T02:21:43.855+0000] {dag.py:3954} INFO - Setting next_dagrun for example_params_trigger_ui to None, run_after=None
[2024-06-18T02:21:43.909+0000] {processor.py:183} INFO - Processing /home/airflow/.local/lib/python3.12/site-packages/airflow/example_dags/example_params_trigger_ui.py took 0.244 seconds
[2024-06-18T02:22:14.891+0000] {processor.py:161} INFO - Started process (PID=65259) to work on /home/airflow/.local/lib/python3.12/site-packages/airflow/example_dags/example_params_trigger_ui.py
[2024-06-18T02:22:14.893+0000] {processor.py:830} INFO - Processing file /home/airflow/.local/lib/python3.12/site-packages/airflow/example_dags/example_params_trigger_ui.py for tasks to queue
[2024-06-18T02:22:14.895+0000] {logging_mixin.py:188} INFO - [2024-06-18T02:22:14.894+0000] {dagbag.py:545} INFO - Filling up the DagBag from /home/airflow/.local/lib/python3.12/site-packages/airflow/example_dags/example_params_trigger_ui.py
[2024-06-18T02:22:14.924+0000] {processor.py:840} INFO - DAG(s) 'example_params_trigger_ui' retrieved from /home/airflow/.local/lib/python3.12/site-packages/airflow/example_dags/example_params_trigger_ui.py
[2024-06-18T02:22:15.024+0000] {logging_mixin.py:188} INFO - [2024-06-18T02:22:15.023+0000] {dag.py:3096} INFO - Sync 1 DAGs
[2024-06-18T02:22:15.057+0000] {logging_mixin.py:188} INFO - [2024-06-18T02:22:15.057+0000] {dag.py:3954} INFO - Setting next_dagrun for example_params_trigger_ui to None, run_after=None
[2024-06-18T02:22:15.096+0000] {processor.py:183} INFO - Processing /home/airflow/.local/lib/python3.12/site-packages/airflow/example_dags/example_params_trigger_ui.py took 0.217 seconds
[2024-06-18T02:22:45.906+0000] {processor.py:161} INFO - Started process (PID=65317) to work on /home/airflow/.local/lib/python3.12/site-packages/airflow/example_dags/example_params_trigger_ui.py
[2024-06-18T02:22:45.908+0000] {processor.py:830} INFO - Processing file /home/airflow/.local/lib/python3.12/site-packages/airflow/example_dags/example_params_trigger_ui.py for tasks to queue
[2024-06-18T02:22:45.909+0000] {logging_mixin.py:188} INFO - [2024-06-18T02:22:45.908+0000] {dagbag.py:545} INFO - Filling up the DagBag from /home/airflow/.local/lib/python3.12/site-packages/airflow/example_dags/example_params_trigger_ui.py
[2024-06-18T02:22:45.924+0000] {processor.py:840} INFO - DAG(s) 'example_params_trigger_ui' retrieved from /home/airflow/.local/lib/python3.12/site-packages/airflow/example_dags/example_params_trigger_ui.py
[2024-06-18T02:22:45.971+0000] {logging_mixin.py:188} INFO - [2024-06-18T02:22:45.971+0000] {dag.py:3096} INFO - Sync 1 DAGs
[2024-06-18T02:22:45.985+0000] {logging_mixin.py:188} INFO - [2024-06-18T02:22:45.985+0000] {dag.py:3954} INFO - Setting next_dagrun for example_params_trigger_ui to None, run_after=None
[2024-06-18T02:22:46.003+0000] {processor.py:183} INFO - Processing /home/airflow/.local/lib/python3.12/site-packages/airflow/example_dags/example_params_trigger_ui.py took 0.103 seconds
[2024-06-18T02:23:16.402+0000] {processor.py:161} INFO - Started process (PID=65376) to work on /home/airflow/.local/lib/python3.12/site-packages/airflow/example_dags/example_params_trigger_ui.py
[2024-06-18T02:23:16.404+0000] {processor.py:830} INFO - Processing file /home/airflow/.local/lib/python3.12/site-packages/airflow/example_dags/example_params_trigger_ui.py for tasks to queue
[2024-06-18T02:23:16.406+0000] {logging_mixin.py:188} INFO - [2024-06-18T02:23:16.405+0000] {dagbag.py:545} INFO - Filling up the DagBag from /home/airflow/.local/lib/python3.12/site-packages/airflow/example_dags/example_params_trigger_ui.py
[2024-06-18T02:23:16.436+0000] {processor.py:840} INFO - DAG(s) 'example_params_trigger_ui' retrieved from /home/airflow/.local/lib/python3.12/site-packages/airflow/example_dags/example_params_trigger_ui.py
[2024-06-18T02:23:16.496+0000] {logging_mixin.py:188} INFO - [2024-06-18T02:23:16.496+0000] {dag.py:3096} INFO - Sync 1 DAGs
[2024-06-18T02:23:16.515+0000] {logging_mixin.py:188} INFO - [2024-06-18T02:23:16.514+0000] {dag.py:3954} INFO - Setting next_dagrun for example_params_trigger_ui to None, run_after=None
[2024-06-18T02:23:16.550+0000] {processor.py:183} INFO - Processing /home/airflow/.local/lib/python3.12/site-packages/airflow/example_dags/example_params_trigger_ui.py took 0.156 seconds
[2024-06-18T02:23:47.045+0000] {processor.py:161} INFO - Started process (PID=65434) to work on /home/airflow/.local/lib/python3.12/site-packages/airflow/example_dags/example_params_trigger_ui.py
[2024-06-18T02:23:47.046+0000] {processor.py:830} INFO - Processing file /home/airflow/.local/lib/python3.12/site-packages/airflow/example_dags/example_params_trigger_ui.py for tasks to queue
[2024-06-18T02:23:47.047+0000] {logging_mixin.py:188} INFO - [2024-06-18T02:23:47.046+0000] {dagbag.py:545} INFO - Filling up the DagBag from /home/airflow/.local/lib/python3.12/site-packages/airflow/example_dags/example_params_trigger_ui.py
[2024-06-18T02:23:47.067+0000] {processor.py:840} INFO - DAG(s) 'example_params_trigger_ui' retrieved from /home/airflow/.local/lib/python3.12/site-packages/airflow/example_dags/example_params_trigger_ui.py
[2024-06-18T02:23:47.116+0000] {logging_mixin.py:188} INFO - [2024-06-18T02:23:47.116+0000] {dag.py:3096} INFO - Sync 1 DAGs
[2024-06-18T02:23:47.130+0000] {logging_mixin.py:188} INFO - [2024-06-18T02:23:47.130+0000] {dag.py:3954} INFO - Setting next_dagrun for example_params_trigger_ui to None, run_after=None
[2024-06-18T02:23:47.152+0000] {processor.py:183} INFO - Processing /home/airflow/.local/lib/python3.12/site-packages/airflow/example_dags/example_params_trigger_ui.py took 0.112 seconds
[2024-06-18T02:24:17.886+0000] {processor.py:161} INFO - Started process (PID=65492) to work on /home/airflow/.local/lib/python3.12/site-packages/airflow/example_dags/example_params_trigger_ui.py
[2024-06-18T02:24:17.887+0000] {processor.py:830} INFO - Processing file /home/airflow/.local/lib/python3.12/site-packages/airflow/example_dags/example_params_trigger_ui.py for tasks to queue
[2024-06-18T02:24:17.888+0000] {logging_mixin.py:188} INFO - [2024-06-18T02:24:17.888+0000] {dagbag.py:545} INFO - Filling up the DagBag from /home/airflow/.local/lib/python3.12/site-packages/airflow/example_dags/example_params_trigger_ui.py
[2024-06-18T02:24:17.904+0000] {processor.py:840} INFO - DAG(s) 'example_params_trigger_ui' retrieved from /home/airflow/.local/lib/python3.12/site-packages/airflow/example_dags/example_params_trigger_ui.py
[2024-06-18T02:24:17.959+0000] {logging_mixin.py:188} INFO - [2024-06-18T02:24:17.959+0000] {dag.py:3096} INFO - Sync 1 DAGs
[2024-06-18T02:24:17.976+0000] {logging_mixin.py:188} INFO - [2024-06-18T02:24:17.976+0000] {dag.py:3954} INFO - Setting next_dagrun for example_params_trigger_ui to None, run_after=None
[2024-06-18T02:24:17.998+0000] {processor.py:183} INFO - Processing /home/airflow/.local/lib/python3.12/site-packages/airflow/example_dags/example_params_trigger_ui.py took 0.120 seconds
[2024-06-18T02:24:48.063+0000] {processor.py:161} INFO - Started process (PID=65550) to work on /home/airflow/.local/lib/python3.12/site-packages/airflow/example_dags/example_params_trigger_ui.py
[2024-06-18T02:24:48.064+0000] {processor.py:830} INFO - Processing file /home/airflow/.local/lib/python3.12/site-packages/airflow/example_dags/example_params_trigger_ui.py for tasks to queue
[2024-06-18T02:24:48.066+0000] {logging_mixin.py:188} INFO - [2024-06-18T02:24:48.065+0000] {dagbag.py:545} INFO - Filling up the DagBag from /home/airflow/.local/lib/python3.12/site-packages/airflow/example_dags/example_params_trigger_ui.py
[2024-06-18T02:24:48.087+0000] {processor.py:840} INFO - DAG(s) 'example_params_trigger_ui' retrieved from /home/airflow/.local/lib/python3.12/site-packages/airflow/example_dags/example_params_trigger_ui.py
[2024-06-18T02:24:48.156+0000] {logging_mixin.py:188} INFO - [2024-06-18T02:24:48.155+0000] {dag.py:3096} INFO - Sync 1 DAGs
[2024-06-18T02:24:48.176+0000] {logging_mixin.py:188} INFO - [2024-06-18T02:24:48.176+0000] {dag.py:3954} INFO - Setting next_dagrun for example_params_trigger_ui to None, run_after=None
[2024-06-18T02:24:48.205+0000] {processor.py:183} INFO - Processing /home/airflow/.local/lib/python3.12/site-packages/airflow/example_dags/example_params_trigger_ui.py took 0.150 seconds
[2024-06-18T02:25:18.379+0000] {processor.py:161} INFO - Started process (PID=65608) to work on /home/airflow/.local/lib/python3.12/site-packages/airflow/example_dags/example_params_trigger_ui.py
[2024-06-18T02:25:18.380+0000] {processor.py:830} INFO - Processing file /home/airflow/.local/lib/python3.12/site-packages/airflow/example_dags/example_params_trigger_ui.py for tasks to queue
[2024-06-18T02:25:18.381+0000] {logging_mixin.py:188} INFO - [2024-06-18T02:25:18.381+0000] {dagbag.py:545} INFO - Filling up the DagBag from /home/airflow/.local/lib/python3.12/site-packages/airflow/example_dags/example_params_trigger_ui.py
[2024-06-18T02:25:18.400+0000] {processor.py:840} INFO - DAG(s) 'example_params_trigger_ui' retrieved from /home/airflow/.local/lib/python3.12/site-packages/airflow/example_dags/example_params_trigger_ui.py
[2024-06-18T02:25:18.455+0000] {logging_mixin.py:188} INFO - [2024-06-18T02:25:18.454+0000] {dag.py:3096} INFO - Sync 1 DAGs
[2024-06-18T02:25:18.471+0000] {logging_mixin.py:188} INFO - [2024-06-18T02:25:18.470+0000] {dag.py:3954} INFO - Setting next_dagrun for example_params_trigger_ui to None, run_after=None
[2024-06-18T02:25:18.494+0000] {processor.py:183} INFO - Processing /home/airflow/.local/lib/python3.12/site-packages/airflow/example_dags/example_params_trigger_ui.py took 0.121 seconds
[2024-06-18T02:25:49.312+0000] {processor.py:161} INFO - Started process (PID=65666) to work on /home/airflow/.local/lib/python3.12/site-packages/airflow/example_dags/example_params_trigger_ui.py
[2024-06-18T02:25:49.313+0000] {processor.py:830} INFO - Processing file /home/airflow/.local/lib/python3.12/site-packages/airflow/example_dags/example_params_trigger_ui.py for tasks to queue
[2024-06-18T02:25:49.314+0000] {logging_mixin.py:188} INFO - [2024-06-18T02:25:49.314+0000] {dagbag.py:545} INFO - Filling up the DagBag from /home/airflow/.local/lib/python3.12/site-packages/airflow/example_dags/example_params_trigger_ui.py
[2024-06-18T02:25:49.329+0000] {processor.py:840} INFO - DAG(s) 'example_params_trigger_ui' retrieved from /home/airflow/.local/lib/python3.12/site-packages/airflow/example_dags/example_params_trigger_ui.py
[2024-06-18T02:25:49.375+0000] {logging_mixin.py:188} INFO - [2024-06-18T02:25:49.375+0000] {dag.py:3096} INFO - Sync 1 DAGs
[2024-06-18T02:25:49.388+0000] {logging_mixin.py:188} INFO - [2024-06-18T02:25:49.388+0000] {dag.py:3954} INFO - Setting next_dagrun for example_params_trigger_ui to None, run_after=None
[2024-06-18T02:25:49.409+0000] {processor.py:183} INFO - Processing /home/airflow/.local/lib/python3.12/site-packages/airflow/example_dags/example_params_trigger_ui.py took 0.103 seconds
[2024-06-18T02:26:20.048+0000] {processor.py:161} INFO - Started process (PID=65724) to work on /home/airflow/.local/lib/python3.12/site-packages/airflow/example_dags/example_params_trigger_ui.py
[2024-06-18T02:26:20.051+0000] {processor.py:830} INFO - Processing file /home/airflow/.local/lib/python3.12/site-packages/airflow/example_dags/example_params_trigger_ui.py for tasks to queue
[2024-06-18T02:26:20.054+0000] {logging_mixin.py:188} INFO - [2024-06-18T02:26:20.053+0000] {dagbag.py:545} INFO - Filling up the DagBag from /home/airflow/.local/lib/python3.12/site-packages/airflow/example_dags/example_params_trigger_ui.py
[2024-06-18T02:26:20.090+0000] {processor.py:840} INFO - DAG(s) 'example_params_trigger_ui' retrieved from /home/airflow/.local/lib/python3.12/site-packages/airflow/example_dags/example_params_trigger_ui.py
[2024-06-18T02:26:20.195+0000] {logging_mixin.py:188} INFO - [2024-06-18T02:26:20.195+0000] {dag.py:3096} INFO - Sync 1 DAGs
[2024-06-18T02:26:20.221+0000] {logging_mixin.py:188} INFO - [2024-06-18T02:26:20.221+0000] {dag.py:3954} INFO - Setting next_dagrun for example_params_trigger_ui to None, run_after=None
[2024-06-18T02:26:20.267+0000] {processor.py:183} INFO - Processing /home/airflow/.local/lib/python3.12/site-packages/airflow/example_dags/example_params_trigger_ui.py took 0.231 seconds
[2024-06-18T02:26:50.735+0000] {processor.py:161} INFO - Started process (PID=65783) to work on /home/airflow/.local/lib/python3.12/site-packages/airflow/example_dags/example_params_trigger_ui.py
[2024-06-18T02:26:50.736+0000] {processor.py:830} INFO - Processing file /home/airflow/.local/lib/python3.12/site-packages/airflow/example_dags/example_params_trigger_ui.py for tasks to queue
[2024-06-18T02:26:50.737+0000] {logging_mixin.py:188} INFO - [2024-06-18T02:26:50.737+0000] {dagbag.py:545} INFO - Filling up the DagBag from /home/airflow/.local/lib/python3.12/site-packages/airflow/example_dags/example_params_trigger_ui.py
[2024-06-18T02:26:50.755+0000] {processor.py:840} INFO - DAG(s) 'example_params_trigger_ui' retrieved from /home/airflow/.local/lib/python3.12/site-packages/airflow/example_dags/example_params_trigger_ui.py
[2024-06-18T02:26:50.810+0000] {logging_mixin.py:188} INFO - [2024-06-18T02:26:50.810+0000] {dag.py:3096} INFO - Sync 1 DAGs
[2024-06-18T02:26:50.825+0000] {logging_mixin.py:188} INFO - [2024-06-18T02:26:50.825+0000] {dag.py:3954} INFO - Setting next_dagrun for example_params_trigger_ui to None, run_after=None
[2024-06-18T02:26:50.848+0000] {processor.py:183} INFO - Processing /home/airflow/.local/lib/python3.12/site-packages/airflow/example_dags/example_params_trigger_ui.py took 0.120 seconds
[2024-06-18T02:27:21.369+0000] {processor.py:161} INFO - Started process (PID=65841) to work on /home/airflow/.local/lib/python3.12/site-packages/airflow/example_dags/example_params_trigger_ui.py
[2024-06-18T02:27:21.370+0000] {processor.py:830} INFO - Processing file /home/airflow/.local/lib/python3.12/site-packages/airflow/example_dags/example_params_trigger_ui.py for tasks to queue
[2024-06-18T02:27:21.371+0000] {logging_mixin.py:188} INFO - [2024-06-18T02:27:21.371+0000] {dagbag.py:545} INFO - Filling up the DagBag from /home/airflow/.local/lib/python3.12/site-packages/airflow/example_dags/example_params_trigger_ui.py
[2024-06-18T02:27:21.391+0000] {processor.py:840} INFO - DAG(s) 'example_params_trigger_ui' retrieved from /home/airflow/.local/lib/python3.12/site-packages/airflow/example_dags/example_params_trigger_ui.py
[2024-06-18T02:27:21.454+0000] {logging_mixin.py:188} INFO - [2024-06-18T02:27:21.454+0000] {dag.py:3096} INFO - Sync 1 DAGs
[2024-06-18T02:27:21.467+0000] {logging_mixin.py:188} INFO - [2024-06-18T02:27:21.467+0000] {dag.py:3954} INFO - Setting next_dagrun for example_params_trigger_ui to None, run_after=None
[2024-06-18T02:27:21.489+0000] {processor.py:183} INFO - Processing /home/airflow/.local/lib/python3.12/site-packages/airflow/example_dags/example_params_trigger_ui.py took 0.128 seconds
[2024-06-18T02:27:51.598+0000] {processor.py:161} INFO - Started process (PID=65899) to work on /home/airflow/.local/lib/python3.12/site-packages/airflow/example_dags/example_params_trigger_ui.py
[2024-06-18T02:27:51.599+0000] {processor.py:830} INFO - Processing file /home/airflow/.local/lib/python3.12/site-packages/airflow/example_dags/example_params_trigger_ui.py for tasks to queue
[2024-06-18T02:27:51.600+0000] {logging_mixin.py:188} INFO - [2024-06-18T02:27:51.600+0000] {dagbag.py:545} INFO - Filling up the DagBag from /home/airflow/.local/lib/python3.12/site-packages/airflow/example_dags/example_params_trigger_ui.py
[2024-06-18T02:27:51.617+0000] {processor.py:840} INFO - DAG(s) 'example_params_trigger_ui' retrieved from /home/airflow/.local/lib/python3.12/site-packages/airflow/example_dags/example_params_trigger_ui.py
[2024-06-18T02:27:51.666+0000] {logging_mixin.py:188} INFO - [2024-06-18T02:27:51.666+0000] {dag.py:3096} INFO - Sync 1 DAGs
[2024-06-18T02:27:51.682+0000] {logging_mixin.py:188} INFO - [2024-06-18T02:27:51.681+0000] {dag.py:3954} INFO - Setting next_dagrun for example_params_trigger_ui to None, run_after=None
[2024-06-18T02:27:51.703+0000] {processor.py:183} INFO - Processing /home/airflow/.local/lib/python3.12/site-packages/airflow/example_dags/example_params_trigger_ui.py took 0.111 seconds
[2024-06-18T02:28:22.213+0000] {processor.py:161} INFO - Started process (PID=65957) to work on /home/airflow/.local/lib/python3.12/site-packages/airflow/example_dags/example_params_trigger_ui.py
[2024-06-18T02:28:22.215+0000] {processor.py:830} INFO - Processing file /home/airflow/.local/lib/python3.12/site-packages/airflow/example_dags/example_params_trigger_ui.py for tasks to queue
[2024-06-18T02:28:22.215+0000] {logging_mixin.py:188} INFO - [2024-06-18T02:28:22.215+0000] {dagbag.py:545} INFO - Filling up the DagBag from /home/airflow/.local/lib/python3.12/site-packages/airflow/example_dags/example_params_trigger_ui.py
[2024-06-18T02:28:22.230+0000] {processor.py:840} INFO - DAG(s) 'example_params_trigger_ui' retrieved from /home/airflow/.local/lib/python3.12/site-packages/airflow/example_dags/example_params_trigger_ui.py
[2024-06-18T02:28:22.276+0000] {logging_mixin.py:188} INFO - [2024-06-18T02:28:22.276+0000] {dag.py:3096} INFO - Sync 1 DAGs
[2024-06-18T02:28:22.288+0000] {logging_mixin.py:188} INFO - [2024-06-18T02:28:22.288+0000] {dag.py:3954} INFO - Setting next_dagrun for example_params_trigger_ui to None, run_after=None
[2024-06-18T02:28:22.309+0000] {processor.py:183} INFO - Processing /home/airflow/.local/lib/python3.12/site-packages/airflow/example_dags/example_params_trigger_ui.py took 0.102 seconds
[2024-06-18T02:28:52.476+0000] {processor.py:161} INFO - Started process (PID=66016) to work on /home/airflow/.local/lib/python3.12/site-packages/airflow/example_dags/example_params_trigger_ui.py
[2024-06-18T02:28:52.477+0000] {processor.py:830} INFO - Processing file /home/airflow/.local/lib/python3.12/site-packages/airflow/example_dags/example_params_trigger_ui.py for tasks to queue
[2024-06-18T02:28:52.478+0000] {logging_mixin.py:188} INFO - [2024-06-18T02:28:52.478+0000] {dagbag.py:545} INFO - Filling up the DagBag from /home/airflow/.local/lib/python3.12/site-packages/airflow/example_dags/example_params_trigger_ui.py
[2024-06-18T02:28:52.492+0000] {processor.py:840} INFO - DAG(s) 'example_params_trigger_ui' retrieved from /home/airflow/.local/lib/python3.12/site-packages/airflow/example_dags/example_params_trigger_ui.py
[2024-06-18T02:28:52.540+0000] {logging_mixin.py:188} INFO - [2024-06-18T02:28:52.540+0000] {dag.py:3096} INFO - Sync 1 DAGs
[2024-06-18T02:28:52.553+0000] {logging_mixin.py:188} INFO - [2024-06-18T02:28:52.553+0000] {dag.py:3954} INFO - Setting next_dagrun for example_params_trigger_ui to None, run_after=None
[2024-06-18T02:28:52.573+0000] {processor.py:183} INFO - Processing /home/airflow/.local/lib/python3.12/site-packages/airflow/example_dags/example_params_trigger_ui.py took 0.104 seconds
[2024-06-18T02:29:22.864+0000] {processor.py:161} INFO - Started process (PID=66074) to work on /home/airflow/.local/lib/python3.12/site-packages/airflow/example_dags/example_params_trigger_ui.py
[2024-06-18T02:29:22.865+0000] {processor.py:830} INFO - Processing file /home/airflow/.local/lib/python3.12/site-packages/airflow/example_dags/example_params_trigger_ui.py for tasks to queue
[2024-06-18T02:29:22.866+0000] {logging_mixin.py:188} INFO - [2024-06-18T02:29:22.866+0000] {dagbag.py:545} INFO - Filling up the DagBag from /home/airflow/.local/lib/python3.12/site-packages/airflow/example_dags/example_params_trigger_ui.py
[2024-06-18T02:29:22.885+0000] {processor.py:840} INFO - DAG(s) 'example_params_trigger_ui' retrieved from /home/airflow/.local/lib/python3.12/site-packages/airflow/example_dags/example_params_trigger_ui.py
[2024-06-18T02:29:22.947+0000] {logging_mixin.py:188} INFO - [2024-06-18T02:29:22.947+0000] {dag.py:3096} INFO - Sync 1 DAGs
[2024-06-18T02:29:22.965+0000] {logging_mixin.py:188} INFO - [2024-06-18T02:29:22.965+0000] {dag.py:3954} INFO - Setting next_dagrun for example_params_trigger_ui to None, run_after=None
[2024-06-18T02:29:22.987+0000] {processor.py:183} INFO - Processing /home/airflow/.local/lib/python3.12/site-packages/airflow/example_dags/example_params_trigger_ui.py took 0.133 seconds
[2024-06-18T02:29:53.053+0000] {processor.py:161} INFO - Started process (PID=66132) to work on /home/airflow/.local/lib/python3.12/site-packages/airflow/example_dags/example_params_trigger_ui.py
[2024-06-18T02:29:53.054+0000] {processor.py:830} INFO - Processing file /home/airflow/.local/lib/python3.12/site-packages/airflow/example_dags/example_params_trigger_ui.py for tasks to queue
[2024-06-18T02:29:53.055+0000] {logging_mixin.py:188} INFO - [2024-06-18T02:29:53.055+0000] {dagbag.py:545} INFO - Filling up the DagBag from /home/airflow/.local/lib/python3.12/site-packages/airflow/example_dags/example_params_trigger_ui.py
[2024-06-18T02:29:53.070+0000] {processor.py:840} INFO - DAG(s) 'example_params_trigger_ui' retrieved from /home/airflow/.local/lib/python3.12/site-packages/airflow/example_dags/example_params_trigger_ui.py
[2024-06-18T02:29:53.120+0000] {logging_mixin.py:188} INFO - [2024-06-18T02:29:53.120+0000] {dag.py:3096} INFO - Sync 1 DAGs
[2024-06-18T02:29:53.133+0000] {logging_mixin.py:188} INFO - [2024-06-18T02:29:53.133+0000] {dag.py:3954} INFO - Setting next_dagrun for example_params_trigger_ui to None, run_after=None
[2024-06-18T02:29:53.152+0000] {processor.py:183} INFO - Processing /home/airflow/.local/lib/python3.12/site-packages/airflow/example_dags/example_params_trigger_ui.py took 0.106 seconds
[2024-06-18T02:30:23.724+0000] {processor.py:161} INFO - Started process (PID=66190) to work on /home/airflow/.local/lib/python3.12/site-packages/airflow/example_dags/example_params_trigger_ui.py
[2024-06-18T02:30:23.725+0000] {processor.py:830} INFO - Processing file /home/airflow/.local/lib/python3.12/site-packages/airflow/example_dags/example_params_trigger_ui.py for tasks to queue
[2024-06-18T02:30:23.727+0000] {logging_mixin.py:188} INFO - [2024-06-18T02:30:23.726+0000] {dagbag.py:545} INFO - Filling up the DagBag from /home/airflow/.local/lib/python3.12/site-packages/airflow/example_dags/example_params_trigger_ui.py
[2024-06-18T02:30:23.746+0000] {processor.py:840} INFO - DAG(s) 'example_params_trigger_ui' retrieved from /home/airflow/.local/lib/python3.12/site-packages/airflow/example_dags/example_params_trigger_ui.py
[2024-06-18T02:30:23.807+0000] {logging_mixin.py:188} INFO - [2024-06-18T02:30:23.807+0000] {dag.py:3096} INFO - Sync 1 DAGs
[2024-06-18T02:30:23.824+0000] {logging_mixin.py:188} INFO - [2024-06-18T02:30:23.823+0000] {dag.py:3954} INFO - Setting next_dagrun for example_params_trigger_ui to None, run_after=None
[2024-06-18T02:30:23.847+0000] {processor.py:183} INFO - Processing /home/airflow/.local/lib/python3.12/site-packages/airflow/example_dags/example_params_trigger_ui.py took 0.130 seconds
[2024-06-18T02:30:54.295+0000] {processor.py:161} INFO - Started process (PID=66248) to work on /home/airflow/.local/lib/python3.12/site-packages/airflow/example_dags/example_params_trigger_ui.py
[2024-06-18T02:30:54.297+0000] {processor.py:830} INFO - Processing file /home/airflow/.local/lib/python3.12/site-packages/airflow/example_dags/example_params_trigger_ui.py for tasks to queue
[2024-06-18T02:30:54.297+0000] {logging_mixin.py:188} INFO - [2024-06-18T02:30:54.297+0000] {dagbag.py:545} INFO - Filling up the DagBag from /home/airflow/.local/lib/python3.12/site-packages/airflow/example_dags/example_params_trigger_ui.py
[2024-06-18T02:30:54.312+0000] {processor.py:840} INFO - DAG(s) 'example_params_trigger_ui' retrieved from /home/airflow/.local/lib/python3.12/site-packages/airflow/example_dags/example_params_trigger_ui.py
[2024-06-18T02:30:54.369+0000] {logging_mixin.py:188} INFO - [2024-06-18T02:30:54.369+0000] {dag.py:3096} INFO - Sync 1 DAGs
[2024-06-18T02:30:54.383+0000] {logging_mixin.py:188} INFO - [2024-06-18T02:30:54.382+0000] {dag.py:3954} INFO - Setting next_dagrun for example_params_trigger_ui to None, run_after=None
[2024-06-18T02:30:54.402+0000] {processor.py:183} INFO - Processing /home/airflow/.local/lib/python3.12/site-packages/airflow/example_dags/example_params_trigger_ui.py took 0.114 seconds
[2024-06-18T02:31:24.677+0000] {processor.py:161} INFO - Started process (PID=66306) to work on /home/airflow/.local/lib/python3.12/site-packages/airflow/example_dags/example_params_trigger_ui.py
[2024-06-18T02:31:24.679+0000] {processor.py:830} INFO - Processing file /home/airflow/.local/lib/python3.12/site-packages/airflow/example_dags/example_params_trigger_ui.py for tasks to queue
[2024-06-18T02:31:24.680+0000] {logging_mixin.py:188} INFO - [2024-06-18T02:31:24.679+0000] {dagbag.py:545} INFO - Filling up the DagBag from /home/airflow/.local/lib/python3.12/site-packages/airflow/example_dags/example_params_trigger_ui.py
[2024-06-18T02:31:24.703+0000] {processor.py:840} INFO - DAG(s) 'example_params_trigger_ui' retrieved from /home/airflow/.local/lib/python3.12/site-packages/airflow/example_dags/example_params_trigger_ui.py
[2024-06-18T02:31:24.754+0000] {logging_mixin.py:188} INFO - [2024-06-18T02:31:24.754+0000] {dag.py:3096} INFO - Sync 1 DAGs
[2024-06-18T02:31:24.767+0000] {logging_mixin.py:188} INFO - [2024-06-18T02:31:24.767+0000] {dag.py:3954} INFO - Setting next_dagrun for example_params_trigger_ui to None, run_after=None
[2024-06-18T02:31:24.787+0000] {processor.py:183} INFO - Processing /home/airflow/.local/lib/python3.12/site-packages/airflow/example_dags/example_params_trigger_ui.py took 0.117 seconds
[2024-06-18T02:31:55.206+0000] {processor.py:161} INFO - Started process (PID=66364) to work on /home/airflow/.local/lib/python3.12/site-packages/airflow/example_dags/example_params_trigger_ui.py
[2024-06-18T02:31:55.208+0000] {processor.py:830} INFO - Processing file /home/airflow/.local/lib/python3.12/site-packages/airflow/example_dags/example_params_trigger_ui.py for tasks to queue
[2024-06-18T02:31:55.208+0000] {logging_mixin.py:188} INFO - [2024-06-18T02:31:55.208+0000] {dagbag.py:545} INFO - Filling up the DagBag from /home/airflow/.local/lib/python3.12/site-packages/airflow/example_dags/example_params_trigger_ui.py
[2024-06-18T02:31:55.222+0000] {processor.py:840} INFO - DAG(s) 'example_params_trigger_ui' retrieved from /home/airflow/.local/lib/python3.12/site-packages/airflow/example_dags/example_params_trigger_ui.py
[2024-06-18T02:31:55.272+0000] {logging_mixin.py:188} INFO - [2024-06-18T02:31:55.272+0000] {dag.py:3096} INFO - Sync 1 DAGs
[2024-06-18T02:31:55.286+0000] {logging_mixin.py:188} INFO - [2024-06-18T02:31:55.286+0000] {dag.py:3954} INFO - Setting next_dagrun for example_params_trigger_ui to None, run_after=None
[2024-06-18T02:31:55.307+0000] {processor.py:183} INFO - Processing /home/airflow/.local/lib/python3.12/site-packages/airflow/example_dags/example_params_trigger_ui.py took 0.106 seconds
[2024-06-18T02:32:26.166+0000] {processor.py:161} INFO - Started process (PID=66422) to work on /home/airflow/.local/lib/python3.12/site-packages/airflow/example_dags/example_params_trigger_ui.py
[2024-06-18T02:32:26.167+0000] {processor.py:830} INFO - Processing file /home/airflow/.local/lib/python3.12/site-packages/airflow/example_dags/example_params_trigger_ui.py for tasks to queue
[2024-06-18T02:32:26.169+0000] {logging_mixin.py:188} INFO - [2024-06-18T02:32:26.168+0000] {dagbag.py:545} INFO - Filling up the DagBag from /home/airflow/.local/lib/python3.12/site-packages/airflow/example_dags/example_params_trigger_ui.py
[2024-06-18T02:32:26.185+0000] {processor.py:840} INFO - DAG(s) 'example_params_trigger_ui' retrieved from /home/airflow/.local/lib/python3.12/site-packages/airflow/example_dags/example_params_trigger_ui.py
[2024-06-18T02:32:26.233+0000] {logging_mixin.py:188} INFO - [2024-06-18T02:32:26.232+0000] {dag.py:3096} INFO - Sync 1 DAGs
[2024-06-18T02:32:26.246+0000] {logging_mixin.py:188} INFO - [2024-06-18T02:32:26.246+0000] {dag.py:3954} INFO - Setting next_dagrun for example_params_trigger_ui to None, run_after=None
[2024-06-18T02:32:26.266+0000] {processor.py:183} INFO - Processing /home/airflow/.local/lib/python3.12/site-packages/airflow/example_dags/example_params_trigger_ui.py took 0.107 seconds
[2024-06-18T02:32:56.709+0000] {processor.py:161} INFO - Started process (PID=66480) to work on /home/airflow/.local/lib/python3.12/site-packages/airflow/example_dags/example_params_trigger_ui.py
[2024-06-18T02:32:56.711+0000] {processor.py:830} INFO - Processing file /home/airflow/.local/lib/python3.12/site-packages/airflow/example_dags/example_params_trigger_ui.py for tasks to queue
[2024-06-18T02:32:56.712+0000] {logging_mixin.py:188} INFO - [2024-06-18T02:32:56.711+0000] {dagbag.py:545} INFO - Filling up the DagBag from /home/airflow/.local/lib/python3.12/site-packages/airflow/example_dags/example_params_trigger_ui.py
[2024-06-18T02:32:56.728+0000] {processor.py:840} INFO - DAG(s) 'example_params_trigger_ui' retrieved from /home/airflow/.local/lib/python3.12/site-packages/airflow/example_dags/example_params_trigger_ui.py
[2024-06-18T02:32:56.785+0000] {logging_mixin.py:188} INFO - [2024-06-18T02:32:56.784+0000] {dag.py:3096} INFO - Sync 1 DAGs
[2024-06-18T02:32:56.801+0000] {logging_mixin.py:188} INFO - [2024-06-18T02:32:56.801+0000] {dag.py:3954} INFO - Setting next_dagrun for example_params_trigger_ui to None, run_after=None
[2024-06-18T02:32:56.825+0000] {processor.py:183} INFO - Processing /home/airflow/.local/lib/python3.12/site-packages/airflow/example_dags/example_params_trigger_ui.py took 0.122 seconds
[2024-06-18T02:33:26.972+0000] {processor.py:161} INFO - Started process (PID=66538) to work on /home/airflow/.local/lib/python3.12/site-packages/airflow/example_dags/example_params_trigger_ui.py
[2024-06-18T02:33:26.974+0000] {processor.py:830} INFO - Processing file /home/airflow/.local/lib/python3.12/site-packages/airflow/example_dags/example_params_trigger_ui.py for tasks to queue
[2024-06-18T02:33:26.975+0000] {logging_mixin.py:188} INFO - [2024-06-18T02:33:26.974+0000] {dagbag.py:545} INFO - Filling up the DagBag from /home/airflow/.local/lib/python3.12/site-packages/airflow/example_dags/example_params_trigger_ui.py
[2024-06-18T02:33:26.996+0000] {processor.py:840} INFO - DAG(s) 'example_params_trigger_ui' retrieved from /home/airflow/.local/lib/python3.12/site-packages/airflow/example_dags/example_params_trigger_ui.py
[2024-06-18T02:33:27.092+0000] {logging_mixin.py:188} INFO - [2024-06-18T02:33:27.092+0000] {dag.py:3096} INFO - Sync 1 DAGs
[2024-06-18T02:33:27.111+0000] {logging_mixin.py:188} INFO - [2024-06-18T02:33:27.110+0000] {dag.py:3954} INFO - Setting next_dagrun for example_params_trigger_ui to None, run_after=None
[2024-06-18T02:33:27.139+0000] {processor.py:183} INFO - Processing /home/airflow/.local/lib/python3.12/site-packages/airflow/example_dags/example_params_trigger_ui.py took 0.178 seconds
[2024-06-18T02:33:57.861+0000] {processor.py:161} INFO - Started process (PID=66596) to work on /home/airflow/.local/lib/python3.12/site-packages/airflow/example_dags/example_params_trigger_ui.py
[2024-06-18T02:33:57.862+0000] {processor.py:830} INFO - Processing file /home/airflow/.local/lib/python3.12/site-packages/airflow/example_dags/example_params_trigger_ui.py for tasks to queue
[2024-06-18T02:33:57.863+0000] {logging_mixin.py:188} INFO - [2024-06-18T02:33:57.863+0000] {dagbag.py:545} INFO - Filling up the DagBag from /home/airflow/.local/lib/python3.12/site-packages/airflow/example_dags/example_params_trigger_ui.py
[2024-06-18T02:33:57.877+0000] {processor.py:840} INFO - DAG(s) 'example_params_trigger_ui' retrieved from /home/airflow/.local/lib/python3.12/site-packages/airflow/example_dags/example_params_trigger_ui.py
[2024-06-18T02:33:57.925+0000] {logging_mixin.py:188} INFO - [2024-06-18T02:33:57.925+0000] {dag.py:3096} INFO - Sync 1 DAGs
[2024-06-18T02:33:57.942+0000] {logging_mixin.py:188} INFO - [2024-06-18T02:33:57.942+0000] {dag.py:3954} INFO - Setting next_dagrun for example_params_trigger_ui to None, run_after=None
[2024-06-18T02:33:57.963+0000] {processor.py:183} INFO - Processing /home/airflow/.local/lib/python3.12/site-packages/airflow/example_dags/example_params_trigger_ui.py took 0.108 seconds
[2024-06-18T02:34:28.370+0000] {processor.py:161} INFO - Started process (PID=66654) to work on /home/airflow/.local/lib/python3.12/site-packages/airflow/example_dags/example_params_trigger_ui.py
[2024-06-18T02:34:28.372+0000] {processor.py:830} INFO - Processing file /home/airflow/.local/lib/python3.12/site-packages/airflow/example_dags/example_params_trigger_ui.py for tasks to queue
[2024-06-18T02:34:28.373+0000] {logging_mixin.py:188} INFO - [2024-06-18T02:34:28.373+0000] {dagbag.py:545} INFO - Filling up the DagBag from /home/airflow/.local/lib/python3.12/site-packages/airflow/example_dags/example_params_trigger_ui.py
[2024-06-18T02:34:28.392+0000] {processor.py:840} INFO - DAG(s) 'example_params_trigger_ui' retrieved from /home/airflow/.local/lib/python3.12/site-packages/airflow/example_dags/example_params_trigger_ui.py
[2024-06-18T02:34:28.456+0000] {logging_mixin.py:188} INFO - [2024-06-18T02:34:28.456+0000] {dag.py:3096} INFO - Sync 1 DAGs
[2024-06-18T02:34:28.471+0000] {logging_mixin.py:188} INFO - [2024-06-18T02:34:28.471+0000] {dag.py:3954} INFO - Setting next_dagrun for example_params_trigger_ui to None, run_after=None
[2024-06-18T02:34:28.491+0000] {processor.py:183} INFO - Processing /home/airflow/.local/lib/python3.12/site-packages/airflow/example_dags/example_params_trigger_ui.py took 0.128 seconds
[2024-06-18T02:34:58.799+0000] {processor.py:161} INFO - Started process (PID=66712) to work on /home/airflow/.local/lib/python3.12/site-packages/airflow/example_dags/example_params_trigger_ui.py
[2024-06-18T02:34:58.800+0000] {processor.py:830} INFO - Processing file /home/airflow/.local/lib/python3.12/site-packages/airflow/example_dags/example_params_trigger_ui.py for tasks to queue
[2024-06-18T02:34:58.801+0000] {logging_mixin.py:188} INFO - [2024-06-18T02:34:58.801+0000] {dagbag.py:545} INFO - Filling up the DagBag from /home/airflow/.local/lib/python3.12/site-packages/airflow/example_dags/example_params_trigger_ui.py
[2024-06-18T02:34:58.816+0000] {processor.py:840} INFO - DAG(s) 'example_params_trigger_ui' retrieved from /home/airflow/.local/lib/python3.12/site-packages/airflow/example_dags/example_params_trigger_ui.py
[2024-06-18T02:34:58.872+0000] {logging_mixin.py:188} INFO - [2024-06-18T02:34:58.871+0000] {dag.py:3096} INFO - Sync 1 DAGs
[2024-06-18T02:34:58.886+0000] {logging_mixin.py:188} INFO - [2024-06-18T02:34:58.885+0000] {dag.py:3954} INFO - Setting next_dagrun for example_params_trigger_ui to None, run_after=None
[2024-06-18T02:34:58.907+0000] {processor.py:183} INFO - Processing /home/airflow/.local/lib/python3.12/site-packages/airflow/example_dags/example_params_trigger_ui.py took 0.115 seconds
[2024-06-18T02:35:29.120+0000] {processor.py:161} INFO - Started process (PID=66770) to work on /home/airflow/.local/lib/python3.12/site-packages/airflow/example_dags/example_params_trigger_ui.py
[2024-06-18T02:35:29.121+0000] {processor.py:830} INFO - Processing file /home/airflow/.local/lib/python3.12/site-packages/airflow/example_dags/example_params_trigger_ui.py for tasks to queue
[2024-06-18T02:35:29.122+0000] {logging_mixin.py:188} INFO - [2024-06-18T02:35:29.122+0000] {dagbag.py:545} INFO - Filling up the DagBag from /home/airflow/.local/lib/python3.12/site-packages/airflow/example_dags/example_params_trigger_ui.py
[2024-06-18T02:35:29.145+0000] {processor.py:840} INFO - DAG(s) 'example_params_trigger_ui' retrieved from /home/airflow/.local/lib/python3.12/site-packages/airflow/example_dags/example_params_trigger_ui.py
[2024-06-18T02:35:29.198+0000] {logging_mixin.py:188} INFO - [2024-06-18T02:35:29.197+0000] {dag.py:3096} INFO - Sync 1 DAGs
[2024-06-18T02:35:29.217+0000] {logging_mixin.py:188} INFO - [2024-06-18T02:35:29.217+0000] {dag.py:3954} INFO - Setting next_dagrun for example_params_trigger_ui to None, run_after=None
[2024-06-18T02:35:29.253+0000] {processor.py:183} INFO - Processing /home/airflow/.local/lib/python3.12/site-packages/airflow/example_dags/example_params_trigger_ui.py took 0.140 seconds
[2024-06-18T02:35:59.289+0000] {processor.py:161} INFO - Started process (PID=66828) to work on /home/airflow/.local/lib/python3.12/site-packages/airflow/example_dags/example_params_trigger_ui.py
[2024-06-18T02:35:59.291+0000] {processor.py:830} INFO - Processing file /home/airflow/.local/lib/python3.12/site-packages/airflow/example_dags/example_params_trigger_ui.py for tasks to queue
[2024-06-18T02:35:59.292+0000] {logging_mixin.py:188} INFO - [2024-06-18T02:35:59.292+0000] {dagbag.py:545} INFO - Filling up the DagBag from /home/airflow/.local/lib/python3.12/site-packages/airflow/example_dags/example_params_trigger_ui.py
[2024-06-18T02:35:59.310+0000] {processor.py:840} INFO - DAG(s) 'example_params_trigger_ui' retrieved from /home/airflow/.local/lib/python3.12/site-packages/airflow/example_dags/example_params_trigger_ui.py
[2024-06-18T02:35:59.362+0000] {logging_mixin.py:188} INFO - [2024-06-18T02:35:59.362+0000] {dag.py:3096} INFO - Sync 1 DAGs
[2024-06-18T02:35:59.376+0000] {logging_mixin.py:188} INFO - [2024-06-18T02:35:59.375+0000] {dag.py:3954} INFO - Setting next_dagrun for example_params_trigger_ui to None, run_after=None
[2024-06-18T02:35:59.396+0000] {processor.py:183} INFO - Processing /home/airflow/.local/lib/python3.12/site-packages/airflow/example_dags/example_params_trigger_ui.py took 0.116 seconds
[2024-06-18T02:36:29.479+0000] {processor.py:161} INFO - Started process (PID=66886) to work on /home/airflow/.local/lib/python3.12/site-packages/airflow/example_dags/example_params_trigger_ui.py
[2024-06-18T02:36:29.480+0000] {processor.py:830} INFO - Processing file /home/airflow/.local/lib/python3.12/site-packages/airflow/example_dags/example_params_trigger_ui.py for tasks to queue
[2024-06-18T02:36:29.481+0000] {logging_mixin.py:188} INFO - [2024-06-18T02:36:29.480+0000] {dagbag.py:545} INFO - Filling up the DagBag from /home/airflow/.local/lib/python3.12/site-packages/airflow/example_dags/example_params_trigger_ui.py
[2024-06-18T02:36:29.499+0000] {processor.py:840} INFO - DAG(s) 'example_params_trigger_ui' retrieved from /home/airflow/.local/lib/python3.12/site-packages/airflow/example_dags/example_params_trigger_ui.py
[2024-06-18T02:36:29.556+0000] {logging_mixin.py:188} INFO - [2024-06-18T02:36:29.556+0000] {dag.py:3096} INFO - Sync 1 DAGs
[2024-06-18T02:36:29.575+0000] {logging_mixin.py:188} INFO - [2024-06-18T02:36:29.575+0000] {dag.py:3954} INFO - Setting next_dagrun for example_params_trigger_ui to None, run_after=None
[2024-06-18T02:36:29.600+0000] {processor.py:183} INFO - Processing /home/airflow/.local/lib/python3.12/site-packages/airflow/example_dags/example_params_trigger_ui.py took 0.129 seconds
[2024-06-18T02:37:00.555+0000] {processor.py:161} INFO - Started process (PID=66944) to work on /home/airflow/.local/lib/python3.12/site-packages/airflow/example_dags/example_params_trigger_ui.py
[2024-06-18T02:37:00.557+0000] {processor.py:830} INFO - Processing file /home/airflow/.local/lib/python3.12/site-packages/airflow/example_dags/example_params_trigger_ui.py for tasks to queue
[2024-06-18T02:37:00.558+0000] {logging_mixin.py:188} INFO - [2024-06-18T02:37:00.558+0000] {dagbag.py:545} INFO - Filling up the DagBag from /home/airflow/.local/lib/python3.12/site-packages/airflow/example_dags/example_params_trigger_ui.py
[2024-06-18T02:37:00.571+0000] {processor.py:840} INFO - DAG(s) 'example_params_trigger_ui' retrieved from /home/airflow/.local/lib/python3.12/site-packages/airflow/example_dags/example_params_trigger_ui.py
[2024-06-18T02:37:00.621+0000] {logging_mixin.py:188} INFO - [2024-06-18T02:37:00.621+0000] {dag.py:3096} INFO - Sync 1 DAGs
[2024-06-18T02:37:00.635+0000] {logging_mixin.py:188} INFO - [2024-06-18T02:37:00.634+0000] {dag.py:3954} INFO - Setting next_dagrun for example_params_trigger_ui to None, run_after=None
[2024-06-18T02:37:00.654+0000] {processor.py:183} INFO - Processing /home/airflow/.local/lib/python3.12/site-packages/airflow/example_dags/example_params_trigger_ui.py took 0.107 seconds
[2024-06-18T02:37:31.424+0000] {processor.py:161} INFO - Started process (PID=67002) to work on /home/airflow/.local/lib/python3.12/site-packages/airflow/example_dags/example_params_trigger_ui.py
[2024-06-18T02:37:31.425+0000] {processor.py:830} INFO - Processing file /home/airflow/.local/lib/python3.12/site-packages/airflow/example_dags/example_params_trigger_ui.py for tasks to queue
[2024-06-18T02:37:31.426+0000] {logging_mixin.py:188} INFO - [2024-06-18T02:37:31.426+0000] {dagbag.py:545} INFO - Filling up the DagBag from /home/airflow/.local/lib/python3.12/site-packages/airflow/example_dags/example_params_trigger_ui.py
[2024-06-18T02:37:31.441+0000] {processor.py:840} INFO - DAG(s) 'example_params_trigger_ui' retrieved from /home/airflow/.local/lib/python3.12/site-packages/airflow/example_dags/example_params_trigger_ui.py
[2024-06-18T02:37:31.492+0000] {logging_mixin.py:188} INFO - [2024-06-18T02:37:31.492+0000] {dag.py:3096} INFO - Sync 1 DAGs
[2024-06-18T02:37:31.509+0000] {logging_mixin.py:188} INFO - [2024-06-18T02:37:31.509+0000] {dag.py:3954} INFO - Setting next_dagrun for example_params_trigger_ui to None, run_after=None
[2024-06-18T02:37:31.528+0000] {processor.py:183} INFO - Processing /home/airflow/.local/lib/python3.12/site-packages/airflow/example_dags/example_params_trigger_ui.py took 0.110 seconds
[2024-06-18T02:38:02.118+0000] {processor.py:161} INFO - Started process (PID=67060) to work on /home/airflow/.local/lib/python3.12/site-packages/airflow/example_dags/example_params_trigger_ui.py
[2024-06-18T02:38:02.119+0000] {processor.py:830} INFO - Processing file /home/airflow/.local/lib/python3.12/site-packages/airflow/example_dags/example_params_trigger_ui.py for tasks to queue
[2024-06-18T02:38:02.119+0000] {logging_mixin.py:188} INFO - [2024-06-18T02:38:02.119+0000] {dagbag.py:545} INFO - Filling up the DagBag from /home/airflow/.local/lib/python3.12/site-packages/airflow/example_dags/example_params_trigger_ui.py
[2024-06-18T02:38:02.149+0000] {processor.py:840} INFO - DAG(s) 'example_params_trigger_ui' retrieved from /home/airflow/.local/lib/python3.12/site-packages/airflow/example_dags/example_params_trigger_ui.py
[2024-06-18T02:38:02.245+0000] {logging_mixin.py:188} INFO - [2024-06-18T02:38:02.244+0000] {dag.py:3096} INFO - Sync 1 DAGs
[2024-06-18T02:38:02.267+0000] {logging_mixin.py:188} INFO - [2024-06-18T02:38:02.267+0000] {dag.py:3954} INFO - Setting next_dagrun for example_params_trigger_ui to None, run_after=None
[2024-06-18T02:38:02.304+0000] {processor.py:183} INFO - Processing /home/airflow/.local/lib/python3.12/site-packages/airflow/example_dags/example_params_trigger_ui.py took 0.201 seconds
[2024-06-18T02:38:32.763+0000] {processor.py:161} INFO - Started process (PID=67118) to work on /home/airflow/.local/lib/python3.12/site-packages/airflow/example_dags/example_params_trigger_ui.py
[2024-06-18T02:38:32.764+0000] {processor.py:830} INFO - Processing file /home/airflow/.local/lib/python3.12/site-packages/airflow/example_dags/example_params_trigger_ui.py for tasks to queue
[2024-06-18T02:38:32.765+0000] {logging_mixin.py:188} INFO - [2024-06-18T02:38:32.765+0000] {dagbag.py:545} INFO - Filling up the DagBag from /home/airflow/.local/lib/python3.12/site-packages/airflow/example_dags/example_params_trigger_ui.py
[2024-06-18T02:38:32.780+0000] {processor.py:840} INFO - DAG(s) 'example_params_trigger_ui' retrieved from /home/airflow/.local/lib/python3.12/site-packages/airflow/example_dags/example_params_trigger_ui.py
[2024-06-18T02:38:32.833+0000] {logging_mixin.py:188} INFO - [2024-06-18T02:38:32.833+0000] {dag.py:3096} INFO - Sync 1 DAGs
[2024-06-18T02:38:32.849+0000] {logging_mixin.py:188} INFO - [2024-06-18T02:38:32.849+0000] {dag.py:3954} INFO - Setting next_dagrun for example_params_trigger_ui to None, run_after=None
[2024-06-18T02:38:32.872+0000] {processor.py:183} INFO - Processing /home/airflow/.local/lib/python3.12/site-packages/airflow/example_dags/example_params_trigger_ui.py took 0.115 seconds
[2024-06-18T02:39:03.145+0000] {processor.py:161} INFO - Started process (PID=67176) to work on /home/airflow/.local/lib/python3.12/site-packages/airflow/example_dags/example_params_trigger_ui.py
[2024-06-18T02:39:03.147+0000] {processor.py:830} INFO - Processing file /home/airflow/.local/lib/python3.12/site-packages/airflow/example_dags/example_params_trigger_ui.py for tasks to queue
[2024-06-18T02:39:03.147+0000] {logging_mixin.py:188} INFO - [2024-06-18T02:39:03.147+0000] {dagbag.py:545} INFO - Filling up the DagBag from /home/airflow/.local/lib/python3.12/site-packages/airflow/example_dags/example_params_trigger_ui.py
[2024-06-18T02:39:03.164+0000] {processor.py:840} INFO - DAG(s) 'example_params_trigger_ui' retrieved from /home/airflow/.local/lib/python3.12/site-packages/airflow/example_dags/example_params_trigger_ui.py
[2024-06-18T02:39:03.220+0000] {logging_mixin.py:188} INFO - [2024-06-18T02:39:03.219+0000] {dag.py:3096} INFO - Sync 1 DAGs
[2024-06-18T02:39:03.235+0000] {logging_mixin.py:188} INFO - [2024-06-18T02:39:03.235+0000] {dag.py:3954} INFO - Setting next_dagrun for example_params_trigger_ui to None, run_after=None
[2024-06-18T02:39:03.260+0000] {processor.py:183} INFO - Processing /home/airflow/.local/lib/python3.12/site-packages/airflow/example_dags/example_params_trigger_ui.py took 0.124 seconds
[2024-06-18T02:39:33.641+0000] {processor.py:161} INFO - Started process (PID=67235) to work on /home/airflow/.local/lib/python3.12/site-packages/airflow/example_dags/example_params_trigger_ui.py
[2024-06-18T02:39:33.643+0000] {processor.py:830} INFO - Processing file /home/airflow/.local/lib/python3.12/site-packages/airflow/example_dags/example_params_trigger_ui.py for tasks to queue
[2024-06-18T02:39:33.645+0000] {logging_mixin.py:188} INFO - [2024-06-18T02:39:33.644+0000] {dagbag.py:545} INFO - Filling up the DagBag from /home/airflow/.local/lib/python3.12/site-packages/airflow/example_dags/example_params_trigger_ui.py
[2024-06-18T02:39:33.668+0000] {processor.py:840} INFO - DAG(s) 'example_params_trigger_ui' retrieved from /home/airflow/.local/lib/python3.12/site-packages/airflow/example_dags/example_params_trigger_ui.py
[2024-06-18T02:39:33.735+0000] {logging_mixin.py:188} INFO - [2024-06-18T02:39:33.734+0000] {dag.py:3096} INFO - Sync 1 DAGs
[2024-06-18T02:39:33.752+0000] {logging_mixin.py:188} INFO - [2024-06-18T02:39:33.751+0000] {dag.py:3954} INFO - Setting next_dagrun for example_params_trigger_ui to None, run_after=None
[2024-06-18T02:39:33.779+0000] {processor.py:183} INFO - Processing /home/airflow/.local/lib/python3.12/site-packages/airflow/example_dags/example_params_trigger_ui.py took 0.146 seconds
[2024-06-18T02:52:50.970+0000] {processor.py:161} INFO - Started process (PID=67304) to work on /home/airflow/.local/lib/python3.12/site-packages/airflow/example_dags/example_params_trigger_ui.py
[2024-06-18T02:52:50.975+0000] {processor.py:830} INFO - Processing file /home/airflow/.local/lib/python3.12/site-packages/airflow/example_dags/example_params_trigger_ui.py for tasks to queue
[2024-06-18T02:52:50.976+0000] {logging_mixin.py:188} INFO - [2024-06-18T02:52:50.975+0000] {dagbag.py:545} INFO - Filling up the DagBag from /home/airflow/.local/lib/python3.12/site-packages/airflow/example_dags/example_params_trigger_ui.py
[2024-06-18T02:52:51.330+0000] {processor.py:840} INFO - DAG(s) 'example_params_trigger_ui' retrieved from /home/airflow/.local/lib/python3.12/site-packages/airflow/example_dags/example_params_trigger_ui.py
[2024-06-18T02:52:51.554+0000] {logging_mixin.py:188} INFO - [2024-06-18T02:52:51.554+0000] {dag.py:3096} INFO - Sync 1 DAGs
[2024-06-18T02:52:51.567+0000] {logging_mixin.py:188} INFO - [2024-06-18T02:52:51.567+0000] {dag.py:3954} INFO - Setting next_dagrun for example_params_trigger_ui to None, run_after=None
[2024-06-18T02:52:51.588+0000] {processor.py:183} INFO - Processing /home/airflow/.local/lib/python3.12/site-packages/airflow/example_dags/example_params_trigger_ui.py took 0.623 seconds
[2024-06-18T02:53:24.304+0000] {processor.py:161} INFO - Started process (PID=67364) to work on /home/airflow/.local/lib/python3.12/site-packages/airflow/example_dags/example_params_trigger_ui.py
[2024-06-18T02:53:24.305+0000] {processor.py:830} INFO - Processing file /home/airflow/.local/lib/python3.12/site-packages/airflow/example_dags/example_params_trigger_ui.py for tasks to queue
[2024-06-18T02:53:24.307+0000] {logging_mixin.py:188} INFO - [2024-06-18T02:53:24.306+0000] {dagbag.py:545} INFO - Filling up the DagBag from /home/airflow/.local/lib/python3.12/site-packages/airflow/example_dags/example_params_trigger_ui.py
[2024-06-18T02:53:24.323+0000] {processor.py:840} INFO - DAG(s) 'example_params_trigger_ui' retrieved from /home/airflow/.local/lib/python3.12/site-packages/airflow/example_dags/example_params_trigger_ui.py
[2024-06-18T02:53:24.376+0000] {logging_mixin.py:188} INFO - [2024-06-18T02:53:24.375+0000] {dag.py:3096} INFO - Sync 1 DAGs
[2024-06-18T02:53:24.389+0000] {logging_mixin.py:188} INFO - [2024-06-18T02:53:24.389+0000] {dag.py:3954} INFO - Setting next_dagrun for example_params_trigger_ui to None, run_after=None
[2024-06-18T02:53:24.511+0000] {processor.py:183} INFO - Processing /home/airflow/.local/lib/python3.12/site-packages/airflow/example_dags/example_params_trigger_ui.py took 0.213 seconds
[2024-06-18T02:53:54.897+0000] {processor.py:161} INFO - Started process (PID=67420) to work on /home/airflow/.local/lib/python3.12/site-packages/airflow/example_dags/example_params_trigger_ui.py
[2024-06-18T02:53:54.898+0000] {processor.py:830} INFO - Processing file /home/airflow/.local/lib/python3.12/site-packages/airflow/example_dags/example_params_trigger_ui.py for tasks to queue
[2024-06-18T02:53:54.899+0000] {logging_mixin.py:188} INFO - [2024-06-18T02:53:54.898+0000] {dagbag.py:545} INFO - Filling up the DagBag from /home/airflow/.local/lib/python3.12/site-packages/airflow/example_dags/example_params_trigger_ui.py
[2024-06-18T02:53:54.920+0000] {processor.py:840} INFO - DAG(s) 'example_params_trigger_ui' retrieved from /home/airflow/.local/lib/python3.12/site-packages/airflow/example_dags/example_params_trigger_ui.py
[2024-06-18T02:53:54.987+0000] {logging_mixin.py:188} INFO - [2024-06-18T02:53:54.986+0000] {dag.py:3096} INFO - Sync 1 DAGs
[2024-06-18T02:53:55.004+0000] {logging_mixin.py:188} INFO - [2024-06-18T02:53:55.004+0000] {dag.py:3954} INFO - Setting next_dagrun for example_params_trigger_ui to None, run_after=None
[2024-06-18T02:53:55.030+0000] {processor.py:183} INFO - Processing /home/airflow/.local/lib/python3.12/site-packages/airflow/example_dags/example_params_trigger_ui.py took 0.139 seconds
[2024-06-18T02:54:25.165+0000] {processor.py:161} INFO - Started process (PID=67478) to work on /home/airflow/.local/lib/python3.12/site-packages/airflow/example_dags/example_params_trigger_ui.py
[2024-06-18T02:54:25.166+0000] {processor.py:830} INFO - Processing file /home/airflow/.local/lib/python3.12/site-packages/airflow/example_dags/example_params_trigger_ui.py for tasks to queue
[2024-06-18T02:54:25.167+0000] {logging_mixin.py:188} INFO - [2024-06-18T02:54:25.166+0000] {dagbag.py:545} INFO - Filling up the DagBag from /home/airflow/.local/lib/python3.12/site-packages/airflow/example_dags/example_params_trigger_ui.py
[2024-06-18T02:54:25.181+0000] {processor.py:840} INFO - DAG(s) 'example_params_trigger_ui' retrieved from /home/airflow/.local/lib/python3.12/site-packages/airflow/example_dags/example_params_trigger_ui.py
[2024-06-18T02:54:25.230+0000] {logging_mixin.py:188} INFO - [2024-06-18T02:54:25.229+0000] {dag.py:3096} INFO - Sync 1 DAGs
[2024-06-18T02:54:25.243+0000] {logging_mixin.py:188} INFO - [2024-06-18T02:54:25.243+0000] {dag.py:3954} INFO - Setting next_dagrun for example_params_trigger_ui to None, run_after=None
[2024-06-18T02:54:25.269+0000] {processor.py:183} INFO - Processing /home/airflow/.local/lib/python3.12/site-packages/airflow/example_dags/example_params_trigger_ui.py took 0.109 seconds
[2024-06-18T02:54:55.418+0000] {processor.py:161} INFO - Started process (PID=67536) to work on /home/airflow/.local/lib/python3.12/site-packages/airflow/example_dags/example_params_trigger_ui.py
[2024-06-18T02:54:55.420+0000] {processor.py:830} INFO - Processing file /home/airflow/.local/lib/python3.12/site-packages/airflow/example_dags/example_params_trigger_ui.py for tasks to queue
[2024-06-18T02:54:55.421+0000] {logging_mixin.py:188} INFO - [2024-06-18T02:54:55.421+0000] {dagbag.py:545} INFO - Filling up the DagBag from /home/airflow/.local/lib/python3.12/site-packages/airflow/example_dags/example_params_trigger_ui.py
[2024-06-18T02:54:55.436+0000] {processor.py:840} INFO - DAG(s) 'example_params_trigger_ui' retrieved from /home/airflow/.local/lib/python3.12/site-packages/airflow/example_dags/example_params_trigger_ui.py
[2024-06-18T02:54:55.484+0000] {logging_mixin.py:188} INFO - [2024-06-18T02:54:55.483+0000] {dag.py:3096} INFO - Sync 1 DAGs
[2024-06-18T02:54:55.497+0000] {logging_mixin.py:188} INFO - [2024-06-18T02:54:55.497+0000] {dag.py:3954} INFO - Setting next_dagrun for example_params_trigger_ui to None, run_after=None
[2024-06-18T02:54:55.517+0000] {processor.py:183} INFO - Processing /home/airflow/.local/lib/python3.12/site-packages/airflow/example_dags/example_params_trigger_ui.py took 0.105 seconds
[2024-06-18T02:55:25.616+0000] {processor.py:161} INFO - Started process (PID=67594) to work on /home/airflow/.local/lib/python3.12/site-packages/airflow/example_dags/example_params_trigger_ui.py
[2024-06-18T02:55:25.617+0000] {processor.py:830} INFO - Processing file /home/airflow/.local/lib/python3.12/site-packages/airflow/example_dags/example_params_trigger_ui.py for tasks to queue
[2024-06-18T02:55:25.618+0000] {logging_mixin.py:188} INFO - [2024-06-18T02:55:25.617+0000] {dagbag.py:545} INFO - Filling up the DagBag from /home/airflow/.local/lib/python3.12/site-packages/airflow/example_dags/example_params_trigger_ui.py
[2024-06-18T02:55:25.636+0000] {processor.py:840} INFO - DAG(s) 'example_params_trigger_ui' retrieved from /home/airflow/.local/lib/python3.12/site-packages/airflow/example_dags/example_params_trigger_ui.py
[2024-06-18T02:55:25.685+0000] {logging_mixin.py:188} INFO - [2024-06-18T02:55:25.685+0000] {dag.py:3096} INFO - Sync 1 DAGs
[2024-06-18T02:55:25.701+0000] {logging_mixin.py:188} INFO - [2024-06-18T02:55:25.701+0000] {dag.py:3954} INFO - Setting next_dagrun for example_params_trigger_ui to None, run_after=None
[2024-06-18T02:55:25.722+0000] {processor.py:183} INFO - Processing /home/airflow/.local/lib/python3.12/site-packages/airflow/example_dags/example_params_trigger_ui.py took 0.112 seconds
[2024-06-18T02:55:55.935+0000] {processor.py:161} INFO - Started process (PID=67652) to work on /home/airflow/.local/lib/python3.12/site-packages/airflow/example_dags/example_params_trigger_ui.py
[2024-06-18T02:55:55.937+0000] {processor.py:830} INFO - Processing file /home/airflow/.local/lib/python3.12/site-packages/airflow/example_dags/example_params_trigger_ui.py for tasks to queue
[2024-06-18T02:55:55.937+0000] {logging_mixin.py:188} INFO - [2024-06-18T02:55:55.937+0000] {dagbag.py:545} INFO - Filling up the DagBag from /home/airflow/.local/lib/python3.12/site-packages/airflow/example_dags/example_params_trigger_ui.py
[2024-06-18T02:55:55.954+0000] {processor.py:840} INFO - DAG(s) 'example_params_trigger_ui' retrieved from /home/airflow/.local/lib/python3.12/site-packages/airflow/example_dags/example_params_trigger_ui.py
[2024-06-18T02:55:56.018+0000] {logging_mixin.py:188} INFO - [2024-06-18T02:55:56.017+0000] {dag.py:3096} INFO - Sync 1 DAGs
[2024-06-18T02:55:56.037+0000] {logging_mixin.py:188} INFO - [2024-06-18T02:55:56.036+0000] {dag.py:3954} INFO - Setting next_dagrun for example_params_trigger_ui to None, run_after=None
[2024-06-18T02:55:56.064+0000] {processor.py:183} INFO - Processing /home/airflow/.local/lib/python3.12/site-packages/airflow/example_dags/example_params_trigger_ui.py took 0.136 seconds
[2024-06-18T02:56:26.160+0000] {processor.py:161} INFO - Started process (PID=67710) to work on /home/airflow/.local/lib/python3.12/site-packages/airflow/example_dags/example_params_trigger_ui.py
[2024-06-18T02:56:26.161+0000] {processor.py:830} INFO - Processing file /home/airflow/.local/lib/python3.12/site-packages/airflow/example_dags/example_params_trigger_ui.py for tasks to queue
[2024-06-18T02:56:26.163+0000] {logging_mixin.py:188} INFO - [2024-06-18T02:56:26.162+0000] {dagbag.py:545} INFO - Filling up the DagBag from /home/airflow/.local/lib/python3.12/site-packages/airflow/example_dags/example_params_trigger_ui.py
[2024-06-18T02:56:26.189+0000] {processor.py:840} INFO - DAG(s) 'example_params_trigger_ui' retrieved from /home/airflow/.local/lib/python3.12/site-packages/airflow/example_dags/example_params_trigger_ui.py
[2024-06-18T02:56:26.310+0000] {logging_mixin.py:188} INFO - [2024-06-18T02:56:26.309+0000] {dag.py:3096} INFO - Sync 1 DAGs
[2024-06-18T02:56:26.344+0000] {logging_mixin.py:188} INFO - [2024-06-18T02:56:26.343+0000] {dag.py:3954} INFO - Setting next_dagrun for example_params_trigger_ui to None, run_after=None
[2024-06-18T02:56:26.386+0000] {processor.py:183} INFO - Processing /home/airflow/.local/lib/python3.12/site-packages/airflow/example_dags/example_params_trigger_ui.py took 0.240 seconds
