[2024-06-18T02:21:34.133+0000] {processor.py:161} INFO - Started process (PID=65183) to work on /home/airflow/.local/lib/python3.12/site-packages/airflow/example_dags/example_task_group_decorator.py
[2024-06-18T02:21:34.134+0000] {processor.py:830} INFO - Processing file /home/airflow/.local/lib/python3.12/site-packages/airflow/example_dags/example_task_group_decorator.py for tasks to queue
[2024-06-18T02:21:34.136+0000] {logging_mixin.py:188} INFO - [2024-06-18T02:21:34.135+0000] {dagbag.py:545} INFO - Filling up the DagBag from /home/airflow/.local/lib/python3.12/site-packages/airflow/example_dags/example_task_group_decorator.py
[2024-06-18T02:21:34.203+0000] {processor.py:840} INFO - DAG(s) 'example_task_group_decorator' retrieved from /home/airflow/.local/lib/python3.12/site-packages/airflow/example_dags/example_task_group_decorator.py
[2024-06-18T02:21:34.333+0000] {logging_mixin.py:188} INFO - [2024-06-18T02:21:34.333+0000] {dag.py:3096} INFO - Sync 1 DAGs
[2024-06-18T02:21:34.423+0000] {logging_mixin.py:188} INFO - [2024-06-18T02:21:34.422+0000] {dag.py:3954} INFO - Setting next_dagrun for example_task_group_decorator to 2024-06-17 00:00:00+00:00, run_after=2024-06-18 00:00:00+00:00
[2024-06-18T02:21:34.662+0000] {processor.py:183} INFO - Processing /home/airflow/.local/lib/python3.12/site-packages/airflow/example_dags/example_task_group_decorator.py took 0.544 seconds
[2024-06-18T02:22:04.749+0000] {processor.py:161} INFO - Started process (PID=65234) to work on /home/airflow/.local/lib/python3.12/site-packages/airflow/example_dags/example_task_group_decorator.py
[2024-06-18T02:22:04.751+0000] {processor.py:830} INFO - Processing file /home/airflow/.local/lib/python3.12/site-packages/airflow/example_dags/example_task_group_decorator.py for tasks to queue
[2024-06-18T02:22:04.752+0000] {logging_mixin.py:188} INFO - [2024-06-18T02:22:04.752+0000] {dagbag.py:545} INFO - Filling up the DagBag from /home/airflow/.local/lib/python3.12/site-packages/airflow/example_dags/example_task_group_decorator.py
[2024-06-18T02:22:04.784+0000] {processor.py:840} INFO - DAG(s) 'example_task_group_decorator' retrieved from /home/airflow/.local/lib/python3.12/site-packages/airflow/example_dags/example_task_group_decorator.py
[2024-06-18T02:22:04.863+0000] {logging_mixin.py:188} INFO - [2024-06-18T02:22:04.861+0000] {dag.py:3096} INFO - Sync 1 DAGs
[2024-06-18T02:22:04.912+0000] {logging_mixin.py:188} INFO - [2024-06-18T02:22:04.912+0000] {dag.py:3954} INFO - Setting next_dagrun for example_task_group_decorator to 2024-06-17 00:00:00+00:00, run_after=2024-06-18 00:00:00+00:00
[2024-06-18T02:22:04.942+0000] {processor.py:183} INFO - Processing /home/airflow/.local/lib/python3.12/site-packages/airflow/example_dags/example_task_group_decorator.py took 0.204 seconds
[2024-06-18T02:22:35.405+0000] {processor.py:161} INFO - Started process (PID=65292) to work on /home/airflow/.local/lib/python3.12/site-packages/airflow/example_dags/example_task_group_decorator.py
[2024-06-18T02:22:35.406+0000] {processor.py:830} INFO - Processing file /home/airflow/.local/lib/python3.12/site-packages/airflow/example_dags/example_task_group_decorator.py for tasks to queue
[2024-06-18T02:22:35.406+0000] {logging_mixin.py:188} INFO - [2024-06-18T02:22:35.406+0000] {dagbag.py:545} INFO - Filling up the DagBag from /home/airflow/.local/lib/python3.12/site-packages/airflow/example_dags/example_task_group_decorator.py
[2024-06-18T02:22:35.426+0000] {processor.py:840} INFO - DAG(s) 'example_task_group_decorator' retrieved from /home/airflow/.local/lib/python3.12/site-packages/airflow/example_dags/example_task_group_decorator.py
[2024-06-18T02:22:35.455+0000] {logging_mixin.py:188} INFO - [2024-06-18T02:22:35.454+0000] {dag.py:3096} INFO - Sync 1 DAGs
[2024-06-18T02:22:35.494+0000] {logging_mixin.py:188} INFO - [2024-06-18T02:22:35.494+0000] {dag.py:3954} INFO - Setting next_dagrun for example_task_group_decorator to 2024-06-17 00:00:00+00:00, run_after=2024-06-18 00:00:00+00:00
[2024-06-18T02:22:35.514+0000] {processor.py:183} INFO - Processing /home/airflow/.local/lib/python3.12/site-packages/airflow/example_dags/example_task_group_decorator.py took 0.115 seconds
[2024-06-18T02:23:05.753+0000] {processor.py:161} INFO - Started process (PID=65350) to work on /home/airflow/.local/lib/python3.12/site-packages/airflow/example_dags/example_task_group_decorator.py
[2024-06-18T02:23:05.754+0000] {processor.py:830} INFO - Processing file /home/airflow/.local/lib/python3.12/site-packages/airflow/example_dags/example_task_group_decorator.py for tasks to queue
[2024-06-18T02:23:05.754+0000] {logging_mixin.py:188} INFO - [2024-06-18T02:23:05.754+0000] {dagbag.py:545} INFO - Filling up the DagBag from /home/airflow/.local/lib/python3.12/site-packages/airflow/example_dags/example_task_group_decorator.py
[2024-06-18T02:23:05.770+0000] {processor.py:840} INFO - DAG(s) 'example_task_group_decorator' retrieved from /home/airflow/.local/lib/python3.12/site-packages/airflow/example_dags/example_task_group_decorator.py
[2024-06-18T02:23:05.797+0000] {logging_mixin.py:188} INFO - [2024-06-18T02:23:05.796+0000] {dag.py:3096} INFO - Sync 1 DAGs
[2024-06-18T02:23:05.821+0000] {logging_mixin.py:188} INFO - [2024-06-18T02:23:05.820+0000] {dag.py:3954} INFO - Setting next_dagrun for example_task_group_decorator to 2024-06-17 00:00:00+00:00, run_after=2024-06-18 00:00:00+00:00
[2024-06-18T02:23:05.846+0000] {processor.py:183} INFO - Processing /home/airflow/.local/lib/python3.12/site-packages/airflow/example_dags/example_task_group_decorator.py took 0.099 seconds
[2024-06-18T02:23:36.227+0000] {processor.py:161} INFO - Started process (PID=65409) to work on /home/airflow/.local/lib/python3.12/site-packages/airflow/example_dags/example_task_group_decorator.py
[2024-06-18T02:23:36.228+0000] {processor.py:830} INFO - Processing file /home/airflow/.local/lib/python3.12/site-packages/airflow/example_dags/example_task_group_decorator.py for tasks to queue
[2024-06-18T02:23:36.229+0000] {logging_mixin.py:188} INFO - [2024-06-18T02:23:36.228+0000] {dagbag.py:545} INFO - Filling up the DagBag from /home/airflow/.local/lib/python3.12/site-packages/airflow/example_dags/example_task_group_decorator.py
[2024-06-18T02:23:36.250+0000] {processor.py:840} INFO - DAG(s) 'example_task_group_decorator' retrieved from /home/airflow/.local/lib/python3.12/site-packages/airflow/example_dags/example_task_group_decorator.py
[2024-06-18T02:23:36.287+0000] {logging_mixin.py:188} INFO - [2024-06-18T02:23:36.287+0000] {dag.py:3096} INFO - Sync 1 DAGs
[2024-06-18T02:23:36.312+0000] {logging_mixin.py:188} INFO - [2024-06-18T02:23:36.312+0000] {dag.py:3954} INFO - Setting next_dagrun for example_task_group_decorator to 2024-06-17 00:00:00+00:00, run_after=2024-06-18 00:00:00+00:00
[2024-06-18T02:23:36.336+0000] {processor.py:183} INFO - Processing /home/airflow/.local/lib/python3.12/site-packages/airflow/example_dags/example_task_group_decorator.py took 0.116 seconds
[2024-06-18T02:24:07.148+0000] {processor.py:161} INFO - Started process (PID=65467) to work on /home/airflow/.local/lib/python3.12/site-packages/airflow/example_dags/example_task_group_decorator.py
[2024-06-18T02:24:07.150+0000] {processor.py:830} INFO - Processing file /home/airflow/.local/lib/python3.12/site-packages/airflow/example_dags/example_task_group_decorator.py for tasks to queue
[2024-06-18T02:24:07.150+0000] {logging_mixin.py:188} INFO - [2024-06-18T02:24:07.150+0000] {dagbag.py:545} INFO - Filling up the DagBag from /home/airflow/.local/lib/python3.12/site-packages/airflow/example_dags/example_task_group_decorator.py
[2024-06-18T02:24:07.173+0000] {processor.py:840} INFO - DAG(s) 'example_task_group_decorator' retrieved from /home/airflow/.local/lib/python3.12/site-packages/airflow/example_dags/example_task_group_decorator.py
[2024-06-18T02:24:07.251+0000] {logging_mixin.py:188} INFO - [2024-06-18T02:24:07.250+0000] {dag.py:3096} INFO - Sync 1 DAGs
[2024-06-18T02:24:07.341+0000] {logging_mixin.py:188} INFO - [2024-06-18T02:24:07.341+0000] {dag.py:3954} INFO - Setting next_dagrun for example_task_group_decorator to 2024-06-17 00:00:00+00:00, run_after=2024-06-18 00:00:00+00:00
[2024-06-18T02:24:07.364+0000] {processor.py:183} INFO - Processing /home/airflow/.local/lib/python3.12/site-packages/airflow/example_dags/example_task_group_decorator.py took 0.222 seconds
[2024-06-18T02:24:37.447+0000] {processor.py:161} INFO - Started process (PID=65525) to work on /home/airflow/.local/lib/python3.12/site-packages/airflow/example_dags/example_task_group_decorator.py
[2024-06-18T02:24:37.447+0000] {processor.py:830} INFO - Processing file /home/airflow/.local/lib/python3.12/site-packages/airflow/example_dags/example_task_group_decorator.py for tasks to queue
[2024-06-18T02:24:37.448+0000] {logging_mixin.py:188} INFO - [2024-06-18T02:24:37.448+0000] {dagbag.py:545} INFO - Filling up the DagBag from /home/airflow/.local/lib/python3.12/site-packages/airflow/example_dags/example_task_group_decorator.py
[2024-06-18T02:24:37.468+0000] {processor.py:840} INFO - DAG(s) 'example_task_group_decorator' retrieved from /home/airflow/.local/lib/python3.12/site-packages/airflow/example_dags/example_task_group_decorator.py
[2024-06-18T02:24:37.498+0000] {logging_mixin.py:188} INFO - [2024-06-18T02:24:37.498+0000] {dag.py:3096} INFO - Sync 1 DAGs
[2024-06-18T02:24:37.526+0000] {logging_mixin.py:188} INFO - [2024-06-18T02:24:37.526+0000] {dag.py:3954} INFO - Setting next_dagrun for example_task_group_decorator to 2024-06-17 00:00:00+00:00, run_after=2024-06-18 00:00:00+00:00
[2024-06-18T02:24:37.550+0000] {processor.py:183} INFO - Processing /home/airflow/.local/lib/python3.12/site-packages/airflow/example_dags/example_task_group_decorator.py took 0.110 seconds
[2024-06-18T02:25:08.097+0000] {processor.py:161} INFO - Started process (PID=65583) to work on /home/airflow/.local/lib/python3.12/site-packages/airflow/example_dags/example_task_group_decorator.py
[2024-06-18T02:25:08.098+0000] {processor.py:830} INFO - Processing file /home/airflow/.local/lib/python3.12/site-packages/airflow/example_dags/example_task_group_decorator.py for tasks to queue
[2024-06-18T02:25:08.099+0000] {logging_mixin.py:188} INFO - [2024-06-18T02:25:08.099+0000] {dagbag.py:545} INFO - Filling up the DagBag from /home/airflow/.local/lib/python3.12/site-packages/airflow/example_dags/example_task_group_decorator.py
[2024-06-18T02:25:08.116+0000] {processor.py:840} INFO - DAG(s) 'example_task_group_decorator' retrieved from /home/airflow/.local/lib/python3.12/site-packages/airflow/example_dags/example_task_group_decorator.py
[2024-06-18T02:25:08.141+0000] {logging_mixin.py:188} INFO - [2024-06-18T02:25:08.141+0000] {dag.py:3096} INFO - Sync 1 DAGs
[2024-06-18T02:25:08.163+0000] {logging_mixin.py:188} INFO - [2024-06-18T02:25:08.162+0000] {dag.py:3954} INFO - Setting next_dagrun for example_task_group_decorator to 2024-06-17 00:00:00+00:00, run_after=2024-06-18 00:00:00+00:00
[2024-06-18T02:25:08.185+0000] {processor.py:183} INFO - Processing /home/airflow/.local/lib/python3.12/site-packages/airflow/example_dags/example_task_group_decorator.py took 0.093 seconds
[2024-06-18T02:25:38.581+0000] {processor.py:161} INFO - Started process (PID=65641) to work on /home/airflow/.local/lib/python3.12/site-packages/airflow/example_dags/example_task_group_decorator.py
[2024-06-18T02:25:38.582+0000] {processor.py:830} INFO - Processing file /home/airflow/.local/lib/python3.12/site-packages/airflow/example_dags/example_task_group_decorator.py for tasks to queue
[2024-06-18T02:25:38.583+0000] {logging_mixin.py:188} INFO - [2024-06-18T02:25:38.583+0000] {dagbag.py:545} INFO - Filling up the DagBag from /home/airflow/.local/lib/python3.12/site-packages/airflow/example_dags/example_task_group_decorator.py
[2024-06-18T02:25:38.604+0000] {processor.py:840} INFO - DAG(s) 'example_task_group_decorator' retrieved from /home/airflow/.local/lib/python3.12/site-packages/airflow/example_dags/example_task_group_decorator.py
[2024-06-18T02:25:38.631+0000] {logging_mixin.py:188} INFO - [2024-06-18T02:25:38.631+0000] {dag.py:3096} INFO - Sync 1 DAGs
[2024-06-18T02:25:38.654+0000] {logging_mixin.py:188} INFO - [2024-06-18T02:25:38.654+0000] {dag.py:3954} INFO - Setting next_dagrun for example_task_group_decorator to 2024-06-17 00:00:00+00:00, run_after=2024-06-18 00:00:00+00:00
[2024-06-18T02:25:38.677+0000] {processor.py:183} INFO - Processing /home/airflow/.local/lib/python3.12/site-packages/airflow/example_dags/example_task_group_decorator.py took 0.103 seconds
[2024-06-18T02:26:08.760+0000] {processor.py:161} INFO - Started process (PID=65699) to work on /home/airflow/.local/lib/python3.12/site-packages/airflow/example_dags/example_task_group_decorator.py
[2024-06-18T02:26:08.762+0000] {processor.py:830} INFO - Processing file /home/airflow/.local/lib/python3.12/site-packages/airflow/example_dags/example_task_group_decorator.py for tasks to queue
[2024-06-18T02:26:08.762+0000] {logging_mixin.py:188} INFO - [2024-06-18T02:26:08.762+0000] {dagbag.py:545} INFO - Filling up the DagBag from /home/airflow/.local/lib/python3.12/site-packages/airflow/example_dags/example_task_group_decorator.py
[2024-06-18T02:26:08.780+0000] {processor.py:840} INFO - DAG(s) 'example_task_group_decorator' retrieved from /home/airflow/.local/lib/python3.12/site-packages/airflow/example_dags/example_task_group_decorator.py
[2024-06-18T02:26:08.813+0000] {logging_mixin.py:188} INFO - [2024-06-18T02:26:08.813+0000] {dag.py:3096} INFO - Sync 1 DAGs
[2024-06-18T02:26:08.836+0000] {logging_mixin.py:188} INFO - [2024-06-18T02:26:08.836+0000] {dag.py:3954} INFO - Setting next_dagrun for example_task_group_decorator to 2024-06-17 00:00:00+00:00, run_after=2024-06-18 00:00:00+00:00
[2024-06-18T02:26:08.859+0000] {processor.py:183} INFO - Processing /home/airflow/.local/lib/python3.12/site-packages/airflow/example_dags/example_task_group_decorator.py took 0.105 seconds
[2024-06-18T02:26:39.449+0000] {processor.py:161} INFO - Started process (PID=65757) to work on /home/airflow/.local/lib/python3.12/site-packages/airflow/example_dags/example_task_group_decorator.py
[2024-06-18T02:26:39.451+0000] {processor.py:830} INFO - Processing file /home/airflow/.local/lib/python3.12/site-packages/airflow/example_dags/example_task_group_decorator.py for tasks to queue
[2024-06-18T02:26:39.452+0000] {logging_mixin.py:188} INFO - [2024-06-18T02:26:39.451+0000] {dagbag.py:545} INFO - Filling up the DagBag from /home/airflow/.local/lib/python3.12/site-packages/airflow/example_dags/example_task_group_decorator.py
[2024-06-18T02:26:39.475+0000] {processor.py:840} INFO - DAG(s) 'example_task_group_decorator' retrieved from /home/airflow/.local/lib/python3.12/site-packages/airflow/example_dags/example_task_group_decorator.py
[2024-06-18T02:26:39.509+0000] {logging_mixin.py:188} INFO - [2024-06-18T02:26:39.509+0000] {dag.py:3096} INFO - Sync 1 DAGs
[2024-06-18T02:26:39.539+0000] {logging_mixin.py:188} INFO - [2024-06-18T02:26:39.539+0000] {dag.py:3954} INFO - Setting next_dagrun for example_task_group_decorator to 2024-06-17 00:00:00+00:00, run_after=2024-06-18 00:00:00+00:00
[2024-06-18T02:26:39.560+0000] {processor.py:183} INFO - Processing /home/airflow/.local/lib/python3.12/site-packages/airflow/example_dags/example_task_group_decorator.py took 0.118 seconds
[2024-06-18T02:27:10.101+0000] {processor.py:161} INFO - Started process (PID=65816) to work on /home/airflow/.local/lib/python3.12/site-packages/airflow/example_dags/example_task_group_decorator.py
[2024-06-18T02:27:10.102+0000] {processor.py:830} INFO - Processing file /home/airflow/.local/lib/python3.12/site-packages/airflow/example_dags/example_task_group_decorator.py for tasks to queue
[2024-06-18T02:27:10.103+0000] {logging_mixin.py:188} INFO - [2024-06-18T02:27:10.103+0000] {dagbag.py:545} INFO - Filling up the DagBag from /home/airflow/.local/lib/python3.12/site-packages/airflow/example_dags/example_task_group_decorator.py
[2024-06-18T02:27:10.120+0000] {processor.py:840} INFO - DAG(s) 'example_task_group_decorator' retrieved from /home/airflow/.local/lib/python3.12/site-packages/airflow/example_dags/example_task_group_decorator.py
[2024-06-18T02:27:10.152+0000] {logging_mixin.py:188} INFO - [2024-06-18T02:27:10.152+0000] {dag.py:3096} INFO - Sync 1 DAGs
[2024-06-18T02:27:10.185+0000] {logging_mixin.py:188} INFO - [2024-06-18T02:27:10.184+0000] {dag.py:3954} INFO - Setting next_dagrun for example_task_group_decorator to 2024-06-17 00:00:00+00:00, run_after=2024-06-18 00:00:00+00:00
[2024-06-18T02:27:10.212+0000] {processor.py:183} INFO - Processing /home/airflow/.local/lib/python3.12/site-packages/airflow/example_dags/example_task_group_decorator.py took 0.119 seconds
[2024-06-18T02:27:40.411+0000] {processor.py:161} INFO - Started process (PID=65874) to work on /home/airflow/.local/lib/python3.12/site-packages/airflow/example_dags/example_task_group_decorator.py
[2024-06-18T02:27:40.412+0000] {processor.py:830} INFO - Processing file /home/airflow/.local/lib/python3.12/site-packages/airflow/example_dags/example_task_group_decorator.py for tasks to queue
[2024-06-18T02:27:40.413+0000] {logging_mixin.py:188} INFO - [2024-06-18T02:27:40.413+0000] {dagbag.py:545} INFO - Filling up the DagBag from /home/airflow/.local/lib/python3.12/site-packages/airflow/example_dags/example_task_group_decorator.py
[2024-06-18T02:27:40.433+0000] {processor.py:840} INFO - DAG(s) 'example_task_group_decorator' retrieved from /home/airflow/.local/lib/python3.12/site-packages/airflow/example_dags/example_task_group_decorator.py
[2024-06-18T02:27:40.462+0000] {logging_mixin.py:188} INFO - [2024-06-18T02:27:40.462+0000] {dag.py:3096} INFO - Sync 1 DAGs
[2024-06-18T02:27:40.485+0000] {logging_mixin.py:188} INFO - [2024-06-18T02:27:40.484+0000] {dag.py:3954} INFO - Setting next_dagrun for example_task_group_decorator to 2024-06-17 00:00:00+00:00, run_after=2024-06-18 00:00:00+00:00
[2024-06-18T02:27:40.507+0000] {processor.py:183} INFO - Processing /home/airflow/.local/lib/python3.12/site-packages/airflow/example_dags/example_task_group_decorator.py took 0.103 seconds
[2024-06-18T02:28:10.727+0000] {processor.py:161} INFO - Started process (PID=65932) to work on /home/airflow/.local/lib/python3.12/site-packages/airflow/example_dags/example_task_group_decorator.py
[2024-06-18T02:28:10.728+0000] {processor.py:830} INFO - Processing file /home/airflow/.local/lib/python3.12/site-packages/airflow/example_dags/example_task_group_decorator.py for tasks to queue
[2024-06-18T02:28:10.729+0000] {logging_mixin.py:188} INFO - [2024-06-18T02:28:10.729+0000] {dagbag.py:545} INFO - Filling up the DagBag from /home/airflow/.local/lib/python3.12/site-packages/airflow/example_dags/example_task_group_decorator.py
[2024-06-18T02:28:10.746+0000] {processor.py:840} INFO - DAG(s) 'example_task_group_decorator' retrieved from /home/airflow/.local/lib/python3.12/site-packages/airflow/example_dags/example_task_group_decorator.py
[2024-06-18T02:28:10.770+0000] {logging_mixin.py:188} INFO - [2024-06-18T02:28:10.770+0000] {dag.py:3096} INFO - Sync 1 DAGs
[2024-06-18T02:28:10.794+0000] {logging_mixin.py:188} INFO - [2024-06-18T02:28:10.794+0000] {dag.py:3954} INFO - Setting next_dagrun for example_task_group_decorator to 2024-06-17 00:00:00+00:00, run_after=2024-06-18 00:00:00+00:00
[2024-06-18T02:28:10.816+0000] {processor.py:183} INFO - Processing /home/airflow/.local/lib/python3.12/site-packages/airflow/example_dags/example_task_group_decorator.py took 0.096 seconds
[2024-06-18T02:28:41.110+0000] {processor.py:161} INFO - Started process (PID=65990) to work on /home/airflow/.local/lib/python3.12/site-packages/airflow/example_dags/example_task_group_decorator.py
[2024-06-18T02:28:41.111+0000] {processor.py:830} INFO - Processing file /home/airflow/.local/lib/python3.12/site-packages/airflow/example_dags/example_task_group_decorator.py for tasks to queue
[2024-06-18T02:28:41.113+0000] {logging_mixin.py:188} INFO - [2024-06-18T02:28:41.112+0000] {dagbag.py:545} INFO - Filling up the DagBag from /home/airflow/.local/lib/python3.12/site-packages/airflow/example_dags/example_task_group_decorator.py
[2024-06-18T02:28:41.132+0000] {processor.py:840} INFO - DAG(s) 'example_task_group_decorator' retrieved from /home/airflow/.local/lib/python3.12/site-packages/airflow/example_dags/example_task_group_decorator.py
[2024-06-18T02:28:41.165+0000] {logging_mixin.py:188} INFO - [2024-06-18T02:28:41.165+0000] {dag.py:3096} INFO - Sync 1 DAGs
[2024-06-18T02:28:41.196+0000] {logging_mixin.py:188} INFO - [2024-06-18T02:28:41.196+0000] {dag.py:3954} INFO - Setting next_dagrun for example_task_group_decorator to 2024-06-17 00:00:00+00:00, run_after=2024-06-18 00:00:00+00:00
[2024-06-18T02:28:41.221+0000] {processor.py:183} INFO - Processing /home/airflow/.local/lib/python3.12/site-packages/airflow/example_dags/example_task_group_decorator.py took 0.118 seconds
[2024-06-18T02:29:11.512+0000] {processor.py:161} INFO - Started process (PID=66049) to work on /home/airflow/.local/lib/python3.12/site-packages/airflow/example_dags/example_task_group_decorator.py
[2024-06-18T02:29:11.514+0000] {processor.py:830} INFO - Processing file /home/airflow/.local/lib/python3.12/site-packages/airflow/example_dags/example_task_group_decorator.py for tasks to queue
[2024-06-18T02:29:11.515+0000] {logging_mixin.py:188} INFO - [2024-06-18T02:29:11.514+0000] {dagbag.py:545} INFO - Filling up the DagBag from /home/airflow/.local/lib/python3.12/site-packages/airflow/example_dags/example_task_group_decorator.py
[2024-06-18T02:29:11.535+0000] {processor.py:840} INFO - DAG(s) 'example_task_group_decorator' retrieved from /home/airflow/.local/lib/python3.12/site-packages/airflow/example_dags/example_task_group_decorator.py
[2024-06-18T02:29:11.568+0000] {logging_mixin.py:188} INFO - [2024-06-18T02:29:11.568+0000] {dag.py:3096} INFO - Sync 1 DAGs
[2024-06-18T02:29:11.600+0000] {logging_mixin.py:188} INFO - [2024-06-18T02:29:11.600+0000] {dag.py:3954} INFO - Setting next_dagrun for example_task_group_decorator to 2024-06-17 00:00:00+00:00, run_after=2024-06-18 00:00:00+00:00
[2024-06-18T02:29:11.625+0000] {processor.py:183} INFO - Processing /home/airflow/.local/lib/python3.12/site-packages/airflow/example_dags/example_task_group_decorator.py took 0.121 seconds
[2024-06-18T02:29:41.809+0000] {processor.py:161} INFO - Started process (PID=66107) to work on /home/airflow/.local/lib/python3.12/site-packages/airflow/example_dags/example_task_group_decorator.py
[2024-06-18T02:29:41.811+0000] {processor.py:830} INFO - Processing file /home/airflow/.local/lib/python3.12/site-packages/airflow/example_dags/example_task_group_decorator.py for tasks to queue
[2024-06-18T02:29:41.811+0000] {logging_mixin.py:188} INFO - [2024-06-18T02:29:41.811+0000] {dagbag.py:545} INFO - Filling up the DagBag from /home/airflow/.local/lib/python3.12/site-packages/airflow/example_dags/example_task_group_decorator.py
[2024-06-18T02:29:41.830+0000] {processor.py:840} INFO - DAG(s) 'example_task_group_decorator' retrieved from /home/airflow/.local/lib/python3.12/site-packages/airflow/example_dags/example_task_group_decorator.py
[2024-06-18T02:29:41.856+0000] {logging_mixin.py:188} INFO - [2024-06-18T02:29:41.856+0000] {dag.py:3096} INFO - Sync 1 DAGs
[2024-06-18T02:29:41.883+0000] {logging_mixin.py:188} INFO - [2024-06-18T02:29:41.883+0000] {dag.py:3954} INFO - Setting next_dagrun for example_task_group_decorator to 2024-06-17 00:00:00+00:00, run_after=2024-06-18 00:00:00+00:00
[2024-06-18T02:29:41.901+0000] {processor.py:183} INFO - Processing /home/airflow/.local/lib/python3.12/site-packages/airflow/example_dags/example_task_group_decorator.py took 0.099 seconds
[2024-06-18T02:30:12.473+0000] {processor.py:161} INFO - Started process (PID=66165) to work on /home/airflow/.local/lib/python3.12/site-packages/airflow/example_dags/example_task_group_decorator.py
[2024-06-18T02:30:12.475+0000] {processor.py:830} INFO - Processing file /home/airflow/.local/lib/python3.12/site-packages/airflow/example_dags/example_task_group_decorator.py for tasks to queue
[2024-06-18T02:30:12.476+0000] {logging_mixin.py:188} INFO - [2024-06-18T02:30:12.475+0000] {dagbag.py:545} INFO - Filling up the DagBag from /home/airflow/.local/lib/python3.12/site-packages/airflow/example_dags/example_task_group_decorator.py
[2024-06-18T02:30:12.494+0000] {processor.py:840} INFO - DAG(s) 'example_task_group_decorator' retrieved from /home/airflow/.local/lib/python3.12/site-packages/airflow/example_dags/example_task_group_decorator.py
[2024-06-18T02:30:12.528+0000] {logging_mixin.py:188} INFO - [2024-06-18T02:30:12.527+0000] {dag.py:3096} INFO - Sync 1 DAGs
[2024-06-18T02:30:12.553+0000] {logging_mixin.py:188} INFO - [2024-06-18T02:30:12.553+0000] {dag.py:3954} INFO - Setting next_dagrun for example_task_group_decorator to 2024-06-17 00:00:00+00:00, run_after=2024-06-18 00:00:00+00:00
[2024-06-18T02:30:12.571+0000] {processor.py:183} INFO - Processing /home/airflow/.local/lib/python3.12/site-packages/airflow/example_dags/example_task_group_decorator.py took 0.104 seconds
[2024-06-18T02:30:43.179+0000] {processor.py:161} INFO - Started process (PID=66229) to work on /home/airflow/.local/lib/python3.12/site-packages/airflow/example_dags/example_task_group_decorator.py
[2024-06-18T02:30:43.181+0000] {processor.py:830} INFO - Processing file /home/airflow/.local/lib/python3.12/site-packages/airflow/example_dags/example_task_group_decorator.py for tasks to queue
[2024-06-18T02:30:43.182+0000] {logging_mixin.py:188} INFO - [2024-06-18T02:30:43.182+0000] {dagbag.py:545} INFO - Filling up the DagBag from /home/airflow/.local/lib/python3.12/site-packages/airflow/example_dags/example_task_group_decorator.py
[2024-06-18T02:30:43.203+0000] {processor.py:840} INFO - DAG(s) 'example_task_group_decorator' retrieved from /home/airflow/.local/lib/python3.12/site-packages/airflow/example_dags/example_task_group_decorator.py
[2024-06-18T02:30:43.232+0000] {logging_mixin.py:188} INFO - [2024-06-18T02:30:43.232+0000] {dag.py:3096} INFO - Sync 1 DAGs
[2024-06-18T02:30:43.265+0000] {logging_mixin.py:188} INFO - [2024-06-18T02:30:43.264+0000] {dag.py:3954} INFO - Setting next_dagrun for example_task_group_decorator to 2024-06-17 00:00:00+00:00, run_after=2024-06-18 00:00:00+00:00
[2024-06-18T02:30:43.294+0000] {processor.py:183} INFO - Processing /home/airflow/.local/lib/python3.12/site-packages/airflow/example_dags/example_task_group_decorator.py took 0.122 seconds
[2024-06-18T02:31:13.350+0000] {processor.py:161} INFO - Started process (PID=66287) to work on /home/airflow/.local/lib/python3.12/site-packages/airflow/example_dags/example_task_group_decorator.py
[2024-06-18T02:31:13.351+0000] {processor.py:830} INFO - Processing file /home/airflow/.local/lib/python3.12/site-packages/airflow/example_dags/example_task_group_decorator.py for tasks to queue
[2024-06-18T02:31:13.352+0000] {logging_mixin.py:188} INFO - [2024-06-18T02:31:13.352+0000] {dagbag.py:545} INFO - Filling up the DagBag from /home/airflow/.local/lib/python3.12/site-packages/airflow/example_dags/example_task_group_decorator.py
[2024-06-18T02:31:13.369+0000] {processor.py:840} INFO - DAG(s) 'example_task_group_decorator' retrieved from /home/airflow/.local/lib/python3.12/site-packages/airflow/example_dags/example_task_group_decorator.py
[2024-06-18T02:31:13.397+0000] {logging_mixin.py:188} INFO - [2024-06-18T02:31:13.397+0000] {dag.py:3096} INFO - Sync 1 DAGs
[2024-06-18T02:31:13.420+0000] {logging_mixin.py:188} INFO - [2024-06-18T02:31:13.420+0000] {dag.py:3954} INFO - Setting next_dagrun for example_task_group_decorator to 2024-06-17 00:00:00+00:00, run_after=2024-06-18 00:00:00+00:00
[2024-06-18T02:31:13.444+0000] {processor.py:183} INFO - Processing /home/airflow/.local/lib/python3.12/site-packages/airflow/example_dags/example_task_group_decorator.py took 0.099 seconds
[2024-06-18T02:31:43.855+0000] {processor.py:161} INFO - Started process (PID=66345) to work on /home/airflow/.local/lib/python3.12/site-packages/airflow/example_dags/example_task_group_decorator.py
[2024-06-18T02:31:43.857+0000] {processor.py:830} INFO - Processing file /home/airflow/.local/lib/python3.12/site-packages/airflow/example_dags/example_task_group_decorator.py for tasks to queue
[2024-06-18T02:31:43.858+0000] {logging_mixin.py:188} INFO - [2024-06-18T02:31:43.858+0000] {dagbag.py:545} INFO - Filling up the DagBag from /home/airflow/.local/lib/python3.12/site-packages/airflow/example_dags/example_task_group_decorator.py
[2024-06-18T02:31:43.874+0000] {processor.py:840} INFO - DAG(s) 'example_task_group_decorator' retrieved from /home/airflow/.local/lib/python3.12/site-packages/airflow/example_dags/example_task_group_decorator.py
[2024-06-18T02:31:43.901+0000] {logging_mixin.py:188} INFO - [2024-06-18T02:31:43.900+0000] {dag.py:3096} INFO - Sync 1 DAGs
[2024-06-18T02:31:43.926+0000] {logging_mixin.py:188} INFO - [2024-06-18T02:31:43.926+0000] {dag.py:3954} INFO - Setting next_dagrun for example_task_group_decorator to 2024-06-17 00:00:00+00:00, run_after=2024-06-18 00:00:00+00:00
[2024-06-18T02:31:43.949+0000] {processor.py:183} INFO - Processing /home/airflow/.local/lib/python3.12/site-packages/airflow/example_dags/example_task_group_decorator.py took 0.100 seconds
[2024-06-18T02:32:13.986+0000] {processor.py:161} INFO - Started process (PID=66403) to work on /home/airflow/.local/lib/python3.12/site-packages/airflow/example_dags/example_task_group_decorator.py
[2024-06-18T02:32:13.987+0000] {processor.py:830} INFO - Processing file /home/airflow/.local/lib/python3.12/site-packages/airflow/example_dags/example_task_group_decorator.py for tasks to queue
[2024-06-18T02:32:13.987+0000] {logging_mixin.py:188} INFO - [2024-06-18T02:32:13.987+0000] {dagbag.py:545} INFO - Filling up the DagBag from /home/airflow/.local/lib/python3.12/site-packages/airflow/example_dags/example_task_group_decorator.py
[2024-06-18T02:32:14.004+0000] {processor.py:840} INFO - DAG(s) 'example_task_group_decorator' retrieved from /home/airflow/.local/lib/python3.12/site-packages/airflow/example_dags/example_task_group_decorator.py
[2024-06-18T02:32:14.031+0000] {logging_mixin.py:188} INFO - [2024-06-18T02:32:14.031+0000] {dag.py:3096} INFO - Sync 1 DAGs
[2024-06-18T02:32:14.058+0000] {logging_mixin.py:188} INFO - [2024-06-18T02:32:14.058+0000] {dag.py:3954} INFO - Setting next_dagrun for example_task_group_decorator to 2024-06-17 00:00:00+00:00, run_after=2024-06-18 00:00:00+00:00
[2024-06-18T02:32:14.078+0000] {processor.py:183} INFO - Processing /home/airflow/.local/lib/python3.12/site-packages/airflow/example_dags/example_task_group_decorator.py took 0.098 seconds
[2024-06-18T02:32:44.208+0000] {processor.py:161} INFO - Started process (PID=66461) to work on /home/airflow/.local/lib/python3.12/site-packages/airflow/example_dags/example_task_group_decorator.py
[2024-06-18T02:32:44.210+0000] {processor.py:830} INFO - Processing file /home/airflow/.local/lib/python3.12/site-packages/airflow/example_dags/example_task_group_decorator.py for tasks to queue
[2024-06-18T02:32:44.211+0000] {logging_mixin.py:188} INFO - [2024-06-18T02:32:44.210+0000] {dagbag.py:545} INFO - Filling up the DagBag from /home/airflow/.local/lib/python3.12/site-packages/airflow/example_dags/example_task_group_decorator.py
[2024-06-18T02:32:44.229+0000] {processor.py:840} INFO - DAG(s) 'example_task_group_decorator' retrieved from /home/airflow/.local/lib/python3.12/site-packages/airflow/example_dags/example_task_group_decorator.py
[2024-06-18T02:32:44.255+0000] {logging_mixin.py:188} INFO - [2024-06-18T02:32:44.254+0000] {dag.py:3096} INFO - Sync 1 DAGs
[2024-06-18T02:32:44.282+0000] {logging_mixin.py:188} INFO - [2024-06-18T02:32:44.282+0000] {dag.py:3954} INFO - Setting next_dagrun for example_task_group_decorator to 2024-06-17 00:00:00+00:00, run_after=2024-06-18 00:00:00+00:00
[2024-06-18T02:32:44.302+0000] {processor.py:183} INFO - Processing /home/airflow/.local/lib/python3.12/site-packages/airflow/example_dags/example_task_group_decorator.py took 0.103 seconds
[2024-06-18T02:33:14.412+0000] {processor.py:161} INFO - Started process (PID=66519) to work on /home/airflow/.local/lib/python3.12/site-packages/airflow/example_dags/example_task_group_decorator.py
[2024-06-18T02:33:14.414+0000] {processor.py:830} INFO - Processing file /home/airflow/.local/lib/python3.12/site-packages/airflow/example_dags/example_task_group_decorator.py for tasks to queue
[2024-06-18T02:33:14.414+0000] {logging_mixin.py:188} INFO - [2024-06-18T02:33:14.414+0000] {dagbag.py:545} INFO - Filling up the DagBag from /home/airflow/.local/lib/python3.12/site-packages/airflow/example_dags/example_task_group_decorator.py
[2024-06-18T02:33:14.434+0000] {processor.py:840} INFO - DAG(s) 'example_task_group_decorator' retrieved from /home/airflow/.local/lib/python3.12/site-packages/airflow/example_dags/example_task_group_decorator.py
[2024-06-18T02:33:14.466+0000] {logging_mixin.py:188} INFO - [2024-06-18T02:33:14.466+0000] {dag.py:3096} INFO - Sync 1 DAGs
[2024-06-18T02:33:14.494+0000] {logging_mixin.py:188} INFO - [2024-06-18T02:33:14.494+0000] {dag.py:3954} INFO - Setting next_dagrun for example_task_group_decorator to 2024-06-17 00:00:00+00:00, run_after=2024-06-18 00:00:00+00:00
[2024-06-18T02:33:14.517+0000] {processor.py:183} INFO - Processing /home/airflow/.local/lib/python3.12/site-packages/airflow/example_dags/example_task_group_decorator.py took 0.111 seconds
[2024-06-18T02:33:44.791+0000] {processor.py:161} INFO - Started process (PID=66577) to work on /home/airflow/.local/lib/python3.12/site-packages/airflow/example_dags/example_task_group_decorator.py
[2024-06-18T02:33:44.792+0000] {processor.py:830} INFO - Processing file /home/airflow/.local/lib/python3.12/site-packages/airflow/example_dags/example_task_group_decorator.py for tasks to queue
[2024-06-18T02:33:44.793+0000] {logging_mixin.py:188} INFO - [2024-06-18T02:33:44.793+0000] {dagbag.py:545} INFO - Filling up the DagBag from /home/airflow/.local/lib/python3.12/site-packages/airflow/example_dags/example_task_group_decorator.py
[2024-06-18T02:33:44.812+0000] {processor.py:840} INFO - DAG(s) 'example_task_group_decorator' retrieved from /home/airflow/.local/lib/python3.12/site-packages/airflow/example_dags/example_task_group_decorator.py
[2024-06-18T02:33:44.842+0000] {logging_mixin.py:188} INFO - [2024-06-18T02:33:44.841+0000] {dag.py:3096} INFO - Sync 1 DAGs
[2024-06-18T02:33:44.868+0000] {logging_mixin.py:188} INFO - [2024-06-18T02:33:44.867+0000] {dag.py:3954} INFO - Setting next_dagrun for example_task_group_decorator to 2024-06-17 00:00:00+00:00, run_after=2024-06-18 00:00:00+00:00
[2024-06-18T02:33:44.896+0000] {processor.py:183} INFO - Processing /home/airflow/.local/lib/python3.12/site-packages/airflow/example_dags/example_task_group_decorator.py took 0.112 seconds
[2024-06-18T02:34:15.258+0000] {processor.py:161} INFO - Started process (PID=66635) to work on /home/airflow/.local/lib/python3.12/site-packages/airflow/example_dags/example_task_group_decorator.py
[2024-06-18T02:34:15.259+0000] {processor.py:830} INFO - Processing file /home/airflow/.local/lib/python3.12/site-packages/airflow/example_dags/example_task_group_decorator.py for tasks to queue
[2024-06-18T02:34:15.260+0000] {logging_mixin.py:188} INFO - [2024-06-18T02:34:15.260+0000] {dagbag.py:545} INFO - Filling up the DagBag from /home/airflow/.local/lib/python3.12/site-packages/airflow/example_dags/example_task_group_decorator.py
[2024-06-18T02:34:15.280+0000] {processor.py:840} INFO - DAG(s) 'example_task_group_decorator' retrieved from /home/airflow/.local/lib/python3.12/site-packages/airflow/example_dags/example_task_group_decorator.py
[2024-06-18T02:34:15.308+0000] {logging_mixin.py:188} INFO - [2024-06-18T02:34:15.307+0000] {dag.py:3096} INFO - Sync 1 DAGs
[2024-06-18T02:34:15.336+0000] {logging_mixin.py:188} INFO - [2024-06-18T02:34:15.336+0000] {dag.py:3954} INFO - Setting next_dagrun for example_task_group_decorator to 2024-06-17 00:00:00+00:00, run_after=2024-06-18 00:00:00+00:00
[2024-06-18T02:34:15.367+0000] {processor.py:183} INFO - Processing /home/airflow/.local/lib/python3.12/site-packages/airflow/example_dags/example_task_group_decorator.py took 0.114 seconds
[2024-06-18T02:34:45.482+0000] {processor.py:161} INFO - Started process (PID=66693) to work on /home/airflow/.local/lib/python3.12/site-packages/airflow/example_dags/example_task_group_decorator.py
[2024-06-18T02:34:45.486+0000] {processor.py:830} INFO - Processing file /home/airflow/.local/lib/python3.12/site-packages/airflow/example_dags/example_task_group_decorator.py for tasks to queue
[2024-06-18T02:34:45.486+0000] {logging_mixin.py:188} INFO - [2024-06-18T02:34:45.486+0000] {dagbag.py:545} INFO - Filling up the DagBag from /home/airflow/.local/lib/python3.12/site-packages/airflow/example_dags/example_task_group_decorator.py
[2024-06-18T02:34:45.503+0000] {processor.py:840} INFO - DAG(s) 'example_task_group_decorator' retrieved from /home/airflow/.local/lib/python3.12/site-packages/airflow/example_dags/example_task_group_decorator.py
[2024-06-18T02:34:45.533+0000] {logging_mixin.py:188} INFO - [2024-06-18T02:34:45.533+0000] {dag.py:3096} INFO - Sync 1 DAGs
[2024-06-18T02:34:45.557+0000] {logging_mixin.py:188} INFO - [2024-06-18T02:34:45.557+0000] {dag.py:3954} INFO - Setting next_dagrun for example_task_group_decorator to 2024-06-17 00:00:00+00:00, run_after=2024-06-18 00:00:00+00:00
[2024-06-18T02:34:45.576+0000] {processor.py:183} INFO - Processing /home/airflow/.local/lib/python3.12/site-packages/airflow/example_dags/example_task_group_decorator.py took 0.100 seconds
[2024-06-18T02:35:15.753+0000] {processor.py:161} INFO - Started process (PID=66751) to work on /home/airflow/.local/lib/python3.12/site-packages/airflow/example_dags/example_task_group_decorator.py
[2024-06-18T02:35:15.754+0000] {processor.py:830} INFO - Processing file /home/airflow/.local/lib/python3.12/site-packages/airflow/example_dags/example_task_group_decorator.py for tasks to queue
[2024-06-18T02:35:15.755+0000] {logging_mixin.py:188} INFO - [2024-06-18T02:35:15.755+0000] {dagbag.py:545} INFO - Filling up the DagBag from /home/airflow/.local/lib/python3.12/site-packages/airflow/example_dags/example_task_group_decorator.py
[2024-06-18T02:35:15.773+0000] {processor.py:840} INFO - DAG(s) 'example_task_group_decorator' retrieved from /home/airflow/.local/lib/python3.12/site-packages/airflow/example_dags/example_task_group_decorator.py
[2024-06-18T02:35:15.799+0000] {logging_mixin.py:188} INFO - [2024-06-18T02:35:15.799+0000] {dag.py:3096} INFO - Sync 1 DAGs
[2024-06-18T02:35:15.823+0000] {logging_mixin.py:188} INFO - [2024-06-18T02:35:15.823+0000] {dag.py:3954} INFO - Setting next_dagrun for example_task_group_decorator to 2024-06-17 00:00:00+00:00, run_after=2024-06-18 00:00:00+00:00
[2024-06-18T02:35:15.844+0000] {processor.py:183} INFO - Processing /home/airflow/.local/lib/python3.12/site-packages/airflow/example_dags/example_task_group_decorator.py took 0.099 seconds
[2024-06-18T02:35:45.958+0000] {processor.py:161} INFO - Started process (PID=66809) to work on /home/airflow/.local/lib/python3.12/site-packages/airflow/example_dags/example_task_group_decorator.py
[2024-06-18T02:35:45.959+0000] {processor.py:830} INFO - Processing file /home/airflow/.local/lib/python3.12/site-packages/airflow/example_dags/example_task_group_decorator.py for tasks to queue
[2024-06-18T02:35:45.960+0000] {logging_mixin.py:188} INFO - [2024-06-18T02:35:45.960+0000] {dagbag.py:545} INFO - Filling up the DagBag from /home/airflow/.local/lib/python3.12/site-packages/airflow/example_dags/example_task_group_decorator.py
[2024-06-18T02:35:45.980+0000] {processor.py:840} INFO - DAG(s) 'example_task_group_decorator' retrieved from /home/airflow/.local/lib/python3.12/site-packages/airflow/example_dags/example_task_group_decorator.py
[2024-06-18T02:35:46.007+0000] {logging_mixin.py:188} INFO - [2024-06-18T02:35:46.007+0000] {dag.py:3096} INFO - Sync 1 DAGs
[2024-06-18T02:35:46.029+0000] {logging_mixin.py:188} INFO - [2024-06-18T02:35:46.029+0000] {dag.py:3954} INFO - Setting next_dagrun for example_task_group_decorator to 2024-06-17 00:00:00+00:00, run_after=2024-06-18 00:00:00+00:00
[2024-06-18T02:35:46.049+0000] {processor.py:183} INFO - Processing /home/airflow/.local/lib/python3.12/site-packages/airflow/example_dags/example_task_group_decorator.py took 0.098 seconds
[2024-06-18T02:36:16.174+0000] {processor.py:161} INFO - Started process (PID=66865) to work on /home/airflow/.local/lib/python3.12/site-packages/airflow/example_dags/example_task_group_decorator.py
[2024-06-18T02:36:16.175+0000] {processor.py:830} INFO - Processing file /home/airflow/.local/lib/python3.12/site-packages/airflow/example_dags/example_task_group_decorator.py for tasks to queue
[2024-06-18T02:36:16.176+0000] {logging_mixin.py:188} INFO - [2024-06-18T02:36:16.176+0000] {dagbag.py:545} INFO - Filling up the DagBag from /home/airflow/.local/lib/python3.12/site-packages/airflow/example_dags/example_task_group_decorator.py
[2024-06-18T02:36:16.203+0000] {processor.py:840} INFO - DAG(s) 'example_task_group_decorator' retrieved from /home/airflow/.local/lib/python3.12/site-packages/airflow/example_dags/example_task_group_decorator.py
[2024-06-18T02:36:16.235+0000] {logging_mixin.py:188} INFO - [2024-06-18T02:36:16.234+0000] {dag.py:3096} INFO - Sync 1 DAGs
[2024-06-18T02:36:16.259+0000] {logging_mixin.py:188} INFO - [2024-06-18T02:36:16.259+0000] {dag.py:3954} INFO - Setting next_dagrun for example_task_group_decorator to 2024-06-17 00:00:00+00:00, run_after=2024-06-18 00:00:00+00:00
[2024-06-18T02:36:16.282+0000] {processor.py:183} INFO - Processing /home/airflow/.local/lib/python3.12/site-packages/airflow/example_dags/example_task_group_decorator.py took 0.116 seconds
[2024-06-18T02:36:46.336+0000] {processor.py:161} INFO - Started process (PID=66923) to work on /home/airflow/.local/lib/python3.12/site-packages/airflow/example_dags/example_task_group_decorator.py
[2024-06-18T02:36:46.337+0000] {processor.py:830} INFO - Processing file /home/airflow/.local/lib/python3.12/site-packages/airflow/example_dags/example_task_group_decorator.py for tasks to queue
[2024-06-18T02:36:46.338+0000] {logging_mixin.py:188} INFO - [2024-06-18T02:36:46.338+0000] {dagbag.py:545} INFO - Filling up the DagBag from /home/airflow/.local/lib/python3.12/site-packages/airflow/example_dags/example_task_group_decorator.py
[2024-06-18T02:36:46.357+0000] {processor.py:840} INFO - DAG(s) 'example_task_group_decorator' retrieved from /home/airflow/.local/lib/python3.12/site-packages/airflow/example_dags/example_task_group_decorator.py
[2024-06-18T02:36:46.387+0000] {logging_mixin.py:188} INFO - [2024-06-18T02:36:46.387+0000] {dag.py:3096} INFO - Sync 1 DAGs
[2024-06-18T02:36:46.428+0000] {logging_mixin.py:188} INFO - [2024-06-18T02:36:46.427+0000] {dag.py:3954} INFO - Setting next_dagrun for example_task_group_decorator to 2024-06-17 00:00:00+00:00, run_after=2024-06-18 00:00:00+00:00
[2024-06-18T02:36:46.456+0000] {processor.py:183} INFO - Processing /home/airflow/.local/lib/python3.12/site-packages/airflow/example_dags/example_task_group_decorator.py took 0.126 seconds
[2024-06-18T02:37:17.214+0000] {processor.py:161} INFO - Started process (PID=66981) to work on /home/airflow/.local/lib/python3.12/site-packages/airflow/example_dags/example_task_group_decorator.py
[2024-06-18T02:37:17.216+0000] {processor.py:830} INFO - Processing file /home/airflow/.local/lib/python3.12/site-packages/airflow/example_dags/example_task_group_decorator.py for tasks to queue
[2024-06-18T02:37:17.217+0000] {logging_mixin.py:188} INFO - [2024-06-18T02:37:17.217+0000] {dagbag.py:545} INFO - Filling up the DagBag from /home/airflow/.local/lib/python3.12/site-packages/airflow/example_dags/example_task_group_decorator.py
[2024-06-18T02:37:17.236+0000] {processor.py:840} INFO - DAG(s) 'example_task_group_decorator' retrieved from /home/airflow/.local/lib/python3.12/site-packages/airflow/example_dags/example_task_group_decorator.py
[2024-06-18T02:37:17.269+0000] {logging_mixin.py:188} INFO - [2024-06-18T02:37:17.269+0000] {dag.py:3096} INFO - Sync 1 DAGs
[2024-06-18T02:37:17.300+0000] {logging_mixin.py:188} INFO - [2024-06-18T02:37:17.299+0000] {dag.py:3954} INFO - Setting next_dagrun for example_task_group_decorator to 2024-06-17 00:00:00+00:00, run_after=2024-06-18 00:00:00+00:00
[2024-06-18T02:37:17.329+0000] {processor.py:183} INFO - Processing /home/airflow/.local/lib/python3.12/site-packages/airflow/example_dags/example_task_group_decorator.py took 0.122 seconds
[2024-06-18T02:37:47.454+0000] {processor.py:161} INFO - Started process (PID=67039) to work on /home/airflow/.local/lib/python3.12/site-packages/airflow/example_dags/example_task_group_decorator.py
[2024-06-18T02:37:47.456+0000] {processor.py:830} INFO - Processing file /home/airflow/.local/lib/python3.12/site-packages/airflow/example_dags/example_task_group_decorator.py for tasks to queue
[2024-06-18T02:37:47.457+0000] {logging_mixin.py:188} INFO - [2024-06-18T02:37:47.457+0000] {dagbag.py:545} INFO - Filling up the DagBag from /home/airflow/.local/lib/python3.12/site-packages/airflow/example_dags/example_task_group_decorator.py
[2024-06-18T02:37:47.472+0000] {processor.py:840} INFO - DAG(s) 'example_task_group_decorator' retrieved from /home/airflow/.local/lib/python3.12/site-packages/airflow/example_dags/example_task_group_decorator.py
[2024-06-18T02:37:47.500+0000] {logging_mixin.py:188} INFO - [2024-06-18T02:37:47.500+0000] {dag.py:3096} INFO - Sync 1 DAGs
[2024-06-18T02:37:47.525+0000] {logging_mixin.py:188} INFO - [2024-06-18T02:37:47.524+0000] {dag.py:3954} INFO - Setting next_dagrun for example_task_group_decorator to 2024-06-17 00:00:00+00:00, run_after=2024-06-18 00:00:00+00:00
[2024-06-18T02:37:47.544+0000] {processor.py:183} INFO - Processing /home/airflow/.local/lib/python3.12/site-packages/airflow/example_dags/example_task_group_decorator.py took 0.097 seconds
[2024-06-18T02:38:18.152+0000] {processor.py:161} INFO - Started process (PID=67097) to work on /home/airflow/.local/lib/python3.12/site-packages/airflow/example_dags/example_task_group_decorator.py
[2024-06-18T02:38:18.154+0000] {processor.py:830} INFO - Processing file /home/airflow/.local/lib/python3.12/site-packages/airflow/example_dags/example_task_group_decorator.py for tasks to queue
[2024-06-18T02:38:18.155+0000] {logging_mixin.py:188} INFO - [2024-06-18T02:38:18.155+0000] {dagbag.py:545} INFO - Filling up the DagBag from /home/airflow/.local/lib/python3.12/site-packages/airflow/example_dags/example_task_group_decorator.py
[2024-06-18T02:38:18.181+0000] {processor.py:840} INFO - DAG(s) 'example_task_group_decorator' retrieved from /home/airflow/.local/lib/python3.12/site-packages/airflow/example_dags/example_task_group_decorator.py
[2024-06-18T02:38:18.210+0000] {logging_mixin.py:188} INFO - [2024-06-18T02:38:18.210+0000] {dag.py:3096} INFO - Sync 1 DAGs
[2024-06-18T02:38:18.235+0000] {logging_mixin.py:188} INFO - [2024-06-18T02:38:18.235+0000] {dag.py:3954} INFO - Setting next_dagrun for example_task_group_decorator to 2024-06-17 00:00:00+00:00, run_after=2024-06-18 00:00:00+00:00
[2024-06-18T02:38:18.256+0000] {processor.py:183} INFO - Processing /home/airflow/.local/lib/python3.12/site-packages/airflow/example_dags/example_task_group_decorator.py took 0.114 seconds
[2024-06-18T02:38:48.778+0000] {processor.py:161} INFO - Started process (PID=67155) to work on /home/airflow/.local/lib/python3.12/site-packages/airflow/example_dags/example_task_group_decorator.py
[2024-06-18T02:38:48.780+0000] {processor.py:830} INFO - Processing file /home/airflow/.local/lib/python3.12/site-packages/airflow/example_dags/example_task_group_decorator.py for tasks to queue
[2024-06-18T02:38:48.781+0000] {logging_mixin.py:188} INFO - [2024-06-18T02:38:48.780+0000] {dagbag.py:545} INFO - Filling up the DagBag from /home/airflow/.local/lib/python3.12/site-packages/airflow/example_dags/example_task_group_decorator.py
[2024-06-18T02:38:48.807+0000] {processor.py:840} INFO - DAG(s) 'example_task_group_decorator' retrieved from /home/airflow/.local/lib/python3.12/site-packages/airflow/example_dags/example_task_group_decorator.py
[2024-06-18T02:38:48.854+0000] {logging_mixin.py:188} INFO - [2024-06-18T02:38:48.854+0000] {dag.py:3096} INFO - Sync 1 DAGs
[2024-06-18T02:38:48.890+0000] {logging_mixin.py:188} INFO - [2024-06-18T02:38:48.889+0000] {dag.py:3954} INFO - Setting next_dagrun for example_task_group_decorator to 2024-06-17 00:00:00+00:00, run_after=2024-06-18 00:00:00+00:00
[2024-06-18T02:38:48.915+0000] {processor.py:183} INFO - Processing /home/airflow/.local/lib/python3.12/site-packages/airflow/example_dags/example_task_group_decorator.py took 0.145 seconds
[2024-06-18T02:39:19.821+0000] {processor.py:161} INFO - Started process (PID=67214) to work on /home/airflow/.local/lib/python3.12/site-packages/airflow/example_dags/example_task_group_decorator.py
[2024-06-18T02:39:19.823+0000] {processor.py:830} INFO - Processing file /home/airflow/.local/lib/python3.12/site-packages/airflow/example_dags/example_task_group_decorator.py for tasks to queue
[2024-06-18T02:39:19.825+0000] {logging_mixin.py:188} INFO - [2024-06-18T02:39:19.824+0000] {dagbag.py:545} INFO - Filling up the DagBag from /home/airflow/.local/lib/python3.12/site-packages/airflow/example_dags/example_task_group_decorator.py
[2024-06-18T02:39:19.850+0000] {processor.py:840} INFO - DAG(s) 'example_task_group_decorator' retrieved from /home/airflow/.local/lib/python3.12/site-packages/airflow/example_dags/example_task_group_decorator.py
[2024-06-18T02:39:19.891+0000] {logging_mixin.py:188} INFO - [2024-06-18T02:39:19.891+0000] {dag.py:3096} INFO - Sync 1 DAGs
[2024-06-18T02:39:19.927+0000] {logging_mixin.py:188} INFO - [2024-06-18T02:39:19.927+0000] {dag.py:3954} INFO - Setting next_dagrun for example_task_group_decorator to 2024-06-17 00:00:00+00:00, run_after=2024-06-18 00:00:00+00:00
[2024-06-18T02:39:19.954+0000] {processor.py:183} INFO - Processing /home/airflow/.local/lib/python3.12/site-packages/airflow/example_dags/example_task_group_decorator.py took 0.141 seconds
[2024-06-18T02:39:50.483+0000] {processor.py:161} INFO - Started process (PID=67272) to work on /home/airflow/.local/lib/python3.12/site-packages/airflow/example_dags/example_task_group_decorator.py
[2024-06-18T02:39:50.485+0000] {processor.py:830} INFO - Processing file /home/airflow/.local/lib/python3.12/site-packages/airflow/example_dags/example_task_group_decorator.py for tasks to queue
[2024-06-18T02:39:50.486+0000] {logging_mixin.py:188} INFO - [2024-06-18T02:39:50.485+0000] {dagbag.py:545} INFO - Filling up the DagBag from /home/airflow/.local/lib/python3.12/site-packages/airflow/example_dags/example_task_group_decorator.py
[2024-06-18T02:39:50.506+0000] {processor.py:840} INFO - DAG(s) 'example_task_group_decorator' retrieved from /home/airflow/.local/lib/python3.12/site-packages/airflow/example_dags/example_task_group_decorator.py
[2024-06-18T02:39:50.534+0000] {logging_mixin.py:188} INFO - [2024-06-18T02:39:50.533+0000] {dag.py:3096} INFO - Sync 1 DAGs
[2024-06-18T02:39:50.564+0000] {logging_mixin.py:188} INFO - [2024-06-18T02:39:50.564+0000] {dag.py:3954} INFO - Setting next_dagrun for example_task_group_decorator to 2024-06-17 00:00:00+00:00, run_after=2024-06-18 00:00:00+00:00
[2024-06-18T02:39:50.596+0000] {processor.py:183} INFO - Processing /home/airflow/.local/lib/python3.12/site-packages/airflow/example_dags/example_task_group_decorator.py took 0.122 seconds
[2024-06-18T02:40:43.161+0000] {processor.py:161} INFO - Started process (PID=67290) to work on /home/airflow/.local/lib/python3.12/site-packages/airflow/example_dags/example_task_group_decorator.py
[2024-06-18T02:40:43.163+0000] {processor.py:830} INFO - Processing file /home/airflow/.local/lib/python3.12/site-packages/airflow/example_dags/example_task_group_decorator.py for tasks to queue
[2024-06-18T02:40:43.164+0000] {logging_mixin.py:188} INFO - [2024-06-18T02:40:43.164+0000] {dagbag.py:545} INFO - Filling up the DagBag from /home/airflow/.local/lib/python3.12/site-packages/airflow/example_dags/example_task_group_decorator.py
[2024-06-18T02:40:43.195+0000] {processor.py:840} INFO - DAG(s) 'example_task_group_decorator' retrieved from /home/airflow/.local/lib/python3.12/site-packages/airflow/example_dags/example_task_group_decorator.py
[2024-06-18T02:40:43.246+0000] {logging_mixin.py:188} INFO - [2024-06-18T02:40:43.245+0000] {dag.py:3096} INFO - Sync 1 DAGs
[2024-06-18T02:40:43.282+0000] {logging_mixin.py:188} INFO - [2024-06-18T02:40:43.282+0000] {dag.py:3954} INFO - Setting next_dagrun for example_task_group_decorator to 2024-06-17 00:00:00+00:00, run_after=2024-06-18 00:00:00+00:00
[2024-06-18T02:40:43.314+0000] {processor.py:183} INFO - Processing /home/airflow/.local/lib/python3.12/site-packages/airflow/example_dags/example_task_group_decorator.py took 0.162 seconds
[2024-06-18T02:53:03.234+0000] {processor.py:161} INFO - Started process (PID=67344) to work on /home/airflow/.local/lib/python3.12/site-packages/airflow/example_dags/example_task_group_decorator.py
[2024-06-18T02:53:03.240+0000] {processor.py:830} INFO - Processing file /home/airflow/.local/lib/python3.12/site-packages/airflow/example_dags/example_task_group_decorator.py for tasks to queue
[2024-06-18T02:53:03.241+0000] {logging_mixin.py:188} INFO - [2024-06-18T02:53:03.241+0000] {dagbag.py:545} INFO - Filling up the DagBag from /home/airflow/.local/lib/python3.12/site-packages/airflow/example_dags/example_task_group_decorator.py
[2024-06-18T02:53:03.282+0000] {processor.py:840} INFO - DAG(s) 'example_task_group_decorator' retrieved from /home/airflow/.local/lib/python3.12/site-packages/airflow/example_dags/example_task_group_decorator.py
[2024-06-18T02:53:03.331+0000] {logging_mixin.py:188} INFO - [2024-06-18T02:53:03.331+0000] {dag.py:3096} INFO - Sync 1 DAGs
[2024-06-18T02:53:03.363+0000] {logging_mixin.py:188} INFO - [2024-06-18T02:53:03.363+0000] {dag.py:3954} INFO - Setting next_dagrun for example_task_group_decorator to 2024-06-17 00:00:00+00:00, run_after=2024-06-18 00:00:00+00:00
[2024-06-18T02:53:03.389+0000] {processor.py:183} INFO - Processing /home/airflow/.local/lib/python3.12/site-packages/airflow/example_dags/example_task_group_decorator.py took 0.163 seconds
[2024-06-18T02:53:33.686+0000] {processor.py:161} INFO - Started process (PID=67396) to work on /home/airflow/.local/lib/python3.12/site-packages/airflow/example_dags/example_task_group_decorator.py
[2024-06-18T02:53:33.687+0000] {processor.py:830} INFO - Processing file /home/airflow/.local/lib/python3.12/site-packages/airflow/example_dags/example_task_group_decorator.py for tasks to queue
[2024-06-18T02:53:33.689+0000] {logging_mixin.py:188} INFO - [2024-06-18T02:53:33.688+0000] {dagbag.py:545} INFO - Filling up the DagBag from /home/airflow/.local/lib/python3.12/site-packages/airflow/example_dags/example_task_group_decorator.py
[2024-06-18T02:53:33.709+0000] {processor.py:840} INFO - DAG(s) 'example_task_group_decorator' retrieved from /home/airflow/.local/lib/python3.12/site-packages/airflow/example_dags/example_task_group_decorator.py
[2024-06-18T02:53:33.746+0000] {logging_mixin.py:188} INFO - [2024-06-18T02:53:33.745+0000] {dag.py:3096} INFO - Sync 1 DAGs
[2024-06-18T02:53:33.775+0000] {logging_mixin.py:188} INFO - [2024-06-18T02:53:33.775+0000] {dag.py:3954} INFO - Setting next_dagrun for example_task_group_decorator to 2024-06-17 00:00:00+00:00, run_after=2024-06-18 00:00:00+00:00
[2024-06-18T02:53:33.800+0000] {processor.py:183} INFO - Processing /home/airflow/.local/lib/python3.12/site-packages/airflow/example_dags/example_task_group_decorator.py took 0.122 seconds
[2024-06-18T02:54:04.177+0000] {processor.py:161} INFO - Started process (PID=67454) to work on /home/airflow/.local/lib/python3.12/site-packages/airflow/example_dags/example_task_group_decorator.py
[2024-06-18T02:54:04.179+0000] {processor.py:830} INFO - Processing file /home/airflow/.local/lib/python3.12/site-packages/airflow/example_dags/example_task_group_decorator.py for tasks to queue
[2024-06-18T02:54:04.180+0000] {logging_mixin.py:188} INFO - [2024-06-18T02:54:04.179+0000] {dagbag.py:545} INFO - Filling up the DagBag from /home/airflow/.local/lib/python3.12/site-packages/airflow/example_dags/example_task_group_decorator.py
[2024-06-18T02:54:04.197+0000] {processor.py:840} INFO - DAG(s) 'example_task_group_decorator' retrieved from /home/airflow/.local/lib/python3.12/site-packages/airflow/example_dags/example_task_group_decorator.py
[2024-06-18T02:54:04.224+0000] {logging_mixin.py:188} INFO - [2024-06-18T02:54:04.224+0000] {dag.py:3096} INFO - Sync 1 DAGs
[2024-06-18T02:54:04.251+0000] {logging_mixin.py:188} INFO - [2024-06-18T02:54:04.250+0000] {dag.py:3954} INFO - Setting next_dagrun for example_task_group_decorator to 2024-06-17 00:00:00+00:00, run_after=2024-06-18 00:00:00+00:00
[2024-06-18T02:54:04.274+0000] {processor.py:183} INFO - Processing /home/airflow/.local/lib/python3.12/site-packages/airflow/example_dags/example_task_group_decorator.py took 0.105 seconds
[2024-06-18T02:54:34.341+0000] {processor.py:161} INFO - Started process (PID=67511) to work on /home/airflow/.local/lib/python3.12/site-packages/airflow/example_dags/example_task_group_decorator.py
[2024-06-18T02:54:34.342+0000] {processor.py:830} INFO - Processing file /home/airflow/.local/lib/python3.12/site-packages/airflow/example_dags/example_task_group_decorator.py for tasks to queue
[2024-06-18T02:54:34.342+0000] {logging_mixin.py:188} INFO - [2024-06-18T02:54:34.342+0000] {dagbag.py:545} INFO - Filling up the DagBag from /home/airflow/.local/lib/python3.12/site-packages/airflow/example_dags/example_task_group_decorator.py
[2024-06-18T02:54:34.357+0000] {processor.py:840} INFO - DAG(s) 'example_task_group_decorator' retrieved from /home/airflow/.local/lib/python3.12/site-packages/airflow/example_dags/example_task_group_decorator.py
[2024-06-18T02:54:34.382+0000] {logging_mixin.py:188} INFO - [2024-06-18T02:54:34.382+0000] {dag.py:3096} INFO - Sync 1 DAGs
[2024-06-18T02:54:34.406+0000] {logging_mixin.py:188} INFO - [2024-06-18T02:54:34.406+0000] {dag.py:3954} INFO - Setting next_dagrun for example_task_group_decorator to 2024-06-17 00:00:00+00:00, run_after=2024-06-18 00:00:00+00:00
[2024-06-18T02:54:34.425+0000] {processor.py:183} INFO - Processing /home/airflow/.local/lib/python3.12/site-packages/airflow/example_dags/example_task_group_decorator.py took 0.090 seconds
[2024-06-18T02:55:04.604+0000] {processor.py:161} INFO - Started process (PID=67569) to work on /home/airflow/.local/lib/python3.12/site-packages/airflow/example_dags/example_task_group_decorator.py
[2024-06-18T02:55:04.606+0000] {processor.py:830} INFO - Processing file /home/airflow/.local/lib/python3.12/site-packages/airflow/example_dags/example_task_group_decorator.py for tasks to queue
[2024-06-18T02:55:04.606+0000] {logging_mixin.py:188} INFO - [2024-06-18T02:55:04.606+0000] {dagbag.py:545} INFO - Filling up the DagBag from /home/airflow/.local/lib/python3.12/site-packages/airflow/example_dags/example_task_group_decorator.py
[2024-06-18T02:55:04.623+0000] {processor.py:840} INFO - DAG(s) 'example_task_group_decorator' retrieved from /home/airflow/.local/lib/python3.12/site-packages/airflow/example_dags/example_task_group_decorator.py
[2024-06-18T02:55:04.658+0000] {logging_mixin.py:188} INFO - [2024-06-18T02:55:04.657+0000] {dag.py:3096} INFO - Sync 1 DAGs
[2024-06-18T02:55:04.686+0000] {logging_mixin.py:188} INFO - [2024-06-18T02:55:04.686+0000] {dag.py:3954} INFO - Setting next_dagrun for example_task_group_decorator to 2024-06-17 00:00:00+00:00, run_after=2024-06-18 00:00:00+00:00
[2024-06-18T02:55:04.712+0000] {processor.py:183} INFO - Processing /home/airflow/.local/lib/python3.12/site-packages/airflow/example_dags/example_task_group_decorator.py took 0.115 seconds
[2024-06-18T02:55:34.813+0000] {processor.py:161} INFO - Started process (PID=67627) to work on /home/airflow/.local/lib/python3.12/site-packages/airflow/example_dags/example_task_group_decorator.py
[2024-06-18T02:55:34.815+0000] {processor.py:830} INFO - Processing file /home/airflow/.local/lib/python3.12/site-packages/airflow/example_dags/example_task_group_decorator.py for tasks to queue
[2024-06-18T02:55:34.816+0000] {logging_mixin.py:188} INFO - [2024-06-18T02:55:34.816+0000] {dagbag.py:545} INFO - Filling up the DagBag from /home/airflow/.local/lib/python3.12/site-packages/airflow/example_dags/example_task_group_decorator.py
[2024-06-18T02:55:34.834+0000] {processor.py:840} INFO - DAG(s) 'example_task_group_decorator' retrieved from /home/airflow/.local/lib/python3.12/site-packages/airflow/example_dags/example_task_group_decorator.py
[2024-06-18T02:55:34.861+0000] {logging_mixin.py:188} INFO - [2024-06-18T02:55:34.861+0000] {dag.py:3096} INFO - Sync 1 DAGs
[2024-06-18T02:55:34.883+0000] {logging_mixin.py:188} INFO - [2024-06-18T02:55:34.883+0000] {dag.py:3954} INFO - Setting next_dagrun for example_task_group_decorator to 2024-06-17 00:00:00+00:00, run_after=2024-06-18 00:00:00+00:00
[2024-06-18T02:55:34.905+0000] {processor.py:183} INFO - Processing /home/airflow/.local/lib/python3.12/site-packages/airflow/example_dags/example_task_group_decorator.py took 0.098 seconds
[2024-06-18T02:56:04.994+0000] {processor.py:161} INFO - Started process (PID=67685) to work on /home/airflow/.local/lib/python3.12/site-packages/airflow/example_dags/example_task_group_decorator.py
[2024-06-18T02:56:04.995+0000] {processor.py:830} INFO - Processing file /home/airflow/.local/lib/python3.12/site-packages/airflow/example_dags/example_task_group_decorator.py for tasks to queue
[2024-06-18T02:56:04.995+0000] {logging_mixin.py:188} INFO - [2024-06-18T02:56:04.995+0000] {dagbag.py:545} INFO - Filling up the DagBag from /home/airflow/.local/lib/python3.12/site-packages/airflow/example_dags/example_task_group_decorator.py
[2024-06-18T02:56:05.013+0000] {processor.py:840} INFO - DAG(s) 'example_task_group_decorator' retrieved from /home/airflow/.local/lib/python3.12/site-packages/airflow/example_dags/example_task_group_decorator.py
[2024-06-18T02:56:05.040+0000] {logging_mixin.py:188} INFO - [2024-06-18T02:56:05.040+0000] {dag.py:3096} INFO - Sync 1 DAGs
[2024-06-18T02:56:05.062+0000] {logging_mixin.py:188} INFO - [2024-06-18T02:56:05.062+0000] {dag.py:3954} INFO - Setting next_dagrun for example_task_group_decorator to 2024-06-17 00:00:00+00:00, run_after=2024-06-18 00:00:00+00:00
[2024-06-18T02:56:05.082+0000] {processor.py:183} INFO - Processing /home/airflow/.local/lib/python3.12/site-packages/airflow/example_dags/example_task_group_decorator.py took 0.095 seconds
