[2024-06-18T02:21:33.562+0000] {processor.py:161} INFO - Started process (PID=65182) to work on /home/airflow/.local/lib/python3.12/site-packages/airflow/example_dags/example_xcomargs.py
[2024-06-18T02:21:33.573+0000] {processor.py:830} INFO - Processing file /home/airflow/.local/lib/python3.12/site-packages/airflow/example_dags/example_xcomargs.py for tasks to queue
[2024-06-18T02:21:33.574+0000] {logging_mixin.py:188} INFO - [2024-06-18T02:21:33.573+0000] {dagbag.py:545} INFO - Filling up the DagBag from /home/airflow/.local/lib/python3.12/site-packages/airflow/example_dags/example_xcomargs.py
[2024-06-18T02:21:33.626+0000] {processor.py:840} INFO - DAG(s) 'example_xcom_args_with_operators', 'example_xcom_args' retrieved from /home/airflow/.local/lib/python3.12/site-packages/airflow/example_dags/example_xcomargs.py
[2024-06-18T02:21:33.824+0000] {logging_mixin.py:188} INFO - [2024-06-18T02:21:33.824+0000] {dag.py:3096} INFO - Sync 2 DAGs
[2024-06-18T02:21:33.927+0000] {logging_mixin.py:188} INFO - [2024-06-18T02:21:33.925+0000] {dag.py:3954} INFO - Setting next_dagrun for example_xcom_args to None, run_after=None
[2024-06-18T02:21:33.934+0000] {logging_mixin.py:188} INFO - [2024-06-18T02:21:33.933+0000] {dag.py:3954} INFO - Setting next_dagrun for example_xcom_args_with_operators to None, run_after=None
[2024-06-18T02:21:34.028+0000] {processor.py:183} INFO - Processing /home/airflow/.local/lib/python3.12/site-packages/airflow/example_dags/example_xcomargs.py took 0.475 seconds
[2024-06-18T02:22:04.721+0000] {processor.py:161} INFO - Started process (PID=65233) to work on /home/airflow/.local/lib/python3.12/site-packages/airflow/example_dags/example_xcomargs.py
[2024-06-18T02:22:04.724+0000] {processor.py:830} INFO - Processing file /home/airflow/.local/lib/python3.12/site-packages/airflow/example_dags/example_xcomargs.py for tasks to queue
[2024-06-18T02:22:04.725+0000] {logging_mixin.py:188} INFO - [2024-06-18T02:22:04.724+0000] {dagbag.py:545} INFO - Filling up the DagBag from /home/airflow/.local/lib/python3.12/site-packages/airflow/example_dags/example_xcomargs.py
[2024-06-18T02:22:04.750+0000] {processor.py:840} INFO - DAG(s) 'example_xcom_args_with_operators', 'example_xcom_args' retrieved from /home/airflow/.local/lib/python3.12/site-packages/airflow/example_dags/example_xcomargs.py
[2024-06-18T02:22:04.792+0000] {logging_mixin.py:188} INFO - [2024-06-18T02:22:04.792+0000] {dag.py:3096} INFO - Sync 2 DAGs
[2024-06-18T02:22:04.814+0000] {logging_mixin.py:188} INFO - [2024-06-18T02:22:04.814+0000] {dag.py:3954} INFO - Setting next_dagrun for example_xcom_args to None, run_after=None
[2024-06-18T02:22:04.819+0000] {logging_mixin.py:188} INFO - [2024-06-18T02:22:04.819+0000] {dag.py:3954} INFO - Setting next_dagrun for example_xcom_args_with_operators to None, run_after=None
[2024-06-18T02:22:04.859+0000] {processor.py:183} INFO - Processing /home/airflow/.local/lib/python3.12/site-packages/airflow/example_dags/example_xcomargs.py took 0.146 seconds
[2024-06-18T02:22:35.398+0000] {processor.py:161} INFO - Started process (PID=65291) to work on /home/airflow/.local/lib/python3.12/site-packages/airflow/example_dags/example_xcomargs.py
[2024-06-18T02:22:35.400+0000] {processor.py:830} INFO - Processing file /home/airflow/.local/lib/python3.12/site-packages/airflow/example_dags/example_xcomargs.py for tasks to queue
[2024-06-18T02:22:35.401+0000] {logging_mixin.py:188} INFO - [2024-06-18T02:22:35.401+0000] {dagbag.py:545} INFO - Filling up the DagBag from /home/airflow/.local/lib/python3.12/site-packages/airflow/example_dags/example_xcomargs.py
[2024-06-18T02:22:35.413+0000] {processor.py:840} INFO - DAG(s) 'example_xcom_args', 'example_xcom_args_with_operators' retrieved from /home/airflow/.local/lib/python3.12/site-packages/airflow/example_dags/example_xcomargs.py
[2024-06-18T02:22:35.443+0000] {logging_mixin.py:188} INFO - [2024-06-18T02:22:35.443+0000] {dag.py:3096} INFO - Sync 2 DAGs
[2024-06-18T02:22:35.457+0000] {logging_mixin.py:188} INFO - [2024-06-18T02:22:35.457+0000] {dag.py:3954} INFO - Setting next_dagrun for example_xcom_args to None, run_after=None
[2024-06-18T02:22:35.463+0000] {logging_mixin.py:188} INFO - [2024-06-18T02:22:35.462+0000] {dag.py:3954} INFO - Setting next_dagrun for example_xcom_args_with_operators to None, run_after=None
[2024-06-18T02:22:35.494+0000] {processor.py:183} INFO - Processing /home/airflow/.local/lib/python3.12/site-packages/airflow/example_dags/example_xcomargs.py took 0.103 seconds
[2024-06-18T02:23:05.747+0000] {processor.py:161} INFO - Started process (PID=65349) to work on /home/airflow/.local/lib/python3.12/site-packages/airflow/example_dags/example_xcomargs.py
[2024-06-18T02:23:05.748+0000] {processor.py:830} INFO - Processing file /home/airflow/.local/lib/python3.12/site-packages/airflow/example_dags/example_xcomargs.py for tasks to queue
[2024-06-18T02:23:05.749+0000] {logging_mixin.py:188} INFO - [2024-06-18T02:23:05.749+0000] {dagbag.py:545} INFO - Filling up the DagBag from /home/airflow/.local/lib/python3.12/site-packages/airflow/example_dags/example_xcomargs.py
[2024-06-18T02:23:05.759+0000] {processor.py:840} INFO - DAG(s) 'example_xcom_args', 'example_xcom_args_with_operators' retrieved from /home/airflow/.local/lib/python3.12/site-packages/airflow/example_dags/example_xcomargs.py
[2024-06-18T02:23:05.788+0000] {logging_mixin.py:188} INFO - [2024-06-18T02:23:05.788+0000] {dag.py:3096} INFO - Sync 2 DAGs
[2024-06-18T02:23:05.801+0000] {logging_mixin.py:188} INFO - [2024-06-18T02:23:05.801+0000] {dag.py:3954} INFO - Setting next_dagrun for example_xcom_args to None, run_after=None
[2024-06-18T02:23:05.805+0000] {logging_mixin.py:188} INFO - [2024-06-18T02:23:05.804+0000] {dag.py:3954} INFO - Setting next_dagrun for example_xcom_args_with_operators to None, run_after=None
[2024-06-18T02:23:05.827+0000] {processor.py:183} INFO - Processing /home/airflow/.local/lib/python3.12/site-packages/airflow/example_dags/example_xcomargs.py took 0.087 seconds
[2024-06-18T02:23:36.218+0000] {processor.py:161} INFO - Started process (PID=65408) to work on /home/airflow/.local/lib/python3.12/site-packages/airflow/example_dags/example_xcomargs.py
[2024-06-18T02:23:36.219+0000] {processor.py:830} INFO - Processing file /home/airflow/.local/lib/python3.12/site-packages/airflow/example_dags/example_xcomargs.py for tasks to queue
[2024-06-18T02:23:36.220+0000] {logging_mixin.py:188} INFO - [2024-06-18T02:23:36.219+0000] {dagbag.py:545} INFO - Filling up the DagBag from /home/airflow/.local/lib/python3.12/site-packages/airflow/example_dags/example_xcomargs.py
[2024-06-18T02:23:36.230+0000] {processor.py:840} INFO - DAG(s) 'example_xcom_args_with_operators', 'example_xcom_args' retrieved from /home/airflow/.local/lib/python3.12/site-packages/airflow/example_dags/example_xcomargs.py
[2024-06-18T02:23:36.266+0000] {logging_mixin.py:188} INFO - [2024-06-18T02:23:36.266+0000] {dag.py:3096} INFO - Sync 2 DAGs
[2024-06-18T02:23:36.287+0000] {logging_mixin.py:188} INFO - [2024-06-18T02:23:36.286+0000] {dag.py:3954} INFO - Setting next_dagrun for example_xcom_args to None, run_after=None
[2024-06-18T02:23:36.292+0000] {logging_mixin.py:188} INFO - [2024-06-18T02:23:36.291+0000] {dag.py:3954} INFO - Setting next_dagrun for example_xcom_args_with_operators to None, run_after=None
[2024-06-18T02:23:36.312+0000] {processor.py:183} INFO - Processing /home/airflow/.local/lib/python3.12/site-packages/airflow/example_dags/example_xcomargs.py took 0.101 seconds
[2024-06-18T02:24:07.143+0000] {processor.py:161} INFO - Started process (PID=65466) to work on /home/airflow/.local/lib/python3.12/site-packages/airflow/example_dags/example_xcomargs.py
[2024-06-18T02:24:07.145+0000] {processor.py:830} INFO - Processing file /home/airflow/.local/lib/python3.12/site-packages/airflow/example_dags/example_xcomargs.py for tasks to queue
[2024-06-18T02:24:07.146+0000] {logging_mixin.py:188} INFO - [2024-06-18T02:24:07.146+0000] {dagbag.py:545} INFO - Filling up the DagBag from /home/airflow/.local/lib/python3.12/site-packages/airflow/example_dags/example_xcomargs.py
[2024-06-18T02:24:07.159+0000] {processor.py:840} INFO - DAG(s) 'example_xcom_args', 'example_xcom_args_with_operators' retrieved from /home/airflow/.local/lib/python3.12/site-packages/airflow/example_dags/example_xcomargs.py
[2024-06-18T02:24:07.194+0000] {logging_mixin.py:188} INFO - [2024-06-18T02:24:07.194+0000] {dag.py:3096} INFO - Sync 2 DAGs
[2024-06-18T02:24:07.214+0000] {logging_mixin.py:188} INFO - [2024-06-18T02:24:07.214+0000] {dag.py:3954} INFO - Setting next_dagrun for example_xcom_args to None, run_after=None
[2024-06-18T02:24:07.228+0000] {logging_mixin.py:188} INFO - [2024-06-18T02:24:07.228+0000] {dag.py:3954} INFO - Setting next_dagrun for example_xcom_args_with_operators to None, run_after=None
[2024-06-18T02:24:07.312+0000] {processor.py:183} INFO - Processing /home/airflow/.local/lib/python3.12/site-packages/airflow/example_dags/example_xcomargs.py took 0.179 seconds
[2024-06-18T02:24:37.441+0000] {processor.py:161} INFO - Started process (PID=65524) to work on /home/airflow/.local/lib/python3.12/site-packages/airflow/example_dags/example_xcomargs.py
[2024-06-18T02:24:37.442+0000] {processor.py:830} INFO - Processing file /home/airflow/.local/lib/python3.12/site-packages/airflow/example_dags/example_xcomargs.py for tasks to queue
[2024-06-18T02:24:37.444+0000] {logging_mixin.py:188} INFO - [2024-06-18T02:24:37.443+0000] {dagbag.py:545} INFO - Filling up the DagBag from /home/airflow/.local/lib/python3.12/site-packages/airflow/example_dags/example_xcomargs.py
[2024-06-18T02:24:37.454+0000] {processor.py:840} INFO - DAG(s) 'example_xcom_args', 'example_xcom_args_with_operators' retrieved from /home/airflow/.local/lib/python3.12/site-packages/airflow/example_dags/example_xcomargs.py
[2024-06-18T02:24:37.483+0000] {logging_mixin.py:188} INFO - [2024-06-18T02:24:37.482+0000] {dag.py:3096} INFO - Sync 2 DAGs
[2024-06-18T02:24:37.496+0000] {logging_mixin.py:188} INFO - [2024-06-18T02:24:37.496+0000] {dag.py:3954} INFO - Setting next_dagrun for example_xcom_args to None, run_after=None
[2024-06-18T02:24:37.501+0000] {logging_mixin.py:188} INFO - [2024-06-18T02:24:37.501+0000] {dag.py:3954} INFO - Setting next_dagrun for example_xcom_args_with_operators to None, run_after=None
[2024-06-18T02:24:37.523+0000] {processor.py:183} INFO - Processing /home/airflow/.local/lib/python3.12/site-packages/airflow/example_dags/example_xcomargs.py took 0.090 seconds
[2024-06-18T02:25:08.091+0000] {processor.py:161} INFO - Started process (PID=65582) to work on /home/airflow/.local/lib/python3.12/site-packages/airflow/example_dags/example_xcomargs.py
[2024-06-18T02:25:08.092+0000] {processor.py:830} INFO - Processing file /home/airflow/.local/lib/python3.12/site-packages/airflow/example_dags/example_xcomargs.py for tasks to queue
[2024-06-18T02:25:08.093+0000] {logging_mixin.py:188} INFO - [2024-06-18T02:25:08.093+0000] {dagbag.py:545} INFO - Filling up the DagBag from /home/airflow/.local/lib/python3.12/site-packages/airflow/example_dags/example_xcomargs.py
[2024-06-18T02:25:08.101+0000] {processor.py:840} INFO - DAG(s) 'example_xcom_args_with_operators', 'example_xcom_args' retrieved from /home/airflow/.local/lib/python3.12/site-packages/airflow/example_dags/example_xcomargs.py
[2024-06-18T02:25:08.128+0000] {logging_mixin.py:188} INFO - [2024-06-18T02:25:08.127+0000] {dag.py:3096} INFO - Sync 2 DAGs
[2024-06-18T02:25:08.140+0000] {logging_mixin.py:188} INFO - [2024-06-18T02:25:08.140+0000] {dag.py:3954} INFO - Setting next_dagrun for example_xcom_args to None, run_after=None
[2024-06-18T02:25:08.144+0000] {logging_mixin.py:188} INFO - [2024-06-18T02:25:08.144+0000] {dag.py:3954} INFO - Setting next_dagrun for example_xcom_args_with_operators to None, run_after=None
[2024-06-18T02:25:08.162+0000] {processor.py:183} INFO - Processing /home/airflow/.local/lib/python3.12/site-packages/airflow/example_dags/example_xcomargs.py took 0.077 seconds
[2024-06-18T02:25:38.575+0000] {processor.py:161} INFO - Started process (PID=65640) to work on /home/airflow/.local/lib/python3.12/site-packages/airflow/example_dags/example_xcomargs.py
[2024-06-18T02:25:38.576+0000] {processor.py:830} INFO - Processing file /home/airflow/.local/lib/python3.12/site-packages/airflow/example_dags/example_xcomargs.py for tasks to queue
[2024-06-18T02:25:38.578+0000] {logging_mixin.py:188} INFO - [2024-06-18T02:25:38.577+0000] {dagbag.py:545} INFO - Filling up the DagBag from /home/airflow/.local/lib/python3.12/site-packages/airflow/example_dags/example_xcomargs.py
[2024-06-18T02:25:38.586+0000] {processor.py:840} INFO - DAG(s) 'example_xcom_args_with_operators', 'example_xcom_args' retrieved from /home/airflow/.local/lib/python3.12/site-packages/airflow/example_dags/example_xcomargs.py
[2024-06-18T02:25:38.616+0000] {logging_mixin.py:188} INFO - [2024-06-18T02:25:38.616+0000] {dag.py:3096} INFO - Sync 2 DAGs
[2024-06-18T02:25:38.633+0000] {logging_mixin.py:188} INFO - [2024-06-18T02:25:38.632+0000] {dag.py:3954} INFO - Setting next_dagrun for example_xcom_args to None, run_after=None
[2024-06-18T02:25:38.636+0000] {logging_mixin.py:188} INFO - [2024-06-18T02:25:38.636+0000] {dag.py:3954} INFO - Setting next_dagrun for example_xcom_args_with_operators to None, run_after=None
[2024-06-18T02:25:38.655+0000] {processor.py:183} INFO - Processing /home/airflow/.local/lib/python3.12/site-packages/airflow/example_dags/example_xcomargs.py took 0.087 seconds
[2024-06-18T02:26:08.754+0000] {processor.py:161} INFO - Started process (PID=65698) to work on /home/airflow/.local/lib/python3.12/site-packages/airflow/example_dags/example_xcomargs.py
[2024-06-18T02:26:08.755+0000] {processor.py:830} INFO - Processing file /home/airflow/.local/lib/python3.12/site-packages/airflow/example_dags/example_xcomargs.py for tasks to queue
[2024-06-18T02:26:08.757+0000] {logging_mixin.py:188} INFO - [2024-06-18T02:26:08.756+0000] {dagbag.py:545} INFO - Filling up the DagBag from /home/airflow/.local/lib/python3.12/site-packages/airflow/example_dags/example_xcomargs.py
[2024-06-18T02:26:08.764+0000] {processor.py:840} INFO - DAG(s) 'example_xcom_args', 'example_xcom_args_with_operators' retrieved from /home/airflow/.local/lib/python3.12/site-packages/airflow/example_dags/example_xcomargs.py
[2024-06-18T02:26:08.792+0000] {logging_mixin.py:188} INFO - [2024-06-18T02:26:08.791+0000] {dag.py:3096} INFO - Sync 2 DAGs
[2024-06-18T02:26:08.810+0000] {logging_mixin.py:188} INFO - [2024-06-18T02:26:08.809+0000] {dag.py:3954} INFO - Setting next_dagrun for example_xcom_args to None, run_after=None
[2024-06-18T02:26:08.815+0000] {logging_mixin.py:188} INFO - [2024-06-18T02:26:08.814+0000] {dag.py:3954} INFO - Setting next_dagrun for example_xcom_args_with_operators to None, run_after=None
[2024-06-18T02:26:08.835+0000] {processor.py:183} INFO - Processing /home/airflow/.local/lib/python3.12/site-packages/airflow/example_dags/example_xcomargs.py took 0.088 seconds
[2024-06-18T02:26:39.444+0000] {processor.py:161} INFO - Started process (PID=65756) to work on /home/airflow/.local/lib/python3.12/site-packages/airflow/example_dags/example_xcomargs.py
[2024-06-18T02:26:39.445+0000] {processor.py:830} INFO - Processing file /home/airflow/.local/lib/python3.12/site-packages/airflow/example_dags/example_xcomargs.py for tasks to queue
[2024-06-18T02:26:39.446+0000] {logging_mixin.py:188} INFO - [2024-06-18T02:26:39.446+0000] {dagbag.py:545} INFO - Filling up the DagBag from /home/airflow/.local/lib/python3.12/site-packages/airflow/example_dags/example_xcomargs.py
[2024-06-18T02:26:39.459+0000] {processor.py:840} INFO - DAG(s) 'example_xcom_args_with_operators', 'example_xcom_args' retrieved from /home/airflow/.local/lib/python3.12/site-packages/airflow/example_dags/example_xcomargs.py
[2024-06-18T02:26:39.487+0000] {logging_mixin.py:188} INFO - [2024-06-18T02:26:39.486+0000] {dag.py:3096} INFO - Sync 2 DAGs
[2024-06-18T02:26:39.500+0000] {logging_mixin.py:188} INFO - [2024-06-18T02:26:39.500+0000] {dag.py:3954} INFO - Setting next_dagrun for example_xcom_args to None, run_after=None
[2024-06-18T02:26:39.505+0000] {logging_mixin.py:188} INFO - [2024-06-18T02:26:39.505+0000] {dag.py:3954} INFO - Setting next_dagrun for example_xcom_args_with_operators to None, run_after=None
[2024-06-18T02:26:39.529+0000] {processor.py:183} INFO - Processing /home/airflow/.local/lib/python3.12/site-packages/airflow/example_dags/example_xcomargs.py took 0.094 seconds
[2024-06-18T02:27:10.093+0000] {processor.py:161} INFO - Started process (PID=65815) to work on /home/airflow/.local/lib/python3.12/site-packages/airflow/example_dags/example_xcomargs.py
[2024-06-18T02:27:10.095+0000] {processor.py:830} INFO - Processing file /home/airflow/.local/lib/python3.12/site-packages/airflow/example_dags/example_xcomargs.py for tasks to queue
[2024-06-18T02:27:10.096+0000] {logging_mixin.py:188} INFO - [2024-06-18T02:27:10.095+0000] {dagbag.py:545} INFO - Filling up the DagBag from /home/airflow/.local/lib/python3.12/site-packages/airflow/example_dags/example_xcomargs.py
[2024-06-18T02:27:10.105+0000] {processor.py:840} INFO - DAG(s) 'example_xcom_args', 'example_xcom_args_with_operators' retrieved from /home/airflow/.local/lib/python3.12/site-packages/airflow/example_dags/example_xcomargs.py
[2024-06-18T02:27:10.135+0000] {logging_mixin.py:188} INFO - [2024-06-18T02:27:10.135+0000] {dag.py:3096} INFO - Sync 2 DAGs
[2024-06-18T02:27:10.154+0000] {logging_mixin.py:188} INFO - [2024-06-18T02:27:10.154+0000] {dag.py:3954} INFO - Setting next_dagrun for example_xcom_args to None, run_after=None
[2024-06-18T02:27:10.161+0000] {logging_mixin.py:188} INFO - [2024-06-18T02:27:10.160+0000] {dag.py:3954} INFO - Setting next_dagrun for example_xcom_args_with_operators to None, run_after=None
[2024-06-18T02:27:10.187+0000] {processor.py:183} INFO - Processing /home/airflow/.local/lib/python3.12/site-packages/airflow/example_dags/example_xcomargs.py took 0.101 seconds
[2024-06-18T02:27:40.405+0000] {processor.py:161} INFO - Started process (PID=65873) to work on /home/airflow/.local/lib/python3.12/site-packages/airflow/example_dags/example_xcomargs.py
[2024-06-18T02:27:40.407+0000] {processor.py:830} INFO - Processing file /home/airflow/.local/lib/python3.12/site-packages/airflow/example_dags/example_xcomargs.py for tasks to queue
[2024-06-18T02:27:40.408+0000] {logging_mixin.py:188} INFO - [2024-06-18T02:27:40.408+0000] {dagbag.py:545} INFO - Filling up the DagBag from /home/airflow/.local/lib/python3.12/site-packages/airflow/example_dags/example_xcomargs.py
[2024-06-18T02:27:40.417+0000] {processor.py:840} INFO - DAG(s) 'example_xcom_args_with_operators', 'example_xcom_args' retrieved from /home/airflow/.local/lib/python3.12/site-packages/airflow/example_dags/example_xcomargs.py
[2024-06-18T02:27:40.442+0000] {logging_mixin.py:188} INFO - [2024-06-18T02:27:40.442+0000] {dag.py:3096} INFO - Sync 2 DAGs
[2024-06-18T02:27:40.456+0000] {logging_mixin.py:188} INFO - [2024-06-18T02:27:40.455+0000] {dag.py:3954} INFO - Setting next_dagrun for example_xcom_args to None, run_after=None
[2024-06-18T02:27:40.460+0000] {logging_mixin.py:188} INFO - [2024-06-18T02:27:40.460+0000] {dag.py:3954} INFO - Setting next_dagrun for example_xcom_args_with_operators to None, run_after=None
[2024-06-18T02:27:40.478+0000] {processor.py:183} INFO - Processing /home/airflow/.local/lib/python3.12/site-packages/airflow/example_dags/example_xcomargs.py took 0.082 seconds
[2024-06-18T02:28:10.719+0000] {processor.py:161} INFO - Started process (PID=65931) to work on /home/airflow/.local/lib/python3.12/site-packages/airflow/example_dags/example_xcomargs.py
[2024-06-18T02:28:10.722+0000] {processor.py:830} INFO - Processing file /home/airflow/.local/lib/python3.12/site-packages/airflow/example_dags/example_xcomargs.py for tasks to queue
[2024-06-18T02:28:10.723+0000] {logging_mixin.py:188} INFO - [2024-06-18T02:28:10.723+0000] {dagbag.py:545} INFO - Filling up the DagBag from /home/airflow/.local/lib/python3.12/site-packages/airflow/example_dags/example_xcomargs.py
[2024-06-18T02:28:10.731+0000] {processor.py:840} INFO - DAG(s) 'example_xcom_args', 'example_xcom_args_with_operators' retrieved from /home/airflow/.local/lib/python3.12/site-packages/airflow/example_dags/example_xcomargs.py
[2024-06-18T02:28:10.828+0000] {logging_mixin.py:188} INFO - [2024-06-18T02:28:10.828+0000] {dag.py:3096} INFO - Sync 2 DAGs
[2024-06-18T02:28:10.842+0000] {logging_mixin.py:188} INFO - [2024-06-18T02:28:10.842+0000] {dag.py:3954} INFO - Setting next_dagrun for example_xcom_args to None, run_after=None
[2024-06-18T02:28:10.846+0000] {logging_mixin.py:188} INFO - [2024-06-18T02:28:10.846+0000] {dag.py:3954} INFO - Setting next_dagrun for example_xcom_args_with_operators to None, run_after=None
[2024-06-18T02:28:10.865+0000] {processor.py:183} INFO - Processing /home/airflow/.local/lib/python3.12/site-packages/airflow/example_dags/example_xcomargs.py took 0.153 seconds
[2024-06-18T02:28:41.100+0000] {processor.py:161} INFO - Started process (PID=65989) to work on /home/airflow/.local/lib/python3.12/site-packages/airflow/example_dags/example_xcomargs.py
[2024-06-18T02:28:41.102+0000] {processor.py:830} INFO - Processing file /home/airflow/.local/lib/python3.12/site-packages/airflow/example_dags/example_xcomargs.py for tasks to queue
[2024-06-18T02:28:41.103+0000] {logging_mixin.py:188} INFO - [2024-06-18T02:28:41.102+0000] {dagbag.py:545} INFO - Filling up the DagBag from /home/airflow/.local/lib/python3.12/site-packages/airflow/example_dags/example_xcomargs.py
[2024-06-18T02:28:41.113+0000] {processor.py:840} INFO - DAG(s) 'example_xcom_args', 'example_xcom_args_with_operators' retrieved from /home/airflow/.local/lib/python3.12/site-packages/airflow/example_dags/example_xcomargs.py
[2024-06-18T02:28:41.143+0000] {logging_mixin.py:188} INFO - [2024-06-18T02:28:41.142+0000] {dag.py:3096} INFO - Sync 2 DAGs
[2024-06-18T02:28:41.158+0000] {logging_mixin.py:188} INFO - [2024-06-18T02:28:41.158+0000] {dag.py:3954} INFO - Setting next_dagrun for example_xcom_args to None, run_after=None
[2024-06-18T02:28:41.164+0000] {logging_mixin.py:188} INFO - [2024-06-18T02:28:41.163+0000] {dag.py:3954} INFO - Setting next_dagrun for example_xcom_args_with_operators to None, run_after=None
[2024-06-18T02:28:41.188+0000] {processor.py:183} INFO - Processing /home/airflow/.local/lib/python3.12/site-packages/airflow/example_dags/example_xcomargs.py took 0.095 seconds
[2024-06-18T02:29:11.505+0000] {processor.py:161} INFO - Started process (PID=66048) to work on /home/airflow/.local/lib/python3.12/site-packages/airflow/example_dags/example_xcomargs.py
[2024-06-18T02:29:11.508+0000] {processor.py:830} INFO - Processing file /home/airflow/.local/lib/python3.12/site-packages/airflow/example_dags/example_xcomargs.py for tasks to queue
[2024-06-18T02:29:11.509+0000] {logging_mixin.py:188} INFO - [2024-06-18T02:29:11.509+0000] {dagbag.py:545} INFO - Filling up the DagBag from /home/airflow/.local/lib/python3.12/site-packages/airflow/example_dags/example_xcomargs.py
[2024-06-18T02:29:11.518+0000] {processor.py:840} INFO - DAG(s) 'example_xcom_args', 'example_xcom_args_with_operators' retrieved from /home/airflow/.local/lib/python3.12/site-packages/airflow/example_dags/example_xcomargs.py
[2024-06-18T02:29:11.547+0000] {logging_mixin.py:188} INFO - [2024-06-18T02:29:11.546+0000] {dag.py:3096} INFO - Sync 2 DAGs
[2024-06-18T02:29:11.563+0000] {logging_mixin.py:188} INFO - [2024-06-18T02:29:11.562+0000] {dag.py:3954} INFO - Setting next_dagrun for example_xcom_args to None, run_after=None
[2024-06-18T02:29:11.567+0000] {logging_mixin.py:188} INFO - [2024-06-18T02:29:11.567+0000] {dag.py:3954} INFO - Setting next_dagrun for example_xcom_args_with_operators to None, run_after=None
[2024-06-18T02:29:11.588+0000] {processor.py:183} INFO - Processing /home/airflow/.local/lib/python3.12/site-packages/airflow/example_dags/example_xcomargs.py took 0.092 seconds
[2024-06-18T02:29:41.801+0000] {processor.py:161} INFO - Started process (PID=66106) to work on /home/airflow/.local/lib/python3.12/site-packages/airflow/example_dags/example_xcomargs.py
[2024-06-18T02:29:41.802+0000] {processor.py:830} INFO - Processing file /home/airflow/.local/lib/python3.12/site-packages/airflow/example_dags/example_xcomargs.py for tasks to queue
[2024-06-18T02:29:41.803+0000] {logging_mixin.py:188} INFO - [2024-06-18T02:29:41.803+0000] {dagbag.py:545} INFO - Filling up the DagBag from /home/airflow/.local/lib/python3.12/site-packages/airflow/example_dags/example_xcomargs.py
[2024-06-18T02:29:41.813+0000] {processor.py:840} INFO - DAG(s) 'example_xcom_args_with_operators', 'example_xcom_args' retrieved from /home/airflow/.local/lib/python3.12/site-packages/airflow/example_dags/example_xcomargs.py
[2024-06-18T02:29:41.839+0000] {logging_mixin.py:188} INFO - [2024-06-18T02:29:41.838+0000] {dag.py:3096} INFO - Sync 2 DAGs
[2024-06-18T02:29:41.852+0000] {logging_mixin.py:188} INFO - [2024-06-18T02:29:41.852+0000] {dag.py:3954} INFO - Setting next_dagrun for example_xcom_args to None, run_after=None
[2024-06-18T02:29:41.856+0000] {logging_mixin.py:188} INFO - [2024-06-18T02:29:41.856+0000] {dag.py:3954} INFO - Setting next_dagrun for example_xcom_args_with_operators to None, run_after=None
[2024-06-18T02:29:41.876+0000] {processor.py:183} INFO - Processing /home/airflow/.local/lib/python3.12/site-packages/airflow/example_dags/example_xcomargs.py took 0.081 seconds
[2024-06-18T02:30:12.466+0000] {processor.py:161} INFO - Started process (PID=66164) to work on /home/airflow/.local/lib/python3.12/site-packages/airflow/example_dags/example_xcomargs.py
[2024-06-18T02:30:12.468+0000] {processor.py:830} INFO - Processing file /home/airflow/.local/lib/python3.12/site-packages/airflow/example_dags/example_xcomargs.py for tasks to queue
[2024-06-18T02:30:12.469+0000] {logging_mixin.py:188} INFO - [2024-06-18T02:30:12.469+0000] {dagbag.py:545} INFO - Filling up the DagBag from /home/airflow/.local/lib/python3.12/site-packages/airflow/example_dags/example_xcomargs.py
[2024-06-18T02:30:12.478+0000] {processor.py:840} INFO - DAG(s) 'example_xcom_args_with_operators', 'example_xcom_args' retrieved from /home/airflow/.local/lib/python3.12/site-packages/airflow/example_dags/example_xcomargs.py
[2024-06-18T02:30:12.507+0000] {logging_mixin.py:188} INFO - [2024-06-18T02:30:12.507+0000] {dag.py:3096} INFO - Sync 2 DAGs
[2024-06-18T02:30:12.520+0000] {logging_mixin.py:188} INFO - [2024-06-18T02:30:12.520+0000] {dag.py:3954} INFO - Setting next_dagrun for example_xcom_args to None, run_after=None
[2024-06-18T02:30:12.524+0000] {logging_mixin.py:188} INFO - [2024-06-18T02:30:12.524+0000] {dag.py:3954} INFO - Setting next_dagrun for example_xcom_args_with_operators to None, run_after=None
[2024-06-18T02:30:12.543+0000] {processor.py:183} INFO - Processing /home/airflow/.local/lib/python3.12/site-packages/airflow/example_dags/example_xcomargs.py took 0.082 seconds
[2024-06-18T02:30:43.171+0000] {processor.py:161} INFO - Started process (PID=66228) to work on /home/airflow/.local/lib/python3.12/site-packages/airflow/example_dags/example_xcomargs.py
[2024-06-18T02:30:43.173+0000] {processor.py:830} INFO - Processing file /home/airflow/.local/lib/python3.12/site-packages/airflow/example_dags/example_xcomargs.py for tasks to queue
[2024-06-18T02:30:43.174+0000] {logging_mixin.py:188} INFO - [2024-06-18T02:30:43.174+0000] {dagbag.py:545} INFO - Filling up the DagBag from /home/airflow/.local/lib/python3.12/site-packages/airflow/example_dags/example_xcomargs.py
[2024-06-18T02:30:43.186+0000] {processor.py:840} INFO - DAG(s) 'example_xcom_args_with_operators', 'example_xcom_args' retrieved from /home/airflow/.local/lib/python3.12/site-packages/airflow/example_dags/example_xcomargs.py
[2024-06-18T02:30:43.218+0000] {logging_mixin.py:188} INFO - [2024-06-18T02:30:43.217+0000] {dag.py:3096} INFO - Sync 2 DAGs
[2024-06-18T02:30:43.237+0000] {logging_mixin.py:188} INFO - [2024-06-18T02:30:43.237+0000] {dag.py:3954} INFO - Setting next_dagrun for example_xcom_args to None, run_after=None
[2024-06-18T02:30:43.245+0000] {logging_mixin.py:188} INFO - [2024-06-18T02:30:43.245+0000] {dag.py:3954} INFO - Setting next_dagrun for example_xcom_args_with_operators to None, run_after=None
[2024-06-18T02:30:43.272+0000] {processor.py:183} INFO - Processing /home/airflow/.local/lib/python3.12/site-packages/airflow/example_dags/example_xcomargs.py took 0.108 seconds
[2024-06-18T02:31:13.344+0000] {processor.py:161} INFO - Started process (PID=66286) to work on /home/airflow/.local/lib/python3.12/site-packages/airflow/example_dags/example_xcomargs.py
[2024-06-18T02:31:13.346+0000] {processor.py:830} INFO - Processing file /home/airflow/.local/lib/python3.12/site-packages/airflow/example_dags/example_xcomargs.py for tasks to queue
[2024-06-18T02:31:13.347+0000] {logging_mixin.py:188} INFO - [2024-06-18T02:31:13.346+0000] {dagbag.py:545} INFO - Filling up the DagBag from /home/airflow/.local/lib/python3.12/site-packages/airflow/example_dags/example_xcomargs.py
[2024-06-18T02:31:13.355+0000] {processor.py:840} INFO - DAG(s) 'example_xcom_args', 'example_xcom_args_with_operators' retrieved from /home/airflow/.local/lib/python3.12/site-packages/airflow/example_dags/example_xcomargs.py
[2024-06-18T02:31:13.382+0000] {logging_mixin.py:188} INFO - [2024-06-18T02:31:13.381+0000] {dag.py:3096} INFO - Sync 2 DAGs
[2024-06-18T02:31:13.398+0000] {logging_mixin.py:188} INFO - [2024-06-18T02:31:13.397+0000] {dag.py:3954} INFO - Setting next_dagrun for example_xcom_args to None, run_after=None
[2024-06-18T02:31:13.403+0000] {logging_mixin.py:188} INFO - [2024-06-18T02:31:13.402+0000] {dag.py:3954} INFO - Setting next_dagrun for example_xcom_args_with_operators to None, run_after=None
[2024-06-18T02:31:13.426+0000] {processor.py:183} INFO - Processing /home/airflow/.local/lib/python3.12/site-packages/airflow/example_dags/example_xcomargs.py took 0.089 seconds
[2024-06-18T02:31:43.846+0000] {processor.py:161} INFO - Started process (PID=66344) to work on /home/airflow/.local/lib/python3.12/site-packages/airflow/example_dags/example_xcomargs.py
[2024-06-18T02:31:43.848+0000] {processor.py:830} INFO - Processing file /home/airflow/.local/lib/python3.12/site-packages/airflow/example_dags/example_xcomargs.py for tasks to queue
[2024-06-18T02:31:43.848+0000] {logging_mixin.py:188} INFO - [2024-06-18T02:31:43.848+0000] {dagbag.py:545} INFO - Filling up the DagBag from /home/airflow/.local/lib/python3.12/site-packages/airflow/example_dags/example_xcomargs.py
[2024-06-18T02:31:43.858+0000] {processor.py:840} INFO - DAG(s) 'example_xcom_args_with_operators', 'example_xcom_args' retrieved from /home/airflow/.local/lib/python3.12/site-packages/airflow/example_dags/example_xcomargs.py
[2024-06-18T02:31:43.885+0000] {logging_mixin.py:188} INFO - [2024-06-18T02:31:43.885+0000] {dag.py:3096} INFO - Sync 2 DAGs
[2024-06-18T02:31:43.898+0000] {logging_mixin.py:188} INFO - [2024-06-18T02:31:43.898+0000] {dag.py:3954} INFO - Setting next_dagrun for example_xcom_args to None, run_after=None
[2024-06-18T02:31:43.902+0000] {logging_mixin.py:188} INFO - [2024-06-18T02:31:43.902+0000] {dag.py:3954} INFO - Setting next_dagrun for example_xcom_args_with_operators to None, run_after=None
[2024-06-18T02:31:43.921+0000] {processor.py:183} INFO - Processing /home/airflow/.local/lib/python3.12/site-packages/airflow/example_dags/example_xcomargs.py took 0.080 seconds
[2024-06-18T02:32:13.979+0000] {processor.py:161} INFO - Started process (PID=66402) to work on /home/airflow/.local/lib/python3.12/site-packages/airflow/example_dags/example_xcomargs.py
[2024-06-18T02:32:13.980+0000] {processor.py:830} INFO - Processing file /home/airflow/.local/lib/python3.12/site-packages/airflow/example_dags/example_xcomargs.py for tasks to queue
[2024-06-18T02:32:13.980+0000] {logging_mixin.py:188} INFO - [2024-06-18T02:32:13.980+0000] {dagbag.py:545} INFO - Filling up the DagBag from /home/airflow/.local/lib/python3.12/site-packages/airflow/example_dags/example_xcomargs.py
[2024-06-18T02:32:13.990+0000] {processor.py:840} INFO - DAG(s) 'example_xcom_args', 'example_xcom_args_with_operators' retrieved from /home/airflow/.local/lib/python3.12/site-packages/airflow/example_dags/example_xcomargs.py
[2024-06-18T02:32:14.016+0000] {logging_mixin.py:188} INFO - [2024-06-18T02:32:14.016+0000] {dag.py:3096} INFO - Sync 2 DAGs
[2024-06-18T02:32:14.031+0000] {logging_mixin.py:188} INFO - [2024-06-18T02:32:14.030+0000] {dag.py:3954} INFO - Setting next_dagrun for example_xcom_args to None, run_after=None
[2024-06-18T02:32:14.035+0000] {logging_mixin.py:188} INFO - [2024-06-18T02:32:14.034+0000] {dag.py:3954} INFO - Setting next_dagrun for example_xcom_args_with_operators to None, run_after=None
[2024-06-18T02:32:14.053+0000] {processor.py:183} INFO - Processing /home/airflow/.local/lib/python3.12/site-packages/airflow/example_dags/example_xcomargs.py took 0.080 seconds
[2024-06-18T02:32:44.195+0000] {processor.py:161} INFO - Started process (PID=66460) to work on /home/airflow/.local/lib/python3.12/site-packages/airflow/example_dags/example_xcomargs.py
[2024-06-18T02:32:44.197+0000] {processor.py:830} INFO - Processing file /home/airflow/.local/lib/python3.12/site-packages/airflow/example_dags/example_xcomargs.py for tasks to queue
[2024-06-18T02:32:44.199+0000] {logging_mixin.py:188} INFO - [2024-06-18T02:32:44.198+0000] {dagbag.py:545} INFO - Filling up the DagBag from /home/airflow/.local/lib/python3.12/site-packages/airflow/example_dags/example_xcomargs.py
[2024-06-18T02:32:44.212+0000] {processor.py:840} INFO - DAG(s) 'example_xcom_args_with_operators', 'example_xcom_args' retrieved from /home/airflow/.local/lib/python3.12/site-packages/airflow/example_dags/example_xcomargs.py
[2024-06-18T02:32:44.240+0000] {logging_mixin.py:188} INFO - [2024-06-18T02:32:44.239+0000] {dag.py:3096} INFO - Sync 2 DAGs
[2024-06-18T02:32:44.253+0000] {logging_mixin.py:188} INFO - [2024-06-18T02:32:44.253+0000] {dag.py:3954} INFO - Setting next_dagrun for example_xcom_args to None, run_after=None
[2024-06-18T02:32:44.257+0000] {logging_mixin.py:188} INFO - [2024-06-18T02:32:44.257+0000] {dag.py:3954} INFO - Setting next_dagrun for example_xcom_args_with_operators to None, run_after=None
[2024-06-18T02:32:44.278+0000] {processor.py:183} INFO - Processing /home/airflow/.local/lib/python3.12/site-packages/airflow/example_dags/example_xcomargs.py took 0.089 seconds
[2024-06-18T02:33:14.408+0000] {processor.py:161} INFO - Started process (PID=66518) to work on /home/airflow/.local/lib/python3.12/site-packages/airflow/example_dags/example_xcomargs.py
[2024-06-18T02:33:14.410+0000] {processor.py:830} INFO - Processing file /home/airflow/.local/lib/python3.12/site-packages/airflow/example_dags/example_xcomargs.py for tasks to queue
[2024-06-18T02:33:14.411+0000] {logging_mixin.py:188} INFO - [2024-06-18T02:33:14.410+0000] {dagbag.py:545} INFO - Filling up the DagBag from /home/airflow/.local/lib/python3.12/site-packages/airflow/example_dags/example_xcomargs.py
[2024-06-18T02:33:14.421+0000] {processor.py:840} INFO - DAG(s) 'example_xcom_args', 'example_xcom_args_with_operators' retrieved from /home/airflow/.local/lib/python3.12/site-packages/airflow/example_dags/example_xcomargs.py
[2024-06-18T02:33:14.454+0000] {logging_mixin.py:188} INFO - [2024-06-18T02:33:14.454+0000] {dag.py:3096} INFO - Sync 2 DAGs
[2024-06-18T02:33:14.470+0000] {logging_mixin.py:188} INFO - [2024-06-18T02:33:14.469+0000] {dag.py:3954} INFO - Setting next_dagrun for example_xcom_args to None, run_after=None
[2024-06-18T02:33:14.475+0000] {logging_mixin.py:188} INFO - [2024-06-18T02:33:14.475+0000] {dag.py:3954} INFO - Setting next_dagrun for example_xcom_args_with_operators to None, run_after=None
[2024-06-18T02:33:14.498+0000] {processor.py:183} INFO - Processing /home/airflow/.local/lib/python3.12/site-packages/airflow/example_dags/example_xcomargs.py took 0.098 seconds
[2024-06-18T02:33:44.783+0000] {processor.py:161} INFO - Started process (PID=66576) to work on /home/airflow/.local/lib/python3.12/site-packages/airflow/example_dags/example_xcomargs.py
[2024-06-18T02:33:44.785+0000] {processor.py:830} INFO - Processing file /home/airflow/.local/lib/python3.12/site-packages/airflow/example_dags/example_xcomargs.py for tasks to queue
[2024-06-18T02:33:44.786+0000] {logging_mixin.py:188} INFO - [2024-06-18T02:33:44.786+0000] {dagbag.py:545} INFO - Filling up the DagBag from /home/airflow/.local/lib/python3.12/site-packages/airflow/example_dags/example_xcomargs.py
[2024-06-18T02:33:44.796+0000] {processor.py:840} INFO - DAG(s) 'example_xcom_args_with_operators', 'example_xcom_args' retrieved from /home/airflow/.local/lib/python3.12/site-packages/airflow/example_dags/example_xcomargs.py
[2024-06-18T02:33:44.830+0000] {logging_mixin.py:188} INFO - [2024-06-18T02:33:44.829+0000] {dag.py:3096} INFO - Sync 2 DAGs
[2024-06-18T02:33:44.843+0000] {logging_mixin.py:188} INFO - [2024-06-18T02:33:44.843+0000] {dag.py:3954} INFO - Setting next_dagrun for example_xcom_args to None, run_after=None
[2024-06-18T02:33:44.847+0000] {logging_mixin.py:188} INFO - [2024-06-18T02:33:44.846+0000] {dag.py:3954} INFO - Setting next_dagrun for example_xcom_args_with_operators to None, run_after=None
[2024-06-18T02:33:44.871+0000] {processor.py:183} INFO - Processing /home/airflow/.local/lib/python3.12/site-packages/airflow/example_dags/example_xcomargs.py took 0.095 seconds
[2024-06-18T02:34:15.252+0000] {processor.py:161} INFO - Started process (PID=66634) to work on /home/airflow/.local/lib/python3.12/site-packages/airflow/example_dags/example_xcomargs.py
[2024-06-18T02:34:15.254+0000] {processor.py:830} INFO - Processing file /home/airflow/.local/lib/python3.12/site-packages/airflow/example_dags/example_xcomargs.py for tasks to queue
[2024-06-18T02:34:15.255+0000] {logging_mixin.py:188} INFO - [2024-06-18T02:34:15.255+0000] {dagbag.py:545} INFO - Filling up the DagBag from /home/airflow/.local/lib/python3.12/site-packages/airflow/example_dags/example_xcomargs.py
[2024-06-18T02:34:15.265+0000] {processor.py:840} INFO - DAG(s) 'example_xcom_args', 'example_xcom_args_with_operators' retrieved from /home/airflow/.local/lib/python3.12/site-packages/airflow/example_dags/example_xcomargs.py
[2024-06-18T02:34:15.292+0000] {logging_mixin.py:188} INFO - [2024-06-18T02:34:15.292+0000] {dag.py:3096} INFO - Sync 2 DAGs
[2024-06-18T02:34:15.306+0000] {logging_mixin.py:188} INFO - [2024-06-18T02:34:15.305+0000] {dag.py:3954} INFO - Setting next_dagrun for example_xcom_args to None, run_after=None
[2024-06-18T02:34:15.310+0000] {logging_mixin.py:188} INFO - [2024-06-18T02:34:15.310+0000] {dag.py:3954} INFO - Setting next_dagrun for example_xcom_args_with_operators to None, run_after=None
[2024-06-18T02:34:15.333+0000] {processor.py:183} INFO - Processing /home/airflow/.local/lib/python3.12/site-packages/airflow/example_dags/example_xcomargs.py took 0.087 seconds
[2024-06-18T02:34:45.476+0000] {processor.py:161} INFO - Started process (PID=66692) to work on /home/airflow/.local/lib/python3.12/site-packages/airflow/example_dags/example_xcomargs.py
[2024-06-18T02:34:45.477+0000] {processor.py:830} INFO - Processing file /home/airflow/.local/lib/python3.12/site-packages/airflow/example_dags/example_xcomargs.py for tasks to queue
[2024-06-18T02:34:45.478+0000] {logging_mixin.py:188} INFO - [2024-06-18T02:34:45.478+0000] {dagbag.py:545} INFO - Filling up the DagBag from /home/airflow/.local/lib/python3.12/site-packages/airflow/example_dags/example_xcomargs.py
[2024-06-18T02:34:45.486+0000] {processor.py:840} INFO - DAG(s) 'example_xcom_args_with_operators', 'example_xcom_args' retrieved from /home/airflow/.local/lib/python3.12/site-packages/airflow/example_dags/example_xcomargs.py
[2024-06-18T02:34:45.513+0000] {logging_mixin.py:188} INFO - [2024-06-18T02:34:45.513+0000] {dag.py:3096} INFO - Sync 2 DAGs
[2024-06-18T02:34:45.527+0000] {logging_mixin.py:188} INFO - [2024-06-18T02:34:45.527+0000] {dag.py:3954} INFO - Setting next_dagrun for example_xcom_args to None, run_after=None
[2024-06-18T02:34:45.531+0000] {logging_mixin.py:188} INFO - [2024-06-18T02:34:45.531+0000] {dag.py:3954} INFO - Setting next_dagrun for example_xcom_args_with_operators to None, run_after=None
[2024-06-18T02:34:45.550+0000] {processor.py:183} INFO - Processing /home/airflow/.local/lib/python3.12/site-packages/airflow/example_dags/example_xcomargs.py took 0.080 seconds
[2024-06-18T02:35:15.745+0000] {processor.py:161} INFO - Started process (PID=66750) to work on /home/airflow/.local/lib/python3.12/site-packages/airflow/example_dags/example_xcomargs.py
[2024-06-18T02:35:15.746+0000] {processor.py:830} INFO - Processing file /home/airflow/.local/lib/python3.12/site-packages/airflow/example_dags/example_xcomargs.py for tasks to queue
[2024-06-18T02:35:15.747+0000] {logging_mixin.py:188} INFO - [2024-06-18T02:35:15.747+0000] {dagbag.py:545} INFO - Filling up the DagBag from /home/airflow/.local/lib/python3.12/site-packages/airflow/example_dags/example_xcomargs.py
[2024-06-18T02:35:15.757+0000] {processor.py:840} INFO - DAG(s) 'example_xcom_args_with_operators', 'example_xcom_args' retrieved from /home/airflow/.local/lib/python3.12/site-packages/airflow/example_dags/example_xcomargs.py
[2024-06-18T02:35:15.783+0000] {logging_mixin.py:188} INFO - [2024-06-18T02:35:15.782+0000] {dag.py:3096} INFO - Sync 2 DAGs
[2024-06-18T02:35:15.797+0000] {logging_mixin.py:188} INFO - [2024-06-18T02:35:15.797+0000] {dag.py:3954} INFO - Setting next_dagrun for example_xcom_args to None, run_after=None
[2024-06-18T02:35:15.801+0000] {logging_mixin.py:188} INFO - [2024-06-18T02:35:15.801+0000] {dag.py:3954} INFO - Setting next_dagrun for example_xcom_args_with_operators to None, run_after=None
[2024-06-18T02:35:15.819+0000] {processor.py:183} INFO - Processing /home/airflow/.local/lib/python3.12/site-packages/airflow/example_dags/example_xcomargs.py took 0.081 seconds
[2024-06-18T02:35:45.853+0000] {processor.py:161} INFO - Started process (PID=66806) to work on /home/airflow/.local/lib/python3.12/site-packages/airflow/example_dags/example_xcomargs.py
[2024-06-18T02:35:45.855+0000] {processor.py:830} INFO - Processing file /home/airflow/.local/lib/python3.12/site-packages/airflow/example_dags/example_xcomargs.py for tasks to queue
[2024-06-18T02:35:45.856+0000] {logging_mixin.py:188} INFO - [2024-06-18T02:35:45.856+0000] {dagbag.py:545} INFO - Filling up the DagBag from /home/airflow/.local/lib/python3.12/site-packages/airflow/example_dags/example_xcomargs.py
[2024-06-18T02:35:45.866+0000] {processor.py:840} INFO - DAG(s) 'example_xcom_args', 'example_xcom_args_with_operators' retrieved from /home/airflow/.local/lib/python3.12/site-packages/airflow/example_dags/example_xcomargs.py
[2024-06-18T02:35:45.895+0000] {logging_mixin.py:188} INFO - [2024-06-18T02:35:45.894+0000] {dag.py:3096} INFO - Sync 2 DAGs
[2024-06-18T02:35:45.909+0000] {logging_mixin.py:188} INFO - [2024-06-18T02:35:45.909+0000] {dag.py:3954} INFO - Setting next_dagrun for example_xcom_args to None, run_after=None
[2024-06-18T02:35:45.913+0000] {logging_mixin.py:188} INFO - [2024-06-18T02:35:45.913+0000] {dag.py:3954} INFO - Setting next_dagrun for example_xcom_args_with_operators to None, run_after=None
[2024-06-18T02:35:45.932+0000] {processor.py:183} INFO - Processing /home/airflow/.local/lib/python3.12/site-packages/airflow/example_dags/example_xcomargs.py took 0.084 seconds
[2024-06-18T02:36:16.165+0000] {processor.py:161} INFO - Started process (PID=66864) to work on /home/airflow/.local/lib/python3.12/site-packages/airflow/example_dags/example_xcomargs.py
[2024-06-18T02:36:16.168+0000] {processor.py:830} INFO - Processing file /home/airflow/.local/lib/python3.12/site-packages/airflow/example_dags/example_xcomargs.py for tasks to queue
[2024-06-18T02:36:16.169+0000] {logging_mixin.py:188} INFO - [2024-06-18T02:36:16.169+0000] {dagbag.py:545} INFO - Filling up the DagBag from /home/airflow/.local/lib/python3.12/site-packages/airflow/example_dags/example_xcomargs.py
[2024-06-18T02:36:16.181+0000] {processor.py:840} INFO - DAG(s) 'example_xcom_args_with_operators', 'example_xcom_args' retrieved from /home/airflow/.local/lib/python3.12/site-packages/airflow/example_dags/example_xcomargs.py
[2024-06-18T02:36:16.216+0000] {logging_mixin.py:188} INFO - [2024-06-18T02:36:16.216+0000] {dag.py:3096} INFO - Sync 2 DAGs
[2024-06-18T02:36:16.236+0000] {logging_mixin.py:188} INFO - [2024-06-18T02:36:16.235+0000] {dag.py:3954} INFO - Setting next_dagrun for example_xcom_args to None, run_after=None
[2024-06-18T02:36:16.241+0000] {logging_mixin.py:188} INFO - [2024-06-18T02:36:16.241+0000] {dag.py:3954} INFO - Setting next_dagrun for example_xcom_args_with_operators to None, run_after=None
[2024-06-18T02:36:16.264+0000] {processor.py:183} INFO - Processing /home/airflow/.local/lib/python3.12/site-packages/airflow/example_dags/example_xcomargs.py took 0.107 seconds
[2024-06-18T02:36:46.332+0000] {processor.py:161} INFO - Started process (PID=66922) to work on /home/airflow/.local/lib/python3.12/site-packages/airflow/example_dags/example_xcomargs.py
[2024-06-18T02:36:46.334+0000] {processor.py:830} INFO - Processing file /home/airflow/.local/lib/python3.12/site-packages/airflow/example_dags/example_xcomargs.py for tasks to queue
[2024-06-18T02:36:46.335+0000] {logging_mixin.py:188} INFO - [2024-06-18T02:36:46.334+0000] {dagbag.py:545} INFO - Filling up the DagBag from /home/airflow/.local/lib/python3.12/site-packages/airflow/example_dags/example_xcomargs.py
[2024-06-18T02:36:46.344+0000] {processor.py:840} INFO - DAG(s) 'example_xcom_args', 'example_xcom_args_with_operators' retrieved from /home/airflow/.local/lib/python3.12/site-packages/airflow/example_dags/example_xcomargs.py
[2024-06-18T02:36:46.375+0000] {logging_mixin.py:188} INFO - [2024-06-18T02:36:46.374+0000] {dag.py:3096} INFO - Sync 2 DAGs
[2024-06-18T02:36:46.397+0000] {logging_mixin.py:188} INFO - [2024-06-18T02:36:46.396+0000] {dag.py:3954} INFO - Setting next_dagrun for example_xcom_args to None, run_after=None
[2024-06-18T02:36:46.405+0000] {logging_mixin.py:188} INFO - [2024-06-18T02:36:46.405+0000] {dag.py:3954} INFO - Setting next_dagrun for example_xcom_args_with_operators to None, run_after=None
[2024-06-18T02:36:46.431+0000] {processor.py:183} INFO - Processing /home/airflow/.local/lib/python3.12/site-packages/airflow/example_dags/example_xcomargs.py took 0.108 seconds
[2024-06-18T02:37:17.206+0000] {processor.py:161} INFO - Started process (PID=66980) to work on /home/airflow/.local/lib/python3.12/site-packages/airflow/example_dags/example_xcomargs.py
[2024-06-18T02:37:17.207+0000] {processor.py:830} INFO - Processing file /home/airflow/.local/lib/python3.12/site-packages/airflow/example_dags/example_xcomargs.py for tasks to queue
[2024-06-18T02:37:17.208+0000] {logging_mixin.py:188} INFO - [2024-06-18T02:37:17.208+0000] {dagbag.py:545} INFO - Filling up the DagBag from /home/airflow/.local/lib/python3.12/site-packages/airflow/example_dags/example_xcomargs.py
[2024-06-18T02:37:17.220+0000] {processor.py:840} INFO - DAG(s) 'example_xcom_args', 'example_xcom_args_with_operators' retrieved from /home/airflow/.local/lib/python3.12/site-packages/airflow/example_dags/example_xcomargs.py
[2024-06-18T02:37:17.251+0000] {logging_mixin.py:188} INFO - [2024-06-18T02:37:17.250+0000] {dag.py:3096} INFO - Sync 2 DAGs
[2024-06-18T02:37:17.269+0000] {logging_mixin.py:188} INFO - [2024-06-18T02:37:17.269+0000] {dag.py:3954} INFO - Setting next_dagrun for example_xcom_args to None, run_after=None
[2024-06-18T02:37:17.275+0000] {logging_mixin.py:188} INFO - [2024-06-18T02:37:17.274+0000] {dag.py:3954} INFO - Setting next_dagrun for example_xcom_args_with_operators to None, run_after=None
[2024-06-18T02:37:17.299+0000] {processor.py:183} INFO - Processing /home/airflow/.local/lib/python3.12/site-packages/airflow/example_dags/example_xcomargs.py took 0.099 seconds
[2024-06-18T02:37:47.445+0000] {processor.py:161} INFO - Started process (PID=67038) to work on /home/airflow/.local/lib/python3.12/site-packages/airflow/example_dags/example_xcomargs.py
[2024-06-18T02:37:47.447+0000] {processor.py:830} INFO - Processing file /home/airflow/.local/lib/python3.12/site-packages/airflow/example_dags/example_xcomargs.py for tasks to queue
[2024-06-18T02:37:47.447+0000] {logging_mixin.py:188} INFO - [2024-06-18T02:37:47.447+0000] {dagbag.py:545} INFO - Filling up the DagBag from /home/airflow/.local/lib/python3.12/site-packages/airflow/example_dags/example_xcomargs.py
[2024-06-18T02:37:47.456+0000] {processor.py:840} INFO - DAG(s) 'example_xcom_args', 'example_xcom_args_with_operators' retrieved from /home/airflow/.local/lib/python3.12/site-packages/airflow/example_dags/example_xcomargs.py
[2024-06-18T02:37:47.480+0000] {logging_mixin.py:188} INFO - [2024-06-18T02:37:47.480+0000] {dag.py:3096} INFO - Sync 2 DAGs
[2024-06-18T02:37:47.496+0000] {logging_mixin.py:188} INFO - [2024-06-18T02:37:47.496+0000] {dag.py:3954} INFO - Setting next_dagrun for example_xcom_args to None, run_after=None
[2024-06-18T02:37:47.501+0000] {logging_mixin.py:188} INFO - [2024-06-18T02:37:47.501+0000] {dag.py:3954} INFO - Setting next_dagrun for example_xcom_args_with_operators to None, run_after=None
[2024-06-18T02:37:47.518+0000] {processor.py:183} INFO - Processing /home/airflow/.local/lib/python3.12/site-packages/airflow/example_dags/example_xcomargs.py took 0.080 seconds
[2024-06-18T02:38:18.142+0000] {processor.py:161} INFO - Started process (PID=67096) to work on /home/airflow/.local/lib/python3.12/site-packages/airflow/example_dags/example_xcomargs.py
[2024-06-18T02:38:18.144+0000] {processor.py:830} INFO - Processing file /home/airflow/.local/lib/python3.12/site-packages/airflow/example_dags/example_xcomargs.py for tasks to queue
[2024-06-18T02:38:18.146+0000] {logging_mixin.py:188} INFO - [2024-06-18T02:38:18.145+0000] {dagbag.py:545} INFO - Filling up the DagBag from /home/airflow/.local/lib/python3.12/site-packages/airflow/example_dags/example_xcomargs.py
[2024-06-18T02:38:18.160+0000] {processor.py:840} INFO - DAG(s) 'example_xcom_args', 'example_xcom_args_with_operators' retrieved from /home/airflow/.local/lib/python3.12/site-packages/airflow/example_dags/example_xcomargs.py
[2024-06-18T02:38:18.197+0000] {logging_mixin.py:188} INFO - [2024-06-18T02:38:18.196+0000] {dag.py:3096} INFO - Sync 2 DAGs
[2024-06-18T02:38:18.213+0000] {logging_mixin.py:188} INFO - [2024-06-18T02:38:18.213+0000] {dag.py:3954} INFO - Setting next_dagrun for example_xcom_args to None, run_after=None
[2024-06-18T02:38:18.217+0000] {logging_mixin.py:188} INFO - [2024-06-18T02:38:18.217+0000] {dag.py:3954} INFO - Setting next_dagrun for example_xcom_args_with_operators to None, run_after=None
[2024-06-18T02:38:18.237+0000] {processor.py:183} INFO - Processing /home/airflow/.local/lib/python3.12/site-packages/airflow/example_dags/example_xcomargs.py took 0.104 seconds
[2024-06-18T02:38:48.770+0000] {processor.py:161} INFO - Started process (PID=67154) to work on /home/airflow/.local/lib/python3.12/site-packages/airflow/example_dags/example_xcomargs.py
[2024-06-18T02:38:48.772+0000] {processor.py:830} INFO - Processing file /home/airflow/.local/lib/python3.12/site-packages/airflow/example_dags/example_xcomargs.py for tasks to queue
[2024-06-18T02:38:48.773+0000] {logging_mixin.py:188} INFO - [2024-06-18T02:38:48.772+0000] {dagbag.py:545} INFO - Filling up the DagBag from /home/airflow/.local/lib/python3.12/site-packages/airflow/example_dags/example_xcomargs.py
[2024-06-18T02:38:48.784+0000] {processor.py:840} INFO - DAG(s) 'example_xcom_args', 'example_xcom_args_with_operators' retrieved from /home/airflow/.local/lib/python3.12/site-packages/airflow/example_dags/example_xcomargs.py
[2024-06-18T02:38:48.834+0000] {logging_mixin.py:188} INFO - [2024-06-18T02:38:48.834+0000] {dag.py:3096} INFO - Sync 2 DAGs
[2024-06-18T02:38:48.858+0000] {logging_mixin.py:188} INFO - [2024-06-18T02:38:48.857+0000] {dag.py:3954} INFO - Setting next_dagrun for example_xcom_args to None, run_after=None
[2024-06-18T02:38:48.863+0000] {logging_mixin.py:188} INFO - [2024-06-18T02:38:48.862+0000] {dag.py:3954} INFO - Setting next_dagrun for example_xcom_args_with_operators to None, run_after=None
[2024-06-18T02:38:48.900+0000] {processor.py:183} INFO - Processing /home/airflow/.local/lib/python3.12/site-packages/airflow/example_dags/example_xcomargs.py took 0.138 seconds
[2024-06-18T02:39:19.808+0000] {processor.py:161} INFO - Started process (PID=67213) to work on /home/airflow/.local/lib/python3.12/site-packages/airflow/example_dags/example_xcomargs.py
[2024-06-18T02:39:19.810+0000] {processor.py:830} INFO - Processing file /home/airflow/.local/lib/python3.12/site-packages/airflow/example_dags/example_xcomargs.py for tasks to queue
[2024-06-18T02:39:19.812+0000] {logging_mixin.py:188} INFO - [2024-06-18T02:39:19.811+0000] {dagbag.py:545} INFO - Filling up the DagBag from /home/airflow/.local/lib/python3.12/site-packages/airflow/example_dags/example_xcomargs.py
[2024-06-18T02:39:19.827+0000] {processor.py:840} INFO - DAG(s) 'example_xcom_args', 'example_xcom_args_with_operators' retrieved from /home/airflow/.local/lib/python3.12/site-packages/airflow/example_dags/example_xcomargs.py
[2024-06-18T02:39:19.864+0000] {logging_mixin.py:188} INFO - [2024-06-18T02:39:19.863+0000] {dag.py:3096} INFO - Sync 2 DAGs
[2024-06-18T02:39:19.886+0000] {logging_mixin.py:188} INFO - [2024-06-18T02:39:19.886+0000] {dag.py:3954} INFO - Setting next_dagrun for example_xcom_args to None, run_after=None
[2024-06-18T02:39:19.894+0000] {logging_mixin.py:188} INFO - [2024-06-18T02:39:19.893+0000] {dag.py:3954} INFO - Setting next_dagrun for example_xcom_args_with_operators to None, run_after=None
[2024-06-18T02:39:19.920+0000] {processor.py:183} INFO - Processing /home/airflow/.local/lib/python3.12/site-packages/airflow/example_dags/example_xcomargs.py took 0.120 seconds
[2024-06-18T02:39:50.465+0000] {processor.py:161} INFO - Started process (PID=67271) to work on /home/airflow/.local/lib/python3.12/site-packages/airflow/example_dags/example_xcomargs.py
[2024-06-18T02:39:50.468+0000] {processor.py:830} INFO - Processing file /home/airflow/.local/lib/python3.12/site-packages/airflow/example_dags/example_xcomargs.py for tasks to queue
[2024-06-18T02:39:50.469+0000] {logging_mixin.py:188} INFO - [2024-06-18T02:39:50.469+0000] {dagbag.py:545} INFO - Filling up the DagBag from /home/airflow/.local/lib/python3.12/site-packages/airflow/example_dags/example_xcomargs.py
[2024-06-18T02:39:50.487+0000] {processor.py:840} INFO - DAG(s) 'example_xcom_args', 'example_xcom_args_with_operators' retrieved from /home/airflow/.local/lib/python3.12/site-packages/airflow/example_dags/example_xcomargs.py
[2024-06-18T02:39:50.525+0000] {logging_mixin.py:188} INFO - [2024-06-18T02:39:50.524+0000] {dag.py:3096} INFO - Sync 2 DAGs
[2024-06-18T02:39:50.542+0000] {logging_mixin.py:188} INFO - [2024-06-18T02:39:50.542+0000] {dag.py:3954} INFO - Setting next_dagrun for example_xcom_args to None, run_after=None
[2024-06-18T02:39:50.550+0000] {logging_mixin.py:188} INFO - [2024-06-18T02:39:50.549+0000] {dag.py:3954} INFO - Setting next_dagrun for example_xcom_args_with_operators to None, run_after=None
[2024-06-18T02:39:50.584+0000] {processor.py:183} INFO - Processing /home/airflow/.local/lib/python3.12/site-packages/airflow/example_dags/example_xcomargs.py took 0.127 seconds
[2024-06-18T02:40:43.044+0000] {processor.py:161} INFO - Started process (PID=67289) to work on /home/airflow/.local/lib/python3.12/site-packages/airflow/example_dags/example_xcomargs.py
[2024-06-18T02:40:43.046+0000] {processor.py:830} INFO - Processing file /home/airflow/.local/lib/python3.12/site-packages/airflow/example_dags/example_xcomargs.py for tasks to queue
[2024-06-18T02:40:43.047+0000] {logging_mixin.py:188} INFO - [2024-06-18T02:40:43.047+0000] {dagbag.py:545} INFO - Filling up the DagBag from /home/airflow/.local/lib/python3.12/site-packages/airflow/example_dags/example_xcomargs.py
[2024-06-18T02:40:43.064+0000] {processor.py:840} INFO - DAG(s) 'example_xcom_args_with_operators', 'example_xcom_args' retrieved from /home/airflow/.local/lib/python3.12/site-packages/airflow/example_dags/example_xcomargs.py
[2024-06-18T02:40:43.113+0000] {logging_mixin.py:188} INFO - [2024-06-18T02:40:43.113+0000] {dag.py:3096} INFO - Sync 2 DAGs
[2024-06-18T02:40:43.137+0000] {logging_mixin.py:188} INFO - [2024-06-18T02:40:43.136+0000] {dag.py:3954} INFO - Setting next_dagrun for example_xcom_args to None, run_after=None
[2024-06-18T02:40:43.144+0000] {logging_mixin.py:188} INFO - [2024-06-18T02:40:43.144+0000] {dag.py:3954} INFO - Setting next_dagrun for example_xcom_args_with_operators to None, run_after=None
[2024-06-18T02:40:43.173+0000] {processor.py:183} INFO - Processing /home/airflow/.local/lib/python3.12/site-packages/airflow/example_dags/example_xcomargs.py took 0.139 seconds
[2024-06-18T02:53:03.123+0000] {processor.py:161} INFO - Started process (PID=67343) to work on /home/airflow/.local/lib/python3.12/site-packages/airflow/example_dags/example_xcomargs.py
[2024-06-18T02:53:03.129+0000] {processor.py:830} INFO - Processing file /home/airflow/.local/lib/python3.12/site-packages/airflow/example_dags/example_xcomargs.py for tasks to queue
[2024-06-18T02:53:03.130+0000] {logging_mixin.py:188} INFO - [2024-06-18T02:53:03.130+0000] {dagbag.py:545} INFO - Filling up the DagBag from /home/airflow/.local/lib/python3.12/site-packages/airflow/example_dags/example_xcomargs.py
[2024-06-18T02:53:03.186+0000] {processor.py:840} INFO - DAG(s) 'example_xcom_args', 'example_xcom_args_with_operators' retrieved from /home/airflow/.local/lib/python3.12/site-packages/airflow/example_dags/example_xcomargs.py
[2024-06-18T02:53:03.229+0000] {logging_mixin.py:188} INFO - [2024-06-18T02:53:03.228+0000] {dag.py:3096} INFO - Sync 2 DAGs
[2024-06-18T02:53:03.247+0000] {logging_mixin.py:188} INFO - [2024-06-18T02:53:03.247+0000] {dag.py:3954} INFO - Setting next_dagrun for example_xcom_args to None, run_after=None
[2024-06-18T02:53:03.253+0000] {logging_mixin.py:188} INFO - [2024-06-18T02:53:03.253+0000] {dag.py:3954} INFO - Setting next_dagrun for example_xcom_args_with_operators to None, run_after=None
[2024-06-18T02:53:03.276+0000] {processor.py:183} INFO - Processing /home/airflow/.local/lib/python3.12/site-packages/airflow/example_dags/example_xcomargs.py took 0.160 seconds
[2024-06-18T02:53:33.552+0000] {processor.py:161} INFO - Started process (PID=67395) to work on /home/airflow/.local/lib/python3.12/site-packages/airflow/example_dags/example_xcomargs.py
[2024-06-18T02:53:33.553+0000] {processor.py:830} INFO - Processing file /home/airflow/.local/lib/python3.12/site-packages/airflow/example_dags/example_xcomargs.py for tasks to queue
[2024-06-18T02:53:33.554+0000] {logging_mixin.py:188} INFO - [2024-06-18T02:53:33.553+0000] {dagbag.py:545} INFO - Filling up the DagBag from /home/airflow/.local/lib/python3.12/site-packages/airflow/example_dags/example_xcomargs.py
[2024-06-18T02:53:33.565+0000] {processor.py:840} INFO - DAG(s) 'example_xcom_args', 'example_xcom_args_with_operators' retrieved from /home/airflow/.local/lib/python3.12/site-packages/airflow/example_dags/example_xcomargs.py
[2024-06-18T02:53:33.602+0000] {logging_mixin.py:188} INFO - [2024-06-18T02:53:33.602+0000] {dag.py:3096} INFO - Sync 2 DAGs
[2024-06-18T02:53:33.623+0000] {logging_mixin.py:188} INFO - [2024-06-18T02:53:33.622+0000] {dag.py:3954} INFO - Setting next_dagrun for example_xcom_args to None, run_after=None
[2024-06-18T02:53:33.629+0000] {logging_mixin.py:188} INFO - [2024-06-18T02:53:33.629+0000] {dag.py:3954} INFO - Setting next_dagrun for example_xcom_args_with_operators to None, run_after=None
[2024-06-18T02:53:33.655+0000] {processor.py:183} INFO - Processing /home/airflow/.local/lib/python3.12/site-packages/airflow/example_dags/example_xcomargs.py took 0.111 seconds
[2024-06-18T02:54:04.081+0000] {processor.py:161} INFO - Started process (PID=67453) to work on /home/airflow/.local/lib/python3.12/site-packages/airflow/example_dags/example_xcomargs.py
[2024-06-18T02:54:04.083+0000] {processor.py:830} INFO - Processing file /home/airflow/.local/lib/python3.12/site-packages/airflow/example_dags/example_xcomargs.py for tasks to queue
[2024-06-18T02:54:04.083+0000] {logging_mixin.py:188} INFO - [2024-06-18T02:54:04.083+0000] {dagbag.py:545} INFO - Filling up the DagBag from /home/airflow/.local/lib/python3.12/site-packages/airflow/example_dags/example_xcomargs.py
[2024-06-18T02:54:04.092+0000] {processor.py:840} INFO - DAG(s) 'example_xcom_args', 'example_xcom_args_with_operators' retrieved from /home/airflow/.local/lib/python3.12/site-packages/airflow/example_dags/example_xcomargs.py
[2024-06-18T02:54:04.117+0000] {logging_mixin.py:188} INFO - [2024-06-18T02:54:04.117+0000] {dag.py:3096} INFO - Sync 2 DAGs
[2024-06-18T02:54:04.131+0000] {logging_mixin.py:188} INFO - [2024-06-18T02:54:04.130+0000] {dag.py:3954} INFO - Setting next_dagrun for example_xcom_args to None, run_after=None
[2024-06-18T02:54:04.134+0000] {logging_mixin.py:188} INFO - [2024-06-18T02:54:04.134+0000] {dag.py:3954} INFO - Setting next_dagrun for example_xcom_args_with_operators to None, run_after=None
[2024-06-18T02:54:04.152+0000] {processor.py:183} INFO - Processing /home/airflow/.local/lib/python3.12/site-packages/airflow/example_dags/example_xcomargs.py took 0.076 seconds
[2024-06-18T02:54:34.250+0000] {processor.py:161} INFO - Started process (PID=67510) to work on /home/airflow/.local/lib/python3.12/site-packages/airflow/example_dags/example_xcomargs.py
[2024-06-18T02:54:34.251+0000] {processor.py:830} INFO - Processing file /home/airflow/.local/lib/python3.12/site-packages/airflow/example_dags/example_xcomargs.py for tasks to queue
[2024-06-18T02:54:34.252+0000] {logging_mixin.py:188} INFO - [2024-06-18T02:54:34.251+0000] {dagbag.py:545} INFO - Filling up the DagBag from /home/airflow/.local/lib/python3.12/site-packages/airflow/example_dags/example_xcomargs.py
[2024-06-18T02:54:34.260+0000] {processor.py:840} INFO - DAG(s) 'example_xcom_args', 'example_xcom_args_with_operators' retrieved from /home/airflow/.local/lib/python3.12/site-packages/airflow/example_dags/example_xcomargs.py
[2024-06-18T02:54:34.284+0000] {logging_mixin.py:188} INFO - [2024-06-18T02:54:34.284+0000] {dag.py:3096} INFO - Sync 2 DAGs
[2024-06-18T02:54:34.298+0000] {logging_mixin.py:188} INFO - [2024-06-18T02:54:34.297+0000] {dag.py:3954} INFO - Setting next_dagrun for example_xcom_args to None, run_after=None
[2024-06-18T02:54:34.302+0000] {logging_mixin.py:188} INFO - [2024-06-18T02:54:34.301+0000] {dag.py:3954} INFO - Setting next_dagrun for example_xcom_args_with_operators to None, run_after=None
[2024-06-18T02:54:34.319+0000] {processor.py:183} INFO - Processing /home/airflow/.local/lib/python3.12/site-packages/airflow/example_dags/example_xcomargs.py took 0.075 seconds
[2024-06-18T02:55:04.495+0000] {processor.py:161} INFO - Started process (PID=67568) to work on /home/airflow/.local/lib/python3.12/site-packages/airflow/example_dags/example_xcomargs.py
[2024-06-18T02:55:04.497+0000] {processor.py:830} INFO - Processing file /home/airflow/.local/lib/python3.12/site-packages/airflow/example_dags/example_xcomargs.py for tasks to queue
[2024-06-18T02:55:04.498+0000] {logging_mixin.py:188} INFO - [2024-06-18T02:55:04.498+0000] {dagbag.py:545} INFO - Filling up the DagBag from /home/airflow/.local/lib/python3.12/site-packages/airflow/example_dags/example_xcomargs.py
[2024-06-18T02:55:04.509+0000] {processor.py:840} INFO - DAG(s) 'example_xcom_args_with_operators', 'example_xcom_args' retrieved from /home/airflow/.local/lib/python3.12/site-packages/airflow/example_dags/example_xcomargs.py
[2024-06-18T02:55:04.543+0000] {logging_mixin.py:188} INFO - [2024-06-18T02:55:04.542+0000] {dag.py:3096} INFO - Sync 2 DAGs
[2024-06-18T02:55:04.559+0000] {logging_mixin.py:188} INFO - [2024-06-18T02:55:04.559+0000] {dag.py:3954} INFO - Setting next_dagrun for example_xcom_args to None, run_after=None
[2024-06-18T02:55:04.564+0000] {logging_mixin.py:188} INFO - [2024-06-18T02:55:04.564+0000] {dag.py:3954} INFO - Setting next_dagrun for example_xcom_args_with_operators to None, run_after=None
[2024-06-18T02:55:04.588+0000] {processor.py:183} INFO - Processing /home/airflow/.local/lib/python3.12/site-packages/airflow/example_dags/example_xcomargs.py took 0.101 seconds
[2024-06-18T02:55:34.717+0000] {processor.py:161} INFO - Started process (PID=67626) to work on /home/airflow/.local/lib/python3.12/site-packages/airflow/example_dags/example_xcomargs.py
[2024-06-18T02:55:34.718+0000] {processor.py:830} INFO - Processing file /home/airflow/.local/lib/python3.12/site-packages/airflow/example_dags/example_xcomargs.py for tasks to queue
[2024-06-18T02:55:34.719+0000] {logging_mixin.py:188} INFO - [2024-06-18T02:55:34.719+0000] {dagbag.py:545} INFO - Filling up the DagBag from /home/airflow/.local/lib/python3.12/site-packages/airflow/example_dags/example_xcomargs.py
[2024-06-18T02:55:34.728+0000] {processor.py:840} INFO - DAG(s) 'example_xcom_args', 'example_xcom_args_with_operators' retrieved from /home/airflow/.local/lib/python3.12/site-packages/airflow/example_dags/example_xcomargs.py
[2024-06-18T02:55:34.752+0000] {logging_mixin.py:188} INFO - [2024-06-18T02:55:34.752+0000] {dag.py:3096} INFO - Sync 2 DAGs
[2024-06-18T02:55:34.765+0000] {logging_mixin.py:188} INFO - [2024-06-18T02:55:34.765+0000] {dag.py:3954} INFO - Setting next_dagrun for example_xcom_args to None, run_after=None
[2024-06-18T02:55:34.769+0000] {logging_mixin.py:188} INFO - [2024-06-18T02:55:34.769+0000] {dag.py:3954} INFO - Setting next_dagrun for example_xcom_args_with_operators to None, run_after=None
[2024-06-18T02:55:34.790+0000] {processor.py:183} INFO - Processing /home/airflow/.local/lib/python3.12/site-packages/airflow/example_dags/example_xcomargs.py took 0.079 seconds
[2024-06-18T02:56:04.884+0000] {processor.py:161} INFO - Started process (PID=67684) to work on /home/airflow/.local/lib/python3.12/site-packages/airflow/example_dags/example_xcomargs.py
[2024-06-18T02:56:04.885+0000] {processor.py:830} INFO - Processing file /home/airflow/.local/lib/python3.12/site-packages/airflow/example_dags/example_xcomargs.py for tasks to queue
[2024-06-18T02:56:04.887+0000] {logging_mixin.py:188} INFO - [2024-06-18T02:56:04.886+0000] {dagbag.py:545} INFO - Filling up the DagBag from /home/airflow/.local/lib/python3.12/site-packages/airflow/example_dags/example_xcomargs.py
[2024-06-18T02:56:04.896+0000] {processor.py:840} INFO - DAG(s) 'example_xcom_args_with_operators', 'example_xcom_args' retrieved from /home/airflow/.local/lib/python3.12/site-packages/airflow/example_dags/example_xcomargs.py
[2024-06-18T02:56:04.925+0000] {logging_mixin.py:188} INFO - [2024-06-18T02:56:04.924+0000] {dag.py:3096} INFO - Sync 2 DAGs
[2024-06-18T02:56:04.941+0000] {logging_mixin.py:188} INFO - [2024-06-18T02:56:04.940+0000] {dag.py:3954} INFO - Setting next_dagrun for example_xcom_args to None, run_after=None
[2024-06-18T02:56:04.945+0000] {logging_mixin.py:188} INFO - [2024-06-18T02:56:04.945+0000] {dag.py:3954} INFO - Setting next_dagrun for example_xcom_args_with_operators to None, run_after=None
[2024-06-18T02:56:04.966+0000] {processor.py:183} INFO - Processing /home/airflow/.local/lib/python3.12/site-packages/airflow/example_dags/example_xcomargs.py took 0.089 seconds
[2024-06-18T02:56:35.510+0000] {processor.py:161} INFO - Started process (PID=67742) to work on /home/airflow/.local/lib/python3.12/site-packages/airflow/example_dags/example_xcomargs.py
[2024-06-18T02:56:35.541+0000] {processor.py:830} INFO - Processing file /home/airflow/.local/lib/python3.12/site-packages/airflow/example_dags/example_xcomargs.py for tasks to queue
[2024-06-18T02:56:35.659+0000] {logging_mixin.py:188} INFO - [2024-06-18T02:56:35.545+0000] {dagbag.py:545} INFO - Filling up the DagBag from /home/airflow/.local/lib/python3.12/site-packages/airflow/example_dags/example_xcomargs.py
[2024-06-18T02:56:35.888+0000] {processor.py:840} INFO - DAG(s) 'example_xcom_args_with_operators', 'example_xcom_args' retrieved from /home/airflow/.local/lib/python3.12/site-packages/airflow/example_dags/example_xcomargs.py
[2024-06-18T02:56:37.019+0000] {logging_mixin.py:188} INFO - [2024-06-18T02:56:37.019+0000] {process_utils.py:263} INFO - Waiting up to 5 seconds for processes to exit...
