[2024-06-18T02:21:45.670+0000] {processor.py:161} INFO - Started process (PID=65221) to work on /home/airflow/.local/lib/python3.12/site-packages/airflow/example_dags/example_python_operator.py
[2024-06-18T02:21:45.672+0000] {processor.py:830} INFO - Processing file /home/airflow/.local/lib/python3.12/site-packages/airflow/example_dags/example_python_operator.py for tasks to queue
[2024-06-18T02:21:45.674+0000] {logging_mixin.py:188} INFO - [2024-06-18T02:21:45.674+0000] {dagbag.py:545} INFO - Filling up the DagBag from /home/airflow/.local/lib/python3.12/site-packages/airflow/example_dags/example_python_operator.py
[2024-06-18T02:21:45.696+0000] {processor.py:840} INFO - DAG(s) 'example_python_operator' retrieved from /home/airflow/.local/lib/python3.12/site-packages/airflow/example_dags/example_python_operator.py
[2024-06-18T02:21:45.750+0000] {logging_mixin.py:188} INFO - [2024-06-18T02:21:45.749+0000] {dag.py:3096} INFO - Sync 1 DAGs
[2024-06-18T02:21:45.784+0000] {logging_mixin.py:188} INFO - [2024-06-18T02:21:45.784+0000] {dag.py:3954} INFO - Setting next_dagrun for example_python_operator to None, run_after=None
[2024-06-18T02:21:45.827+0000] {processor.py:183} INFO - Processing /home/airflow/.local/lib/python3.12/site-packages/airflow/example_dags/example_python_operator.py took 0.169 seconds
[2024-06-18T02:22:17.111+0000] {processor.py:161} INFO - Started process (PID=65279) to work on /home/airflow/.local/lib/python3.12/site-packages/airflow/example_dags/example_python_operator.py
[2024-06-18T02:22:17.113+0000] {processor.py:830} INFO - Processing file /home/airflow/.local/lib/python3.12/site-packages/airflow/example_dags/example_python_operator.py for tasks to queue
[2024-06-18T02:22:17.114+0000] {logging_mixin.py:188} INFO - [2024-06-18T02:22:17.114+0000] {dagbag.py:545} INFO - Filling up the DagBag from /home/airflow/.local/lib/python3.12/site-packages/airflow/example_dags/example_python_operator.py
[2024-06-18T02:22:17.171+0000] {processor.py:840} INFO - DAG(s) 'example_python_operator' retrieved from /home/airflow/.local/lib/python3.12/site-packages/airflow/example_dags/example_python_operator.py
[2024-06-18T02:22:17.355+0000] {logging_mixin.py:188} INFO - [2024-06-18T02:22:17.354+0000] {dag.py:3096} INFO - Sync 1 DAGs
[2024-06-18T02:22:17.977+0000] {logging_mixin.py:188} INFO - [2024-06-18T02:22:17.976+0000] {dag.py:3954} INFO - Setting next_dagrun for example_python_operator to None, run_after=None
[2024-06-18T02:22:18.030+0000] {processor.py:183} INFO - Processing /home/airflow/.local/lib/python3.12/site-packages/airflow/example_dags/example_python_operator.py took 0.930 seconds
[2024-06-18T02:22:48.250+0000] {processor.py:161} INFO - Started process (PID=65337) to work on /home/airflow/.local/lib/python3.12/site-packages/airflow/example_dags/example_python_operator.py
[2024-06-18T02:22:48.251+0000] {processor.py:830} INFO - Processing file /home/airflow/.local/lib/python3.12/site-packages/airflow/example_dags/example_python_operator.py for tasks to queue
[2024-06-18T02:22:48.253+0000] {logging_mixin.py:188} INFO - [2024-06-18T02:22:48.253+0000] {dagbag.py:545} INFO - Filling up the DagBag from /home/airflow/.local/lib/python3.12/site-packages/airflow/example_dags/example_python_operator.py
[2024-06-18T02:22:48.267+0000] {processor.py:840} INFO - DAG(s) 'example_python_operator' retrieved from /home/airflow/.local/lib/python3.12/site-packages/airflow/example_dags/example_python_operator.py
[2024-06-18T02:22:48.299+0000] {logging_mixin.py:188} INFO - [2024-06-18T02:22:48.299+0000] {dag.py:3096} INFO - Sync 1 DAGs
[2024-06-18T02:22:48.314+0000] {logging_mixin.py:188} INFO - [2024-06-18T02:22:48.314+0000] {dag.py:3954} INFO - Setting next_dagrun for example_python_operator to None, run_after=None
[2024-06-18T02:22:48.337+0000] {processor.py:183} INFO - Processing /home/airflow/.local/lib/python3.12/site-packages/airflow/example_dags/example_python_operator.py took 0.095 seconds
[2024-06-18T02:23:18.941+0000] {processor.py:161} INFO - Started process (PID=65396) to work on /home/airflow/.local/lib/python3.12/site-packages/airflow/example_dags/example_python_operator.py
[2024-06-18T02:23:18.942+0000] {processor.py:830} INFO - Processing file /home/airflow/.local/lib/python3.12/site-packages/airflow/example_dags/example_python_operator.py for tasks to queue
[2024-06-18T02:23:18.943+0000] {logging_mixin.py:188} INFO - [2024-06-18T02:23:18.943+0000] {dagbag.py:545} INFO - Filling up the DagBag from /home/airflow/.local/lib/python3.12/site-packages/airflow/example_dags/example_python_operator.py
[2024-06-18T02:23:18.965+0000] {processor.py:840} INFO - DAG(s) 'example_python_operator' retrieved from /home/airflow/.local/lib/python3.12/site-packages/airflow/example_dags/example_python_operator.py
[2024-06-18T02:23:19.013+0000] {logging_mixin.py:188} INFO - [2024-06-18T02:23:19.013+0000] {dag.py:3096} INFO - Sync 1 DAGs
[2024-06-18T02:23:19.039+0000] {logging_mixin.py:188} INFO - [2024-06-18T02:23:19.039+0000] {dag.py:3954} INFO - Setting next_dagrun for example_python_operator to None, run_after=None
[2024-06-18T02:23:19.062+0000] {processor.py:183} INFO - Processing /home/airflow/.local/lib/python3.12/site-packages/airflow/example_dags/example_python_operator.py took 0.132 seconds
[2024-06-18T02:23:49.449+0000] {processor.py:161} INFO - Started process (PID=65454) to work on /home/airflow/.local/lib/python3.12/site-packages/airflow/example_dags/example_python_operator.py
[2024-06-18T02:23:49.451+0000] {processor.py:830} INFO - Processing file /home/airflow/.local/lib/python3.12/site-packages/airflow/example_dags/example_python_operator.py for tasks to queue
[2024-06-18T02:23:49.452+0000] {logging_mixin.py:188} INFO - [2024-06-18T02:23:49.451+0000] {dagbag.py:545} INFO - Filling up the DagBag from /home/airflow/.local/lib/python3.12/site-packages/airflow/example_dags/example_python_operator.py
[2024-06-18T02:23:49.466+0000] {processor.py:840} INFO - DAG(s) 'example_python_operator' retrieved from /home/airflow/.local/lib/python3.12/site-packages/airflow/example_dags/example_python_operator.py
[2024-06-18T02:23:49.495+0000] {logging_mixin.py:188} INFO - [2024-06-18T02:23:49.495+0000] {dag.py:3096} INFO - Sync 1 DAGs
[2024-06-18T02:23:49.512+0000] {logging_mixin.py:188} INFO - [2024-06-18T02:23:49.512+0000] {dag.py:3954} INFO - Setting next_dagrun for example_python_operator to None, run_after=None
[2024-06-18T02:23:49.540+0000] {processor.py:183} INFO - Processing /home/airflow/.local/lib/python3.12/site-packages/airflow/example_dags/example_python_operator.py took 0.098 seconds
[2024-06-18T02:24:19.770+0000] {processor.py:161} INFO - Started process (PID=65512) to work on /home/airflow/.local/lib/python3.12/site-packages/airflow/example_dags/example_python_operator.py
[2024-06-18T02:24:19.771+0000] {processor.py:830} INFO - Processing file /home/airflow/.local/lib/python3.12/site-packages/airflow/example_dags/example_python_operator.py for tasks to queue
[2024-06-18T02:24:19.772+0000] {logging_mixin.py:188} INFO - [2024-06-18T02:24:19.772+0000] {dagbag.py:545} INFO - Filling up the DagBag from /home/airflow/.local/lib/python3.12/site-packages/airflow/example_dags/example_python_operator.py
[2024-06-18T02:24:19.786+0000] {processor.py:840} INFO - DAG(s) 'example_python_operator' retrieved from /home/airflow/.local/lib/python3.12/site-packages/airflow/example_dags/example_python_operator.py
[2024-06-18T02:24:19.813+0000] {logging_mixin.py:188} INFO - [2024-06-18T02:24:19.813+0000] {dag.py:3096} INFO - Sync 1 DAGs
[2024-06-18T02:24:19.830+0000] {logging_mixin.py:188} INFO - [2024-06-18T02:24:19.829+0000] {dag.py:3954} INFO - Setting next_dagrun for example_python_operator to None, run_after=None
[2024-06-18T02:24:19.855+0000] {processor.py:183} INFO - Processing /home/airflow/.local/lib/python3.12/site-packages/airflow/example_dags/example_python_operator.py took 0.092 seconds
[2024-06-18T02:24:50.652+0000] {processor.py:161} INFO - Started process (PID=65570) to work on /home/airflow/.local/lib/python3.12/site-packages/airflow/example_dags/example_python_operator.py
[2024-06-18T02:24:50.653+0000] {processor.py:830} INFO - Processing file /home/airflow/.local/lib/python3.12/site-packages/airflow/example_dags/example_python_operator.py for tasks to queue
[2024-06-18T02:24:50.654+0000] {logging_mixin.py:188} INFO - [2024-06-18T02:24:50.653+0000] {dagbag.py:545} INFO - Filling up the DagBag from /home/airflow/.local/lib/python3.12/site-packages/airflow/example_dags/example_python_operator.py
[2024-06-18T02:24:50.668+0000] {processor.py:840} INFO - DAG(s) 'example_python_operator' retrieved from /home/airflow/.local/lib/python3.12/site-packages/airflow/example_dags/example_python_operator.py
[2024-06-18T02:24:50.696+0000] {logging_mixin.py:188} INFO - [2024-06-18T02:24:50.696+0000] {dag.py:3096} INFO - Sync 1 DAGs
[2024-06-18T02:24:50.709+0000] {logging_mixin.py:188} INFO - [2024-06-18T02:24:50.709+0000] {dag.py:3954} INFO - Setting next_dagrun for example_python_operator to None, run_after=None
[2024-06-18T02:24:50.730+0000] {processor.py:183} INFO - Processing /home/airflow/.local/lib/python3.12/site-packages/airflow/example_dags/example_python_operator.py took 0.085 seconds
[2024-06-18T02:25:21.054+0000] {processor.py:161} INFO - Started process (PID=65628) to work on /home/airflow/.local/lib/python3.12/site-packages/airflow/example_dags/example_python_operator.py
[2024-06-18T02:25:21.056+0000] {processor.py:830} INFO - Processing file /home/airflow/.local/lib/python3.12/site-packages/airflow/example_dags/example_python_operator.py for tasks to queue
[2024-06-18T02:25:21.057+0000] {logging_mixin.py:188} INFO - [2024-06-18T02:25:21.057+0000] {dagbag.py:545} INFO - Filling up the DagBag from /home/airflow/.local/lib/python3.12/site-packages/airflow/example_dags/example_python_operator.py
[2024-06-18T02:25:21.072+0000] {processor.py:840} INFO - DAG(s) 'example_python_operator' retrieved from /home/airflow/.local/lib/python3.12/site-packages/airflow/example_dags/example_python_operator.py
[2024-06-18T02:25:21.100+0000] {logging_mixin.py:188} INFO - [2024-06-18T02:25:21.100+0000] {dag.py:3096} INFO - Sync 1 DAGs
[2024-06-18T02:25:21.117+0000] {logging_mixin.py:188} INFO - [2024-06-18T02:25:21.116+0000] {dag.py:3954} INFO - Setting next_dagrun for example_python_operator to None, run_after=None
[2024-06-18T02:25:21.145+0000] {processor.py:183} INFO - Processing /home/airflow/.local/lib/python3.12/site-packages/airflow/example_dags/example_python_operator.py took 0.100 seconds
[2024-06-18T02:25:51.518+0000] {processor.py:161} INFO - Started process (PID=65686) to work on /home/airflow/.local/lib/python3.12/site-packages/airflow/example_dags/example_python_operator.py
[2024-06-18T02:25:51.520+0000] {processor.py:830} INFO - Processing file /home/airflow/.local/lib/python3.12/site-packages/airflow/example_dags/example_python_operator.py for tasks to queue
[2024-06-18T02:25:51.522+0000] {logging_mixin.py:188} INFO - [2024-06-18T02:25:51.521+0000] {dagbag.py:545} INFO - Filling up the DagBag from /home/airflow/.local/lib/python3.12/site-packages/airflow/example_dags/example_python_operator.py
[2024-06-18T02:25:51.542+0000] {processor.py:840} INFO - DAG(s) 'example_python_operator' retrieved from /home/airflow/.local/lib/python3.12/site-packages/airflow/example_dags/example_python_operator.py
[2024-06-18T02:25:51.588+0000] {logging_mixin.py:188} INFO - [2024-06-18T02:25:51.587+0000] {dag.py:3096} INFO - Sync 1 DAGs
[2024-06-18T02:25:51.611+0000] {logging_mixin.py:188} INFO - [2024-06-18T02:25:51.611+0000] {dag.py:3954} INFO - Setting next_dagrun for example_python_operator to None, run_after=None
[2024-06-18T02:25:51.635+0000] {processor.py:183} INFO - Processing /home/airflow/.local/lib/python3.12/site-packages/airflow/example_dags/example_python_operator.py took 0.128 seconds
[2024-06-18T02:26:21.829+0000] {processor.py:161} INFO - Started process (PID=65744) to work on /home/airflow/.local/lib/python3.12/site-packages/airflow/example_dags/example_python_operator.py
[2024-06-18T02:26:21.831+0000] {processor.py:830} INFO - Processing file /home/airflow/.local/lib/python3.12/site-packages/airflow/example_dags/example_python_operator.py for tasks to queue
[2024-06-18T02:26:21.832+0000] {logging_mixin.py:188} INFO - [2024-06-18T02:26:21.831+0000] {dagbag.py:545} INFO - Filling up the DagBag from /home/airflow/.local/lib/python3.12/site-packages/airflow/example_dags/example_python_operator.py
[2024-06-18T02:26:21.843+0000] {processor.py:840} INFO - DAG(s) 'example_python_operator' retrieved from /home/airflow/.local/lib/python3.12/site-packages/airflow/example_dags/example_python_operator.py
[2024-06-18T02:26:21.876+0000] {logging_mixin.py:188} INFO - [2024-06-18T02:26:21.875+0000] {dag.py:3096} INFO - Sync 1 DAGs
[2024-06-18T02:26:21.896+0000] {logging_mixin.py:188} INFO - [2024-06-18T02:26:21.896+0000] {dag.py:3954} INFO - Setting next_dagrun for example_python_operator to None, run_after=None
[2024-06-18T02:26:21.930+0000] {processor.py:183} INFO - Processing /home/airflow/.local/lib/python3.12/site-packages/airflow/example_dags/example_python_operator.py took 0.110 seconds
[2024-06-18T02:26:52.549+0000] {processor.py:161} INFO - Started process (PID=65803) to work on /home/airflow/.local/lib/python3.12/site-packages/airflow/example_dags/example_python_operator.py
[2024-06-18T02:26:52.550+0000] {processor.py:830} INFO - Processing file /home/airflow/.local/lib/python3.12/site-packages/airflow/example_dags/example_python_operator.py for tasks to queue
[2024-06-18T02:26:52.552+0000] {logging_mixin.py:188} INFO - [2024-06-18T02:26:52.551+0000] {dagbag.py:545} INFO - Filling up the DagBag from /home/airflow/.local/lib/python3.12/site-packages/airflow/example_dags/example_python_operator.py
[2024-06-18T02:26:52.568+0000] {processor.py:840} INFO - DAG(s) 'example_python_operator' retrieved from /home/airflow/.local/lib/python3.12/site-packages/airflow/example_dags/example_python_operator.py
[2024-06-18T02:26:52.598+0000] {logging_mixin.py:188} INFO - [2024-06-18T02:26:52.598+0000] {dag.py:3096} INFO - Sync 1 DAGs
[2024-06-18T02:26:52.617+0000] {logging_mixin.py:188} INFO - [2024-06-18T02:26:52.616+0000] {dag.py:3954} INFO - Setting next_dagrun for example_python_operator to None, run_after=None
[2024-06-18T02:26:52.644+0000] {processor.py:183} INFO - Processing /home/airflow/.local/lib/python3.12/site-packages/airflow/example_dags/example_python_operator.py took 0.106 seconds
[2024-06-18T02:27:22.746+0000] {processor.py:161} INFO - Started process (PID=65861) to work on /home/airflow/.local/lib/python3.12/site-packages/airflow/example_dags/example_python_operator.py
[2024-06-18T02:27:22.747+0000] {processor.py:830} INFO - Processing file /home/airflow/.local/lib/python3.12/site-packages/airflow/example_dags/example_python_operator.py for tasks to queue
[2024-06-18T02:27:22.747+0000] {logging_mixin.py:188} INFO - [2024-06-18T02:27:22.747+0000] {dagbag.py:545} INFO - Filling up the DagBag from /home/airflow/.local/lib/python3.12/site-packages/airflow/example_dags/example_python_operator.py
[2024-06-18T02:27:22.760+0000] {processor.py:840} INFO - DAG(s) 'example_python_operator' retrieved from /home/airflow/.local/lib/python3.12/site-packages/airflow/example_dags/example_python_operator.py
[2024-06-18T02:27:22.790+0000] {logging_mixin.py:188} INFO - [2024-06-18T02:27:22.790+0000] {dag.py:3096} INFO - Sync 1 DAGs
[2024-06-18T02:27:22.807+0000] {logging_mixin.py:188} INFO - [2024-06-18T02:27:22.807+0000] {dag.py:3954} INFO - Setting next_dagrun for example_python_operator to None, run_after=None
[2024-06-18T02:27:22.827+0000] {processor.py:183} INFO - Processing /home/airflow/.local/lib/python3.12/site-packages/airflow/example_dags/example_python_operator.py took 0.087 seconds
[2024-06-18T02:27:52.972+0000] {processor.py:161} INFO - Started process (PID=65919) to work on /home/airflow/.local/lib/python3.12/site-packages/airflow/example_dags/example_python_operator.py
[2024-06-18T02:27:52.974+0000] {processor.py:830} INFO - Processing file /home/airflow/.local/lib/python3.12/site-packages/airflow/example_dags/example_python_operator.py for tasks to queue
[2024-06-18T02:27:52.975+0000] {logging_mixin.py:188} INFO - [2024-06-18T02:27:52.974+0000] {dagbag.py:545} INFO - Filling up the DagBag from /home/airflow/.local/lib/python3.12/site-packages/airflow/example_dags/example_python_operator.py
[2024-06-18T02:27:52.985+0000] {processor.py:840} INFO - DAG(s) 'example_python_operator' retrieved from /home/airflow/.local/lib/python3.12/site-packages/airflow/example_dags/example_python_operator.py
[2024-06-18T02:27:53.027+0000] {logging_mixin.py:188} INFO - [2024-06-18T02:27:53.027+0000] {dag.py:3096} INFO - Sync 1 DAGs
[2024-06-18T02:27:53.041+0000] {logging_mixin.py:188} INFO - [2024-06-18T02:27:53.040+0000] {dag.py:3954} INFO - Setting next_dagrun for example_python_operator to None, run_after=None
[2024-06-18T02:27:53.060+0000] {processor.py:183} INFO - Processing /home/airflow/.local/lib/python3.12/site-packages/airflow/example_dags/example_python_operator.py took 0.094 seconds
[2024-06-18T02:28:23.353+0000] {processor.py:161} INFO - Started process (PID=65977) to work on /home/airflow/.local/lib/python3.12/site-packages/airflow/example_dags/example_python_operator.py
[2024-06-18T02:28:23.354+0000] {processor.py:830} INFO - Processing file /home/airflow/.local/lib/python3.12/site-packages/airflow/example_dags/example_python_operator.py for tasks to queue
[2024-06-18T02:28:23.356+0000] {logging_mixin.py:188} INFO - [2024-06-18T02:28:23.355+0000] {dagbag.py:545} INFO - Filling up the DagBag from /home/airflow/.local/lib/python3.12/site-packages/airflow/example_dags/example_python_operator.py
[2024-06-18T02:28:23.367+0000] {processor.py:840} INFO - DAG(s) 'example_python_operator' retrieved from /home/airflow/.local/lib/python3.12/site-packages/airflow/example_dags/example_python_operator.py
[2024-06-18T02:28:23.393+0000] {logging_mixin.py:188} INFO - [2024-06-18T02:28:23.393+0000] {dag.py:3096} INFO - Sync 1 DAGs
[2024-06-18T02:28:23.414+0000] {logging_mixin.py:188} INFO - [2024-06-18T02:28:23.414+0000] {dag.py:3954} INFO - Setting next_dagrun for example_python_operator to None, run_after=None
[2024-06-18T02:28:23.438+0000] {processor.py:183} INFO - Processing /home/airflow/.local/lib/python3.12/site-packages/airflow/example_dags/example_python_operator.py took 0.092 seconds
[2024-06-18T02:28:53.676+0000] {processor.py:161} INFO - Started process (PID=66036) to work on /home/airflow/.local/lib/python3.12/site-packages/airflow/example_dags/example_python_operator.py
[2024-06-18T02:28:53.678+0000] {processor.py:830} INFO - Processing file /home/airflow/.local/lib/python3.12/site-packages/airflow/example_dags/example_python_operator.py for tasks to queue
[2024-06-18T02:28:53.679+0000] {logging_mixin.py:188} INFO - [2024-06-18T02:28:53.678+0000] {dagbag.py:545} INFO - Filling up the DagBag from /home/airflow/.local/lib/python3.12/site-packages/airflow/example_dags/example_python_operator.py
[2024-06-18T02:28:53.690+0000] {processor.py:840} INFO - DAG(s) 'example_python_operator' retrieved from /home/airflow/.local/lib/python3.12/site-packages/airflow/example_dags/example_python_operator.py
[2024-06-18T02:28:53.715+0000] {logging_mixin.py:188} INFO - [2024-06-18T02:28:53.714+0000] {dag.py:3096} INFO - Sync 1 DAGs
[2024-06-18T02:28:53.732+0000] {logging_mixin.py:188} INFO - [2024-06-18T02:28:53.732+0000] {dag.py:3954} INFO - Setting next_dagrun for example_python_operator to None, run_after=None
[2024-06-18T02:28:53.754+0000] {processor.py:183} INFO - Processing /home/airflow/.local/lib/python3.12/site-packages/airflow/example_dags/example_python_operator.py took 0.085 seconds
[2024-06-18T02:29:24.351+0000] {processor.py:161} INFO - Started process (PID=66094) to work on /home/airflow/.local/lib/python3.12/site-packages/airflow/example_dags/example_python_operator.py
[2024-06-18T02:29:24.352+0000] {processor.py:830} INFO - Processing file /home/airflow/.local/lib/python3.12/site-packages/airflow/example_dags/example_python_operator.py for tasks to queue
[2024-06-18T02:29:24.353+0000] {logging_mixin.py:188} INFO - [2024-06-18T02:29:24.353+0000] {dagbag.py:545} INFO - Filling up the DagBag from /home/airflow/.local/lib/python3.12/site-packages/airflow/example_dags/example_python_operator.py
[2024-06-18T02:29:24.365+0000] {processor.py:840} INFO - DAG(s) 'example_python_operator' retrieved from /home/airflow/.local/lib/python3.12/site-packages/airflow/example_dags/example_python_operator.py
[2024-06-18T02:29:24.395+0000] {logging_mixin.py:188} INFO - [2024-06-18T02:29:24.395+0000] {dag.py:3096} INFO - Sync 1 DAGs
[2024-06-18T02:29:24.413+0000] {logging_mixin.py:188} INFO - [2024-06-18T02:29:24.413+0000] {dag.py:3954} INFO - Setting next_dagrun for example_python_operator to None, run_after=None
[2024-06-18T02:29:24.433+0000] {processor.py:183} INFO - Processing /home/airflow/.local/lib/python3.12/site-packages/airflow/example_dags/example_python_operator.py took 0.088 seconds
[2024-06-18T02:29:55.370+0000] {processor.py:161} INFO - Started process (PID=66152) to work on /home/airflow/.local/lib/python3.12/site-packages/airflow/example_dags/example_python_operator.py
[2024-06-18T02:29:55.371+0000] {processor.py:830} INFO - Processing file /home/airflow/.local/lib/python3.12/site-packages/airflow/example_dags/example_python_operator.py for tasks to queue
[2024-06-18T02:29:55.373+0000] {logging_mixin.py:188} INFO - [2024-06-18T02:29:55.372+0000] {dagbag.py:545} INFO - Filling up the DagBag from /home/airflow/.local/lib/python3.12/site-packages/airflow/example_dags/example_python_operator.py
[2024-06-18T02:29:55.383+0000] {processor.py:840} INFO - DAG(s) 'example_python_operator' retrieved from /home/airflow/.local/lib/python3.12/site-packages/airflow/example_dags/example_python_operator.py
[2024-06-18T02:29:55.420+0000] {logging_mixin.py:188} INFO - [2024-06-18T02:29:55.420+0000] {dag.py:3096} INFO - Sync 1 DAGs
[2024-06-18T02:29:55.439+0000] {logging_mixin.py:188} INFO - [2024-06-18T02:29:55.439+0000] {dag.py:3954} INFO - Setting next_dagrun for example_python_operator to None, run_after=None
[2024-06-18T02:29:55.460+0000] {processor.py:183} INFO - Processing /home/airflow/.local/lib/python3.12/site-packages/airflow/example_dags/example_python_operator.py took 0.097 seconds
[2024-06-18T02:30:26.181+0000] {processor.py:161} INFO - Started process (PID=66210) to work on /home/airflow/.local/lib/python3.12/site-packages/airflow/example_dags/example_python_operator.py
[2024-06-18T02:30:26.183+0000] {processor.py:830} INFO - Processing file /home/airflow/.local/lib/python3.12/site-packages/airflow/example_dags/example_python_operator.py for tasks to queue
[2024-06-18T02:30:26.184+0000] {logging_mixin.py:188} INFO - [2024-06-18T02:30:26.184+0000] {dagbag.py:545} INFO - Filling up the DagBag from /home/airflow/.local/lib/python3.12/site-packages/airflow/example_dags/example_python_operator.py
[2024-06-18T02:30:26.200+0000] {processor.py:840} INFO - DAG(s) 'example_python_operator' retrieved from /home/airflow/.local/lib/python3.12/site-packages/airflow/example_dags/example_python_operator.py
[2024-06-18T02:30:26.231+0000] {logging_mixin.py:188} INFO - [2024-06-18T02:30:26.231+0000] {dag.py:3096} INFO - Sync 1 DAGs
[2024-06-18T02:30:26.246+0000] {logging_mixin.py:188} INFO - [2024-06-18T02:30:26.246+0000] {dag.py:3954} INFO - Setting next_dagrun for example_python_operator to None, run_after=None
[2024-06-18T02:30:26.272+0000] {processor.py:183} INFO - Processing /home/airflow/.local/lib/python3.12/site-packages/airflow/example_dags/example_python_operator.py took 0.100 seconds
[2024-06-18T02:30:56.475+0000] {processor.py:161} INFO - Started process (PID=66268) to work on /home/airflow/.local/lib/python3.12/site-packages/airflow/example_dags/example_python_operator.py
[2024-06-18T02:30:56.477+0000] {processor.py:830} INFO - Processing file /home/airflow/.local/lib/python3.12/site-packages/airflow/example_dags/example_python_operator.py for tasks to queue
[2024-06-18T02:30:56.477+0000] {logging_mixin.py:188} INFO - [2024-06-18T02:30:56.477+0000] {dagbag.py:545} INFO - Filling up the DagBag from /home/airflow/.local/lib/python3.12/site-packages/airflow/example_dags/example_python_operator.py
[2024-06-18T02:30:56.489+0000] {processor.py:840} INFO - DAG(s) 'example_python_operator' retrieved from /home/airflow/.local/lib/python3.12/site-packages/airflow/example_dags/example_python_operator.py
[2024-06-18T02:30:56.513+0000] {logging_mixin.py:188} INFO - [2024-06-18T02:30:56.512+0000] {dag.py:3096} INFO - Sync 1 DAGs
[2024-06-18T02:30:56.526+0000] {logging_mixin.py:188} INFO - [2024-06-18T02:30:56.525+0000] {dag.py:3954} INFO - Setting next_dagrun for example_python_operator to None, run_after=None
[2024-06-18T02:30:56.545+0000] {processor.py:183} INFO - Processing /home/airflow/.local/lib/python3.12/site-packages/airflow/example_dags/example_python_operator.py took 0.076 seconds
[2024-06-18T02:31:26.891+0000] {processor.py:161} INFO - Started process (PID=66326) to work on /home/airflow/.local/lib/python3.12/site-packages/airflow/example_dags/example_python_operator.py
[2024-06-18T02:31:26.892+0000] {processor.py:830} INFO - Processing file /home/airflow/.local/lib/python3.12/site-packages/airflow/example_dags/example_python_operator.py for tasks to queue
[2024-06-18T02:31:26.893+0000] {logging_mixin.py:188} INFO - [2024-06-18T02:31:26.893+0000] {dagbag.py:545} INFO - Filling up the DagBag from /home/airflow/.local/lib/python3.12/site-packages/airflow/example_dags/example_python_operator.py
[2024-06-18T02:31:26.908+0000] {processor.py:840} INFO - DAG(s) 'example_python_operator' retrieved from /home/airflow/.local/lib/python3.12/site-packages/airflow/example_dags/example_python_operator.py
[2024-06-18T02:31:26.935+0000] {logging_mixin.py:188} INFO - [2024-06-18T02:31:26.934+0000] {dag.py:3096} INFO - Sync 1 DAGs
[2024-06-18T02:31:26.950+0000] {logging_mixin.py:188} INFO - [2024-06-18T02:31:26.949+0000] {dag.py:3954} INFO - Setting next_dagrun for example_python_operator to None, run_after=None
[2024-06-18T02:31:26.970+0000] {processor.py:183} INFO - Processing /home/airflow/.local/lib/python3.12/site-packages/airflow/example_dags/example_python_operator.py took 0.086 seconds
[2024-06-18T02:31:57.539+0000] {processor.py:161} INFO - Started process (PID=66384) to work on /home/airflow/.local/lib/python3.12/site-packages/airflow/example_dags/example_python_operator.py
[2024-06-18T02:31:57.540+0000] {processor.py:830} INFO - Processing file /home/airflow/.local/lib/python3.12/site-packages/airflow/example_dags/example_python_operator.py for tasks to queue
[2024-06-18T02:31:57.541+0000] {logging_mixin.py:188} INFO - [2024-06-18T02:31:57.541+0000] {dagbag.py:545} INFO - Filling up the DagBag from /home/airflow/.local/lib/python3.12/site-packages/airflow/example_dags/example_python_operator.py
[2024-06-18T02:31:57.553+0000] {processor.py:840} INFO - DAG(s) 'example_python_operator' retrieved from /home/airflow/.local/lib/python3.12/site-packages/airflow/example_dags/example_python_operator.py
[2024-06-18T02:31:57.580+0000] {logging_mixin.py:188} INFO - [2024-06-18T02:31:57.579+0000] {dag.py:3096} INFO - Sync 1 DAGs
[2024-06-18T02:31:57.595+0000] {logging_mixin.py:188} INFO - [2024-06-18T02:31:57.595+0000] {dag.py:3954} INFO - Setting next_dagrun for example_python_operator to None, run_after=None
[2024-06-18T02:31:57.615+0000] {processor.py:183} INFO - Processing /home/airflow/.local/lib/python3.12/site-packages/airflow/example_dags/example_python_operator.py took 0.082 seconds
[2024-06-18T02:32:28.400+0000] {processor.py:161} INFO - Started process (PID=66442) to work on /home/airflow/.local/lib/python3.12/site-packages/airflow/example_dags/example_python_operator.py
[2024-06-18T02:32:28.401+0000] {processor.py:830} INFO - Processing file /home/airflow/.local/lib/python3.12/site-packages/airflow/example_dags/example_python_operator.py for tasks to queue
[2024-06-18T02:32:28.403+0000] {logging_mixin.py:188} INFO - [2024-06-18T02:32:28.403+0000] {dagbag.py:545} INFO - Filling up the DagBag from /home/airflow/.local/lib/python3.12/site-packages/airflow/example_dags/example_python_operator.py
[2024-06-18T02:32:28.417+0000] {processor.py:840} INFO - DAG(s) 'example_python_operator' retrieved from /home/airflow/.local/lib/python3.12/site-packages/airflow/example_dags/example_python_operator.py
[2024-06-18T02:32:28.451+0000] {logging_mixin.py:188} INFO - [2024-06-18T02:32:28.450+0000] {dag.py:3096} INFO - Sync 1 DAGs
[2024-06-18T02:32:28.472+0000] {logging_mixin.py:188} INFO - [2024-06-18T02:32:28.471+0000] {dag.py:3954} INFO - Setting next_dagrun for example_python_operator to None, run_after=None
[2024-06-18T02:32:28.500+0000] {processor.py:183} INFO - Processing /home/airflow/.local/lib/python3.12/site-packages/airflow/example_dags/example_python_operator.py took 0.108 seconds
[2024-06-18T02:32:58.955+0000] {processor.py:161} INFO - Started process (PID=66500) to work on /home/airflow/.local/lib/python3.12/site-packages/airflow/example_dags/example_python_operator.py
[2024-06-18T02:32:58.957+0000] {processor.py:830} INFO - Processing file /home/airflow/.local/lib/python3.12/site-packages/airflow/example_dags/example_python_operator.py for tasks to queue
[2024-06-18T02:32:58.958+0000] {logging_mixin.py:188} INFO - [2024-06-18T02:32:58.957+0000] {dagbag.py:545} INFO - Filling up the DagBag from /home/airflow/.local/lib/python3.12/site-packages/airflow/example_dags/example_python_operator.py
[2024-06-18T02:32:58.968+0000] {processor.py:840} INFO - DAG(s) 'example_python_operator' retrieved from /home/airflow/.local/lib/python3.12/site-packages/airflow/example_dags/example_python_operator.py
[2024-06-18T02:32:58.991+0000] {logging_mixin.py:188} INFO - [2024-06-18T02:32:58.991+0000] {dag.py:3096} INFO - Sync 1 DAGs
[2024-06-18T02:32:59.004+0000] {logging_mixin.py:188} INFO - [2024-06-18T02:32:59.003+0000] {dag.py:3954} INFO - Setting next_dagrun for example_python_operator to None, run_after=None
[2024-06-18T02:32:59.026+0000] {processor.py:183} INFO - Processing /home/airflow/.local/lib/python3.12/site-packages/airflow/example_dags/example_python_operator.py took 0.077 seconds
[2024-06-18T02:33:29.720+0000] {processor.py:161} INFO - Started process (PID=66558) to work on /home/airflow/.local/lib/python3.12/site-packages/airflow/example_dags/example_python_operator.py
[2024-06-18T02:33:29.721+0000] {processor.py:830} INFO - Processing file /home/airflow/.local/lib/python3.12/site-packages/airflow/example_dags/example_python_operator.py for tasks to queue
[2024-06-18T02:33:29.723+0000] {logging_mixin.py:188} INFO - [2024-06-18T02:33:29.722+0000] {dagbag.py:545} INFO - Filling up the DagBag from /home/airflow/.local/lib/python3.12/site-packages/airflow/example_dags/example_python_operator.py
[2024-06-18T02:33:29.736+0000] {processor.py:840} INFO - DAG(s) 'example_python_operator' retrieved from /home/airflow/.local/lib/python3.12/site-packages/airflow/example_dags/example_python_operator.py
[2024-06-18T02:33:29.774+0000] {logging_mixin.py:188} INFO - [2024-06-18T02:33:29.774+0000] {dag.py:3096} INFO - Sync 1 DAGs
[2024-06-18T02:33:29.790+0000] {logging_mixin.py:188} INFO - [2024-06-18T02:33:29.790+0000] {dag.py:3954} INFO - Setting next_dagrun for example_python_operator to None, run_after=None
[2024-06-18T02:33:29.811+0000] {processor.py:183} INFO - Processing /home/airflow/.local/lib/python3.12/site-packages/airflow/example_dags/example_python_operator.py took 0.099 seconds
[2024-06-18T02:34:00.211+0000] {processor.py:161} INFO - Started process (PID=66616) to work on /home/airflow/.local/lib/python3.12/site-packages/airflow/example_dags/example_python_operator.py
[2024-06-18T02:34:00.212+0000] {processor.py:830} INFO - Processing file /home/airflow/.local/lib/python3.12/site-packages/airflow/example_dags/example_python_operator.py for tasks to queue
[2024-06-18T02:34:00.213+0000] {logging_mixin.py:188} INFO - [2024-06-18T02:34:00.213+0000] {dagbag.py:545} INFO - Filling up the DagBag from /home/airflow/.local/lib/python3.12/site-packages/airflow/example_dags/example_python_operator.py
[2024-06-18T02:34:00.226+0000] {processor.py:840} INFO - DAG(s) 'example_python_operator' retrieved from /home/airflow/.local/lib/python3.12/site-packages/airflow/example_dags/example_python_operator.py
[2024-06-18T02:34:00.257+0000] {logging_mixin.py:188} INFO - [2024-06-18T02:34:00.257+0000] {dag.py:3096} INFO - Sync 1 DAGs
[2024-06-18T02:34:00.272+0000] {logging_mixin.py:188} INFO - [2024-06-18T02:34:00.272+0000] {dag.py:3954} INFO - Setting next_dagrun for example_python_operator to None, run_after=None
[2024-06-18T02:34:00.304+0000] {processor.py:183} INFO - Processing /home/airflow/.local/lib/python3.12/site-packages/airflow/example_dags/example_python_operator.py took 0.102 seconds
[2024-06-18T02:34:30.523+0000] {processor.py:161} INFO - Started process (PID=66674) to work on /home/airflow/.local/lib/python3.12/site-packages/airflow/example_dags/example_python_operator.py
[2024-06-18T02:34:30.525+0000] {processor.py:830} INFO - Processing file /home/airflow/.local/lib/python3.12/site-packages/airflow/example_dags/example_python_operator.py for tasks to queue
[2024-06-18T02:34:30.525+0000] {logging_mixin.py:188} INFO - [2024-06-18T02:34:30.525+0000] {dagbag.py:545} INFO - Filling up the DagBag from /home/airflow/.local/lib/python3.12/site-packages/airflow/example_dags/example_python_operator.py
[2024-06-18T02:34:30.537+0000] {processor.py:840} INFO - DAG(s) 'example_python_operator' retrieved from /home/airflow/.local/lib/python3.12/site-packages/airflow/example_dags/example_python_operator.py
[2024-06-18T02:34:30.563+0000] {logging_mixin.py:188} INFO - [2024-06-18T02:34:30.562+0000] {dag.py:3096} INFO - Sync 1 DAGs
[2024-06-18T02:34:30.577+0000] {logging_mixin.py:188} INFO - [2024-06-18T02:34:30.577+0000] {dag.py:3954} INFO - Setting next_dagrun for example_python_operator to None, run_after=None
[2024-06-18T02:34:30.598+0000] {processor.py:183} INFO - Processing /home/airflow/.local/lib/python3.12/site-packages/airflow/example_dags/example_python_operator.py took 0.081 seconds
[2024-06-18T02:35:01.179+0000] {processor.py:161} INFO - Started process (PID=66732) to work on /home/airflow/.local/lib/python3.12/site-packages/airflow/example_dags/example_python_operator.py
[2024-06-18T02:35:01.181+0000] {processor.py:830} INFO - Processing file /home/airflow/.local/lib/python3.12/site-packages/airflow/example_dags/example_python_operator.py for tasks to queue
[2024-06-18T02:35:01.182+0000] {logging_mixin.py:188} INFO - [2024-06-18T02:35:01.181+0000] {dagbag.py:545} INFO - Filling up the DagBag from /home/airflow/.local/lib/python3.12/site-packages/airflow/example_dags/example_python_operator.py
[2024-06-18T02:35:01.196+0000] {processor.py:840} INFO - DAG(s) 'example_python_operator' retrieved from /home/airflow/.local/lib/python3.12/site-packages/airflow/example_dags/example_python_operator.py
[2024-06-18T02:35:01.231+0000] {logging_mixin.py:188} INFO - [2024-06-18T02:35:01.231+0000] {dag.py:3096} INFO - Sync 1 DAGs
[2024-06-18T02:35:01.254+0000] {logging_mixin.py:188} INFO - [2024-06-18T02:35:01.254+0000] {dag.py:3954} INFO - Setting next_dagrun for example_python_operator to None, run_after=None
[2024-06-18T02:35:01.284+0000] {processor.py:183} INFO - Processing /home/airflow/.local/lib/python3.12/site-packages/airflow/example_dags/example_python_operator.py took 0.113 seconds
[2024-06-18T02:35:31.408+0000] {processor.py:161} INFO - Started process (PID=66790) to work on /home/airflow/.local/lib/python3.12/site-packages/airflow/example_dags/example_python_operator.py
[2024-06-18T02:35:31.409+0000] {processor.py:830} INFO - Processing file /home/airflow/.local/lib/python3.12/site-packages/airflow/example_dags/example_python_operator.py for tasks to queue
[2024-06-18T02:35:31.410+0000] {logging_mixin.py:188} INFO - [2024-06-18T02:35:31.410+0000] {dagbag.py:545} INFO - Filling up the DagBag from /home/airflow/.local/lib/python3.12/site-packages/airflow/example_dags/example_python_operator.py
[2024-06-18T02:35:31.420+0000] {processor.py:840} INFO - DAG(s) 'example_python_operator' retrieved from /home/airflow/.local/lib/python3.12/site-packages/airflow/example_dags/example_python_operator.py
[2024-06-18T02:35:31.444+0000] {logging_mixin.py:188} INFO - [2024-06-18T02:35:31.443+0000] {dag.py:3096} INFO - Sync 1 DAGs
[2024-06-18T02:35:31.457+0000] {logging_mixin.py:188} INFO - [2024-06-18T02:35:31.457+0000] {dag.py:3954} INFO - Setting next_dagrun for example_python_operator to None, run_after=None
[2024-06-18T02:35:31.478+0000] {processor.py:183} INFO - Processing /home/airflow/.local/lib/python3.12/site-packages/airflow/example_dags/example_python_operator.py took 0.076 seconds
[2024-06-18T02:36:01.628+0000] {processor.py:161} INFO - Started process (PID=66848) to work on /home/airflow/.local/lib/python3.12/site-packages/airflow/example_dags/example_python_operator.py
[2024-06-18T02:36:01.629+0000] {processor.py:830} INFO - Processing file /home/airflow/.local/lib/python3.12/site-packages/airflow/example_dags/example_python_operator.py for tasks to queue
[2024-06-18T02:36:01.630+0000] {logging_mixin.py:188} INFO - [2024-06-18T02:36:01.630+0000] {dagbag.py:545} INFO - Filling up the DagBag from /home/airflow/.local/lib/python3.12/site-packages/airflow/example_dags/example_python_operator.py
[2024-06-18T02:36:01.645+0000] {processor.py:840} INFO - DAG(s) 'example_python_operator' retrieved from /home/airflow/.local/lib/python3.12/site-packages/airflow/example_dags/example_python_operator.py
[2024-06-18T02:36:01.673+0000] {logging_mixin.py:188} INFO - [2024-06-18T02:36:01.672+0000] {dag.py:3096} INFO - Sync 1 DAGs
[2024-06-18T02:36:01.688+0000] {logging_mixin.py:188} INFO - [2024-06-18T02:36:01.688+0000] {dag.py:3954} INFO - Setting next_dagrun for example_python_operator to None, run_after=None
[2024-06-18T02:36:01.711+0000] {processor.py:183} INFO - Processing /home/airflow/.local/lib/python3.12/site-packages/airflow/example_dags/example_python_operator.py took 0.090 seconds
[2024-06-18T02:36:31.862+0000] {processor.py:161} INFO - Started process (PID=66906) to work on /home/airflow/.local/lib/python3.12/site-packages/airflow/example_dags/example_python_operator.py
[2024-06-18T02:36:31.863+0000] {processor.py:830} INFO - Processing file /home/airflow/.local/lib/python3.12/site-packages/airflow/example_dags/example_python_operator.py for tasks to queue
[2024-06-18T02:36:31.864+0000] {logging_mixin.py:188} INFO - [2024-06-18T02:36:31.864+0000] {dagbag.py:545} INFO - Filling up the DagBag from /home/airflow/.local/lib/python3.12/site-packages/airflow/example_dags/example_python_operator.py
[2024-06-18T02:36:31.876+0000] {processor.py:840} INFO - DAG(s) 'example_python_operator' retrieved from /home/airflow/.local/lib/python3.12/site-packages/airflow/example_dags/example_python_operator.py
[2024-06-18T02:36:31.900+0000] {logging_mixin.py:188} INFO - [2024-06-18T02:36:31.899+0000] {dag.py:3096} INFO - Sync 1 DAGs
[2024-06-18T02:36:31.915+0000] {logging_mixin.py:188} INFO - [2024-06-18T02:36:31.915+0000] {dag.py:3954} INFO - Setting next_dagrun for example_python_operator to None, run_after=None
[2024-06-18T02:36:31.937+0000] {processor.py:183} INFO - Processing /home/airflow/.local/lib/python3.12/site-packages/airflow/example_dags/example_python_operator.py took 0.083 seconds
[2024-06-18T02:37:02.728+0000] {processor.py:161} INFO - Started process (PID=66964) to work on /home/airflow/.local/lib/python3.12/site-packages/airflow/example_dags/example_python_operator.py
[2024-06-18T02:37:02.729+0000] {processor.py:830} INFO - Processing file /home/airflow/.local/lib/python3.12/site-packages/airflow/example_dags/example_python_operator.py for tasks to queue
[2024-06-18T02:37:02.730+0000] {logging_mixin.py:188} INFO - [2024-06-18T02:37:02.729+0000] {dagbag.py:545} INFO - Filling up the DagBag from /home/airflow/.local/lib/python3.12/site-packages/airflow/example_dags/example_python_operator.py
[2024-06-18T02:37:02.740+0000] {processor.py:840} INFO - DAG(s) 'example_python_operator' retrieved from /home/airflow/.local/lib/python3.12/site-packages/airflow/example_dags/example_python_operator.py
[2024-06-18T02:37:02.766+0000] {logging_mixin.py:188} INFO - [2024-06-18T02:37:02.766+0000] {dag.py:3096} INFO - Sync 1 DAGs
[2024-06-18T02:37:02.779+0000] {logging_mixin.py:188} INFO - [2024-06-18T02:37:02.779+0000] {dag.py:3954} INFO - Setting next_dagrun for example_python_operator to None, run_after=None
[2024-06-18T02:37:02.803+0000] {processor.py:183} INFO - Processing /home/airflow/.local/lib/python3.12/site-packages/airflow/example_dags/example_python_operator.py took 0.082 seconds
[2024-06-18T02:37:33.957+0000] {processor.py:161} INFO - Started process (PID=67022) to work on /home/airflow/.local/lib/python3.12/site-packages/airflow/example_dags/example_python_operator.py
[2024-06-18T02:37:33.959+0000] {processor.py:830} INFO - Processing file /home/airflow/.local/lib/python3.12/site-packages/airflow/example_dags/example_python_operator.py for tasks to queue
[2024-06-18T02:37:33.959+0000] {logging_mixin.py:188} INFO - [2024-06-18T02:37:33.959+0000] {dagbag.py:545} INFO - Filling up the DagBag from /home/airflow/.local/lib/python3.12/site-packages/airflow/example_dags/example_python_operator.py
[2024-06-18T02:37:33.974+0000] {processor.py:840} INFO - DAG(s) 'example_python_operator' retrieved from /home/airflow/.local/lib/python3.12/site-packages/airflow/example_dags/example_python_operator.py
[2024-06-18T02:37:34.006+0000] {logging_mixin.py:188} INFO - [2024-06-18T02:37:34.005+0000] {dag.py:3096} INFO - Sync 1 DAGs
[2024-06-18T02:37:34.020+0000] {logging_mixin.py:188} INFO - [2024-06-18T02:37:34.020+0000] {dag.py:3954} INFO - Setting next_dagrun for example_python_operator to None, run_after=None
[2024-06-18T02:37:34.047+0000] {processor.py:183} INFO - Processing /home/airflow/.local/lib/python3.12/site-packages/airflow/example_dags/example_python_operator.py took 0.098 seconds
[2024-06-18T02:38:04.596+0000] {processor.py:161} INFO - Started process (PID=67080) to work on /home/airflow/.local/lib/python3.12/site-packages/airflow/example_dags/example_python_operator.py
[2024-06-18T02:38:04.597+0000] {processor.py:830} INFO - Processing file /home/airflow/.local/lib/python3.12/site-packages/airflow/example_dags/example_python_operator.py for tasks to queue
[2024-06-18T02:38:04.598+0000] {logging_mixin.py:188} INFO - [2024-06-18T02:38:04.597+0000] {dagbag.py:545} INFO - Filling up the DagBag from /home/airflow/.local/lib/python3.12/site-packages/airflow/example_dags/example_python_operator.py
[2024-06-18T02:38:04.611+0000] {processor.py:840} INFO - DAG(s) 'example_python_operator' retrieved from /home/airflow/.local/lib/python3.12/site-packages/airflow/example_dags/example_python_operator.py
[2024-06-18T02:38:04.637+0000] {logging_mixin.py:188} INFO - [2024-06-18T02:38:04.637+0000] {dag.py:3096} INFO - Sync 1 DAGs
[2024-06-18T02:38:04.655+0000] {logging_mixin.py:188} INFO - [2024-06-18T02:38:04.655+0000] {dag.py:3954} INFO - Setting next_dagrun for example_python_operator to None, run_after=None
[2024-06-18T02:38:04.679+0000] {processor.py:183} INFO - Processing /home/airflow/.local/lib/python3.12/site-packages/airflow/example_dags/example_python_operator.py took 0.089 seconds
[2024-06-18T02:38:35.158+0000] {processor.py:161} INFO - Started process (PID=67138) to work on /home/airflow/.local/lib/python3.12/site-packages/airflow/example_dags/example_python_operator.py
[2024-06-18T02:38:35.159+0000] {processor.py:830} INFO - Processing file /home/airflow/.local/lib/python3.12/site-packages/airflow/example_dags/example_python_operator.py for tasks to queue
[2024-06-18T02:38:35.160+0000] {logging_mixin.py:188} INFO - [2024-06-18T02:38:35.160+0000] {dagbag.py:545} INFO - Filling up the DagBag from /home/airflow/.local/lib/python3.12/site-packages/airflow/example_dags/example_python_operator.py
[2024-06-18T02:38:35.173+0000] {processor.py:840} INFO - DAG(s) 'example_python_operator' retrieved from /home/airflow/.local/lib/python3.12/site-packages/airflow/example_dags/example_python_operator.py
[2024-06-18T02:38:35.202+0000] {logging_mixin.py:188} INFO - [2024-06-18T02:38:35.202+0000] {dag.py:3096} INFO - Sync 1 DAGs
[2024-06-18T02:38:35.216+0000] {logging_mixin.py:188} INFO - [2024-06-18T02:38:35.215+0000] {dag.py:3954} INFO - Setting next_dagrun for example_python_operator to None, run_after=None
[2024-06-18T02:38:35.237+0000] {processor.py:183} INFO - Processing /home/airflow/.local/lib/python3.12/site-packages/airflow/example_dags/example_python_operator.py took 0.085 seconds
[2024-06-18T02:39:05.364+0000] {processor.py:161} INFO - Started process (PID=67196) to work on /home/airflow/.local/lib/python3.12/site-packages/airflow/example_dags/example_python_operator.py
[2024-06-18T02:39:05.366+0000] {processor.py:830} INFO - Processing file /home/airflow/.local/lib/python3.12/site-packages/airflow/example_dags/example_python_operator.py for tasks to queue
[2024-06-18T02:39:05.367+0000] {logging_mixin.py:188} INFO - [2024-06-18T02:39:05.366+0000] {dagbag.py:545} INFO - Filling up the DagBag from /home/airflow/.local/lib/python3.12/site-packages/airflow/example_dags/example_python_operator.py
[2024-06-18T02:39:05.379+0000] {processor.py:840} INFO - DAG(s) 'example_python_operator' retrieved from /home/airflow/.local/lib/python3.12/site-packages/airflow/example_dags/example_python_operator.py
[2024-06-18T02:39:05.405+0000] {logging_mixin.py:188} INFO - [2024-06-18T02:39:05.405+0000] {dag.py:3096} INFO - Sync 1 DAGs
[2024-06-18T02:39:05.420+0000] {logging_mixin.py:188} INFO - [2024-06-18T02:39:05.419+0000] {dag.py:3954} INFO - Setting next_dagrun for example_python_operator to None, run_after=None
[2024-06-18T02:39:05.442+0000] {processor.py:183} INFO - Processing /home/airflow/.local/lib/python3.12/site-packages/airflow/example_dags/example_python_operator.py took 0.086 seconds
[2024-06-18T02:39:36.548+0000] {processor.py:161} INFO - Started process (PID=67255) to work on /home/airflow/.local/lib/python3.12/site-packages/airflow/example_dags/example_python_operator.py
[2024-06-18T02:39:36.560+0000] {processor.py:830} INFO - Processing file /home/airflow/.local/lib/python3.12/site-packages/airflow/example_dags/example_python_operator.py for tasks to queue
[2024-06-18T02:39:36.561+0000] {logging_mixin.py:188} INFO - [2024-06-18T02:39:36.561+0000] {dagbag.py:545} INFO - Filling up the DagBag from /home/airflow/.local/lib/python3.12/site-packages/airflow/example_dags/example_python_operator.py
[2024-06-18T02:39:36.580+0000] {processor.py:840} INFO - DAG(s) 'example_python_operator' retrieved from /home/airflow/.local/lib/python3.12/site-packages/airflow/example_dags/example_python_operator.py
[2024-06-18T02:39:36.609+0000] {logging_mixin.py:188} INFO - [2024-06-18T02:39:36.609+0000] {dag.py:3096} INFO - Sync 1 DAGs
[2024-06-18T02:39:36.624+0000] {logging_mixin.py:188} INFO - [2024-06-18T02:39:36.624+0000] {dag.py:3954} INFO - Setting next_dagrun for example_python_operator to None, run_after=None
[2024-06-18T02:39:36.659+0000] {processor.py:183} INFO - Processing /home/airflow/.local/lib/python3.12/site-packages/airflow/example_dags/example_python_operator.py took 0.118 seconds
[2024-06-18T02:52:54.813+0000] {processor.py:161} INFO - Started process (PID=67324) to work on /home/airflow/.local/lib/python3.12/site-packages/airflow/example_dags/example_python_operator.py
[2024-06-18T02:52:54.817+0000] {processor.py:830} INFO - Processing file /home/airflow/.local/lib/python3.12/site-packages/airflow/example_dags/example_python_operator.py for tasks to queue
[2024-06-18T02:52:54.818+0000] {logging_mixin.py:188} INFO - [2024-06-18T02:52:54.818+0000] {dagbag.py:545} INFO - Filling up the DagBag from /home/airflow/.local/lib/python3.12/site-packages/airflow/example_dags/example_python_operator.py
[2024-06-18T02:52:54.832+0000] {processor.py:840} INFO - DAG(s) 'example_python_operator' retrieved from /home/airflow/.local/lib/python3.12/site-packages/airflow/example_dags/example_python_operator.py
[2024-06-18T02:52:54.861+0000] {logging_mixin.py:188} INFO - [2024-06-18T02:52:54.861+0000] {dag.py:3096} INFO - Sync 1 DAGs
[2024-06-18T02:52:54.877+0000] {logging_mixin.py:188} INFO - [2024-06-18T02:52:54.876+0000] {dag.py:3954} INFO - Setting next_dagrun for example_python_operator to None, run_after=None
[2024-06-18T02:52:54.899+0000] {processor.py:183} INFO - Processing /home/airflow/.local/lib/python3.12/site-packages/airflow/example_dags/example_python_operator.py took 0.094 seconds
[2024-06-18T02:53:26.920+0000] {processor.py:161} INFO - Started process (PID=67384) to work on /home/airflow/.local/lib/python3.12/site-packages/airflow/example_dags/example_python_operator.py
[2024-06-18T02:53:26.921+0000] {processor.py:830} INFO - Processing file /home/airflow/.local/lib/python3.12/site-packages/airflow/example_dags/example_python_operator.py for tasks to queue
[2024-06-18T02:53:26.923+0000] {logging_mixin.py:188} INFO - [2024-06-18T02:53:26.923+0000] {dagbag.py:545} INFO - Filling up the DagBag from /home/airflow/.local/lib/python3.12/site-packages/airflow/example_dags/example_python_operator.py
[2024-06-18T02:53:26.939+0000] {processor.py:840} INFO - DAG(s) 'example_python_operator' retrieved from /home/airflow/.local/lib/python3.12/site-packages/airflow/example_dags/example_python_operator.py
[2024-06-18T02:53:26.974+0000] {logging_mixin.py:188} INFO - [2024-06-18T02:53:26.974+0000] {dag.py:3096} INFO - Sync 1 DAGs
[2024-06-18T02:53:26.992+0000] {logging_mixin.py:188} INFO - [2024-06-18T02:53:26.992+0000] {dag.py:3954} INFO - Setting next_dagrun for example_python_operator to None, run_after=None
[2024-06-18T02:53:27.023+0000] {processor.py:183} INFO - Processing /home/airflow/.local/lib/python3.12/site-packages/airflow/example_dags/example_python_operator.py took 0.111 seconds
[2024-06-18T02:53:57.530+0000] {processor.py:161} INFO - Started process (PID=67442) to work on /home/airflow/.local/lib/python3.12/site-packages/airflow/example_dags/example_python_operator.py
[2024-06-18T02:53:57.531+0000] {processor.py:830} INFO - Processing file /home/airflow/.local/lib/python3.12/site-packages/airflow/example_dags/example_python_operator.py for tasks to queue
[2024-06-18T02:53:57.532+0000] {logging_mixin.py:188} INFO - [2024-06-18T02:53:57.532+0000] {dagbag.py:545} INFO - Filling up the DagBag from /home/airflow/.local/lib/python3.12/site-packages/airflow/example_dags/example_python_operator.py
[2024-06-18T02:53:57.543+0000] {processor.py:840} INFO - DAG(s) 'example_python_operator' retrieved from /home/airflow/.local/lib/python3.12/site-packages/airflow/example_dags/example_python_operator.py
[2024-06-18T02:53:57.566+0000] {logging_mixin.py:188} INFO - [2024-06-18T02:53:57.566+0000] {dag.py:3096} INFO - Sync 1 DAGs
[2024-06-18T02:53:57.582+0000] {logging_mixin.py:188} INFO - [2024-06-18T02:53:57.582+0000] {dag.py:3954} INFO - Setting next_dagrun for example_python_operator to None, run_after=None
[2024-06-18T02:53:57.604+0000] {processor.py:183} INFO - Processing /home/airflow/.local/lib/python3.12/site-packages/airflow/example_dags/example_python_operator.py took 0.081 seconds
[2024-06-18T02:54:27.688+0000] {processor.py:161} INFO - Started process (PID=67500) to work on /home/airflow/.local/lib/python3.12/site-packages/airflow/example_dags/example_python_operator.py
[2024-06-18T02:54:27.690+0000] {processor.py:830} INFO - Processing file /home/airflow/.local/lib/python3.12/site-packages/airflow/example_dags/example_python_operator.py for tasks to queue
[2024-06-18T02:54:27.691+0000] {logging_mixin.py:188} INFO - [2024-06-18T02:54:27.691+0000] {dagbag.py:545} INFO - Filling up the DagBag from /home/airflow/.local/lib/python3.12/site-packages/airflow/example_dags/example_python_operator.py
[2024-06-18T02:54:27.705+0000] {processor.py:840} INFO - DAG(s) 'example_python_operator' retrieved from /home/airflow/.local/lib/python3.12/site-packages/airflow/example_dags/example_python_operator.py
[2024-06-18T02:54:27.731+0000] {logging_mixin.py:188} INFO - [2024-06-18T02:54:27.730+0000] {dag.py:3096} INFO - Sync 1 DAGs
[2024-06-18T02:54:27.747+0000] {logging_mixin.py:188} INFO - [2024-06-18T02:54:27.747+0000] {dag.py:3954} INFO - Setting next_dagrun for example_python_operator to None, run_after=None
[2024-06-18T02:54:27.774+0000] {processor.py:183} INFO - Processing /home/airflow/.local/lib/python3.12/site-packages/airflow/example_dags/example_python_operator.py took 0.095 seconds
[2024-06-18T02:54:58.702+0000] {processor.py:161} INFO - Started process (PID=67556) to work on /home/airflow/.local/lib/python3.12/site-packages/airflow/example_dags/example_python_operator.py
[2024-06-18T02:54:58.703+0000] {processor.py:830} INFO - Processing file /home/airflow/.local/lib/python3.12/site-packages/airflow/example_dags/example_python_operator.py for tasks to queue
[2024-06-18T02:54:58.704+0000] {logging_mixin.py:188} INFO - [2024-06-18T02:54:58.703+0000] {dagbag.py:545} INFO - Filling up the DagBag from /home/airflow/.local/lib/python3.12/site-packages/airflow/example_dags/example_python_operator.py
[2024-06-18T02:54:58.714+0000] {processor.py:840} INFO - DAG(s) 'example_python_operator' retrieved from /home/airflow/.local/lib/python3.12/site-packages/airflow/example_dags/example_python_operator.py
[2024-06-18T02:54:58.740+0000] {logging_mixin.py:188} INFO - [2024-06-18T02:54:58.740+0000] {dag.py:3096} INFO - Sync 1 DAGs
[2024-06-18T02:54:58.752+0000] {logging_mixin.py:188} INFO - [2024-06-18T02:54:58.751+0000] {dag.py:3954} INFO - Setting next_dagrun for example_python_operator to None, run_after=None
[2024-06-18T02:54:58.773+0000] {processor.py:183} INFO - Processing /home/airflow/.local/lib/python3.12/site-packages/airflow/example_dags/example_python_operator.py took 0.077 seconds
[2024-06-18T02:55:28.925+0000] {processor.py:161} INFO - Started process (PID=67614) to work on /home/airflow/.local/lib/python3.12/site-packages/airflow/example_dags/example_python_operator.py
[2024-06-18T02:55:28.926+0000] {processor.py:830} INFO - Processing file /home/airflow/.local/lib/python3.12/site-packages/airflow/example_dags/example_python_operator.py for tasks to queue
[2024-06-18T02:55:28.927+0000] {logging_mixin.py:188} INFO - [2024-06-18T02:55:28.926+0000] {dagbag.py:545} INFO - Filling up the DagBag from /home/airflow/.local/lib/python3.12/site-packages/airflow/example_dags/example_python_operator.py
[2024-06-18T02:55:28.937+0000] {processor.py:840} INFO - DAG(s) 'example_python_operator' retrieved from /home/airflow/.local/lib/python3.12/site-packages/airflow/example_dags/example_python_operator.py
[2024-06-18T02:55:28.961+0000] {logging_mixin.py:188} INFO - [2024-06-18T02:55:28.960+0000] {dag.py:3096} INFO - Sync 1 DAGs
[2024-06-18T02:55:28.974+0000] {logging_mixin.py:188} INFO - [2024-06-18T02:55:28.973+0000] {dag.py:3954} INFO - Setting next_dagrun for example_python_operator to None, run_after=None
[2024-06-18T02:55:28.994+0000] {processor.py:183} INFO - Processing /home/airflow/.local/lib/python3.12/site-packages/airflow/example_dags/example_python_operator.py took 0.075 seconds
[2024-06-18T02:55:59.094+0000] {processor.py:161} INFO - Started process (PID=67672) to work on /home/airflow/.local/lib/python3.12/site-packages/airflow/example_dags/example_python_operator.py
[2024-06-18T02:55:59.096+0000] {processor.py:830} INFO - Processing file /home/airflow/.local/lib/python3.12/site-packages/airflow/example_dags/example_python_operator.py for tasks to queue
[2024-06-18T02:55:59.096+0000] {logging_mixin.py:188} INFO - [2024-06-18T02:55:59.096+0000] {dagbag.py:545} INFO - Filling up the DagBag from /home/airflow/.local/lib/python3.12/site-packages/airflow/example_dags/example_python_operator.py
[2024-06-18T02:55:59.106+0000] {processor.py:840} INFO - DAG(s) 'example_python_operator' retrieved from /home/airflow/.local/lib/python3.12/site-packages/airflow/example_dags/example_python_operator.py
[2024-06-18T02:55:59.131+0000] {logging_mixin.py:188} INFO - [2024-06-18T02:55:59.131+0000] {dag.py:3096} INFO - Sync 1 DAGs
[2024-06-18T02:55:59.145+0000] {logging_mixin.py:188} INFO - [2024-06-18T02:55:59.145+0000] {dag.py:3954} INFO - Setting next_dagrun for example_python_operator to None, run_after=None
[2024-06-18T02:55:59.168+0000] {processor.py:183} INFO - Processing /home/airflow/.local/lib/python3.12/site-packages/airflow/example_dags/example_python_operator.py took 0.081 seconds
[2024-06-18T02:56:29.480+0000] {processor.py:161} INFO - Started process (PID=67730) to work on /home/airflow/.local/lib/python3.12/site-packages/airflow/example_dags/example_python_operator.py
[2024-06-18T02:56:29.482+0000] {processor.py:830} INFO - Processing file /home/airflow/.local/lib/python3.12/site-packages/airflow/example_dags/example_python_operator.py for tasks to queue
[2024-06-18T02:56:29.483+0000] {logging_mixin.py:188} INFO - [2024-06-18T02:56:29.483+0000] {dagbag.py:545} INFO - Filling up the DagBag from /home/airflow/.local/lib/python3.12/site-packages/airflow/example_dags/example_python_operator.py
[2024-06-18T02:56:29.500+0000] {processor.py:840} INFO - DAG(s) 'example_python_operator' retrieved from /home/airflow/.local/lib/python3.12/site-packages/airflow/example_dags/example_python_operator.py
[2024-06-18T02:56:29.543+0000] {logging_mixin.py:188} INFO - [2024-06-18T02:56:29.542+0000] {dag.py:3096} INFO - Sync 1 DAGs
[2024-06-18T02:56:29.573+0000] {logging_mixin.py:188} INFO - [2024-06-18T02:56:29.572+0000] {dag.py:3954} INFO - Setting next_dagrun for example_python_operator to None, run_after=None
[2024-06-18T02:56:29.607+0000] {processor.py:183} INFO - Processing /home/airflow/.local/lib/python3.12/site-packages/airflow/example_dags/example_python_operator.py took 0.140 seconds
