[2024-06-18T02:21:44.794+0000] {processor.py:161} INFO - Started process (PID=65213) to work on /home/airflow/.local/lib/python3.12/site-packages/airflow/example_dags/example_python_decorator.py
[2024-06-18T02:21:44.795+0000] {processor.py:830} INFO - Processing file /home/airflow/.local/lib/python3.12/site-packages/airflow/example_dags/example_python_decorator.py for tasks to queue
[2024-06-18T02:21:44.796+0000] {logging_mixin.py:188} INFO - [2024-06-18T02:21:44.795+0000] {dagbag.py:545} INFO - Filling up the DagBag from /home/airflow/.local/lib/python3.12/site-packages/airflow/example_dags/example_python_decorator.py
[2024-06-18T02:21:44.816+0000] {processor.py:840} INFO - DAG(s) 'example_python_decorator' retrieved from /home/airflow/.local/lib/python3.12/site-packages/airflow/example_dags/example_python_decorator.py
[2024-06-18T02:21:44.850+0000] {logging_mixin.py:188} INFO - [2024-06-18T02:21:44.850+0000] {dag.py:3096} INFO - Sync 1 DAGs
[2024-06-18T02:21:44.868+0000] {logging_mixin.py:188} INFO - [2024-06-18T02:21:44.868+0000] {dag.py:3954} INFO - Setting next_dagrun for example_python_decorator to None, run_after=None
[2024-06-18T02:21:44.918+0000] {processor.py:183} INFO - Processing /home/airflow/.local/lib/python3.12/site-packages/airflow/example_dags/example_python_decorator.py took 0.132 seconds
[2024-06-18T02:22:16.038+0000] {processor.py:161} INFO - Started process (PID=65271) to work on /home/airflow/.local/lib/python3.12/site-packages/airflow/example_dags/example_python_decorator.py
[2024-06-18T02:22:16.040+0000] {processor.py:830} INFO - Processing file /home/airflow/.local/lib/python3.12/site-packages/airflow/example_dags/example_python_decorator.py for tasks to queue
[2024-06-18T02:22:16.041+0000] {logging_mixin.py:188} INFO - [2024-06-18T02:22:16.040+0000] {dagbag.py:545} INFO - Filling up the DagBag from /home/airflow/.local/lib/python3.12/site-packages/airflow/example_dags/example_python_decorator.py
[2024-06-18T02:22:16.060+0000] {processor.py:840} INFO - DAG(s) 'example_python_decorator' retrieved from /home/airflow/.local/lib/python3.12/site-packages/airflow/example_dags/example_python_decorator.py
[2024-06-18T02:22:16.106+0000] {logging_mixin.py:188} INFO - [2024-06-18T02:22:16.106+0000] {dag.py:3096} INFO - Sync 1 DAGs
[2024-06-18T02:22:16.124+0000] {logging_mixin.py:188} INFO - [2024-06-18T02:22:16.123+0000] {dag.py:3954} INFO - Setting next_dagrun for example_python_decorator to None, run_after=None
[2024-06-18T02:22:16.149+0000] {processor.py:183} INFO - Processing /home/airflow/.local/lib/python3.12/site-packages/airflow/example_dags/example_python_decorator.py took 0.120 seconds
[2024-06-18T02:22:46.798+0000] {processor.py:161} INFO - Started process (PID=65329) to work on /home/airflow/.local/lib/python3.12/site-packages/airflow/example_dags/example_python_decorator.py
[2024-06-18T02:22:46.799+0000] {processor.py:830} INFO - Processing file /home/airflow/.local/lib/python3.12/site-packages/airflow/example_dags/example_python_decorator.py for tasks to queue
[2024-06-18T02:22:46.799+0000] {logging_mixin.py:188} INFO - [2024-06-18T02:22:46.799+0000] {dagbag.py:545} INFO - Filling up the DagBag from /home/airflow/.local/lib/python3.12/site-packages/airflow/example_dags/example_python_decorator.py
[2024-06-18T02:22:46.817+0000] {processor.py:840} INFO - DAG(s) 'example_python_decorator' retrieved from /home/airflow/.local/lib/python3.12/site-packages/airflow/example_dags/example_python_decorator.py
[2024-06-18T02:22:46.844+0000] {logging_mixin.py:188} INFO - [2024-06-18T02:22:46.844+0000] {dag.py:3096} INFO - Sync 1 DAGs
[2024-06-18T02:22:46.859+0000] {logging_mixin.py:188} INFO - [2024-06-18T02:22:46.859+0000] {dag.py:3954} INFO - Setting next_dagrun for example_python_decorator to None, run_after=None
[2024-06-18T02:22:46.877+0000] {processor.py:183} INFO - Processing /home/airflow/.local/lib/python3.12/site-packages/airflow/example_dags/example_python_decorator.py took 0.085 seconds
[2024-06-18T02:23:17.425+0000] {processor.py:161} INFO - Started process (PID=65388) to work on /home/airflow/.local/lib/python3.12/site-packages/airflow/example_dags/example_python_decorator.py
[2024-06-18T02:23:17.425+0000] {processor.py:830} INFO - Processing file /home/airflow/.local/lib/python3.12/site-packages/airflow/example_dags/example_python_decorator.py for tasks to queue
[2024-06-18T02:23:17.426+0000] {logging_mixin.py:188} INFO - [2024-06-18T02:23:17.426+0000] {dagbag.py:545} INFO - Filling up the DagBag from /home/airflow/.local/lib/python3.12/site-packages/airflow/example_dags/example_python_decorator.py
[2024-06-18T02:23:17.442+0000] {processor.py:840} INFO - DAG(s) 'example_python_decorator' retrieved from /home/airflow/.local/lib/python3.12/site-packages/airflow/example_dags/example_python_decorator.py
[2024-06-18T02:23:17.469+0000] {logging_mixin.py:188} INFO - [2024-06-18T02:23:17.469+0000] {dag.py:3096} INFO - Sync 1 DAGs
[2024-06-18T02:23:17.484+0000] {logging_mixin.py:188} INFO - [2024-06-18T02:23:17.484+0000] {dag.py:3954} INFO - Setting next_dagrun for example_python_decorator to None, run_after=None
[2024-06-18T02:23:17.513+0000] {processor.py:183} INFO - Processing /home/airflow/.local/lib/python3.12/site-packages/airflow/example_dags/example_python_decorator.py took 0.096 seconds
[2024-06-18T02:23:47.905+0000] {processor.py:161} INFO - Started process (PID=65446) to work on /home/airflow/.local/lib/python3.12/site-packages/airflow/example_dags/example_python_decorator.py
[2024-06-18T02:23:47.907+0000] {processor.py:830} INFO - Processing file /home/airflow/.local/lib/python3.12/site-packages/airflow/example_dags/example_python_decorator.py for tasks to queue
[2024-06-18T02:23:47.908+0000] {logging_mixin.py:188} INFO - [2024-06-18T02:23:47.908+0000] {dagbag.py:545} INFO - Filling up the DagBag from /home/airflow/.local/lib/python3.12/site-packages/airflow/example_dags/example_python_decorator.py
[2024-06-18T02:23:47.924+0000] {processor.py:840} INFO - DAG(s) 'example_python_decorator' retrieved from /home/airflow/.local/lib/python3.12/site-packages/airflow/example_dags/example_python_decorator.py
[2024-06-18T02:23:47.954+0000] {logging_mixin.py:188} INFO - [2024-06-18T02:23:47.954+0000] {dag.py:3096} INFO - Sync 1 DAGs
[2024-06-18T02:23:47.971+0000] {logging_mixin.py:188} INFO - [2024-06-18T02:23:47.971+0000] {dag.py:3954} INFO - Setting next_dagrun for example_python_decorator to None, run_after=None
[2024-06-18T02:23:47.999+0000] {processor.py:183} INFO - Processing /home/airflow/.local/lib/python3.12/site-packages/airflow/example_dags/example_python_decorator.py took 0.101 seconds
[2024-06-18T02:24:19.086+0000] {processor.py:161} INFO - Started process (PID=65504) to work on /home/airflow/.local/lib/python3.12/site-packages/airflow/example_dags/example_python_decorator.py
[2024-06-18T02:24:19.088+0000] {processor.py:830} INFO - Processing file /home/airflow/.local/lib/python3.12/site-packages/airflow/example_dags/example_python_decorator.py for tasks to queue
[2024-06-18T02:24:19.088+0000] {logging_mixin.py:188} INFO - [2024-06-18T02:24:19.088+0000] {dagbag.py:545} INFO - Filling up the DagBag from /home/airflow/.local/lib/python3.12/site-packages/airflow/example_dags/example_python_decorator.py
[2024-06-18T02:24:19.104+0000] {processor.py:840} INFO - DAG(s) 'example_python_decorator' retrieved from /home/airflow/.local/lib/python3.12/site-packages/airflow/example_dags/example_python_decorator.py
[2024-06-18T02:24:19.132+0000] {logging_mixin.py:188} INFO - [2024-06-18T02:24:19.132+0000] {dag.py:3096} INFO - Sync 1 DAGs
[2024-06-18T02:24:19.150+0000] {logging_mixin.py:188} INFO - [2024-06-18T02:24:19.150+0000] {dag.py:3954} INFO - Setting next_dagrun for example_python_decorator to None, run_after=None
[2024-06-18T02:24:19.175+0000] {processor.py:183} INFO - Processing /home/airflow/.local/lib/python3.12/site-packages/airflow/example_dags/example_python_decorator.py took 0.094 seconds
[2024-06-18T02:24:50.162+0000] {processor.py:161} INFO - Started process (PID=65562) to work on /home/airflow/.local/lib/python3.12/site-packages/airflow/example_dags/example_python_decorator.py
[2024-06-18T02:24:50.162+0000] {processor.py:830} INFO - Processing file /home/airflow/.local/lib/python3.12/site-packages/airflow/example_dags/example_python_decorator.py for tasks to queue
[2024-06-18T02:24:50.164+0000] {logging_mixin.py:188} INFO - [2024-06-18T02:24:50.164+0000] {dagbag.py:545} INFO - Filling up the DagBag from /home/airflow/.local/lib/python3.12/site-packages/airflow/example_dags/example_python_decorator.py
[2024-06-18T02:24:50.181+0000] {processor.py:840} INFO - DAG(s) 'example_python_decorator' retrieved from /home/airflow/.local/lib/python3.12/site-packages/airflow/example_dags/example_python_decorator.py
[2024-06-18T02:24:50.208+0000] {logging_mixin.py:188} INFO - [2024-06-18T02:24:50.207+0000] {dag.py:3096} INFO - Sync 1 DAGs
[2024-06-18T02:24:50.221+0000] {logging_mixin.py:188} INFO - [2024-06-18T02:24:50.220+0000] {dag.py:3954} INFO - Setting next_dagrun for example_python_decorator to None, run_after=None
[2024-06-18T02:24:50.244+0000] {processor.py:183} INFO - Processing /home/airflow/.local/lib/python3.12/site-packages/airflow/example_dags/example_python_decorator.py took 0.088 seconds
[2024-06-18T02:25:20.403+0000] {processor.py:161} INFO - Started process (PID=65620) to work on /home/airflow/.local/lib/python3.12/site-packages/airflow/example_dags/example_python_decorator.py
[2024-06-18T02:25:20.404+0000] {processor.py:830} INFO - Processing file /home/airflow/.local/lib/python3.12/site-packages/airflow/example_dags/example_python_decorator.py for tasks to queue
[2024-06-18T02:25:20.406+0000] {logging_mixin.py:188} INFO - [2024-06-18T02:25:20.405+0000] {dagbag.py:545} INFO - Filling up the DagBag from /home/airflow/.local/lib/python3.12/site-packages/airflow/example_dags/example_python_decorator.py
[2024-06-18T02:25:20.424+0000] {processor.py:840} INFO - DAG(s) 'example_python_decorator' retrieved from /home/airflow/.local/lib/python3.12/site-packages/airflow/example_dags/example_python_decorator.py
[2024-06-18T02:25:20.458+0000] {logging_mixin.py:188} INFO - [2024-06-18T02:25:20.457+0000] {dag.py:3096} INFO - Sync 1 DAGs
[2024-06-18T02:25:20.479+0000] {logging_mixin.py:188} INFO - [2024-06-18T02:25:20.479+0000] {dag.py:3954} INFO - Setting next_dagrun for example_python_decorator to None, run_after=None
[2024-06-18T02:25:20.513+0000] {processor.py:183} INFO - Processing /home/airflow/.local/lib/python3.12/site-packages/airflow/example_dags/example_python_decorator.py took 0.119 seconds
[2024-06-18T02:25:50.902+0000] {processor.py:161} INFO - Started process (PID=65678) to work on /home/airflow/.local/lib/python3.12/site-packages/airflow/example_dags/example_python_decorator.py
[2024-06-18T02:25:50.909+0000] {processor.py:830} INFO - Processing file /home/airflow/.local/lib/python3.12/site-packages/airflow/example_dags/example_python_decorator.py for tasks to queue
[2024-06-18T02:25:50.910+0000] {logging_mixin.py:188} INFO - [2024-06-18T02:25:50.910+0000] {dagbag.py:545} INFO - Filling up the DagBag from /home/airflow/.local/lib/python3.12/site-packages/airflow/example_dags/example_python_decorator.py
[2024-06-18T02:25:50.937+0000] {processor.py:840} INFO - DAG(s) 'example_python_decorator' retrieved from /home/airflow/.local/lib/python3.12/site-packages/airflow/example_dags/example_python_decorator.py
[2024-06-18T02:25:50.977+0000] {logging_mixin.py:188} INFO - [2024-06-18T02:25:50.976+0000] {dag.py:3096} INFO - Sync 1 DAGs
[2024-06-18T02:25:50.995+0000] {logging_mixin.py:188} INFO - [2024-06-18T02:25:50.995+0000] {dag.py:3954} INFO - Setting next_dagrun for example_python_decorator to None, run_after=None
[2024-06-18T02:25:51.021+0000] {processor.py:183} INFO - Processing /home/airflow/.local/lib/python3.12/site-packages/airflow/example_dags/example_python_decorator.py took 0.127 seconds
[2024-06-18T02:26:21.220+0000] {processor.py:161} INFO - Started process (PID=65736) to work on /home/airflow/.local/lib/python3.12/site-packages/airflow/example_dags/example_python_decorator.py
[2024-06-18T02:26:21.222+0000] {processor.py:830} INFO - Processing file /home/airflow/.local/lib/python3.12/site-packages/airflow/example_dags/example_python_decorator.py for tasks to queue
[2024-06-18T02:26:21.225+0000] {logging_mixin.py:188} INFO - [2024-06-18T02:26:21.224+0000] {dagbag.py:545} INFO - Filling up the DagBag from /home/airflow/.local/lib/python3.12/site-packages/airflow/example_dags/example_python_decorator.py
[2024-06-18T02:26:21.246+0000] {processor.py:840} INFO - DAG(s) 'example_python_decorator' retrieved from /home/airflow/.local/lib/python3.12/site-packages/airflow/example_dags/example_python_decorator.py
[2024-06-18T02:26:21.287+0000] {logging_mixin.py:188} INFO - [2024-06-18T02:26:21.286+0000] {dag.py:3096} INFO - Sync 1 DAGs
[2024-06-18T02:26:21.307+0000] {logging_mixin.py:188} INFO - [2024-06-18T02:26:21.307+0000] {dag.py:3954} INFO - Setting next_dagrun for example_python_decorator to None, run_after=None
[2024-06-18T02:26:21.339+0000] {processor.py:183} INFO - Processing /home/airflow/.local/lib/python3.12/site-packages/airflow/example_dags/example_python_decorator.py took 0.127 seconds
[2024-06-18T02:26:51.767+0000] {processor.py:161} INFO - Started process (PID=65795) to work on /home/airflow/.local/lib/python3.12/site-packages/airflow/example_dags/example_python_decorator.py
[2024-06-18T02:26:51.768+0000] {processor.py:830} INFO - Processing file /home/airflow/.local/lib/python3.12/site-packages/airflow/example_dags/example_python_decorator.py for tasks to queue
[2024-06-18T02:26:51.769+0000] {logging_mixin.py:188} INFO - [2024-06-18T02:26:51.768+0000] {dagbag.py:545} INFO - Filling up the DagBag from /home/airflow/.local/lib/python3.12/site-packages/airflow/example_dags/example_python_decorator.py
[2024-06-18T02:26:51.783+0000] {processor.py:840} INFO - DAG(s) 'example_python_decorator' retrieved from /home/airflow/.local/lib/python3.12/site-packages/airflow/example_dags/example_python_decorator.py
[2024-06-18T02:26:51.812+0000] {logging_mixin.py:188} INFO - [2024-06-18T02:26:51.812+0000] {dag.py:3096} INFO - Sync 1 DAGs
[2024-06-18T02:26:51.832+0000] {logging_mixin.py:188} INFO - [2024-06-18T02:26:51.832+0000] {dag.py:3954} INFO - Setting next_dagrun for example_python_decorator to None, run_after=None
[2024-06-18T02:26:51.903+0000] {processor.py:183} INFO - Processing /home/airflow/.local/lib/python3.12/site-packages/airflow/example_dags/example_python_decorator.py took 0.143 seconds
[2024-06-18T02:27:22.254+0000] {processor.py:161} INFO - Started process (PID=65853) to work on /home/airflow/.local/lib/python3.12/site-packages/airflow/example_dags/example_python_decorator.py
[2024-06-18T02:27:22.255+0000] {processor.py:830} INFO - Processing file /home/airflow/.local/lib/python3.12/site-packages/airflow/example_dags/example_python_decorator.py for tasks to queue
[2024-06-18T02:27:22.257+0000] {logging_mixin.py:188} INFO - [2024-06-18T02:27:22.256+0000] {dagbag.py:545} INFO - Filling up the DagBag from /home/airflow/.local/lib/python3.12/site-packages/airflow/example_dags/example_python_decorator.py
[2024-06-18T02:27:22.281+0000] {processor.py:840} INFO - DAG(s) 'example_python_decorator' retrieved from /home/airflow/.local/lib/python3.12/site-packages/airflow/example_dags/example_python_decorator.py
[2024-06-18T02:27:22.315+0000] {logging_mixin.py:188} INFO - [2024-06-18T02:27:22.315+0000] {dag.py:3096} INFO - Sync 1 DAGs
[2024-06-18T02:27:22.334+0000] {logging_mixin.py:188} INFO - [2024-06-18T02:27:22.333+0000] {dag.py:3954} INFO - Setting next_dagrun for example_python_decorator to None, run_after=None
[2024-06-18T02:27:22.362+0000] {processor.py:183} INFO - Processing /home/airflow/.local/lib/python3.12/site-packages/airflow/example_dags/example_python_decorator.py took 0.118 seconds
[2024-06-18T02:27:52.511+0000] {processor.py:161} INFO - Started process (PID=65911) to work on /home/airflow/.local/lib/python3.12/site-packages/airflow/example_dags/example_python_decorator.py
[2024-06-18T02:27:52.515+0000] {processor.py:830} INFO - Processing file /home/airflow/.local/lib/python3.12/site-packages/airflow/example_dags/example_python_decorator.py for tasks to queue
[2024-06-18T02:27:52.516+0000] {logging_mixin.py:188} INFO - [2024-06-18T02:27:52.515+0000] {dagbag.py:545} INFO - Filling up the DagBag from /home/airflow/.local/lib/python3.12/site-packages/airflow/example_dags/example_python_decorator.py
[2024-06-18T02:27:52.534+0000] {processor.py:840} INFO - DAG(s) 'example_python_decorator' retrieved from /home/airflow/.local/lib/python3.12/site-packages/airflow/example_dags/example_python_decorator.py
[2024-06-18T02:27:52.562+0000] {logging_mixin.py:188} INFO - [2024-06-18T02:27:52.561+0000] {dag.py:3096} INFO - Sync 1 DAGs
[2024-06-18T02:27:52.580+0000] {logging_mixin.py:188} INFO - [2024-06-18T02:27:52.579+0000] {dag.py:3954} INFO - Setting next_dagrun for example_python_decorator to None, run_after=None
[2024-06-18T02:27:52.611+0000] {processor.py:183} INFO - Processing /home/airflow/.local/lib/python3.12/site-packages/airflow/example_dags/example_python_decorator.py took 0.108 seconds
[2024-06-18T02:28:22.918+0000] {processor.py:161} INFO - Started process (PID=65969) to work on /home/airflow/.local/lib/python3.12/site-packages/airflow/example_dags/example_python_decorator.py
[2024-06-18T02:28:22.919+0000] {processor.py:830} INFO - Processing file /home/airflow/.local/lib/python3.12/site-packages/airflow/example_dags/example_python_decorator.py for tasks to queue
[2024-06-18T02:28:22.920+0000] {logging_mixin.py:188} INFO - [2024-06-18T02:28:22.920+0000] {dagbag.py:545} INFO - Filling up the DagBag from /home/airflow/.local/lib/python3.12/site-packages/airflow/example_dags/example_python_decorator.py
[2024-06-18T02:28:22.935+0000] {processor.py:840} INFO - DAG(s) 'example_python_decorator' retrieved from /home/airflow/.local/lib/python3.12/site-packages/airflow/example_dags/example_python_decorator.py
[2024-06-18T02:28:22.961+0000] {logging_mixin.py:188} INFO - [2024-06-18T02:28:22.961+0000] {dag.py:3096} INFO - Sync 1 DAGs
[2024-06-18T02:28:22.977+0000] {logging_mixin.py:188} INFO - [2024-06-18T02:28:22.977+0000] {dag.py:3954} INFO - Setting next_dagrun for example_python_decorator to None, run_after=None
[2024-06-18T02:28:22.998+0000] {processor.py:183} INFO - Processing /home/airflow/.local/lib/python3.12/site-packages/airflow/example_dags/example_python_decorator.py took 0.089 seconds
[2024-06-18T02:28:53.225+0000] {processor.py:161} INFO - Started process (PID=66028) to work on /home/airflow/.local/lib/python3.12/site-packages/airflow/example_dags/example_python_decorator.py
[2024-06-18T02:28:53.226+0000] {processor.py:830} INFO - Processing file /home/airflow/.local/lib/python3.12/site-packages/airflow/example_dags/example_python_decorator.py for tasks to queue
[2024-06-18T02:28:53.227+0000] {logging_mixin.py:188} INFO - [2024-06-18T02:28:53.226+0000] {dagbag.py:545} INFO - Filling up the DagBag from /home/airflow/.local/lib/python3.12/site-packages/airflow/example_dags/example_python_decorator.py
[2024-06-18T02:28:53.241+0000] {processor.py:840} INFO - DAG(s) 'example_python_decorator' retrieved from /home/airflow/.local/lib/python3.12/site-packages/airflow/example_dags/example_python_decorator.py
[2024-06-18T02:28:53.268+0000] {logging_mixin.py:188} INFO - [2024-06-18T02:28:53.268+0000] {dag.py:3096} INFO - Sync 1 DAGs
[2024-06-18T02:28:53.281+0000] {logging_mixin.py:188} INFO - [2024-06-18T02:28:53.281+0000] {dag.py:3954} INFO - Setting next_dagrun for example_python_decorator to None, run_after=None
[2024-06-18T02:28:53.301+0000] {processor.py:183} INFO - Processing /home/airflow/.local/lib/python3.12/site-packages/airflow/example_dags/example_python_decorator.py took 0.083 seconds
[2024-06-18T02:29:23.910+0000] {processor.py:161} INFO - Started process (PID=66086) to work on /home/airflow/.local/lib/python3.12/site-packages/airflow/example_dags/example_python_decorator.py
[2024-06-18T02:29:23.912+0000] {processor.py:830} INFO - Processing file /home/airflow/.local/lib/python3.12/site-packages/airflow/example_dags/example_python_decorator.py for tasks to queue
[2024-06-18T02:29:23.913+0000] {logging_mixin.py:188} INFO - [2024-06-18T02:29:23.912+0000] {dagbag.py:545} INFO - Filling up the DagBag from /home/airflow/.local/lib/python3.12/site-packages/airflow/example_dags/example_python_decorator.py
[2024-06-18T02:29:23.930+0000] {processor.py:840} INFO - DAG(s) 'example_python_decorator' retrieved from /home/airflow/.local/lib/python3.12/site-packages/airflow/example_dags/example_python_decorator.py
[2024-06-18T02:29:23.961+0000] {logging_mixin.py:188} INFO - [2024-06-18T02:29:23.961+0000] {dag.py:3096} INFO - Sync 1 DAGs
[2024-06-18T02:29:23.980+0000] {logging_mixin.py:188} INFO - [2024-06-18T02:29:23.979+0000] {dag.py:3954} INFO - Setting next_dagrun for example_python_decorator to None, run_after=None
[2024-06-18T02:29:24.009+0000] {processor.py:183} INFO - Processing /home/airflow/.local/lib/python3.12/site-packages/airflow/example_dags/example_python_decorator.py took 0.106 seconds
[2024-06-18T02:29:54.906+0000] {processor.py:161} INFO - Started process (PID=66144) to work on /home/airflow/.local/lib/python3.12/site-packages/airflow/example_dags/example_python_decorator.py
[2024-06-18T02:29:54.908+0000] {processor.py:830} INFO - Processing file /home/airflow/.local/lib/python3.12/site-packages/airflow/example_dags/example_python_decorator.py for tasks to queue
[2024-06-18T02:29:54.909+0000] {logging_mixin.py:188} INFO - [2024-06-18T02:29:54.909+0000] {dagbag.py:545} INFO - Filling up the DagBag from /home/airflow/.local/lib/python3.12/site-packages/airflow/example_dags/example_python_decorator.py
[2024-06-18T02:29:54.924+0000] {processor.py:840} INFO - DAG(s) 'example_python_decorator' retrieved from /home/airflow/.local/lib/python3.12/site-packages/airflow/example_dags/example_python_decorator.py
[2024-06-18T02:29:54.950+0000] {logging_mixin.py:188} INFO - [2024-06-18T02:29:54.949+0000] {dag.py:3096} INFO - Sync 1 DAGs
[2024-06-18T02:29:54.963+0000] {logging_mixin.py:188} INFO - [2024-06-18T02:29:54.963+0000] {dag.py:3954} INFO - Setting next_dagrun for example_python_decorator to None, run_after=None
[2024-06-18T02:29:54.985+0000] {processor.py:183} INFO - Processing /home/airflow/.local/lib/python3.12/site-packages/airflow/example_dags/example_python_decorator.py took 0.085 seconds
[2024-06-18T02:30:25.664+0000] {processor.py:161} INFO - Started process (PID=66202) to work on /home/airflow/.local/lib/python3.12/site-packages/airflow/example_dags/example_python_decorator.py
[2024-06-18T02:30:25.665+0000] {processor.py:830} INFO - Processing file /home/airflow/.local/lib/python3.12/site-packages/airflow/example_dags/example_python_decorator.py for tasks to queue
[2024-06-18T02:30:25.667+0000] {logging_mixin.py:188} INFO - [2024-06-18T02:30:25.666+0000] {dagbag.py:545} INFO - Filling up the DagBag from /home/airflow/.local/lib/python3.12/site-packages/airflow/example_dags/example_python_decorator.py
[2024-06-18T02:30:25.693+0000] {processor.py:840} INFO - DAG(s) 'example_python_decorator' retrieved from /home/airflow/.local/lib/python3.12/site-packages/airflow/example_dags/example_python_decorator.py
[2024-06-18T02:30:25.736+0000] {logging_mixin.py:188} INFO - [2024-06-18T02:30:25.736+0000] {dag.py:3096} INFO - Sync 1 DAGs
[2024-06-18T02:30:25.753+0000] {logging_mixin.py:188} INFO - [2024-06-18T02:30:25.753+0000] {dag.py:3954} INFO - Setting next_dagrun for example_python_decorator to None, run_after=None
[2024-06-18T02:30:25.771+0000] {processor.py:183} INFO - Processing /home/airflow/.local/lib/python3.12/site-packages/airflow/example_dags/example_python_decorator.py took 0.117 seconds
[2024-06-18T02:30:55.989+0000] {processor.py:161} INFO - Started process (PID=66260) to work on /home/airflow/.local/lib/python3.12/site-packages/airflow/example_dags/example_python_decorator.py
[2024-06-18T02:30:55.991+0000] {processor.py:830} INFO - Processing file /home/airflow/.local/lib/python3.12/site-packages/airflow/example_dags/example_python_decorator.py for tasks to queue
[2024-06-18T02:30:55.992+0000] {logging_mixin.py:188} INFO - [2024-06-18T02:30:55.991+0000] {dagbag.py:545} INFO - Filling up the DagBag from /home/airflow/.local/lib/python3.12/site-packages/airflow/example_dags/example_python_decorator.py
[2024-06-18T02:30:56.004+0000] {processor.py:840} INFO - DAG(s) 'example_python_decorator' retrieved from /home/airflow/.local/lib/python3.12/site-packages/airflow/example_dags/example_python_decorator.py
[2024-06-18T02:30:56.026+0000] {logging_mixin.py:188} INFO - [2024-06-18T02:30:56.026+0000] {dag.py:3096} INFO - Sync 1 DAGs
[2024-06-18T02:30:56.039+0000] {logging_mixin.py:188} INFO - [2024-06-18T02:30:56.039+0000] {dag.py:3954} INFO - Setting next_dagrun for example_python_decorator to None, run_after=None
[2024-06-18T02:30:56.057+0000] {processor.py:183} INFO - Processing /home/airflow/.local/lib/python3.12/site-packages/airflow/example_dags/example_python_decorator.py took 0.074 seconds
[2024-06-18T02:31:26.396+0000] {processor.py:161} INFO - Started process (PID=66318) to work on /home/airflow/.local/lib/python3.12/site-packages/airflow/example_dags/example_python_decorator.py
[2024-06-18T02:31:26.398+0000] {processor.py:830} INFO - Processing file /home/airflow/.local/lib/python3.12/site-packages/airflow/example_dags/example_python_decorator.py for tasks to queue
[2024-06-18T02:31:26.399+0000] {logging_mixin.py:188} INFO - [2024-06-18T02:31:26.398+0000] {dagbag.py:545} INFO - Filling up the DagBag from /home/airflow/.local/lib/python3.12/site-packages/airflow/example_dags/example_python_decorator.py
[2024-06-18T02:31:26.415+0000] {processor.py:840} INFO - DAG(s) 'example_python_decorator' retrieved from /home/airflow/.local/lib/python3.12/site-packages/airflow/example_dags/example_python_decorator.py
[2024-06-18T02:31:26.439+0000] {logging_mixin.py:188} INFO - [2024-06-18T02:31:26.439+0000] {dag.py:3096} INFO - Sync 1 DAGs
[2024-06-18T02:31:26.456+0000] {logging_mixin.py:188} INFO - [2024-06-18T02:31:26.455+0000] {dag.py:3954} INFO - Setting next_dagrun for example_python_decorator to None, run_after=None
[2024-06-18T02:31:26.477+0000] {processor.py:183} INFO - Processing /home/airflow/.local/lib/python3.12/site-packages/airflow/example_dags/example_python_decorator.py took 0.088 seconds
[2024-06-18T02:31:56.923+0000] {processor.py:161} INFO - Started process (PID=66376) to work on /home/airflow/.local/lib/python3.12/site-packages/airflow/example_dags/example_python_decorator.py
[2024-06-18T02:31:56.924+0000] {processor.py:830} INFO - Processing file /home/airflow/.local/lib/python3.12/site-packages/airflow/example_dags/example_python_decorator.py for tasks to queue
[2024-06-18T02:31:56.926+0000] {logging_mixin.py:188} INFO - [2024-06-18T02:31:56.925+0000] {dagbag.py:545} INFO - Filling up the DagBag from /home/airflow/.local/lib/python3.12/site-packages/airflow/example_dags/example_python_decorator.py
[2024-06-18T02:31:56.943+0000] {processor.py:840} INFO - DAG(s) 'example_python_decorator' retrieved from /home/airflow/.local/lib/python3.12/site-packages/airflow/example_dags/example_python_decorator.py
[2024-06-18T02:31:56.969+0000] {logging_mixin.py:188} INFO - [2024-06-18T02:31:56.969+0000] {dag.py:3096} INFO - Sync 1 DAGs
[2024-06-18T02:31:56.985+0000] {logging_mixin.py:188} INFO - [2024-06-18T02:31:56.985+0000] {dag.py:3954} INFO - Setting next_dagrun for example_python_decorator to None, run_after=None
[2024-06-18T02:31:57.007+0000] {processor.py:183} INFO - Processing /home/airflow/.local/lib/python3.12/site-packages/airflow/example_dags/example_python_decorator.py took 0.090 seconds
[2024-06-18T02:32:27.867+0000] {processor.py:161} INFO - Started process (PID=66434) to work on /home/airflow/.local/lib/python3.12/site-packages/airflow/example_dags/example_python_decorator.py
[2024-06-18T02:32:27.869+0000] {processor.py:830} INFO - Processing file /home/airflow/.local/lib/python3.12/site-packages/airflow/example_dags/example_python_decorator.py for tasks to queue
[2024-06-18T02:32:27.870+0000] {logging_mixin.py:188} INFO - [2024-06-18T02:32:27.869+0000] {dagbag.py:545} INFO - Filling up the DagBag from /home/airflow/.local/lib/python3.12/site-packages/airflow/example_dags/example_python_decorator.py
[2024-06-18T02:32:27.887+0000] {processor.py:840} INFO - DAG(s) 'example_python_decorator' retrieved from /home/airflow/.local/lib/python3.12/site-packages/airflow/example_dags/example_python_decorator.py
[2024-06-18T02:32:27.914+0000] {logging_mixin.py:188} INFO - [2024-06-18T02:32:27.913+0000] {dag.py:3096} INFO - Sync 1 DAGs
[2024-06-18T02:32:27.927+0000] {logging_mixin.py:188} INFO - [2024-06-18T02:32:27.927+0000] {dag.py:3954} INFO - Setting next_dagrun for example_python_decorator to None, run_after=None
[2024-06-18T02:32:27.947+0000] {processor.py:183} INFO - Processing /home/airflow/.local/lib/python3.12/site-packages/airflow/example_dags/example_python_decorator.py took 0.086 seconds
[2024-06-18T02:32:58.447+0000] {processor.py:161} INFO - Started process (PID=66492) to work on /home/airflow/.local/lib/python3.12/site-packages/airflow/example_dags/example_python_decorator.py
[2024-06-18T02:32:58.448+0000] {processor.py:830} INFO - Processing file /home/airflow/.local/lib/python3.12/site-packages/airflow/example_dags/example_python_decorator.py for tasks to queue
[2024-06-18T02:32:58.449+0000] {logging_mixin.py:188} INFO - [2024-06-18T02:32:58.448+0000] {dagbag.py:545} INFO - Filling up the DagBag from /home/airflow/.local/lib/python3.12/site-packages/airflow/example_dags/example_python_decorator.py
[2024-06-18T02:32:58.462+0000] {processor.py:840} INFO - DAG(s) 'example_python_decorator' retrieved from /home/airflow/.local/lib/python3.12/site-packages/airflow/example_dags/example_python_decorator.py
[2024-06-18T02:32:58.508+0000] {logging_mixin.py:188} INFO - [2024-06-18T02:32:58.497+0000] {dag.py:3096} INFO - Sync 1 DAGs
[2024-06-18T02:32:58.530+0000] {logging_mixin.py:188} INFO - [2024-06-18T02:32:58.530+0000] {dag.py:3954} INFO - Setting next_dagrun for example_python_decorator to None, run_after=None
[2024-06-18T02:32:58.586+0000] {processor.py:183} INFO - Processing /home/airflow/.local/lib/python3.12/site-packages/airflow/example_dags/example_python_decorator.py took 0.146 seconds
[2024-06-18T02:33:29.227+0000] {processor.py:161} INFO - Started process (PID=66550) to work on /home/airflow/.local/lib/python3.12/site-packages/airflow/example_dags/example_python_decorator.py
[2024-06-18T02:33:29.229+0000] {processor.py:830} INFO - Processing file /home/airflow/.local/lib/python3.12/site-packages/airflow/example_dags/example_python_decorator.py for tasks to queue
[2024-06-18T02:33:29.230+0000] {logging_mixin.py:188} INFO - [2024-06-18T02:33:29.230+0000] {dagbag.py:545} INFO - Filling up the DagBag from /home/airflow/.local/lib/python3.12/site-packages/airflow/example_dags/example_python_decorator.py
[2024-06-18T02:33:29.245+0000] {processor.py:840} INFO - DAG(s) 'example_python_decorator' retrieved from /home/airflow/.local/lib/python3.12/site-packages/airflow/example_dags/example_python_decorator.py
[2024-06-18T02:33:29.278+0000] {logging_mixin.py:188} INFO - [2024-06-18T02:33:29.277+0000] {dag.py:3096} INFO - Sync 1 DAGs
[2024-06-18T02:33:29.294+0000] {logging_mixin.py:188} INFO - [2024-06-18T02:33:29.294+0000] {dag.py:3954} INFO - Setting next_dagrun for example_python_decorator to None, run_after=None
[2024-06-18T02:33:29.331+0000] {processor.py:183} INFO - Processing /home/airflow/.local/lib/python3.12/site-packages/airflow/example_dags/example_python_decorator.py took 0.112 seconds
[2024-06-18T02:33:59.660+0000] {processor.py:161} INFO - Started process (PID=66608) to work on /home/airflow/.local/lib/python3.12/site-packages/airflow/example_dags/example_python_decorator.py
[2024-06-18T02:33:59.661+0000] {processor.py:830} INFO - Processing file /home/airflow/.local/lib/python3.12/site-packages/airflow/example_dags/example_python_decorator.py for tasks to queue
[2024-06-18T02:33:59.662+0000] {logging_mixin.py:188} INFO - [2024-06-18T02:33:59.662+0000] {dagbag.py:545} INFO - Filling up the DagBag from /home/airflow/.local/lib/python3.12/site-packages/airflow/example_dags/example_python_decorator.py
[2024-06-18T02:33:59.685+0000] {processor.py:840} INFO - DAG(s) 'example_python_decorator' retrieved from /home/airflow/.local/lib/python3.12/site-packages/airflow/example_dags/example_python_decorator.py
[2024-06-18T02:33:59.721+0000] {logging_mixin.py:188} INFO - [2024-06-18T02:33:59.720+0000] {dag.py:3096} INFO - Sync 1 DAGs
[2024-06-18T02:33:59.741+0000] {logging_mixin.py:188} INFO - [2024-06-18T02:33:59.740+0000] {dag.py:3954} INFO - Setting next_dagrun for example_python_decorator to None, run_after=None
[2024-06-18T02:33:59.769+0000] {processor.py:183} INFO - Processing /home/airflow/.local/lib/python3.12/site-packages/airflow/example_dags/example_python_decorator.py took 0.117 seconds
[2024-06-18T02:34:30.090+0000] {processor.py:161} INFO - Started process (PID=66666) to work on /home/airflow/.local/lib/python3.12/site-packages/airflow/example_dags/example_python_decorator.py
[2024-06-18T02:34:30.091+0000] {processor.py:830} INFO - Processing file /home/airflow/.local/lib/python3.12/site-packages/airflow/example_dags/example_python_decorator.py for tasks to queue
[2024-06-18T02:34:30.092+0000] {logging_mixin.py:188} INFO - [2024-06-18T02:34:30.091+0000] {dagbag.py:545} INFO - Filling up the DagBag from /home/airflow/.local/lib/python3.12/site-packages/airflow/example_dags/example_python_decorator.py
[2024-06-18T02:34:30.106+0000] {processor.py:840} INFO - DAG(s) 'example_python_decorator' retrieved from /home/airflow/.local/lib/python3.12/site-packages/airflow/example_dags/example_python_decorator.py
[2024-06-18T02:34:30.131+0000] {logging_mixin.py:188} INFO - [2024-06-18T02:34:30.131+0000] {dag.py:3096} INFO - Sync 1 DAGs
[2024-06-18T02:34:30.145+0000] {logging_mixin.py:188} INFO - [2024-06-18T02:34:30.144+0000] {dag.py:3954} INFO - Setting next_dagrun for example_python_decorator to None, run_after=None
[2024-06-18T02:34:30.164+0000] {processor.py:183} INFO - Processing /home/airflow/.local/lib/python3.12/site-packages/airflow/example_dags/example_python_decorator.py took 0.080 seconds
[2024-06-18T02:35:00.615+0000] {processor.py:161} INFO - Started process (PID=66724) to work on /home/airflow/.local/lib/python3.12/site-packages/airflow/example_dags/example_python_decorator.py
[2024-06-18T02:35:00.617+0000] {processor.py:830} INFO - Processing file /home/airflow/.local/lib/python3.12/site-packages/airflow/example_dags/example_python_decorator.py for tasks to queue
[2024-06-18T02:35:00.618+0000] {logging_mixin.py:188} INFO - [2024-06-18T02:35:00.618+0000] {dagbag.py:545} INFO - Filling up the DagBag from /home/airflow/.local/lib/python3.12/site-packages/airflow/example_dags/example_python_decorator.py
[2024-06-18T02:35:00.642+0000] {processor.py:840} INFO - DAG(s) 'example_python_decorator' retrieved from /home/airflow/.local/lib/python3.12/site-packages/airflow/example_dags/example_python_decorator.py
[2024-06-18T02:35:00.675+0000] {logging_mixin.py:188} INFO - [2024-06-18T02:35:00.675+0000] {dag.py:3096} INFO - Sync 1 DAGs
[2024-06-18T02:35:00.693+0000] {logging_mixin.py:188} INFO - [2024-06-18T02:35:00.693+0000] {dag.py:3954} INFO - Setting next_dagrun for example_python_decorator to None, run_after=None
[2024-06-18T02:35:00.724+0000] {processor.py:183} INFO - Processing /home/airflow/.local/lib/python3.12/site-packages/airflow/example_dags/example_python_decorator.py took 0.117 seconds
[2024-06-18T02:35:30.902+0000] {processor.py:161} INFO - Started process (PID=66782) to work on /home/airflow/.local/lib/python3.12/site-packages/airflow/example_dags/example_python_decorator.py
[2024-06-18T02:35:30.903+0000] {processor.py:830} INFO - Processing file /home/airflow/.local/lib/python3.12/site-packages/airflow/example_dags/example_python_decorator.py for tasks to queue
[2024-06-18T02:35:30.903+0000] {logging_mixin.py:188} INFO - [2024-06-18T02:35:30.903+0000] {dagbag.py:545} INFO - Filling up the DagBag from /home/airflow/.local/lib/python3.12/site-packages/airflow/example_dags/example_python_decorator.py
[2024-06-18T02:35:30.917+0000] {processor.py:840} INFO - DAG(s) 'example_python_decorator' retrieved from /home/airflow/.local/lib/python3.12/site-packages/airflow/example_dags/example_python_decorator.py
[2024-06-18T02:35:30.943+0000] {logging_mixin.py:188} INFO - [2024-06-18T02:35:30.943+0000] {dag.py:3096} INFO - Sync 1 DAGs
[2024-06-18T02:35:30.956+0000] {logging_mixin.py:188} INFO - [2024-06-18T02:35:30.956+0000] {dag.py:3954} INFO - Setting next_dagrun for example_python_decorator to None, run_after=None
[2024-06-18T02:35:30.976+0000] {processor.py:183} INFO - Processing /home/airflow/.local/lib/python3.12/site-packages/airflow/example_dags/example_python_decorator.py took 0.081 seconds
[2024-06-18T02:36:01.053+0000] {processor.py:161} INFO - Started process (PID=66840) to work on /home/airflow/.local/lib/python3.12/site-packages/airflow/example_dags/example_python_decorator.py
[2024-06-18T02:36:01.055+0000] {processor.py:830} INFO - Processing file /home/airflow/.local/lib/python3.12/site-packages/airflow/example_dags/example_python_decorator.py for tasks to queue
[2024-06-18T02:36:01.056+0000] {logging_mixin.py:188} INFO - [2024-06-18T02:36:01.055+0000] {dagbag.py:545} INFO - Filling up the DagBag from /home/airflow/.local/lib/python3.12/site-packages/airflow/example_dags/example_python_decorator.py
[2024-06-18T02:36:01.072+0000] {processor.py:840} INFO - DAG(s) 'example_python_decorator' retrieved from /home/airflow/.local/lib/python3.12/site-packages/airflow/example_dags/example_python_decorator.py
[2024-06-18T02:36:01.098+0000] {logging_mixin.py:188} INFO - [2024-06-18T02:36:01.098+0000] {dag.py:3096} INFO - Sync 1 DAGs
[2024-06-18T02:36:01.114+0000] {logging_mixin.py:188} INFO - [2024-06-18T02:36:01.114+0000] {dag.py:3954} INFO - Setting next_dagrun for example_python_decorator to None, run_after=None
[2024-06-18T02:36:01.139+0000] {processor.py:183} INFO - Processing /home/airflow/.local/lib/python3.12/site-packages/airflow/example_dags/example_python_decorator.py took 0.092 seconds
[2024-06-18T02:36:31.198+0000] {processor.py:161} INFO - Started process (PID=66898) to work on /home/airflow/.local/lib/python3.12/site-packages/airflow/example_dags/example_python_decorator.py
[2024-06-18T02:36:31.199+0000] {processor.py:830} INFO - Processing file /home/airflow/.local/lib/python3.12/site-packages/airflow/example_dags/example_python_decorator.py for tasks to queue
[2024-06-18T02:36:31.200+0000] {logging_mixin.py:188} INFO - [2024-06-18T02:36:31.200+0000] {dagbag.py:545} INFO - Filling up the DagBag from /home/airflow/.local/lib/python3.12/site-packages/airflow/example_dags/example_python_decorator.py
[2024-06-18T02:36:31.216+0000] {processor.py:840} INFO - DAG(s) 'example_python_decorator' retrieved from /home/airflow/.local/lib/python3.12/site-packages/airflow/example_dags/example_python_decorator.py
[2024-06-18T02:36:31.244+0000] {logging_mixin.py:188} INFO - [2024-06-18T02:36:31.244+0000] {dag.py:3096} INFO - Sync 1 DAGs
[2024-06-18T02:36:31.258+0000] {logging_mixin.py:188} INFO - [2024-06-18T02:36:31.257+0000] {dag.py:3954} INFO - Setting next_dagrun for example_python_decorator to None, run_after=None
[2024-06-18T02:36:31.281+0000] {processor.py:183} INFO - Processing /home/airflow/.local/lib/python3.12/site-packages/airflow/example_dags/example_python_decorator.py took 0.089 seconds
[2024-06-18T02:37:02.289+0000] {processor.py:161} INFO - Started process (PID=66956) to work on /home/airflow/.local/lib/python3.12/site-packages/airflow/example_dags/example_python_decorator.py
[2024-06-18T02:37:02.290+0000] {processor.py:830} INFO - Processing file /home/airflow/.local/lib/python3.12/site-packages/airflow/example_dags/example_python_decorator.py for tasks to queue
[2024-06-18T02:37:02.291+0000] {logging_mixin.py:188} INFO - [2024-06-18T02:37:02.291+0000] {dagbag.py:545} INFO - Filling up the DagBag from /home/airflow/.local/lib/python3.12/site-packages/airflow/example_dags/example_python_decorator.py
[2024-06-18T02:37:02.307+0000] {processor.py:840} INFO - DAG(s) 'example_python_decorator' retrieved from /home/airflow/.local/lib/python3.12/site-packages/airflow/example_dags/example_python_decorator.py
[2024-06-18T02:37:02.333+0000] {logging_mixin.py:188} INFO - [2024-06-18T02:37:02.333+0000] {dag.py:3096} INFO - Sync 1 DAGs
[2024-06-18T02:37:02.349+0000] {logging_mixin.py:188} INFO - [2024-06-18T02:37:02.349+0000] {dag.py:3954} INFO - Setting next_dagrun for example_python_decorator to None, run_after=None
[2024-06-18T02:37:02.371+0000] {processor.py:183} INFO - Processing /home/airflow/.local/lib/python3.12/site-packages/airflow/example_dags/example_python_decorator.py took 0.087 seconds
[2024-06-18T02:37:33.500+0000] {processor.py:161} INFO - Started process (PID=67014) to work on /home/airflow/.local/lib/python3.12/site-packages/airflow/example_dags/example_python_decorator.py
[2024-06-18T02:37:33.503+0000] {processor.py:830} INFO - Processing file /home/airflow/.local/lib/python3.12/site-packages/airflow/example_dags/example_python_decorator.py for tasks to queue
[2024-06-18T02:37:33.504+0000] {logging_mixin.py:188} INFO - [2024-06-18T02:37:33.504+0000] {dagbag.py:545} INFO - Filling up the DagBag from /home/airflow/.local/lib/python3.12/site-packages/airflow/example_dags/example_python_decorator.py
[2024-06-18T02:37:33.526+0000] {processor.py:840} INFO - DAG(s) 'example_python_decorator' retrieved from /home/airflow/.local/lib/python3.12/site-packages/airflow/example_dags/example_python_decorator.py
[2024-06-18T02:37:33.550+0000] {logging_mixin.py:188} INFO - [2024-06-18T02:37:33.550+0000] {dag.py:3096} INFO - Sync 1 DAGs
[2024-06-18T02:37:33.566+0000] {logging_mixin.py:188} INFO - [2024-06-18T02:37:33.566+0000] {dag.py:3954} INFO - Setting next_dagrun for example_python_decorator to None, run_after=None
[2024-06-18T02:37:33.587+0000] {processor.py:183} INFO - Processing /home/airflow/.local/lib/python3.12/site-packages/airflow/example_dags/example_python_decorator.py took 0.095 seconds
[2024-06-18T02:38:04.181+0000] {processor.py:161} INFO - Started process (PID=67072) to work on /home/airflow/.local/lib/python3.12/site-packages/airflow/example_dags/example_python_decorator.py
[2024-06-18T02:38:04.182+0000] {processor.py:830} INFO - Processing file /home/airflow/.local/lib/python3.12/site-packages/airflow/example_dags/example_python_decorator.py for tasks to queue
[2024-06-18T02:38:04.182+0000] {logging_mixin.py:188} INFO - [2024-06-18T02:38:04.182+0000] {dagbag.py:545} INFO - Filling up the DagBag from /home/airflow/.local/lib/python3.12/site-packages/airflow/example_dags/example_python_decorator.py
[2024-06-18T02:38:04.197+0000] {processor.py:840} INFO - DAG(s) 'example_python_decorator' retrieved from /home/airflow/.local/lib/python3.12/site-packages/airflow/example_dags/example_python_decorator.py
[2024-06-18T02:38:04.221+0000] {logging_mixin.py:188} INFO - [2024-06-18T02:38:04.221+0000] {dag.py:3096} INFO - Sync 1 DAGs
[2024-06-18T02:38:04.234+0000] {logging_mixin.py:188} INFO - [2024-06-18T02:38:04.234+0000] {dag.py:3954} INFO - Setting next_dagrun for example_python_decorator to None, run_after=None
[2024-06-18T02:38:04.252+0000] {processor.py:183} INFO - Processing /home/airflow/.local/lib/python3.12/site-packages/airflow/example_dags/example_python_decorator.py took 0.078 seconds
[2024-06-18T02:38:34.595+0000] {processor.py:161} INFO - Started process (PID=67130) to work on /home/airflow/.local/lib/python3.12/site-packages/airflow/example_dags/example_python_decorator.py
[2024-06-18T02:38:34.596+0000] {processor.py:830} INFO - Processing file /home/airflow/.local/lib/python3.12/site-packages/airflow/example_dags/example_python_decorator.py for tasks to queue
[2024-06-18T02:38:34.598+0000] {logging_mixin.py:188} INFO - [2024-06-18T02:38:34.597+0000] {dagbag.py:545} INFO - Filling up the DagBag from /home/airflow/.local/lib/python3.12/site-packages/airflow/example_dags/example_python_decorator.py
[2024-06-18T02:38:34.619+0000] {processor.py:840} INFO - DAG(s) 'example_python_decorator' retrieved from /home/airflow/.local/lib/python3.12/site-packages/airflow/example_dags/example_python_decorator.py
[2024-06-18T02:38:34.650+0000] {logging_mixin.py:188} INFO - [2024-06-18T02:38:34.650+0000] {dag.py:3096} INFO - Sync 1 DAGs
[2024-06-18T02:38:34.668+0000] {logging_mixin.py:188} INFO - [2024-06-18T02:38:34.667+0000] {dag.py:3954} INFO - Setting next_dagrun for example_python_decorator to None, run_after=None
[2024-06-18T02:38:34.701+0000] {processor.py:183} INFO - Processing /home/airflow/.local/lib/python3.12/site-packages/airflow/example_dags/example_python_decorator.py took 0.117 seconds
[2024-06-18T02:39:04.920+0000] {processor.py:161} INFO - Started process (PID=67188) to work on /home/airflow/.local/lib/python3.12/site-packages/airflow/example_dags/example_python_decorator.py
[2024-06-18T02:39:04.922+0000] {processor.py:830} INFO - Processing file /home/airflow/.local/lib/python3.12/site-packages/airflow/example_dags/example_python_decorator.py for tasks to queue
[2024-06-18T02:39:04.923+0000] {logging_mixin.py:188} INFO - [2024-06-18T02:39:04.922+0000] {dagbag.py:545} INFO - Filling up the DagBag from /home/airflow/.local/lib/python3.12/site-packages/airflow/example_dags/example_python_decorator.py
[2024-06-18T02:39:04.936+0000] {processor.py:840} INFO - DAG(s) 'example_python_decorator' retrieved from /home/airflow/.local/lib/python3.12/site-packages/airflow/example_dags/example_python_decorator.py
[2024-06-18T02:39:04.962+0000] {logging_mixin.py:188} INFO - [2024-06-18T02:39:04.962+0000] {dag.py:3096} INFO - Sync 1 DAGs
[2024-06-18T02:39:04.977+0000] {logging_mixin.py:188} INFO - [2024-06-18T02:39:04.977+0000] {dag.py:3954} INFO - Setting next_dagrun for example_python_decorator to None, run_after=None
[2024-06-18T02:39:05.000+0000] {processor.py:183} INFO - Processing /home/airflow/.local/lib/python3.12/site-packages/airflow/example_dags/example_python_decorator.py took 0.086 seconds
[2024-06-18T02:39:35.900+0000] {processor.py:161} INFO - Started process (PID=67247) to work on /home/airflow/.local/lib/python3.12/site-packages/airflow/example_dags/example_python_decorator.py
[2024-06-18T02:39:35.902+0000] {processor.py:830} INFO - Processing file /home/airflow/.local/lib/python3.12/site-packages/airflow/example_dags/example_python_decorator.py for tasks to queue
[2024-06-18T02:39:35.903+0000] {logging_mixin.py:188} INFO - [2024-06-18T02:39:35.903+0000] {dagbag.py:545} INFO - Filling up the DagBag from /home/airflow/.local/lib/python3.12/site-packages/airflow/example_dags/example_python_decorator.py
[2024-06-18T02:39:35.919+0000] {processor.py:840} INFO - DAG(s) 'example_python_decorator' retrieved from /home/airflow/.local/lib/python3.12/site-packages/airflow/example_dags/example_python_decorator.py
[2024-06-18T02:39:35.953+0000] {logging_mixin.py:188} INFO - [2024-06-18T02:39:35.953+0000] {dag.py:3096} INFO - Sync 1 DAGs
[2024-06-18T02:39:35.970+0000] {logging_mixin.py:188} INFO - [2024-06-18T02:39:35.970+0000] {dag.py:3954} INFO - Setting next_dagrun for example_python_decorator to None, run_after=None
[2024-06-18T02:39:35.997+0000] {processor.py:183} INFO - Processing /home/airflow/.local/lib/python3.12/site-packages/airflow/example_dags/example_python_decorator.py took 0.103 seconds
[2024-06-18T02:52:53.915+0000] {processor.py:161} INFO - Started process (PID=67316) to work on /home/airflow/.local/lib/python3.12/site-packages/airflow/example_dags/example_python_decorator.py
[2024-06-18T02:52:53.918+0000] {processor.py:830} INFO - Processing file /home/airflow/.local/lib/python3.12/site-packages/airflow/example_dags/example_python_decorator.py for tasks to queue
[2024-06-18T02:52:53.920+0000] {logging_mixin.py:188} INFO - [2024-06-18T02:52:53.919+0000] {dagbag.py:545} INFO - Filling up the DagBag from /home/airflow/.local/lib/python3.12/site-packages/airflow/example_dags/example_python_decorator.py
[2024-06-18T02:52:53.947+0000] {processor.py:840} INFO - DAG(s) 'example_python_decorator' retrieved from /home/airflow/.local/lib/python3.12/site-packages/airflow/example_dags/example_python_decorator.py
[2024-06-18T02:52:53.978+0000] {logging_mixin.py:188} INFO - [2024-06-18T02:52:53.978+0000] {dag.py:3096} INFO - Sync 1 DAGs
[2024-06-18T02:52:53.994+0000] {logging_mixin.py:188} INFO - [2024-06-18T02:52:53.994+0000] {dag.py:3954} INFO - Setting next_dagrun for example_python_decorator to None, run_after=None
[2024-06-18T02:52:54.023+0000] {processor.py:183} INFO - Processing /home/airflow/.local/lib/python3.12/site-packages/airflow/example_dags/example_python_decorator.py took 0.118 seconds
[2024-06-18T02:53:26.221+0000] {processor.py:161} INFO - Started process (PID=67376) to work on /home/airflow/.local/lib/python3.12/site-packages/airflow/example_dags/example_python_decorator.py
[2024-06-18T02:53:26.222+0000] {processor.py:830} INFO - Processing file /home/airflow/.local/lib/python3.12/site-packages/airflow/example_dags/example_python_decorator.py for tasks to queue
[2024-06-18T02:53:26.223+0000] {logging_mixin.py:188} INFO - [2024-06-18T02:53:26.223+0000] {dagbag.py:545} INFO - Filling up the DagBag from /home/airflow/.local/lib/python3.12/site-packages/airflow/example_dags/example_python_decorator.py
[2024-06-18T02:53:26.238+0000] {processor.py:840} INFO - DAG(s) 'example_python_decorator' retrieved from /home/airflow/.local/lib/python3.12/site-packages/airflow/example_dags/example_python_decorator.py
[2024-06-18T02:53:26.270+0000] {logging_mixin.py:188} INFO - [2024-06-18T02:53:26.268+0000] {dag.py:3096} INFO - Sync 1 DAGs
[2024-06-18T02:53:26.289+0000] {logging_mixin.py:188} INFO - [2024-06-18T02:53:26.289+0000] {dag.py:3954} INFO - Setting next_dagrun for example_python_decorator to None, run_after=None
[2024-06-18T02:53:26.314+0000] {processor.py:183} INFO - Processing /home/airflow/.local/lib/python3.12/site-packages/airflow/example_dags/example_python_decorator.py took 0.100 seconds
[2024-06-18T02:53:56.627+0000] {processor.py:161} INFO - Started process (PID=67432) to work on /home/airflow/.local/lib/python3.12/site-packages/airflow/example_dags/example_python_decorator.py
[2024-06-18T02:53:56.628+0000] {processor.py:830} INFO - Processing file /home/airflow/.local/lib/python3.12/site-packages/airflow/example_dags/example_python_decorator.py for tasks to queue
[2024-06-18T02:53:56.629+0000] {logging_mixin.py:188} INFO - [2024-06-18T02:53:56.629+0000] {dagbag.py:545} INFO - Filling up the DagBag from /home/airflow/.local/lib/python3.12/site-packages/airflow/example_dags/example_python_decorator.py
[2024-06-18T02:53:56.644+0000] {processor.py:840} INFO - DAG(s) 'example_python_decorator' retrieved from /home/airflow/.local/lib/python3.12/site-packages/airflow/example_dags/example_python_decorator.py
[2024-06-18T02:53:56.669+0000] {logging_mixin.py:188} INFO - [2024-06-18T02:53:56.669+0000] {dag.py:3096} INFO - Sync 1 DAGs
[2024-06-18T02:53:56.682+0000] {logging_mixin.py:188} INFO - [2024-06-18T02:53:56.682+0000] {dag.py:3954} INFO - Setting next_dagrun for example_python_decorator to None, run_after=None
[2024-06-18T02:53:56.704+0000] {processor.py:183} INFO - Processing /home/airflow/.local/lib/python3.12/site-packages/airflow/example_dags/example_python_decorator.py took 0.082 seconds
[2024-06-18T02:54:26.948+0000] {processor.py:161} INFO - Started process (PID=67490) to work on /home/airflow/.local/lib/python3.12/site-packages/airflow/example_dags/example_python_decorator.py
[2024-06-18T02:54:26.949+0000] {processor.py:830} INFO - Processing file /home/airflow/.local/lib/python3.12/site-packages/airflow/example_dags/example_python_decorator.py for tasks to queue
[2024-06-18T02:54:26.950+0000] {logging_mixin.py:188} INFO - [2024-06-18T02:54:26.950+0000] {dagbag.py:545} INFO - Filling up the DagBag from /home/airflow/.local/lib/python3.12/site-packages/airflow/example_dags/example_python_decorator.py
[2024-06-18T02:54:26.963+0000] {processor.py:840} INFO - DAG(s) 'example_python_decorator' retrieved from /home/airflow/.local/lib/python3.12/site-packages/airflow/example_dags/example_python_decorator.py
[2024-06-18T02:54:26.987+0000] {logging_mixin.py:188} INFO - [2024-06-18T02:54:26.986+0000] {dag.py:3096} INFO - Sync 1 DAGs
[2024-06-18T02:54:26.999+0000] {logging_mixin.py:188} INFO - [2024-06-18T02:54:26.999+0000] {dag.py:3954} INFO - Setting next_dagrun for example_python_decorator to None, run_after=None
[2024-06-18T02:54:27.019+0000] {processor.py:183} INFO - Processing /home/airflow/.local/lib/python3.12/site-packages/airflow/example_dags/example_python_decorator.py took 0.077 seconds
[2024-06-18T02:54:57.127+0000] {processor.py:161} INFO - Started process (PID=67548) to work on /home/airflow/.local/lib/python3.12/site-packages/airflow/example_dags/example_python_decorator.py
[2024-06-18T02:54:57.131+0000] {processor.py:830} INFO - Processing file /home/airflow/.local/lib/python3.12/site-packages/airflow/example_dags/example_python_decorator.py for tasks to queue
[2024-06-18T02:54:57.131+0000] {logging_mixin.py:188} INFO - [2024-06-18T02:54:57.131+0000] {dagbag.py:545} INFO - Filling up the DagBag from /home/airflow/.local/lib/python3.12/site-packages/airflow/example_dags/example_python_decorator.py
[2024-06-18T02:54:57.145+0000] {processor.py:840} INFO - DAG(s) 'example_python_decorator' retrieved from /home/airflow/.local/lib/python3.12/site-packages/airflow/example_dags/example_python_decorator.py
[2024-06-18T02:54:57.167+0000] {logging_mixin.py:188} INFO - [2024-06-18T02:54:57.166+0000] {dag.py:3096} INFO - Sync 1 DAGs
[2024-06-18T02:54:57.179+0000] {logging_mixin.py:188} INFO - [2024-06-18T02:54:57.178+0000] {dag.py:3954} INFO - Setting next_dagrun for example_python_decorator to None, run_after=None
[2024-06-18T02:54:57.198+0000] {processor.py:183} INFO - Processing /home/airflow/.local/lib/python3.12/site-packages/airflow/example_dags/example_python_decorator.py took 0.077 seconds
[2024-06-18T02:55:27.231+0000] {processor.py:161} INFO - Started process (PID=67605) to work on /home/airflow/.local/lib/python3.12/site-packages/airflow/example_dags/example_python_decorator.py
[2024-06-18T02:55:27.232+0000] {processor.py:830} INFO - Processing file /home/airflow/.local/lib/python3.12/site-packages/airflow/example_dags/example_python_decorator.py for tasks to queue
[2024-06-18T02:55:27.233+0000] {logging_mixin.py:188} INFO - [2024-06-18T02:55:27.233+0000] {dagbag.py:545} INFO - Filling up the DagBag from /home/airflow/.local/lib/python3.12/site-packages/airflow/example_dags/example_python_decorator.py
[2024-06-18T02:55:27.246+0000] {processor.py:840} INFO - DAG(s) 'example_python_decorator' retrieved from /home/airflow/.local/lib/python3.12/site-packages/airflow/example_dags/example_python_decorator.py
[2024-06-18T02:55:27.269+0000] {logging_mixin.py:188} INFO - [2024-06-18T02:55:27.269+0000] {dag.py:3096} INFO - Sync 1 DAGs
[2024-06-18T02:55:27.283+0000] {logging_mixin.py:188} INFO - [2024-06-18T02:55:27.282+0000] {dag.py:3954} INFO - Setting next_dagrun for example_python_decorator to None, run_after=None
[2024-06-18T02:55:27.302+0000] {processor.py:183} INFO - Processing /home/airflow/.local/lib/python3.12/site-packages/airflow/example_dags/example_python_decorator.py took 0.076 seconds
[2024-06-18T02:55:57.681+0000] {processor.py:161} INFO - Started process (PID=67664) to work on /home/airflow/.local/lib/python3.12/site-packages/airflow/example_dags/example_python_decorator.py
[2024-06-18T02:55:57.683+0000] {processor.py:830} INFO - Processing file /home/airflow/.local/lib/python3.12/site-packages/airflow/example_dags/example_python_decorator.py for tasks to queue
[2024-06-18T02:55:57.683+0000] {logging_mixin.py:188} INFO - [2024-06-18T02:55:57.683+0000] {dagbag.py:545} INFO - Filling up the DagBag from /home/airflow/.local/lib/python3.12/site-packages/airflow/example_dags/example_python_decorator.py
[2024-06-18T02:55:57.700+0000] {processor.py:840} INFO - DAG(s) 'example_python_decorator' retrieved from /home/airflow/.local/lib/python3.12/site-packages/airflow/example_dags/example_python_decorator.py
[2024-06-18T02:55:57.723+0000] {logging_mixin.py:188} INFO - [2024-06-18T02:55:57.723+0000] {dag.py:3096} INFO - Sync 1 DAGs
[2024-06-18T02:55:57.736+0000] {logging_mixin.py:188} INFO - [2024-06-18T02:55:57.735+0000] {dag.py:3954} INFO - Setting next_dagrun for example_python_decorator to None, run_after=None
[2024-06-18T02:55:57.757+0000] {processor.py:183} INFO - Processing /home/airflow/.local/lib/python3.12/site-packages/airflow/example_dags/example_python_decorator.py took 0.083 seconds
[2024-06-18T02:56:28.723+0000] {processor.py:161} INFO - Started process (PID=67722) to work on /home/airflow/.local/lib/python3.12/site-packages/airflow/example_dags/example_python_decorator.py
[2024-06-18T02:56:28.725+0000] {processor.py:830} INFO - Processing file /home/airflow/.local/lib/python3.12/site-packages/airflow/example_dags/example_python_decorator.py for tasks to queue
[2024-06-18T02:56:28.726+0000] {logging_mixin.py:188} INFO - [2024-06-18T02:56:28.726+0000] {dagbag.py:545} INFO - Filling up the DagBag from /home/airflow/.local/lib/python3.12/site-packages/airflow/example_dags/example_python_decorator.py
[2024-06-18T02:56:28.758+0000] {processor.py:840} INFO - DAG(s) 'example_python_decorator' retrieved from /home/airflow/.local/lib/python3.12/site-packages/airflow/example_dags/example_python_decorator.py
[2024-06-18T02:56:28.801+0000] {logging_mixin.py:188} INFO - [2024-06-18T02:56:28.800+0000] {dag.py:3096} INFO - Sync 1 DAGs
[2024-06-18T02:56:28.821+0000] {logging_mixin.py:188} INFO - [2024-06-18T02:56:28.821+0000] {dag.py:3954} INFO - Setting next_dagrun for example_python_decorator to None, run_after=None
[2024-06-18T02:56:28.854+0000] {processor.py:183} INFO - Processing /home/airflow/.local/lib/python3.12/site-packages/airflow/example_dags/example_python_decorator.py took 0.143 seconds
