[2024-06-18T02:21:31.990+0000] {processor.py:161} INFO - Started process (PID=65174) to work on /home/airflow/.local/lib/python3.12/site-packages/airflow/example_dags/example_branch_day_of_week_operator.py
[2024-06-18T02:21:31.991+0000] {processor.py:830} INFO - Processing file /home/airflow/.local/lib/python3.12/site-packages/airflow/example_dags/example_branch_day_of_week_operator.py for tasks to queue
[2024-06-18T02:21:31.992+0000] {logging_mixin.py:188} INFO - [2024-06-18T02:21:31.992+0000] {dagbag.py:545} INFO - Filling up the DagBag from /home/airflow/.local/lib/python3.12/site-packages/airflow/example_dags/example_branch_day_of_week_operator.py
[2024-06-18T02:21:32.015+0000] {processor.py:840} INFO - DAG(s) 'example_weekday_branch_operator' retrieved from /home/airflow/.local/lib/python3.12/site-packages/airflow/example_dags/example_branch_day_of_week_operator.py
[2024-06-18T02:21:32.060+0000] {logging_mixin.py:188} INFO - [2024-06-18T02:21:32.060+0000] {dag.py:3096} INFO - Sync 1 DAGs
[2024-06-18T02:21:32.119+0000] {logging_mixin.py:188} INFO - [2024-06-18T02:21:32.118+0000] {dag.py:3954} INFO - Setting next_dagrun for example_weekday_branch_operator to 2024-06-17 00:00:00+00:00, run_after=2024-06-18 00:00:00+00:00
[2024-06-18T02:21:32.255+0000] {processor.py:183} INFO - Processing /home/airflow/.local/lib/python3.12/site-packages/airflow/example_dags/example_branch_day_of_week_operator.py took 0.286 seconds
[2024-06-18T02:22:02.387+0000] {processor.py:161} INFO - Started process (PID=65230) to work on /home/airflow/.local/lib/python3.12/site-packages/airflow/example_dags/example_branch_day_of_week_operator.py
[2024-06-18T02:22:02.399+0000] {processor.py:830} INFO - Processing file /home/airflow/.local/lib/python3.12/site-packages/airflow/example_dags/example_branch_day_of_week_operator.py for tasks to queue
[2024-06-18T02:22:02.400+0000] {logging_mixin.py:188} INFO - [2024-06-18T02:22:02.399+0000] {dagbag.py:545} INFO - Filling up the DagBag from /home/airflow/.local/lib/python3.12/site-packages/airflow/example_dags/example_branch_day_of_week_operator.py
[2024-06-18T02:22:02.422+0000] {processor.py:840} INFO - DAG(s) 'example_weekday_branch_operator' retrieved from /home/airflow/.local/lib/python3.12/site-packages/airflow/example_dags/example_branch_day_of_week_operator.py
[2024-06-18T02:22:02.535+0000] {logging_mixin.py:188} INFO - [2024-06-18T02:22:02.534+0000] {dag.py:3096} INFO - Sync 1 DAGs
[2024-06-18T02:22:02.612+0000] {logging_mixin.py:188} INFO - [2024-06-18T02:22:02.605+0000] {dag.py:3954} INFO - Setting next_dagrun for example_weekday_branch_operator to 2024-06-17 00:00:00+00:00, run_after=2024-06-18 00:00:00+00:00
[2024-06-18T02:22:02.676+0000] {processor.py:183} INFO - Processing /home/airflow/.local/lib/python3.12/site-packages/airflow/example_dags/example_branch_day_of_week_operator.py took 0.318 seconds
[2024-06-18T02:22:33.274+0000] {processor.py:161} INFO - Started process (PID=65288) to work on /home/airflow/.local/lib/python3.12/site-packages/airflow/example_dags/example_branch_day_of_week_operator.py
[2024-06-18T02:22:33.277+0000] {processor.py:830} INFO - Processing file /home/airflow/.local/lib/python3.12/site-packages/airflow/example_dags/example_branch_day_of_week_operator.py for tasks to queue
[2024-06-18T02:22:33.278+0000] {logging_mixin.py:188} INFO - [2024-06-18T02:22:33.277+0000] {dagbag.py:545} INFO - Filling up the DagBag from /home/airflow/.local/lib/python3.12/site-packages/airflow/example_dags/example_branch_day_of_week_operator.py
[2024-06-18T02:22:33.295+0000] {processor.py:840} INFO - DAG(s) 'example_weekday_branch_operator' retrieved from /home/airflow/.local/lib/python3.12/site-packages/airflow/example_dags/example_branch_day_of_week_operator.py
[2024-06-18T02:22:33.326+0000] {logging_mixin.py:188} INFO - [2024-06-18T02:22:33.326+0000] {dag.py:3096} INFO - Sync 1 DAGs
[2024-06-18T02:22:33.361+0000] {logging_mixin.py:188} INFO - [2024-06-18T02:22:33.361+0000] {dag.py:3954} INFO - Setting next_dagrun for example_weekday_branch_operator to 2024-06-17 00:00:00+00:00, run_after=2024-06-18 00:00:00+00:00
[2024-06-18T02:22:33.385+0000] {processor.py:183} INFO - Processing /home/airflow/.local/lib/python3.12/site-packages/airflow/example_dags/example_branch_day_of_week_operator.py took 0.127 seconds
[2024-06-18T02:23:03.621+0000] {processor.py:161} INFO - Started process (PID=65346) to work on /home/airflow/.local/lib/python3.12/site-packages/airflow/example_dags/example_branch_day_of_week_operator.py
[2024-06-18T02:23:03.623+0000] {processor.py:830} INFO - Processing file /home/airflow/.local/lib/python3.12/site-packages/airflow/example_dags/example_branch_day_of_week_operator.py for tasks to queue
[2024-06-18T02:23:03.623+0000] {logging_mixin.py:188} INFO - [2024-06-18T02:23:03.623+0000] {dagbag.py:545} INFO - Filling up the DagBag from /home/airflow/.local/lib/python3.12/site-packages/airflow/example_dags/example_branch_day_of_week_operator.py
[2024-06-18T02:23:03.630+0000] {processor.py:840} INFO - DAG(s) 'example_weekday_branch_operator' retrieved from /home/airflow/.local/lib/python3.12/site-packages/airflow/example_dags/example_branch_day_of_week_operator.py
[2024-06-18T02:23:03.656+0000] {logging_mixin.py:188} INFO - [2024-06-18T02:23:03.656+0000] {dag.py:3096} INFO - Sync 1 DAGs
[2024-06-18T02:23:03.679+0000] {logging_mixin.py:188} INFO - [2024-06-18T02:23:03.679+0000] {dag.py:3954} INFO - Setting next_dagrun for example_weekday_branch_operator to 2024-06-17 00:00:00+00:00, run_after=2024-06-18 00:00:00+00:00
[2024-06-18T02:23:03.700+0000] {processor.py:183} INFO - Processing /home/airflow/.local/lib/python3.12/site-packages/airflow/example_dags/example_branch_day_of_week_operator.py took 0.084 seconds
[2024-06-18T02:23:34.068+0000] {processor.py:161} INFO - Started process (PID=65405) to work on /home/airflow/.local/lib/python3.12/site-packages/airflow/example_dags/example_branch_day_of_week_operator.py
[2024-06-18T02:23:34.072+0000] {processor.py:830} INFO - Processing file /home/airflow/.local/lib/python3.12/site-packages/airflow/example_dags/example_branch_day_of_week_operator.py for tasks to queue
[2024-06-18T02:23:34.075+0000] {logging_mixin.py:188} INFO - [2024-06-18T02:23:34.073+0000] {dagbag.py:545} INFO - Filling up the DagBag from /home/airflow/.local/lib/python3.12/site-packages/airflow/example_dags/example_branch_day_of_week_operator.py
[2024-06-18T02:23:34.104+0000] {processor.py:840} INFO - DAG(s) 'example_weekday_branch_operator' retrieved from /home/airflow/.local/lib/python3.12/site-packages/airflow/example_dags/example_branch_day_of_week_operator.py
[2024-06-18T02:23:34.158+0000] {logging_mixin.py:188} INFO - [2024-06-18T02:23:34.157+0000] {dag.py:3096} INFO - Sync 1 DAGs
[2024-06-18T02:23:34.208+0000] {logging_mixin.py:188} INFO - [2024-06-18T02:23:34.208+0000] {dag.py:3954} INFO - Setting next_dagrun for example_weekday_branch_operator to 2024-06-17 00:00:00+00:00, run_after=2024-06-18 00:00:00+00:00
[2024-06-18T02:23:34.246+0000] {processor.py:183} INFO - Processing /home/airflow/.local/lib/python3.12/site-packages/airflow/example_dags/example_branch_day_of_week_operator.py took 0.200 seconds
[2024-06-18T02:24:04.910+0000] {processor.py:161} INFO - Started process (PID=65463) to work on /home/airflow/.local/lib/python3.12/site-packages/airflow/example_dags/example_branch_day_of_week_operator.py
[2024-06-18T02:24:04.912+0000] {processor.py:830} INFO - Processing file /home/airflow/.local/lib/python3.12/site-packages/airflow/example_dags/example_branch_day_of_week_operator.py for tasks to queue
[2024-06-18T02:24:04.921+0000] {logging_mixin.py:188} INFO - [2024-06-18T02:24:04.919+0000] {dagbag.py:545} INFO - Filling up the DagBag from /home/airflow/.local/lib/python3.12/site-packages/airflow/example_dags/example_branch_day_of_week_operator.py
[2024-06-18T02:24:04.948+0000] {processor.py:840} INFO - DAG(s) 'example_weekday_branch_operator' retrieved from /home/airflow/.local/lib/python3.12/site-packages/airflow/example_dags/example_branch_day_of_week_operator.py
[2024-06-18T02:24:05.002+0000] {logging_mixin.py:188} INFO - [2024-06-18T02:24:05.001+0000] {dag.py:3096} INFO - Sync 1 DAGs
[2024-06-18T02:24:05.048+0000] {logging_mixin.py:188} INFO - [2024-06-18T02:24:05.047+0000] {dag.py:3954} INFO - Setting next_dagrun for example_weekday_branch_operator to 2024-06-17 00:00:00+00:00, run_after=2024-06-18 00:00:00+00:00
[2024-06-18T02:24:05.095+0000] {processor.py:183} INFO - Processing /home/airflow/.local/lib/python3.12/site-packages/airflow/example_dags/example_branch_day_of_week_operator.py took 0.199 seconds
[2024-06-18T02:24:35.317+0000] {processor.py:161} INFO - Started process (PID=65521) to work on /home/airflow/.local/lib/python3.12/site-packages/airflow/example_dags/example_branch_day_of_week_operator.py
[2024-06-18T02:24:35.318+0000] {processor.py:830} INFO - Processing file /home/airflow/.local/lib/python3.12/site-packages/airflow/example_dags/example_branch_day_of_week_operator.py for tasks to queue
[2024-06-18T02:24:35.318+0000] {logging_mixin.py:188} INFO - [2024-06-18T02:24:35.318+0000] {dagbag.py:545} INFO - Filling up the DagBag from /home/airflow/.local/lib/python3.12/site-packages/airflow/example_dags/example_branch_day_of_week_operator.py
[2024-06-18T02:24:35.327+0000] {processor.py:840} INFO - DAG(s) 'example_weekday_branch_operator' retrieved from /home/airflow/.local/lib/python3.12/site-packages/airflow/example_dags/example_branch_day_of_week_operator.py
[2024-06-18T02:24:35.352+0000] {logging_mixin.py:188} INFO - [2024-06-18T02:24:35.352+0000] {dag.py:3096} INFO - Sync 1 DAGs
[2024-06-18T02:24:35.377+0000] {logging_mixin.py:188} INFO - [2024-06-18T02:24:35.377+0000] {dag.py:3954} INFO - Setting next_dagrun for example_weekday_branch_operator to 2024-06-17 00:00:00+00:00, run_after=2024-06-18 00:00:00+00:00
[2024-06-18T02:24:35.403+0000] {processor.py:183} INFO - Processing /home/airflow/.local/lib/python3.12/site-packages/airflow/example_dags/example_branch_day_of_week_operator.py took 0.094 seconds
[2024-06-18T02:25:05.981+0000] {processor.py:161} INFO - Started process (PID=65579) to work on /home/airflow/.local/lib/python3.12/site-packages/airflow/example_dags/example_branch_day_of_week_operator.py
[2024-06-18T02:25:05.982+0000] {processor.py:830} INFO - Processing file /home/airflow/.local/lib/python3.12/site-packages/airflow/example_dags/example_branch_day_of_week_operator.py for tasks to queue
[2024-06-18T02:25:05.983+0000] {logging_mixin.py:188} INFO - [2024-06-18T02:25:05.982+0000] {dagbag.py:545} INFO - Filling up the DagBag from /home/airflow/.local/lib/python3.12/site-packages/airflow/example_dags/example_branch_day_of_week_operator.py
[2024-06-18T02:25:05.990+0000] {processor.py:840} INFO - DAG(s) 'example_weekday_branch_operator' retrieved from /home/airflow/.local/lib/python3.12/site-packages/airflow/example_dags/example_branch_day_of_week_operator.py
[2024-06-18T02:25:06.013+0000] {logging_mixin.py:188} INFO - [2024-06-18T02:25:06.012+0000] {dag.py:3096} INFO - Sync 1 DAGs
[2024-06-18T02:25:06.037+0000] {logging_mixin.py:188} INFO - [2024-06-18T02:25:06.036+0000] {dag.py:3954} INFO - Setting next_dagrun for example_weekday_branch_operator to 2024-06-17 00:00:00+00:00, run_after=2024-06-18 00:00:00+00:00
[2024-06-18T02:25:06.058+0000] {processor.py:183} INFO - Processing /home/airflow/.local/lib/python3.12/site-packages/airflow/example_dags/example_branch_day_of_week_operator.py took 0.084 seconds
[2024-06-18T02:25:36.451+0000] {processor.py:161} INFO - Started process (PID=65637) to work on /home/airflow/.local/lib/python3.12/site-packages/airflow/example_dags/example_branch_day_of_week_operator.py
[2024-06-18T02:25:36.452+0000] {processor.py:830} INFO - Processing file /home/airflow/.local/lib/python3.12/site-packages/airflow/example_dags/example_branch_day_of_week_operator.py for tasks to queue
[2024-06-18T02:25:36.453+0000] {logging_mixin.py:188} INFO - [2024-06-18T02:25:36.453+0000] {dagbag.py:545} INFO - Filling up the DagBag from /home/airflow/.local/lib/python3.12/site-packages/airflow/example_dags/example_branch_day_of_week_operator.py
[2024-06-18T02:25:36.461+0000] {processor.py:840} INFO - DAG(s) 'example_weekday_branch_operator' retrieved from /home/airflow/.local/lib/python3.12/site-packages/airflow/example_dags/example_branch_day_of_week_operator.py
[2024-06-18T02:25:36.485+0000] {logging_mixin.py:188} INFO - [2024-06-18T02:25:36.485+0000] {dag.py:3096} INFO - Sync 1 DAGs
[2024-06-18T02:25:36.513+0000] {logging_mixin.py:188} INFO - [2024-06-18T02:25:36.513+0000] {dag.py:3954} INFO - Setting next_dagrun for example_weekday_branch_operator to 2024-06-17 00:00:00+00:00, run_after=2024-06-18 00:00:00+00:00
[2024-06-18T02:25:36.533+0000] {processor.py:183} INFO - Processing /home/airflow/.local/lib/python3.12/site-packages/airflow/example_dags/example_branch_day_of_week_operator.py took 0.088 seconds
[2024-06-18T02:26:06.631+0000] {processor.py:161} INFO - Started process (PID=65695) to work on /home/airflow/.local/lib/python3.12/site-packages/airflow/example_dags/example_branch_day_of_week_operator.py
[2024-06-18T02:26:06.633+0000] {processor.py:830} INFO - Processing file /home/airflow/.local/lib/python3.12/site-packages/airflow/example_dags/example_branch_day_of_week_operator.py for tasks to queue
[2024-06-18T02:26:06.634+0000] {logging_mixin.py:188} INFO - [2024-06-18T02:26:06.634+0000] {dagbag.py:545} INFO - Filling up the DagBag from /home/airflow/.local/lib/python3.12/site-packages/airflow/example_dags/example_branch_day_of_week_operator.py
[2024-06-18T02:26:06.645+0000] {processor.py:840} INFO - DAG(s) 'example_weekday_branch_operator' retrieved from /home/airflow/.local/lib/python3.12/site-packages/airflow/example_dags/example_branch_day_of_week_operator.py
[2024-06-18T02:26:06.675+0000] {logging_mixin.py:188} INFO - [2024-06-18T02:26:06.674+0000] {dag.py:3096} INFO - Sync 1 DAGs
[2024-06-18T02:26:06.707+0000] {logging_mixin.py:188} INFO - [2024-06-18T02:26:06.707+0000] {dag.py:3954} INFO - Setting next_dagrun for example_weekday_branch_operator to 2024-06-17 00:00:00+00:00, run_after=2024-06-18 00:00:00+00:00
[2024-06-18T02:26:06.733+0000] {processor.py:183} INFO - Processing /home/airflow/.local/lib/python3.12/site-packages/airflow/example_dags/example_branch_day_of_week_operator.py took 0.112 seconds
[2024-06-18T02:26:37.314+0000] {processor.py:161} INFO - Started process (PID=65753) to work on /home/airflow/.local/lib/python3.12/site-packages/airflow/example_dags/example_branch_day_of_week_operator.py
[2024-06-18T02:26:37.315+0000] {processor.py:830} INFO - Processing file /home/airflow/.local/lib/python3.12/site-packages/airflow/example_dags/example_branch_day_of_week_operator.py for tasks to queue
[2024-06-18T02:26:37.316+0000] {logging_mixin.py:188} INFO - [2024-06-18T02:26:37.316+0000] {dagbag.py:545} INFO - Filling up the DagBag from /home/airflow/.local/lib/python3.12/site-packages/airflow/example_dags/example_branch_day_of_week_operator.py
[2024-06-18T02:26:37.325+0000] {processor.py:840} INFO - DAG(s) 'example_weekday_branch_operator' retrieved from /home/airflow/.local/lib/python3.12/site-packages/airflow/example_dags/example_branch_day_of_week_operator.py
[2024-06-18T02:26:37.350+0000] {logging_mixin.py:188} INFO - [2024-06-18T02:26:37.350+0000] {dag.py:3096} INFO - Sync 1 DAGs
[2024-06-18T02:26:37.379+0000] {logging_mixin.py:188} INFO - [2024-06-18T02:26:37.379+0000] {dag.py:3954} INFO - Setting next_dagrun for example_weekday_branch_operator to 2024-06-17 00:00:00+00:00, run_after=2024-06-18 00:00:00+00:00
[2024-06-18T02:26:37.404+0000] {processor.py:183} INFO - Processing /home/airflow/.local/lib/python3.12/site-packages/airflow/example_dags/example_branch_day_of_week_operator.py took 0.096 seconds
[2024-06-18T02:27:07.984+0000] {processor.py:161} INFO - Started process (PID=65812) to work on /home/airflow/.local/lib/python3.12/site-packages/airflow/example_dags/example_branch_day_of_week_operator.py
[2024-06-18T02:27:07.985+0000] {processor.py:830} INFO - Processing file /home/airflow/.local/lib/python3.12/site-packages/airflow/example_dags/example_branch_day_of_week_operator.py for tasks to queue
[2024-06-18T02:27:07.985+0000] {logging_mixin.py:188} INFO - [2024-06-18T02:27:07.985+0000] {dagbag.py:545} INFO - Filling up the DagBag from /home/airflow/.local/lib/python3.12/site-packages/airflow/example_dags/example_branch_day_of_week_operator.py
[2024-06-18T02:27:07.993+0000] {processor.py:840} INFO - DAG(s) 'example_weekday_branch_operator' retrieved from /home/airflow/.local/lib/python3.12/site-packages/airflow/example_dags/example_branch_day_of_week_operator.py
[2024-06-18T02:27:08.014+0000] {logging_mixin.py:188} INFO - [2024-06-18T02:27:08.014+0000] {dag.py:3096} INFO - Sync 1 DAGs
[2024-06-18T02:27:08.037+0000] {logging_mixin.py:188} INFO - [2024-06-18T02:27:08.037+0000] {dag.py:3954} INFO - Setting next_dagrun for example_weekday_branch_operator to 2024-06-17 00:00:00+00:00, run_after=2024-06-18 00:00:00+00:00
[2024-06-18T02:27:08.059+0000] {processor.py:183} INFO - Processing /home/airflow/.local/lib/python3.12/site-packages/airflow/example_dags/example_branch_day_of_week_operator.py took 0.082 seconds
[2024-06-18T02:27:38.258+0000] {processor.py:161} INFO - Started process (PID=65870) to work on /home/airflow/.local/lib/python3.12/site-packages/airflow/example_dags/example_branch_day_of_week_operator.py
[2024-06-18T02:27:38.259+0000] {processor.py:830} INFO - Processing file /home/airflow/.local/lib/python3.12/site-packages/airflow/example_dags/example_branch_day_of_week_operator.py for tasks to queue
[2024-06-18T02:27:38.260+0000] {logging_mixin.py:188} INFO - [2024-06-18T02:27:38.260+0000] {dagbag.py:545} INFO - Filling up the DagBag from /home/airflow/.local/lib/python3.12/site-packages/airflow/example_dags/example_branch_day_of_week_operator.py
[2024-06-18T02:27:38.269+0000] {processor.py:840} INFO - DAG(s) 'example_weekday_branch_operator' retrieved from /home/airflow/.local/lib/python3.12/site-packages/airflow/example_dags/example_branch_day_of_week_operator.py
[2024-06-18T02:27:38.294+0000] {logging_mixin.py:188} INFO - [2024-06-18T02:27:38.294+0000] {dag.py:3096} INFO - Sync 1 DAGs
[2024-06-18T02:27:38.327+0000] {logging_mixin.py:188} INFO - [2024-06-18T02:27:38.327+0000] {dag.py:3954} INFO - Setting next_dagrun for example_weekday_branch_operator to 2024-06-17 00:00:00+00:00, run_after=2024-06-18 00:00:00+00:00
[2024-06-18T02:27:38.356+0000] {processor.py:183} INFO - Processing /home/airflow/.local/lib/python3.12/site-packages/airflow/example_dags/example_branch_day_of_week_operator.py took 0.105 seconds
[2024-06-18T02:28:08.611+0000] {processor.py:161} INFO - Started process (PID=65928) to work on /home/airflow/.local/lib/python3.12/site-packages/airflow/example_dags/example_branch_day_of_week_operator.py
[2024-06-18T02:28:08.612+0000] {processor.py:830} INFO - Processing file /home/airflow/.local/lib/python3.12/site-packages/airflow/example_dags/example_branch_day_of_week_operator.py for tasks to queue
[2024-06-18T02:28:08.613+0000] {logging_mixin.py:188} INFO - [2024-06-18T02:28:08.613+0000] {dagbag.py:545} INFO - Filling up the DagBag from /home/airflow/.local/lib/python3.12/site-packages/airflow/example_dags/example_branch_day_of_week_operator.py
[2024-06-18T02:28:08.621+0000] {processor.py:840} INFO - DAG(s) 'example_weekday_branch_operator' retrieved from /home/airflow/.local/lib/python3.12/site-packages/airflow/example_dags/example_branch_day_of_week_operator.py
[2024-06-18T02:28:08.644+0000] {logging_mixin.py:188} INFO - [2024-06-18T02:28:08.644+0000] {dag.py:3096} INFO - Sync 1 DAGs
[2024-06-18T02:28:08.667+0000] {logging_mixin.py:188} INFO - [2024-06-18T02:28:08.667+0000] {dag.py:3954} INFO - Setting next_dagrun for example_weekday_branch_operator to 2024-06-17 00:00:00+00:00, run_after=2024-06-18 00:00:00+00:00
[2024-06-18T02:28:08.686+0000] {processor.py:183} INFO - Processing /home/airflow/.local/lib/python3.12/site-packages/airflow/example_dags/example_branch_day_of_week_operator.py took 0.082 seconds
[2024-06-18T02:28:39.074+0000] {processor.py:161} INFO - Started process (PID=65986) to work on /home/airflow/.local/lib/python3.12/site-packages/airflow/example_dags/example_branch_day_of_week_operator.py
[2024-06-18T02:28:39.077+0000] {processor.py:830} INFO - Processing file /home/airflow/.local/lib/python3.12/site-packages/airflow/example_dags/example_branch_day_of_week_operator.py for tasks to queue
[2024-06-18T02:28:39.078+0000] {logging_mixin.py:188} INFO - [2024-06-18T02:28:39.078+0000] {dagbag.py:545} INFO - Filling up the DagBag from /home/airflow/.local/lib/python3.12/site-packages/airflow/example_dags/example_branch_day_of_week_operator.py
[2024-06-18T02:28:39.086+0000] {processor.py:840} INFO - DAG(s) 'example_weekday_branch_operator' retrieved from /home/airflow/.local/lib/python3.12/site-packages/airflow/example_dags/example_branch_day_of_week_operator.py
[2024-06-18T02:28:39.112+0000] {logging_mixin.py:188} INFO - [2024-06-18T02:28:39.112+0000] {dag.py:3096} INFO - Sync 1 DAGs
[2024-06-18T02:28:39.142+0000] {logging_mixin.py:188} INFO - [2024-06-18T02:28:39.142+0000] {dag.py:3954} INFO - Setting next_dagrun for example_weekday_branch_operator to 2024-06-17 00:00:00+00:00, run_after=2024-06-18 00:00:00+00:00
[2024-06-18T02:28:39.173+0000] {processor.py:183} INFO - Processing /home/airflow/.local/lib/python3.12/site-packages/airflow/example_dags/example_branch_day_of_week_operator.py took 0.107 seconds
[2024-06-18T02:29:09.380+0000] {processor.py:161} INFO - Started process (PID=66045) to work on /home/airflow/.local/lib/python3.12/site-packages/airflow/example_dags/example_branch_day_of_week_operator.py
[2024-06-18T02:29:09.381+0000] {processor.py:830} INFO - Processing file /home/airflow/.local/lib/python3.12/site-packages/airflow/example_dags/example_branch_day_of_week_operator.py for tasks to queue
[2024-06-18T02:29:09.382+0000] {logging_mixin.py:188} INFO - [2024-06-18T02:29:09.382+0000] {dagbag.py:545} INFO - Filling up the DagBag from /home/airflow/.local/lib/python3.12/site-packages/airflow/example_dags/example_branch_day_of_week_operator.py
[2024-06-18T02:29:09.390+0000] {processor.py:840} INFO - DAG(s) 'example_weekday_branch_operator' retrieved from /home/airflow/.local/lib/python3.12/site-packages/airflow/example_dags/example_branch_day_of_week_operator.py
[2024-06-18T02:29:09.413+0000] {logging_mixin.py:188} INFO - [2024-06-18T02:29:09.412+0000] {dag.py:3096} INFO - Sync 1 DAGs
[2024-06-18T02:29:09.435+0000] {logging_mixin.py:188} INFO - [2024-06-18T02:29:09.435+0000] {dag.py:3954} INFO - Setting next_dagrun for example_weekday_branch_operator to 2024-06-17 00:00:00+00:00, run_after=2024-06-18 00:00:00+00:00
[2024-06-18T02:29:09.455+0000] {processor.py:183} INFO - Processing /home/airflow/.local/lib/python3.12/site-packages/airflow/example_dags/example_branch_day_of_week_operator.py took 0.081 seconds
[2024-06-18T02:29:39.688+0000] {processor.py:161} INFO - Started process (PID=66103) to work on /home/airflow/.local/lib/python3.12/site-packages/airflow/example_dags/example_branch_day_of_week_operator.py
[2024-06-18T02:29:39.690+0000] {processor.py:830} INFO - Processing file /home/airflow/.local/lib/python3.12/site-packages/airflow/example_dags/example_branch_day_of_week_operator.py for tasks to queue
[2024-06-18T02:29:39.691+0000] {logging_mixin.py:188} INFO - [2024-06-18T02:29:39.691+0000] {dagbag.py:545} INFO - Filling up the DagBag from /home/airflow/.local/lib/python3.12/site-packages/airflow/example_dags/example_branch_day_of_week_operator.py
[2024-06-18T02:29:39.700+0000] {processor.py:840} INFO - DAG(s) 'example_weekday_branch_operator' retrieved from /home/airflow/.local/lib/python3.12/site-packages/airflow/example_dags/example_branch_day_of_week_operator.py
[2024-06-18T02:29:39.724+0000] {logging_mixin.py:188} INFO - [2024-06-18T02:29:39.723+0000] {dag.py:3096} INFO - Sync 1 DAGs
[2024-06-18T02:29:39.748+0000] {logging_mixin.py:188} INFO - [2024-06-18T02:29:39.748+0000] {dag.py:3954} INFO - Setting next_dagrun for example_weekday_branch_operator to 2024-06-17 00:00:00+00:00, run_after=2024-06-18 00:00:00+00:00
[2024-06-18T02:29:39.768+0000] {processor.py:183} INFO - Processing /home/airflow/.local/lib/python3.12/site-packages/airflow/example_dags/example_branch_day_of_week_operator.py took 0.085 seconds
[2024-06-18T02:30:10.451+0000] {processor.py:161} INFO - Started process (PID=66161) to work on /home/airflow/.local/lib/python3.12/site-packages/airflow/example_dags/example_branch_day_of_week_operator.py
[2024-06-18T02:30:10.453+0000] {processor.py:830} INFO - Processing file /home/airflow/.local/lib/python3.12/site-packages/airflow/example_dags/example_branch_day_of_week_operator.py for tasks to queue
[2024-06-18T02:30:10.454+0000] {logging_mixin.py:188} INFO - [2024-06-18T02:30:10.454+0000] {dagbag.py:545} INFO - Filling up the DagBag from /home/airflow/.local/lib/python3.12/site-packages/airflow/example_dags/example_branch_day_of_week_operator.py
[2024-06-18T02:30:10.467+0000] {processor.py:840} INFO - DAG(s) 'example_weekday_branch_operator' retrieved from /home/airflow/.local/lib/python3.12/site-packages/airflow/example_dags/example_branch_day_of_week_operator.py
[2024-06-18T02:30:10.502+0000] {logging_mixin.py:188} INFO - [2024-06-18T02:30:10.501+0000] {dag.py:3096} INFO - Sync 1 DAGs
[2024-06-18T02:30:10.551+0000] {logging_mixin.py:188} INFO - [2024-06-18T02:30:10.550+0000] {dag.py:3954} INFO - Setting next_dagrun for example_weekday_branch_operator to 2024-06-17 00:00:00+00:00, run_after=2024-06-18 00:00:00+00:00
[2024-06-18T02:30:10.607+0000] {processor.py:183} INFO - Processing /home/airflow/.local/lib/python3.12/site-packages/airflow/example_dags/example_branch_day_of_week_operator.py took 0.168 seconds
[2024-06-18T02:30:41.054+0000] {processor.py:161} INFO - Started process (PID=66219) to work on /home/airflow/.local/lib/python3.12/site-packages/airflow/example_dags/example_branch_day_of_week_operator.py
[2024-06-18T02:30:41.055+0000] {processor.py:830} INFO - Processing file /home/airflow/.local/lib/python3.12/site-packages/airflow/example_dags/example_branch_day_of_week_operator.py for tasks to queue
[2024-06-18T02:30:41.056+0000] {logging_mixin.py:188} INFO - [2024-06-18T02:30:41.056+0000] {dagbag.py:545} INFO - Filling up the DagBag from /home/airflow/.local/lib/python3.12/site-packages/airflow/example_dags/example_branch_day_of_week_operator.py
[2024-06-18T02:30:41.066+0000] {processor.py:840} INFO - DAG(s) 'example_weekday_branch_operator' retrieved from /home/airflow/.local/lib/python3.12/site-packages/airflow/example_dags/example_branch_day_of_week_operator.py
[2024-06-18T02:30:41.093+0000] {logging_mixin.py:188} INFO - [2024-06-18T02:30:41.092+0000] {dag.py:3096} INFO - Sync 1 DAGs
[2024-06-18T02:30:41.116+0000] {logging_mixin.py:188} INFO - [2024-06-18T02:30:41.116+0000] {dag.py:3954} INFO - Setting next_dagrun for example_weekday_branch_operator to 2024-06-17 00:00:00+00:00, run_after=2024-06-18 00:00:00+00:00
[2024-06-18T02:30:41.137+0000] {processor.py:183} INFO - Processing /home/airflow/.local/lib/python3.12/site-packages/airflow/example_dags/example_branch_day_of_week_operator.py took 0.091 seconds
[2024-06-18T02:31:11.234+0000] {processor.py:161} INFO - Started process (PID=66277) to work on /home/airflow/.local/lib/python3.12/site-packages/airflow/example_dags/example_branch_day_of_week_operator.py
[2024-06-18T02:31:11.235+0000] {processor.py:830} INFO - Processing file /home/airflow/.local/lib/python3.12/site-packages/airflow/example_dags/example_branch_day_of_week_operator.py for tasks to queue
[2024-06-18T02:31:11.236+0000] {logging_mixin.py:188} INFO - [2024-06-18T02:31:11.235+0000] {dagbag.py:545} INFO - Filling up the DagBag from /home/airflow/.local/lib/python3.12/site-packages/airflow/example_dags/example_branch_day_of_week_operator.py
[2024-06-18T02:31:11.243+0000] {processor.py:840} INFO - DAG(s) 'example_weekday_branch_operator' retrieved from /home/airflow/.local/lib/python3.12/site-packages/airflow/example_dags/example_branch_day_of_week_operator.py
[2024-06-18T02:31:11.264+0000] {logging_mixin.py:188} INFO - [2024-06-18T02:31:11.264+0000] {dag.py:3096} INFO - Sync 1 DAGs
[2024-06-18T02:31:11.286+0000] {logging_mixin.py:188} INFO - [2024-06-18T02:31:11.286+0000] {dag.py:3954} INFO - Setting next_dagrun for example_weekday_branch_operator to 2024-06-17 00:00:00+00:00, run_after=2024-06-18 00:00:00+00:00
[2024-06-18T02:31:11.306+0000] {processor.py:183} INFO - Processing /home/airflow/.local/lib/python3.12/site-packages/airflow/example_dags/example_branch_day_of_week_operator.py took 0.078 seconds
[2024-06-18T02:31:41.734+0000] {processor.py:161} INFO - Started process (PID=66335) to work on /home/airflow/.local/lib/python3.12/site-packages/airflow/example_dags/example_branch_day_of_week_operator.py
[2024-06-18T02:31:41.735+0000] {processor.py:830} INFO - Processing file /home/airflow/.local/lib/python3.12/site-packages/airflow/example_dags/example_branch_day_of_week_operator.py for tasks to queue
[2024-06-18T02:31:41.736+0000] {logging_mixin.py:188} INFO - [2024-06-18T02:31:41.735+0000] {dagbag.py:545} INFO - Filling up the DagBag from /home/airflow/.local/lib/python3.12/site-packages/airflow/example_dags/example_branch_day_of_week_operator.py
[2024-06-18T02:31:41.743+0000] {processor.py:840} INFO - DAG(s) 'example_weekday_branch_operator' retrieved from /home/airflow/.local/lib/python3.12/site-packages/airflow/example_dags/example_branch_day_of_week_operator.py
[2024-06-18T02:31:41.767+0000] {logging_mixin.py:188} INFO - [2024-06-18T02:31:41.766+0000] {dag.py:3096} INFO - Sync 1 DAGs
[2024-06-18T02:31:41.793+0000] {logging_mixin.py:188} INFO - [2024-06-18T02:31:41.792+0000] {dag.py:3954} INFO - Setting next_dagrun for example_weekday_branch_operator to 2024-06-17 00:00:00+00:00, run_after=2024-06-18 00:00:00+00:00
[2024-06-18T02:31:41.815+0000] {processor.py:183} INFO - Processing /home/airflow/.local/lib/python3.12/site-packages/airflow/example_dags/example_branch_day_of_week_operator.py took 0.087 seconds
[2024-06-18T02:32:11.865+0000] {processor.py:161} INFO - Started process (PID=66393) to work on /home/airflow/.local/lib/python3.12/site-packages/airflow/example_dags/example_branch_day_of_week_operator.py
[2024-06-18T02:32:11.866+0000] {processor.py:830} INFO - Processing file /home/airflow/.local/lib/python3.12/site-packages/airflow/example_dags/example_branch_day_of_week_operator.py for tasks to queue
[2024-06-18T02:32:11.867+0000] {logging_mixin.py:188} INFO - [2024-06-18T02:32:11.866+0000] {dagbag.py:545} INFO - Filling up the DagBag from /home/airflow/.local/lib/python3.12/site-packages/airflow/example_dags/example_branch_day_of_week_operator.py
[2024-06-18T02:32:11.874+0000] {processor.py:840} INFO - DAG(s) 'example_weekday_branch_operator' retrieved from /home/airflow/.local/lib/python3.12/site-packages/airflow/example_dags/example_branch_day_of_week_operator.py
[2024-06-18T02:32:11.896+0000] {logging_mixin.py:188} INFO - [2024-06-18T02:32:11.895+0000] {dag.py:3096} INFO - Sync 1 DAGs
[2024-06-18T02:32:11.918+0000] {logging_mixin.py:188} INFO - [2024-06-18T02:32:11.918+0000] {dag.py:3954} INFO - Setting next_dagrun for example_weekday_branch_operator to 2024-06-17 00:00:00+00:00, run_after=2024-06-18 00:00:00+00:00
[2024-06-18T02:32:11.940+0000] {processor.py:183} INFO - Processing /home/airflow/.local/lib/python3.12/site-packages/airflow/example_dags/example_branch_day_of_week_operator.py took 0.081 seconds
[2024-06-18T02:32:41.996+0000] {processor.py:161} INFO - Started process (PID=66451) to work on /home/airflow/.local/lib/python3.12/site-packages/airflow/example_dags/example_branch_day_of_week_operator.py
[2024-06-18T02:32:41.998+0000] {processor.py:830} INFO - Processing file /home/airflow/.local/lib/python3.12/site-packages/airflow/example_dags/example_branch_day_of_week_operator.py for tasks to queue
[2024-06-18T02:32:41.999+0000] {logging_mixin.py:188} INFO - [2024-06-18T02:32:41.998+0000] {dagbag.py:545} INFO - Filling up the DagBag from /home/airflow/.local/lib/python3.12/site-packages/airflow/example_dags/example_branch_day_of_week_operator.py
[2024-06-18T02:32:42.006+0000] {processor.py:840} INFO - DAG(s) 'example_weekday_branch_operator' retrieved from /home/airflow/.local/lib/python3.12/site-packages/airflow/example_dags/example_branch_day_of_week_operator.py
[2024-06-18T02:32:42.028+0000] {logging_mixin.py:188} INFO - [2024-06-18T02:32:42.028+0000] {dag.py:3096} INFO - Sync 1 DAGs
[2024-06-18T02:32:42.055+0000] {logging_mixin.py:188} INFO - [2024-06-18T02:32:42.055+0000] {dag.py:3954} INFO - Setting next_dagrun for example_weekday_branch_operator to 2024-06-17 00:00:00+00:00, run_after=2024-06-18 00:00:00+00:00
[2024-06-18T02:32:42.079+0000] {processor.py:183} INFO - Processing /home/airflow/.local/lib/python3.12/site-packages/airflow/example_dags/example_branch_day_of_week_operator.py took 0.089 seconds
[2024-06-18T02:33:12.287+0000] {processor.py:161} INFO - Started process (PID=66509) to work on /home/airflow/.local/lib/python3.12/site-packages/airflow/example_dags/example_branch_day_of_week_operator.py
[2024-06-18T02:33:12.288+0000] {processor.py:830} INFO - Processing file /home/airflow/.local/lib/python3.12/site-packages/airflow/example_dags/example_branch_day_of_week_operator.py for tasks to queue
[2024-06-18T02:33:12.289+0000] {logging_mixin.py:188} INFO - [2024-06-18T02:33:12.289+0000] {dagbag.py:545} INFO - Filling up the DagBag from /home/airflow/.local/lib/python3.12/site-packages/airflow/example_dags/example_branch_day_of_week_operator.py
[2024-06-18T02:33:12.298+0000] {processor.py:840} INFO - DAG(s) 'example_weekday_branch_operator' retrieved from /home/airflow/.local/lib/python3.12/site-packages/airflow/example_dags/example_branch_day_of_week_operator.py
[2024-06-18T02:33:12.321+0000] {logging_mixin.py:188} INFO - [2024-06-18T02:33:12.321+0000] {dag.py:3096} INFO - Sync 1 DAGs
[2024-06-18T02:33:12.344+0000] {logging_mixin.py:188} INFO - [2024-06-18T02:33:12.344+0000] {dag.py:3954} INFO - Setting next_dagrun for example_weekday_branch_operator to 2024-06-17 00:00:00+00:00, run_after=2024-06-18 00:00:00+00:00
[2024-06-18T02:33:12.366+0000] {processor.py:183} INFO - Processing /home/airflow/.local/lib/python3.12/site-packages/airflow/example_dags/example_branch_day_of_week_operator.py took 0.084 seconds
[2024-06-18T02:33:42.681+0000] {processor.py:161} INFO - Started process (PID=66567) to work on /home/airflow/.local/lib/python3.12/site-packages/airflow/example_dags/example_branch_day_of_week_operator.py
[2024-06-18T02:33:42.682+0000] {processor.py:830} INFO - Processing file /home/airflow/.local/lib/python3.12/site-packages/airflow/example_dags/example_branch_day_of_week_operator.py for tasks to queue
[2024-06-18T02:33:42.683+0000] {logging_mixin.py:188} INFO - [2024-06-18T02:33:42.683+0000] {dagbag.py:545} INFO - Filling up the DagBag from /home/airflow/.local/lib/python3.12/site-packages/airflow/example_dags/example_branch_day_of_week_operator.py
[2024-06-18T02:33:42.690+0000] {processor.py:840} INFO - DAG(s) 'example_weekday_branch_operator' retrieved from /home/airflow/.local/lib/python3.12/site-packages/airflow/example_dags/example_branch_day_of_week_operator.py
[2024-06-18T02:33:42.710+0000] {logging_mixin.py:188} INFO - [2024-06-18T02:33:42.710+0000] {dag.py:3096} INFO - Sync 1 DAGs
[2024-06-18T02:33:42.733+0000] {logging_mixin.py:188} INFO - [2024-06-18T02:33:42.732+0000] {dag.py:3954} INFO - Setting next_dagrun for example_weekday_branch_operator to 2024-06-17 00:00:00+00:00, run_after=2024-06-18 00:00:00+00:00
[2024-06-18T02:33:42.752+0000] {processor.py:183} INFO - Processing /home/airflow/.local/lib/python3.12/site-packages/airflow/example_dags/example_branch_day_of_week_operator.py took 0.076 seconds
[2024-06-18T02:34:13.148+0000] {processor.py:161} INFO - Started process (PID=66625) to work on /home/airflow/.local/lib/python3.12/site-packages/airflow/example_dags/example_branch_day_of_week_operator.py
[2024-06-18T02:34:13.149+0000] {processor.py:830} INFO - Processing file /home/airflow/.local/lib/python3.12/site-packages/airflow/example_dags/example_branch_day_of_week_operator.py for tasks to queue
[2024-06-18T02:34:13.150+0000] {logging_mixin.py:188} INFO - [2024-06-18T02:34:13.150+0000] {dagbag.py:545} INFO - Filling up the DagBag from /home/airflow/.local/lib/python3.12/site-packages/airflow/example_dags/example_branch_day_of_week_operator.py
[2024-06-18T02:34:13.157+0000] {processor.py:840} INFO - DAG(s) 'example_weekday_branch_operator' retrieved from /home/airflow/.local/lib/python3.12/site-packages/airflow/example_dags/example_branch_day_of_week_operator.py
[2024-06-18T02:34:13.181+0000] {logging_mixin.py:188} INFO - [2024-06-18T02:34:13.180+0000] {dag.py:3096} INFO - Sync 1 DAGs
[2024-06-18T02:34:13.202+0000] {logging_mixin.py:188} INFO - [2024-06-18T02:34:13.202+0000] {dag.py:3954} INFO - Setting next_dagrun for example_weekday_branch_operator to 2024-06-17 00:00:00+00:00, run_after=2024-06-18 00:00:00+00:00
[2024-06-18T02:34:13.221+0000] {processor.py:183} INFO - Processing /home/airflow/.local/lib/python3.12/site-packages/airflow/example_dags/example_branch_day_of_week_operator.py took 0.079 seconds
[2024-06-18T02:34:43.804+0000] {processor.py:161} INFO - Started process (PID=66687) to work on /home/airflow/.local/lib/python3.12/site-packages/airflow/example_dags/example_branch_day_of_week_operator.py
[2024-06-18T02:34:43.806+0000] {processor.py:830} INFO - Processing file /home/airflow/.local/lib/python3.12/site-packages/airflow/example_dags/example_branch_day_of_week_operator.py for tasks to queue
[2024-06-18T02:34:43.808+0000] {logging_mixin.py:188} INFO - [2024-06-18T02:34:43.807+0000] {dagbag.py:545} INFO - Filling up the DagBag from /home/airflow/.local/lib/python3.12/site-packages/airflow/example_dags/example_branch_day_of_week_operator.py
[2024-06-18T02:34:43.820+0000] {processor.py:840} INFO - DAG(s) 'example_weekday_branch_operator' retrieved from /home/airflow/.local/lib/python3.12/site-packages/airflow/example_dags/example_branch_day_of_week_operator.py
[2024-06-18T02:34:43.849+0000] {logging_mixin.py:188} INFO - [2024-06-18T02:34:43.849+0000] {dag.py:3096} INFO - Sync 1 DAGs
[2024-06-18T02:34:43.889+0000] {logging_mixin.py:188} INFO - [2024-06-18T02:34:43.887+0000] {dag.py:3954} INFO - Setting next_dagrun for example_weekday_branch_operator to 2024-06-17 00:00:00+00:00, run_after=2024-06-18 00:00:00+00:00
[2024-06-18T02:34:43.921+0000] {processor.py:183} INFO - Processing /home/airflow/.local/lib/python3.12/site-packages/airflow/example_dags/example_branch_day_of_week_operator.py took 0.126 seconds
[2024-06-18T02:35:14.542+0000] {processor.py:161} INFO - Started process (PID=66745) to work on /home/airflow/.local/lib/python3.12/site-packages/airflow/example_dags/example_branch_day_of_week_operator.py
[2024-06-18T02:35:14.546+0000] {processor.py:830} INFO - Processing file /home/airflow/.local/lib/python3.12/site-packages/airflow/example_dags/example_branch_day_of_week_operator.py for tasks to queue
[2024-06-18T02:35:14.547+0000] {logging_mixin.py:188} INFO - [2024-06-18T02:35:14.546+0000] {dagbag.py:545} INFO - Filling up the DagBag from /home/airflow/.local/lib/python3.12/site-packages/airflow/example_dags/example_branch_day_of_week_operator.py
[2024-06-18T02:35:14.554+0000] {processor.py:840} INFO - DAG(s) 'example_weekday_branch_operator' retrieved from /home/airflow/.local/lib/python3.12/site-packages/airflow/example_dags/example_branch_day_of_week_operator.py
[2024-06-18T02:35:14.579+0000] {logging_mixin.py:188} INFO - [2024-06-18T02:35:14.579+0000] {dag.py:3096} INFO - Sync 1 DAGs
[2024-06-18T02:35:14.603+0000] {logging_mixin.py:188} INFO - [2024-06-18T02:35:14.603+0000] {dag.py:3954} INFO - Setting next_dagrun for example_weekday_branch_operator to 2024-06-17 00:00:00+00:00, run_after=2024-06-18 00:00:00+00:00
[2024-06-18T02:35:14.624+0000] {processor.py:183} INFO - Processing /home/airflow/.local/lib/python3.12/site-packages/airflow/example_dags/example_branch_day_of_week_operator.py took 0.088 seconds
[2024-06-18T02:35:44.735+0000] {processor.py:161} INFO - Started process (PID=66803) to work on /home/airflow/.local/lib/python3.12/site-packages/airflow/example_dags/example_branch_day_of_week_operator.py
[2024-06-18T02:35:44.737+0000] {processor.py:830} INFO - Processing file /home/airflow/.local/lib/python3.12/site-packages/airflow/example_dags/example_branch_day_of_week_operator.py for tasks to queue
[2024-06-18T02:35:44.739+0000] {logging_mixin.py:188} INFO - [2024-06-18T02:35:44.738+0000] {dagbag.py:545} INFO - Filling up the DagBag from /home/airflow/.local/lib/python3.12/site-packages/airflow/example_dags/example_branch_day_of_week_operator.py
[2024-06-18T02:35:44.747+0000] {processor.py:840} INFO - DAG(s) 'example_weekday_branch_operator' retrieved from /home/airflow/.local/lib/python3.12/site-packages/airflow/example_dags/example_branch_day_of_week_operator.py
[2024-06-18T02:35:44.772+0000] {logging_mixin.py:188} INFO - [2024-06-18T02:35:44.771+0000] {dag.py:3096} INFO - Sync 1 DAGs
[2024-06-18T02:35:44.797+0000] {logging_mixin.py:188} INFO - [2024-06-18T02:35:44.797+0000] {dag.py:3954} INFO - Setting next_dagrun for example_weekday_branch_operator to 2024-06-17 00:00:00+00:00, run_after=2024-06-18 00:00:00+00:00
[2024-06-18T02:35:44.821+0000] {processor.py:183} INFO - Processing /home/airflow/.local/lib/python3.12/site-packages/airflow/example_dags/example_branch_day_of_week_operator.py took 0.092 seconds
[2024-06-18T02:36:15.024+0000] {processor.py:161} INFO - Started process (PID=66861) to work on /home/airflow/.local/lib/python3.12/site-packages/airflow/example_dags/example_branch_day_of_week_operator.py
[2024-06-18T02:36:15.025+0000] {processor.py:830} INFO - Processing file /home/airflow/.local/lib/python3.12/site-packages/airflow/example_dags/example_branch_day_of_week_operator.py for tasks to queue
[2024-06-18T02:36:15.026+0000] {logging_mixin.py:188} INFO - [2024-06-18T02:36:15.026+0000] {dagbag.py:545} INFO - Filling up the DagBag from /home/airflow/.local/lib/python3.12/site-packages/airflow/example_dags/example_branch_day_of_week_operator.py
[2024-06-18T02:36:15.036+0000] {processor.py:840} INFO - DAG(s) 'example_weekday_branch_operator' retrieved from /home/airflow/.local/lib/python3.12/site-packages/airflow/example_dags/example_branch_day_of_week_operator.py
[2024-06-18T02:36:15.060+0000] {logging_mixin.py:188} INFO - [2024-06-18T02:36:15.059+0000] {dag.py:3096} INFO - Sync 1 DAGs
[2024-06-18T02:36:15.085+0000] {logging_mixin.py:188} INFO - [2024-06-18T02:36:15.085+0000] {dag.py:3954} INFO - Setting next_dagrun for example_weekday_branch_operator to 2024-06-17 00:00:00+00:00, run_after=2024-06-18 00:00:00+00:00
[2024-06-18T02:36:15.116+0000] {processor.py:183} INFO - Processing /home/airflow/.local/lib/python3.12/site-packages/airflow/example_dags/example_branch_day_of_week_operator.py took 0.098 seconds
[2024-06-18T02:36:45.201+0000] {processor.py:161} INFO - Started process (PID=66919) to work on /home/airflow/.local/lib/python3.12/site-packages/airflow/example_dags/example_branch_day_of_week_operator.py
[2024-06-18T02:36:45.204+0000] {processor.py:830} INFO - Processing file /home/airflow/.local/lib/python3.12/site-packages/airflow/example_dags/example_branch_day_of_week_operator.py for tasks to queue
[2024-06-18T02:36:45.205+0000] {logging_mixin.py:188} INFO - [2024-06-18T02:36:45.204+0000] {dagbag.py:545} INFO - Filling up the DagBag from /home/airflow/.local/lib/python3.12/site-packages/airflow/example_dags/example_branch_day_of_week_operator.py
[2024-06-18T02:36:45.214+0000] {processor.py:840} INFO - DAG(s) 'example_weekday_branch_operator' retrieved from /home/airflow/.local/lib/python3.12/site-packages/airflow/example_dags/example_branch_day_of_week_operator.py
[2024-06-18T02:36:45.241+0000] {logging_mixin.py:188} INFO - [2024-06-18T02:36:45.241+0000] {dag.py:3096} INFO - Sync 1 DAGs
[2024-06-18T02:36:45.268+0000] {logging_mixin.py:188} INFO - [2024-06-18T02:36:45.268+0000] {dag.py:3954} INFO - Setting next_dagrun for example_weekday_branch_operator to 2024-06-17 00:00:00+00:00, run_after=2024-06-18 00:00:00+00:00
[2024-06-18T02:36:45.296+0000] {processor.py:183} INFO - Processing /home/airflow/.local/lib/python3.12/site-packages/airflow/example_dags/example_branch_day_of_week_operator.py took 0.103 seconds
[2024-06-18T02:37:16.082+0000] {processor.py:161} INFO - Started process (PID=66977) to work on /home/airflow/.local/lib/python3.12/site-packages/airflow/example_dags/example_branch_day_of_week_operator.py
[2024-06-18T02:37:16.084+0000] {processor.py:830} INFO - Processing file /home/airflow/.local/lib/python3.12/site-packages/airflow/example_dags/example_branch_day_of_week_operator.py for tasks to queue
[2024-06-18T02:37:16.085+0000] {logging_mixin.py:188} INFO - [2024-06-18T02:37:16.084+0000] {dagbag.py:545} INFO - Filling up the DagBag from /home/airflow/.local/lib/python3.12/site-packages/airflow/example_dags/example_branch_day_of_week_operator.py
[2024-06-18T02:37:16.092+0000] {processor.py:840} INFO - DAG(s) 'example_weekday_branch_operator' retrieved from /home/airflow/.local/lib/python3.12/site-packages/airflow/example_dags/example_branch_day_of_week_operator.py
[2024-06-18T02:37:16.114+0000] {logging_mixin.py:188} INFO - [2024-06-18T02:37:16.114+0000] {dag.py:3096} INFO - Sync 1 DAGs
[2024-06-18T02:37:16.138+0000] {logging_mixin.py:188} INFO - [2024-06-18T02:37:16.138+0000] {dag.py:3954} INFO - Setting next_dagrun for example_weekday_branch_operator to 2024-06-17 00:00:00+00:00, run_after=2024-06-18 00:00:00+00:00
[2024-06-18T02:37:16.163+0000] {processor.py:183} INFO - Processing /home/airflow/.local/lib/python3.12/site-packages/airflow/example_dags/example_branch_day_of_week_operator.py took 0.086 seconds
[2024-06-18T02:37:46.310+0000] {processor.py:161} INFO - Started process (PID=67035) to work on /home/airflow/.local/lib/python3.12/site-packages/airflow/example_dags/example_branch_day_of_week_operator.py
[2024-06-18T02:37:46.311+0000] {processor.py:830} INFO - Processing file /home/airflow/.local/lib/python3.12/site-packages/airflow/example_dags/example_branch_day_of_week_operator.py for tasks to queue
[2024-06-18T02:37:46.312+0000] {logging_mixin.py:188} INFO - [2024-06-18T02:37:46.312+0000] {dagbag.py:545} INFO - Filling up the DagBag from /home/airflow/.local/lib/python3.12/site-packages/airflow/example_dags/example_branch_day_of_week_operator.py
[2024-06-18T02:37:46.322+0000] {processor.py:840} INFO - DAG(s) 'example_weekday_branch_operator' retrieved from /home/airflow/.local/lib/python3.12/site-packages/airflow/example_dags/example_branch_day_of_week_operator.py
[2024-06-18T02:37:46.347+0000] {logging_mixin.py:188} INFO - [2024-06-18T02:37:46.347+0000] {dag.py:3096} INFO - Sync 1 DAGs
[2024-06-18T02:37:46.376+0000] {logging_mixin.py:188} INFO - [2024-06-18T02:37:46.376+0000] {dag.py:3954} INFO - Setting next_dagrun for example_weekday_branch_operator to 2024-06-17 00:00:00+00:00, run_after=2024-06-18 00:00:00+00:00
[2024-06-18T02:37:46.405+0000] {processor.py:183} INFO - Processing /home/airflow/.local/lib/python3.12/site-packages/airflow/example_dags/example_branch_day_of_week_operator.py took 0.104 seconds
[2024-06-18T02:38:16.945+0000] {processor.py:161} INFO - Started process (PID=67093) to work on /home/airflow/.local/lib/python3.12/site-packages/airflow/example_dags/example_branch_day_of_week_operator.py
[2024-06-18T02:38:16.947+0000] {processor.py:830} INFO - Processing file /home/airflow/.local/lib/python3.12/site-packages/airflow/example_dags/example_branch_day_of_week_operator.py for tasks to queue
[2024-06-18T02:38:16.948+0000] {logging_mixin.py:188} INFO - [2024-06-18T02:38:16.948+0000] {dagbag.py:545} INFO - Filling up the DagBag from /home/airflow/.local/lib/python3.12/site-packages/airflow/example_dags/example_branch_day_of_week_operator.py
[2024-06-18T02:38:16.959+0000] {processor.py:840} INFO - DAG(s) 'example_weekday_branch_operator' retrieved from /home/airflow/.local/lib/python3.12/site-packages/airflow/example_dags/example_branch_day_of_week_operator.py
[2024-06-18T02:38:17.022+0000] {logging_mixin.py:188} INFO - [2024-06-18T02:38:17.022+0000] {dag.py:3096} INFO - Sync 1 DAGs
[2024-06-18T02:38:17.058+0000] {logging_mixin.py:188} INFO - [2024-06-18T02:38:17.057+0000] {dag.py:3954} INFO - Setting next_dagrun for example_weekday_branch_operator to 2024-06-17 00:00:00+00:00, run_after=2024-06-18 00:00:00+00:00
[2024-06-18T02:38:17.083+0000] {processor.py:183} INFO - Processing /home/airflow/.local/lib/python3.12/site-packages/airflow/example_dags/example_branch_day_of_week_operator.py took 0.149 seconds
[2024-06-18T02:38:47.537+0000] {processor.py:161} INFO - Started process (PID=67151) to work on /home/airflow/.local/lib/python3.12/site-packages/airflow/example_dags/example_branch_day_of_week_operator.py
[2024-06-18T02:38:47.539+0000] {processor.py:830} INFO - Processing file /home/airflow/.local/lib/python3.12/site-packages/airflow/example_dags/example_branch_day_of_week_operator.py for tasks to queue
[2024-06-18T02:38:47.540+0000] {logging_mixin.py:188} INFO - [2024-06-18T02:38:47.540+0000] {dagbag.py:545} INFO - Filling up the DagBag from /home/airflow/.local/lib/python3.12/site-packages/airflow/example_dags/example_branch_day_of_week_operator.py
[2024-06-18T02:38:47.556+0000] {processor.py:840} INFO - DAG(s) 'example_weekday_branch_operator' retrieved from /home/airflow/.local/lib/python3.12/site-packages/airflow/example_dags/example_branch_day_of_week_operator.py
[2024-06-18T02:38:47.644+0000] {logging_mixin.py:188} INFO - [2024-06-18T02:38:47.644+0000] {dag.py:3096} INFO - Sync 1 DAGs
[2024-06-18T02:38:47.682+0000] {logging_mixin.py:188} INFO - [2024-06-18T02:38:47.682+0000] {dag.py:3954} INFO - Setting next_dagrun for example_weekday_branch_operator to 2024-06-17 00:00:00+00:00, run_after=2024-06-18 00:00:00+00:00
[2024-06-18T02:38:47.727+0000] {processor.py:183} INFO - Processing /home/airflow/.local/lib/python3.12/site-packages/airflow/example_dags/example_branch_day_of_week_operator.py took 0.206 seconds
[2024-06-18T02:39:18.673+0000] {processor.py:161} INFO - Started process (PID=67210) to work on /home/airflow/.local/lib/python3.12/site-packages/airflow/example_dags/example_branch_day_of_week_operator.py
[2024-06-18T02:39:18.674+0000] {processor.py:830} INFO - Processing file /home/airflow/.local/lib/python3.12/site-packages/airflow/example_dags/example_branch_day_of_week_operator.py for tasks to queue
[2024-06-18T02:39:18.675+0000] {logging_mixin.py:188} INFO - [2024-06-18T02:39:18.675+0000] {dagbag.py:545} INFO - Filling up the DagBag from /home/airflow/.local/lib/python3.12/site-packages/airflow/example_dags/example_branch_day_of_week_operator.py
[2024-06-18T02:39:18.683+0000] {processor.py:840} INFO - DAG(s) 'example_weekday_branch_operator' retrieved from /home/airflow/.local/lib/python3.12/site-packages/airflow/example_dags/example_branch_day_of_week_operator.py
[2024-06-18T02:39:18.708+0000] {logging_mixin.py:188} INFO - [2024-06-18T02:39:18.708+0000] {dag.py:3096} INFO - Sync 1 DAGs
[2024-06-18T02:39:18.736+0000] {logging_mixin.py:188} INFO - [2024-06-18T02:39:18.736+0000] {dag.py:3954} INFO - Setting next_dagrun for example_weekday_branch_operator to 2024-06-17 00:00:00+00:00, run_after=2024-06-18 00:00:00+00:00
[2024-06-18T02:39:18.757+0000] {processor.py:183} INFO - Processing /home/airflow/.local/lib/python3.12/site-packages/airflow/example_dags/example_branch_day_of_week_operator.py took 0.092 seconds
[2024-06-18T02:39:49.134+0000] {processor.py:161} INFO - Started process (PID=67268) to work on /home/airflow/.local/lib/python3.12/site-packages/airflow/example_dags/example_branch_day_of_week_operator.py
[2024-06-18T02:39:49.153+0000] {processor.py:830} INFO - Processing file /home/airflow/.local/lib/python3.12/site-packages/airflow/example_dags/example_branch_day_of_week_operator.py for tasks to queue
[2024-06-18T02:39:49.154+0000] {logging_mixin.py:188} INFO - [2024-06-18T02:39:49.153+0000] {dagbag.py:545} INFO - Filling up the DagBag from /home/airflow/.local/lib/python3.12/site-packages/airflow/example_dags/example_branch_day_of_week_operator.py
[2024-06-18T02:39:49.205+0000] {processor.py:840} INFO - DAG(s) 'example_weekday_branch_operator' retrieved from /home/airflow/.local/lib/python3.12/site-packages/airflow/example_dags/example_branch_day_of_week_operator.py
[2024-06-18T02:39:49.350+0000] {logging_mixin.py:188} INFO - [2024-06-18T02:39:49.349+0000] {dag.py:3096} INFO - Sync 1 DAGs
[2024-06-18T02:39:49.387+0000] {logging_mixin.py:188} INFO - [2024-06-18T02:39:49.386+0000] {dag.py:3954} INFO - Setting next_dagrun for example_weekday_branch_operator to 2024-06-17 00:00:00+00:00, run_after=2024-06-18 00:00:00+00:00
[2024-06-18T02:39:49.419+0000] {processor.py:183} INFO - Processing /home/airflow/.local/lib/python3.12/site-packages/airflow/example_dags/example_branch_day_of_week_operator.py took 0.303 seconds
[2024-06-18T02:40:42.517+0000] {processor.py:161} INFO - Started process (PID=67286) to work on /home/airflow/.local/lib/python3.12/site-packages/airflow/example_dags/example_branch_day_of_week_operator.py
[2024-06-18T02:40:42.519+0000] {processor.py:830} INFO - Processing file /home/airflow/.local/lib/python3.12/site-packages/airflow/example_dags/example_branch_day_of_week_operator.py for tasks to queue
[2024-06-18T02:40:42.520+0000] {logging_mixin.py:188} INFO - [2024-06-18T02:40:42.520+0000] {dagbag.py:545} INFO - Filling up the DagBag from /home/airflow/.local/lib/python3.12/site-packages/airflow/example_dags/example_branch_day_of_week_operator.py
[2024-06-18T02:40:42.533+0000] {processor.py:840} INFO - DAG(s) 'example_weekday_branch_operator' retrieved from /home/airflow/.local/lib/python3.12/site-packages/airflow/example_dags/example_branch_day_of_week_operator.py
[2024-06-18T02:40:42.576+0000] {logging_mixin.py:188} INFO - [2024-06-18T02:40:42.575+0000] {dag.py:3096} INFO - Sync 1 DAGs
[2024-06-18T02:40:42.618+0000] {logging_mixin.py:188} INFO - [2024-06-18T02:40:42.618+0000] {dag.py:3954} INFO - Setting next_dagrun for example_weekday_branch_operator to 2024-06-17 00:00:00+00:00, run_after=2024-06-18 00:00:00+00:00
[2024-06-18T02:40:42.653+0000] {processor.py:183} INFO - Processing /home/airflow/.local/lib/python3.12/site-packages/airflow/example_dags/example_branch_day_of_week_operator.py took 0.144 seconds
[2024-06-18T02:52:56.104+0000] {processor.py:161} INFO - Started process (PID=67332) to work on /home/airflow/.local/lib/python3.12/site-packages/airflow/example_dags/example_branch_day_of_week_operator.py
[2024-06-18T02:52:56.107+0000] {processor.py:830} INFO - Processing file /home/airflow/.local/lib/python3.12/site-packages/airflow/example_dags/example_branch_day_of_week_operator.py for tasks to queue
[2024-06-18T02:52:56.108+0000] {logging_mixin.py:188} INFO - [2024-06-18T02:52:56.108+0000] {dagbag.py:545} INFO - Filling up the DagBag from /home/airflow/.local/lib/python3.12/site-packages/airflow/example_dags/example_branch_day_of_week_operator.py
[2024-06-18T02:52:56.115+0000] {processor.py:840} INFO - DAG(s) 'example_weekday_branch_operator' retrieved from /home/airflow/.local/lib/python3.12/site-packages/airflow/example_dags/example_branch_day_of_week_operator.py
[2024-06-18T02:52:58.299+0000] {logging_mixin.py:188} INFO - [2024-06-18T02:52:58.290+0000] {dag.py:3096} INFO - Sync 1 DAGs
[2024-06-18T02:52:59.860+0000] {logging_mixin.py:188} INFO - [2024-06-18T02:52:59.858+0000] {dag.py:3954} INFO - Setting next_dagrun for example_weekday_branch_operator to 2024-06-17 00:00:00+00:00, run_after=2024-06-18 00:00:00+00:00
[2024-06-18T02:53:00.325+0000] {processor.py:183} INFO - Processing /home/airflow/.local/lib/python3.12/site-packages/airflow/example_dags/example_branch_day_of_week_operator.py took 4.223 seconds
[2024-06-18T02:53:31.287+0000] {processor.py:161} INFO - Started process (PID=67391) to work on /home/airflow/.local/lib/python3.12/site-packages/airflow/example_dags/example_branch_day_of_week_operator.py
[2024-06-18T02:53:31.288+0000] {processor.py:830} INFO - Processing file /home/airflow/.local/lib/python3.12/site-packages/airflow/example_dags/example_branch_day_of_week_operator.py for tasks to queue
[2024-06-18T02:53:31.289+0000] {logging_mixin.py:188} INFO - [2024-06-18T02:53:31.289+0000] {dagbag.py:545} INFO - Filling up the DagBag from /home/airflow/.local/lib/python3.12/site-packages/airflow/example_dags/example_branch_day_of_week_operator.py
[2024-06-18T02:53:31.297+0000] {processor.py:840} INFO - DAG(s) 'example_weekday_branch_operator' retrieved from /home/airflow/.local/lib/python3.12/site-packages/airflow/example_dags/example_branch_day_of_week_operator.py
[2024-06-18T02:53:31.322+0000] {logging_mixin.py:188} INFO - [2024-06-18T02:53:31.322+0000] {dag.py:3096} INFO - Sync 1 DAGs
[2024-06-18T02:53:31.350+0000] {logging_mixin.py:188} INFO - [2024-06-18T02:53:31.350+0000] {dag.py:3954} INFO - Setting next_dagrun for example_weekday_branch_operator to 2024-06-17 00:00:00+00:00, run_after=2024-06-18 00:00:00+00:00
[2024-06-18T02:53:31.372+0000] {processor.py:183} INFO - Processing /home/airflow/.local/lib/python3.12/site-packages/airflow/example_dags/example_branch_day_of_week_operator.py took 0.093 seconds
[2024-06-18T02:54:01.819+0000] {processor.py:161} INFO - Started process (PID=67449) to work on /home/airflow/.local/lib/python3.12/site-packages/airflow/example_dags/example_branch_day_of_week_operator.py
[2024-06-18T02:54:01.820+0000] {processor.py:830} INFO - Processing file /home/airflow/.local/lib/python3.12/site-packages/airflow/example_dags/example_branch_day_of_week_operator.py for tasks to queue
[2024-06-18T02:54:01.821+0000] {logging_mixin.py:188} INFO - [2024-06-18T02:54:01.821+0000] {dagbag.py:545} INFO - Filling up the DagBag from /home/airflow/.local/lib/python3.12/site-packages/airflow/example_dags/example_branch_day_of_week_operator.py
[2024-06-18T02:54:01.830+0000] {processor.py:840} INFO - DAG(s) 'example_weekday_branch_operator' retrieved from /home/airflow/.local/lib/python3.12/site-packages/airflow/example_dags/example_branch_day_of_week_operator.py
[2024-06-18T02:54:01.863+0000] {logging_mixin.py:188} INFO - [2024-06-18T02:54:01.863+0000] {dag.py:3096} INFO - Sync 1 DAGs
[2024-06-18T02:54:01.886+0000] {logging_mixin.py:188} INFO - [2024-06-18T02:54:01.886+0000] {dag.py:3954} INFO - Setting next_dagrun for example_weekday_branch_operator to 2024-06-17 00:00:00+00:00, run_after=2024-06-18 00:00:00+00:00
[2024-06-18T02:54:01.932+0000] {processor.py:183} INFO - Processing /home/airflow/.local/lib/python3.12/site-packages/airflow/example_dags/example_branch_day_of_week_operator.py took 0.118 seconds
[2024-06-18T02:54:32.135+0000] {processor.py:161} INFO - Started process (PID=67507) to work on /home/airflow/.local/lib/python3.12/site-packages/airflow/example_dags/example_branch_day_of_week_operator.py
[2024-06-18T02:54:32.137+0000] {processor.py:830} INFO - Processing file /home/airflow/.local/lib/python3.12/site-packages/airflow/example_dags/example_branch_day_of_week_operator.py for tasks to queue
[2024-06-18T02:54:32.138+0000] {logging_mixin.py:188} INFO - [2024-06-18T02:54:32.138+0000] {dagbag.py:545} INFO - Filling up the DagBag from /home/airflow/.local/lib/python3.12/site-packages/airflow/example_dags/example_branch_day_of_week_operator.py
[2024-06-18T02:54:32.147+0000] {processor.py:840} INFO - DAG(s) 'example_weekday_branch_operator' retrieved from /home/airflow/.local/lib/python3.12/site-packages/airflow/example_dags/example_branch_day_of_week_operator.py
[2024-06-18T02:54:32.175+0000] {logging_mixin.py:188} INFO - [2024-06-18T02:54:32.175+0000] {dag.py:3096} INFO - Sync 1 DAGs
[2024-06-18T02:54:32.206+0000] {logging_mixin.py:188} INFO - [2024-06-18T02:54:32.206+0000] {dag.py:3954} INFO - Setting next_dagrun for example_weekday_branch_operator to 2024-06-17 00:00:00+00:00, run_after=2024-06-18 00:00:00+00:00
[2024-06-18T02:54:32.231+0000] {processor.py:183} INFO - Processing /home/airflow/.local/lib/python3.12/site-packages/airflow/example_dags/example_branch_day_of_week_operator.py took 0.103 seconds
[2024-06-18T02:55:02.368+0000] {processor.py:161} INFO - Started process (PID=67565) to work on /home/airflow/.local/lib/python3.12/site-packages/airflow/example_dags/example_branch_day_of_week_operator.py
[2024-06-18T02:55:02.370+0000] {processor.py:830} INFO - Processing file /home/airflow/.local/lib/python3.12/site-packages/airflow/example_dags/example_branch_day_of_week_operator.py for tasks to queue
[2024-06-18T02:55:02.372+0000] {logging_mixin.py:188} INFO - [2024-06-18T02:55:02.371+0000] {dagbag.py:545} INFO - Filling up the DagBag from /home/airflow/.local/lib/python3.12/site-packages/airflow/example_dags/example_branch_day_of_week_operator.py
[2024-06-18T02:55:02.381+0000] {processor.py:840} INFO - DAG(s) 'example_weekday_branch_operator' retrieved from /home/airflow/.local/lib/python3.12/site-packages/airflow/example_dags/example_branch_day_of_week_operator.py
[2024-06-18T02:55:02.407+0000] {logging_mixin.py:188} INFO - [2024-06-18T02:55:02.407+0000] {dag.py:3096} INFO - Sync 1 DAGs
[2024-06-18T02:55:02.430+0000] {logging_mixin.py:188} INFO - [2024-06-18T02:55:02.430+0000] {dag.py:3954} INFO - Setting next_dagrun for example_weekday_branch_operator to 2024-06-17 00:00:00+00:00, run_after=2024-06-18 00:00:00+00:00
[2024-06-18T02:55:02.452+0000] {processor.py:183} INFO - Processing /home/airflow/.local/lib/python3.12/site-packages/airflow/example_dags/example_branch_day_of_week_operator.py took 0.090 seconds
[2024-06-18T02:55:32.600+0000] {processor.py:161} INFO - Started process (PID=67623) to work on /home/airflow/.local/lib/python3.12/site-packages/airflow/example_dags/example_branch_day_of_week_operator.py
[2024-06-18T02:55:32.601+0000] {processor.py:830} INFO - Processing file /home/airflow/.local/lib/python3.12/site-packages/airflow/example_dags/example_branch_day_of_week_operator.py for tasks to queue
[2024-06-18T02:55:32.602+0000] {logging_mixin.py:188} INFO - [2024-06-18T02:55:32.602+0000] {dagbag.py:545} INFO - Filling up the DagBag from /home/airflow/.local/lib/python3.12/site-packages/airflow/example_dags/example_branch_day_of_week_operator.py
[2024-06-18T02:55:32.611+0000] {processor.py:840} INFO - DAG(s) 'example_weekday_branch_operator' retrieved from /home/airflow/.local/lib/python3.12/site-packages/airflow/example_dags/example_branch_day_of_week_operator.py
[2024-06-18T02:55:32.637+0000] {logging_mixin.py:188} INFO - [2024-06-18T02:55:32.637+0000] {dag.py:3096} INFO - Sync 1 DAGs
[2024-06-18T02:55:32.661+0000] {logging_mixin.py:188} INFO - [2024-06-18T02:55:32.660+0000] {dag.py:3954} INFO - Setting next_dagrun for example_weekday_branch_operator to 2024-06-17 00:00:00+00:00, run_after=2024-06-18 00:00:00+00:00
[2024-06-18T02:55:32.680+0000] {processor.py:183} INFO - Processing /home/airflow/.local/lib/python3.12/site-packages/airflow/example_dags/example_branch_day_of_week_operator.py took 0.086 seconds
[2024-06-18T02:56:02.748+0000] {processor.py:161} INFO - Started process (PID=67681) to work on /home/airflow/.local/lib/python3.12/site-packages/airflow/example_dags/example_branch_day_of_week_operator.py
[2024-06-18T02:56:02.750+0000] {processor.py:830} INFO - Processing file /home/airflow/.local/lib/python3.12/site-packages/airflow/example_dags/example_branch_day_of_week_operator.py for tasks to queue
[2024-06-18T02:56:02.751+0000] {logging_mixin.py:188} INFO - [2024-06-18T02:56:02.751+0000] {dagbag.py:545} INFO - Filling up the DagBag from /home/airflow/.local/lib/python3.12/site-packages/airflow/example_dags/example_branch_day_of_week_operator.py
[2024-06-18T02:56:02.759+0000] {processor.py:840} INFO - DAG(s) 'example_weekday_branch_operator' retrieved from /home/airflow/.local/lib/python3.12/site-packages/airflow/example_dags/example_branch_day_of_week_operator.py
[2024-06-18T02:56:02.788+0000] {logging_mixin.py:188} INFO - [2024-06-18T02:56:02.788+0000] {dag.py:3096} INFO - Sync 1 DAGs
[2024-06-18T02:56:02.815+0000] {logging_mixin.py:188} INFO - [2024-06-18T02:56:02.815+0000] {dag.py:3954} INFO - Setting next_dagrun for example_weekday_branch_operator to 2024-06-17 00:00:00+00:00, run_after=2024-06-18 00:00:00+00:00
[2024-06-18T02:56:02.841+0000] {processor.py:183} INFO - Processing /home/airflow/.local/lib/python3.12/site-packages/airflow/example_dags/example_branch_day_of_week_operator.py took 0.100 seconds
[2024-06-18T02:56:32.905+0000] {processor.py:161} INFO - Started process (PID=67739) to work on /home/airflow/.local/lib/python3.12/site-packages/airflow/example_dags/example_branch_day_of_week_operator.py
[2024-06-18T02:56:32.907+0000] {processor.py:830} INFO - Processing file /home/airflow/.local/lib/python3.12/site-packages/airflow/example_dags/example_branch_day_of_week_operator.py for tasks to queue
[2024-06-18T02:56:32.909+0000] {logging_mixin.py:188} INFO - [2024-06-18T02:56:32.908+0000] {dagbag.py:545} INFO - Filling up the DagBag from /home/airflow/.local/lib/python3.12/site-packages/airflow/example_dags/example_branch_day_of_week_operator.py
[2024-06-18T02:56:32.922+0000] {processor.py:840} INFO - DAG(s) 'example_weekday_branch_operator' retrieved from /home/airflow/.local/lib/python3.12/site-packages/airflow/example_dags/example_branch_day_of_week_operator.py
[2024-06-18T02:56:32.965+0000] {logging_mixin.py:188} INFO - [2024-06-18T02:56:32.965+0000] {dag.py:3096} INFO - Sync 1 DAGs
[2024-06-18T02:56:33.004+0000] {logging_mixin.py:188} INFO - [2024-06-18T02:56:33.004+0000] {dag.py:3954} INFO - Setting next_dagrun for example_weekday_branch_operator to 2024-06-17 00:00:00+00:00, run_after=2024-06-18 00:00:00+00:00
[2024-06-18T02:56:33.049+0000] {processor.py:183} INFO - Processing /home/airflow/.local/lib/python3.12/site-packages/airflow/example_dags/example_branch_day_of_week_operator.py took 0.152 seconds
