[2024-06-18T02:21:45.098+0000] {processor.py:161} INFO - Started process (PID=65215) to work on /home/airflow/.local/lib/python3.12/site-packages/airflow/example_dags/example_bash_decorator.py
[2024-06-18T02:21:45.099+0000] {processor.py:830} INFO - Processing file /home/airflow/.local/lib/python3.12/site-packages/airflow/example_dags/example_bash_decorator.py for tasks to queue
[2024-06-18T02:21:45.100+0000] {logging_mixin.py:188} INFO - [2024-06-18T02:21:45.099+0000] {dagbag.py:545} INFO - Filling up the DagBag from /home/airflow/.local/lib/python3.12/site-packages/airflow/example_dags/example_bash_decorator.py
[2024-06-18T02:21:45.119+0000] {processor.py:840} INFO - DAG(s) 'example_bash_decorator' retrieved from /home/airflow/.local/lib/python3.12/site-packages/airflow/example_dags/example_bash_decorator.py
[2024-06-18T02:21:45.159+0000] {logging_mixin.py:188} INFO - [2024-06-18T02:21:45.158+0000] {dag.py:3096} INFO - Sync 1 DAGs
[2024-06-18T02:21:45.187+0000] {logging_mixin.py:188} INFO - [2024-06-18T02:21:45.186+0000] {dag.py:3954} INFO - Setting next_dagrun for example_bash_decorator to None, run_after=None
[2024-06-18T02:21:45.244+0000] {processor.py:183} INFO - Processing /home/airflow/.local/lib/python3.12/site-packages/airflow/example_dags/example_bash_decorator.py took 0.155 seconds
[2024-06-18T02:22:16.180+0000] {processor.py:161} INFO - Started process (PID=65273) to work on /home/airflow/.local/lib/python3.12/site-packages/airflow/example_dags/example_bash_decorator.py
[2024-06-18T02:22:16.182+0000] {processor.py:830} INFO - Processing file /home/airflow/.local/lib/python3.12/site-packages/airflow/example_dags/example_bash_decorator.py for tasks to queue
[2024-06-18T02:22:16.183+0000] {logging_mixin.py:188} INFO - [2024-06-18T02:22:16.182+0000] {dagbag.py:545} INFO - Filling up the DagBag from /home/airflow/.local/lib/python3.12/site-packages/airflow/example_dags/example_bash_decorator.py
[2024-06-18T02:22:16.202+0000] {processor.py:840} INFO - DAG(s) 'example_bash_decorator' retrieved from /home/airflow/.local/lib/python3.12/site-packages/airflow/example_dags/example_bash_decorator.py
[2024-06-18T02:22:16.246+0000] {logging_mixin.py:188} INFO - [2024-06-18T02:22:16.246+0000] {dag.py:3096} INFO - Sync 1 DAGs
[2024-06-18T02:22:16.266+0000] {logging_mixin.py:188} INFO - [2024-06-18T02:22:16.265+0000] {dag.py:3954} INFO - Setting next_dagrun for example_bash_decorator to None, run_after=None
[2024-06-18T02:22:16.300+0000] {processor.py:183} INFO - Processing /home/airflow/.local/lib/python3.12/site-packages/airflow/example_dags/example_bash_decorator.py took 0.127 seconds
[2024-06-18T02:22:46.904+0000] {processor.py:161} INFO - Started process (PID=65331) to work on /home/airflow/.local/lib/python3.12/site-packages/airflow/example_dags/example_bash_decorator.py
[2024-06-18T02:22:46.905+0000] {processor.py:830} INFO - Processing file /home/airflow/.local/lib/python3.12/site-packages/airflow/example_dags/example_bash_decorator.py for tasks to queue
[2024-06-18T02:22:46.906+0000] {logging_mixin.py:188} INFO - [2024-06-18T02:22:46.906+0000] {dagbag.py:545} INFO - Filling up the DagBag from /home/airflow/.local/lib/python3.12/site-packages/airflow/example_dags/example_bash_decorator.py
[2024-06-18T02:22:46.920+0000] {processor.py:840} INFO - DAG(s) 'example_bash_decorator' retrieved from /home/airflow/.local/lib/python3.12/site-packages/airflow/example_dags/example_bash_decorator.py
[2024-06-18T02:22:46.951+0000] {logging_mixin.py:188} INFO - [2024-06-18T02:22:46.951+0000] {dag.py:3096} INFO - Sync 1 DAGs
[2024-06-18T02:22:46.966+0000] {logging_mixin.py:188} INFO - [2024-06-18T02:22:46.966+0000] {dag.py:3954} INFO - Setting next_dagrun for example_bash_decorator to None, run_after=None
[2024-06-18T02:22:46.994+0000] {processor.py:183} INFO - Processing /home/airflow/.local/lib/python3.12/site-packages/airflow/example_dags/example_bash_decorator.py took 0.095 seconds
[2024-06-18T02:23:17.549+0000] {processor.py:161} INFO - Started process (PID=65390) to work on /home/airflow/.local/lib/python3.12/site-packages/airflow/example_dags/example_bash_decorator.py
[2024-06-18T02:23:17.551+0000] {processor.py:830} INFO - Processing file /home/airflow/.local/lib/python3.12/site-packages/airflow/example_dags/example_bash_decorator.py for tasks to queue
[2024-06-18T02:23:17.552+0000] {logging_mixin.py:188} INFO - [2024-06-18T02:23:17.551+0000] {dagbag.py:545} INFO - Filling up the DagBag from /home/airflow/.local/lib/python3.12/site-packages/airflow/example_dags/example_bash_decorator.py
[2024-06-18T02:23:17.572+0000] {processor.py:840} INFO - DAG(s) 'example_bash_decorator' retrieved from /home/airflow/.local/lib/python3.12/site-packages/airflow/example_dags/example_bash_decorator.py
[2024-06-18T02:23:17.603+0000] {logging_mixin.py:188} INFO - [2024-06-18T02:23:17.603+0000] {dag.py:3096} INFO - Sync 1 DAGs
[2024-06-18T02:23:17.619+0000] {logging_mixin.py:188} INFO - [2024-06-18T02:23:17.619+0000] {dag.py:3954} INFO - Setting next_dagrun for example_bash_decorator to None, run_after=None
[2024-06-18T02:23:17.644+0000] {processor.py:183} INFO - Processing /home/airflow/.local/lib/python3.12/site-packages/airflow/example_dags/example_bash_decorator.py took 0.102 seconds
[2024-06-18T02:23:48.039+0000] {processor.py:161} INFO - Started process (PID=65448) to work on /home/airflow/.local/lib/python3.12/site-packages/airflow/example_dags/example_bash_decorator.py
[2024-06-18T02:23:48.041+0000] {processor.py:830} INFO - Processing file /home/airflow/.local/lib/python3.12/site-packages/airflow/example_dags/example_bash_decorator.py for tasks to queue
[2024-06-18T02:23:48.041+0000] {logging_mixin.py:188} INFO - [2024-06-18T02:23:48.041+0000] {dagbag.py:545} INFO - Filling up the DagBag from /home/airflow/.local/lib/python3.12/site-packages/airflow/example_dags/example_bash_decorator.py
[2024-06-18T02:23:48.062+0000] {processor.py:840} INFO - DAG(s) 'example_bash_decorator' retrieved from /home/airflow/.local/lib/python3.12/site-packages/airflow/example_dags/example_bash_decorator.py
[2024-06-18T02:23:48.094+0000] {logging_mixin.py:188} INFO - [2024-06-18T02:23:48.094+0000] {dag.py:3096} INFO - Sync 1 DAGs
[2024-06-18T02:23:48.108+0000] {logging_mixin.py:188} INFO - [2024-06-18T02:23:48.108+0000] {dag.py:3954} INFO - Setting next_dagrun for example_bash_decorator to None, run_after=None
[2024-06-18T02:23:48.131+0000] {processor.py:183} INFO - Processing /home/airflow/.local/lib/python3.12/site-packages/airflow/example_dags/example_bash_decorator.py took 0.099 seconds
[2024-06-18T02:24:19.202+0000] {processor.py:161} INFO - Started process (PID=65506) to work on /home/airflow/.local/lib/python3.12/site-packages/airflow/example_dags/example_bash_decorator.py
[2024-06-18T02:24:19.203+0000] {processor.py:830} INFO - Processing file /home/airflow/.local/lib/python3.12/site-packages/airflow/example_dags/example_bash_decorator.py for tasks to queue
[2024-06-18T02:24:19.204+0000] {logging_mixin.py:188} INFO - [2024-06-18T02:24:19.203+0000] {dagbag.py:545} INFO - Filling up the DagBag from /home/airflow/.local/lib/python3.12/site-packages/airflow/example_dags/example_bash_decorator.py
[2024-06-18T02:24:19.222+0000] {processor.py:840} INFO - DAG(s) 'example_bash_decorator' retrieved from /home/airflow/.local/lib/python3.12/site-packages/airflow/example_dags/example_bash_decorator.py
[2024-06-18T02:24:19.250+0000] {logging_mixin.py:188} INFO - [2024-06-18T02:24:19.250+0000] {dag.py:3096} INFO - Sync 1 DAGs
[2024-06-18T02:24:19.270+0000] {logging_mixin.py:188} INFO - [2024-06-18T02:24:19.270+0000] {dag.py:3954} INFO - Setting next_dagrun for example_bash_decorator to None, run_after=None
[2024-06-18T02:24:19.302+0000] {processor.py:183} INFO - Processing /home/airflow/.local/lib/python3.12/site-packages/airflow/example_dags/example_bash_decorator.py took 0.106 seconds
[2024-06-18T02:24:50.274+0000] {processor.py:161} INFO - Started process (PID=65564) to work on /home/airflow/.local/lib/python3.12/site-packages/airflow/example_dags/example_bash_decorator.py
[2024-06-18T02:24:50.275+0000] {processor.py:830} INFO - Processing file /home/airflow/.local/lib/python3.12/site-packages/airflow/example_dags/example_bash_decorator.py for tasks to queue
[2024-06-18T02:24:50.276+0000] {logging_mixin.py:188} INFO - [2024-06-18T02:24:50.276+0000] {dagbag.py:545} INFO - Filling up the DagBag from /home/airflow/.local/lib/python3.12/site-packages/airflow/example_dags/example_bash_decorator.py
[2024-06-18T02:24:50.292+0000] {processor.py:840} INFO - DAG(s) 'example_bash_decorator' retrieved from /home/airflow/.local/lib/python3.12/site-packages/airflow/example_dags/example_bash_decorator.py
[2024-06-18T02:24:50.319+0000] {logging_mixin.py:188} INFO - [2024-06-18T02:24:50.318+0000] {dag.py:3096} INFO - Sync 1 DAGs
[2024-06-18T02:24:50.334+0000] {logging_mixin.py:188} INFO - [2024-06-18T02:24:50.333+0000] {dag.py:3954} INFO - Setting next_dagrun for example_bash_decorator to None, run_after=None
[2024-06-18T02:24:50.353+0000] {processor.py:183} INFO - Processing /home/airflow/.local/lib/python3.12/site-packages/airflow/example_dags/example_bash_decorator.py took 0.088 seconds
[2024-06-18T02:25:20.651+0000] {processor.py:161} INFO - Started process (PID=65622) to work on /home/airflow/.local/lib/python3.12/site-packages/airflow/example_dags/example_bash_decorator.py
[2024-06-18T02:25:20.652+0000] {processor.py:830} INFO - Processing file /home/airflow/.local/lib/python3.12/site-packages/airflow/example_dags/example_bash_decorator.py for tasks to queue
[2024-06-18T02:25:20.654+0000] {logging_mixin.py:188} INFO - [2024-06-18T02:25:20.653+0000] {dagbag.py:545} INFO - Filling up the DagBag from /home/airflow/.local/lib/python3.12/site-packages/airflow/example_dags/example_bash_decorator.py
[2024-06-18T02:25:20.674+0000] {processor.py:840} INFO - DAG(s) 'example_bash_decorator' retrieved from /home/airflow/.local/lib/python3.12/site-packages/airflow/example_dags/example_bash_decorator.py
[2024-06-18T02:25:20.710+0000] {logging_mixin.py:188} INFO - [2024-06-18T02:25:20.710+0000] {dag.py:3096} INFO - Sync 1 DAGs
[2024-06-18T02:25:20.732+0000] {logging_mixin.py:188} INFO - [2024-06-18T02:25:20.732+0000] {dag.py:3954} INFO - Setting next_dagrun for example_bash_decorator to None, run_after=None
[2024-06-18T02:25:20.756+0000] {processor.py:183} INFO - Processing /home/airflow/.local/lib/python3.12/site-packages/airflow/example_dags/example_bash_decorator.py took 0.113 seconds
[2024-06-18T02:25:51.058+0000] {processor.py:161} INFO - Started process (PID=65680) to work on /home/airflow/.local/lib/python3.12/site-packages/airflow/example_dags/example_bash_decorator.py
[2024-06-18T02:25:51.060+0000] {processor.py:830} INFO - Processing file /home/airflow/.local/lib/python3.12/site-packages/airflow/example_dags/example_bash_decorator.py for tasks to queue
[2024-06-18T02:25:51.061+0000] {logging_mixin.py:188} INFO - [2024-06-18T02:25:51.060+0000] {dagbag.py:545} INFO - Filling up the DagBag from /home/airflow/.local/lib/python3.12/site-packages/airflow/example_dags/example_bash_decorator.py
[2024-06-18T02:25:51.078+0000] {processor.py:840} INFO - DAG(s) 'example_bash_decorator' retrieved from /home/airflow/.local/lib/python3.12/site-packages/airflow/example_dags/example_bash_decorator.py
[2024-06-18T02:25:51.109+0000] {logging_mixin.py:188} INFO - [2024-06-18T02:25:51.109+0000] {dag.py:3096} INFO - Sync 1 DAGs
[2024-06-18T02:25:51.129+0000] {logging_mixin.py:188} INFO - [2024-06-18T02:25:51.128+0000] {dag.py:3954} INFO - Setting next_dagrun for example_bash_decorator to None, run_after=None
[2024-06-18T02:25:51.159+0000] {processor.py:183} INFO - Processing /home/airflow/.local/lib/python3.12/site-packages/airflow/example_dags/example_bash_decorator.py took 0.110 seconds
[2024-06-18T02:26:21.373+0000] {processor.py:161} INFO - Started process (PID=65738) to work on /home/airflow/.local/lib/python3.12/site-packages/airflow/example_dags/example_bash_decorator.py
[2024-06-18T02:26:21.376+0000] {processor.py:830} INFO - Processing file /home/airflow/.local/lib/python3.12/site-packages/airflow/example_dags/example_bash_decorator.py for tasks to queue
[2024-06-18T02:26:21.379+0000] {logging_mixin.py:188} INFO - [2024-06-18T02:26:21.378+0000] {dagbag.py:545} INFO - Filling up the DagBag from /home/airflow/.local/lib/python3.12/site-packages/airflow/example_dags/example_bash_decorator.py
[2024-06-18T02:26:21.411+0000] {processor.py:840} INFO - DAG(s) 'example_bash_decorator' retrieved from /home/airflow/.local/lib/python3.12/site-packages/airflow/example_dags/example_bash_decorator.py
[2024-06-18T02:26:21.443+0000] {logging_mixin.py:188} INFO - [2024-06-18T02:26:21.443+0000] {dag.py:3096} INFO - Sync 1 DAGs
[2024-06-18T02:26:21.461+0000] {logging_mixin.py:188} INFO - [2024-06-18T02:26:21.461+0000] {dag.py:3954} INFO - Setting next_dagrun for example_bash_decorator to None, run_after=None
[2024-06-18T02:26:21.486+0000] {processor.py:183} INFO - Processing /home/airflow/.local/lib/python3.12/site-packages/airflow/example_dags/example_bash_decorator.py took 0.123 seconds
[2024-06-18T02:26:51.947+0000] {processor.py:161} INFO - Started process (PID=65797) to work on /home/airflow/.local/lib/python3.12/site-packages/airflow/example_dags/example_bash_decorator.py
[2024-06-18T02:26:51.949+0000] {processor.py:830} INFO - Processing file /home/airflow/.local/lib/python3.12/site-packages/airflow/example_dags/example_bash_decorator.py for tasks to queue
[2024-06-18T02:26:51.951+0000] {logging_mixin.py:188} INFO - [2024-06-18T02:26:51.950+0000] {dagbag.py:545} INFO - Filling up the DagBag from /home/airflow/.local/lib/python3.12/site-packages/airflow/example_dags/example_bash_decorator.py
[2024-06-18T02:26:51.972+0000] {processor.py:840} INFO - DAG(s) 'example_bash_decorator' retrieved from /home/airflow/.local/lib/python3.12/site-packages/airflow/example_dags/example_bash_decorator.py
[2024-06-18T02:26:52.097+0000] {logging_mixin.py:188} INFO - [2024-06-18T02:26:52.097+0000] {dag.py:3096} INFO - Sync 1 DAGs
[2024-06-18T02:26:52.143+0000] {logging_mixin.py:188} INFO - [2024-06-18T02:26:52.142+0000] {dag.py:3954} INFO - Setting next_dagrun for example_bash_decorator to None, run_after=None
[2024-06-18T02:26:52.176+0000] {processor.py:183} INFO - Processing /home/airflow/.local/lib/python3.12/site-packages/airflow/example_dags/example_bash_decorator.py took 0.236 seconds
[2024-06-18T02:27:22.393+0000] {processor.py:161} INFO - Started process (PID=65855) to work on /home/airflow/.local/lib/python3.12/site-packages/airflow/example_dags/example_bash_decorator.py
[2024-06-18T02:27:22.394+0000] {processor.py:830} INFO - Processing file /home/airflow/.local/lib/python3.12/site-packages/airflow/example_dags/example_bash_decorator.py for tasks to queue
[2024-06-18T02:27:22.395+0000] {logging_mixin.py:188} INFO - [2024-06-18T02:27:22.395+0000] {dagbag.py:545} INFO - Filling up the DagBag from /home/airflow/.local/lib/python3.12/site-packages/airflow/example_dags/example_bash_decorator.py
[2024-06-18T02:27:22.410+0000] {processor.py:840} INFO - DAG(s) 'example_bash_decorator' retrieved from /home/airflow/.local/lib/python3.12/site-packages/airflow/example_dags/example_bash_decorator.py
[2024-06-18T02:27:22.438+0000] {logging_mixin.py:188} INFO - [2024-06-18T02:27:22.437+0000] {dag.py:3096} INFO - Sync 1 DAGs
[2024-06-18T02:27:22.458+0000] {logging_mixin.py:188} INFO - [2024-06-18T02:27:22.457+0000] {dag.py:3954} INFO - Setting next_dagrun for example_bash_decorator to None, run_after=None
[2024-06-18T02:27:22.490+0000] {processor.py:183} INFO - Processing /home/airflow/.local/lib/python3.12/site-packages/airflow/example_dags/example_bash_decorator.py took 0.106 seconds
[2024-06-18T02:27:52.643+0000] {processor.py:161} INFO - Started process (PID=65913) to work on /home/airflow/.local/lib/python3.12/site-packages/airflow/example_dags/example_bash_decorator.py
[2024-06-18T02:27:52.649+0000] {processor.py:830} INFO - Processing file /home/airflow/.local/lib/python3.12/site-packages/airflow/example_dags/example_bash_decorator.py for tasks to queue
[2024-06-18T02:27:52.650+0000] {logging_mixin.py:188} INFO - [2024-06-18T02:27:52.649+0000] {dagbag.py:545} INFO - Filling up the DagBag from /home/airflow/.local/lib/python3.12/site-packages/airflow/example_dags/example_bash_decorator.py
[2024-06-18T02:27:52.663+0000] {processor.py:840} INFO - DAG(s) 'example_bash_decorator' retrieved from /home/airflow/.local/lib/python3.12/site-packages/airflow/example_dags/example_bash_decorator.py
[2024-06-18T02:27:52.695+0000] {logging_mixin.py:188} INFO - [2024-06-18T02:27:52.695+0000] {dag.py:3096} INFO - Sync 1 DAGs
[2024-06-18T02:27:52.710+0000] {logging_mixin.py:188} INFO - [2024-06-18T02:27:52.710+0000] {dag.py:3954} INFO - Setting next_dagrun for example_bash_decorator to None, run_after=None
[2024-06-18T02:27:52.729+0000] {processor.py:183} INFO - Processing /home/airflow/.local/lib/python3.12/site-packages/airflow/example_dags/example_bash_decorator.py took 0.093 seconds
[2024-06-18T02:28:23.025+0000] {processor.py:161} INFO - Started process (PID=65971) to work on /home/airflow/.local/lib/python3.12/site-packages/airflow/example_dags/example_bash_decorator.py
[2024-06-18T02:28:23.027+0000] {processor.py:830} INFO - Processing file /home/airflow/.local/lib/python3.12/site-packages/airflow/example_dags/example_bash_decorator.py for tasks to queue
[2024-06-18T02:28:23.027+0000] {logging_mixin.py:188} INFO - [2024-06-18T02:28:23.027+0000] {dagbag.py:545} INFO - Filling up the DagBag from /home/airflow/.local/lib/python3.12/site-packages/airflow/example_dags/example_bash_decorator.py
[2024-06-18T02:28:23.041+0000] {processor.py:840} INFO - DAG(s) 'example_bash_decorator' retrieved from /home/airflow/.local/lib/python3.12/site-packages/airflow/example_dags/example_bash_decorator.py
[2024-06-18T02:28:23.067+0000] {logging_mixin.py:188} INFO - [2024-06-18T02:28:23.066+0000] {dag.py:3096} INFO - Sync 1 DAGs
[2024-06-18T02:28:23.081+0000] {logging_mixin.py:188} INFO - [2024-06-18T02:28:23.081+0000] {dag.py:3954} INFO - Setting next_dagrun for example_bash_decorator to None, run_after=None
[2024-06-18T02:28:23.102+0000] {processor.py:183} INFO - Processing /home/airflow/.local/lib/python3.12/site-packages/airflow/example_dags/example_bash_decorator.py took 0.084 seconds
[2024-06-18T02:28:53.328+0000] {processor.py:161} INFO - Started process (PID=66030) to work on /home/airflow/.local/lib/python3.12/site-packages/airflow/example_dags/example_bash_decorator.py
[2024-06-18T02:28:53.329+0000] {processor.py:830} INFO - Processing file /home/airflow/.local/lib/python3.12/site-packages/airflow/example_dags/example_bash_decorator.py for tasks to queue
[2024-06-18T02:28:53.330+0000] {logging_mixin.py:188} INFO - [2024-06-18T02:28:53.330+0000] {dagbag.py:545} INFO - Filling up the DagBag from /home/airflow/.local/lib/python3.12/site-packages/airflow/example_dags/example_bash_decorator.py
[2024-06-18T02:28:53.346+0000] {processor.py:840} INFO - DAG(s) 'example_bash_decorator' retrieved from /home/airflow/.local/lib/python3.12/site-packages/airflow/example_dags/example_bash_decorator.py
[2024-06-18T02:28:53.373+0000] {logging_mixin.py:188} INFO - [2024-06-18T02:28:53.373+0000] {dag.py:3096} INFO - Sync 1 DAGs
[2024-06-18T02:28:53.389+0000] {logging_mixin.py:188} INFO - [2024-06-18T02:28:53.388+0000] {dag.py:3954} INFO - Setting next_dagrun for example_bash_decorator to None, run_after=None
[2024-06-18T02:28:53.411+0000] {processor.py:183} INFO - Processing /home/airflow/.local/lib/python3.12/site-packages/airflow/example_dags/example_bash_decorator.py took 0.089 seconds
[2024-06-18T02:29:24.036+0000] {processor.py:161} INFO - Started process (PID=66088) to work on /home/airflow/.local/lib/python3.12/site-packages/airflow/example_dags/example_bash_decorator.py
[2024-06-18T02:29:24.037+0000] {processor.py:830} INFO - Processing file /home/airflow/.local/lib/python3.12/site-packages/airflow/example_dags/example_bash_decorator.py for tasks to queue
[2024-06-18T02:29:24.038+0000] {logging_mixin.py:188} INFO - [2024-06-18T02:29:24.038+0000] {dagbag.py:545} INFO - Filling up the DagBag from /home/airflow/.local/lib/python3.12/site-packages/airflow/example_dags/example_bash_decorator.py
[2024-06-18T02:29:24.057+0000] {processor.py:840} INFO - DAG(s) 'example_bash_decorator' retrieved from /home/airflow/.local/lib/python3.12/site-packages/airflow/example_dags/example_bash_decorator.py
[2024-06-18T02:29:24.081+0000] {logging_mixin.py:188} INFO - [2024-06-18T02:29:24.081+0000] {dag.py:3096} INFO - Sync 1 DAGs
[2024-06-18T02:29:24.095+0000] {logging_mixin.py:188} INFO - [2024-06-18T02:29:24.095+0000] {dag.py:3954} INFO - Setting next_dagrun for example_bash_decorator to None, run_after=None
[2024-06-18T02:29:24.116+0000] {processor.py:183} INFO - Processing /home/airflow/.local/lib/python3.12/site-packages/airflow/example_dags/example_bash_decorator.py took 0.087 seconds
[2024-06-18T02:29:55.011+0000] {processor.py:161} INFO - Started process (PID=66146) to work on /home/airflow/.local/lib/python3.12/site-packages/airflow/example_dags/example_bash_decorator.py
[2024-06-18T02:29:55.012+0000] {processor.py:830} INFO - Processing file /home/airflow/.local/lib/python3.12/site-packages/airflow/example_dags/example_bash_decorator.py for tasks to queue
[2024-06-18T02:29:55.013+0000] {logging_mixin.py:188} INFO - [2024-06-18T02:29:55.012+0000] {dagbag.py:545} INFO - Filling up the DagBag from /home/airflow/.local/lib/python3.12/site-packages/airflow/example_dags/example_bash_decorator.py
[2024-06-18T02:29:55.030+0000] {processor.py:840} INFO - DAG(s) 'example_bash_decorator' retrieved from /home/airflow/.local/lib/python3.12/site-packages/airflow/example_dags/example_bash_decorator.py
[2024-06-18T02:29:55.055+0000] {logging_mixin.py:188} INFO - [2024-06-18T02:29:55.055+0000] {dag.py:3096} INFO - Sync 1 DAGs
[2024-06-18T02:29:55.070+0000] {logging_mixin.py:188} INFO - [2024-06-18T02:29:55.070+0000] {dag.py:3954} INFO - Setting next_dagrun for example_bash_decorator to None, run_after=None
[2024-06-18T02:29:55.093+0000] {processor.py:183} INFO - Processing /home/airflow/.local/lib/python3.12/site-packages/airflow/example_dags/example_bash_decorator.py took 0.090 seconds
[2024-06-18T02:30:25.799+0000] {processor.py:161} INFO - Started process (PID=66204) to work on /home/airflow/.local/lib/python3.12/site-packages/airflow/example_dags/example_bash_decorator.py
[2024-06-18T02:30:25.800+0000] {processor.py:830} INFO - Processing file /home/airflow/.local/lib/python3.12/site-packages/airflow/example_dags/example_bash_decorator.py for tasks to queue
[2024-06-18T02:30:25.801+0000] {logging_mixin.py:188} INFO - [2024-06-18T02:30:25.800+0000] {dagbag.py:545} INFO - Filling up the DagBag from /home/airflow/.local/lib/python3.12/site-packages/airflow/example_dags/example_bash_decorator.py
[2024-06-18T02:30:25.814+0000] {processor.py:840} INFO - DAG(s) 'example_bash_decorator' retrieved from /home/airflow/.local/lib/python3.12/site-packages/airflow/example_dags/example_bash_decorator.py
[2024-06-18T02:30:25.841+0000] {logging_mixin.py:188} INFO - [2024-06-18T02:30:25.841+0000] {dag.py:3096} INFO - Sync 1 DAGs
[2024-06-18T02:30:25.859+0000] {logging_mixin.py:188} INFO - [2024-06-18T02:30:25.859+0000] {dag.py:3954} INFO - Setting next_dagrun for example_bash_decorator to None, run_after=None
[2024-06-18T02:30:25.886+0000] {processor.py:183} INFO - Processing /home/airflow/.local/lib/python3.12/site-packages/airflow/example_dags/example_bash_decorator.py took 0.093 seconds
[2024-06-18T02:30:56.086+0000] {processor.py:161} INFO - Started process (PID=66262) to work on /home/airflow/.local/lib/python3.12/site-packages/airflow/example_dags/example_bash_decorator.py
[2024-06-18T02:30:56.088+0000] {processor.py:830} INFO - Processing file /home/airflow/.local/lib/python3.12/site-packages/airflow/example_dags/example_bash_decorator.py for tasks to queue
[2024-06-18T02:30:56.088+0000] {logging_mixin.py:188} INFO - [2024-06-18T02:30:56.088+0000] {dagbag.py:545} INFO - Filling up the DagBag from /home/airflow/.local/lib/python3.12/site-packages/airflow/example_dags/example_bash_decorator.py
[2024-06-18T02:30:56.102+0000] {processor.py:840} INFO - DAG(s) 'example_bash_decorator' retrieved from /home/airflow/.local/lib/python3.12/site-packages/airflow/example_dags/example_bash_decorator.py
[2024-06-18T02:30:56.130+0000] {logging_mixin.py:188} INFO - [2024-06-18T02:30:56.130+0000] {dag.py:3096} INFO - Sync 1 DAGs
[2024-06-18T02:30:56.142+0000] {logging_mixin.py:188} INFO - [2024-06-18T02:30:56.142+0000] {dag.py:3954} INFO - Setting next_dagrun for example_bash_decorator to None, run_after=None
[2024-06-18T02:30:56.163+0000] {processor.py:183} INFO - Processing /home/airflow/.local/lib/python3.12/site-packages/airflow/example_dags/example_bash_decorator.py took 0.082 seconds
[2024-06-18T02:31:26.513+0000] {processor.py:161} INFO - Started process (PID=66320) to work on /home/airflow/.local/lib/python3.12/site-packages/airflow/example_dags/example_bash_decorator.py
[2024-06-18T02:31:26.514+0000] {processor.py:830} INFO - Processing file /home/airflow/.local/lib/python3.12/site-packages/airflow/example_dags/example_bash_decorator.py for tasks to queue
[2024-06-18T02:31:26.515+0000] {logging_mixin.py:188} INFO - [2024-06-18T02:31:26.515+0000] {dagbag.py:545} INFO - Filling up the DagBag from /home/airflow/.local/lib/python3.12/site-packages/airflow/example_dags/example_bash_decorator.py
[2024-06-18T02:31:26.532+0000] {processor.py:840} INFO - DAG(s) 'example_bash_decorator' retrieved from /home/airflow/.local/lib/python3.12/site-packages/airflow/example_dags/example_bash_decorator.py
[2024-06-18T02:31:26.557+0000] {logging_mixin.py:188} INFO - [2024-06-18T02:31:26.557+0000] {dag.py:3096} INFO - Sync 1 DAGs
[2024-06-18T02:31:26.569+0000] {logging_mixin.py:188} INFO - [2024-06-18T02:31:26.569+0000] {dag.py:3954} INFO - Setting next_dagrun for example_bash_decorator to None, run_after=None
[2024-06-18T02:31:26.588+0000] {processor.py:183} INFO - Processing /home/airflow/.local/lib/python3.12/site-packages/airflow/example_dags/example_bash_decorator.py took 0.083 seconds
[2024-06-18T02:31:57.128+0000] {processor.py:161} INFO - Started process (PID=66378) to work on /home/airflow/.local/lib/python3.12/site-packages/airflow/example_dags/example_bash_decorator.py
[2024-06-18T02:31:57.129+0000] {processor.py:830} INFO - Processing file /home/airflow/.local/lib/python3.12/site-packages/airflow/example_dags/example_bash_decorator.py for tasks to queue
[2024-06-18T02:31:57.130+0000] {logging_mixin.py:188} INFO - [2024-06-18T02:31:57.130+0000] {dagbag.py:545} INFO - Filling up the DagBag from /home/airflow/.local/lib/python3.12/site-packages/airflow/example_dags/example_bash_decorator.py
[2024-06-18T02:31:57.145+0000] {processor.py:840} INFO - DAG(s) 'example_bash_decorator' retrieved from /home/airflow/.local/lib/python3.12/site-packages/airflow/example_dags/example_bash_decorator.py
[2024-06-18T02:31:57.172+0000] {logging_mixin.py:188} INFO - [2024-06-18T02:31:57.172+0000] {dag.py:3096} INFO - Sync 1 DAGs
[2024-06-18T02:31:57.186+0000] {logging_mixin.py:188} INFO - [2024-06-18T02:31:57.186+0000] {dag.py:3954} INFO - Setting next_dagrun for example_bash_decorator to None, run_after=None
[2024-06-18T02:31:57.206+0000] {processor.py:183} INFO - Processing /home/airflow/.local/lib/python3.12/site-packages/airflow/example_dags/example_bash_decorator.py took 0.085 seconds
[2024-06-18T02:32:27.976+0000] {processor.py:161} INFO - Started process (PID=66436) to work on /home/airflow/.local/lib/python3.12/site-packages/airflow/example_dags/example_bash_decorator.py
[2024-06-18T02:32:27.977+0000] {processor.py:830} INFO - Processing file /home/airflow/.local/lib/python3.12/site-packages/airflow/example_dags/example_bash_decorator.py for tasks to queue
[2024-06-18T02:32:27.979+0000] {logging_mixin.py:188} INFO - [2024-06-18T02:32:27.978+0000] {dagbag.py:545} INFO - Filling up the DagBag from /home/airflow/.local/lib/python3.12/site-packages/airflow/example_dags/example_bash_decorator.py
[2024-06-18T02:32:27.998+0000] {processor.py:840} INFO - DAG(s) 'example_bash_decorator' retrieved from /home/airflow/.local/lib/python3.12/site-packages/airflow/example_dags/example_bash_decorator.py
[2024-06-18T02:32:28.026+0000] {logging_mixin.py:188} INFO - [2024-06-18T02:32:28.026+0000] {dag.py:3096} INFO - Sync 1 DAGs
[2024-06-18T02:32:28.041+0000] {logging_mixin.py:188} INFO - [2024-06-18T02:32:28.041+0000] {dag.py:3954} INFO - Setting next_dagrun for example_bash_decorator to None, run_after=None
[2024-06-18T02:32:28.062+0000] {processor.py:183} INFO - Processing /home/airflow/.local/lib/python3.12/site-packages/airflow/example_dags/example_bash_decorator.py took 0.094 seconds
[2024-06-18T02:32:58.617+0000] {processor.py:161} INFO - Started process (PID=66494) to work on /home/airflow/.local/lib/python3.12/site-packages/airflow/example_dags/example_bash_decorator.py
[2024-06-18T02:32:58.619+0000] {processor.py:830} INFO - Processing file /home/airflow/.local/lib/python3.12/site-packages/airflow/example_dags/example_bash_decorator.py for tasks to queue
[2024-06-18T02:32:58.620+0000] {logging_mixin.py:188} INFO - [2024-06-18T02:32:58.620+0000] {dagbag.py:545} INFO - Filling up the DagBag from /home/airflow/.local/lib/python3.12/site-packages/airflow/example_dags/example_bash_decorator.py
[2024-06-18T02:32:58.640+0000] {processor.py:840} INFO - DAG(s) 'example_bash_decorator' retrieved from /home/airflow/.local/lib/python3.12/site-packages/airflow/example_dags/example_bash_decorator.py
[2024-06-18T02:32:58.668+0000] {logging_mixin.py:188} INFO - [2024-06-18T02:32:58.667+0000] {dag.py:3096} INFO - Sync 1 DAGs
[2024-06-18T02:32:58.681+0000] {logging_mixin.py:188} INFO - [2024-06-18T02:32:58.681+0000] {dag.py:3954} INFO - Setting next_dagrun for example_bash_decorator to None, run_after=None
[2024-06-18T02:32:58.702+0000] {processor.py:183} INFO - Processing /home/airflow/.local/lib/python3.12/site-packages/airflow/example_dags/example_bash_decorator.py took 0.091 seconds
[2024-06-18T02:33:29.363+0000] {processor.py:161} INFO - Started process (PID=66552) to work on /home/airflow/.local/lib/python3.12/site-packages/airflow/example_dags/example_bash_decorator.py
[2024-06-18T02:33:29.364+0000] {processor.py:830} INFO - Processing file /home/airflow/.local/lib/python3.12/site-packages/airflow/example_dags/example_bash_decorator.py for tasks to queue
[2024-06-18T02:33:29.365+0000] {logging_mixin.py:188} INFO - [2024-06-18T02:33:29.365+0000] {dagbag.py:545} INFO - Filling up the DagBag from /home/airflow/.local/lib/python3.12/site-packages/airflow/example_dags/example_bash_decorator.py
[2024-06-18T02:33:29.380+0000] {processor.py:840} INFO - DAG(s) 'example_bash_decorator' retrieved from /home/airflow/.local/lib/python3.12/site-packages/airflow/example_dags/example_bash_decorator.py
[2024-06-18T02:33:29.411+0000] {logging_mixin.py:188} INFO - [2024-06-18T02:33:29.411+0000] {dag.py:3096} INFO - Sync 1 DAGs
[2024-06-18T02:33:29.427+0000] {logging_mixin.py:188} INFO - [2024-06-18T02:33:29.427+0000] {dag.py:3954} INFO - Setting next_dagrun for example_bash_decorator to None, run_after=None
[2024-06-18T02:33:29.447+0000] {processor.py:183} INFO - Processing /home/airflow/.local/lib/python3.12/site-packages/airflow/example_dags/example_bash_decorator.py took 0.092 seconds
[2024-06-18T02:33:59.810+0000] {processor.py:161} INFO - Started process (PID=66610) to work on /home/airflow/.local/lib/python3.12/site-packages/airflow/example_dags/example_bash_decorator.py
[2024-06-18T02:33:59.812+0000] {processor.py:830} INFO - Processing file /home/airflow/.local/lib/python3.12/site-packages/airflow/example_dags/example_bash_decorator.py for tasks to queue
[2024-06-18T02:33:59.815+0000] {logging_mixin.py:188} INFO - [2024-06-18T02:33:59.814+0000] {dagbag.py:545} INFO - Filling up the DagBag from /home/airflow/.local/lib/python3.12/site-packages/airflow/example_dags/example_bash_decorator.py
[2024-06-18T02:33:59.837+0000] {processor.py:840} INFO - DAG(s) 'example_bash_decorator' retrieved from /home/airflow/.local/lib/python3.12/site-packages/airflow/example_dags/example_bash_decorator.py
[2024-06-18T02:33:59.876+0000] {logging_mixin.py:188} INFO - [2024-06-18T02:33:59.875+0000] {dag.py:3096} INFO - Sync 1 DAGs
[2024-06-18T02:33:59.894+0000] {logging_mixin.py:188} INFO - [2024-06-18T02:33:59.893+0000] {dag.py:3954} INFO - Setting next_dagrun for example_bash_decorator to None, run_after=None
[2024-06-18T02:33:59.922+0000] {processor.py:183} INFO - Processing /home/airflow/.local/lib/python3.12/site-packages/airflow/example_dags/example_bash_decorator.py took 0.122 seconds
[2024-06-18T02:34:30.189+0000] {processor.py:161} INFO - Started process (PID=66668) to work on /home/airflow/.local/lib/python3.12/site-packages/airflow/example_dags/example_bash_decorator.py
[2024-06-18T02:34:30.190+0000] {processor.py:830} INFO - Processing file /home/airflow/.local/lib/python3.12/site-packages/airflow/example_dags/example_bash_decorator.py for tasks to queue
[2024-06-18T02:34:30.191+0000] {logging_mixin.py:188} INFO - [2024-06-18T02:34:30.191+0000] {dagbag.py:545} INFO - Filling up the DagBag from /home/airflow/.local/lib/python3.12/site-packages/airflow/example_dags/example_bash_decorator.py
[2024-06-18T02:34:30.206+0000] {processor.py:840} INFO - DAG(s) 'example_bash_decorator' retrieved from /home/airflow/.local/lib/python3.12/site-packages/airflow/example_dags/example_bash_decorator.py
[2024-06-18T02:34:30.234+0000] {logging_mixin.py:188} INFO - [2024-06-18T02:34:30.233+0000] {dag.py:3096} INFO - Sync 1 DAGs
[2024-06-18T02:34:30.247+0000] {logging_mixin.py:188} INFO - [2024-06-18T02:34:30.247+0000] {dag.py:3954} INFO - Setting next_dagrun for example_bash_decorator to None, run_after=None
[2024-06-18T02:34:30.267+0000] {processor.py:183} INFO - Processing /home/airflow/.local/lib/python3.12/site-packages/airflow/example_dags/example_bash_decorator.py took 0.085 seconds
[2024-06-18T02:35:00.761+0000] {processor.py:161} INFO - Started process (PID=66726) to work on /home/airflow/.local/lib/python3.12/site-packages/airflow/example_dags/example_bash_decorator.py
[2024-06-18T02:35:00.763+0000] {processor.py:830} INFO - Processing file /home/airflow/.local/lib/python3.12/site-packages/airflow/example_dags/example_bash_decorator.py for tasks to queue
[2024-06-18T02:35:00.764+0000] {logging_mixin.py:188} INFO - [2024-06-18T02:35:00.764+0000] {dagbag.py:545} INFO - Filling up the DagBag from /home/airflow/.local/lib/python3.12/site-packages/airflow/example_dags/example_bash_decorator.py
[2024-06-18T02:35:00.783+0000] {processor.py:840} INFO - DAG(s) 'example_bash_decorator' retrieved from /home/airflow/.local/lib/python3.12/site-packages/airflow/example_dags/example_bash_decorator.py
[2024-06-18T02:35:00.826+0000] {logging_mixin.py:188} INFO - [2024-06-18T02:35:00.825+0000] {dag.py:3096} INFO - Sync 1 DAGs
[2024-06-18T02:35:00.845+0000] {logging_mixin.py:188} INFO - [2024-06-18T02:35:00.844+0000] {dag.py:3954} INFO - Setting next_dagrun for example_bash_decorator to None, run_after=None
[2024-06-18T02:35:00.866+0000] {processor.py:183} INFO - Processing /home/airflow/.local/lib/python3.12/site-packages/airflow/example_dags/example_bash_decorator.py took 0.114 seconds
[2024-06-18T02:35:31.093+0000] {processor.py:161} INFO - Started process (PID=66784) to work on /home/airflow/.local/lib/python3.12/site-packages/airflow/example_dags/example_bash_decorator.py
[2024-06-18T02:35:31.094+0000] {processor.py:830} INFO - Processing file /home/airflow/.local/lib/python3.12/site-packages/airflow/example_dags/example_bash_decorator.py for tasks to queue
[2024-06-18T02:35:31.095+0000] {logging_mixin.py:188} INFO - [2024-06-18T02:35:31.095+0000] {dagbag.py:545} INFO - Filling up the DagBag from /home/airflow/.local/lib/python3.12/site-packages/airflow/example_dags/example_bash_decorator.py
[2024-06-18T02:35:31.108+0000] {processor.py:840} INFO - DAG(s) 'example_bash_decorator' retrieved from /home/airflow/.local/lib/python3.12/site-packages/airflow/example_dags/example_bash_decorator.py
[2024-06-18T02:35:31.131+0000] {logging_mixin.py:188} INFO - [2024-06-18T02:35:31.131+0000] {dag.py:3096} INFO - Sync 1 DAGs
[2024-06-18T02:35:31.146+0000] {logging_mixin.py:188} INFO - [2024-06-18T02:35:31.145+0000] {dag.py:3954} INFO - Setting next_dagrun for example_bash_decorator to None, run_after=None
[2024-06-18T02:35:31.166+0000] {processor.py:183} INFO - Processing /home/airflow/.local/lib/python3.12/site-packages/airflow/example_dags/example_bash_decorator.py took 0.079 seconds
[2024-06-18T02:36:01.276+0000] {processor.py:161} INFO - Started process (PID=66842) to work on /home/airflow/.local/lib/python3.12/site-packages/airflow/example_dags/example_bash_decorator.py
[2024-06-18T02:36:01.277+0000] {processor.py:830} INFO - Processing file /home/airflow/.local/lib/python3.12/site-packages/airflow/example_dags/example_bash_decorator.py for tasks to queue
[2024-06-18T02:36:01.278+0000] {logging_mixin.py:188} INFO - [2024-06-18T02:36:01.278+0000] {dagbag.py:545} INFO - Filling up the DagBag from /home/airflow/.local/lib/python3.12/site-packages/airflow/example_dags/example_bash_decorator.py
[2024-06-18T02:36:01.294+0000] {processor.py:840} INFO - DAG(s) 'example_bash_decorator' retrieved from /home/airflow/.local/lib/python3.12/site-packages/airflow/example_dags/example_bash_decorator.py
[2024-06-18T02:36:01.320+0000] {logging_mixin.py:188} INFO - [2024-06-18T02:36:01.320+0000] {dag.py:3096} INFO - Sync 1 DAGs
[2024-06-18T02:36:01.337+0000] {logging_mixin.py:188} INFO - [2024-06-18T02:36:01.337+0000] {dag.py:3954} INFO - Setting next_dagrun for example_bash_decorator to None, run_after=None
[2024-06-18T02:36:01.356+0000] {processor.py:183} INFO - Processing /home/airflow/.local/lib/python3.12/site-packages/airflow/example_dags/example_bash_decorator.py took 0.086 seconds
[2024-06-18T02:36:31.414+0000] {processor.py:161} INFO - Started process (PID=66900) to work on /home/airflow/.local/lib/python3.12/site-packages/airflow/example_dags/example_bash_decorator.py
[2024-06-18T02:36:31.416+0000] {processor.py:830} INFO - Processing file /home/airflow/.local/lib/python3.12/site-packages/airflow/example_dags/example_bash_decorator.py for tasks to queue
[2024-06-18T02:36:31.417+0000] {logging_mixin.py:188} INFO - [2024-06-18T02:36:31.416+0000] {dagbag.py:545} INFO - Filling up the DagBag from /home/airflow/.local/lib/python3.12/site-packages/airflow/example_dags/example_bash_decorator.py
[2024-06-18T02:36:31.432+0000] {processor.py:840} INFO - DAG(s) 'example_bash_decorator' retrieved from /home/airflow/.local/lib/python3.12/site-packages/airflow/example_dags/example_bash_decorator.py
[2024-06-18T02:36:31.460+0000] {logging_mixin.py:188} INFO - [2024-06-18T02:36:31.460+0000] {dag.py:3096} INFO - Sync 1 DAGs
[2024-06-18T02:36:31.475+0000] {logging_mixin.py:188} INFO - [2024-06-18T02:36:31.475+0000] {dag.py:3954} INFO - Setting next_dagrun for example_bash_decorator to None, run_after=None
[2024-06-18T02:36:31.497+0000] {processor.py:183} INFO - Processing /home/airflow/.local/lib/python3.12/site-packages/airflow/example_dags/example_bash_decorator.py took 0.089 seconds
[2024-06-18T02:37:02.404+0000] {processor.py:161} INFO - Started process (PID=66958) to work on /home/airflow/.local/lib/python3.12/site-packages/airflow/example_dags/example_bash_decorator.py
[2024-06-18T02:37:02.406+0000] {processor.py:830} INFO - Processing file /home/airflow/.local/lib/python3.12/site-packages/airflow/example_dags/example_bash_decorator.py for tasks to queue
[2024-06-18T02:37:02.407+0000] {logging_mixin.py:188} INFO - [2024-06-18T02:37:02.406+0000] {dagbag.py:545} INFO - Filling up the DagBag from /home/airflow/.local/lib/python3.12/site-packages/airflow/example_dags/example_bash_decorator.py
[2024-06-18T02:37:02.423+0000] {processor.py:840} INFO - DAG(s) 'example_bash_decorator' retrieved from /home/airflow/.local/lib/python3.12/site-packages/airflow/example_dags/example_bash_decorator.py
[2024-06-18T02:37:02.447+0000] {logging_mixin.py:188} INFO - [2024-06-18T02:37:02.447+0000] {dag.py:3096} INFO - Sync 1 DAGs
[2024-06-18T02:37:02.460+0000] {logging_mixin.py:188} INFO - [2024-06-18T02:37:02.459+0000] {dag.py:3954} INFO - Setting next_dagrun for example_bash_decorator to None, run_after=None
[2024-06-18T02:37:02.480+0000] {processor.py:183} INFO - Processing /home/airflow/.local/lib/python3.12/site-packages/airflow/example_dags/example_bash_decorator.py took 0.083 seconds
[2024-06-18T02:37:33.625+0000] {processor.py:161} INFO - Started process (PID=67016) to work on /home/airflow/.local/lib/python3.12/site-packages/airflow/example_dags/example_bash_decorator.py
[2024-06-18T02:37:33.627+0000] {processor.py:830} INFO - Processing file /home/airflow/.local/lib/python3.12/site-packages/airflow/example_dags/example_bash_decorator.py for tasks to queue
[2024-06-18T02:37:33.629+0000] {logging_mixin.py:188} INFO - [2024-06-18T02:37:33.628+0000] {dagbag.py:545} INFO - Filling up the DagBag from /home/airflow/.local/lib/python3.12/site-packages/airflow/example_dags/example_bash_decorator.py
[2024-06-18T02:37:33.647+0000] {processor.py:840} INFO - DAG(s) 'example_bash_decorator' retrieved from /home/airflow/.local/lib/python3.12/site-packages/airflow/example_dags/example_bash_decorator.py
[2024-06-18T02:37:33.675+0000] {logging_mixin.py:188} INFO - [2024-06-18T02:37:33.675+0000] {dag.py:3096} INFO - Sync 1 DAGs
[2024-06-18T02:37:33.688+0000] {logging_mixin.py:188} INFO - [2024-06-18T02:37:33.687+0000] {dag.py:3954} INFO - Setting next_dagrun for example_bash_decorator to None, run_after=None
[2024-06-18T02:37:33.707+0000] {processor.py:183} INFO - Processing /home/airflow/.local/lib/python3.12/site-packages/airflow/example_dags/example_bash_decorator.py took 0.090 seconds
[2024-06-18T02:38:04.277+0000] {processor.py:161} INFO - Started process (PID=67074) to work on /home/airflow/.local/lib/python3.12/site-packages/airflow/example_dags/example_bash_decorator.py
[2024-06-18T02:38:04.278+0000] {processor.py:830} INFO - Processing file /home/airflow/.local/lib/python3.12/site-packages/airflow/example_dags/example_bash_decorator.py for tasks to queue
[2024-06-18T02:38:04.279+0000] {logging_mixin.py:188} INFO - [2024-06-18T02:38:04.279+0000] {dagbag.py:545} INFO - Filling up the DagBag from /home/airflow/.local/lib/python3.12/site-packages/airflow/example_dags/example_bash_decorator.py
[2024-06-18T02:38:04.296+0000] {processor.py:840} INFO - DAG(s) 'example_bash_decorator' retrieved from /home/airflow/.local/lib/python3.12/site-packages/airflow/example_dags/example_bash_decorator.py
[2024-06-18T02:38:04.320+0000] {logging_mixin.py:188} INFO - [2024-06-18T02:38:04.320+0000] {dag.py:3096} INFO - Sync 1 DAGs
[2024-06-18T02:38:04.333+0000] {logging_mixin.py:188} INFO - [2024-06-18T02:38:04.332+0000] {dag.py:3954} INFO - Setting next_dagrun for example_bash_decorator to None, run_after=None
[2024-06-18T02:38:04.351+0000] {processor.py:183} INFO - Processing /home/airflow/.local/lib/python3.12/site-packages/airflow/example_dags/example_bash_decorator.py took 0.080 seconds
[2024-06-18T02:38:34.733+0000] {processor.py:161} INFO - Started process (PID=67132) to work on /home/airflow/.local/lib/python3.12/site-packages/airflow/example_dags/example_bash_decorator.py
[2024-06-18T02:38:34.734+0000] {processor.py:830} INFO - Processing file /home/airflow/.local/lib/python3.12/site-packages/airflow/example_dags/example_bash_decorator.py for tasks to queue
[2024-06-18T02:38:34.735+0000] {logging_mixin.py:188} INFO - [2024-06-18T02:38:34.735+0000] {dagbag.py:545} INFO - Filling up the DagBag from /home/airflow/.local/lib/python3.12/site-packages/airflow/example_dags/example_bash_decorator.py
[2024-06-18T02:38:34.756+0000] {processor.py:840} INFO - DAG(s) 'example_bash_decorator' retrieved from /home/airflow/.local/lib/python3.12/site-packages/airflow/example_dags/example_bash_decorator.py
[2024-06-18T02:38:34.790+0000] {logging_mixin.py:188} INFO - [2024-06-18T02:38:34.790+0000] {dag.py:3096} INFO - Sync 1 DAGs
[2024-06-18T02:38:34.806+0000] {logging_mixin.py:188} INFO - [2024-06-18T02:38:34.806+0000] {dag.py:3954} INFO - Setting next_dagrun for example_bash_decorator to None, run_after=None
[2024-06-18T02:38:34.835+0000] {processor.py:183} INFO - Processing /home/airflow/.local/lib/python3.12/site-packages/airflow/example_dags/example_bash_decorator.py took 0.109 seconds
[2024-06-18T02:39:05.027+0000] {processor.py:161} INFO - Started process (PID=67190) to work on /home/airflow/.local/lib/python3.12/site-packages/airflow/example_dags/example_bash_decorator.py
[2024-06-18T02:39:05.029+0000] {processor.py:830} INFO - Processing file /home/airflow/.local/lib/python3.12/site-packages/airflow/example_dags/example_bash_decorator.py for tasks to queue
[2024-06-18T02:39:05.029+0000] {logging_mixin.py:188} INFO - [2024-06-18T02:39:05.029+0000] {dagbag.py:545} INFO - Filling up the DagBag from /home/airflow/.local/lib/python3.12/site-packages/airflow/example_dags/example_bash_decorator.py
[2024-06-18T02:39:05.043+0000] {processor.py:840} INFO - DAG(s) 'example_bash_decorator' retrieved from /home/airflow/.local/lib/python3.12/site-packages/airflow/example_dags/example_bash_decorator.py
[2024-06-18T02:39:05.070+0000] {logging_mixin.py:188} INFO - [2024-06-18T02:39:05.070+0000] {dag.py:3096} INFO - Sync 1 DAGs
[2024-06-18T02:39:05.084+0000] {logging_mixin.py:188} INFO - [2024-06-18T02:39:05.084+0000] {dag.py:3954} INFO - Setting next_dagrun for example_bash_decorator to None, run_after=None
[2024-06-18T02:39:05.106+0000] {processor.py:183} INFO - Processing /home/airflow/.local/lib/python3.12/site-packages/airflow/example_dags/example_bash_decorator.py took 0.085 seconds
[2024-06-18T02:39:36.034+0000] {processor.py:161} INFO - Started process (PID=67249) to work on /home/airflow/.local/lib/python3.12/site-packages/airflow/example_dags/example_bash_decorator.py
[2024-06-18T02:39:36.036+0000] {processor.py:830} INFO - Processing file /home/airflow/.local/lib/python3.12/site-packages/airflow/example_dags/example_bash_decorator.py for tasks to queue
[2024-06-18T02:39:36.036+0000] {logging_mixin.py:188} INFO - [2024-06-18T02:39:36.036+0000] {dagbag.py:545} INFO - Filling up the DagBag from /home/airflow/.local/lib/python3.12/site-packages/airflow/example_dags/example_bash_decorator.py
[2024-06-18T02:39:36.054+0000] {processor.py:840} INFO - DAG(s) 'example_bash_decorator' retrieved from /home/airflow/.local/lib/python3.12/site-packages/airflow/example_dags/example_bash_decorator.py
[2024-06-18T02:39:36.089+0000] {logging_mixin.py:188} INFO - [2024-06-18T02:39:36.089+0000] {dag.py:3096} INFO - Sync 1 DAGs
[2024-06-18T02:39:36.106+0000] {logging_mixin.py:188} INFO - [2024-06-18T02:39:36.105+0000] {dag.py:3954} INFO - Setting next_dagrun for example_bash_decorator to None, run_after=None
[2024-06-18T02:39:36.132+0000] {processor.py:183} INFO - Processing /home/airflow/.local/lib/python3.12/site-packages/airflow/example_dags/example_bash_decorator.py took 0.106 seconds
[2024-06-18T02:52:54.050+0000] {processor.py:161} INFO - Started process (PID=67318) to work on /home/airflow/.local/lib/python3.12/site-packages/airflow/example_dags/example_bash_decorator.py
[2024-06-18T02:52:54.053+0000] {processor.py:830} INFO - Processing file /home/airflow/.local/lib/python3.12/site-packages/airflow/example_dags/example_bash_decorator.py for tasks to queue
[2024-06-18T02:52:54.054+0000] {logging_mixin.py:188} INFO - [2024-06-18T02:52:54.054+0000] {dagbag.py:545} INFO - Filling up the DagBag from /home/airflow/.local/lib/python3.12/site-packages/airflow/example_dags/example_bash_decorator.py
[2024-06-18T02:52:54.071+0000] {processor.py:840} INFO - DAG(s) 'example_bash_decorator' retrieved from /home/airflow/.local/lib/python3.12/site-packages/airflow/example_dags/example_bash_decorator.py
[2024-06-18T02:52:54.104+0000] {logging_mixin.py:188} INFO - [2024-06-18T02:52:54.103+0000] {dag.py:3096} INFO - Sync 1 DAGs
[2024-06-18T02:52:54.122+0000] {logging_mixin.py:188} INFO - [2024-06-18T02:52:54.121+0000] {dag.py:3954} INFO - Setting next_dagrun for example_bash_decorator to None, run_after=None
[2024-06-18T02:52:54.355+0000] {processor.py:183} INFO - Processing /home/airflow/.local/lib/python3.12/site-packages/airflow/example_dags/example_bash_decorator.py took 0.311 seconds
[2024-06-18T02:53:26.478+0000] {processor.py:161} INFO - Started process (PID=67378) to work on /home/airflow/.local/lib/python3.12/site-packages/airflow/example_dags/example_bash_decorator.py
[2024-06-18T02:53:26.479+0000] {processor.py:830} INFO - Processing file /home/airflow/.local/lib/python3.12/site-packages/airflow/example_dags/example_bash_decorator.py for tasks to queue
[2024-06-18T02:53:26.479+0000] {logging_mixin.py:188} INFO - [2024-06-18T02:53:26.479+0000] {dagbag.py:545} INFO - Filling up the DagBag from /home/airflow/.local/lib/python3.12/site-packages/airflow/example_dags/example_bash_decorator.py
[2024-06-18T02:53:26.495+0000] {processor.py:840} INFO - DAG(s) 'example_bash_decorator' retrieved from /home/airflow/.local/lib/python3.12/site-packages/airflow/example_dags/example_bash_decorator.py
[2024-06-18T02:53:26.542+0000] {logging_mixin.py:188} INFO - [2024-06-18T02:53:26.542+0000] {dag.py:3096} INFO - Sync 1 DAGs
[2024-06-18T02:53:26.560+0000] {logging_mixin.py:188} INFO - [2024-06-18T02:53:26.559+0000] {dag.py:3954} INFO - Setting next_dagrun for example_bash_decorator to None, run_after=None
[2024-06-18T02:53:26.587+0000] {processor.py:183} INFO - Processing /home/airflow/.local/lib/python3.12/site-packages/airflow/example_dags/example_bash_decorator.py took 0.118 seconds
[2024-06-18T02:53:56.830+0000] {processor.py:161} INFO - Started process (PID=67434) to work on /home/airflow/.local/lib/python3.12/site-packages/airflow/example_dags/example_bash_decorator.py
[2024-06-18T02:53:56.832+0000] {processor.py:830} INFO - Processing file /home/airflow/.local/lib/python3.12/site-packages/airflow/example_dags/example_bash_decorator.py for tasks to queue
[2024-06-18T02:53:56.832+0000] {logging_mixin.py:188} INFO - [2024-06-18T02:53:56.832+0000] {dagbag.py:545} INFO - Filling up the DagBag from /home/airflow/.local/lib/python3.12/site-packages/airflow/example_dags/example_bash_decorator.py
[2024-06-18T02:53:56.849+0000] {processor.py:840} INFO - DAG(s) 'example_bash_decorator' retrieved from /home/airflow/.local/lib/python3.12/site-packages/airflow/example_dags/example_bash_decorator.py
[2024-06-18T02:53:56.874+0000] {logging_mixin.py:188} INFO - [2024-06-18T02:53:56.874+0000] {dag.py:3096} INFO - Sync 1 DAGs
[2024-06-18T02:53:56.887+0000] {logging_mixin.py:188} INFO - [2024-06-18T02:53:56.887+0000] {dag.py:3954} INFO - Setting next_dagrun for example_bash_decorator to None, run_after=None
[2024-06-18T02:53:56.909+0000] {processor.py:183} INFO - Processing /home/airflow/.local/lib/python3.12/site-packages/airflow/example_dags/example_bash_decorator.py took 0.096 seconds
[2024-06-18T02:54:27.142+0000] {processor.py:161} INFO - Started process (PID=67492) to work on /home/airflow/.local/lib/python3.12/site-packages/airflow/example_dags/example_bash_decorator.py
[2024-06-18T02:54:27.143+0000] {processor.py:830} INFO - Processing file /home/airflow/.local/lib/python3.12/site-packages/airflow/example_dags/example_bash_decorator.py for tasks to queue
[2024-06-18T02:54:27.144+0000] {logging_mixin.py:188} INFO - [2024-06-18T02:54:27.143+0000] {dagbag.py:545} INFO - Filling up the DagBag from /home/airflow/.local/lib/python3.12/site-packages/airflow/example_dags/example_bash_decorator.py
[2024-06-18T02:54:27.158+0000] {processor.py:840} INFO - DAG(s) 'example_bash_decorator' retrieved from /home/airflow/.local/lib/python3.12/site-packages/airflow/example_dags/example_bash_decorator.py
[2024-06-18T02:54:27.182+0000] {logging_mixin.py:188} INFO - [2024-06-18T02:54:27.182+0000] {dag.py:3096} INFO - Sync 1 DAGs
[2024-06-18T02:54:27.196+0000] {logging_mixin.py:188} INFO - [2024-06-18T02:54:27.195+0000] {dag.py:3954} INFO - Setting next_dagrun for example_bash_decorator to None, run_after=None
[2024-06-18T02:54:27.215+0000] {processor.py:183} INFO - Processing /home/airflow/.local/lib/python3.12/site-packages/airflow/example_dags/example_bash_decorator.py took 0.080 seconds
[2024-06-18T02:54:57.319+0000] {processor.py:161} INFO - Started process (PID=67550) to work on /home/airflow/.local/lib/python3.12/site-packages/airflow/example_dags/example_bash_decorator.py
[2024-06-18T02:54:57.321+0000] {processor.py:830} INFO - Processing file /home/airflow/.local/lib/python3.12/site-packages/airflow/example_dags/example_bash_decorator.py for tasks to queue
[2024-06-18T02:54:57.321+0000] {logging_mixin.py:188} INFO - [2024-06-18T02:54:57.321+0000] {dagbag.py:545} INFO - Filling up the DagBag from /home/airflow/.local/lib/python3.12/site-packages/airflow/example_dags/example_bash_decorator.py
[2024-06-18T02:54:57.335+0000] {processor.py:840} INFO - DAG(s) 'example_bash_decorator' retrieved from /home/airflow/.local/lib/python3.12/site-packages/airflow/example_dags/example_bash_decorator.py
[2024-06-18T02:54:57.359+0000] {logging_mixin.py:188} INFO - [2024-06-18T02:54:57.359+0000] {dag.py:3096} INFO - Sync 1 DAGs
[2024-06-18T02:54:57.372+0000] {logging_mixin.py:188} INFO - [2024-06-18T02:54:57.372+0000] {dag.py:3954} INFO - Setting next_dagrun for example_bash_decorator to None, run_after=None
[2024-06-18T02:54:57.392+0000] {processor.py:183} INFO - Processing /home/airflow/.local/lib/python3.12/site-packages/airflow/example_dags/example_bash_decorator.py took 0.078 seconds
[2024-06-18T02:55:27.530+0000] {processor.py:161} INFO - Started process (PID=67608) to work on /home/airflow/.local/lib/python3.12/site-packages/airflow/example_dags/example_bash_decorator.py
[2024-06-18T02:55:27.531+0000] {processor.py:830} INFO - Processing file /home/airflow/.local/lib/python3.12/site-packages/airflow/example_dags/example_bash_decorator.py for tasks to queue
[2024-06-18T02:55:27.531+0000] {logging_mixin.py:188} INFO - [2024-06-18T02:55:27.531+0000] {dagbag.py:545} INFO - Filling up the DagBag from /home/airflow/.local/lib/python3.12/site-packages/airflow/example_dags/example_bash_decorator.py
[2024-06-18T02:55:27.546+0000] {processor.py:840} INFO - DAG(s) 'example_bash_decorator' retrieved from /home/airflow/.local/lib/python3.12/site-packages/airflow/example_dags/example_bash_decorator.py
[2024-06-18T02:55:27.570+0000] {logging_mixin.py:188} INFO - [2024-06-18T02:55:27.570+0000] {dag.py:3096} INFO - Sync 1 DAGs
[2024-06-18T02:55:27.583+0000] {logging_mixin.py:188} INFO - [2024-06-18T02:55:27.582+0000] {dag.py:3954} INFO - Setting next_dagrun for example_bash_decorator to None, run_after=None
[2024-06-18T02:55:27.604+0000] {processor.py:183} INFO - Processing /home/airflow/.local/lib/python3.12/site-packages/airflow/example_dags/example_bash_decorator.py took 0.080 seconds
[2024-06-18T02:55:57.788+0000] {processor.py:161} INFO - Started process (PID=67666) to work on /home/airflow/.local/lib/python3.12/site-packages/airflow/example_dags/example_bash_decorator.py
[2024-06-18T02:55:57.789+0000] {processor.py:830} INFO - Processing file /home/airflow/.local/lib/python3.12/site-packages/airflow/example_dags/example_bash_decorator.py for tasks to queue
[2024-06-18T02:55:57.790+0000] {logging_mixin.py:188} INFO - [2024-06-18T02:55:57.789+0000] {dagbag.py:545} INFO - Filling up the DagBag from /home/airflow/.local/lib/python3.12/site-packages/airflow/example_dags/example_bash_decorator.py
[2024-06-18T02:55:57.803+0000] {processor.py:840} INFO - DAG(s) 'example_bash_decorator' retrieved from /home/airflow/.local/lib/python3.12/site-packages/airflow/example_dags/example_bash_decorator.py
[2024-06-18T02:55:57.828+0000] {logging_mixin.py:188} INFO - [2024-06-18T02:55:57.827+0000] {dag.py:3096} INFO - Sync 1 DAGs
[2024-06-18T02:55:57.840+0000] {logging_mixin.py:188} INFO - [2024-06-18T02:55:57.840+0000] {dag.py:3954} INFO - Setting next_dagrun for example_bash_decorator to None, run_after=None
[2024-06-18T02:55:57.861+0000] {processor.py:183} INFO - Processing /home/airflow/.local/lib/python3.12/site-packages/airflow/example_dags/example_bash_decorator.py took 0.081 seconds
[2024-06-18T02:56:28.891+0000] {processor.py:161} INFO - Started process (PID=67724) to work on /home/airflow/.local/lib/python3.12/site-packages/airflow/example_dags/example_bash_decorator.py
[2024-06-18T02:56:28.893+0000] {processor.py:830} INFO - Processing file /home/airflow/.local/lib/python3.12/site-packages/airflow/example_dags/example_bash_decorator.py for tasks to queue
[2024-06-18T02:56:28.894+0000] {logging_mixin.py:188} INFO - [2024-06-18T02:56:28.894+0000] {dagbag.py:545} INFO - Filling up the DagBag from /home/airflow/.local/lib/python3.12/site-packages/airflow/example_dags/example_bash_decorator.py
[2024-06-18T02:56:28.911+0000] {processor.py:840} INFO - DAG(s) 'example_bash_decorator' retrieved from /home/airflow/.local/lib/python3.12/site-packages/airflow/example_dags/example_bash_decorator.py
[2024-06-18T02:56:28.951+0000] {logging_mixin.py:188} INFO - [2024-06-18T02:56:28.950+0000] {dag.py:3096} INFO - Sync 1 DAGs
[2024-06-18T02:56:28.973+0000] {logging_mixin.py:188} INFO - [2024-06-18T02:56:28.973+0000] {dag.py:3954} INFO - Setting next_dagrun for example_bash_decorator to None, run_after=None
[2024-06-18T02:56:29.003+0000] {processor.py:183} INFO - Processing /home/airflow/.local/lib/python3.12/site-packages/airflow/example_dags/example_bash_decorator.py took 0.121 seconds
