[2024-06-18T02:21:43.930+0000] {processor.py:161} INFO - Started process (PID=65203) to work on /home/airflow/.local/lib/python3.12/site-packages/airflow/example_dags/example_setup_teardown.py
[2024-06-18T02:21:43.932+0000] {processor.py:830} INFO - Processing file /home/airflow/.local/lib/python3.12/site-packages/airflow/example_dags/example_setup_teardown.py for tasks to queue
[2024-06-18T02:21:43.933+0000] {logging_mixin.py:188} INFO - [2024-06-18T02:21:43.932+0000] {dagbag.py:545} INFO - Filling up the DagBag from /home/airflow/.local/lib/python3.12/site-packages/airflow/example_dags/example_setup_teardown.py
[2024-06-18T02:21:43.943+0000] {processor.py:840} INFO - DAG(s) 'example_setup_teardown' retrieved from /home/airflow/.local/lib/python3.12/site-packages/airflow/example_dags/example_setup_teardown.py
[2024-06-18T02:21:43.968+0000] {logging_mixin.py:188} INFO - [2024-06-18T02:21:43.968+0000] {dag.py:3096} INFO - Sync 1 DAGs
[2024-06-18T02:21:44.005+0000] {logging_mixin.py:188} INFO - [2024-06-18T02:21:44.005+0000] {dag.py:3954} INFO - Setting next_dagrun for example_setup_teardown to 2024-06-17 00:00:00+00:00, run_after=2024-06-18 00:00:00+00:00
[2024-06-18T02:21:44.046+0000] {processor.py:183} INFO - Processing /home/airflow/.local/lib/python3.12/site-packages/airflow/example_dags/example_setup_teardown.py took 0.123 seconds
[2024-06-18T02:22:15.282+0000] {processor.py:161} INFO - Started process (PID=65261) to work on /home/airflow/.local/lib/python3.12/site-packages/airflow/example_dags/example_setup_teardown.py
[2024-06-18T02:22:15.284+0000] {processor.py:830} INFO - Processing file /home/airflow/.local/lib/python3.12/site-packages/airflow/example_dags/example_setup_teardown.py for tasks to queue
[2024-06-18T02:22:15.286+0000] {logging_mixin.py:188} INFO - [2024-06-18T02:22:15.285+0000] {dagbag.py:545} INFO - Filling up the DagBag from /home/airflow/.local/lib/python3.12/site-packages/airflow/example_dags/example_setup_teardown.py
[2024-06-18T02:22:15.295+0000] {processor.py:840} INFO - DAG(s) 'example_setup_teardown' retrieved from /home/airflow/.local/lib/python3.12/site-packages/airflow/example_dags/example_setup_teardown.py
[2024-06-18T02:22:15.324+0000] {logging_mixin.py:188} INFO - [2024-06-18T02:22:15.324+0000] {dag.py:3096} INFO - Sync 1 DAGs
[2024-06-18T02:22:15.354+0000] {logging_mixin.py:188} INFO - [2024-06-18T02:22:15.354+0000] {dag.py:3954} INFO - Setting next_dagrun for example_setup_teardown to 2024-06-17 00:00:00+00:00, run_after=2024-06-18 00:00:00+00:00
[2024-06-18T02:22:15.378+0000] {processor.py:183} INFO - Processing /home/airflow/.local/lib/python3.12/site-packages/airflow/example_dags/example_setup_teardown.py took 0.104 seconds
[2024-06-18T02:22:46.028+0000] {processor.py:161} INFO - Started process (PID=65319) to work on /home/airflow/.local/lib/python3.12/site-packages/airflow/example_dags/example_setup_teardown.py
[2024-06-18T02:22:46.029+0000] {processor.py:830} INFO - Processing file /home/airflow/.local/lib/python3.12/site-packages/airflow/example_dags/example_setup_teardown.py for tasks to queue
[2024-06-18T02:22:46.030+0000] {logging_mixin.py:188} INFO - [2024-06-18T02:22:46.030+0000] {dagbag.py:545} INFO - Filling up the DagBag from /home/airflow/.local/lib/python3.12/site-packages/airflow/example_dags/example_setup_teardown.py
[2024-06-18T02:22:46.037+0000] {processor.py:840} INFO - DAG(s) 'example_setup_teardown' retrieved from /home/airflow/.local/lib/python3.12/site-packages/airflow/example_dags/example_setup_teardown.py
[2024-06-18T02:22:46.059+0000] {logging_mixin.py:188} INFO - [2024-06-18T02:22:46.058+0000] {dag.py:3096} INFO - Sync 1 DAGs
[2024-06-18T02:22:46.082+0000] {logging_mixin.py:188} INFO - [2024-06-18T02:22:46.082+0000] {dag.py:3954} INFO - Setting next_dagrun for example_setup_teardown to 2024-06-17 00:00:00+00:00, run_after=2024-06-18 00:00:00+00:00
[2024-06-18T02:22:46.102+0000] {processor.py:183} INFO - Processing /home/airflow/.local/lib/python3.12/site-packages/airflow/example_dags/example_setup_teardown.py took 0.079 seconds
[2024-06-18T02:23:16.576+0000] {processor.py:161} INFO - Started process (PID=65378) to work on /home/airflow/.local/lib/python3.12/site-packages/airflow/example_dags/example_setup_teardown.py
[2024-06-18T02:23:16.577+0000] {processor.py:830} INFO - Processing file /home/airflow/.local/lib/python3.12/site-packages/airflow/example_dags/example_setup_teardown.py for tasks to queue
[2024-06-18T02:23:16.578+0000] {logging_mixin.py:188} INFO - [2024-06-18T02:23:16.578+0000] {dagbag.py:545} INFO - Filling up the DagBag from /home/airflow/.local/lib/python3.12/site-packages/airflow/example_dags/example_setup_teardown.py
[2024-06-18T02:23:16.589+0000] {processor.py:840} INFO - DAG(s) 'example_setup_teardown' retrieved from /home/airflow/.local/lib/python3.12/site-packages/airflow/example_dags/example_setup_teardown.py
[2024-06-18T02:23:16.615+0000] {logging_mixin.py:188} INFO - [2024-06-18T02:23:16.615+0000] {dag.py:3096} INFO - Sync 1 DAGs
[2024-06-18T02:23:16.642+0000] {logging_mixin.py:188} INFO - [2024-06-18T02:23:16.641+0000] {dag.py:3954} INFO - Setting next_dagrun for example_setup_teardown to 2024-06-17 00:00:00+00:00, run_after=2024-06-18 00:00:00+00:00
[2024-06-18T02:23:16.665+0000] {processor.py:183} INFO - Processing /home/airflow/.local/lib/python3.12/site-packages/airflow/example_dags/example_setup_teardown.py took 0.098 seconds
[2024-06-18T02:23:47.182+0000] {processor.py:161} INFO - Started process (PID=65436) to work on /home/airflow/.local/lib/python3.12/site-packages/airflow/example_dags/example_setup_teardown.py
[2024-06-18T02:23:47.184+0000] {processor.py:830} INFO - Processing file /home/airflow/.local/lib/python3.12/site-packages/airflow/example_dags/example_setup_teardown.py for tasks to queue
[2024-06-18T02:23:47.185+0000] {logging_mixin.py:188} INFO - [2024-06-18T02:23:47.184+0000] {dagbag.py:545} INFO - Filling up the DagBag from /home/airflow/.local/lib/python3.12/site-packages/airflow/example_dags/example_setup_teardown.py
[2024-06-18T02:23:47.193+0000] {processor.py:840} INFO - DAG(s) 'example_setup_teardown' retrieved from /home/airflow/.local/lib/python3.12/site-packages/airflow/example_dags/example_setup_teardown.py
[2024-06-18T02:23:47.216+0000] {logging_mixin.py:188} INFO - [2024-06-18T02:23:47.216+0000] {dag.py:3096} INFO - Sync 1 DAGs
[2024-06-18T02:23:47.242+0000] {logging_mixin.py:188} INFO - [2024-06-18T02:23:47.242+0000] {dag.py:3954} INFO - Setting next_dagrun for example_setup_teardown to 2024-06-17 00:00:00+00:00, run_after=2024-06-18 00:00:00+00:00
[2024-06-18T02:23:47.264+0000] {processor.py:183} INFO - Processing /home/airflow/.local/lib/python3.12/site-packages/airflow/example_dags/example_setup_teardown.py took 0.087 seconds
[2024-06-18T02:24:18.033+0000] {processor.py:161} INFO - Started process (PID=65494) to work on /home/airflow/.local/lib/python3.12/site-packages/airflow/example_dags/example_setup_teardown.py
[2024-06-18T02:24:18.035+0000] {processor.py:830} INFO - Processing file /home/airflow/.local/lib/python3.12/site-packages/airflow/example_dags/example_setup_teardown.py for tasks to queue
[2024-06-18T02:24:18.035+0000] {logging_mixin.py:188} INFO - [2024-06-18T02:24:18.035+0000] {dagbag.py:545} INFO - Filling up the DagBag from /home/airflow/.local/lib/python3.12/site-packages/airflow/example_dags/example_setup_teardown.py
[2024-06-18T02:24:18.044+0000] {processor.py:840} INFO - DAG(s) 'example_setup_teardown' retrieved from /home/airflow/.local/lib/python3.12/site-packages/airflow/example_dags/example_setup_teardown.py
[2024-06-18T02:24:18.071+0000] {logging_mixin.py:188} INFO - [2024-06-18T02:24:18.071+0000] {dag.py:3096} INFO - Sync 1 DAGs
[2024-06-18T02:24:18.095+0000] {logging_mixin.py:188} INFO - [2024-06-18T02:24:18.094+0000] {dag.py:3954} INFO - Setting next_dagrun for example_setup_teardown to 2024-06-17 00:00:00+00:00, run_after=2024-06-18 00:00:00+00:00
[2024-06-18T02:24:18.118+0000] {processor.py:183} INFO - Processing /home/airflow/.local/lib/python3.12/site-packages/airflow/example_dags/example_setup_teardown.py took 0.092 seconds
[2024-06-18T02:24:48.225+0000] {processor.py:161} INFO - Started process (PID=65552) to work on /home/airflow/.local/lib/python3.12/site-packages/airflow/example_dags/example_setup_teardown.py
[2024-06-18T02:24:48.226+0000] {processor.py:830} INFO - Processing file /home/airflow/.local/lib/python3.12/site-packages/airflow/example_dags/example_setup_teardown.py for tasks to queue
[2024-06-18T02:24:48.227+0000] {logging_mixin.py:188} INFO - [2024-06-18T02:24:48.227+0000] {dagbag.py:545} INFO - Filling up the DagBag from /home/airflow/.local/lib/python3.12/site-packages/airflow/example_dags/example_setup_teardown.py
[2024-06-18T02:24:48.236+0000] {processor.py:840} INFO - DAG(s) 'example_setup_teardown' retrieved from /home/airflow/.local/lib/python3.12/site-packages/airflow/example_dags/example_setup_teardown.py
[2024-06-18T02:24:48.260+0000] {logging_mixin.py:188} INFO - [2024-06-18T02:24:48.259+0000] {dag.py:3096} INFO - Sync 1 DAGs
[2024-06-18T02:24:48.283+0000] {logging_mixin.py:188} INFO - [2024-06-18T02:24:48.283+0000] {dag.py:3954} INFO - Setting next_dagrun for example_setup_teardown to 2024-06-17 00:00:00+00:00, run_after=2024-06-18 00:00:00+00:00
[2024-06-18T02:24:48.303+0000] {processor.py:183} INFO - Processing /home/airflow/.local/lib/python3.12/site-packages/airflow/example_dags/example_setup_teardown.py took 0.083 seconds
[2024-06-18T02:25:18.511+0000] {processor.py:161} INFO - Started process (PID=65610) to work on /home/airflow/.local/lib/python3.12/site-packages/airflow/example_dags/example_setup_teardown.py
[2024-06-18T02:25:18.512+0000] {processor.py:830} INFO - Processing file /home/airflow/.local/lib/python3.12/site-packages/airflow/example_dags/example_setup_teardown.py for tasks to queue
[2024-06-18T02:25:18.513+0000] {logging_mixin.py:188} INFO - [2024-06-18T02:25:18.512+0000] {dagbag.py:545} INFO - Filling up the DagBag from /home/airflow/.local/lib/python3.12/site-packages/airflow/example_dags/example_setup_teardown.py
[2024-06-18T02:25:18.519+0000] {processor.py:840} INFO - DAG(s) 'example_setup_teardown' retrieved from /home/airflow/.local/lib/python3.12/site-packages/airflow/example_dags/example_setup_teardown.py
[2024-06-18T02:25:18.540+0000] {logging_mixin.py:188} INFO - [2024-06-18T02:25:18.539+0000] {dag.py:3096} INFO - Sync 1 DAGs
[2024-06-18T02:25:18.562+0000] {logging_mixin.py:188} INFO - [2024-06-18T02:25:18.562+0000] {dag.py:3954} INFO - Setting next_dagrun for example_setup_teardown to 2024-06-17 00:00:00+00:00, run_after=2024-06-18 00:00:00+00:00
[2024-06-18T02:25:18.580+0000] {processor.py:183} INFO - Processing /home/airflow/.local/lib/python3.12/site-packages/airflow/example_dags/example_setup_teardown.py took 0.075 seconds
[2024-06-18T02:25:49.431+0000] {processor.py:161} INFO - Started process (PID=65668) to work on /home/airflow/.local/lib/python3.12/site-packages/airflow/example_dags/example_setup_teardown.py
[2024-06-18T02:25:49.432+0000] {processor.py:830} INFO - Processing file /home/airflow/.local/lib/python3.12/site-packages/airflow/example_dags/example_setup_teardown.py for tasks to queue
[2024-06-18T02:25:49.433+0000] {logging_mixin.py:188} INFO - [2024-06-18T02:25:49.432+0000] {dagbag.py:545} INFO - Filling up the DagBag from /home/airflow/.local/lib/python3.12/site-packages/airflow/example_dags/example_setup_teardown.py
[2024-06-18T02:25:49.440+0000] {processor.py:840} INFO - DAG(s) 'example_setup_teardown' retrieved from /home/airflow/.local/lib/python3.12/site-packages/airflow/example_dags/example_setup_teardown.py
[2024-06-18T02:25:49.468+0000] {logging_mixin.py:188} INFO - [2024-06-18T02:25:49.467+0000] {dag.py:3096} INFO - Sync 1 DAGs
[2024-06-18T02:25:49.560+0000] {logging_mixin.py:188} INFO - [2024-06-18T02:25:49.560+0000] {dag.py:3954} INFO - Setting next_dagrun for example_setup_teardown to 2024-06-17 00:00:00+00:00, run_after=2024-06-18 00:00:00+00:00
[2024-06-18T02:25:49.614+0000] {processor.py:183} INFO - Processing /home/airflow/.local/lib/python3.12/site-packages/airflow/example_dags/example_setup_teardown.py took 0.189 seconds
[2024-06-18T02:26:20.285+0000] {processor.py:161} INFO - Started process (PID=65726) to work on /home/airflow/.local/lib/python3.12/site-packages/airflow/example_dags/example_setup_teardown.py
[2024-06-18T02:26:20.287+0000] {processor.py:830} INFO - Processing file /home/airflow/.local/lib/python3.12/site-packages/airflow/example_dags/example_setup_teardown.py for tasks to queue
[2024-06-18T02:26:20.288+0000] {logging_mixin.py:188} INFO - [2024-06-18T02:26:20.288+0000] {dagbag.py:545} INFO - Filling up the DagBag from /home/airflow/.local/lib/python3.12/site-packages/airflow/example_dags/example_setup_teardown.py
[2024-06-18T02:26:20.305+0000] {processor.py:840} INFO - DAG(s) 'example_setup_teardown' retrieved from /home/airflow/.local/lib/python3.12/site-packages/airflow/example_dags/example_setup_teardown.py
[2024-06-18T02:26:20.346+0000] {logging_mixin.py:188} INFO - [2024-06-18T02:26:20.346+0000] {dag.py:3096} INFO - Sync 1 DAGs
[2024-06-18T02:26:20.387+0000] {logging_mixin.py:188} INFO - [2024-06-18T02:26:20.387+0000] {dag.py:3954} INFO - Setting next_dagrun for example_setup_teardown to 2024-06-17 00:00:00+00:00, run_after=2024-06-18 00:00:00+00:00
[2024-06-18T02:26:20.428+0000] {processor.py:183} INFO - Processing /home/airflow/.local/lib/python3.12/site-packages/airflow/example_dags/example_setup_teardown.py took 0.158 seconds
[2024-06-18T02:26:50.877+0000] {processor.py:161} INFO - Started process (PID=65785) to work on /home/airflow/.local/lib/python3.12/site-packages/airflow/example_dags/example_setup_teardown.py
[2024-06-18T02:26:50.878+0000] {processor.py:830} INFO - Processing file /home/airflow/.local/lib/python3.12/site-packages/airflow/example_dags/example_setup_teardown.py for tasks to queue
[2024-06-18T02:26:50.879+0000] {logging_mixin.py:188} INFO - [2024-06-18T02:26:50.878+0000] {dagbag.py:545} INFO - Filling up the DagBag from /home/airflow/.local/lib/python3.12/site-packages/airflow/example_dags/example_setup_teardown.py
[2024-06-18T02:26:50.886+0000] {processor.py:840} INFO - DAG(s) 'example_setup_teardown' retrieved from /home/airflow/.local/lib/python3.12/site-packages/airflow/example_dags/example_setup_teardown.py
[2024-06-18T02:26:50.911+0000] {logging_mixin.py:188} INFO - [2024-06-18T02:26:50.910+0000] {dag.py:3096} INFO - Sync 1 DAGs
[2024-06-18T02:26:50.934+0000] {logging_mixin.py:188} INFO - [2024-06-18T02:26:50.934+0000] {dag.py:3954} INFO - Setting next_dagrun for example_setup_teardown to 2024-06-17 00:00:00+00:00, run_after=2024-06-18 00:00:00+00:00
[2024-06-18T02:26:50.955+0000] {processor.py:183} INFO - Processing /home/airflow/.local/lib/python3.12/site-packages/airflow/example_dags/example_setup_teardown.py took 0.086 seconds
[2024-06-18T02:27:21.523+0000] {processor.py:161} INFO - Started process (PID=65843) to work on /home/airflow/.local/lib/python3.12/site-packages/airflow/example_dags/example_setup_teardown.py
[2024-06-18T02:27:21.524+0000] {processor.py:830} INFO - Processing file /home/airflow/.local/lib/python3.12/site-packages/airflow/example_dags/example_setup_teardown.py for tasks to queue
[2024-06-18T02:27:21.526+0000] {logging_mixin.py:188} INFO - [2024-06-18T02:27:21.525+0000] {dagbag.py:545} INFO - Filling up the DagBag from /home/airflow/.local/lib/python3.12/site-packages/airflow/example_dags/example_setup_teardown.py
[2024-06-18T02:27:21.534+0000] {processor.py:840} INFO - DAG(s) 'example_setup_teardown' retrieved from /home/airflow/.local/lib/python3.12/site-packages/airflow/example_dags/example_setup_teardown.py
[2024-06-18T02:27:21.559+0000] {logging_mixin.py:188} INFO - [2024-06-18T02:27:21.559+0000] {dag.py:3096} INFO - Sync 1 DAGs
[2024-06-18T02:27:21.585+0000] {logging_mixin.py:188} INFO - [2024-06-18T02:27:21.585+0000] {dag.py:3954} INFO - Setting next_dagrun for example_setup_teardown to 2024-06-17 00:00:00+00:00, run_after=2024-06-18 00:00:00+00:00
[2024-06-18T02:27:21.608+0000] {processor.py:183} INFO - Processing /home/airflow/.local/lib/python3.12/site-packages/airflow/example_dags/example_setup_teardown.py took 0.094 seconds
[2024-06-18T02:27:51.730+0000] {processor.py:161} INFO - Started process (PID=65901) to work on /home/airflow/.local/lib/python3.12/site-packages/airflow/example_dags/example_setup_teardown.py
[2024-06-18T02:27:51.731+0000] {processor.py:830} INFO - Processing file /home/airflow/.local/lib/python3.12/site-packages/airflow/example_dags/example_setup_teardown.py for tasks to queue
[2024-06-18T02:27:51.732+0000] {logging_mixin.py:188} INFO - [2024-06-18T02:27:51.731+0000] {dagbag.py:545} INFO - Filling up the DagBag from /home/airflow/.local/lib/python3.12/site-packages/airflow/example_dags/example_setup_teardown.py
[2024-06-18T02:27:51.739+0000] {processor.py:840} INFO - DAG(s) 'example_setup_teardown' retrieved from /home/airflow/.local/lib/python3.12/site-packages/airflow/example_dags/example_setup_teardown.py
[2024-06-18T02:27:51.759+0000] {logging_mixin.py:188} INFO - [2024-06-18T02:27:51.759+0000] {dag.py:3096} INFO - Sync 1 DAGs
[2024-06-18T02:27:51.783+0000] {logging_mixin.py:188} INFO - [2024-06-18T02:27:51.783+0000] {dag.py:3954} INFO - Setting next_dagrun for example_setup_teardown to 2024-06-17 00:00:00+00:00, run_after=2024-06-18 00:00:00+00:00
[2024-06-18T02:27:51.806+0000] {processor.py:183} INFO - Processing /home/airflow/.local/lib/python3.12/site-packages/airflow/example_dags/example_setup_teardown.py took 0.083 seconds
[2024-06-18T02:28:22.332+0000] {processor.py:161} INFO - Started process (PID=65959) to work on /home/airflow/.local/lib/python3.12/site-packages/airflow/example_dags/example_setup_teardown.py
[2024-06-18T02:28:22.334+0000] {processor.py:830} INFO - Processing file /home/airflow/.local/lib/python3.12/site-packages/airflow/example_dags/example_setup_teardown.py for tasks to queue
[2024-06-18T02:28:22.334+0000] {logging_mixin.py:188} INFO - [2024-06-18T02:28:22.334+0000] {dagbag.py:545} INFO - Filling up the DagBag from /home/airflow/.local/lib/python3.12/site-packages/airflow/example_dags/example_setup_teardown.py
[2024-06-18T02:28:22.342+0000] {processor.py:840} INFO - DAG(s) 'example_setup_teardown' retrieved from /home/airflow/.local/lib/python3.12/site-packages/airflow/example_dags/example_setup_teardown.py
[2024-06-18T02:28:22.362+0000] {logging_mixin.py:188} INFO - [2024-06-18T02:28:22.361+0000] {dag.py:3096} INFO - Sync 1 DAGs
[2024-06-18T02:28:22.385+0000] {logging_mixin.py:188} INFO - [2024-06-18T02:28:22.384+0000] {dag.py:3954} INFO - Setting next_dagrun for example_setup_teardown to 2024-06-17 00:00:00+00:00, run_after=2024-06-18 00:00:00+00:00
[2024-06-18T02:28:22.403+0000] {processor.py:183} INFO - Processing /home/airflow/.local/lib/python3.12/site-packages/airflow/example_dags/example_setup_teardown.py took 0.077 seconds
[2024-06-18T02:28:52.594+0000] {processor.py:161} INFO - Started process (PID=66018) to work on /home/airflow/.local/lib/python3.12/site-packages/airflow/example_dags/example_setup_teardown.py
[2024-06-18T02:28:52.595+0000] {processor.py:830} INFO - Processing file /home/airflow/.local/lib/python3.12/site-packages/airflow/example_dags/example_setup_teardown.py for tasks to queue
[2024-06-18T02:28:52.596+0000] {logging_mixin.py:188} INFO - [2024-06-18T02:28:52.596+0000] {dagbag.py:545} INFO - Filling up the DagBag from /home/airflow/.local/lib/python3.12/site-packages/airflow/example_dags/example_setup_teardown.py
[2024-06-18T02:28:52.605+0000] {processor.py:840} INFO - DAG(s) 'example_setup_teardown' retrieved from /home/airflow/.local/lib/python3.12/site-packages/airflow/example_dags/example_setup_teardown.py
[2024-06-18T02:28:52.625+0000] {logging_mixin.py:188} INFO - [2024-06-18T02:28:52.624+0000] {dag.py:3096} INFO - Sync 1 DAGs
[2024-06-18T02:28:52.645+0000] {logging_mixin.py:188} INFO - [2024-06-18T02:28:52.645+0000] {dag.py:3954} INFO - Setting next_dagrun for example_setup_teardown to 2024-06-17 00:00:00+00:00, run_after=2024-06-18 00:00:00+00:00
[2024-06-18T02:28:52.665+0000] {processor.py:183} INFO - Processing /home/airflow/.local/lib/python3.12/site-packages/airflow/example_dags/example_setup_teardown.py took 0.077 seconds
[2024-06-18T02:29:23.005+0000] {processor.py:161} INFO - Started process (PID=66076) to work on /home/airflow/.local/lib/python3.12/site-packages/airflow/example_dags/example_setup_teardown.py
[2024-06-18T02:29:23.007+0000] {processor.py:830} INFO - Processing file /home/airflow/.local/lib/python3.12/site-packages/airflow/example_dags/example_setup_teardown.py for tasks to queue
[2024-06-18T02:29:23.008+0000] {logging_mixin.py:188} INFO - [2024-06-18T02:29:23.008+0000] {dagbag.py:545} INFO - Filling up the DagBag from /home/airflow/.local/lib/python3.12/site-packages/airflow/example_dags/example_setup_teardown.py
[2024-06-18T02:29:23.015+0000] {processor.py:840} INFO - DAG(s) 'example_setup_teardown' retrieved from /home/airflow/.local/lib/python3.12/site-packages/airflow/example_dags/example_setup_teardown.py
[2024-06-18T02:29:23.038+0000] {logging_mixin.py:188} INFO - [2024-06-18T02:29:23.037+0000] {dag.py:3096} INFO - Sync 1 DAGs
[2024-06-18T02:29:23.070+0000] {logging_mixin.py:188} INFO - [2024-06-18T02:29:23.069+0000] {dag.py:3954} INFO - Setting next_dagrun for example_setup_teardown to 2024-06-17 00:00:00+00:00, run_after=2024-06-18 00:00:00+00:00
[2024-06-18T02:29:23.095+0000] {processor.py:183} INFO - Processing /home/airflow/.local/lib/python3.12/site-packages/airflow/example_dags/example_setup_teardown.py took 0.095 seconds
[2024-06-18T02:29:53.173+0000] {processor.py:161} INFO - Started process (PID=66134) to work on /home/airflow/.local/lib/python3.12/site-packages/airflow/example_dags/example_setup_teardown.py
[2024-06-18T02:29:53.174+0000] {processor.py:830} INFO - Processing file /home/airflow/.local/lib/python3.12/site-packages/airflow/example_dags/example_setup_teardown.py for tasks to queue
[2024-06-18T02:29:53.175+0000] {logging_mixin.py:188} INFO - [2024-06-18T02:29:53.174+0000] {dagbag.py:545} INFO - Filling up the DagBag from /home/airflow/.local/lib/python3.12/site-packages/airflow/example_dags/example_setup_teardown.py
[2024-06-18T02:29:53.182+0000] {processor.py:840} INFO - DAG(s) 'example_setup_teardown' retrieved from /home/airflow/.local/lib/python3.12/site-packages/airflow/example_dags/example_setup_teardown.py
[2024-06-18T02:29:53.201+0000] {logging_mixin.py:188} INFO - [2024-06-18T02:29:53.201+0000] {dag.py:3096} INFO - Sync 1 DAGs
[2024-06-18T02:29:53.222+0000] {logging_mixin.py:188} INFO - [2024-06-18T02:29:53.222+0000] {dag.py:3954} INFO - Setting next_dagrun for example_setup_teardown to 2024-06-17 00:00:00+00:00, run_after=2024-06-18 00:00:00+00:00
[2024-06-18T02:29:53.239+0000] {processor.py:183} INFO - Processing /home/airflow/.local/lib/python3.12/site-packages/airflow/example_dags/example_setup_teardown.py took 0.072 seconds
[2024-06-18T02:30:23.869+0000] {processor.py:161} INFO - Started process (PID=66192) to work on /home/airflow/.local/lib/python3.12/site-packages/airflow/example_dags/example_setup_teardown.py
[2024-06-18T02:30:23.870+0000] {processor.py:830} INFO - Processing file /home/airflow/.local/lib/python3.12/site-packages/airflow/example_dags/example_setup_teardown.py for tasks to queue
[2024-06-18T02:30:23.870+0000] {logging_mixin.py:188} INFO - [2024-06-18T02:30:23.870+0000] {dagbag.py:545} INFO - Filling up the DagBag from /home/airflow/.local/lib/python3.12/site-packages/airflow/example_dags/example_setup_teardown.py
[2024-06-18T02:30:23.878+0000] {processor.py:840} INFO - DAG(s) 'example_setup_teardown' retrieved from /home/airflow/.local/lib/python3.12/site-packages/airflow/example_dags/example_setup_teardown.py
[2024-06-18T02:30:23.900+0000] {logging_mixin.py:188} INFO - [2024-06-18T02:30:23.900+0000] {dag.py:3096} INFO - Sync 1 DAGs
[2024-06-18T02:30:23.925+0000] {logging_mixin.py:188} INFO - [2024-06-18T02:30:23.925+0000] {dag.py:3954} INFO - Setting next_dagrun for example_setup_teardown to 2024-06-17 00:00:00+00:00, run_after=2024-06-18 00:00:00+00:00
[2024-06-18T02:30:23.950+0000] {processor.py:183} INFO - Processing /home/airflow/.local/lib/python3.12/site-packages/airflow/example_dags/example_setup_teardown.py took 0.087 seconds
[2024-06-18T02:30:54.424+0000] {processor.py:161} INFO - Started process (PID=66250) to work on /home/airflow/.local/lib/python3.12/site-packages/airflow/example_dags/example_setup_teardown.py
[2024-06-18T02:30:54.425+0000] {processor.py:830} INFO - Processing file /home/airflow/.local/lib/python3.12/site-packages/airflow/example_dags/example_setup_teardown.py for tasks to queue
[2024-06-18T02:30:54.425+0000] {logging_mixin.py:188} INFO - [2024-06-18T02:30:54.425+0000] {dagbag.py:545} INFO - Filling up the DagBag from /home/airflow/.local/lib/python3.12/site-packages/airflow/example_dags/example_setup_teardown.py
[2024-06-18T02:30:54.432+0000] {processor.py:840} INFO - DAG(s) 'example_setup_teardown' retrieved from /home/airflow/.local/lib/python3.12/site-packages/airflow/example_dags/example_setup_teardown.py
[2024-06-18T02:30:54.451+0000] {logging_mixin.py:188} INFO - [2024-06-18T02:30:54.450+0000] {dag.py:3096} INFO - Sync 1 DAGs
[2024-06-18T02:30:54.471+0000] {logging_mixin.py:188} INFO - [2024-06-18T02:30:54.471+0000] {dag.py:3954} INFO - Setting next_dagrun for example_setup_teardown to 2024-06-17 00:00:00+00:00, run_after=2024-06-18 00:00:00+00:00
[2024-06-18T02:30:54.489+0000] {processor.py:183} INFO - Processing /home/airflow/.local/lib/python3.12/site-packages/airflow/example_dags/example_setup_teardown.py took 0.071 seconds
[2024-06-18T02:31:24.797+0000] {processor.py:161} INFO - Started process (PID=66308) to work on /home/airflow/.local/lib/python3.12/site-packages/airflow/example_dags/example_setup_teardown.py
[2024-06-18T02:31:24.798+0000] {processor.py:830} INFO - Processing file /home/airflow/.local/lib/python3.12/site-packages/airflow/example_dags/example_setup_teardown.py for tasks to queue
[2024-06-18T02:31:24.799+0000] {logging_mixin.py:188} INFO - [2024-06-18T02:31:24.799+0000] {dagbag.py:545} INFO - Filling up the DagBag from /home/airflow/.local/lib/python3.12/site-packages/airflow/example_dags/example_setup_teardown.py
[2024-06-18T02:31:24.806+0000] {processor.py:840} INFO - DAG(s) 'example_setup_teardown' retrieved from /home/airflow/.local/lib/python3.12/site-packages/airflow/example_dags/example_setup_teardown.py
[2024-06-18T02:31:24.826+0000] {logging_mixin.py:188} INFO - [2024-06-18T02:31:24.826+0000] {dag.py:3096} INFO - Sync 1 DAGs
[2024-06-18T02:31:24.850+0000] {logging_mixin.py:188} INFO - [2024-06-18T02:31:24.850+0000] {dag.py:3954} INFO - Setting next_dagrun for example_setup_teardown to 2024-06-17 00:00:00+00:00, run_after=2024-06-18 00:00:00+00:00
[2024-06-18T02:31:24.869+0000] {processor.py:183} INFO - Processing /home/airflow/.local/lib/python3.12/site-packages/airflow/example_dags/example_setup_teardown.py took 0.077 seconds
[2024-06-18T02:31:55.337+0000] {processor.py:161} INFO - Started process (PID=66366) to work on /home/airflow/.local/lib/python3.12/site-packages/airflow/example_dags/example_setup_teardown.py
[2024-06-18T02:31:55.338+0000] {processor.py:830} INFO - Processing file /home/airflow/.local/lib/python3.12/site-packages/airflow/example_dags/example_setup_teardown.py for tasks to queue
[2024-06-18T02:31:55.339+0000] {logging_mixin.py:188} INFO - [2024-06-18T02:31:55.339+0000] {dagbag.py:545} INFO - Filling up the DagBag from /home/airflow/.local/lib/python3.12/site-packages/airflow/example_dags/example_setup_teardown.py
[2024-06-18T02:31:55.348+0000] {processor.py:840} INFO - DAG(s) 'example_setup_teardown' retrieved from /home/airflow/.local/lib/python3.12/site-packages/airflow/example_dags/example_setup_teardown.py
[2024-06-18T02:31:55.374+0000] {logging_mixin.py:188} INFO - [2024-06-18T02:31:55.373+0000] {dag.py:3096} INFO - Sync 1 DAGs
[2024-06-18T02:31:55.402+0000] {logging_mixin.py:188} INFO - [2024-06-18T02:31:55.402+0000] {dag.py:3954} INFO - Setting next_dagrun for example_setup_teardown to 2024-06-17 00:00:00+00:00, run_after=2024-06-18 00:00:00+00:00
[2024-06-18T02:31:55.422+0000] {processor.py:183} INFO - Processing /home/airflow/.local/lib/python3.12/site-packages/airflow/example_dags/example_setup_teardown.py took 0.091 seconds
[2024-06-18T02:32:26.289+0000] {processor.py:161} INFO - Started process (PID=66424) to work on /home/airflow/.local/lib/python3.12/site-packages/airflow/example_dags/example_setup_teardown.py
[2024-06-18T02:32:26.290+0000] {processor.py:830} INFO - Processing file /home/airflow/.local/lib/python3.12/site-packages/airflow/example_dags/example_setup_teardown.py for tasks to queue
[2024-06-18T02:32:26.291+0000] {logging_mixin.py:188} INFO - [2024-06-18T02:32:26.291+0000] {dagbag.py:545} INFO - Filling up the DagBag from /home/airflow/.local/lib/python3.12/site-packages/airflow/example_dags/example_setup_teardown.py
[2024-06-18T02:32:26.298+0000] {processor.py:840} INFO - DAG(s) 'example_setup_teardown' retrieved from /home/airflow/.local/lib/python3.12/site-packages/airflow/example_dags/example_setup_teardown.py
[2024-06-18T02:32:26.318+0000] {logging_mixin.py:188} INFO - [2024-06-18T02:32:26.318+0000] {dag.py:3096} INFO - Sync 1 DAGs
[2024-06-18T02:32:26.340+0000] {logging_mixin.py:188} INFO - [2024-06-18T02:32:26.340+0000] {dag.py:3954} INFO - Setting next_dagrun for example_setup_teardown to 2024-06-17 00:00:00+00:00, run_after=2024-06-18 00:00:00+00:00
[2024-06-18T02:32:26.360+0000] {processor.py:183} INFO - Processing /home/airflow/.local/lib/python3.12/site-packages/airflow/example_dags/example_setup_teardown.py took 0.076 seconds
[2024-06-18T02:32:56.834+0000] {processor.py:161} INFO - Started process (PID=66482) to work on /home/airflow/.local/lib/python3.12/site-packages/airflow/example_dags/example_setup_teardown.py
[2024-06-18T02:32:56.835+0000] {processor.py:830} INFO - Processing file /home/airflow/.local/lib/python3.12/site-packages/airflow/example_dags/example_setup_teardown.py for tasks to queue
[2024-06-18T02:32:56.836+0000] {logging_mixin.py:188} INFO - [2024-06-18T02:32:56.836+0000] {dagbag.py:545} INFO - Filling up the DagBag from /home/airflow/.local/lib/python3.12/site-packages/airflow/example_dags/example_setup_teardown.py
[2024-06-18T02:32:56.844+0000] {processor.py:840} INFO - DAG(s) 'example_setup_teardown' retrieved from /home/airflow/.local/lib/python3.12/site-packages/airflow/example_dags/example_setup_teardown.py
[2024-06-18T02:32:56.868+0000] {logging_mixin.py:188} INFO - [2024-06-18T02:32:56.867+0000] {dag.py:3096} INFO - Sync 1 DAGs
[2024-06-18T02:32:56.890+0000] {logging_mixin.py:188} INFO - [2024-06-18T02:32:56.890+0000] {dag.py:3954} INFO - Setting next_dagrun for example_setup_teardown to 2024-06-17 00:00:00+00:00, run_after=2024-06-18 00:00:00+00:00
[2024-06-18T02:32:56.908+0000] {processor.py:183} INFO - Processing /home/airflow/.local/lib/python3.12/site-packages/airflow/example_dags/example_setup_teardown.py took 0.081 seconds
[2024-06-18T02:33:27.138+0000] {processor.py:161} INFO - Started process (PID=66540) to work on /home/airflow/.local/lib/python3.12/site-packages/airflow/example_dags/example_setup_teardown.py
[2024-06-18T02:33:27.140+0000] {processor.py:830} INFO - Processing file /home/airflow/.local/lib/python3.12/site-packages/airflow/example_dags/example_setup_teardown.py for tasks to queue
[2024-06-18T02:33:27.141+0000] {logging_mixin.py:188} INFO - [2024-06-18T02:33:27.140+0000] {dagbag.py:545} INFO - Filling up the DagBag from /home/airflow/.local/lib/python3.12/site-packages/airflow/example_dags/example_setup_teardown.py
[2024-06-18T02:33:27.154+0000] {processor.py:840} INFO - DAG(s) 'example_setup_teardown' retrieved from /home/airflow/.local/lib/python3.12/site-packages/airflow/example_dags/example_setup_teardown.py
[2024-06-18T02:33:27.204+0000] {logging_mixin.py:188} INFO - [2024-06-18T02:33:27.204+0000] {dag.py:3096} INFO - Sync 1 DAGs
[2024-06-18T02:33:27.235+0000] {logging_mixin.py:188} INFO - [2024-06-18T02:33:27.234+0000] {dag.py:3954} INFO - Setting next_dagrun for example_setup_teardown to 2024-06-17 00:00:00+00:00, run_after=2024-06-18 00:00:00+00:00
[2024-06-18T02:33:27.258+0000] {processor.py:183} INFO - Processing /home/airflow/.local/lib/python3.12/site-packages/airflow/example_dags/example_setup_teardown.py took 0.129 seconds
[2024-06-18T02:33:57.989+0000] {processor.py:161} INFO - Started process (PID=66598) to work on /home/airflow/.local/lib/python3.12/site-packages/airflow/example_dags/example_setup_teardown.py
[2024-06-18T02:33:57.990+0000] {processor.py:830} INFO - Processing file /home/airflow/.local/lib/python3.12/site-packages/airflow/example_dags/example_setup_teardown.py for tasks to queue
[2024-06-18T02:33:57.991+0000] {logging_mixin.py:188} INFO - [2024-06-18T02:33:57.991+0000] {dagbag.py:545} INFO - Filling up the DagBag from /home/airflow/.local/lib/python3.12/site-packages/airflow/example_dags/example_setup_teardown.py
[2024-06-18T02:33:57.998+0000] {processor.py:840} INFO - DAG(s) 'example_setup_teardown' retrieved from /home/airflow/.local/lib/python3.12/site-packages/airflow/example_dags/example_setup_teardown.py
[2024-06-18T02:33:58.020+0000] {logging_mixin.py:188} INFO - [2024-06-18T02:33:58.020+0000] {dag.py:3096} INFO - Sync 1 DAGs
[2024-06-18T02:33:58.043+0000] {logging_mixin.py:188} INFO - [2024-06-18T02:33:58.042+0000] {dag.py:3954} INFO - Setting next_dagrun for example_setup_teardown to 2024-06-17 00:00:00+00:00, run_after=2024-06-18 00:00:00+00:00
[2024-06-18T02:33:58.064+0000] {processor.py:183} INFO - Processing /home/airflow/.local/lib/python3.12/site-packages/airflow/example_dags/example_setup_teardown.py took 0.082 seconds
[2024-06-18T02:34:28.601+0000] {processor.py:161} INFO - Started process (PID=66656) to work on /home/airflow/.local/lib/python3.12/site-packages/airflow/example_dags/example_setup_teardown.py
[2024-06-18T02:34:28.602+0000] {processor.py:830} INFO - Processing file /home/airflow/.local/lib/python3.12/site-packages/airflow/example_dags/example_setup_teardown.py for tasks to queue
[2024-06-18T02:34:28.603+0000] {logging_mixin.py:188} INFO - [2024-06-18T02:34:28.603+0000] {dagbag.py:545} INFO - Filling up the DagBag from /home/airflow/.local/lib/python3.12/site-packages/airflow/example_dags/example_setup_teardown.py
[2024-06-18T02:34:28.610+0000] {processor.py:840} INFO - DAG(s) 'example_setup_teardown' retrieved from /home/airflow/.local/lib/python3.12/site-packages/airflow/example_dags/example_setup_teardown.py
[2024-06-18T02:34:28.631+0000] {logging_mixin.py:188} INFO - [2024-06-18T02:34:28.631+0000] {dag.py:3096} INFO - Sync 1 DAGs
[2024-06-18T02:34:28.652+0000] {logging_mixin.py:188} INFO - [2024-06-18T02:34:28.652+0000] {dag.py:3954} INFO - Setting next_dagrun for example_setup_teardown to 2024-06-17 00:00:00+00:00, run_after=2024-06-18 00:00:00+00:00
[2024-06-18T02:34:28.670+0000] {processor.py:183} INFO - Processing /home/airflow/.local/lib/python3.12/site-packages/airflow/example_dags/example_setup_teardown.py took 0.074 seconds
[2024-06-18T02:34:58.934+0000] {processor.py:161} INFO - Started process (PID=66714) to work on /home/airflow/.local/lib/python3.12/site-packages/airflow/example_dags/example_setup_teardown.py
[2024-06-18T02:34:58.935+0000] {processor.py:830} INFO - Processing file /home/airflow/.local/lib/python3.12/site-packages/airflow/example_dags/example_setup_teardown.py for tasks to queue
[2024-06-18T02:34:58.936+0000] {logging_mixin.py:188} INFO - [2024-06-18T02:34:58.936+0000] {dagbag.py:545} INFO - Filling up the DagBag from /home/airflow/.local/lib/python3.12/site-packages/airflow/example_dags/example_setup_teardown.py
[2024-06-18T02:34:58.945+0000] {processor.py:840} INFO - DAG(s) 'example_setup_teardown' retrieved from /home/airflow/.local/lib/python3.12/site-packages/airflow/example_dags/example_setup_teardown.py
[2024-06-18T02:34:58.970+0000] {logging_mixin.py:188} INFO - [2024-06-18T02:34:58.969+0000] {dag.py:3096} INFO - Sync 1 DAGs
[2024-06-18T02:34:58.993+0000] {logging_mixin.py:188} INFO - [2024-06-18T02:34:58.993+0000] {dag.py:3954} INFO - Setting next_dagrun for example_setup_teardown to 2024-06-17 00:00:00+00:00, run_after=2024-06-18 00:00:00+00:00
[2024-06-18T02:34:59.014+0000] {processor.py:183} INFO - Processing /home/airflow/.local/lib/python3.12/site-packages/airflow/example_dags/example_setup_teardown.py took 0.087 seconds
[2024-06-18T02:35:29.282+0000] {processor.py:161} INFO - Started process (PID=66772) to work on /home/airflow/.local/lib/python3.12/site-packages/airflow/example_dags/example_setup_teardown.py
[2024-06-18T02:35:29.283+0000] {processor.py:830} INFO - Processing file /home/airflow/.local/lib/python3.12/site-packages/airflow/example_dags/example_setup_teardown.py for tasks to queue
[2024-06-18T02:35:29.283+0000] {logging_mixin.py:188} INFO - [2024-06-18T02:35:29.283+0000] {dagbag.py:545} INFO - Filling up the DagBag from /home/airflow/.local/lib/python3.12/site-packages/airflow/example_dags/example_setup_teardown.py
[2024-06-18T02:35:29.291+0000] {processor.py:840} INFO - DAG(s) 'example_setup_teardown' retrieved from /home/airflow/.local/lib/python3.12/site-packages/airflow/example_dags/example_setup_teardown.py
[2024-06-18T02:35:29.324+0000] {logging_mixin.py:188} INFO - [2024-06-18T02:35:29.324+0000] {dag.py:3096} INFO - Sync 1 DAGs
[2024-06-18T02:35:29.362+0000] {logging_mixin.py:188} INFO - [2024-06-18T02:35:29.362+0000] {dag.py:3954} INFO - Setting next_dagrun for example_setup_teardown to 2024-06-17 00:00:00+00:00, run_after=2024-06-18 00:00:00+00:00
[2024-06-18T02:35:29.390+0000] {processor.py:183} INFO - Processing /home/airflow/.local/lib/python3.12/site-packages/airflow/example_dags/example_setup_teardown.py took 0.115 seconds
[2024-06-18T02:35:59.428+0000] {processor.py:161} INFO - Started process (PID=66830) to work on /home/airflow/.local/lib/python3.12/site-packages/airflow/example_dags/example_setup_teardown.py
[2024-06-18T02:35:59.429+0000] {processor.py:830} INFO - Processing file /home/airflow/.local/lib/python3.12/site-packages/airflow/example_dags/example_setup_teardown.py for tasks to queue
[2024-06-18T02:35:59.430+0000] {logging_mixin.py:188} INFO - [2024-06-18T02:35:59.430+0000] {dagbag.py:545} INFO - Filling up the DagBag from /home/airflow/.local/lib/python3.12/site-packages/airflow/example_dags/example_setup_teardown.py
[2024-06-18T02:35:59.437+0000] {processor.py:840} INFO - DAG(s) 'example_setup_teardown' retrieved from /home/airflow/.local/lib/python3.12/site-packages/airflow/example_dags/example_setup_teardown.py
[2024-06-18T02:35:59.462+0000] {logging_mixin.py:188} INFO - [2024-06-18T02:35:59.462+0000] {dag.py:3096} INFO - Sync 1 DAGs
[2024-06-18T02:35:59.488+0000] {logging_mixin.py:188} INFO - [2024-06-18T02:35:59.488+0000] {dag.py:3954} INFO - Setting next_dagrun for example_setup_teardown to 2024-06-17 00:00:00+00:00, run_after=2024-06-18 00:00:00+00:00
[2024-06-18T02:35:59.513+0000] {processor.py:183} INFO - Processing /home/airflow/.local/lib/python3.12/site-packages/airflow/example_dags/example_setup_teardown.py took 0.092 seconds
[2024-06-18T02:36:29.631+0000] {processor.py:161} INFO - Started process (PID=66888) to work on /home/airflow/.local/lib/python3.12/site-packages/airflow/example_dags/example_setup_teardown.py
[2024-06-18T02:36:29.632+0000] {processor.py:830} INFO - Processing file /home/airflow/.local/lib/python3.12/site-packages/airflow/example_dags/example_setup_teardown.py for tasks to queue
[2024-06-18T02:36:29.634+0000] {logging_mixin.py:188} INFO - [2024-06-18T02:36:29.633+0000] {dagbag.py:545} INFO - Filling up the DagBag from /home/airflow/.local/lib/python3.12/site-packages/airflow/example_dags/example_setup_teardown.py
[2024-06-18T02:36:29.645+0000] {processor.py:840} INFO - DAG(s) 'example_setup_teardown' retrieved from /home/airflow/.local/lib/python3.12/site-packages/airflow/example_dags/example_setup_teardown.py
[2024-06-18T02:36:29.670+0000] {logging_mixin.py:188} INFO - [2024-06-18T02:36:29.670+0000] {dag.py:3096} INFO - Sync 1 DAGs
[2024-06-18T02:36:29.702+0000] {logging_mixin.py:188} INFO - [2024-06-18T02:36:29.702+0000] {dag.py:3954} INFO - Setting next_dagrun for example_setup_teardown to 2024-06-17 00:00:00+00:00, run_after=2024-06-18 00:00:00+00:00
[2024-06-18T02:36:29.722+0000] {processor.py:183} INFO - Processing /home/airflow/.local/lib/python3.12/site-packages/airflow/example_dags/example_setup_teardown.py took 0.099 seconds
[2024-06-18T02:37:00.680+0000] {processor.py:161} INFO - Started process (PID=66946) to work on /home/airflow/.local/lib/python3.12/site-packages/airflow/example_dags/example_setup_teardown.py
[2024-06-18T02:37:00.682+0000] {processor.py:830} INFO - Processing file /home/airflow/.local/lib/python3.12/site-packages/airflow/example_dags/example_setup_teardown.py for tasks to queue
[2024-06-18T02:37:00.683+0000] {logging_mixin.py:188} INFO - [2024-06-18T02:37:00.682+0000] {dagbag.py:545} INFO - Filling up the DagBag from /home/airflow/.local/lib/python3.12/site-packages/airflow/example_dags/example_setup_teardown.py
[2024-06-18T02:37:00.693+0000] {processor.py:840} INFO - DAG(s) 'example_setup_teardown' retrieved from /home/airflow/.local/lib/python3.12/site-packages/airflow/example_dags/example_setup_teardown.py
[2024-06-18T02:37:00.717+0000] {logging_mixin.py:188} INFO - [2024-06-18T02:37:00.716+0000] {dag.py:3096} INFO - Sync 1 DAGs
[2024-06-18T02:37:00.741+0000] {logging_mixin.py:188} INFO - [2024-06-18T02:37:00.741+0000] {dag.py:3954} INFO - Setting next_dagrun for example_setup_teardown to 2024-06-17 00:00:00+00:00, run_after=2024-06-18 00:00:00+00:00
[2024-06-18T02:37:00.763+0000] {processor.py:183} INFO - Processing /home/airflow/.local/lib/python3.12/site-packages/airflow/example_dags/example_setup_teardown.py took 0.089 seconds
[2024-06-18T02:37:31.558+0000] {processor.py:161} INFO - Started process (PID=67004) to work on /home/airflow/.local/lib/python3.12/site-packages/airflow/example_dags/example_setup_teardown.py
[2024-06-18T02:37:31.559+0000] {processor.py:830} INFO - Processing file /home/airflow/.local/lib/python3.12/site-packages/airflow/example_dags/example_setup_teardown.py for tasks to queue
[2024-06-18T02:37:31.560+0000] {logging_mixin.py:188} INFO - [2024-06-18T02:37:31.560+0000] {dagbag.py:545} INFO - Filling up the DagBag from /home/airflow/.local/lib/python3.12/site-packages/airflow/example_dags/example_setup_teardown.py
[2024-06-18T02:37:31.567+0000] {processor.py:840} INFO - DAG(s) 'example_setup_teardown' retrieved from /home/airflow/.local/lib/python3.12/site-packages/airflow/example_dags/example_setup_teardown.py
[2024-06-18T02:37:31.590+0000] {logging_mixin.py:188} INFO - [2024-06-18T02:37:31.590+0000] {dag.py:3096} INFO - Sync 1 DAGs
[2024-06-18T02:37:31.614+0000] {logging_mixin.py:188} INFO - [2024-06-18T02:37:31.614+0000] {dag.py:3954} INFO - Setting next_dagrun for example_setup_teardown to 2024-06-17 00:00:00+00:00, run_after=2024-06-18 00:00:00+00:00
[2024-06-18T02:37:31.632+0000] {processor.py:183} INFO - Processing /home/airflow/.local/lib/python3.12/site-packages/airflow/example_dags/example_setup_teardown.py took 0.084 seconds
[2024-06-18T02:38:02.344+0000] {processor.py:161} INFO - Started process (PID=67062) to work on /home/airflow/.local/lib/python3.12/site-packages/airflow/example_dags/example_setup_teardown.py
[2024-06-18T02:38:02.346+0000] {processor.py:830} INFO - Processing file /home/airflow/.local/lib/python3.12/site-packages/airflow/example_dags/example_setup_teardown.py for tasks to queue
[2024-06-18T02:38:02.348+0000] {logging_mixin.py:188} INFO - [2024-06-18T02:38:02.347+0000] {dagbag.py:545} INFO - Filling up the DagBag from /home/airflow/.local/lib/python3.12/site-packages/airflow/example_dags/example_setup_teardown.py
[2024-06-18T02:38:02.366+0000] {processor.py:840} INFO - DAG(s) 'example_setup_teardown' retrieved from /home/airflow/.local/lib/python3.12/site-packages/airflow/example_dags/example_setup_teardown.py
[2024-06-18T02:38:02.409+0000] {logging_mixin.py:188} INFO - [2024-06-18T02:38:02.409+0000] {dag.py:3096} INFO - Sync 1 DAGs
[2024-06-18T02:38:02.465+0000] {logging_mixin.py:188} INFO - [2024-06-18T02:38:02.464+0000] {dag.py:3954} INFO - Setting next_dagrun for example_setup_teardown to 2024-06-17 00:00:00+00:00, run_after=2024-06-18 00:00:00+00:00
[2024-06-18T02:38:02.509+0000] {processor.py:183} INFO - Processing /home/airflow/.local/lib/python3.12/site-packages/airflow/example_dags/example_setup_teardown.py took 0.178 seconds
[2024-06-18T02:38:32.902+0000] {processor.py:161} INFO - Started process (PID=67120) to work on /home/airflow/.local/lib/python3.12/site-packages/airflow/example_dags/example_setup_teardown.py
[2024-06-18T02:38:32.904+0000] {processor.py:830} INFO - Processing file /home/airflow/.local/lib/python3.12/site-packages/airflow/example_dags/example_setup_teardown.py for tasks to queue
[2024-06-18T02:38:32.905+0000] {logging_mixin.py:188} INFO - [2024-06-18T02:38:32.904+0000] {dagbag.py:545} INFO - Filling up the DagBag from /home/airflow/.local/lib/python3.12/site-packages/airflow/example_dags/example_setup_teardown.py
[2024-06-18T02:38:32.914+0000] {processor.py:840} INFO - DAG(s) 'example_setup_teardown' retrieved from /home/airflow/.local/lib/python3.12/site-packages/airflow/example_dags/example_setup_teardown.py
[2024-06-18T02:38:32.940+0000] {logging_mixin.py:188} INFO - [2024-06-18T02:38:32.939+0000] {dag.py:3096} INFO - Sync 1 DAGs
[2024-06-18T02:38:32.968+0000] {logging_mixin.py:188} INFO - [2024-06-18T02:38:32.968+0000] {dag.py:3954} INFO - Setting next_dagrun for example_setup_teardown to 2024-06-17 00:00:00+00:00, run_after=2024-06-18 00:00:00+00:00
[2024-06-18T02:38:32.990+0000] {processor.py:183} INFO - Processing /home/airflow/.local/lib/python3.12/site-packages/airflow/example_dags/example_setup_teardown.py took 0.094 seconds
[2024-06-18T02:39:03.286+0000] {processor.py:161} INFO - Started process (PID=67178) to work on /home/airflow/.local/lib/python3.12/site-packages/airflow/example_dags/example_setup_teardown.py
[2024-06-18T02:39:03.287+0000] {processor.py:830} INFO - Processing file /home/airflow/.local/lib/python3.12/site-packages/airflow/example_dags/example_setup_teardown.py for tasks to queue
[2024-06-18T02:39:03.288+0000] {logging_mixin.py:188} INFO - [2024-06-18T02:39:03.288+0000] {dagbag.py:545} INFO - Filling up the DagBag from /home/airflow/.local/lib/python3.12/site-packages/airflow/example_dags/example_setup_teardown.py
[2024-06-18T02:39:03.297+0000] {processor.py:840} INFO - DAG(s) 'example_setup_teardown' retrieved from /home/airflow/.local/lib/python3.12/site-packages/airflow/example_dags/example_setup_teardown.py
[2024-06-18T02:39:03.320+0000] {logging_mixin.py:188} INFO - [2024-06-18T02:39:03.320+0000] {dag.py:3096} INFO - Sync 1 DAGs
[2024-06-18T02:39:03.348+0000] {logging_mixin.py:188} INFO - [2024-06-18T02:39:03.348+0000] {dag.py:3954} INFO - Setting next_dagrun for example_setup_teardown to 2024-06-17 00:00:00+00:00, run_after=2024-06-18 00:00:00+00:00
[2024-06-18T02:39:03.368+0000] {processor.py:183} INFO - Processing /home/airflow/.local/lib/python3.12/site-packages/airflow/example_dags/example_setup_teardown.py took 0.087 seconds
[2024-06-18T02:39:33.944+0000] {processor.py:161} INFO - Started process (PID=67237) to work on /home/airflow/.local/lib/python3.12/site-packages/airflow/example_dags/example_setup_teardown.py
[2024-06-18T02:39:33.945+0000] {processor.py:830} INFO - Processing file /home/airflow/.local/lib/python3.12/site-packages/airflow/example_dags/example_setup_teardown.py for tasks to queue
[2024-06-18T02:39:33.946+0000] {logging_mixin.py:188} INFO - [2024-06-18T02:39:33.946+0000] {dagbag.py:545} INFO - Filling up the DagBag from /home/airflow/.local/lib/python3.12/site-packages/airflow/example_dags/example_setup_teardown.py
[2024-06-18T02:39:33.958+0000] {processor.py:840} INFO - DAG(s) 'example_setup_teardown' retrieved from /home/airflow/.local/lib/python3.12/site-packages/airflow/example_dags/example_setup_teardown.py
[2024-06-18T02:39:33.990+0000] {logging_mixin.py:188} INFO - [2024-06-18T02:39:33.990+0000] {dag.py:3096} INFO - Sync 1 DAGs
[2024-06-18T02:39:34.033+0000] {logging_mixin.py:188} INFO - [2024-06-18T02:39:34.032+0000] {dag.py:3954} INFO - Setting next_dagrun for example_setup_teardown to 2024-06-17 00:00:00+00:00, run_after=2024-06-18 00:00:00+00:00
[2024-06-18T02:39:34.062+0000] {processor.py:183} INFO - Processing /home/airflow/.local/lib/python3.12/site-packages/airflow/example_dags/example_setup_teardown.py took 0.125 seconds
[2024-06-18T02:52:51.648+0000] {processor.py:161} INFO - Started process (PID=67306) to work on /home/airflow/.local/lib/python3.12/site-packages/airflow/example_dags/example_setup_teardown.py
[2024-06-18T02:52:51.652+0000] {processor.py:830} INFO - Processing file /home/airflow/.local/lib/python3.12/site-packages/airflow/example_dags/example_setup_teardown.py for tasks to queue
[2024-06-18T02:52:51.653+0000] {logging_mixin.py:188} INFO - [2024-06-18T02:52:51.653+0000] {dagbag.py:545} INFO - Filling up the DagBag from /home/airflow/.local/lib/python3.12/site-packages/airflow/example_dags/example_setup_teardown.py
[2024-06-18T02:52:51.664+0000] {processor.py:840} INFO - DAG(s) 'example_setup_teardown' retrieved from /home/airflow/.local/lib/python3.12/site-packages/airflow/example_dags/example_setup_teardown.py
[2024-06-18T02:52:51.687+0000] {logging_mixin.py:188} INFO - [2024-06-18T02:52:51.687+0000] {dag.py:3096} INFO - Sync 1 DAGs
[2024-06-18T02:52:51.776+0000] {logging_mixin.py:188} INFO - [2024-06-18T02:52:51.775+0000] {dag.py:3954} INFO - Setting next_dagrun for example_setup_teardown to 2024-06-17 00:00:00+00:00, run_after=2024-06-18 00:00:00+00:00
[2024-06-18T02:52:51.799+0000] {processor.py:183} INFO - Processing /home/airflow/.local/lib/python3.12/site-packages/airflow/example_dags/example_setup_teardown.py took 0.156 seconds
[2024-06-18T02:53:24.645+0000] {processor.py:161} INFO - Started process (PID=67366) to work on /home/airflow/.local/lib/python3.12/site-packages/airflow/example_dags/example_setup_teardown.py
[2024-06-18T02:53:24.647+0000] {processor.py:830} INFO - Processing file /home/airflow/.local/lib/python3.12/site-packages/airflow/example_dags/example_setup_teardown.py for tasks to queue
[2024-06-18T02:53:24.648+0000] {logging_mixin.py:188} INFO - [2024-06-18T02:53:24.647+0000] {dagbag.py:545} INFO - Filling up the DagBag from /home/airflow/.local/lib/python3.12/site-packages/airflow/example_dags/example_setup_teardown.py
[2024-06-18T02:53:24.655+0000] {processor.py:840} INFO - DAG(s) 'example_setup_teardown' retrieved from /home/airflow/.local/lib/python3.12/site-packages/airflow/example_dags/example_setup_teardown.py
[2024-06-18T02:53:24.679+0000] {logging_mixin.py:188} INFO - [2024-06-18T02:53:24.678+0000] {dag.py:3096} INFO - Sync 1 DAGs
[2024-06-18T02:53:24.701+0000] {logging_mixin.py:188} INFO - [2024-06-18T02:53:24.701+0000] {dag.py:3954} INFO - Setting next_dagrun for example_setup_teardown to 2024-06-17 00:00:00+00:00, run_after=2024-06-18 00:00:00+00:00
[2024-06-18T02:53:24.725+0000] {processor.py:183} INFO - Processing /home/airflow/.local/lib/python3.12/site-packages/airflow/example_dags/example_setup_teardown.py took 0.085 seconds
[2024-06-18T02:53:55.059+0000] {processor.py:161} INFO - Started process (PID=67422) to work on /home/airflow/.local/lib/python3.12/site-packages/airflow/example_dags/example_setup_teardown.py
[2024-06-18T02:53:55.060+0000] {processor.py:830} INFO - Processing file /home/airflow/.local/lib/python3.12/site-packages/airflow/example_dags/example_setup_teardown.py for tasks to queue
[2024-06-18T02:53:55.061+0000] {logging_mixin.py:188} INFO - [2024-06-18T02:53:55.060+0000] {dagbag.py:545} INFO - Filling up the DagBag from /home/airflow/.local/lib/python3.12/site-packages/airflow/example_dags/example_setup_teardown.py
[2024-06-18T02:53:55.068+0000] {processor.py:840} INFO - DAG(s) 'example_setup_teardown' retrieved from /home/airflow/.local/lib/python3.12/site-packages/airflow/example_dags/example_setup_teardown.py
[2024-06-18T02:53:55.092+0000] {logging_mixin.py:188} INFO - [2024-06-18T02:53:55.091+0000] {dag.py:3096} INFO - Sync 1 DAGs
[2024-06-18T02:53:55.118+0000] {logging_mixin.py:188} INFO - [2024-06-18T02:53:55.118+0000] {dag.py:3954} INFO - Setting next_dagrun for example_setup_teardown to 2024-06-17 00:00:00+00:00, run_after=2024-06-18 00:00:00+00:00
[2024-06-18T02:53:55.139+0000] {processor.py:183} INFO - Processing /home/airflow/.local/lib/python3.12/site-packages/airflow/example_dags/example_setup_teardown.py took 0.086 seconds
[2024-06-18T02:54:25.299+0000] {processor.py:161} INFO - Started process (PID=67480) to work on /home/airflow/.local/lib/python3.12/site-packages/airflow/example_dags/example_setup_teardown.py
[2024-06-18T02:54:25.300+0000] {processor.py:830} INFO - Processing file /home/airflow/.local/lib/python3.12/site-packages/airflow/example_dags/example_setup_teardown.py for tasks to queue
[2024-06-18T02:54:25.301+0000] {logging_mixin.py:188} INFO - [2024-06-18T02:54:25.301+0000] {dagbag.py:545} INFO - Filling up the DagBag from /home/airflow/.local/lib/python3.12/site-packages/airflow/example_dags/example_setup_teardown.py
[2024-06-18T02:54:25.308+0000] {processor.py:840} INFO - DAG(s) 'example_setup_teardown' retrieved from /home/airflow/.local/lib/python3.12/site-packages/airflow/example_dags/example_setup_teardown.py
[2024-06-18T02:54:25.333+0000] {logging_mixin.py:188} INFO - [2024-06-18T02:54:25.333+0000] {dag.py:3096} INFO - Sync 1 DAGs
[2024-06-18T02:54:25.354+0000] {logging_mixin.py:188} INFO - [2024-06-18T02:54:25.354+0000] {dag.py:3954} INFO - Setting next_dagrun for example_setup_teardown to 2024-06-17 00:00:00+00:00, run_after=2024-06-18 00:00:00+00:00
[2024-06-18T02:54:25.376+0000] {processor.py:183} INFO - Processing /home/airflow/.local/lib/python3.12/site-packages/airflow/example_dags/example_setup_teardown.py took 0.084 seconds
[2024-06-18T02:54:55.545+0000] {processor.py:161} INFO - Started process (PID=67538) to work on /home/airflow/.local/lib/python3.12/site-packages/airflow/example_dags/example_setup_teardown.py
[2024-06-18T02:54:55.548+0000] {processor.py:830} INFO - Processing file /home/airflow/.local/lib/python3.12/site-packages/airflow/example_dags/example_setup_teardown.py for tasks to queue
[2024-06-18T02:54:55.549+0000] {logging_mixin.py:188} INFO - [2024-06-18T02:54:55.549+0000] {dagbag.py:545} INFO - Filling up the DagBag from /home/airflow/.local/lib/python3.12/site-packages/airflow/example_dags/example_setup_teardown.py
[2024-06-18T02:54:55.556+0000] {processor.py:840} INFO - DAG(s) 'example_setup_teardown' retrieved from /home/airflow/.local/lib/python3.12/site-packages/airflow/example_dags/example_setup_teardown.py
[2024-06-18T02:54:55.578+0000] {logging_mixin.py:188} INFO - [2024-06-18T02:54:55.578+0000] {dag.py:3096} INFO - Sync 1 DAGs
[2024-06-18T02:54:55.602+0000] {logging_mixin.py:188} INFO - [2024-06-18T02:54:55.602+0000] {dag.py:3954} INFO - Setting next_dagrun for example_setup_teardown to 2024-06-17 00:00:00+00:00, run_after=2024-06-18 00:00:00+00:00
[2024-06-18T02:54:55.623+0000] {processor.py:183} INFO - Processing /home/airflow/.local/lib/python3.12/site-packages/airflow/example_dags/example_setup_teardown.py took 0.085 seconds
[2024-06-18T02:55:25.748+0000] {processor.py:161} INFO - Started process (PID=67596) to work on /home/airflow/.local/lib/python3.12/site-packages/airflow/example_dags/example_setup_teardown.py
[2024-06-18T02:55:25.749+0000] {processor.py:830} INFO - Processing file /home/airflow/.local/lib/python3.12/site-packages/airflow/example_dags/example_setup_teardown.py for tasks to queue
[2024-06-18T02:55:25.749+0000] {logging_mixin.py:188} INFO - [2024-06-18T02:55:25.749+0000] {dagbag.py:545} INFO - Filling up the DagBag from /home/airflow/.local/lib/python3.12/site-packages/airflow/example_dags/example_setup_teardown.py
[2024-06-18T02:55:25.757+0000] {processor.py:840} INFO - DAG(s) 'example_setup_teardown' retrieved from /home/airflow/.local/lib/python3.12/site-packages/airflow/example_dags/example_setup_teardown.py
[2024-06-18T02:55:25.777+0000] {logging_mixin.py:188} INFO - [2024-06-18T02:55:25.777+0000] {dag.py:3096} INFO - Sync 1 DAGs
[2024-06-18T02:55:25.799+0000] {logging_mixin.py:188} INFO - [2024-06-18T02:55:25.799+0000] {dag.py:3954} INFO - Setting next_dagrun for example_setup_teardown to 2024-06-17 00:00:00+00:00, run_after=2024-06-18 00:00:00+00:00
[2024-06-18T02:55:25.821+0000] {processor.py:183} INFO - Processing /home/airflow/.local/lib/python3.12/site-packages/airflow/example_dags/example_setup_teardown.py took 0.079 seconds
[2024-06-18T02:55:56.101+0000] {processor.py:161} INFO - Started process (PID=67654) to work on /home/airflow/.local/lib/python3.12/site-packages/airflow/example_dags/example_setup_teardown.py
[2024-06-18T02:55:56.103+0000] {processor.py:830} INFO - Processing file /home/airflow/.local/lib/python3.12/site-packages/airflow/example_dags/example_setup_teardown.py for tasks to queue
[2024-06-18T02:55:56.104+0000] {logging_mixin.py:188} INFO - [2024-06-18T02:55:56.103+0000] {dagbag.py:545} INFO - Filling up the DagBag from /home/airflow/.local/lib/python3.12/site-packages/airflow/example_dags/example_setup_teardown.py
[2024-06-18T02:55:56.112+0000] {processor.py:840} INFO - DAG(s) 'example_setup_teardown' retrieved from /home/airflow/.local/lib/python3.12/site-packages/airflow/example_dags/example_setup_teardown.py
[2024-06-18T02:55:56.141+0000] {logging_mixin.py:188} INFO - [2024-06-18T02:55:56.141+0000] {dag.py:3096} INFO - Sync 1 DAGs
[2024-06-18T02:55:56.172+0000] {logging_mixin.py:188} INFO - [2024-06-18T02:55:56.172+0000] {dag.py:3954} INFO - Setting next_dagrun for example_setup_teardown to 2024-06-17 00:00:00+00:00, run_after=2024-06-18 00:00:00+00:00
[2024-06-18T02:55:56.199+0000] {processor.py:183} INFO - Processing /home/airflow/.local/lib/python3.12/site-packages/airflow/example_dags/example_setup_teardown.py took 0.105 seconds
[2024-06-18T02:56:26.467+0000] {processor.py:161} INFO - Started process (PID=67712) to work on /home/airflow/.local/lib/python3.12/site-packages/airflow/example_dags/example_setup_teardown.py
[2024-06-18T02:56:26.478+0000] {processor.py:830} INFO - Processing file /home/airflow/.local/lib/python3.12/site-packages/airflow/example_dags/example_setup_teardown.py for tasks to queue
[2024-06-18T02:56:26.479+0000] {logging_mixin.py:188} INFO - [2024-06-18T02:56:26.479+0000] {dagbag.py:545} INFO - Filling up the DagBag from /home/airflow/.local/lib/python3.12/site-packages/airflow/example_dags/example_setup_teardown.py
[2024-06-18T02:56:26.504+0000] {processor.py:840} INFO - DAG(s) 'example_setup_teardown' retrieved from /home/airflow/.local/lib/python3.12/site-packages/airflow/example_dags/example_setup_teardown.py
[2024-06-18T02:56:26.580+0000] {logging_mixin.py:188} INFO - [2024-06-18T02:56:26.579+0000] {dag.py:3096} INFO - Sync 1 DAGs
[2024-06-18T02:56:26.629+0000] {logging_mixin.py:188} INFO - [2024-06-18T02:56:26.628+0000] {dag.py:3954} INFO - Setting next_dagrun for example_setup_teardown to 2024-06-17 00:00:00+00:00, run_after=2024-06-18 00:00:00+00:00
[2024-06-18T02:56:26.691+0000] {processor.py:183} INFO - Processing /home/airflow/.local/lib/python3.12/site-packages/airflow/example_dags/example_setup_teardown.py took 0.233 seconds
