[2024-06-18T02:21:45.531+0000] {processor.py:161} INFO - Started process (PID=65219) to work on /home/airflow/.local/lib/python3.12/site-packages/airflow/example_dags/tutorial_taskflow_api.py
[2024-06-18T02:21:45.532+0000] {processor.py:830} INFO - Processing file /home/airflow/.local/lib/python3.12/site-packages/airflow/example_dags/tutorial_taskflow_api.py for tasks to queue
[2024-06-18T02:21:45.532+0000] {logging_mixin.py:188} INFO - [2024-06-18T02:21:45.532+0000] {dagbag.py:545} INFO - Filling up the DagBag from /home/airflow/.local/lib/python3.12/site-packages/airflow/example_dags/tutorial_taskflow_api.py
[2024-06-18T02:21:45.540+0000] {processor.py:840} INFO - DAG(s) 'tutorial_taskflow_api' retrieved from /home/airflow/.local/lib/python3.12/site-packages/airflow/example_dags/tutorial_taskflow_api.py
[2024-06-18T02:21:45.575+0000] {logging_mixin.py:188} INFO - [2024-06-18T02:21:45.574+0000] {dag.py:3096} INFO - Sync 1 DAGs
[2024-06-18T02:21:45.595+0000] {logging_mixin.py:188} INFO - [2024-06-18T02:21:45.595+0000] {dag.py:3954} INFO - Setting next_dagrun for tutorial_taskflow_api to None, run_after=None
[2024-06-18T02:21:45.622+0000] {processor.py:183} INFO - Processing /home/airflow/.local/lib/python3.12/site-packages/airflow/example_dags/tutorial_taskflow_api.py took 0.098 seconds
[2024-06-18T02:22:16.745+0000] {processor.py:161} INFO - Started process (PID=65277) to work on /home/airflow/.local/lib/python3.12/site-packages/airflow/example_dags/tutorial_taskflow_api.py
[2024-06-18T02:22:16.746+0000] {processor.py:830} INFO - Processing file /home/airflow/.local/lib/python3.12/site-packages/airflow/example_dags/tutorial_taskflow_api.py for tasks to queue
[2024-06-18T02:22:16.748+0000] {logging_mixin.py:188} INFO - [2024-06-18T02:22:16.747+0000] {dagbag.py:545} INFO - Filling up the DagBag from /home/airflow/.local/lib/python3.12/site-packages/airflow/example_dags/tutorial_taskflow_api.py
[2024-06-18T02:22:16.822+0000] {processor.py:840} INFO - DAG(s) 'tutorial_taskflow_api' retrieved from /home/airflow/.local/lib/python3.12/site-packages/airflow/example_dags/tutorial_taskflow_api.py
[2024-06-18T02:22:16.962+0000] {logging_mixin.py:188} INFO - [2024-06-18T02:22:16.961+0000] {dag.py:3096} INFO - Sync 1 DAGs
[2024-06-18T02:22:17.010+0000] {logging_mixin.py:188} INFO - [2024-06-18T02:22:17.009+0000] {dag.py:3954} INFO - Setting next_dagrun for tutorial_taskflow_api to None, run_after=None
[2024-06-18T02:22:17.070+0000] {processor.py:183} INFO - Processing /home/airflow/.local/lib/python3.12/site-packages/airflow/example_dags/tutorial_taskflow_api.py took 0.335 seconds
[2024-06-18T02:22:47.150+0000] {processor.py:161} INFO - Started process (PID=65335) to work on /home/airflow/.local/lib/python3.12/site-packages/airflow/example_dags/tutorial_taskflow_api.py
[2024-06-18T02:22:47.151+0000] {processor.py:830} INFO - Processing file /home/airflow/.local/lib/python3.12/site-packages/airflow/example_dags/tutorial_taskflow_api.py for tasks to queue
[2024-06-18T02:22:47.151+0000] {logging_mixin.py:188} INFO - [2024-06-18T02:22:47.151+0000] {dagbag.py:545} INFO - Filling up the DagBag from /home/airflow/.local/lib/python3.12/site-packages/airflow/example_dags/tutorial_taskflow_api.py
[2024-06-18T02:22:47.159+0000] {processor.py:840} INFO - DAG(s) 'tutorial_taskflow_api' retrieved from /home/airflow/.local/lib/python3.12/site-packages/airflow/example_dags/tutorial_taskflow_api.py
[2024-06-18T02:22:47.179+0000] {logging_mixin.py:188} INFO - [2024-06-18T02:22:47.179+0000] {dag.py:3096} INFO - Sync 1 DAGs
[2024-06-18T02:22:47.194+0000] {logging_mixin.py:188} INFO - [2024-06-18T02:22:47.194+0000] {dag.py:3954} INFO - Setting next_dagrun for tutorial_taskflow_api to None, run_after=None
[2024-06-18T02:22:47.216+0000] {processor.py:183} INFO - Processing /home/airflow/.local/lib/python3.12/site-packages/airflow/example_dags/tutorial_taskflow_api.py took 0.072 seconds
[2024-06-18T02:23:17.820+0000] {processor.py:161} INFO - Started process (PID=65394) to work on /home/airflow/.local/lib/python3.12/site-packages/airflow/example_dags/tutorial_taskflow_api.py
[2024-06-18T02:23:17.821+0000] {processor.py:830} INFO - Processing file /home/airflow/.local/lib/python3.12/site-packages/airflow/example_dags/tutorial_taskflow_api.py for tasks to queue
[2024-06-18T02:23:17.823+0000] {logging_mixin.py:188} INFO - [2024-06-18T02:23:17.822+0000] {dagbag.py:545} INFO - Filling up the DagBag from /home/airflow/.local/lib/python3.12/site-packages/airflow/example_dags/tutorial_taskflow_api.py
[2024-06-18T02:23:17.831+0000] {processor.py:840} INFO - DAG(s) 'tutorial_taskflow_api' retrieved from /home/airflow/.local/lib/python3.12/site-packages/airflow/example_dags/tutorial_taskflow_api.py
[2024-06-18T02:23:17.857+0000] {logging_mixin.py:188} INFO - [2024-06-18T02:23:17.856+0000] {dag.py:3096} INFO - Sync 1 DAGs
[2024-06-18T02:23:17.879+0000] {logging_mixin.py:188} INFO - [2024-06-18T02:23:17.878+0000] {dag.py:3954} INFO - Setting next_dagrun for tutorial_taskflow_api to None, run_after=None
[2024-06-18T02:23:17.902+0000] {processor.py:183} INFO - Processing /home/airflow/.local/lib/python3.12/site-packages/airflow/example_dags/tutorial_taskflow_api.py took 0.093 seconds
[2024-06-18T02:23:48.312+0000] {processor.py:161} INFO - Started process (PID=65452) to work on /home/airflow/.local/lib/python3.12/site-packages/airflow/example_dags/tutorial_taskflow_api.py
[2024-06-18T02:23:48.313+0000] {processor.py:830} INFO - Processing file /home/airflow/.local/lib/python3.12/site-packages/airflow/example_dags/tutorial_taskflow_api.py for tasks to queue
[2024-06-18T02:23:48.314+0000] {logging_mixin.py:188} INFO - [2024-06-18T02:23:48.314+0000] {dagbag.py:545} INFO - Filling up the DagBag from /home/airflow/.local/lib/python3.12/site-packages/airflow/example_dags/tutorial_taskflow_api.py
[2024-06-18T02:23:48.324+0000] {processor.py:840} INFO - DAG(s) 'tutorial_taskflow_api' retrieved from /home/airflow/.local/lib/python3.12/site-packages/airflow/example_dags/tutorial_taskflow_api.py
[2024-06-18T02:23:48.350+0000] {logging_mixin.py:188} INFO - [2024-06-18T02:23:48.350+0000] {dag.py:3096} INFO - Sync 1 DAGs
[2024-06-18T02:23:48.368+0000] {logging_mixin.py:188} INFO - [2024-06-18T02:23:48.367+0000] {dag.py:3954} INFO - Setting next_dagrun for tutorial_taskflow_api to None, run_after=None
[2024-06-18T02:23:48.409+0000] {processor.py:183} INFO - Processing /home/airflow/.local/lib/python3.12/site-packages/airflow/example_dags/tutorial_taskflow_api.py took 0.107 seconds
[2024-06-18T02:24:19.470+0000] {processor.py:161} INFO - Started process (PID=65510) to work on /home/airflow/.local/lib/python3.12/site-packages/airflow/example_dags/tutorial_taskflow_api.py
[2024-06-18T02:24:19.471+0000] {processor.py:830} INFO - Processing file /home/airflow/.local/lib/python3.12/site-packages/airflow/example_dags/tutorial_taskflow_api.py for tasks to queue
[2024-06-18T02:24:19.472+0000] {logging_mixin.py:188} INFO - [2024-06-18T02:24:19.472+0000] {dagbag.py:545} INFO - Filling up the DagBag from /home/airflow/.local/lib/python3.12/site-packages/airflow/example_dags/tutorial_taskflow_api.py
[2024-06-18T02:24:19.480+0000] {processor.py:840} INFO - DAG(s) 'tutorial_taskflow_api' retrieved from /home/airflow/.local/lib/python3.12/site-packages/airflow/example_dags/tutorial_taskflow_api.py
[2024-06-18T02:24:19.505+0000] {logging_mixin.py:188} INFO - [2024-06-18T02:24:19.505+0000] {dag.py:3096} INFO - Sync 1 DAGs
[2024-06-18T02:24:19.523+0000] {logging_mixin.py:188} INFO - [2024-06-18T02:24:19.523+0000] {dag.py:3954} INFO - Setting next_dagrun for tutorial_taskflow_api to None, run_after=None
[2024-06-18T02:24:19.578+0000] {processor.py:183} INFO - Processing /home/airflow/.local/lib/python3.12/site-packages/airflow/example_dags/tutorial_taskflow_api.py took 0.114 seconds
[2024-06-18T02:24:50.544+0000] {processor.py:161} INFO - Started process (PID=65568) to work on /home/airflow/.local/lib/python3.12/site-packages/airflow/example_dags/tutorial_taskflow_api.py
[2024-06-18T02:24:50.544+0000] {processor.py:830} INFO - Processing file /home/airflow/.local/lib/python3.12/site-packages/airflow/example_dags/tutorial_taskflow_api.py for tasks to queue
[2024-06-18T02:24:50.545+0000] {logging_mixin.py:188} INFO - [2024-06-18T02:24:50.545+0000] {dagbag.py:545} INFO - Filling up the DagBag from /home/airflow/.local/lib/python3.12/site-packages/airflow/example_dags/tutorial_taskflow_api.py
[2024-06-18T02:24:50.553+0000] {processor.py:840} INFO - DAG(s) 'tutorial_taskflow_api' retrieved from /home/airflow/.local/lib/python3.12/site-packages/airflow/example_dags/tutorial_taskflow_api.py
[2024-06-18T02:24:50.578+0000] {logging_mixin.py:188} INFO - [2024-06-18T02:24:50.577+0000] {dag.py:3096} INFO - Sync 1 DAGs
[2024-06-18T02:24:50.599+0000] {logging_mixin.py:188} INFO - [2024-06-18T02:24:50.599+0000] {dag.py:3954} INFO - Setting next_dagrun for tutorial_taskflow_api to None, run_after=None
[2024-06-18T02:24:50.622+0000] {processor.py:183} INFO - Processing /home/airflow/.local/lib/python3.12/site-packages/airflow/example_dags/tutorial_taskflow_api.py took 0.085 seconds
[2024-06-18T02:25:20.937+0000] {processor.py:161} INFO - Started process (PID=65626) to work on /home/airflow/.local/lib/python3.12/site-packages/airflow/example_dags/tutorial_taskflow_api.py
[2024-06-18T02:25:20.939+0000] {processor.py:830} INFO - Processing file /home/airflow/.local/lib/python3.12/site-packages/airflow/example_dags/tutorial_taskflow_api.py for tasks to queue
[2024-06-18T02:25:20.941+0000] {logging_mixin.py:188} INFO - [2024-06-18T02:25:20.940+0000] {dagbag.py:545} INFO - Filling up the DagBag from /home/airflow/.local/lib/python3.12/site-packages/airflow/example_dags/tutorial_taskflow_api.py
[2024-06-18T02:25:20.948+0000] {processor.py:840} INFO - DAG(s) 'tutorial_taskflow_api' retrieved from /home/airflow/.local/lib/python3.12/site-packages/airflow/example_dags/tutorial_taskflow_api.py
[2024-06-18T02:25:20.975+0000] {logging_mixin.py:188} INFO - [2024-06-18T02:25:20.975+0000] {dag.py:3096} INFO - Sync 1 DAGs
[2024-06-18T02:25:20.993+0000] {logging_mixin.py:188} INFO - [2024-06-18T02:25:20.992+0000] {dag.py:3954} INFO - Setting next_dagrun for tutorial_taskflow_api to None, run_after=None
[2024-06-18T02:25:21.021+0000] {processor.py:183} INFO - Processing /home/airflow/.local/lib/python3.12/site-packages/airflow/example_dags/tutorial_taskflow_api.py took 0.093 seconds
[2024-06-18T02:25:51.368+0000] {processor.py:161} INFO - Started process (PID=65684) to work on /home/airflow/.local/lib/python3.12/site-packages/airflow/example_dags/tutorial_taskflow_api.py
[2024-06-18T02:25:51.370+0000] {processor.py:830} INFO - Processing file /home/airflow/.local/lib/python3.12/site-packages/airflow/example_dags/tutorial_taskflow_api.py for tasks to queue
[2024-06-18T02:25:51.371+0000] {logging_mixin.py:188} INFO - [2024-06-18T02:25:51.370+0000] {dagbag.py:545} INFO - Filling up the DagBag from /home/airflow/.local/lib/python3.12/site-packages/airflow/example_dags/tutorial_taskflow_api.py
[2024-06-18T02:25:51.378+0000] {processor.py:840} INFO - DAG(s) 'tutorial_taskflow_api' retrieved from /home/airflow/.local/lib/python3.12/site-packages/airflow/example_dags/tutorial_taskflow_api.py
[2024-06-18T02:25:51.414+0000] {logging_mixin.py:188} INFO - [2024-06-18T02:25:51.413+0000] {dag.py:3096} INFO - Sync 1 DAGs
[2024-06-18T02:25:51.440+0000] {logging_mixin.py:188} INFO - [2024-06-18T02:25:51.439+0000] {dag.py:3954} INFO - Setting next_dagrun for tutorial_taskflow_api to None, run_after=None
[2024-06-18T02:25:51.470+0000] {processor.py:183} INFO - Processing /home/airflow/.local/lib/python3.12/site-packages/airflow/example_dags/tutorial_taskflow_api.py took 0.110 seconds
[2024-06-18T02:26:21.693+0000] {processor.py:161} INFO - Started process (PID=65742) to work on /home/airflow/.local/lib/python3.12/site-packages/airflow/example_dags/tutorial_taskflow_api.py
[2024-06-18T02:26:21.695+0000] {processor.py:830} INFO - Processing file /home/airflow/.local/lib/python3.12/site-packages/airflow/example_dags/tutorial_taskflow_api.py for tasks to queue
[2024-06-18T02:26:21.696+0000] {logging_mixin.py:188} INFO - [2024-06-18T02:26:21.695+0000] {dagbag.py:545} INFO - Filling up the DagBag from /home/airflow/.local/lib/python3.12/site-packages/airflow/example_dags/tutorial_taskflow_api.py
[2024-06-18T02:26:21.704+0000] {processor.py:840} INFO - DAG(s) 'tutorial_taskflow_api' retrieved from /home/airflow/.local/lib/python3.12/site-packages/airflow/example_dags/tutorial_taskflow_api.py
[2024-06-18T02:26:21.733+0000] {logging_mixin.py:188} INFO - [2024-06-18T02:26:21.733+0000] {dag.py:3096} INFO - Sync 1 DAGs
[2024-06-18T02:26:21.757+0000] {logging_mixin.py:188} INFO - [2024-06-18T02:26:21.757+0000] {dag.py:3954} INFO - Setting next_dagrun for tutorial_taskflow_api to None, run_after=None
[2024-06-18T02:26:21.791+0000] {processor.py:183} INFO - Processing /home/airflow/.local/lib/python3.12/site-packages/airflow/example_dags/tutorial_taskflow_api.py took 0.108 seconds
[2024-06-18T02:26:52.377+0000] {processor.py:161} INFO - Started process (PID=65801) to work on /home/airflow/.local/lib/python3.12/site-packages/airflow/example_dags/tutorial_taskflow_api.py
[2024-06-18T02:26:52.379+0000] {processor.py:830} INFO - Processing file /home/airflow/.local/lib/python3.12/site-packages/airflow/example_dags/tutorial_taskflow_api.py for tasks to queue
[2024-06-18T02:26:52.379+0000] {logging_mixin.py:188} INFO - [2024-06-18T02:26:52.379+0000] {dagbag.py:545} INFO - Filling up the DagBag from /home/airflow/.local/lib/python3.12/site-packages/airflow/example_dags/tutorial_taskflow_api.py
[2024-06-18T02:26:52.387+0000] {processor.py:840} INFO - DAG(s) 'tutorial_taskflow_api' retrieved from /home/airflow/.local/lib/python3.12/site-packages/airflow/example_dags/tutorial_taskflow_api.py
[2024-06-18T02:26:52.458+0000] {logging_mixin.py:188} INFO - [2024-06-18T02:26:52.456+0000] {dag.py:3096} INFO - Sync 1 DAGs
[2024-06-18T02:26:52.488+0000] {logging_mixin.py:188} INFO - [2024-06-18T02:26:52.487+0000] {dag.py:3954} INFO - Setting next_dagrun for tutorial_taskflow_api to None, run_after=None
[2024-06-18T02:26:52.512+0000] {processor.py:183} INFO - Processing /home/airflow/.local/lib/python3.12/site-packages/airflow/example_dags/tutorial_taskflow_api.py took 0.143 seconds
[2024-06-18T02:27:22.655+0000] {processor.py:161} INFO - Started process (PID=65859) to work on /home/airflow/.local/lib/python3.12/site-packages/airflow/example_dags/tutorial_taskflow_api.py
[2024-06-18T02:27:22.656+0000] {processor.py:830} INFO - Processing file /home/airflow/.local/lib/python3.12/site-packages/airflow/example_dags/tutorial_taskflow_api.py for tasks to queue
[2024-06-18T02:27:22.657+0000] {logging_mixin.py:188} INFO - [2024-06-18T02:27:22.656+0000] {dagbag.py:545} INFO - Filling up the DagBag from /home/airflow/.local/lib/python3.12/site-packages/airflow/example_dags/tutorial_taskflow_api.py
[2024-06-18T02:27:22.663+0000] {processor.py:840} INFO - DAG(s) 'tutorial_taskflow_api' retrieved from /home/airflow/.local/lib/python3.12/site-packages/airflow/example_dags/tutorial_taskflow_api.py
[2024-06-18T02:27:22.685+0000] {logging_mixin.py:188} INFO - [2024-06-18T02:27:22.685+0000] {dag.py:3096} INFO - Sync 1 DAGs
[2024-06-18T02:27:22.699+0000] {logging_mixin.py:188} INFO - [2024-06-18T02:27:22.699+0000] {dag.py:3954} INFO - Setting next_dagrun for tutorial_taskflow_api to None, run_after=None
[2024-06-18T02:27:22.719+0000] {processor.py:183} INFO - Processing /home/airflow/.local/lib/python3.12/site-packages/airflow/example_dags/tutorial_taskflow_api.py took 0.069 seconds
[2024-06-18T02:27:52.880+0000] {processor.py:161} INFO - Started process (PID=65917) to work on /home/airflow/.local/lib/python3.12/site-packages/airflow/example_dags/tutorial_taskflow_api.py
[2024-06-18T02:27:52.881+0000] {processor.py:830} INFO - Processing file /home/airflow/.local/lib/python3.12/site-packages/airflow/example_dags/tutorial_taskflow_api.py for tasks to queue
[2024-06-18T02:27:52.882+0000] {logging_mixin.py:188} INFO - [2024-06-18T02:27:52.882+0000] {dagbag.py:545} INFO - Filling up the DagBag from /home/airflow/.local/lib/python3.12/site-packages/airflow/example_dags/tutorial_taskflow_api.py
[2024-06-18T02:27:52.890+0000] {processor.py:840} INFO - DAG(s) 'tutorial_taskflow_api' retrieved from /home/airflow/.local/lib/python3.12/site-packages/airflow/example_dags/tutorial_taskflow_api.py
[2024-06-18T02:27:52.912+0000] {logging_mixin.py:188} INFO - [2024-06-18T02:27:52.912+0000] {dag.py:3096} INFO - Sync 1 DAGs
[2024-06-18T02:27:52.928+0000] {logging_mixin.py:188} INFO - [2024-06-18T02:27:52.928+0000] {dag.py:3954} INFO - Setting next_dagrun for tutorial_taskflow_api to None, run_after=None
[2024-06-18T02:27:52.947+0000] {processor.py:183} INFO - Processing /home/airflow/.local/lib/python3.12/site-packages/airflow/example_dags/tutorial_taskflow_api.py took 0.073 seconds
[2024-06-18T02:28:23.255+0000] {processor.py:161} INFO - Started process (PID=65975) to work on /home/airflow/.local/lib/python3.12/site-packages/airflow/example_dags/tutorial_taskflow_api.py
[2024-06-18T02:28:23.256+0000] {processor.py:830} INFO - Processing file /home/airflow/.local/lib/python3.12/site-packages/airflow/example_dags/tutorial_taskflow_api.py for tasks to queue
[2024-06-18T02:28:23.257+0000] {logging_mixin.py:188} INFO - [2024-06-18T02:28:23.257+0000] {dagbag.py:545} INFO - Filling up the DagBag from /home/airflow/.local/lib/python3.12/site-packages/airflow/example_dags/tutorial_taskflow_api.py
[2024-06-18T02:28:23.263+0000] {processor.py:840} INFO - DAG(s) 'tutorial_taskflow_api' retrieved from /home/airflow/.local/lib/python3.12/site-packages/airflow/example_dags/tutorial_taskflow_api.py
[2024-06-18T02:28:23.285+0000] {logging_mixin.py:188} INFO - [2024-06-18T02:28:23.284+0000] {dag.py:3096} INFO - Sync 1 DAGs
[2024-06-18T02:28:23.303+0000] {logging_mixin.py:188} INFO - [2024-06-18T02:28:23.303+0000] {dag.py:3954} INFO - Setting next_dagrun for tutorial_taskflow_api to None, run_after=None
[2024-06-18T02:28:23.327+0000] {processor.py:183} INFO - Processing /home/airflow/.local/lib/python3.12/site-packages/airflow/example_dags/tutorial_taskflow_api.py took 0.078 seconds
[2024-06-18T02:28:53.581+0000] {processor.py:161} INFO - Started process (PID=66034) to work on /home/airflow/.local/lib/python3.12/site-packages/airflow/example_dags/tutorial_taskflow_api.py
[2024-06-18T02:28:53.582+0000] {processor.py:830} INFO - Processing file /home/airflow/.local/lib/python3.12/site-packages/airflow/example_dags/tutorial_taskflow_api.py for tasks to queue
[2024-06-18T02:28:53.583+0000] {logging_mixin.py:188} INFO - [2024-06-18T02:28:53.583+0000] {dagbag.py:545} INFO - Filling up the DagBag from /home/airflow/.local/lib/python3.12/site-packages/airflow/example_dags/tutorial_taskflow_api.py
[2024-06-18T02:28:53.590+0000] {processor.py:840} INFO - DAG(s) 'tutorial_taskflow_api' retrieved from /home/airflow/.local/lib/python3.12/site-packages/airflow/example_dags/tutorial_taskflow_api.py
[2024-06-18T02:28:53.613+0000] {logging_mixin.py:188} INFO - [2024-06-18T02:28:53.612+0000] {dag.py:3096} INFO - Sync 1 DAGs
[2024-06-18T02:28:53.626+0000] {logging_mixin.py:188} INFO - [2024-06-18T02:28:53.626+0000] {dag.py:3954} INFO - Setting next_dagrun for tutorial_taskflow_api to None, run_after=None
[2024-06-18T02:28:53.648+0000] {processor.py:183} INFO - Processing /home/airflow/.local/lib/python3.12/site-packages/airflow/example_dags/tutorial_taskflow_api.py took 0.076 seconds
[2024-06-18T02:29:24.262+0000] {processor.py:161} INFO - Started process (PID=66092) to work on /home/airflow/.local/lib/python3.12/site-packages/airflow/example_dags/tutorial_taskflow_api.py
[2024-06-18T02:29:24.263+0000] {processor.py:830} INFO - Processing file /home/airflow/.local/lib/python3.12/site-packages/airflow/example_dags/tutorial_taskflow_api.py for tasks to queue
[2024-06-18T02:29:24.264+0000] {logging_mixin.py:188} INFO - [2024-06-18T02:29:24.264+0000] {dagbag.py:545} INFO - Filling up the DagBag from /home/airflow/.local/lib/python3.12/site-packages/airflow/example_dags/tutorial_taskflow_api.py
[2024-06-18T02:29:24.270+0000] {processor.py:840} INFO - DAG(s) 'tutorial_taskflow_api' retrieved from /home/airflow/.local/lib/python3.12/site-packages/airflow/example_dags/tutorial_taskflow_api.py
[2024-06-18T02:29:24.292+0000] {logging_mixin.py:188} INFO - [2024-06-18T02:29:24.292+0000] {dag.py:3096} INFO - Sync 1 DAGs
[2024-06-18T02:29:24.305+0000] {logging_mixin.py:188} INFO - [2024-06-18T02:29:24.305+0000] {dag.py:3954} INFO - Setting next_dagrun for tutorial_taskflow_api to None, run_after=None
[2024-06-18T02:29:24.326+0000] {processor.py:183} INFO - Processing /home/airflow/.local/lib/python3.12/site-packages/airflow/example_dags/tutorial_taskflow_api.py took 0.070 seconds
[2024-06-18T02:29:55.270+0000] {processor.py:161} INFO - Started process (PID=66150) to work on /home/airflow/.local/lib/python3.12/site-packages/airflow/example_dags/tutorial_taskflow_api.py
[2024-06-18T02:29:55.272+0000] {processor.py:830} INFO - Processing file /home/airflow/.local/lib/python3.12/site-packages/airflow/example_dags/tutorial_taskflow_api.py for tasks to queue
[2024-06-18T02:29:55.274+0000] {logging_mixin.py:188} INFO - [2024-06-18T02:29:55.273+0000] {dagbag.py:545} INFO - Filling up the DagBag from /home/airflow/.local/lib/python3.12/site-packages/airflow/example_dags/tutorial_taskflow_api.py
[2024-06-18T02:29:55.283+0000] {processor.py:840} INFO - DAG(s) 'tutorial_taskflow_api' retrieved from /home/airflow/.local/lib/python3.12/site-packages/airflow/example_dags/tutorial_taskflow_api.py
[2024-06-18T02:29:55.305+0000] {logging_mixin.py:188} INFO - [2024-06-18T02:29:55.304+0000] {dag.py:3096} INFO - Sync 1 DAGs
[2024-06-18T02:29:55.318+0000] {logging_mixin.py:188} INFO - [2024-06-18T02:29:55.318+0000] {dag.py:3954} INFO - Setting next_dagrun for tutorial_taskflow_api to None, run_after=None
[2024-06-18T02:29:55.339+0000] {processor.py:183} INFO - Processing /home/airflow/.local/lib/python3.12/site-packages/airflow/example_dags/tutorial_taskflow_api.py took 0.077 seconds
[2024-06-18T02:30:26.060+0000] {processor.py:161} INFO - Started process (PID=66208) to work on /home/airflow/.local/lib/python3.12/site-packages/airflow/example_dags/tutorial_taskflow_api.py
[2024-06-18T02:30:26.061+0000] {processor.py:830} INFO - Processing file /home/airflow/.local/lib/python3.12/site-packages/airflow/example_dags/tutorial_taskflow_api.py for tasks to queue
[2024-06-18T02:30:26.062+0000] {logging_mixin.py:188} INFO - [2024-06-18T02:30:26.062+0000] {dagbag.py:545} INFO - Filling up the DagBag from /home/airflow/.local/lib/python3.12/site-packages/airflow/example_dags/tutorial_taskflow_api.py
[2024-06-18T02:30:26.070+0000] {processor.py:840} INFO - DAG(s) 'tutorial_taskflow_api' retrieved from /home/airflow/.local/lib/python3.12/site-packages/airflow/example_dags/tutorial_taskflow_api.py
[2024-06-18T02:30:26.096+0000] {logging_mixin.py:188} INFO - [2024-06-18T02:30:26.095+0000] {dag.py:3096} INFO - Sync 1 DAGs
[2024-06-18T02:30:26.112+0000] {logging_mixin.py:188} INFO - [2024-06-18T02:30:26.112+0000] {dag.py:3954} INFO - Setting next_dagrun for tutorial_taskflow_api to None, run_after=None
[2024-06-18T02:30:26.138+0000] {processor.py:183} INFO - Processing /home/airflow/.local/lib/python3.12/site-packages/airflow/example_dags/tutorial_taskflow_api.py took 0.085 seconds
[2024-06-18T02:30:56.380+0000] {processor.py:161} INFO - Started process (PID=66266) to work on /home/airflow/.local/lib/python3.12/site-packages/airflow/example_dags/tutorial_taskflow_api.py
[2024-06-18T02:30:56.381+0000] {processor.py:830} INFO - Processing file /home/airflow/.local/lib/python3.12/site-packages/airflow/example_dags/tutorial_taskflow_api.py for tasks to queue
[2024-06-18T02:30:56.382+0000] {logging_mixin.py:188} INFO - [2024-06-18T02:30:56.381+0000] {dagbag.py:545} INFO - Filling up the DagBag from /home/airflow/.local/lib/python3.12/site-packages/airflow/example_dags/tutorial_taskflow_api.py
[2024-06-18T02:30:56.388+0000] {processor.py:840} INFO - DAG(s) 'tutorial_taskflow_api' retrieved from /home/airflow/.local/lib/python3.12/site-packages/airflow/example_dags/tutorial_taskflow_api.py
[2024-06-18T02:30:56.410+0000] {logging_mixin.py:188} INFO - [2024-06-18T02:30:56.410+0000] {dag.py:3096} INFO - Sync 1 DAGs
[2024-06-18T02:30:56.423+0000] {logging_mixin.py:188} INFO - [2024-06-18T02:30:56.423+0000] {dag.py:3954} INFO - Setting next_dagrun for tutorial_taskflow_api to None, run_after=None
[2024-06-18T02:30:56.442+0000] {processor.py:183} INFO - Processing /home/airflow/.local/lib/python3.12/site-packages/airflow/example_dags/tutorial_taskflow_api.py took 0.068 seconds
[2024-06-18T02:31:26.803+0000] {processor.py:161} INFO - Started process (PID=66324) to work on /home/airflow/.local/lib/python3.12/site-packages/airflow/example_dags/tutorial_taskflow_api.py
[2024-06-18T02:31:26.805+0000] {processor.py:830} INFO - Processing file /home/airflow/.local/lib/python3.12/site-packages/airflow/example_dags/tutorial_taskflow_api.py for tasks to queue
[2024-06-18T02:31:26.806+0000] {logging_mixin.py:188} INFO - [2024-06-18T02:31:26.805+0000] {dagbag.py:545} INFO - Filling up the DagBag from /home/airflow/.local/lib/python3.12/site-packages/airflow/example_dags/tutorial_taskflow_api.py
[2024-06-18T02:31:26.812+0000] {processor.py:840} INFO - DAG(s) 'tutorial_taskflow_api' retrieved from /home/airflow/.local/lib/python3.12/site-packages/airflow/example_dags/tutorial_taskflow_api.py
[2024-06-18T02:31:26.831+0000] {logging_mixin.py:188} INFO - [2024-06-18T02:31:26.830+0000] {dag.py:3096} INFO - Sync 1 DAGs
[2024-06-18T02:31:26.844+0000] {logging_mixin.py:188} INFO - [2024-06-18T02:31:26.844+0000] {dag.py:3954} INFO - Setting next_dagrun for tutorial_taskflow_api to None, run_after=None
[2024-06-18T02:31:26.863+0000] {processor.py:183} INFO - Processing /home/airflow/.local/lib/python3.12/site-packages/airflow/example_dags/tutorial_taskflow_api.py took 0.065 seconds
[2024-06-18T02:31:57.351+0000] {processor.py:161} INFO - Started process (PID=66382) to work on /home/airflow/.local/lib/python3.12/site-packages/airflow/example_dags/tutorial_taskflow_api.py
[2024-06-18T02:31:57.352+0000] {processor.py:830} INFO - Processing file /home/airflow/.local/lib/python3.12/site-packages/airflow/example_dags/tutorial_taskflow_api.py for tasks to queue
[2024-06-18T02:31:57.353+0000] {logging_mixin.py:188} INFO - [2024-06-18T02:31:57.353+0000] {dagbag.py:545} INFO - Filling up the DagBag from /home/airflow/.local/lib/python3.12/site-packages/airflow/example_dags/tutorial_taskflow_api.py
[2024-06-18T02:31:57.360+0000] {processor.py:840} INFO - DAG(s) 'tutorial_taskflow_api' retrieved from /home/airflow/.local/lib/python3.12/site-packages/airflow/example_dags/tutorial_taskflow_api.py
[2024-06-18T02:31:57.382+0000] {logging_mixin.py:188} INFO - [2024-06-18T02:31:57.382+0000] {dag.py:3096} INFO - Sync 1 DAGs
[2024-06-18T02:31:57.396+0000] {logging_mixin.py:188} INFO - [2024-06-18T02:31:57.396+0000] {dag.py:3954} INFO - Setting next_dagrun for tutorial_taskflow_api to None, run_after=None
[2024-06-18T02:31:57.418+0000] {processor.py:183} INFO - Processing /home/airflow/.local/lib/python3.12/site-packages/airflow/example_dags/tutorial_taskflow_api.py took 0.072 seconds
[2024-06-18T02:32:28.302+0000] {processor.py:161} INFO - Started process (PID=66440) to work on /home/airflow/.local/lib/python3.12/site-packages/airflow/example_dags/tutorial_taskflow_api.py
[2024-06-18T02:32:28.304+0000] {processor.py:830} INFO - Processing file /home/airflow/.local/lib/python3.12/site-packages/airflow/example_dags/tutorial_taskflow_api.py for tasks to queue
[2024-06-18T02:32:28.305+0000] {logging_mixin.py:188} INFO - [2024-06-18T02:32:28.305+0000] {dagbag.py:545} INFO - Filling up the DagBag from /home/airflow/.local/lib/python3.12/site-packages/airflow/example_dags/tutorial_taskflow_api.py
[2024-06-18T02:32:28.313+0000] {processor.py:840} INFO - DAG(s) 'tutorial_taskflow_api' retrieved from /home/airflow/.local/lib/python3.12/site-packages/airflow/example_dags/tutorial_taskflow_api.py
[2024-06-18T02:32:28.333+0000] {logging_mixin.py:188} INFO - [2024-06-18T02:32:28.333+0000] {dag.py:3096} INFO - Sync 1 DAGs
[2024-06-18T02:32:28.347+0000] {logging_mixin.py:188} INFO - [2024-06-18T02:32:28.347+0000] {dag.py:3954} INFO - Setting next_dagrun for tutorial_taskflow_api to None, run_after=None
[2024-06-18T02:32:28.366+0000] {processor.py:183} INFO - Processing /home/airflow/.local/lib/python3.12/site-packages/airflow/example_dags/tutorial_taskflow_api.py took 0.074 seconds
[2024-06-18T02:32:58.862+0000] {processor.py:161} INFO - Started process (PID=66498) to work on /home/airflow/.local/lib/python3.12/site-packages/airflow/example_dags/tutorial_taskflow_api.py
[2024-06-18T02:32:58.863+0000] {processor.py:830} INFO - Processing file /home/airflow/.local/lib/python3.12/site-packages/airflow/example_dags/tutorial_taskflow_api.py for tasks to queue
[2024-06-18T02:32:58.864+0000] {logging_mixin.py:188} INFO - [2024-06-18T02:32:58.864+0000] {dagbag.py:545} INFO - Filling up the DagBag from /home/airflow/.local/lib/python3.12/site-packages/airflow/example_dags/tutorial_taskflow_api.py
[2024-06-18T02:32:58.870+0000] {processor.py:840} INFO - DAG(s) 'tutorial_taskflow_api' retrieved from /home/airflow/.local/lib/python3.12/site-packages/airflow/example_dags/tutorial_taskflow_api.py
[2024-06-18T02:32:58.889+0000] {logging_mixin.py:188} INFO - [2024-06-18T02:32:58.889+0000] {dag.py:3096} INFO - Sync 1 DAGs
[2024-06-18T02:32:58.903+0000] {logging_mixin.py:188} INFO - [2024-06-18T02:32:58.903+0000] {dag.py:3954} INFO - Setting next_dagrun for tutorial_taskflow_api to None, run_after=None
[2024-06-18T02:32:58.922+0000] {processor.py:183} INFO - Processing /home/airflow/.local/lib/python3.12/site-packages/airflow/example_dags/tutorial_taskflow_api.py took 0.067 seconds
[2024-06-18T02:33:29.618+0000] {processor.py:161} INFO - Started process (PID=66556) to work on /home/airflow/.local/lib/python3.12/site-packages/airflow/example_dags/tutorial_taskflow_api.py
[2024-06-18T02:33:29.619+0000] {processor.py:830} INFO - Processing file /home/airflow/.local/lib/python3.12/site-packages/airflow/example_dags/tutorial_taskflow_api.py for tasks to queue
[2024-06-18T02:33:29.620+0000] {logging_mixin.py:188} INFO - [2024-06-18T02:33:29.619+0000] {dagbag.py:545} INFO - Filling up the DagBag from /home/airflow/.local/lib/python3.12/site-packages/airflow/example_dags/tutorial_taskflow_api.py
[2024-06-18T02:33:29.626+0000] {processor.py:840} INFO - DAG(s) 'tutorial_taskflow_api' retrieved from /home/airflow/.local/lib/python3.12/site-packages/airflow/example_dags/tutorial_taskflow_api.py
[2024-06-18T02:33:29.650+0000] {logging_mixin.py:188} INFO - [2024-06-18T02:33:29.650+0000] {dag.py:3096} INFO - Sync 1 DAGs
[2024-06-18T02:33:29.665+0000] {logging_mixin.py:188} INFO - [2024-06-18T02:33:29.665+0000] {dag.py:3954} INFO - Setting next_dagrun for tutorial_taskflow_api to None, run_after=None
[2024-06-18T02:33:29.689+0000] {processor.py:183} INFO - Processing /home/airflow/.local/lib/python3.12/site-packages/airflow/example_dags/tutorial_taskflow_api.py took 0.078 seconds
[2024-06-18T02:34:00.110+0000] {processor.py:161} INFO - Started process (PID=66614) to work on /home/airflow/.local/lib/python3.12/site-packages/airflow/example_dags/tutorial_taskflow_api.py
[2024-06-18T02:34:00.111+0000] {processor.py:830} INFO - Processing file /home/airflow/.local/lib/python3.12/site-packages/airflow/example_dags/tutorial_taskflow_api.py for tasks to queue
[2024-06-18T02:34:00.112+0000] {logging_mixin.py:188} INFO - [2024-06-18T02:34:00.112+0000] {dagbag.py:545} INFO - Filling up the DagBag from /home/airflow/.local/lib/python3.12/site-packages/airflow/example_dags/tutorial_taskflow_api.py
[2024-06-18T02:34:00.122+0000] {processor.py:840} INFO - DAG(s) 'tutorial_taskflow_api' retrieved from /home/airflow/.local/lib/python3.12/site-packages/airflow/example_dags/tutorial_taskflow_api.py
[2024-06-18T02:34:00.148+0000] {logging_mixin.py:188} INFO - [2024-06-18T02:34:00.148+0000] {dag.py:3096} INFO - Sync 1 DAGs
[2024-06-18T02:34:00.161+0000] {logging_mixin.py:188} INFO - [2024-06-18T02:34:00.161+0000] {dag.py:3954} INFO - Setting next_dagrun for tutorial_taskflow_api to None, run_after=None
[2024-06-18T02:34:00.180+0000] {processor.py:183} INFO - Processing /home/airflow/.local/lib/python3.12/site-packages/airflow/example_dags/tutorial_taskflow_api.py took 0.081 seconds
[2024-06-18T02:34:30.423+0000] {processor.py:161} INFO - Started process (PID=66672) to work on /home/airflow/.local/lib/python3.12/site-packages/airflow/example_dags/tutorial_taskflow_api.py
[2024-06-18T02:34:30.424+0000] {processor.py:830} INFO - Processing file /home/airflow/.local/lib/python3.12/site-packages/airflow/example_dags/tutorial_taskflow_api.py for tasks to queue
[2024-06-18T02:34:30.425+0000] {logging_mixin.py:188} INFO - [2024-06-18T02:34:30.425+0000] {dagbag.py:545} INFO - Filling up the DagBag from /home/airflow/.local/lib/python3.12/site-packages/airflow/example_dags/tutorial_taskflow_api.py
[2024-06-18T02:34:30.433+0000] {processor.py:840} INFO - DAG(s) 'tutorial_taskflow_api' retrieved from /home/airflow/.local/lib/python3.12/site-packages/airflow/example_dags/tutorial_taskflow_api.py
[2024-06-18T02:34:30.457+0000] {logging_mixin.py:188} INFO - [2024-06-18T02:34:30.456+0000] {dag.py:3096} INFO - Sync 1 DAGs
[2024-06-18T02:34:30.471+0000] {logging_mixin.py:188} INFO - [2024-06-18T02:34:30.471+0000] {dag.py:3954} INFO - Setting next_dagrun for tutorial_taskflow_api to None, run_after=None
[2024-06-18T02:34:30.495+0000] {processor.py:183} INFO - Processing /home/airflow/.local/lib/python3.12/site-packages/airflow/example_dags/tutorial_taskflow_api.py took 0.080 seconds
[2024-06-18T02:35:01.071+0000] {processor.py:161} INFO - Started process (PID=66730) to work on /home/airflow/.local/lib/python3.12/site-packages/airflow/example_dags/tutorial_taskflow_api.py
[2024-06-18T02:35:01.073+0000] {processor.py:830} INFO - Processing file /home/airflow/.local/lib/python3.12/site-packages/airflow/example_dags/tutorial_taskflow_api.py for tasks to queue
[2024-06-18T02:35:01.074+0000] {logging_mixin.py:188} INFO - [2024-06-18T02:35:01.073+0000] {dagbag.py:545} INFO - Filling up the DagBag from /home/airflow/.local/lib/python3.12/site-packages/airflow/example_dags/tutorial_taskflow_api.py
[2024-06-18T02:35:01.081+0000] {processor.py:840} INFO - DAG(s) 'tutorial_taskflow_api' retrieved from /home/airflow/.local/lib/python3.12/site-packages/airflow/example_dags/tutorial_taskflow_api.py
[2024-06-18T02:35:01.105+0000] {logging_mixin.py:188} INFO - [2024-06-18T02:35:01.105+0000] {dag.py:3096} INFO - Sync 1 DAGs
[2024-06-18T02:35:01.123+0000] {logging_mixin.py:188} INFO - [2024-06-18T02:35:01.122+0000] {dag.py:3954} INFO - Setting next_dagrun for tutorial_taskflow_api to None, run_after=None
[2024-06-18T02:35:01.149+0000] {processor.py:183} INFO - Processing /home/airflow/.local/lib/python3.12/site-packages/airflow/example_dags/tutorial_taskflow_api.py took 0.085 seconds
[2024-06-18T02:35:31.310+0000] {processor.py:161} INFO - Started process (PID=66788) to work on /home/airflow/.local/lib/python3.12/site-packages/airflow/example_dags/tutorial_taskflow_api.py
[2024-06-18T02:35:31.312+0000] {processor.py:830} INFO - Processing file /home/airflow/.local/lib/python3.12/site-packages/airflow/example_dags/tutorial_taskflow_api.py for tasks to queue
[2024-06-18T02:35:31.312+0000] {logging_mixin.py:188} INFO - [2024-06-18T02:35:31.312+0000] {dagbag.py:545} INFO - Filling up the DagBag from /home/airflow/.local/lib/python3.12/site-packages/airflow/example_dags/tutorial_taskflow_api.py
[2024-06-18T02:35:31.319+0000] {processor.py:840} INFO - DAG(s) 'tutorial_taskflow_api' retrieved from /home/airflow/.local/lib/python3.12/site-packages/airflow/example_dags/tutorial_taskflow_api.py
[2024-06-18T02:35:31.340+0000] {logging_mixin.py:188} INFO - [2024-06-18T02:35:31.340+0000] {dag.py:3096} INFO - Sync 1 DAGs
[2024-06-18T02:35:31.355+0000] {logging_mixin.py:188} INFO - [2024-06-18T02:35:31.354+0000] {dag.py:3954} INFO - Setting next_dagrun for tutorial_taskflow_api to None, run_after=None
[2024-06-18T02:35:31.379+0000] {processor.py:183} INFO - Processing /home/airflow/.local/lib/python3.12/site-packages/airflow/example_dags/tutorial_taskflow_api.py took 0.074 seconds
[2024-06-18T02:36:01.526+0000] {processor.py:161} INFO - Started process (PID=66846) to work on /home/airflow/.local/lib/python3.12/site-packages/airflow/example_dags/tutorial_taskflow_api.py
[2024-06-18T02:36:01.527+0000] {processor.py:830} INFO - Processing file /home/airflow/.local/lib/python3.12/site-packages/airflow/example_dags/tutorial_taskflow_api.py for tasks to queue
[2024-06-18T02:36:01.528+0000] {logging_mixin.py:188} INFO - [2024-06-18T02:36:01.527+0000] {dagbag.py:545} INFO - Filling up the DagBag from /home/airflow/.local/lib/python3.12/site-packages/airflow/example_dags/tutorial_taskflow_api.py
[2024-06-18T02:36:01.535+0000] {processor.py:840} INFO - DAG(s) 'tutorial_taskflow_api' retrieved from /home/airflow/.local/lib/python3.12/site-packages/airflow/example_dags/tutorial_taskflow_api.py
[2024-06-18T02:36:01.559+0000] {logging_mixin.py:188} INFO - [2024-06-18T02:36:01.559+0000] {dag.py:3096} INFO - Sync 1 DAGs
[2024-06-18T02:36:01.573+0000] {logging_mixin.py:188} INFO - [2024-06-18T02:36:01.573+0000] {dag.py:3954} INFO - Setting next_dagrun for tutorial_taskflow_api to None, run_after=None
[2024-06-18T02:36:01.597+0000] {processor.py:183} INFO - Processing /home/airflow/.local/lib/python3.12/site-packages/airflow/example_dags/tutorial_taskflow_api.py took 0.077 seconds
[2024-06-18T02:36:31.764+0000] {processor.py:161} INFO - Started process (PID=66904) to work on /home/airflow/.local/lib/python3.12/site-packages/airflow/example_dags/tutorial_taskflow_api.py
[2024-06-18T02:36:31.765+0000] {processor.py:830} INFO - Processing file /home/airflow/.local/lib/python3.12/site-packages/airflow/example_dags/tutorial_taskflow_api.py for tasks to queue
[2024-06-18T02:36:31.766+0000] {logging_mixin.py:188} INFO - [2024-06-18T02:36:31.766+0000] {dagbag.py:545} INFO - Filling up the DagBag from /home/airflow/.local/lib/python3.12/site-packages/airflow/example_dags/tutorial_taskflow_api.py
[2024-06-18T02:36:31.775+0000] {processor.py:840} INFO - DAG(s) 'tutorial_taskflow_api' retrieved from /home/airflow/.local/lib/python3.12/site-packages/airflow/example_dags/tutorial_taskflow_api.py
[2024-06-18T02:36:31.798+0000] {logging_mixin.py:188} INFO - [2024-06-18T02:36:31.798+0000] {dag.py:3096} INFO - Sync 1 DAGs
[2024-06-18T02:36:31.812+0000] {logging_mixin.py:188} INFO - [2024-06-18T02:36:31.812+0000] {dag.py:3954} INFO - Setting next_dagrun for tutorial_taskflow_api to None, run_after=None
[2024-06-18T02:36:31.833+0000] {processor.py:183} INFO - Processing /home/airflow/.local/lib/python3.12/site-packages/airflow/example_dags/tutorial_taskflow_api.py took 0.076 seconds
[2024-06-18T02:37:02.633+0000] {processor.py:161} INFO - Started process (PID=66962) to work on /home/airflow/.local/lib/python3.12/site-packages/airflow/example_dags/tutorial_taskflow_api.py
[2024-06-18T02:37:02.634+0000] {processor.py:830} INFO - Processing file /home/airflow/.local/lib/python3.12/site-packages/airflow/example_dags/tutorial_taskflow_api.py for tasks to queue
[2024-06-18T02:37:02.635+0000] {logging_mixin.py:188} INFO - [2024-06-18T02:37:02.635+0000] {dagbag.py:545} INFO - Filling up the DagBag from /home/airflow/.local/lib/python3.12/site-packages/airflow/example_dags/tutorial_taskflow_api.py
[2024-06-18T02:37:02.643+0000] {processor.py:840} INFO - DAG(s) 'tutorial_taskflow_api' retrieved from /home/airflow/.local/lib/python3.12/site-packages/airflow/example_dags/tutorial_taskflow_api.py
[2024-06-18T02:37:02.664+0000] {logging_mixin.py:188} INFO - [2024-06-18T02:37:02.664+0000] {dag.py:3096} INFO - Sync 1 DAGs
[2024-06-18T02:37:02.677+0000] {logging_mixin.py:188} INFO - [2024-06-18T02:37:02.677+0000] {dag.py:3954} INFO - Setting next_dagrun for tutorial_taskflow_api to None, run_after=None
[2024-06-18T02:37:02.699+0000] {processor.py:183} INFO - Processing /home/airflow/.local/lib/python3.12/site-packages/airflow/example_dags/tutorial_taskflow_api.py took 0.073 seconds
[2024-06-18T02:37:33.855+0000] {processor.py:161} INFO - Started process (PID=67020) to work on /home/airflow/.local/lib/python3.12/site-packages/airflow/example_dags/tutorial_taskflow_api.py
[2024-06-18T02:37:33.857+0000] {processor.py:830} INFO - Processing file /home/airflow/.local/lib/python3.12/site-packages/airflow/example_dags/tutorial_taskflow_api.py for tasks to queue
[2024-06-18T02:37:33.858+0000] {logging_mixin.py:188} INFO - [2024-06-18T02:37:33.857+0000] {dagbag.py:545} INFO - Filling up the DagBag from /home/airflow/.local/lib/python3.12/site-packages/airflow/example_dags/tutorial_taskflow_api.py
[2024-06-18T02:37:33.865+0000] {processor.py:840} INFO - DAG(s) 'tutorial_taskflow_api' retrieved from /home/airflow/.local/lib/python3.12/site-packages/airflow/example_dags/tutorial_taskflow_api.py
[2024-06-18T02:37:33.886+0000] {logging_mixin.py:188} INFO - [2024-06-18T02:37:33.886+0000] {dag.py:3096} INFO - Sync 1 DAGs
[2024-06-18T02:37:33.902+0000] {logging_mixin.py:188} INFO - [2024-06-18T02:37:33.902+0000] {dag.py:3954} INFO - Setting next_dagrun for tutorial_taskflow_api to None, run_after=None
[2024-06-18T02:37:33.924+0000] {processor.py:183} INFO - Processing /home/airflow/.local/lib/python3.12/site-packages/airflow/example_dags/tutorial_taskflow_api.py took 0.078 seconds
[2024-06-18T02:38:04.502+0000] {processor.py:161} INFO - Started process (PID=67078) to work on /home/airflow/.local/lib/python3.12/site-packages/airflow/example_dags/tutorial_taskflow_api.py
[2024-06-18T02:38:04.503+0000] {processor.py:830} INFO - Processing file /home/airflow/.local/lib/python3.12/site-packages/airflow/example_dags/tutorial_taskflow_api.py for tasks to queue
[2024-06-18T02:38:04.504+0000] {logging_mixin.py:188} INFO - [2024-06-18T02:38:04.503+0000] {dagbag.py:545} INFO - Filling up the DagBag from /home/airflow/.local/lib/python3.12/site-packages/airflow/example_dags/tutorial_taskflow_api.py
[2024-06-18T02:38:04.512+0000] {processor.py:840} INFO - DAG(s) 'tutorial_taskflow_api' retrieved from /home/airflow/.local/lib/python3.12/site-packages/airflow/example_dags/tutorial_taskflow_api.py
[2024-06-18T02:38:04.533+0000] {logging_mixin.py:188} INFO - [2024-06-18T02:38:04.533+0000] {dag.py:3096} INFO - Sync 1 DAGs
[2024-06-18T02:38:04.549+0000] {logging_mixin.py:188} INFO - [2024-06-18T02:38:04.549+0000] {dag.py:3954} INFO - Setting next_dagrun for tutorial_taskflow_api to None, run_after=None
[2024-06-18T02:38:04.570+0000] {processor.py:183} INFO - Processing /home/airflow/.local/lib/python3.12/site-packages/airflow/example_dags/tutorial_taskflow_api.py took 0.076 seconds
[2024-06-18T02:38:35.024+0000] {processor.py:161} INFO - Started process (PID=67136) to work on /home/airflow/.local/lib/python3.12/site-packages/airflow/example_dags/tutorial_taskflow_api.py
[2024-06-18T02:38:35.026+0000] {processor.py:830} INFO - Processing file /home/airflow/.local/lib/python3.12/site-packages/airflow/example_dags/tutorial_taskflow_api.py for tasks to queue
[2024-06-18T02:38:35.027+0000] {logging_mixin.py:188} INFO - [2024-06-18T02:38:35.027+0000] {dagbag.py:545} INFO - Filling up the DagBag from /home/airflow/.local/lib/python3.12/site-packages/airflow/example_dags/tutorial_taskflow_api.py
[2024-06-18T02:38:35.035+0000] {processor.py:840} INFO - DAG(s) 'tutorial_taskflow_api' retrieved from /home/airflow/.local/lib/python3.12/site-packages/airflow/example_dags/tutorial_taskflow_api.py
[2024-06-18T02:38:35.068+0000] {logging_mixin.py:188} INFO - [2024-06-18T02:38:35.068+0000] {dag.py:3096} INFO - Sync 1 DAGs
[2024-06-18T02:38:35.106+0000] {logging_mixin.py:188} INFO - [2024-06-18T02:38:35.106+0000] {dag.py:3954} INFO - Setting next_dagrun for tutorial_taskflow_api to None, run_after=None
[2024-06-18T02:38:35.131+0000] {processor.py:183} INFO - Processing /home/airflow/.local/lib/python3.12/site-packages/airflow/example_dags/tutorial_taskflow_api.py took 0.114 seconds
[2024-06-18T02:39:05.264+0000] {processor.py:161} INFO - Started process (PID=67194) to work on /home/airflow/.local/lib/python3.12/site-packages/airflow/example_dags/tutorial_taskflow_api.py
[2024-06-18T02:39:05.265+0000] {processor.py:830} INFO - Processing file /home/airflow/.local/lib/python3.12/site-packages/airflow/example_dags/tutorial_taskflow_api.py for tasks to queue
[2024-06-18T02:39:05.266+0000] {logging_mixin.py:188} INFO - [2024-06-18T02:39:05.266+0000] {dagbag.py:545} INFO - Filling up the DagBag from /home/airflow/.local/lib/python3.12/site-packages/airflow/example_dags/tutorial_taskflow_api.py
[2024-06-18T02:39:05.274+0000] {processor.py:840} INFO - DAG(s) 'tutorial_taskflow_api' retrieved from /home/airflow/.local/lib/python3.12/site-packages/airflow/example_dags/tutorial_taskflow_api.py
[2024-06-18T02:39:05.297+0000] {logging_mixin.py:188} INFO - [2024-06-18T02:39:05.297+0000] {dag.py:3096} INFO - Sync 1 DAGs
[2024-06-18T02:39:05.313+0000] {logging_mixin.py:188} INFO - [2024-06-18T02:39:05.312+0000] {dag.py:3954} INFO - Setting next_dagrun for tutorial_taskflow_api to None, run_after=None
[2024-06-18T02:39:05.335+0000] {processor.py:183} INFO - Processing /home/airflow/.local/lib/python3.12/site-packages/airflow/example_dags/tutorial_taskflow_api.py took 0.076 seconds
[2024-06-18T02:39:36.418+0000] {processor.py:161} INFO - Started process (PID=67253) to work on /home/airflow/.local/lib/python3.12/site-packages/airflow/example_dags/tutorial_taskflow_api.py
[2024-06-18T02:39:36.419+0000] {processor.py:830} INFO - Processing file /home/airflow/.local/lib/python3.12/site-packages/airflow/example_dags/tutorial_taskflow_api.py for tasks to queue
[2024-06-18T02:39:36.420+0000] {logging_mixin.py:188} INFO - [2024-06-18T02:39:36.420+0000] {dagbag.py:545} INFO - Filling up the DagBag from /home/airflow/.local/lib/python3.12/site-packages/airflow/example_dags/tutorial_taskflow_api.py
[2024-06-18T02:39:36.430+0000] {processor.py:840} INFO - DAG(s) 'tutorial_taskflow_api' retrieved from /home/airflow/.local/lib/python3.12/site-packages/airflow/example_dags/tutorial_taskflow_api.py
[2024-06-18T02:39:36.463+0000] {logging_mixin.py:188} INFO - [2024-06-18T02:39:36.462+0000] {dag.py:3096} INFO - Sync 1 DAGs
[2024-06-18T02:39:36.479+0000] {logging_mixin.py:188} INFO - [2024-06-18T02:39:36.478+0000] {dag.py:3954} INFO - Setting next_dagrun for tutorial_taskflow_api to None, run_after=None
[2024-06-18T02:39:36.502+0000] {processor.py:183} INFO - Processing /home/airflow/.local/lib/python3.12/site-packages/airflow/example_dags/tutorial_taskflow_api.py took 0.094 seconds
[2024-06-18T02:52:54.679+0000] {processor.py:161} INFO - Started process (PID=67322) to work on /home/airflow/.local/lib/python3.12/site-packages/airflow/example_dags/tutorial_taskflow_api.py
[2024-06-18T02:52:54.682+0000] {processor.py:830} INFO - Processing file /home/airflow/.local/lib/python3.12/site-packages/airflow/example_dags/tutorial_taskflow_api.py for tasks to queue
[2024-06-18T02:52:54.683+0000] {logging_mixin.py:188} INFO - [2024-06-18T02:52:54.682+0000] {dagbag.py:545} INFO - Filling up the DagBag from /home/airflow/.local/lib/python3.12/site-packages/airflow/example_dags/tutorial_taskflow_api.py
[2024-06-18T02:52:54.707+0000] {processor.py:840} INFO - DAG(s) 'tutorial_taskflow_api' retrieved from /home/airflow/.local/lib/python3.12/site-packages/airflow/example_dags/tutorial_taskflow_api.py
[2024-06-18T02:52:54.733+0000] {logging_mixin.py:188} INFO - [2024-06-18T02:52:54.733+0000] {dag.py:3096} INFO - Sync 1 DAGs
[2024-06-18T02:52:54.751+0000] {logging_mixin.py:188} INFO - [2024-06-18T02:52:54.750+0000] {dag.py:3954} INFO - Setting next_dagrun for tutorial_taskflow_api to None, run_after=None
[2024-06-18T02:52:54.780+0000] {processor.py:183} INFO - Processing /home/airflow/.local/lib/python3.12/site-packages/airflow/example_dags/tutorial_taskflow_api.py took 0.108 seconds
[2024-06-18T02:53:26.793+0000] {processor.py:161} INFO - Started process (PID=67382) to work on /home/airflow/.local/lib/python3.12/site-packages/airflow/example_dags/tutorial_taskflow_api.py
[2024-06-18T02:53:26.795+0000] {processor.py:830} INFO - Processing file /home/airflow/.local/lib/python3.12/site-packages/airflow/example_dags/tutorial_taskflow_api.py for tasks to queue
[2024-06-18T02:53:26.796+0000] {logging_mixin.py:188} INFO - [2024-06-18T02:53:26.795+0000] {dagbag.py:545} INFO - Filling up the DagBag from /home/airflow/.local/lib/python3.12/site-packages/airflow/example_dags/tutorial_taskflow_api.py
[2024-06-18T02:53:26.807+0000] {processor.py:840} INFO - DAG(s) 'tutorial_taskflow_api' retrieved from /home/airflow/.local/lib/python3.12/site-packages/airflow/example_dags/tutorial_taskflow_api.py
[2024-06-18T02:53:26.837+0000] {logging_mixin.py:188} INFO - [2024-06-18T02:53:26.837+0000] {dag.py:3096} INFO - Sync 1 DAGs
[2024-06-18T02:53:26.856+0000] {logging_mixin.py:188} INFO - [2024-06-18T02:53:26.856+0000] {dag.py:3954} INFO - Setting next_dagrun for tutorial_taskflow_api to None, run_after=None
[2024-06-18T02:53:26.882+0000] {processor.py:183} INFO - Processing /home/airflow/.local/lib/python3.12/site-packages/airflow/example_dags/tutorial_taskflow_api.py took 0.098 seconds
[2024-06-18T02:53:57.352+0000] {processor.py:161} INFO - Started process (PID=67440) to work on /home/airflow/.local/lib/python3.12/site-packages/airflow/example_dags/tutorial_taskflow_api.py
[2024-06-18T02:53:57.353+0000] {processor.py:830} INFO - Processing file /home/airflow/.local/lib/python3.12/site-packages/airflow/example_dags/tutorial_taskflow_api.py for tasks to queue
[2024-06-18T02:53:57.354+0000] {logging_mixin.py:188} INFO - [2024-06-18T02:53:57.354+0000] {dagbag.py:545} INFO - Filling up the DagBag from /home/airflow/.local/lib/python3.12/site-packages/airflow/example_dags/tutorial_taskflow_api.py
[2024-06-18T02:53:57.360+0000] {processor.py:840} INFO - DAG(s) 'tutorial_taskflow_api' retrieved from /home/airflow/.local/lib/python3.12/site-packages/airflow/example_dags/tutorial_taskflow_api.py
[2024-06-18T02:53:57.382+0000] {logging_mixin.py:188} INFO - [2024-06-18T02:53:57.381+0000] {dag.py:3096} INFO - Sync 1 DAGs
[2024-06-18T02:53:57.395+0000] {logging_mixin.py:188} INFO - [2024-06-18T02:53:57.395+0000] {dag.py:3954} INFO - Setting next_dagrun for tutorial_taskflow_api to None, run_after=None
[2024-06-18T02:53:57.416+0000] {processor.py:183} INFO - Processing /home/airflow/.local/lib/python3.12/site-packages/airflow/example_dags/tutorial_taskflow_api.py took 0.070 seconds
[2024-06-18T02:54:27.458+0000] {processor.py:161} INFO - Started process (PID=67496) to work on /home/airflow/.local/lib/python3.12/site-packages/airflow/example_dags/tutorial_taskflow_api.py
[2024-06-18T02:54:27.459+0000] {processor.py:830} INFO - Processing file /home/airflow/.local/lib/python3.12/site-packages/airflow/example_dags/tutorial_taskflow_api.py for tasks to queue
[2024-06-18T02:54:27.460+0000] {logging_mixin.py:188} INFO - [2024-06-18T02:54:27.460+0000] {dagbag.py:545} INFO - Filling up the DagBag from /home/airflow/.local/lib/python3.12/site-packages/airflow/example_dags/tutorial_taskflow_api.py
[2024-06-18T02:54:27.466+0000] {processor.py:840} INFO - DAG(s) 'tutorial_taskflow_api' retrieved from /home/airflow/.local/lib/python3.12/site-packages/airflow/example_dags/tutorial_taskflow_api.py
[2024-06-18T02:54:27.487+0000] {logging_mixin.py:188} INFO - [2024-06-18T02:54:27.487+0000] {dag.py:3096} INFO - Sync 1 DAGs
[2024-06-18T02:54:27.500+0000] {logging_mixin.py:188} INFO - [2024-06-18T02:54:27.500+0000] {dag.py:3954} INFO - Setting next_dagrun for tutorial_taskflow_api to None, run_after=None
[2024-06-18T02:54:27.524+0000] {processor.py:183} INFO - Processing /home/airflow/.local/lib/python3.12/site-packages/airflow/example_dags/tutorial_taskflow_api.py took 0.072 seconds
[2024-06-18T02:54:57.611+0000] {processor.py:161} INFO - Started process (PID=67554) to work on /home/airflow/.local/lib/python3.12/site-packages/airflow/example_dags/tutorial_taskflow_api.py
[2024-06-18T02:54:57.613+0000] {processor.py:830} INFO - Processing file /home/airflow/.local/lib/python3.12/site-packages/airflow/example_dags/tutorial_taskflow_api.py for tasks to queue
[2024-06-18T02:54:57.613+0000] {logging_mixin.py:188} INFO - [2024-06-18T02:54:57.613+0000] {dagbag.py:545} INFO - Filling up the DagBag from /home/airflow/.local/lib/python3.12/site-packages/airflow/example_dags/tutorial_taskflow_api.py
[2024-06-18T02:54:57.620+0000] {processor.py:840} INFO - DAG(s) 'tutorial_taskflow_api' retrieved from /home/airflow/.local/lib/python3.12/site-packages/airflow/example_dags/tutorial_taskflow_api.py
[2024-06-18T02:54:57.640+0000] {logging_mixin.py:188} INFO - [2024-06-18T02:54:57.639+0000] {dag.py:3096} INFO - Sync 1 DAGs
[2024-06-18T02:54:57.652+0000] {logging_mixin.py:188} INFO - [2024-06-18T02:54:57.651+0000] {dag.py:3954} INFO - Setting next_dagrun for tutorial_taskflow_api to None, run_after=None
[2024-06-18T02:54:57.671+0000] {processor.py:183} INFO - Processing /home/airflow/.local/lib/python3.12/site-packages/airflow/example_dags/tutorial_taskflow_api.py took 0.066 seconds
[2024-06-18T02:55:27.833+0000] {processor.py:161} INFO - Started process (PID=67612) to work on /home/airflow/.local/lib/python3.12/site-packages/airflow/example_dags/tutorial_taskflow_api.py
[2024-06-18T02:55:27.834+0000] {processor.py:830} INFO - Processing file /home/airflow/.local/lib/python3.12/site-packages/airflow/example_dags/tutorial_taskflow_api.py for tasks to queue
[2024-06-18T02:55:27.835+0000] {logging_mixin.py:188} INFO - [2024-06-18T02:55:27.835+0000] {dagbag.py:545} INFO - Filling up the DagBag from /home/airflow/.local/lib/python3.12/site-packages/airflow/example_dags/tutorial_taskflow_api.py
[2024-06-18T02:55:27.842+0000] {processor.py:840} INFO - DAG(s) 'tutorial_taskflow_api' retrieved from /home/airflow/.local/lib/python3.12/site-packages/airflow/example_dags/tutorial_taskflow_api.py
[2024-06-18T02:55:27.862+0000] {logging_mixin.py:188} INFO - [2024-06-18T02:55:27.862+0000] {dag.py:3096} INFO - Sync 1 DAGs
[2024-06-18T02:55:27.875+0000] {logging_mixin.py:188} INFO - [2024-06-18T02:55:27.875+0000] {dag.py:3954} INFO - Setting next_dagrun for tutorial_taskflow_api to None, run_after=None
[2024-06-18T02:55:27.897+0000] {processor.py:183} INFO - Processing /home/airflow/.local/lib/python3.12/site-packages/airflow/example_dags/tutorial_taskflow_api.py took 0.069 seconds
[2024-06-18T02:55:58.003+0000] {processor.py:161} INFO - Started process (PID=67670) to work on /home/airflow/.local/lib/python3.12/site-packages/airflow/example_dags/tutorial_taskflow_api.py
[2024-06-18T02:55:58.004+0000] {processor.py:830} INFO - Processing file /home/airflow/.local/lib/python3.12/site-packages/airflow/example_dags/tutorial_taskflow_api.py for tasks to queue
[2024-06-18T02:55:58.005+0000] {logging_mixin.py:188} INFO - [2024-06-18T02:55:58.005+0000] {dagbag.py:545} INFO - Filling up the DagBag from /home/airflow/.local/lib/python3.12/site-packages/airflow/example_dags/tutorial_taskflow_api.py
[2024-06-18T02:55:58.011+0000] {processor.py:840} INFO - DAG(s) 'tutorial_taskflow_api' retrieved from /home/airflow/.local/lib/python3.12/site-packages/airflow/example_dags/tutorial_taskflow_api.py
[2024-06-18T02:55:58.031+0000] {logging_mixin.py:188} INFO - [2024-06-18T02:55:58.031+0000] {dag.py:3096} INFO - Sync 1 DAGs
[2024-06-18T02:55:58.044+0000] {logging_mixin.py:188} INFO - [2024-06-18T02:55:58.044+0000] {dag.py:3954} INFO - Setting next_dagrun for tutorial_taskflow_api to None, run_after=None
[2024-06-18T02:55:58.064+0000] {processor.py:183} INFO - Processing /home/airflow/.local/lib/python3.12/site-packages/airflow/example_dags/tutorial_taskflow_api.py took 0.068 seconds
[2024-06-18T02:56:29.282+0000] {processor.py:161} INFO - Started process (PID=67728) to work on /home/airflow/.local/lib/python3.12/site-packages/airflow/example_dags/tutorial_taskflow_api.py
[2024-06-18T02:56:29.283+0000] {processor.py:830} INFO - Processing file /home/airflow/.local/lib/python3.12/site-packages/airflow/example_dags/tutorial_taskflow_api.py for tasks to queue
[2024-06-18T02:56:29.285+0000] {logging_mixin.py:188} INFO - [2024-06-18T02:56:29.284+0000] {dagbag.py:545} INFO - Filling up the DagBag from /home/airflow/.local/lib/python3.12/site-packages/airflow/example_dags/tutorial_taskflow_api.py
[2024-06-18T02:56:29.298+0000] {processor.py:840} INFO - DAG(s) 'tutorial_taskflow_api' retrieved from /home/airflow/.local/lib/python3.12/site-packages/airflow/example_dags/tutorial_taskflow_api.py
[2024-06-18T02:56:29.338+0000] {logging_mixin.py:188} INFO - [2024-06-18T02:56:29.337+0000] {dag.py:3096} INFO - Sync 1 DAGs
[2024-06-18T02:56:29.365+0000] {logging_mixin.py:188} INFO - [2024-06-18T02:56:29.365+0000] {dag.py:3954} INFO - Setting next_dagrun for tutorial_taskflow_api to None, run_after=None
[2024-06-18T02:56:29.419+0000] {processor.py:183} INFO - Processing /home/airflow/.local/lib/python3.12/site-packages/airflow/example_dags/tutorial_taskflow_api.py took 0.154 seconds
