[2024-06-18T02:21:40.229+0000] {processor.py:161} INFO - Started process (PID=65187) to work on /home/airflow/.local/lib/python3.12/site-packages/airflow/example_dags/tutorial_taskflow_api_virtualenv.py
[2024-06-18T02:21:40.241+0000] {processor.py:830} INFO - Processing file /home/airflow/.local/lib/python3.12/site-packages/airflow/example_dags/tutorial_taskflow_api_virtualenv.py for tasks to queue
[2024-06-18T02:21:40.243+0000] {logging_mixin.py:188} INFO - [2024-06-18T02:21:40.242+0000] {dagbag.py:545} INFO - Filling up the DagBag from /home/airflow/.local/lib/python3.12/site-packages/airflow/example_dags/tutorial_taskflow_api_virtualenv.py
[2024-06-18T02:21:40.307+0000] {processor.py:840} INFO - DAG(s) 'tutorial_taskflow_api_virtualenv' retrieved from /home/airflow/.local/lib/python3.12/site-packages/airflow/example_dags/tutorial_taskflow_api_virtualenv.py
[2024-06-18T02:21:40.468+0000] {logging_mixin.py:188} INFO - [2024-06-18T02:21:40.467+0000] {dag.py:3096} INFO - Sync 1 DAGs
[2024-06-18T02:21:40.530+0000] {logging_mixin.py:188} INFO - [2024-06-18T02:21:40.530+0000] {dag.py:3954} INFO - Setting next_dagrun for tutorial_taskflow_api_virtualenv to None, run_after=None
[2024-06-18T02:21:40.750+0000] {processor.py:183} INFO - Processing /home/airflow/.local/lib/python3.12/site-packages/airflow/example_dags/tutorial_taskflow_api_virtualenv.py took 0.540 seconds
[2024-06-18T02:22:11.463+0000] {processor.py:161} INFO - Started process (PID=65245) to work on /home/airflow/.local/lib/python3.12/site-packages/airflow/example_dags/tutorial_taskflow_api_virtualenv.py
[2024-06-18T02:22:11.464+0000] {processor.py:830} INFO - Processing file /home/airflow/.local/lib/python3.12/site-packages/airflow/example_dags/tutorial_taskflow_api_virtualenv.py for tasks to queue
[2024-06-18T02:22:11.465+0000] {logging_mixin.py:188} INFO - [2024-06-18T02:22:11.465+0000] {dagbag.py:545} INFO - Filling up the DagBag from /home/airflow/.local/lib/python3.12/site-packages/airflow/example_dags/tutorial_taskflow_api_virtualenv.py
[2024-06-18T02:22:11.485+0000] {processor.py:840} INFO - DAG(s) 'tutorial_taskflow_api_virtualenv' retrieved from /home/airflow/.local/lib/python3.12/site-packages/airflow/example_dags/tutorial_taskflow_api_virtualenv.py
[2024-06-18T02:22:11.531+0000] {logging_mixin.py:188} INFO - [2024-06-18T02:22:11.531+0000] {dag.py:3096} INFO - Sync 1 DAGs
[2024-06-18T02:22:11.547+0000] {logging_mixin.py:188} INFO - [2024-06-18T02:22:11.547+0000] {dag.py:3954} INFO - Setting next_dagrun for tutorial_taskflow_api_virtualenv to None, run_after=None
[2024-06-18T02:22:11.578+0000] {processor.py:183} INFO - Processing /home/airflow/.local/lib/python3.12/site-packages/airflow/example_dags/tutorial_taskflow_api_virtualenv.py took 0.124 seconds
[2024-06-18T02:22:41.958+0000] {processor.py:161} INFO - Started process (PID=65303) to work on /home/airflow/.local/lib/python3.12/site-packages/airflow/example_dags/tutorial_taskflow_api_virtualenv.py
[2024-06-18T02:22:41.961+0000] {processor.py:830} INFO - Processing file /home/airflow/.local/lib/python3.12/site-packages/airflow/example_dags/tutorial_taskflow_api_virtualenv.py for tasks to queue
[2024-06-18T02:22:41.963+0000] {logging_mixin.py:188} INFO - [2024-06-18T02:22:41.962+0000] {dagbag.py:545} INFO - Filling up the DagBag from /home/airflow/.local/lib/python3.12/site-packages/airflow/example_dags/tutorial_taskflow_api_virtualenv.py
[2024-06-18T02:22:41.975+0000] {processor.py:840} INFO - DAG(s) 'tutorial_taskflow_api_virtualenv' retrieved from /home/airflow/.local/lib/python3.12/site-packages/airflow/example_dags/tutorial_taskflow_api_virtualenv.py
[2024-06-18T02:22:42.001+0000] {logging_mixin.py:188} INFO - [2024-06-18T02:22:42.000+0000] {dag.py:3096} INFO - Sync 1 DAGs
[2024-06-18T02:22:42.018+0000] {logging_mixin.py:188} INFO - [2024-06-18T02:22:42.017+0000] {dag.py:3954} INFO - Setting next_dagrun for tutorial_taskflow_api_virtualenv to None, run_after=None
[2024-06-18T02:22:42.049+0000] {processor.py:183} INFO - Processing /home/airflow/.local/lib/python3.12/site-packages/airflow/example_dags/tutorial_taskflow_api_virtualenv.py took 0.097 seconds
[2024-06-18T02:23:12.924+0000] {processor.py:161} INFO - Started process (PID=65362) to work on /home/airflow/.local/lib/python3.12/site-packages/airflow/example_dags/tutorial_taskflow_api_virtualenv.py
[2024-06-18T02:23:12.926+0000] {processor.py:830} INFO - Processing file /home/airflow/.local/lib/python3.12/site-packages/airflow/example_dags/tutorial_taskflow_api_virtualenv.py for tasks to queue
[2024-06-18T02:23:12.931+0000] {logging_mixin.py:188} INFO - [2024-06-18T02:23:12.929+0000] {dagbag.py:545} INFO - Filling up the DagBag from /home/airflow/.local/lib/python3.12/site-packages/airflow/example_dags/tutorial_taskflow_api_virtualenv.py
[2024-06-18T02:23:12.964+0000] {processor.py:840} INFO - DAG(s) 'tutorial_taskflow_api_virtualenv' retrieved from /home/airflow/.local/lib/python3.12/site-packages/airflow/example_dags/tutorial_taskflow_api_virtualenv.py
[2024-06-18T02:23:13.025+0000] {logging_mixin.py:188} INFO - [2024-06-18T02:23:13.024+0000] {dag.py:3096} INFO - Sync 1 DAGs
[2024-06-18T02:23:13.075+0000] {logging_mixin.py:188} INFO - [2024-06-18T02:23:13.074+0000] {dag.py:3954} INFO - Setting next_dagrun for tutorial_taskflow_api_virtualenv to None, run_after=None
[2024-06-18T02:23:13.152+0000] {processor.py:183} INFO - Processing /home/airflow/.local/lib/python3.12/site-packages/airflow/example_dags/tutorial_taskflow_api_virtualenv.py took 0.247 seconds
[2024-06-18T02:23:43.782+0000] {processor.py:161} INFO - Started process (PID=65420) to work on /home/airflow/.local/lib/python3.12/site-packages/airflow/example_dags/tutorial_taskflow_api_virtualenv.py
[2024-06-18T02:23:43.783+0000] {processor.py:830} INFO - Processing file /home/airflow/.local/lib/python3.12/site-packages/airflow/example_dags/tutorial_taskflow_api_virtualenv.py for tasks to queue
[2024-06-18T02:23:43.784+0000] {logging_mixin.py:188} INFO - [2024-06-18T02:23:43.784+0000] {dagbag.py:545} INFO - Filling up the DagBag from /home/airflow/.local/lib/python3.12/site-packages/airflow/example_dags/tutorial_taskflow_api_virtualenv.py
[2024-06-18T02:23:43.797+0000] {processor.py:840} INFO - DAG(s) 'tutorial_taskflow_api_virtualenv' retrieved from /home/airflow/.local/lib/python3.12/site-packages/airflow/example_dags/tutorial_taskflow_api_virtualenv.py
[2024-06-18T02:23:43.825+0000] {logging_mixin.py:188} INFO - [2024-06-18T02:23:43.824+0000] {dag.py:3096} INFO - Sync 1 DAGs
[2024-06-18T02:23:43.844+0000] {logging_mixin.py:188} INFO - [2024-06-18T02:23:43.843+0000] {dag.py:3954} INFO - Setting next_dagrun for tutorial_taskflow_api_virtualenv to None, run_after=None
[2024-06-18T02:23:43.870+0000] {processor.py:183} INFO - Processing /home/airflow/.local/lib/python3.12/site-packages/airflow/example_dags/tutorial_taskflow_api_virtualenv.py took 0.094 seconds
[2024-06-18T02:24:15.144+0000] {processor.py:161} INFO - Started process (PID=65478) to work on /home/airflow/.local/lib/python3.12/site-packages/airflow/example_dags/tutorial_taskflow_api_virtualenv.py
[2024-06-18T02:24:15.146+0000] {processor.py:830} INFO - Processing file /home/airflow/.local/lib/python3.12/site-packages/airflow/example_dags/tutorial_taskflow_api_virtualenv.py for tasks to queue
[2024-06-18T02:24:15.147+0000] {logging_mixin.py:188} INFO - [2024-06-18T02:24:15.147+0000] {dagbag.py:545} INFO - Filling up the DagBag from /home/airflow/.local/lib/python3.12/site-packages/airflow/example_dags/tutorial_taskflow_api_virtualenv.py
[2024-06-18T02:24:15.170+0000] {processor.py:840} INFO - DAG(s) 'tutorial_taskflow_api_virtualenv' retrieved from /home/airflow/.local/lib/python3.12/site-packages/airflow/example_dags/tutorial_taskflow_api_virtualenv.py
[2024-06-18T02:24:15.245+0000] {logging_mixin.py:188} INFO - [2024-06-18T02:24:15.245+0000] {dag.py:3096} INFO - Sync 1 DAGs
[2024-06-18T02:24:15.288+0000] {logging_mixin.py:188} INFO - [2024-06-18T02:24:15.288+0000] {dag.py:3954} INFO - Setting next_dagrun for tutorial_taskflow_api_virtualenv to None, run_after=None
[2024-06-18T02:24:15.344+0000] {processor.py:183} INFO - Processing /home/airflow/.local/lib/python3.12/site-packages/airflow/example_dags/tutorial_taskflow_api_virtualenv.py took 0.220 seconds
[2024-06-18T02:24:45.627+0000] {processor.py:161} INFO - Started process (PID=65535) to work on /home/airflow/.local/lib/python3.12/site-packages/airflow/example_dags/tutorial_taskflow_api_virtualenv.py
[2024-06-18T02:24:45.628+0000] {processor.py:830} INFO - Processing file /home/airflow/.local/lib/python3.12/site-packages/airflow/example_dags/tutorial_taskflow_api_virtualenv.py for tasks to queue
[2024-06-18T02:24:45.629+0000] {logging_mixin.py:188} INFO - [2024-06-18T02:24:45.629+0000] {dagbag.py:545} INFO - Filling up the DagBag from /home/airflow/.local/lib/python3.12/site-packages/airflow/example_dags/tutorial_taskflow_api_virtualenv.py
[2024-06-18T02:24:45.642+0000] {processor.py:840} INFO - DAG(s) 'tutorial_taskflow_api_virtualenv' retrieved from /home/airflow/.local/lib/python3.12/site-packages/airflow/example_dags/tutorial_taskflow_api_virtualenv.py
[2024-06-18T02:24:45.668+0000] {logging_mixin.py:188} INFO - [2024-06-18T02:24:45.668+0000] {dag.py:3096} INFO - Sync 1 DAGs
[2024-06-18T02:24:45.702+0000] {logging_mixin.py:188} INFO - [2024-06-18T02:24:45.701+0000] {dag.py:3954} INFO - Setting next_dagrun for tutorial_taskflow_api_virtualenv to None, run_after=None
[2024-06-18T02:24:45.757+0000] {processor.py:183} INFO - Processing /home/airflow/.local/lib/python3.12/site-packages/airflow/example_dags/tutorial_taskflow_api_virtualenv.py took 0.136 seconds
[2024-06-18T02:25:16.528+0000] {processor.py:161} INFO - Started process (PID=65594) to work on /home/airflow/.local/lib/python3.12/site-packages/airflow/example_dags/tutorial_taskflow_api_virtualenv.py
[2024-06-18T02:25:16.529+0000] {processor.py:830} INFO - Processing file /home/airflow/.local/lib/python3.12/site-packages/airflow/example_dags/tutorial_taskflow_api_virtualenv.py for tasks to queue
[2024-06-18T02:25:16.530+0000] {logging_mixin.py:188} INFO - [2024-06-18T02:25:16.530+0000] {dagbag.py:545} INFO - Filling up the DagBag from /home/airflow/.local/lib/python3.12/site-packages/airflow/example_dags/tutorial_taskflow_api_virtualenv.py
[2024-06-18T02:25:16.541+0000] {processor.py:840} INFO - DAG(s) 'tutorial_taskflow_api_virtualenv' retrieved from /home/airflow/.local/lib/python3.12/site-packages/airflow/example_dags/tutorial_taskflow_api_virtualenv.py
[2024-06-18T02:25:16.561+0000] {logging_mixin.py:188} INFO - [2024-06-18T02:25:16.560+0000] {dag.py:3096} INFO - Sync 1 DAGs
[2024-06-18T02:25:16.573+0000] {logging_mixin.py:188} INFO - [2024-06-18T02:25:16.573+0000] {dag.py:3954} INFO - Setting next_dagrun for tutorial_taskflow_api_virtualenv to None, run_after=None
[2024-06-18T02:25:16.592+0000] {processor.py:183} INFO - Processing /home/airflow/.local/lib/python3.12/site-packages/airflow/example_dags/tutorial_taskflow_api_virtualenv.py took 0.072 seconds
[2024-06-18T02:25:47.440+0000] {processor.py:161} INFO - Started process (PID=65652) to work on /home/airflow/.local/lib/python3.12/site-packages/airflow/example_dags/tutorial_taskflow_api_virtualenv.py
[2024-06-18T02:25:47.442+0000] {processor.py:830} INFO - Processing file /home/airflow/.local/lib/python3.12/site-packages/airflow/example_dags/tutorial_taskflow_api_virtualenv.py for tasks to queue
[2024-06-18T02:25:47.443+0000] {logging_mixin.py:188} INFO - [2024-06-18T02:25:47.442+0000] {dagbag.py:545} INFO - Filling up the DagBag from /home/airflow/.local/lib/python3.12/site-packages/airflow/example_dags/tutorial_taskflow_api_virtualenv.py
[2024-06-18T02:25:47.456+0000] {processor.py:840} INFO - DAG(s) 'tutorial_taskflow_api_virtualenv' retrieved from /home/airflow/.local/lib/python3.12/site-packages/airflow/example_dags/tutorial_taskflow_api_virtualenv.py
[2024-06-18T02:25:47.506+0000] {logging_mixin.py:188} INFO - [2024-06-18T02:25:47.505+0000] {dag.py:3096} INFO - Sync 1 DAGs
[2024-06-18T02:25:47.542+0000] {logging_mixin.py:188} INFO - [2024-06-18T02:25:47.542+0000] {dag.py:3954} INFO - Setting next_dagrun for tutorial_taskflow_api_virtualenv to None, run_after=None
[2024-06-18T02:25:47.561+0000] {processor.py:183} INFO - Processing /home/airflow/.local/lib/python3.12/site-packages/airflow/example_dags/tutorial_taskflow_api_virtualenv.py took 0.128 seconds
[2024-06-18T02:26:18.070+0000] {processor.py:161} INFO - Started process (PID=65710) to work on /home/airflow/.local/lib/python3.12/site-packages/airflow/example_dags/tutorial_taskflow_api_virtualenv.py
[2024-06-18T02:26:18.072+0000] {processor.py:830} INFO - Processing file /home/airflow/.local/lib/python3.12/site-packages/airflow/example_dags/tutorial_taskflow_api_virtualenv.py for tasks to queue
[2024-06-18T02:26:18.074+0000] {logging_mixin.py:188} INFO - [2024-06-18T02:26:18.073+0000] {dagbag.py:545} INFO - Filling up the DagBag from /home/airflow/.local/lib/python3.12/site-packages/airflow/example_dags/tutorial_taskflow_api_virtualenv.py
[2024-06-18T02:26:18.084+0000] {processor.py:840} INFO - DAG(s) 'tutorial_taskflow_api_virtualenv' retrieved from /home/airflow/.local/lib/python3.12/site-packages/airflow/example_dags/tutorial_taskflow_api_virtualenv.py
[2024-06-18T02:26:18.110+0000] {logging_mixin.py:188} INFO - [2024-06-18T02:26:18.109+0000] {dag.py:3096} INFO - Sync 1 DAGs
[2024-06-18T02:26:18.129+0000] {logging_mixin.py:188} INFO - [2024-06-18T02:26:18.129+0000] {dag.py:3954} INFO - Setting next_dagrun for tutorial_taskflow_api_virtualenv to None, run_after=None
[2024-06-18T02:26:18.152+0000] {processor.py:183} INFO - Processing /home/airflow/.local/lib/python3.12/site-packages/airflow/example_dags/tutorial_taskflow_api_virtualenv.py took 0.088 seconds
[2024-06-18T02:26:48.765+0000] {processor.py:161} INFO - Started process (PID=65769) to work on /home/airflow/.local/lib/python3.12/site-packages/airflow/example_dags/tutorial_taskflow_api_virtualenv.py
[2024-06-18T02:26:48.766+0000] {processor.py:830} INFO - Processing file /home/airflow/.local/lib/python3.12/site-packages/airflow/example_dags/tutorial_taskflow_api_virtualenv.py for tasks to queue
[2024-06-18T02:26:48.767+0000] {logging_mixin.py:188} INFO - [2024-06-18T02:26:48.766+0000] {dagbag.py:545} INFO - Filling up the DagBag from /home/airflow/.local/lib/python3.12/site-packages/airflow/example_dags/tutorial_taskflow_api_virtualenv.py
[2024-06-18T02:26:48.778+0000] {processor.py:840} INFO - DAG(s) 'tutorial_taskflow_api_virtualenv' retrieved from /home/airflow/.local/lib/python3.12/site-packages/airflow/example_dags/tutorial_taskflow_api_virtualenv.py
[2024-06-18T02:26:48.801+0000] {logging_mixin.py:188} INFO - [2024-06-18T02:26:48.801+0000] {dag.py:3096} INFO - Sync 1 DAGs
[2024-06-18T02:26:48.816+0000] {logging_mixin.py:188} INFO - [2024-06-18T02:26:48.815+0000] {dag.py:3954} INFO - Setting next_dagrun for tutorial_taskflow_api_virtualenv to None, run_after=None
[2024-06-18T02:26:48.836+0000] {processor.py:183} INFO - Processing /home/airflow/.local/lib/python3.12/site-packages/airflow/example_dags/tutorial_taskflow_api_virtualenv.py took 0.077 seconds
[2024-06-18T02:27:19.597+0000] {processor.py:161} INFO - Started process (PID=65827) to work on /home/airflow/.local/lib/python3.12/site-packages/airflow/example_dags/tutorial_taskflow_api_virtualenv.py
[2024-06-18T02:27:19.598+0000] {processor.py:830} INFO - Processing file /home/airflow/.local/lib/python3.12/site-packages/airflow/example_dags/tutorial_taskflow_api_virtualenv.py for tasks to queue
[2024-06-18T02:27:19.599+0000] {logging_mixin.py:188} INFO - [2024-06-18T02:27:19.598+0000] {dagbag.py:545} INFO - Filling up the DagBag from /home/airflow/.local/lib/python3.12/site-packages/airflow/example_dags/tutorial_taskflow_api_virtualenv.py
[2024-06-18T02:27:19.609+0000] {processor.py:840} INFO - DAG(s) 'tutorial_taskflow_api_virtualenv' retrieved from /home/airflow/.local/lib/python3.12/site-packages/airflow/example_dags/tutorial_taskflow_api_virtualenv.py
[2024-06-18T02:27:19.630+0000] {logging_mixin.py:188} INFO - [2024-06-18T02:27:19.630+0000] {dag.py:3096} INFO - Sync 1 DAGs
[2024-06-18T02:27:19.645+0000] {logging_mixin.py:188} INFO - [2024-06-18T02:27:19.644+0000] {dag.py:3954} INFO - Setting next_dagrun for tutorial_taskflow_api_virtualenv to None, run_after=None
[2024-06-18T02:27:19.665+0000] {processor.py:183} INFO - Processing /home/airflow/.local/lib/python3.12/site-packages/airflow/example_dags/tutorial_taskflow_api_virtualenv.py took 0.073 seconds
[2024-06-18T02:27:49.827+0000] {processor.py:161} INFO - Started process (PID=65885) to work on /home/airflow/.local/lib/python3.12/site-packages/airflow/example_dags/tutorial_taskflow_api_virtualenv.py
[2024-06-18T02:27:49.829+0000] {processor.py:830} INFO - Processing file /home/airflow/.local/lib/python3.12/site-packages/airflow/example_dags/tutorial_taskflow_api_virtualenv.py for tasks to queue
[2024-06-18T02:27:49.830+0000] {logging_mixin.py:188} INFO - [2024-06-18T02:27:49.829+0000] {dagbag.py:545} INFO - Filling up the DagBag from /home/airflow/.local/lib/python3.12/site-packages/airflow/example_dags/tutorial_taskflow_api_virtualenv.py
[2024-06-18T02:27:49.843+0000] {processor.py:840} INFO - DAG(s) 'tutorial_taskflow_api_virtualenv' retrieved from /home/airflow/.local/lib/python3.12/site-packages/airflow/example_dags/tutorial_taskflow_api_virtualenv.py
[2024-06-18T02:27:49.864+0000] {logging_mixin.py:188} INFO - [2024-06-18T02:27:49.863+0000] {dag.py:3096} INFO - Sync 1 DAGs
[2024-06-18T02:27:49.876+0000] {logging_mixin.py:188} INFO - [2024-06-18T02:27:49.876+0000] {dag.py:3954} INFO - Setting next_dagrun for tutorial_taskflow_api_virtualenv to None, run_after=None
[2024-06-18T02:27:49.897+0000] {processor.py:183} INFO - Processing /home/airflow/.local/lib/python3.12/site-packages/airflow/example_dags/tutorial_taskflow_api_virtualenv.py took 0.076 seconds
[2024-06-18T02:28:20.182+0000] {processor.py:161} INFO - Started process (PID=65943) to work on /home/airflow/.local/lib/python3.12/site-packages/airflow/example_dags/tutorial_taskflow_api_virtualenv.py
[2024-06-18T02:28:20.183+0000] {processor.py:830} INFO - Processing file /home/airflow/.local/lib/python3.12/site-packages/airflow/example_dags/tutorial_taskflow_api_virtualenv.py for tasks to queue
[2024-06-18T02:28:20.184+0000] {logging_mixin.py:188} INFO - [2024-06-18T02:28:20.183+0000] {dagbag.py:545} INFO - Filling up the DagBag from /home/airflow/.local/lib/python3.12/site-packages/airflow/example_dags/tutorial_taskflow_api_virtualenv.py
[2024-06-18T02:28:20.195+0000] {processor.py:840} INFO - DAG(s) 'tutorial_taskflow_api_virtualenv' retrieved from /home/airflow/.local/lib/python3.12/site-packages/airflow/example_dags/tutorial_taskflow_api_virtualenv.py
[2024-06-18T02:28:20.218+0000] {logging_mixin.py:188} INFO - [2024-06-18T02:28:20.217+0000] {dag.py:3096} INFO - Sync 1 DAGs
[2024-06-18T02:28:20.235+0000] {logging_mixin.py:188} INFO - [2024-06-18T02:28:20.234+0000] {dag.py:3954} INFO - Setting next_dagrun for tutorial_taskflow_api_virtualenv to None, run_after=None
[2024-06-18T02:28:20.258+0000] {processor.py:183} INFO - Processing /home/airflow/.local/lib/python3.12/site-packages/airflow/example_dags/tutorial_taskflow_api_virtualenv.py took 0.084 seconds
[2024-06-18T02:28:50.595+0000] {processor.py:161} INFO - Started process (PID=66002) to work on /home/airflow/.local/lib/python3.12/site-packages/airflow/example_dags/tutorial_taskflow_api_virtualenv.py
[2024-06-18T02:28:50.597+0000] {processor.py:830} INFO - Processing file /home/airflow/.local/lib/python3.12/site-packages/airflow/example_dags/tutorial_taskflow_api_virtualenv.py for tasks to queue
[2024-06-18T02:28:50.598+0000] {logging_mixin.py:188} INFO - [2024-06-18T02:28:50.598+0000] {dagbag.py:545} INFO - Filling up the DagBag from /home/airflow/.local/lib/python3.12/site-packages/airflow/example_dags/tutorial_taskflow_api_virtualenv.py
[2024-06-18T02:28:50.612+0000] {processor.py:840} INFO - DAG(s) 'tutorial_taskflow_api_virtualenv' retrieved from /home/airflow/.local/lib/python3.12/site-packages/airflow/example_dags/tutorial_taskflow_api_virtualenv.py
[2024-06-18T02:28:50.639+0000] {logging_mixin.py:188} INFO - [2024-06-18T02:28:50.638+0000] {dag.py:3096} INFO - Sync 1 DAGs
[2024-06-18T02:28:50.657+0000] {logging_mixin.py:188} INFO - [2024-06-18T02:28:50.657+0000] {dag.py:3954} INFO - Setting next_dagrun for tutorial_taskflow_api_virtualenv to None, run_after=None
[2024-06-18T02:28:50.681+0000] {processor.py:183} INFO - Processing /home/airflow/.local/lib/python3.12/site-packages/airflow/example_dags/tutorial_taskflow_api_virtualenv.py took 0.093 seconds
[2024-06-18T02:29:20.960+0000] {processor.py:161} INFO - Started process (PID=66060) to work on /home/airflow/.local/lib/python3.12/site-packages/airflow/example_dags/tutorial_taskflow_api_virtualenv.py
[2024-06-18T02:29:20.961+0000] {processor.py:830} INFO - Processing file /home/airflow/.local/lib/python3.12/site-packages/airflow/example_dags/tutorial_taskflow_api_virtualenv.py for tasks to queue
[2024-06-18T02:29:20.962+0000] {logging_mixin.py:188} INFO - [2024-06-18T02:29:20.962+0000] {dagbag.py:545} INFO - Filling up the DagBag from /home/airflow/.local/lib/python3.12/site-packages/airflow/example_dags/tutorial_taskflow_api_virtualenv.py
[2024-06-18T02:29:20.973+0000] {processor.py:840} INFO - DAG(s) 'tutorial_taskflow_api_virtualenv' retrieved from /home/airflow/.local/lib/python3.12/site-packages/airflow/example_dags/tutorial_taskflow_api_virtualenv.py
[2024-06-18T02:29:21.001+0000] {logging_mixin.py:188} INFO - [2024-06-18T02:29:21.001+0000] {dag.py:3096} INFO - Sync 1 DAGs
[2024-06-18T02:29:21.017+0000] {logging_mixin.py:188} INFO - [2024-06-18T02:29:21.017+0000] {dag.py:3954} INFO - Setting next_dagrun for tutorial_taskflow_api_virtualenv to None, run_after=None
[2024-06-18T02:29:21.037+0000] {processor.py:183} INFO - Processing /home/airflow/.local/lib/python3.12/site-packages/airflow/example_dags/tutorial_taskflow_api_virtualenv.py took 0.083 seconds
[2024-06-18T02:29:51.078+0000] {processor.py:161} INFO - Started process (PID=66117) to work on /home/airflow/.local/lib/python3.12/site-packages/airflow/example_dags/tutorial_taskflow_api_virtualenv.py
[2024-06-18T02:29:51.080+0000] {processor.py:830} INFO - Processing file /home/airflow/.local/lib/python3.12/site-packages/airflow/example_dags/tutorial_taskflow_api_virtualenv.py for tasks to queue
[2024-06-18T02:29:51.081+0000] {logging_mixin.py:188} INFO - [2024-06-18T02:29:51.080+0000] {dagbag.py:545} INFO - Filling up the DagBag from /home/airflow/.local/lib/python3.12/site-packages/airflow/example_dags/tutorial_taskflow_api_virtualenv.py
[2024-06-18T02:29:51.091+0000] {processor.py:840} INFO - DAG(s) 'tutorial_taskflow_api_virtualenv' retrieved from /home/airflow/.local/lib/python3.12/site-packages/airflow/example_dags/tutorial_taskflow_api_virtualenv.py
[2024-06-18T02:29:51.111+0000] {logging_mixin.py:188} INFO - [2024-06-18T02:29:51.111+0000] {dag.py:3096} INFO - Sync 1 DAGs
[2024-06-18T02:29:51.124+0000] {logging_mixin.py:188} INFO - [2024-06-18T02:29:51.123+0000] {dag.py:3954} INFO - Setting next_dagrun for tutorial_taskflow_api_virtualenv to None, run_after=None
[2024-06-18T02:29:51.142+0000] {processor.py:183} INFO - Processing /home/airflow/.local/lib/python3.12/site-packages/airflow/example_dags/tutorial_taskflow_api_virtualenv.py took 0.070 seconds
[2024-06-18T02:30:21.767+0000] {processor.py:161} INFO - Started process (PID=66176) to work on /home/airflow/.local/lib/python3.12/site-packages/airflow/example_dags/tutorial_taskflow_api_virtualenv.py
[2024-06-18T02:30:21.769+0000] {processor.py:830} INFO - Processing file /home/airflow/.local/lib/python3.12/site-packages/airflow/example_dags/tutorial_taskflow_api_virtualenv.py for tasks to queue
[2024-06-18T02:30:21.769+0000] {logging_mixin.py:188} INFO - [2024-06-18T02:30:21.769+0000] {dagbag.py:545} INFO - Filling up the DagBag from /home/airflow/.local/lib/python3.12/site-packages/airflow/example_dags/tutorial_taskflow_api_virtualenv.py
[2024-06-18T02:30:21.780+0000] {processor.py:840} INFO - DAG(s) 'tutorial_taskflow_api_virtualenv' retrieved from /home/airflow/.local/lib/python3.12/site-packages/airflow/example_dags/tutorial_taskflow_api_virtualenv.py
[2024-06-18T02:30:21.803+0000] {logging_mixin.py:188} INFO - [2024-06-18T02:30:21.802+0000] {dag.py:3096} INFO - Sync 1 DAGs
[2024-06-18T02:30:21.817+0000] {logging_mixin.py:188} INFO - [2024-06-18T02:30:21.817+0000] {dag.py:3954} INFO - Setting next_dagrun for tutorial_taskflow_api_virtualenv to None, run_after=None
[2024-06-18T02:30:21.837+0000] {processor.py:183} INFO - Processing /home/airflow/.local/lib/python3.12/site-packages/airflow/example_dags/tutorial_taskflow_api_virtualenv.py took 0.075 seconds
[2024-06-18T02:30:52.518+0000] {processor.py:161} INFO - Started process (PID=66234) to work on /home/airflow/.local/lib/python3.12/site-packages/airflow/example_dags/tutorial_taskflow_api_virtualenv.py
[2024-06-18T02:30:52.520+0000] {processor.py:830} INFO - Processing file /home/airflow/.local/lib/python3.12/site-packages/airflow/example_dags/tutorial_taskflow_api_virtualenv.py for tasks to queue
[2024-06-18T02:30:52.520+0000] {logging_mixin.py:188} INFO - [2024-06-18T02:30:52.520+0000] {dagbag.py:545} INFO - Filling up the DagBag from /home/airflow/.local/lib/python3.12/site-packages/airflow/example_dags/tutorial_taskflow_api_virtualenv.py
[2024-06-18T02:30:52.530+0000] {processor.py:840} INFO - DAG(s) 'tutorial_taskflow_api_virtualenv' retrieved from /home/airflow/.local/lib/python3.12/site-packages/airflow/example_dags/tutorial_taskflow_api_virtualenv.py
[2024-06-18T02:30:52.550+0000] {logging_mixin.py:188} INFO - [2024-06-18T02:30:52.550+0000] {dag.py:3096} INFO - Sync 1 DAGs
[2024-06-18T02:30:52.565+0000] {logging_mixin.py:188} INFO - [2024-06-18T02:30:52.565+0000] {dag.py:3954} INFO - Setting next_dagrun for tutorial_taskflow_api_virtualenv to None, run_after=None
[2024-06-18T02:30:52.588+0000] {processor.py:183} INFO - Processing /home/airflow/.local/lib/python3.12/site-packages/airflow/example_dags/tutorial_taskflow_api_virtualenv.py took 0.077 seconds
[2024-06-18T02:31:22.802+0000] {processor.py:161} INFO - Started process (PID=66292) to work on /home/airflow/.local/lib/python3.12/site-packages/airflow/example_dags/tutorial_taskflow_api_virtualenv.py
[2024-06-18T02:31:22.803+0000] {processor.py:830} INFO - Processing file /home/airflow/.local/lib/python3.12/site-packages/airflow/example_dags/tutorial_taskflow_api_virtualenv.py for tasks to queue
[2024-06-18T02:31:22.804+0000] {logging_mixin.py:188} INFO - [2024-06-18T02:31:22.804+0000] {dagbag.py:545} INFO - Filling up the DagBag from /home/airflow/.local/lib/python3.12/site-packages/airflow/example_dags/tutorial_taskflow_api_virtualenv.py
[2024-06-18T02:31:22.816+0000] {processor.py:840} INFO - DAG(s) 'tutorial_taskflow_api_virtualenv' retrieved from /home/airflow/.local/lib/python3.12/site-packages/airflow/example_dags/tutorial_taskflow_api_virtualenv.py
[2024-06-18T02:31:22.837+0000] {logging_mixin.py:188} INFO - [2024-06-18T02:31:22.837+0000] {dag.py:3096} INFO - Sync 1 DAGs
[2024-06-18T02:31:22.854+0000] {logging_mixin.py:188} INFO - [2024-06-18T02:31:22.854+0000] {dag.py:3954} INFO - Setting next_dagrun for tutorial_taskflow_api_virtualenv to None, run_after=None
[2024-06-18T02:31:22.875+0000] {processor.py:183} INFO - Processing /home/airflow/.local/lib/python3.12/site-packages/airflow/example_dags/tutorial_taskflow_api_virtualenv.py took 0.081 seconds
[2024-06-18T02:31:53.384+0000] {processor.py:161} INFO - Started process (PID=66350) to work on /home/airflow/.local/lib/python3.12/site-packages/airflow/example_dags/tutorial_taskflow_api_virtualenv.py
[2024-06-18T02:31:53.385+0000] {processor.py:830} INFO - Processing file /home/airflow/.local/lib/python3.12/site-packages/airflow/example_dags/tutorial_taskflow_api_virtualenv.py for tasks to queue
[2024-06-18T02:31:53.386+0000] {logging_mixin.py:188} INFO - [2024-06-18T02:31:53.386+0000] {dagbag.py:545} INFO - Filling up the DagBag from /home/airflow/.local/lib/python3.12/site-packages/airflow/example_dags/tutorial_taskflow_api_virtualenv.py
[2024-06-18T02:31:53.400+0000] {processor.py:840} INFO - DAG(s) 'tutorial_taskflow_api_virtualenv' retrieved from /home/airflow/.local/lib/python3.12/site-packages/airflow/example_dags/tutorial_taskflow_api_virtualenv.py
[2024-06-18T02:31:53.421+0000] {logging_mixin.py:188} INFO - [2024-06-18T02:31:53.421+0000] {dag.py:3096} INFO - Sync 1 DAGs
[2024-06-18T02:31:53.435+0000] {logging_mixin.py:188} INFO - [2024-06-18T02:31:53.435+0000] {dag.py:3954} INFO - Setting next_dagrun for tutorial_taskflow_api_virtualenv to None, run_after=None
[2024-06-18T02:31:53.454+0000] {processor.py:183} INFO - Processing /home/airflow/.local/lib/python3.12/site-packages/airflow/example_dags/tutorial_taskflow_api_virtualenv.py took 0.078 seconds
[2024-06-18T02:32:24.381+0000] {processor.py:161} INFO - Started process (PID=66408) to work on /home/airflow/.local/lib/python3.12/site-packages/airflow/example_dags/tutorial_taskflow_api_virtualenv.py
[2024-06-18T02:32:24.382+0000] {processor.py:830} INFO - Processing file /home/airflow/.local/lib/python3.12/site-packages/airflow/example_dags/tutorial_taskflow_api_virtualenv.py for tasks to queue
[2024-06-18T02:32:24.383+0000] {logging_mixin.py:188} INFO - [2024-06-18T02:32:24.382+0000] {dagbag.py:545} INFO - Filling up the DagBag from /home/airflow/.local/lib/python3.12/site-packages/airflow/example_dags/tutorial_taskflow_api_virtualenv.py
[2024-06-18T02:32:24.395+0000] {processor.py:840} INFO - DAG(s) 'tutorial_taskflow_api_virtualenv' retrieved from /home/airflow/.local/lib/python3.12/site-packages/airflow/example_dags/tutorial_taskflow_api_virtualenv.py
[2024-06-18T02:32:24.416+0000] {logging_mixin.py:188} INFO - [2024-06-18T02:32:24.415+0000] {dag.py:3096} INFO - Sync 1 DAGs
[2024-06-18T02:32:24.430+0000] {logging_mixin.py:188} INFO - [2024-06-18T02:32:24.430+0000] {dag.py:3954} INFO - Setting next_dagrun for tutorial_taskflow_api_virtualenv to None, run_after=None
[2024-06-18T02:32:24.449+0000] {processor.py:183} INFO - Processing /home/airflow/.local/lib/python3.12/site-packages/airflow/example_dags/tutorial_taskflow_api_virtualenv.py took 0.075 seconds
[2024-06-18T02:32:54.506+0000] {processor.py:161} INFO - Started process (PID=66465) to work on /home/airflow/.local/lib/python3.12/site-packages/airflow/example_dags/tutorial_taskflow_api_virtualenv.py
[2024-06-18T02:32:54.509+0000] {processor.py:830} INFO - Processing file /home/airflow/.local/lib/python3.12/site-packages/airflow/example_dags/tutorial_taskflow_api_virtualenv.py for tasks to queue
[2024-06-18T02:32:54.512+0000] {logging_mixin.py:188} INFO - [2024-06-18T02:32:54.511+0000] {dagbag.py:545} INFO - Filling up the DagBag from /home/airflow/.local/lib/python3.12/site-packages/airflow/example_dags/tutorial_taskflow_api_virtualenv.py
[2024-06-18T02:32:54.535+0000] {processor.py:840} INFO - DAG(s) 'tutorial_taskflow_api_virtualenv' retrieved from /home/airflow/.local/lib/python3.12/site-packages/airflow/example_dags/tutorial_taskflow_api_virtualenv.py
[2024-06-18T02:32:54.565+0000] {logging_mixin.py:188} INFO - [2024-06-18T02:32:54.565+0000] {dag.py:3096} INFO - Sync 1 DAGs
[2024-06-18T02:32:54.585+0000] {logging_mixin.py:188} INFO - [2024-06-18T02:32:54.585+0000] {dag.py:3954} INFO - Setting next_dagrun for tutorial_taskflow_api_virtualenv to None, run_after=None
[2024-06-18T02:32:54.613+0000] {processor.py:183} INFO - Processing /home/airflow/.local/lib/python3.12/site-packages/airflow/example_dags/tutorial_taskflow_api_virtualenv.py took 0.115 seconds
[2024-06-18T02:33:24.705+0000] {processor.py:161} INFO - Started process (PID=66523) to work on /home/airflow/.local/lib/python3.12/site-packages/airflow/example_dags/tutorial_taskflow_api_virtualenv.py
[2024-06-18T02:33:24.706+0000] {processor.py:830} INFO - Processing file /home/airflow/.local/lib/python3.12/site-packages/airflow/example_dags/tutorial_taskflow_api_virtualenv.py for tasks to queue
[2024-06-18T02:33:24.707+0000] {logging_mixin.py:188} INFO - [2024-06-18T02:33:24.707+0000] {dagbag.py:545} INFO - Filling up the DagBag from /home/airflow/.local/lib/python3.12/site-packages/airflow/example_dags/tutorial_taskflow_api_virtualenv.py
[2024-06-18T02:33:24.718+0000] {processor.py:840} INFO - DAG(s) 'tutorial_taskflow_api_virtualenv' retrieved from /home/airflow/.local/lib/python3.12/site-packages/airflow/example_dags/tutorial_taskflow_api_virtualenv.py
[2024-06-18T02:33:24.739+0000] {logging_mixin.py:188} INFO - [2024-06-18T02:33:24.739+0000] {dag.py:3096} INFO - Sync 1 DAGs
[2024-06-18T02:33:24.754+0000] {logging_mixin.py:188} INFO - [2024-06-18T02:33:24.753+0000] {dag.py:3954} INFO - Setting next_dagrun for tutorial_taskflow_api_virtualenv to None, run_after=None
[2024-06-18T02:33:24.777+0000] {processor.py:183} INFO - Processing /home/airflow/.local/lib/python3.12/site-packages/airflow/example_dags/tutorial_taskflow_api_virtualenv.py took 0.079 seconds
[2024-06-18T02:33:54.995+0000] {processor.py:161} INFO - Started process (PID=66581) to work on /home/airflow/.local/lib/python3.12/site-packages/airflow/example_dags/tutorial_taskflow_api_virtualenv.py
[2024-06-18T02:33:54.996+0000] {processor.py:830} INFO - Processing file /home/airflow/.local/lib/python3.12/site-packages/airflow/example_dags/tutorial_taskflow_api_virtualenv.py for tasks to queue
[2024-06-18T02:33:54.998+0000] {logging_mixin.py:188} INFO - [2024-06-18T02:33:54.997+0000] {dagbag.py:545} INFO - Filling up the DagBag from /home/airflow/.local/lib/python3.12/site-packages/airflow/example_dags/tutorial_taskflow_api_virtualenv.py
[2024-06-18T02:33:55.012+0000] {processor.py:840} INFO - DAG(s) 'tutorial_taskflow_api_virtualenv' retrieved from /home/airflow/.local/lib/python3.12/site-packages/airflow/example_dags/tutorial_taskflow_api_virtualenv.py
[2024-06-18T02:33:55.041+0000] {logging_mixin.py:188} INFO - [2024-06-18T02:33:55.040+0000] {dag.py:3096} INFO - Sync 1 DAGs
[2024-06-18T02:33:55.057+0000] {logging_mixin.py:188} INFO - [2024-06-18T02:33:55.056+0000] {dag.py:3954} INFO - Setting next_dagrun for tutorial_taskflow_api_virtualenv to None, run_after=None
[2024-06-18T02:33:55.076+0000] {processor.py:183} INFO - Processing /home/airflow/.local/lib/python3.12/site-packages/airflow/example_dags/tutorial_taskflow_api_virtualenv.py took 0.090 seconds
[2024-06-18T02:34:25.442+0000] {processor.py:161} INFO - Started process (PID=66639) to work on /home/airflow/.local/lib/python3.12/site-packages/airflow/example_dags/tutorial_taskflow_api_virtualenv.py
[2024-06-18T02:34:25.443+0000] {processor.py:830} INFO - Processing file /home/airflow/.local/lib/python3.12/site-packages/airflow/example_dags/tutorial_taskflow_api_virtualenv.py for tasks to queue
[2024-06-18T02:34:25.444+0000] {logging_mixin.py:188} INFO - [2024-06-18T02:34:25.444+0000] {dagbag.py:545} INFO - Filling up the DagBag from /home/airflow/.local/lib/python3.12/site-packages/airflow/example_dags/tutorial_taskflow_api_virtualenv.py
[2024-06-18T02:34:25.455+0000] {processor.py:840} INFO - DAG(s) 'tutorial_taskflow_api_virtualenv' retrieved from /home/airflow/.local/lib/python3.12/site-packages/airflow/example_dags/tutorial_taskflow_api_virtualenv.py
[2024-06-18T02:34:25.476+0000] {logging_mixin.py:188} INFO - [2024-06-18T02:34:25.476+0000] {dag.py:3096} INFO - Sync 1 DAGs
[2024-06-18T02:34:25.492+0000] {logging_mixin.py:188} INFO - [2024-06-18T02:34:25.491+0000] {dag.py:3954} INFO - Setting next_dagrun for tutorial_taskflow_api_virtualenv to None, run_after=None
[2024-06-18T02:34:25.513+0000] {processor.py:183} INFO - Processing /home/airflow/.local/lib/python3.12/site-packages/airflow/example_dags/tutorial_taskflow_api_virtualenv.py took 0.078 seconds
[2024-06-18T02:34:55.767+0000] {processor.py:161} INFO - Started process (PID=66697) to work on /home/airflow/.local/lib/python3.12/site-packages/airflow/example_dags/tutorial_taskflow_api_virtualenv.py
[2024-06-18T02:34:55.768+0000] {processor.py:830} INFO - Processing file /home/airflow/.local/lib/python3.12/site-packages/airflow/example_dags/tutorial_taskflow_api_virtualenv.py for tasks to queue
[2024-06-18T02:34:55.770+0000] {logging_mixin.py:188} INFO - [2024-06-18T02:34:55.769+0000] {dagbag.py:545} INFO - Filling up the DagBag from /home/airflow/.local/lib/python3.12/site-packages/airflow/example_dags/tutorial_taskflow_api_virtualenv.py
[2024-06-18T02:34:55.786+0000] {processor.py:840} INFO - DAG(s) 'tutorial_taskflow_api_virtualenv' retrieved from /home/airflow/.local/lib/python3.12/site-packages/airflow/example_dags/tutorial_taskflow_api_virtualenv.py
[2024-06-18T02:34:55.816+0000] {logging_mixin.py:188} INFO - [2024-06-18T02:34:55.815+0000] {dag.py:3096} INFO - Sync 1 DAGs
[2024-06-18T02:34:55.847+0000] {logging_mixin.py:188} INFO - [2024-06-18T02:34:55.846+0000] {dag.py:3954} INFO - Setting next_dagrun for tutorial_taskflow_api_virtualenv to None, run_after=None
[2024-06-18T02:34:55.876+0000] {processor.py:183} INFO - Processing /home/airflow/.local/lib/python3.12/site-packages/airflow/example_dags/tutorial_taskflow_api_virtualenv.py took 0.117 seconds
[2024-06-18T02:35:25.914+0000] {processor.py:161} INFO - Started process (PID=66754) to work on /home/airflow/.local/lib/python3.12/site-packages/airflow/example_dags/tutorial_taskflow_api_virtualenv.py
[2024-06-18T02:35:25.915+0000] {processor.py:830} INFO - Processing file /home/airflow/.local/lib/python3.12/site-packages/airflow/example_dags/tutorial_taskflow_api_virtualenv.py for tasks to queue
[2024-06-18T02:35:25.916+0000] {logging_mixin.py:188} INFO - [2024-06-18T02:35:25.916+0000] {dagbag.py:545} INFO - Filling up the DagBag from /home/airflow/.local/lib/python3.12/site-packages/airflow/example_dags/tutorial_taskflow_api_virtualenv.py
[2024-06-18T02:35:25.930+0000] {processor.py:840} INFO - DAG(s) 'tutorial_taskflow_api_virtualenv' retrieved from /home/airflow/.local/lib/python3.12/site-packages/airflow/example_dags/tutorial_taskflow_api_virtualenv.py
[2024-06-18T02:35:25.957+0000] {logging_mixin.py:188} INFO - [2024-06-18T02:35:25.956+0000] {dag.py:3096} INFO - Sync 1 DAGs
[2024-06-18T02:35:25.971+0000] {logging_mixin.py:188} INFO - [2024-06-18T02:35:25.971+0000] {dag.py:3954} INFO - Setting next_dagrun for tutorial_taskflow_api_virtualenv to None, run_after=None
[2024-06-18T02:35:25.997+0000] {processor.py:183} INFO - Processing /home/airflow/.local/lib/python3.12/site-packages/airflow/example_dags/tutorial_taskflow_api_virtualenv.py took 0.093 seconds
[2024-06-18T02:35:56.243+0000] {processor.py:161} INFO - Started process (PID=66813) to work on /home/airflow/.local/lib/python3.12/site-packages/airflow/example_dags/tutorial_taskflow_api_virtualenv.py
[2024-06-18T02:35:56.245+0000] {processor.py:830} INFO - Processing file /home/airflow/.local/lib/python3.12/site-packages/airflow/example_dags/tutorial_taskflow_api_virtualenv.py for tasks to queue
[2024-06-18T02:35:56.246+0000] {logging_mixin.py:188} INFO - [2024-06-18T02:35:56.245+0000] {dagbag.py:545} INFO - Filling up the DagBag from /home/airflow/.local/lib/python3.12/site-packages/airflow/example_dags/tutorial_taskflow_api_virtualenv.py
[2024-06-18T02:35:56.258+0000] {processor.py:840} INFO - DAG(s) 'tutorial_taskflow_api_virtualenv' retrieved from /home/airflow/.local/lib/python3.12/site-packages/airflow/example_dags/tutorial_taskflow_api_virtualenv.py
[2024-06-18T02:35:56.280+0000] {logging_mixin.py:188} INFO - [2024-06-18T02:35:56.280+0000] {dag.py:3096} INFO - Sync 1 DAGs
[2024-06-18T02:35:56.295+0000] {logging_mixin.py:188} INFO - [2024-06-18T02:35:56.295+0000] {dag.py:3954} INFO - Setting next_dagrun for tutorial_taskflow_api_virtualenv to None, run_after=None
[2024-06-18T02:35:56.320+0000] {processor.py:183} INFO - Processing /home/airflow/.local/lib/python3.12/site-packages/airflow/example_dags/tutorial_taskflow_api_virtualenv.py took 0.085 seconds
[2024-06-18T02:36:26.482+0000] {processor.py:161} INFO - Started process (PID=66871) to work on /home/airflow/.local/lib/python3.12/site-packages/airflow/example_dags/tutorial_taskflow_api_virtualenv.py
[2024-06-18T02:36:26.483+0000] {processor.py:830} INFO - Processing file /home/airflow/.local/lib/python3.12/site-packages/airflow/example_dags/tutorial_taskflow_api_virtualenv.py for tasks to queue
[2024-06-18T02:36:26.484+0000] {logging_mixin.py:188} INFO - [2024-06-18T02:36:26.484+0000] {dagbag.py:545} INFO - Filling up the DagBag from /home/airflow/.local/lib/python3.12/site-packages/airflow/example_dags/tutorial_taskflow_api_virtualenv.py
[2024-06-18T02:36:26.496+0000] {processor.py:840} INFO - DAG(s) 'tutorial_taskflow_api_virtualenv' retrieved from /home/airflow/.local/lib/python3.12/site-packages/airflow/example_dags/tutorial_taskflow_api_virtualenv.py
[2024-06-18T02:36:26.521+0000] {logging_mixin.py:188} INFO - [2024-06-18T02:36:26.521+0000] {dag.py:3096} INFO - Sync 1 DAGs
[2024-06-18T02:36:26.539+0000] {logging_mixin.py:188} INFO - [2024-06-18T02:36:26.538+0000] {dag.py:3954} INFO - Setting next_dagrun for tutorial_taskflow_api_virtualenv to None, run_after=None
[2024-06-18T02:36:26.560+0000] {processor.py:183} INFO - Processing /home/airflow/.local/lib/python3.12/site-packages/airflow/example_dags/tutorial_taskflow_api_virtualenv.py took 0.084 seconds
[2024-06-18T02:36:56.667+0000] {processor.py:161} INFO - Started process (PID=66929) to work on /home/airflow/.local/lib/python3.12/site-packages/airflow/example_dags/tutorial_taskflow_api_virtualenv.py
[2024-06-18T02:36:56.668+0000] {processor.py:830} INFO - Processing file /home/airflow/.local/lib/python3.12/site-packages/airflow/example_dags/tutorial_taskflow_api_virtualenv.py for tasks to queue
[2024-06-18T02:36:56.669+0000] {logging_mixin.py:188} INFO - [2024-06-18T02:36:56.669+0000] {dagbag.py:545} INFO - Filling up the DagBag from /home/airflow/.local/lib/python3.12/site-packages/airflow/example_dags/tutorial_taskflow_api_virtualenv.py
[2024-06-18T02:36:56.685+0000] {processor.py:840} INFO - DAG(s) 'tutorial_taskflow_api_virtualenv' retrieved from /home/airflow/.local/lib/python3.12/site-packages/airflow/example_dags/tutorial_taskflow_api_virtualenv.py
[2024-06-18T02:36:56.709+0000] {logging_mixin.py:188} INFO - [2024-06-18T02:36:56.709+0000] {dag.py:3096} INFO - Sync 1 DAGs
[2024-06-18T02:36:56.723+0000] {logging_mixin.py:188} INFO - [2024-06-18T02:36:56.723+0000] {dag.py:3954} INFO - Setting next_dagrun for tutorial_taskflow_api_virtualenv to None, run_after=None
[2024-06-18T02:36:56.748+0000] {processor.py:183} INFO - Processing /home/airflow/.local/lib/python3.12/site-packages/airflow/example_dags/tutorial_taskflow_api_virtualenv.py took 0.089 seconds
[2024-06-18T02:37:27.469+0000] {processor.py:161} INFO - Started process (PID=66987) to work on /home/airflow/.local/lib/python3.12/site-packages/airflow/example_dags/tutorial_taskflow_api_virtualenv.py
[2024-06-18T02:37:27.471+0000] {processor.py:830} INFO - Processing file /home/airflow/.local/lib/python3.12/site-packages/airflow/example_dags/tutorial_taskflow_api_virtualenv.py for tasks to queue
[2024-06-18T02:37:27.472+0000] {logging_mixin.py:188} INFO - [2024-06-18T02:37:27.471+0000] {dagbag.py:545} INFO - Filling up the DagBag from /home/airflow/.local/lib/python3.12/site-packages/airflow/example_dags/tutorial_taskflow_api_virtualenv.py
[2024-06-18T02:37:27.482+0000] {processor.py:840} INFO - DAG(s) 'tutorial_taskflow_api_virtualenv' retrieved from /home/airflow/.local/lib/python3.12/site-packages/airflow/example_dags/tutorial_taskflow_api_virtualenv.py
[2024-06-18T02:37:27.503+0000] {logging_mixin.py:188} INFO - [2024-06-18T02:37:27.503+0000] {dag.py:3096} INFO - Sync 1 DAGs
[2024-06-18T02:37:27.519+0000] {logging_mixin.py:188} INFO - [2024-06-18T02:37:27.519+0000] {dag.py:3954} INFO - Setting next_dagrun for tutorial_taskflow_api_virtualenv to None, run_after=None
[2024-06-18T02:37:27.546+0000] {processor.py:183} INFO - Processing /home/airflow/.local/lib/python3.12/site-packages/airflow/example_dags/tutorial_taskflow_api_virtualenv.py took 0.084 seconds
[2024-06-18T02:37:57.633+0000] {processor.py:161} INFO - Started process (PID=67045) to work on /home/airflow/.local/lib/python3.12/site-packages/airflow/example_dags/tutorial_taskflow_api_virtualenv.py
[2024-06-18T02:37:57.634+0000] {processor.py:830} INFO - Processing file /home/airflow/.local/lib/python3.12/site-packages/airflow/example_dags/tutorial_taskflow_api_virtualenv.py for tasks to queue
[2024-06-18T02:37:57.635+0000] {logging_mixin.py:188} INFO - [2024-06-18T02:37:57.635+0000] {dagbag.py:545} INFO - Filling up the DagBag from /home/airflow/.local/lib/python3.12/site-packages/airflow/example_dags/tutorial_taskflow_api_virtualenv.py
[2024-06-18T02:37:57.648+0000] {processor.py:840} INFO - DAG(s) 'tutorial_taskflow_api_virtualenv' retrieved from /home/airflow/.local/lib/python3.12/site-packages/airflow/example_dags/tutorial_taskflow_api_virtualenv.py
[2024-06-18T02:37:57.674+0000] {logging_mixin.py:188} INFO - [2024-06-18T02:37:57.673+0000] {dag.py:3096} INFO - Sync 1 DAGs
[2024-06-18T02:37:57.689+0000] {logging_mixin.py:188} INFO - [2024-06-18T02:37:57.688+0000] {dag.py:3954} INFO - Setting next_dagrun for tutorial_taskflow_api_virtualenv to None, run_after=None
[2024-06-18T02:37:57.721+0000] {processor.py:183} INFO - Processing /home/airflow/.local/lib/python3.12/site-packages/airflow/example_dags/tutorial_taskflow_api_virtualenv.py took 0.094 seconds
[2024-06-18T02:38:27.876+0000] {processor.py:161} INFO - Started process (PID=67103) to work on /home/airflow/.local/lib/python3.12/site-packages/airflow/example_dags/tutorial_taskflow_api_virtualenv.py
[2024-06-18T02:38:27.878+0000] {processor.py:830} INFO - Processing file /home/airflow/.local/lib/python3.12/site-packages/airflow/example_dags/tutorial_taskflow_api_virtualenv.py for tasks to queue
[2024-06-18T02:38:27.879+0000] {logging_mixin.py:188} INFO - [2024-06-18T02:38:27.878+0000] {dagbag.py:545} INFO - Filling up the DagBag from /home/airflow/.local/lib/python3.12/site-packages/airflow/example_dags/tutorial_taskflow_api_virtualenv.py
[2024-06-18T02:38:27.893+0000] {processor.py:840} INFO - DAG(s) 'tutorial_taskflow_api_virtualenv' retrieved from /home/airflow/.local/lib/python3.12/site-packages/airflow/example_dags/tutorial_taskflow_api_virtualenv.py
[2024-06-18T02:38:27.918+0000] {logging_mixin.py:188} INFO - [2024-06-18T02:38:27.917+0000] {dag.py:3096} INFO - Sync 1 DAGs
[2024-06-18T02:38:27.935+0000] {logging_mixin.py:188} INFO - [2024-06-18T02:38:27.934+0000] {dag.py:3954} INFO - Setting next_dagrun for tutorial_taskflow_api_virtualenv to None, run_after=None
[2024-06-18T02:38:27.961+0000] {processor.py:183} INFO - Processing /home/airflow/.local/lib/python3.12/site-packages/airflow/example_dags/tutorial_taskflow_api_virtualenv.py took 0.092 seconds
[2024-06-18T02:38:58.861+0000] {processor.py:161} INFO - Started process (PID=67161) to work on /home/airflow/.local/lib/python3.12/site-packages/airflow/example_dags/tutorial_taskflow_api_virtualenv.py
[2024-06-18T02:38:58.863+0000] {processor.py:830} INFO - Processing file /home/airflow/.local/lib/python3.12/site-packages/airflow/example_dags/tutorial_taskflow_api_virtualenv.py for tasks to queue
[2024-06-18T02:38:58.864+0000] {logging_mixin.py:188} INFO - [2024-06-18T02:38:58.864+0000] {dagbag.py:545} INFO - Filling up the DagBag from /home/airflow/.local/lib/python3.12/site-packages/airflow/example_dags/tutorial_taskflow_api_virtualenv.py
[2024-06-18T02:38:58.882+0000] {processor.py:840} INFO - DAG(s) 'tutorial_taskflow_api_virtualenv' retrieved from /home/airflow/.local/lib/python3.12/site-packages/airflow/example_dags/tutorial_taskflow_api_virtualenv.py
[2024-06-18T02:38:58.915+0000] {logging_mixin.py:188} INFO - [2024-06-18T02:38:58.915+0000] {dag.py:3096} INFO - Sync 1 DAGs
[2024-06-18T02:38:58.935+0000] {logging_mixin.py:188} INFO - [2024-06-18T02:38:58.935+0000] {dag.py:3954} INFO - Setting next_dagrun for tutorial_taskflow_api_virtualenv to None, run_after=None
[2024-06-18T02:38:58.967+0000] {processor.py:183} INFO - Processing /home/airflow/.local/lib/python3.12/site-packages/airflow/example_dags/tutorial_taskflow_api_virtualenv.py took 0.116 seconds
[2024-06-18T02:39:29.216+0000] {processor.py:161} INFO - Started process (PID=67220) to work on /home/airflow/.local/lib/python3.12/site-packages/airflow/example_dags/tutorial_taskflow_api_virtualenv.py
[2024-06-18T02:39:29.217+0000] {processor.py:830} INFO - Processing file /home/airflow/.local/lib/python3.12/site-packages/airflow/example_dags/tutorial_taskflow_api_virtualenv.py for tasks to queue
[2024-06-18T02:39:29.218+0000] {logging_mixin.py:188} INFO - [2024-06-18T02:39:29.218+0000] {dagbag.py:545} INFO - Filling up the DagBag from /home/airflow/.local/lib/python3.12/site-packages/airflow/example_dags/tutorial_taskflow_api_virtualenv.py
[2024-06-18T02:39:29.232+0000] {processor.py:840} INFO - DAG(s) 'tutorial_taskflow_api_virtualenv' retrieved from /home/airflow/.local/lib/python3.12/site-packages/airflow/example_dags/tutorial_taskflow_api_virtualenv.py
[2024-06-18T02:39:29.257+0000] {logging_mixin.py:188} INFO - [2024-06-18T02:39:29.257+0000] {dag.py:3096} INFO - Sync 1 DAGs
[2024-06-18T02:39:29.274+0000] {logging_mixin.py:188} INFO - [2024-06-18T02:39:29.274+0000] {dag.py:3954} INFO - Setting next_dagrun for tutorial_taskflow_api_virtualenv to None, run_after=None
[2024-06-18T02:39:29.300+0000] {processor.py:183} INFO - Processing /home/airflow/.local/lib/python3.12/site-packages/airflow/example_dags/tutorial_taskflow_api_virtualenv.py took 0.091 seconds
[2024-06-18T02:40:42.307+0000] {processor.py:161} INFO - Started process (PID=67284) to work on /home/airflow/.local/lib/python3.12/site-packages/airflow/example_dags/tutorial_taskflow_api_virtualenv.py
[2024-06-18T02:40:42.315+0000] {processor.py:830} INFO - Processing file /home/airflow/.local/lib/python3.12/site-packages/airflow/example_dags/tutorial_taskflow_api_virtualenv.py for tasks to queue
[2024-06-18T02:40:42.317+0000] {logging_mixin.py:188} INFO - [2024-06-18T02:40:42.316+0000] {dagbag.py:545} INFO - Filling up the DagBag from /home/airflow/.local/lib/python3.12/site-packages/airflow/example_dags/tutorial_taskflow_api_virtualenv.py
[2024-06-18T02:40:42.360+0000] {processor.py:840} INFO - DAG(s) 'tutorial_taskflow_api_virtualenv' retrieved from /home/airflow/.local/lib/python3.12/site-packages/airflow/example_dags/tutorial_taskflow_api_virtualenv.py
[2024-06-18T02:40:42.418+0000] {logging_mixin.py:188} INFO - [2024-06-18T02:40:42.417+0000] {dag.py:3096} INFO - Sync 1 DAGs
[2024-06-18T02:40:42.441+0000] {logging_mixin.py:188} INFO - [2024-06-18T02:40:42.441+0000] {dag.py:3954} INFO - Setting next_dagrun for tutorial_taskflow_api_virtualenv to None, run_after=None
[2024-06-18T02:40:42.480+0000] {processor.py:183} INFO - Processing /home/airflow/.local/lib/python3.12/site-packages/airflow/example_dags/tutorial_taskflow_api_virtualenv.py took 0.187 seconds
[2024-06-18T02:53:04.013+0000] {processor.py:161} INFO - Started process (PID=67348) to work on /home/airflow/.local/lib/python3.12/site-packages/airflow/example_dags/tutorial_taskflow_api_virtualenv.py
[2024-06-18T02:53:04.021+0000] {processor.py:830} INFO - Processing file /home/airflow/.local/lib/python3.12/site-packages/airflow/example_dags/tutorial_taskflow_api_virtualenv.py for tasks to queue
[2024-06-18T02:53:04.022+0000] {logging_mixin.py:188} INFO - [2024-06-18T02:53:04.022+0000] {dagbag.py:545} INFO - Filling up the DagBag from /home/airflow/.local/lib/python3.12/site-packages/airflow/example_dags/tutorial_taskflow_api_virtualenv.py
[2024-06-18T02:53:04.040+0000] {processor.py:840} INFO - DAG(s) 'tutorial_taskflow_api_virtualenv' retrieved from /home/airflow/.local/lib/python3.12/site-packages/airflow/example_dags/tutorial_taskflow_api_virtualenv.py
[2024-06-18T02:53:04.706+0000] {logging_mixin.py:188} INFO - [2024-06-18T02:53:04.706+0000] {dag.py:3096} INFO - Sync 1 DAGs
[2024-06-18T02:53:04.726+0000] {logging_mixin.py:188} INFO - [2024-06-18T02:53:04.726+0000] {dag.py:3954} INFO - Setting next_dagrun for tutorial_taskflow_api_virtualenv to None, run_after=None
[2024-06-18T02:53:04.755+0000] {processor.py:183} INFO - Processing /home/airflow/.local/lib/python3.12/site-packages/airflow/example_dags/tutorial_taskflow_api_virtualenv.py took 0.751 seconds
[2024-06-18T02:53:35.019+0000] {processor.py:161} INFO - Started process (PID=67406) to work on /home/airflow/.local/lib/python3.12/site-packages/airflow/example_dags/tutorial_taskflow_api_virtualenv.py
[2024-06-18T02:53:35.020+0000] {processor.py:830} INFO - Processing file /home/airflow/.local/lib/python3.12/site-packages/airflow/example_dags/tutorial_taskflow_api_virtualenv.py for tasks to queue
[2024-06-18T02:53:35.021+0000] {logging_mixin.py:188} INFO - [2024-06-18T02:53:35.020+0000] {dagbag.py:545} INFO - Filling up the DagBag from /home/airflow/.local/lib/python3.12/site-packages/airflow/example_dags/tutorial_taskflow_api_virtualenv.py
[2024-06-18T02:53:35.031+0000] {processor.py:840} INFO - DAG(s) 'tutorial_taskflow_api_virtualenv' retrieved from /home/airflow/.local/lib/python3.12/site-packages/airflow/example_dags/tutorial_taskflow_api_virtualenv.py
[2024-06-18T02:53:35.054+0000] {logging_mixin.py:188} INFO - [2024-06-18T02:53:35.053+0000] {dag.py:3096} INFO - Sync 1 DAGs
[2024-06-18T02:53:35.065+0000] {logging_mixin.py:188} INFO - [2024-06-18T02:53:35.065+0000] {dag.py:3954} INFO - Setting next_dagrun for tutorial_taskflow_api_virtualenv to None, run_after=None
[2024-06-18T02:53:35.108+0000] {processor.py:183} INFO - Processing /home/airflow/.local/lib/python3.12/site-packages/airflow/example_dags/tutorial_taskflow_api_virtualenv.py took 0.096 seconds
[2024-06-18T02:54:05.496+0000] {processor.py:161} INFO - Started process (PID=67464) to work on /home/airflow/.local/lib/python3.12/site-packages/airflow/example_dags/tutorial_taskflow_api_virtualenv.py
[2024-06-18T02:54:05.497+0000] {processor.py:830} INFO - Processing file /home/airflow/.local/lib/python3.12/site-packages/airflow/example_dags/tutorial_taskflow_api_virtualenv.py for tasks to queue
[2024-06-18T02:54:05.498+0000] {logging_mixin.py:188} INFO - [2024-06-18T02:54:05.498+0000] {dagbag.py:545} INFO - Filling up the DagBag from /home/airflow/.local/lib/python3.12/site-packages/airflow/example_dags/tutorial_taskflow_api_virtualenv.py
[2024-06-18T02:54:05.508+0000] {processor.py:840} INFO - DAG(s) 'tutorial_taskflow_api_virtualenv' retrieved from /home/airflow/.local/lib/python3.12/site-packages/airflow/example_dags/tutorial_taskflow_api_virtualenv.py
[2024-06-18T02:54:05.528+0000] {logging_mixin.py:188} INFO - [2024-06-18T02:54:05.528+0000] {dag.py:3096} INFO - Sync 1 DAGs
[2024-06-18T02:54:05.541+0000] {logging_mixin.py:188} INFO - [2024-06-18T02:54:05.540+0000] {dag.py:3954} INFO - Setting next_dagrun for tutorial_taskflow_api_virtualenv to None, run_after=None
[2024-06-18T02:54:05.558+0000] {processor.py:183} INFO - Processing /home/airflow/.local/lib/python3.12/site-packages/airflow/example_dags/tutorial_taskflow_api_virtualenv.py took 0.068 seconds
[2024-06-18T02:54:35.709+0000] {processor.py:161} INFO - Started process (PID=67522) to work on /home/airflow/.local/lib/python3.12/site-packages/airflow/example_dags/tutorial_taskflow_api_virtualenv.py
[2024-06-18T02:54:35.710+0000] {processor.py:830} INFO - Processing file /home/airflow/.local/lib/python3.12/site-packages/airflow/example_dags/tutorial_taskflow_api_virtualenv.py for tasks to queue
[2024-06-18T02:54:35.711+0000] {logging_mixin.py:188} INFO - [2024-06-18T02:54:35.711+0000] {dagbag.py:545} INFO - Filling up the DagBag from /home/airflow/.local/lib/python3.12/site-packages/airflow/example_dags/tutorial_taskflow_api_virtualenv.py
[2024-06-18T02:54:35.721+0000] {processor.py:840} INFO - DAG(s) 'tutorial_taskflow_api_virtualenv' retrieved from /home/airflow/.local/lib/python3.12/site-packages/airflow/example_dags/tutorial_taskflow_api_virtualenv.py
[2024-06-18T02:54:35.739+0000] {logging_mixin.py:188} INFO - [2024-06-18T02:54:35.739+0000] {dag.py:3096} INFO - Sync 1 DAGs
[2024-06-18T02:54:35.752+0000] {logging_mixin.py:188} INFO - [2024-06-18T02:54:35.752+0000] {dag.py:3954} INFO - Setting next_dagrun for tutorial_taskflow_api_virtualenv to None, run_after=None
[2024-06-18T02:54:35.772+0000] {processor.py:183} INFO - Processing /home/airflow/.local/lib/python3.12/site-packages/airflow/example_dags/tutorial_taskflow_api_virtualenv.py took 0.069 seconds
[2024-06-18T02:55:05.883+0000] {processor.py:161} INFO - Started process (PID=67580) to work on /home/airflow/.local/lib/python3.12/site-packages/airflow/example_dags/tutorial_taskflow_api_virtualenv.py
[2024-06-18T02:55:05.885+0000] {processor.py:830} INFO - Processing file /home/airflow/.local/lib/python3.12/site-packages/airflow/example_dags/tutorial_taskflow_api_virtualenv.py for tasks to queue
[2024-06-18T02:55:05.885+0000] {logging_mixin.py:188} INFO - [2024-06-18T02:55:05.885+0000] {dagbag.py:545} INFO - Filling up the DagBag from /home/airflow/.local/lib/python3.12/site-packages/airflow/example_dags/tutorial_taskflow_api_virtualenv.py
[2024-06-18T02:55:05.896+0000] {processor.py:840} INFO - DAG(s) 'tutorial_taskflow_api_virtualenv' retrieved from /home/airflow/.local/lib/python3.12/site-packages/airflow/example_dags/tutorial_taskflow_api_virtualenv.py
[2024-06-18T02:55:05.915+0000] {logging_mixin.py:188} INFO - [2024-06-18T02:55:05.915+0000] {dag.py:3096} INFO - Sync 1 DAGs
[2024-06-18T02:55:05.928+0000] {logging_mixin.py:188} INFO - [2024-06-18T02:55:05.928+0000] {dag.py:3954} INFO - Setting next_dagrun for tutorial_taskflow_api_virtualenv to None, run_after=None
[2024-06-18T02:55:05.948+0000] {processor.py:183} INFO - Processing /home/airflow/.local/lib/python3.12/site-packages/airflow/example_dags/tutorial_taskflow_api_virtualenv.py took 0.071 seconds
[2024-06-18T02:55:36.202+0000] {processor.py:161} INFO - Started process (PID=67638) to work on /home/airflow/.local/lib/python3.12/site-packages/airflow/example_dags/tutorial_taskflow_api_virtualenv.py
[2024-06-18T02:55:36.204+0000] {processor.py:830} INFO - Processing file /home/airflow/.local/lib/python3.12/site-packages/airflow/example_dags/tutorial_taskflow_api_virtualenv.py for tasks to queue
[2024-06-18T02:55:36.204+0000] {logging_mixin.py:188} INFO - [2024-06-18T02:55:36.204+0000] {dagbag.py:545} INFO - Filling up the DagBag from /home/airflow/.local/lib/python3.12/site-packages/airflow/example_dags/tutorial_taskflow_api_virtualenv.py
[2024-06-18T02:55:36.216+0000] {processor.py:840} INFO - DAG(s) 'tutorial_taskflow_api_virtualenv' retrieved from /home/airflow/.local/lib/python3.12/site-packages/airflow/example_dags/tutorial_taskflow_api_virtualenv.py
[2024-06-18T02:55:36.244+0000] {logging_mixin.py:188} INFO - [2024-06-18T02:55:36.244+0000] {dag.py:3096} INFO - Sync 1 DAGs
[2024-06-18T02:55:36.261+0000] {logging_mixin.py:188} INFO - [2024-06-18T02:55:36.261+0000] {dag.py:3954} INFO - Setting next_dagrun for tutorial_taskflow_api_virtualenv to None, run_after=None
[2024-06-18T02:55:36.286+0000] {processor.py:183} INFO - Processing /home/airflow/.local/lib/python3.12/site-packages/airflow/example_dags/tutorial_taskflow_api_virtualenv.py took 0.092 seconds
[2024-06-18T02:56:06.341+0000] {processor.py:161} INFO - Started process (PID=67695) to work on /home/airflow/.local/lib/python3.12/site-packages/airflow/example_dags/tutorial_taskflow_api_virtualenv.py
[2024-06-18T02:56:06.343+0000] {processor.py:830} INFO - Processing file /home/airflow/.local/lib/python3.12/site-packages/airflow/example_dags/tutorial_taskflow_api_virtualenv.py for tasks to queue
[2024-06-18T02:56:06.343+0000] {logging_mixin.py:188} INFO - [2024-06-18T02:56:06.343+0000] {dagbag.py:545} INFO - Filling up the DagBag from /home/airflow/.local/lib/python3.12/site-packages/airflow/example_dags/tutorial_taskflow_api_virtualenv.py
[2024-06-18T02:56:06.356+0000] {processor.py:840} INFO - DAG(s) 'tutorial_taskflow_api_virtualenv' retrieved from /home/airflow/.local/lib/python3.12/site-packages/airflow/example_dags/tutorial_taskflow_api_virtualenv.py
[2024-06-18T02:56:06.376+0000] {logging_mixin.py:188} INFO - [2024-06-18T02:56:06.376+0000] {dag.py:3096} INFO - Sync 1 DAGs
[2024-06-18T02:56:06.390+0000] {logging_mixin.py:188} INFO - [2024-06-18T02:56:06.389+0000] {dag.py:3954} INFO - Setting next_dagrun for tutorial_taskflow_api_virtualenv to None, run_after=None
[2024-06-18T02:56:06.409+0000] {processor.py:183} INFO - Processing /home/airflow/.local/lib/python3.12/site-packages/airflow/example_dags/tutorial_taskflow_api_virtualenv.py took 0.075 seconds
