[2024-06-18T02:21:43.125+0000] {processor.py:161} INFO - Started process (PID=65198) to work on /home/airflow/.local/lib/python3.12/site-packages/airflow/example_dags/tutorial_dag.py
[2024-06-18T02:21:43.127+0000] {processor.py:830} INFO - Processing file /home/airflow/.local/lib/python3.12/site-packages/airflow/example_dags/tutorial_dag.py for tasks to queue
[2024-06-18T02:21:43.128+0000] {logging_mixin.py:188} INFO - [2024-06-18T02:21:43.127+0000] {dagbag.py:545} INFO - Filling up the DagBag from /home/airflow/.local/lib/python3.12/site-packages/airflow/example_dags/tutorial_dag.py
[2024-06-18T02:21:43.144+0000] {processor.py:840} INFO - DAG(s) 'tutorial_dag' retrieved from /home/airflow/.local/lib/python3.12/site-packages/airflow/example_dags/tutorial_dag.py
[2024-06-18T02:21:43.202+0000] {logging_mixin.py:188} INFO - [2024-06-18T02:21:43.202+0000] {dag.py:3096} INFO - Sync 1 DAGs
[2024-06-18T02:21:43.247+0000] {logging_mixin.py:188} INFO - [2024-06-18T02:21:43.246+0000] {dag.py:3954} INFO - Setting next_dagrun for tutorial_dag to None, run_after=None
[2024-06-18T02:21:43.351+0000] {processor.py:183} INFO - Processing /home/airflow/.local/lib/python3.12/site-packages/airflow/example_dags/tutorial_dag.py took 0.245 seconds
[2024-06-18T02:22:14.244+0000] {processor.py:161} INFO - Started process (PID=65256) to work on /home/airflow/.local/lib/python3.12/site-packages/airflow/example_dags/tutorial_dag.py
[2024-06-18T02:22:14.245+0000] {processor.py:830} INFO - Processing file /home/airflow/.local/lib/python3.12/site-packages/airflow/example_dags/tutorial_dag.py for tasks to queue
[2024-06-18T02:22:14.247+0000] {logging_mixin.py:188} INFO - [2024-06-18T02:22:14.245+0000] {dagbag.py:545} INFO - Filling up the DagBag from /home/airflow/.local/lib/python3.12/site-packages/airflow/example_dags/tutorial_dag.py
[2024-06-18T02:22:14.266+0000] {processor.py:840} INFO - DAG(s) 'tutorial_dag' retrieved from /home/airflow/.local/lib/python3.12/site-packages/airflow/example_dags/tutorial_dag.py
[2024-06-18T02:22:14.412+0000] {logging_mixin.py:188} INFO - [2024-06-18T02:22:14.412+0000] {dag.py:3096} INFO - Sync 1 DAGs
[2024-06-18T02:22:14.489+0000] {logging_mixin.py:188} INFO - [2024-06-18T02:22:14.489+0000] {dag.py:3954} INFO - Setting next_dagrun for tutorial_dag to None, run_after=None
[2024-06-18T02:22:14.619+0000] {processor.py:183} INFO - Processing /home/airflow/.local/lib/python3.12/site-packages/airflow/example_dags/tutorial_dag.py took 0.382 seconds
[2024-06-18T02:22:44.714+0000] {processor.py:161} INFO - Started process (PID=65314) to work on /home/airflow/.local/lib/python3.12/site-packages/airflow/example_dags/tutorial_dag.py
[2024-06-18T02:22:44.715+0000] {processor.py:830} INFO - Processing file /home/airflow/.local/lib/python3.12/site-packages/airflow/example_dags/tutorial_dag.py for tasks to queue
[2024-06-18T02:22:44.715+0000] {logging_mixin.py:188} INFO - [2024-06-18T02:22:44.715+0000] {dagbag.py:545} INFO - Filling up the DagBag from /home/airflow/.local/lib/python3.12/site-packages/airflow/example_dags/tutorial_dag.py
[2024-06-18T02:22:44.722+0000] {processor.py:840} INFO - DAG(s) 'tutorial_dag' retrieved from /home/airflow/.local/lib/python3.12/site-packages/airflow/example_dags/tutorial_dag.py
[2024-06-18T02:22:44.749+0000] {logging_mixin.py:188} INFO - [2024-06-18T02:22:44.749+0000] {dag.py:3096} INFO - Sync 1 DAGs
[2024-06-18T02:22:44.764+0000] {logging_mixin.py:188} INFO - [2024-06-18T02:22:44.763+0000] {dag.py:3954} INFO - Setting next_dagrun for tutorial_dag to None, run_after=None
[2024-06-18T02:22:44.810+0000] {processor.py:183} INFO - Processing /home/airflow/.local/lib/python3.12/site-packages/airflow/example_dags/tutorial_dag.py took 0.104 seconds
[2024-06-18T02:23:15.116+0000] {processor.py:161} INFO - Started process (PID=65373) to work on /home/airflow/.local/lib/python3.12/site-packages/airflow/example_dags/tutorial_dag.py
[2024-06-18T02:23:15.117+0000] {processor.py:830} INFO - Processing file /home/airflow/.local/lib/python3.12/site-packages/airflow/example_dags/tutorial_dag.py for tasks to queue
[2024-06-18T02:23:15.118+0000] {logging_mixin.py:188} INFO - [2024-06-18T02:23:15.118+0000] {dagbag.py:545} INFO - Filling up the DagBag from /home/airflow/.local/lib/python3.12/site-packages/airflow/example_dags/tutorial_dag.py
[2024-06-18T02:23:15.126+0000] {processor.py:840} INFO - DAG(s) 'tutorial_dag' retrieved from /home/airflow/.local/lib/python3.12/site-packages/airflow/example_dags/tutorial_dag.py
[2024-06-18T02:23:15.155+0000] {logging_mixin.py:188} INFO - [2024-06-18T02:23:15.155+0000] {dag.py:3096} INFO - Sync 1 DAGs
[2024-06-18T02:23:15.174+0000] {logging_mixin.py:188} INFO - [2024-06-18T02:23:15.174+0000] {dag.py:3954} INFO - Setting next_dagrun for tutorial_dag to None, run_after=None
[2024-06-18T02:23:15.217+0000] {processor.py:183} INFO - Processing /home/airflow/.local/lib/python3.12/site-packages/airflow/example_dags/tutorial_dag.py took 0.108 seconds
[2024-06-18T02:23:45.798+0000] {processor.py:161} INFO - Started process (PID=65431) to work on /home/airflow/.local/lib/python3.12/site-packages/airflow/example_dags/tutorial_dag.py
[2024-06-18T02:23:45.800+0000] {processor.py:830} INFO - Processing file /home/airflow/.local/lib/python3.12/site-packages/airflow/example_dags/tutorial_dag.py for tasks to queue
[2024-06-18T02:23:45.800+0000] {logging_mixin.py:188} INFO - [2024-06-18T02:23:45.800+0000] {dagbag.py:545} INFO - Filling up the DagBag from /home/airflow/.local/lib/python3.12/site-packages/airflow/example_dags/tutorial_dag.py
[2024-06-18T02:23:45.806+0000] {processor.py:840} INFO - DAG(s) 'tutorial_dag' retrieved from /home/airflow/.local/lib/python3.12/site-packages/airflow/example_dags/tutorial_dag.py
[2024-06-18T02:23:45.829+0000] {logging_mixin.py:188} INFO - [2024-06-18T02:23:45.829+0000] {dag.py:3096} INFO - Sync 1 DAGs
[2024-06-18T02:23:45.843+0000] {logging_mixin.py:188} INFO - [2024-06-18T02:23:45.843+0000] {dag.py:3954} INFO - Setting next_dagrun for tutorial_dag to None, run_after=None
[2024-06-18T02:23:45.863+0000] {processor.py:183} INFO - Processing /home/airflow/.local/lib/python3.12/site-packages/airflow/example_dags/tutorial_dag.py took 0.071 seconds
[2024-06-18T02:24:16.584+0000] {processor.py:161} INFO - Started process (PID=65489) to work on /home/airflow/.local/lib/python3.12/site-packages/airflow/example_dags/tutorial_dag.py
[2024-06-18T02:24:16.585+0000] {processor.py:830} INFO - Processing file /home/airflow/.local/lib/python3.12/site-packages/airflow/example_dags/tutorial_dag.py for tasks to queue
[2024-06-18T02:24:16.586+0000] {logging_mixin.py:188} INFO - [2024-06-18T02:24:16.586+0000] {dagbag.py:545} INFO - Filling up the DagBag from /home/airflow/.local/lib/python3.12/site-packages/airflow/example_dags/tutorial_dag.py
[2024-06-18T02:24:16.593+0000] {processor.py:840} INFO - DAG(s) 'tutorial_dag' retrieved from /home/airflow/.local/lib/python3.12/site-packages/airflow/example_dags/tutorial_dag.py
[2024-06-18T02:24:16.631+0000] {logging_mixin.py:188} INFO - [2024-06-18T02:24:16.631+0000] {dag.py:3096} INFO - Sync 1 DAGs
[2024-06-18T02:24:16.652+0000] {logging_mixin.py:188} INFO - [2024-06-18T02:24:16.651+0000] {dag.py:3954} INFO - Setting next_dagrun for tutorial_dag to None, run_after=None
[2024-06-18T02:24:16.687+0000] {processor.py:183} INFO - Processing /home/airflow/.local/lib/python3.12/site-packages/airflow/example_dags/tutorial_dag.py took 0.113 seconds
[2024-06-18T02:24:46.809+0000] {processor.py:161} INFO - Started process (PID=65547) to work on /home/airflow/.local/lib/python3.12/site-packages/airflow/example_dags/tutorial_dag.py
[2024-06-18T02:24:46.810+0000] {processor.py:830} INFO - Processing file /home/airflow/.local/lib/python3.12/site-packages/airflow/example_dags/tutorial_dag.py for tasks to queue
[2024-06-18T02:24:46.811+0000] {logging_mixin.py:188} INFO - [2024-06-18T02:24:46.811+0000] {dagbag.py:545} INFO - Filling up the DagBag from /home/airflow/.local/lib/python3.12/site-packages/airflow/example_dags/tutorial_dag.py
[2024-06-18T02:24:46.816+0000] {processor.py:840} INFO - DAG(s) 'tutorial_dag' retrieved from /home/airflow/.local/lib/python3.12/site-packages/airflow/example_dags/tutorial_dag.py
[2024-06-18T02:24:46.837+0000] {logging_mixin.py:188} INFO - [2024-06-18T02:24:46.836+0000] {dag.py:3096} INFO - Sync 1 DAGs
[2024-06-18T02:24:46.851+0000] {logging_mixin.py:188} INFO - [2024-06-18T02:24:46.851+0000] {dag.py:3954} INFO - Setting next_dagrun for tutorial_dag to None, run_after=None
[2024-06-18T02:24:46.877+0000] {processor.py:183} INFO - Processing /home/airflow/.local/lib/python3.12/site-packages/airflow/example_dags/tutorial_dag.py took 0.078 seconds
[2024-06-18T02:25:17.226+0000] {processor.py:161} INFO - Started process (PID=65605) to work on /home/airflow/.local/lib/python3.12/site-packages/airflow/example_dags/tutorial_dag.py
[2024-06-18T02:25:17.227+0000] {processor.py:830} INFO - Processing file /home/airflow/.local/lib/python3.12/site-packages/airflow/example_dags/tutorial_dag.py for tasks to queue
[2024-06-18T02:25:17.228+0000] {logging_mixin.py:188} INFO - [2024-06-18T02:25:17.228+0000] {dagbag.py:545} INFO - Filling up the DagBag from /home/airflow/.local/lib/python3.12/site-packages/airflow/example_dags/tutorial_dag.py
[2024-06-18T02:25:17.233+0000] {processor.py:840} INFO - DAG(s) 'tutorial_dag' retrieved from /home/airflow/.local/lib/python3.12/site-packages/airflow/example_dags/tutorial_dag.py
[2024-06-18T02:25:17.271+0000] {logging_mixin.py:188} INFO - [2024-06-18T02:25:17.270+0000] {dag.py:3096} INFO - Sync 1 DAGs
[2024-06-18T02:25:17.310+0000] {logging_mixin.py:188} INFO - [2024-06-18T02:25:17.310+0000] {dag.py:3954} INFO - Setting next_dagrun for tutorial_dag to None, run_after=None
[2024-06-18T02:25:17.378+0000] {processor.py:183} INFO - Processing /home/airflow/.local/lib/python3.12/site-packages/airflow/example_dags/tutorial_dag.py took 0.152 seconds
[2024-06-18T02:25:48.167+0000] {processor.py:161} INFO - Started process (PID=65663) to work on /home/airflow/.local/lib/python3.12/site-packages/airflow/example_dags/tutorial_dag.py
[2024-06-18T02:25:48.168+0000] {processor.py:830} INFO - Processing file /home/airflow/.local/lib/python3.12/site-packages/airflow/example_dags/tutorial_dag.py for tasks to queue
[2024-06-18T02:25:48.169+0000] {logging_mixin.py:188} INFO - [2024-06-18T02:25:48.169+0000] {dagbag.py:545} INFO - Filling up the DagBag from /home/airflow/.local/lib/python3.12/site-packages/airflow/example_dags/tutorial_dag.py
[2024-06-18T02:25:48.175+0000] {processor.py:840} INFO - DAG(s) 'tutorial_dag' retrieved from /home/airflow/.local/lib/python3.12/site-packages/airflow/example_dags/tutorial_dag.py
[2024-06-18T02:25:48.196+0000] {logging_mixin.py:188} INFO - [2024-06-18T02:25:48.196+0000] {dag.py:3096} INFO - Sync 1 DAGs
[2024-06-18T02:25:48.210+0000] {logging_mixin.py:188} INFO - [2024-06-18T02:25:48.209+0000] {dag.py:3954} INFO - Setting next_dagrun for tutorial_dag to None, run_after=None
[2024-06-18T02:25:48.229+0000] {processor.py:183} INFO - Processing /home/airflow/.local/lib/python3.12/site-packages/airflow/example_dags/tutorial_dag.py took 0.069 seconds
[2024-06-18T02:26:18.780+0000] {processor.py:161} INFO - Started process (PID=65721) to work on /home/airflow/.local/lib/python3.12/site-packages/airflow/example_dags/tutorial_dag.py
[2024-06-18T02:26:18.781+0000] {processor.py:830} INFO - Processing file /home/airflow/.local/lib/python3.12/site-packages/airflow/example_dags/tutorial_dag.py for tasks to queue
[2024-06-18T02:26:18.783+0000] {logging_mixin.py:188} INFO - [2024-06-18T02:26:18.782+0000] {dagbag.py:545} INFO - Filling up the DagBag from /home/airflow/.local/lib/python3.12/site-packages/airflow/example_dags/tutorial_dag.py
[2024-06-18T02:26:18.787+0000] {processor.py:840} INFO - DAG(s) 'tutorial_dag' retrieved from /home/airflow/.local/lib/python3.12/site-packages/airflow/example_dags/tutorial_dag.py
[2024-06-18T02:26:18.809+0000] {logging_mixin.py:188} INFO - [2024-06-18T02:26:18.809+0000] {dag.py:3096} INFO - Sync 1 DAGs
[2024-06-18T02:26:18.821+0000] {logging_mixin.py:188} INFO - [2024-06-18T02:26:18.821+0000] {dag.py:3954} INFO - Setting next_dagrun for tutorial_dag to None, run_after=None
[2024-06-18T02:26:18.840+0000] {processor.py:183} INFO - Processing /home/airflow/.local/lib/python3.12/site-packages/airflow/example_dags/tutorial_dag.py took 0.067 seconds
[2024-06-18T02:26:49.586+0000] {processor.py:161} INFO - Started process (PID=65780) to work on /home/airflow/.local/lib/python3.12/site-packages/airflow/example_dags/tutorial_dag.py
[2024-06-18T02:26:49.588+0000] {processor.py:830} INFO - Processing file /home/airflow/.local/lib/python3.12/site-packages/airflow/example_dags/tutorial_dag.py for tasks to queue
[2024-06-18T02:26:49.589+0000] {logging_mixin.py:188} INFO - [2024-06-18T02:26:49.588+0000] {dagbag.py:545} INFO - Filling up the DagBag from /home/airflow/.local/lib/python3.12/site-packages/airflow/example_dags/tutorial_dag.py
[2024-06-18T02:26:49.595+0000] {processor.py:840} INFO - DAG(s) 'tutorial_dag' retrieved from /home/airflow/.local/lib/python3.12/site-packages/airflow/example_dags/tutorial_dag.py
[2024-06-18T02:26:49.615+0000] {logging_mixin.py:188} INFO - [2024-06-18T02:26:49.614+0000] {dag.py:3096} INFO - Sync 1 DAGs
[2024-06-18T02:26:49.627+0000] {logging_mixin.py:188} INFO - [2024-06-18T02:26:49.627+0000] {dag.py:3954} INFO - Setting next_dagrun for tutorial_dag to None, run_after=None
[2024-06-18T02:26:49.645+0000] {processor.py:183} INFO - Processing /home/airflow/.local/lib/python3.12/site-packages/airflow/example_dags/tutorial_dag.py took 0.064 seconds
[2024-06-18T02:27:20.225+0000] {processor.py:161} INFO - Started process (PID=65838) to work on /home/airflow/.local/lib/python3.12/site-packages/airflow/example_dags/tutorial_dag.py
[2024-06-18T02:27:20.226+0000] {processor.py:830} INFO - Processing file /home/airflow/.local/lib/python3.12/site-packages/airflow/example_dags/tutorial_dag.py for tasks to queue
[2024-06-18T02:27:20.227+0000] {logging_mixin.py:188} INFO - [2024-06-18T02:27:20.227+0000] {dagbag.py:545} INFO - Filling up the DagBag from /home/airflow/.local/lib/python3.12/site-packages/airflow/example_dags/tutorial_dag.py
[2024-06-18T02:27:20.232+0000] {processor.py:840} INFO - DAG(s) 'tutorial_dag' retrieved from /home/airflow/.local/lib/python3.12/site-packages/airflow/example_dags/tutorial_dag.py
[2024-06-18T02:27:20.253+0000] {logging_mixin.py:188} INFO - [2024-06-18T02:27:20.252+0000] {dag.py:3096} INFO - Sync 1 DAGs
[2024-06-18T02:27:20.268+0000] {logging_mixin.py:188} INFO - [2024-06-18T02:27:20.268+0000] {dag.py:3954} INFO - Setting next_dagrun for tutorial_dag to None, run_after=None
[2024-06-18T02:27:20.298+0000] {processor.py:183} INFO - Processing /home/airflow/.local/lib/python3.12/site-packages/airflow/example_dags/tutorial_dag.py took 0.079 seconds
[2024-06-18T02:27:50.465+0000] {processor.py:161} INFO - Started process (PID=65896) to work on /home/airflow/.local/lib/python3.12/site-packages/airflow/example_dags/tutorial_dag.py
[2024-06-18T02:27:50.466+0000] {processor.py:830} INFO - Processing file /home/airflow/.local/lib/python3.12/site-packages/airflow/example_dags/tutorial_dag.py for tasks to queue
[2024-06-18T02:27:50.467+0000] {logging_mixin.py:188} INFO - [2024-06-18T02:27:50.467+0000] {dagbag.py:545} INFO - Filling up the DagBag from /home/airflow/.local/lib/python3.12/site-packages/airflow/example_dags/tutorial_dag.py
[2024-06-18T02:27:50.472+0000] {processor.py:840} INFO - DAG(s) 'tutorial_dag' retrieved from /home/airflow/.local/lib/python3.12/site-packages/airflow/example_dags/tutorial_dag.py
[2024-06-18T02:27:50.492+0000] {logging_mixin.py:188} INFO - [2024-06-18T02:27:50.492+0000] {dag.py:3096} INFO - Sync 1 DAGs
[2024-06-18T02:27:50.506+0000] {logging_mixin.py:188} INFO - [2024-06-18T02:27:50.505+0000] {dag.py:3954} INFO - Setting next_dagrun for tutorial_dag to None, run_after=None
[2024-06-18T02:27:50.526+0000] {processor.py:183} INFO - Processing /home/airflow/.local/lib/python3.12/site-packages/airflow/example_dags/tutorial_dag.py took 0.066 seconds
[2024-06-18T02:28:20.993+0000] {processor.py:161} INFO - Started process (PID=65954) to work on /home/airflow/.local/lib/python3.12/site-packages/airflow/example_dags/tutorial_dag.py
[2024-06-18T02:28:20.995+0000] {processor.py:830} INFO - Processing file /home/airflow/.local/lib/python3.12/site-packages/airflow/example_dags/tutorial_dag.py for tasks to queue
[2024-06-18T02:28:20.995+0000] {logging_mixin.py:188} INFO - [2024-06-18T02:28:20.995+0000] {dagbag.py:545} INFO - Filling up the DagBag from /home/airflow/.local/lib/python3.12/site-packages/airflow/example_dags/tutorial_dag.py
[2024-06-18T02:28:21.000+0000] {processor.py:840} INFO - DAG(s) 'tutorial_dag' retrieved from /home/airflow/.local/lib/python3.12/site-packages/airflow/example_dags/tutorial_dag.py
[2024-06-18T02:28:21.025+0000] {logging_mixin.py:188} INFO - [2024-06-18T02:28:21.024+0000] {dag.py:3096} INFO - Sync 1 DAGs
[2024-06-18T02:28:21.039+0000] {logging_mixin.py:188} INFO - [2024-06-18T02:28:21.039+0000] {dag.py:3954} INFO - Setting next_dagrun for tutorial_dag to None, run_after=None
[2024-06-18T02:28:21.064+0000] {processor.py:183} INFO - Processing /home/airflow/.local/lib/python3.12/site-packages/airflow/example_dags/tutorial_dag.py took 0.077 seconds
[2024-06-18T02:28:51.341+0000] {processor.py:161} INFO - Started process (PID=66013) to work on /home/airflow/.local/lib/python3.12/site-packages/airflow/example_dags/tutorial_dag.py
[2024-06-18T02:28:51.342+0000] {processor.py:830} INFO - Processing file /home/airflow/.local/lib/python3.12/site-packages/airflow/example_dags/tutorial_dag.py for tasks to queue
[2024-06-18T02:28:51.343+0000] {logging_mixin.py:188} INFO - [2024-06-18T02:28:51.343+0000] {dagbag.py:545} INFO - Filling up the DagBag from /home/airflow/.local/lib/python3.12/site-packages/airflow/example_dags/tutorial_dag.py
[2024-06-18T02:28:51.348+0000] {processor.py:840} INFO - DAG(s) 'tutorial_dag' retrieved from /home/airflow/.local/lib/python3.12/site-packages/airflow/example_dags/tutorial_dag.py
[2024-06-18T02:28:51.368+0000] {logging_mixin.py:188} INFO - [2024-06-18T02:28:51.367+0000] {dag.py:3096} INFO - Sync 1 DAGs
[2024-06-18T02:28:51.381+0000] {logging_mixin.py:188} INFO - [2024-06-18T02:28:51.381+0000] {dag.py:3954} INFO - Setting next_dagrun for tutorial_dag to None, run_after=None
[2024-06-18T02:28:51.404+0000] {processor.py:183} INFO - Processing /home/airflow/.local/lib/python3.12/site-packages/airflow/example_dags/tutorial_dag.py took 0.069 seconds
[2024-06-18T02:29:21.700+0000] {processor.py:161} INFO - Started process (PID=66071) to work on /home/airflow/.local/lib/python3.12/site-packages/airflow/example_dags/tutorial_dag.py
[2024-06-18T02:29:21.701+0000] {processor.py:830} INFO - Processing file /home/airflow/.local/lib/python3.12/site-packages/airflow/example_dags/tutorial_dag.py for tasks to queue
[2024-06-18T02:29:21.702+0000] {logging_mixin.py:188} INFO - [2024-06-18T02:29:21.702+0000] {dagbag.py:545} INFO - Filling up the DagBag from /home/airflow/.local/lib/python3.12/site-packages/airflow/example_dags/tutorial_dag.py
[2024-06-18T02:29:21.710+0000] {processor.py:840} INFO - DAG(s) 'tutorial_dag' retrieved from /home/airflow/.local/lib/python3.12/site-packages/airflow/example_dags/tutorial_dag.py
[2024-06-18T02:29:21.734+0000] {logging_mixin.py:188} INFO - [2024-06-18T02:29:21.733+0000] {dag.py:3096} INFO - Sync 1 DAGs
[2024-06-18T02:29:21.750+0000] {logging_mixin.py:188} INFO - [2024-06-18T02:29:21.750+0000] {dag.py:3954} INFO - Setting next_dagrun for tutorial_dag to None, run_after=None
[2024-06-18T02:29:21.770+0000] {processor.py:183} INFO - Processing /home/airflow/.local/lib/python3.12/site-packages/airflow/example_dags/tutorial_dag.py took 0.079 seconds
[2024-06-18T02:29:51.929+0000] {processor.py:161} INFO - Started process (PID=66129) to work on /home/airflow/.local/lib/python3.12/site-packages/airflow/example_dags/tutorial_dag.py
[2024-06-18T02:29:51.930+0000] {processor.py:830} INFO - Processing file /home/airflow/.local/lib/python3.12/site-packages/airflow/example_dags/tutorial_dag.py for tasks to queue
[2024-06-18T02:29:51.931+0000] {logging_mixin.py:188} INFO - [2024-06-18T02:29:51.930+0000] {dagbag.py:545} INFO - Filling up the DagBag from /home/airflow/.local/lib/python3.12/site-packages/airflow/example_dags/tutorial_dag.py
[2024-06-18T02:29:51.935+0000] {processor.py:840} INFO - DAG(s) 'tutorial_dag' retrieved from /home/airflow/.local/lib/python3.12/site-packages/airflow/example_dags/tutorial_dag.py
[2024-06-18T02:29:51.955+0000] {logging_mixin.py:188} INFO - [2024-06-18T02:29:51.955+0000] {dag.py:3096} INFO - Sync 1 DAGs
[2024-06-18T02:29:51.967+0000] {logging_mixin.py:188} INFO - [2024-06-18T02:29:51.967+0000] {dag.py:3954} INFO - Setting next_dagrun for tutorial_dag to None, run_after=None
[2024-06-18T02:29:51.986+0000] {processor.py:183} INFO - Processing /home/airflow/.local/lib/python3.12/site-packages/airflow/example_dags/tutorial_dag.py took 0.063 seconds
[2024-06-18T02:30:22.522+0000] {processor.py:161} INFO - Started process (PID=66187) to work on /home/airflow/.local/lib/python3.12/site-packages/airflow/example_dags/tutorial_dag.py
[2024-06-18T02:30:22.523+0000] {processor.py:830} INFO - Processing file /home/airflow/.local/lib/python3.12/site-packages/airflow/example_dags/tutorial_dag.py for tasks to queue
[2024-06-18T02:30:22.524+0000] {logging_mixin.py:188} INFO - [2024-06-18T02:30:22.523+0000] {dagbag.py:545} INFO - Filling up the DagBag from /home/airflow/.local/lib/python3.12/site-packages/airflow/example_dags/tutorial_dag.py
[2024-06-18T02:30:22.528+0000] {processor.py:840} INFO - DAG(s) 'tutorial_dag' retrieved from /home/airflow/.local/lib/python3.12/site-packages/airflow/example_dags/tutorial_dag.py
[2024-06-18T02:30:22.550+0000] {logging_mixin.py:188} INFO - [2024-06-18T02:30:22.550+0000] {dag.py:3096} INFO - Sync 1 DAGs
[2024-06-18T02:30:22.563+0000] {logging_mixin.py:188} INFO - [2024-06-18T02:30:22.563+0000] {dag.py:3954} INFO - Setting next_dagrun for tutorial_dag to None, run_after=None
[2024-06-18T02:30:22.582+0000] {processor.py:183} INFO - Processing /home/airflow/.local/lib/python3.12/site-packages/airflow/example_dags/tutorial_dag.py took 0.067 seconds
[2024-06-18T02:30:53.181+0000] {processor.py:161} INFO - Started process (PID=66245) to work on /home/airflow/.local/lib/python3.12/site-packages/airflow/example_dags/tutorial_dag.py
[2024-06-18T02:30:53.182+0000] {processor.py:830} INFO - Processing file /home/airflow/.local/lib/python3.12/site-packages/airflow/example_dags/tutorial_dag.py for tasks to queue
[2024-06-18T02:30:53.183+0000] {logging_mixin.py:188} INFO - [2024-06-18T02:30:53.182+0000] {dagbag.py:545} INFO - Filling up the DagBag from /home/airflow/.local/lib/python3.12/site-packages/airflow/example_dags/tutorial_dag.py
[2024-06-18T02:30:53.187+0000] {processor.py:840} INFO - DAG(s) 'tutorial_dag' retrieved from /home/airflow/.local/lib/python3.12/site-packages/airflow/example_dags/tutorial_dag.py
[2024-06-18T02:30:53.207+0000] {logging_mixin.py:188} INFO - [2024-06-18T02:30:53.207+0000] {dag.py:3096} INFO - Sync 1 DAGs
[2024-06-18T02:30:53.222+0000] {logging_mixin.py:188} INFO - [2024-06-18T02:30:53.221+0000] {dag.py:3954} INFO - Setting next_dagrun for tutorial_dag to None, run_after=None
[2024-06-18T02:30:53.241+0000] {processor.py:183} INFO - Processing /home/airflow/.local/lib/python3.12/site-packages/airflow/example_dags/tutorial_dag.py took 0.065 seconds
[2024-06-18T02:31:23.554+0000] {processor.py:161} INFO - Started process (PID=66303) to work on /home/airflow/.local/lib/python3.12/site-packages/airflow/example_dags/tutorial_dag.py
[2024-06-18T02:31:23.555+0000] {processor.py:830} INFO - Processing file /home/airflow/.local/lib/python3.12/site-packages/airflow/example_dags/tutorial_dag.py for tasks to queue
[2024-06-18T02:31:23.556+0000] {logging_mixin.py:188} INFO - [2024-06-18T02:31:23.555+0000] {dagbag.py:545} INFO - Filling up the DagBag from /home/airflow/.local/lib/python3.12/site-packages/airflow/example_dags/tutorial_dag.py
[2024-06-18T02:31:23.560+0000] {processor.py:840} INFO - DAG(s) 'tutorial_dag' retrieved from /home/airflow/.local/lib/python3.12/site-packages/airflow/example_dags/tutorial_dag.py
[2024-06-18T02:31:23.581+0000] {logging_mixin.py:188} INFO - [2024-06-18T02:31:23.580+0000] {dag.py:3096} INFO - Sync 1 DAGs
[2024-06-18T02:31:23.594+0000] {logging_mixin.py:188} INFO - [2024-06-18T02:31:23.593+0000] {dag.py:3954} INFO - Setting next_dagrun for tutorial_dag to None, run_after=None
[2024-06-18T02:31:23.611+0000] {processor.py:183} INFO - Processing /home/airflow/.local/lib/python3.12/site-packages/airflow/example_dags/tutorial_dag.py took 0.063 seconds
[2024-06-18T02:31:54.052+0000] {processor.py:161} INFO - Started process (PID=66361) to work on /home/airflow/.local/lib/python3.12/site-packages/airflow/example_dags/tutorial_dag.py
[2024-06-18T02:31:54.054+0000] {processor.py:830} INFO - Processing file /home/airflow/.local/lib/python3.12/site-packages/airflow/example_dags/tutorial_dag.py for tasks to queue
[2024-06-18T02:31:54.055+0000] {logging_mixin.py:188} INFO - [2024-06-18T02:31:54.054+0000] {dagbag.py:545} INFO - Filling up the DagBag from /home/airflow/.local/lib/python3.12/site-packages/airflow/example_dags/tutorial_dag.py
[2024-06-18T02:31:54.061+0000] {processor.py:840} INFO - DAG(s) 'tutorial_dag' retrieved from /home/airflow/.local/lib/python3.12/site-packages/airflow/example_dags/tutorial_dag.py
[2024-06-18T02:31:54.084+0000] {logging_mixin.py:188} INFO - [2024-06-18T02:31:54.084+0000] {dag.py:3096} INFO - Sync 1 DAGs
[2024-06-18T02:31:54.097+0000] {logging_mixin.py:188} INFO - [2024-06-18T02:31:54.097+0000] {dag.py:3954} INFO - Setting next_dagrun for tutorial_dag to None, run_after=None
[2024-06-18T02:31:54.116+0000] {processor.py:183} INFO - Processing /home/airflow/.local/lib/python3.12/site-packages/airflow/example_dags/tutorial_dag.py took 0.071 seconds
[2024-06-18T02:32:25.032+0000] {processor.py:161} INFO - Started process (PID=66419) to work on /home/airflow/.local/lib/python3.12/site-packages/airflow/example_dags/tutorial_dag.py
[2024-06-18T02:32:25.033+0000] {processor.py:830} INFO - Processing file /home/airflow/.local/lib/python3.12/site-packages/airflow/example_dags/tutorial_dag.py for tasks to queue
[2024-06-18T02:32:25.034+0000] {logging_mixin.py:188} INFO - [2024-06-18T02:32:25.034+0000] {dagbag.py:545} INFO - Filling up the DagBag from /home/airflow/.local/lib/python3.12/site-packages/airflow/example_dags/tutorial_dag.py
[2024-06-18T02:32:25.039+0000] {processor.py:840} INFO - DAG(s) 'tutorial_dag' retrieved from /home/airflow/.local/lib/python3.12/site-packages/airflow/example_dags/tutorial_dag.py
[2024-06-18T02:32:25.059+0000] {logging_mixin.py:188} INFO - [2024-06-18T02:32:25.059+0000] {dag.py:3096} INFO - Sync 1 DAGs
[2024-06-18T02:32:25.071+0000] {logging_mixin.py:188} INFO - [2024-06-18T02:32:25.071+0000] {dag.py:3954} INFO - Setting next_dagrun for tutorial_dag to None, run_after=None
[2024-06-18T02:32:25.089+0000] {processor.py:183} INFO - Processing /home/airflow/.local/lib/python3.12/site-packages/airflow/example_dags/tutorial_dag.py took 0.064 seconds
[2024-06-18T02:32:55.592+0000] {processor.py:161} INFO - Started process (PID=66477) to work on /home/airflow/.local/lib/python3.12/site-packages/airflow/example_dags/tutorial_dag.py
[2024-06-18T02:32:55.594+0000] {processor.py:830} INFO - Processing file /home/airflow/.local/lib/python3.12/site-packages/airflow/example_dags/tutorial_dag.py for tasks to queue
[2024-06-18T02:32:55.595+0000] {logging_mixin.py:188} INFO - [2024-06-18T02:32:55.594+0000] {dagbag.py:545} INFO - Filling up the DagBag from /home/airflow/.local/lib/python3.12/site-packages/airflow/example_dags/tutorial_dag.py
[2024-06-18T02:32:55.600+0000] {processor.py:840} INFO - DAG(s) 'tutorial_dag' retrieved from /home/airflow/.local/lib/python3.12/site-packages/airflow/example_dags/tutorial_dag.py
[2024-06-18T02:32:55.621+0000] {logging_mixin.py:188} INFO - [2024-06-18T02:32:55.621+0000] {dag.py:3096} INFO - Sync 1 DAGs
[2024-06-18T02:32:55.636+0000] {logging_mixin.py:188} INFO - [2024-06-18T02:32:55.636+0000] {dag.py:3954} INFO - Setting next_dagrun for tutorial_dag to None, run_after=None
[2024-06-18T02:32:55.656+0000] {processor.py:183} INFO - Processing /home/airflow/.local/lib/python3.12/site-packages/airflow/example_dags/tutorial_dag.py took 0.070 seconds
[2024-06-18T02:33:26.613+0000] {processor.py:161} INFO - Started process (PID=66535) to work on /home/airflow/.local/lib/python3.12/site-packages/airflow/example_dags/tutorial_dag.py
[2024-06-18T02:33:26.614+0000] {processor.py:830} INFO - Processing file /home/airflow/.local/lib/python3.12/site-packages/airflow/example_dags/tutorial_dag.py for tasks to queue
[2024-06-18T02:33:26.614+0000] {logging_mixin.py:188} INFO - [2024-06-18T02:33:26.614+0000] {dagbag.py:545} INFO - Filling up the DagBag from /home/airflow/.local/lib/python3.12/site-packages/airflow/example_dags/tutorial_dag.py
[2024-06-18T02:33:26.619+0000] {processor.py:840} INFO - DAG(s) 'tutorial_dag' retrieved from /home/airflow/.local/lib/python3.12/site-packages/airflow/example_dags/tutorial_dag.py
[2024-06-18T02:33:26.645+0000] {logging_mixin.py:188} INFO - [2024-06-18T02:33:26.644+0000] {dag.py:3096} INFO - Sync 1 DAGs
[2024-06-18T02:33:26.661+0000] {logging_mixin.py:188} INFO - [2024-06-18T02:33:26.661+0000] {dag.py:3954} INFO - Setting next_dagrun for tutorial_dag to None, run_after=None
[2024-06-18T02:33:26.685+0000] {processor.py:183} INFO - Processing /home/airflow/.local/lib/python3.12/site-packages/airflow/example_dags/tutorial_dag.py took 0.078 seconds
[2024-06-18T02:33:56.764+0000] {processor.py:161} INFO - Started process (PID=66593) to work on /home/airflow/.local/lib/python3.12/site-packages/airflow/example_dags/tutorial_dag.py
[2024-06-18T02:33:56.765+0000] {processor.py:830} INFO - Processing file /home/airflow/.local/lib/python3.12/site-packages/airflow/example_dags/tutorial_dag.py for tasks to queue
[2024-06-18T02:33:56.766+0000] {logging_mixin.py:188} INFO - [2024-06-18T02:33:56.766+0000] {dagbag.py:545} INFO - Filling up the DagBag from /home/airflow/.local/lib/python3.12/site-packages/airflow/example_dags/tutorial_dag.py
[2024-06-18T02:33:56.771+0000] {processor.py:840} INFO - DAG(s) 'tutorial_dag' retrieved from /home/airflow/.local/lib/python3.12/site-packages/airflow/example_dags/tutorial_dag.py
[2024-06-18T02:33:56.791+0000] {logging_mixin.py:188} INFO - [2024-06-18T02:33:56.790+0000] {dag.py:3096} INFO - Sync 1 DAGs
[2024-06-18T02:33:56.803+0000] {logging_mixin.py:188} INFO - [2024-06-18T02:33:56.803+0000] {dag.py:3954} INFO - Setting next_dagrun for tutorial_dag to None, run_after=None
[2024-06-18T02:33:56.821+0000] {processor.py:183} INFO - Processing /home/airflow/.local/lib/python3.12/site-packages/airflow/example_dags/tutorial_dag.py took 0.064 seconds
[2024-06-18T02:34:27.266+0000] {processor.py:161} INFO - Started process (PID=66651) to work on /home/airflow/.local/lib/python3.12/site-packages/airflow/example_dags/tutorial_dag.py
[2024-06-18T02:34:27.267+0000] {processor.py:830} INFO - Processing file /home/airflow/.local/lib/python3.12/site-packages/airflow/example_dags/tutorial_dag.py for tasks to queue
[2024-06-18T02:34:27.268+0000] {logging_mixin.py:188} INFO - [2024-06-18T02:34:27.267+0000] {dagbag.py:545} INFO - Filling up the DagBag from /home/airflow/.local/lib/python3.12/site-packages/airflow/example_dags/tutorial_dag.py
[2024-06-18T02:34:27.273+0000] {processor.py:840} INFO - DAG(s) 'tutorial_dag' retrieved from /home/airflow/.local/lib/python3.12/site-packages/airflow/example_dags/tutorial_dag.py
[2024-06-18T02:34:27.295+0000] {logging_mixin.py:188} INFO - [2024-06-18T02:34:27.295+0000] {dag.py:3096} INFO - Sync 1 DAGs
[2024-06-18T02:34:27.309+0000] {logging_mixin.py:188} INFO - [2024-06-18T02:34:27.308+0000] {dag.py:3954} INFO - Setting next_dagrun for tutorial_dag to None, run_after=None
[2024-06-18T02:34:27.331+0000] {processor.py:183} INFO - Processing /home/airflow/.local/lib/python3.12/site-packages/airflow/example_dags/tutorial_dag.py took 0.071 seconds
[2024-06-18T02:34:57.693+0000] {processor.py:161} INFO - Started process (PID=66709) to work on /home/airflow/.local/lib/python3.12/site-packages/airflow/example_dags/tutorial_dag.py
[2024-06-18T02:34:57.694+0000] {processor.py:830} INFO - Processing file /home/airflow/.local/lib/python3.12/site-packages/airflow/example_dags/tutorial_dag.py for tasks to queue
[2024-06-18T02:34:57.695+0000] {logging_mixin.py:188} INFO - [2024-06-18T02:34:57.695+0000] {dagbag.py:545} INFO - Filling up the DagBag from /home/airflow/.local/lib/python3.12/site-packages/airflow/example_dags/tutorial_dag.py
[2024-06-18T02:34:57.700+0000] {processor.py:840} INFO - DAG(s) 'tutorial_dag' retrieved from /home/airflow/.local/lib/python3.12/site-packages/airflow/example_dags/tutorial_dag.py
[2024-06-18T02:34:57.723+0000] {logging_mixin.py:188} INFO - [2024-06-18T02:34:57.723+0000] {dag.py:3096} INFO - Sync 1 DAGs
[2024-06-18T02:34:57.737+0000] {logging_mixin.py:188} INFO - [2024-06-18T02:34:57.737+0000] {dag.py:3954} INFO - Setting next_dagrun for tutorial_dag to None, run_after=None
[2024-06-18T02:34:57.759+0000] {processor.py:183} INFO - Processing /home/airflow/.local/lib/python3.12/site-packages/airflow/example_dags/tutorial_dag.py took 0.074 seconds
[2024-06-18T02:35:28.000+0000] {processor.py:161} INFO - Started process (PID=66767) to work on /home/airflow/.local/lib/python3.12/site-packages/airflow/example_dags/tutorial_dag.py
[2024-06-18T02:35:28.001+0000] {processor.py:830} INFO - Processing file /home/airflow/.local/lib/python3.12/site-packages/airflow/example_dags/tutorial_dag.py for tasks to queue
[2024-06-18T02:35:28.002+0000] {logging_mixin.py:188} INFO - [2024-06-18T02:35:28.002+0000] {dagbag.py:545} INFO - Filling up the DagBag from /home/airflow/.local/lib/python3.12/site-packages/airflow/example_dags/tutorial_dag.py
[2024-06-18T02:35:28.009+0000] {processor.py:840} INFO - DAG(s) 'tutorial_dag' retrieved from /home/airflow/.local/lib/python3.12/site-packages/airflow/example_dags/tutorial_dag.py
[2024-06-18T02:35:28.030+0000] {logging_mixin.py:188} INFO - [2024-06-18T02:35:28.030+0000] {dag.py:3096} INFO - Sync 1 DAGs
[2024-06-18T02:35:28.045+0000] {logging_mixin.py:188} INFO - [2024-06-18T02:35:28.045+0000] {dag.py:3954} INFO - Setting next_dagrun for tutorial_dag to None, run_after=None
[2024-06-18T02:35:28.072+0000] {processor.py:183} INFO - Processing /home/airflow/.local/lib/python3.12/site-packages/airflow/example_dags/tutorial_dag.py took 0.078 seconds
[2024-06-18T02:35:58.189+0000] {processor.py:161} INFO - Started process (PID=66825) to work on /home/airflow/.local/lib/python3.12/site-packages/airflow/example_dags/tutorial_dag.py
[2024-06-18T02:35:58.191+0000] {processor.py:830} INFO - Processing file /home/airflow/.local/lib/python3.12/site-packages/airflow/example_dags/tutorial_dag.py for tasks to queue
[2024-06-18T02:35:58.192+0000] {logging_mixin.py:188} INFO - [2024-06-18T02:35:58.191+0000] {dagbag.py:545} INFO - Filling up the DagBag from /home/airflow/.local/lib/python3.12/site-packages/airflow/example_dags/tutorial_dag.py
[2024-06-18T02:35:58.196+0000] {processor.py:840} INFO - DAG(s) 'tutorial_dag' retrieved from /home/airflow/.local/lib/python3.12/site-packages/airflow/example_dags/tutorial_dag.py
[2024-06-18T02:35:58.218+0000] {logging_mixin.py:188} INFO - [2024-06-18T02:35:58.218+0000] {dag.py:3096} INFO - Sync 1 DAGs
[2024-06-18T02:35:58.231+0000] {logging_mixin.py:188} INFO - [2024-06-18T02:35:58.231+0000] {dag.py:3954} INFO - Setting next_dagrun for tutorial_dag to None, run_after=None
[2024-06-18T02:35:58.249+0000] {processor.py:183} INFO - Processing /home/airflow/.local/lib/python3.12/site-packages/airflow/example_dags/tutorial_dag.py took 0.066 seconds
[2024-06-18T02:36:29.309+0000] {processor.py:161} INFO - Started process (PID=66883) to work on /home/airflow/.local/lib/python3.12/site-packages/airflow/example_dags/tutorial_dag.py
[2024-06-18T02:36:29.310+0000] {processor.py:830} INFO - Processing file /home/airflow/.local/lib/python3.12/site-packages/airflow/example_dags/tutorial_dag.py for tasks to queue
[2024-06-18T02:36:29.311+0000] {logging_mixin.py:188} INFO - [2024-06-18T02:36:29.311+0000] {dagbag.py:545} INFO - Filling up the DagBag from /home/airflow/.local/lib/python3.12/site-packages/airflow/example_dags/tutorial_dag.py
[2024-06-18T02:36:29.317+0000] {processor.py:840} INFO - DAG(s) 'tutorial_dag' retrieved from /home/airflow/.local/lib/python3.12/site-packages/airflow/example_dags/tutorial_dag.py
[2024-06-18T02:36:29.342+0000] {logging_mixin.py:188} INFO - [2024-06-18T02:36:29.342+0000] {dag.py:3096} INFO - Sync 1 DAGs
[2024-06-18T02:36:29.355+0000] {logging_mixin.py:188} INFO - [2024-06-18T02:36:29.355+0000] {dag.py:3954} INFO - Setting next_dagrun for tutorial_dag to None, run_after=None
[2024-06-18T02:36:29.378+0000] {processor.py:183} INFO - Processing /home/airflow/.local/lib/python3.12/site-packages/airflow/example_dags/tutorial_dag.py took 0.075 seconds
[2024-06-18T02:37:00.430+0000] {processor.py:161} INFO - Started process (PID=66941) to work on /home/airflow/.local/lib/python3.12/site-packages/airflow/example_dags/tutorial_dag.py
[2024-06-18T02:37:00.431+0000] {processor.py:830} INFO - Processing file /home/airflow/.local/lib/python3.12/site-packages/airflow/example_dags/tutorial_dag.py for tasks to queue
[2024-06-18T02:37:00.432+0000] {logging_mixin.py:188} INFO - [2024-06-18T02:37:00.431+0000] {dagbag.py:545} INFO - Filling up the DagBag from /home/airflow/.local/lib/python3.12/site-packages/airflow/example_dags/tutorial_dag.py
[2024-06-18T02:37:00.436+0000] {processor.py:840} INFO - DAG(s) 'tutorial_dag' retrieved from /home/airflow/.local/lib/python3.12/site-packages/airflow/example_dags/tutorial_dag.py
[2024-06-18T02:37:00.459+0000] {logging_mixin.py:188} INFO - [2024-06-18T02:37:00.459+0000] {dag.py:3096} INFO - Sync 1 DAGs
[2024-06-18T02:37:00.472+0000] {logging_mixin.py:188} INFO - [2024-06-18T02:37:00.472+0000] {dag.py:3954} INFO - Setting next_dagrun for tutorial_dag to None, run_after=None
[2024-06-18T02:37:00.492+0000] {processor.py:183} INFO - Processing /home/airflow/.local/lib/python3.12/site-packages/airflow/example_dags/tutorial_dag.py took 0.068 seconds
[2024-06-18T02:37:31.258+0000] {processor.py:161} INFO - Started process (PID=66999) to work on /home/airflow/.local/lib/python3.12/site-packages/airflow/example_dags/tutorial_dag.py
[2024-06-18T02:37:31.259+0000] {processor.py:830} INFO - Processing file /home/airflow/.local/lib/python3.12/site-packages/airflow/example_dags/tutorial_dag.py for tasks to queue
[2024-06-18T02:37:31.260+0000] {logging_mixin.py:188} INFO - [2024-06-18T02:37:31.260+0000] {dagbag.py:545} INFO - Filling up the DagBag from /home/airflow/.local/lib/python3.12/site-packages/airflow/example_dags/tutorial_dag.py
[2024-06-18T02:37:31.265+0000] {processor.py:840} INFO - DAG(s) 'tutorial_dag' retrieved from /home/airflow/.local/lib/python3.12/site-packages/airflow/example_dags/tutorial_dag.py
[2024-06-18T02:37:31.287+0000] {logging_mixin.py:188} INFO - [2024-06-18T02:37:31.287+0000] {dag.py:3096} INFO - Sync 1 DAGs
[2024-06-18T02:37:31.301+0000] {logging_mixin.py:188} INFO - [2024-06-18T02:37:31.301+0000] {dag.py:3954} INFO - Setting next_dagrun for tutorial_dag to None, run_after=None
[2024-06-18T02:37:31.322+0000] {processor.py:183} INFO - Processing /home/airflow/.local/lib/python3.12/site-packages/airflow/example_dags/tutorial_dag.py took 0.071 seconds
[2024-06-18T02:38:01.783+0000] {processor.py:161} INFO - Started process (PID=67057) to work on /home/airflow/.local/lib/python3.12/site-packages/airflow/example_dags/tutorial_dag.py
[2024-06-18T02:38:01.784+0000] {processor.py:830} INFO - Processing file /home/airflow/.local/lib/python3.12/site-packages/airflow/example_dags/tutorial_dag.py for tasks to queue
[2024-06-18T02:38:01.785+0000] {logging_mixin.py:188} INFO - [2024-06-18T02:38:01.785+0000] {dagbag.py:545} INFO - Filling up the DagBag from /home/airflow/.local/lib/python3.12/site-packages/airflow/example_dags/tutorial_dag.py
[2024-06-18T02:38:01.798+0000] {processor.py:840} INFO - DAG(s) 'tutorial_dag' retrieved from /home/airflow/.local/lib/python3.12/site-packages/airflow/example_dags/tutorial_dag.py
[2024-06-18T02:38:01.847+0000] {logging_mixin.py:188} INFO - [2024-06-18T02:38:01.846+0000] {dag.py:3096} INFO - Sync 1 DAGs
[2024-06-18T02:38:01.868+0000] {logging_mixin.py:188} INFO - [2024-06-18T02:38:01.867+0000] {dag.py:3954} INFO - Setting next_dagrun for tutorial_dag to None, run_after=None
[2024-06-18T02:38:01.902+0000] {processor.py:183} INFO - Processing /home/airflow/.local/lib/python3.12/site-packages/airflow/example_dags/tutorial_dag.py took 0.135 seconds
[2024-06-18T02:38:32.565+0000] {processor.py:161} INFO - Started process (PID=67115) to work on /home/airflow/.local/lib/python3.12/site-packages/airflow/example_dags/tutorial_dag.py
[2024-06-18T02:38:32.566+0000] {processor.py:830} INFO - Processing file /home/airflow/.local/lib/python3.12/site-packages/airflow/example_dags/tutorial_dag.py for tasks to queue
[2024-06-18T02:38:32.567+0000] {logging_mixin.py:188} INFO - [2024-06-18T02:38:32.566+0000] {dagbag.py:545} INFO - Filling up the DagBag from /home/airflow/.local/lib/python3.12/site-packages/airflow/example_dags/tutorial_dag.py
[2024-06-18T02:38:32.573+0000] {processor.py:840} INFO - DAG(s) 'tutorial_dag' retrieved from /home/airflow/.local/lib/python3.12/site-packages/airflow/example_dags/tutorial_dag.py
[2024-06-18T02:38:32.600+0000] {logging_mixin.py:188} INFO - [2024-06-18T02:38:32.600+0000] {dag.py:3096} INFO - Sync 1 DAGs
[2024-06-18T02:38:32.614+0000] {logging_mixin.py:188} INFO - [2024-06-18T02:38:32.614+0000] {dag.py:3954} INFO - Setting next_dagrun for tutorial_dag to None, run_after=None
[2024-06-18T02:38:32.634+0000] {processor.py:183} INFO - Processing /home/airflow/.local/lib/python3.12/site-packages/airflow/example_dags/tutorial_dag.py took 0.075 seconds
[2024-06-18T02:39:02.793+0000] {processor.py:161} INFO - Started process (PID=67172) to work on /home/airflow/.local/lib/python3.12/site-packages/airflow/example_dags/tutorial_dag.py
[2024-06-18T02:39:02.796+0000] {processor.py:830} INFO - Processing file /home/airflow/.local/lib/python3.12/site-packages/airflow/example_dags/tutorial_dag.py for tasks to queue
[2024-06-18T02:39:02.797+0000] {logging_mixin.py:188} INFO - [2024-06-18T02:39:02.797+0000] {dagbag.py:545} INFO - Filling up the DagBag from /home/airflow/.local/lib/python3.12/site-packages/airflow/example_dags/tutorial_dag.py
[2024-06-18T02:39:02.802+0000] {processor.py:840} INFO - DAG(s) 'tutorial_dag' retrieved from /home/airflow/.local/lib/python3.12/site-packages/airflow/example_dags/tutorial_dag.py
[2024-06-18T02:39:02.826+0000] {logging_mixin.py:188} INFO - [2024-06-18T02:39:02.826+0000] {dag.py:3096} INFO - Sync 1 DAGs
[2024-06-18T02:39:02.842+0000] {logging_mixin.py:188} INFO - [2024-06-18T02:39:02.841+0000] {dag.py:3954} INFO - Setting next_dagrun for tutorial_dag to None, run_after=None
[2024-06-18T02:39:02.863+0000] {processor.py:183} INFO - Processing /home/airflow/.local/lib/python3.12/site-packages/airflow/example_dags/tutorial_dag.py took 0.077 seconds
[2024-06-18T02:39:33.145+0000] {processor.py:161} INFO - Started process (PID=67231) to work on /home/airflow/.local/lib/python3.12/site-packages/airflow/example_dags/tutorial_dag.py
[2024-06-18T02:39:33.146+0000] {processor.py:830} INFO - Processing file /home/airflow/.local/lib/python3.12/site-packages/airflow/example_dags/tutorial_dag.py for tasks to queue
[2024-06-18T02:39:33.148+0000] {logging_mixin.py:188} INFO - [2024-06-18T02:39:33.147+0000] {dagbag.py:545} INFO - Filling up the DagBag from /home/airflow/.local/lib/python3.12/site-packages/airflow/example_dags/tutorial_dag.py
[2024-06-18T02:39:33.157+0000] {processor.py:840} INFO - DAG(s) 'tutorial_dag' retrieved from /home/airflow/.local/lib/python3.12/site-packages/airflow/example_dags/tutorial_dag.py
[2024-06-18T02:39:33.187+0000] {logging_mixin.py:188} INFO - [2024-06-18T02:39:33.187+0000] {dag.py:3096} INFO - Sync 1 DAGs
[2024-06-18T02:39:33.202+0000] {logging_mixin.py:188} INFO - [2024-06-18T02:39:33.202+0000] {dag.py:3954} INFO - Setting next_dagrun for tutorial_dag to None, run_after=None
[2024-06-18T02:39:33.236+0000] {processor.py:183} INFO - Processing /home/airflow/.local/lib/python3.12/site-packages/airflow/example_dags/tutorial_dag.py took 0.102 seconds
[2024-06-18T02:52:45.357+0000] {processor.py:161} INFO - Started process (PID=67301) to work on /home/airflow/.local/lib/python3.12/site-packages/airflow/example_dags/tutorial_dag.py
[2024-06-18T02:52:45.411+0000] {processor.py:830} INFO - Processing file /home/airflow/.local/lib/python3.12/site-packages/airflow/example_dags/tutorial_dag.py for tasks to queue
[2024-06-18T02:52:45.675+0000] {logging_mixin.py:188} INFO - [2024-06-18T02:52:45.541+0000] {dagbag.py:545} INFO - Filling up the DagBag from /home/airflow/.local/lib/python3.12/site-packages/airflow/example_dags/tutorial_dag.py
[2024-06-18T02:52:47.194+0000] {processor.py:840} INFO - DAG(s) 'tutorial_dag' retrieved from /home/airflow/.local/lib/python3.12/site-packages/airflow/example_dags/tutorial_dag.py
[2024-06-18T02:52:47.998+0000] {logging_mixin.py:188} INFO - [2024-06-18T02:52:47.998+0000] {dag.py:3096} INFO - Sync 1 DAGs
[2024-06-18T02:52:48.269+0000] {logging_mixin.py:188} INFO - [2024-06-18T02:52:48.269+0000] {dag.py:3954} INFO - Setting next_dagrun for tutorial_dag to None, run_after=None
[2024-06-18T02:52:48.492+0000] {processor.py:183} INFO - Processing /home/airflow/.local/lib/python3.12/site-packages/airflow/example_dags/tutorial_dag.py took 3.916 seconds
[2024-06-18T02:53:22.219+0000] {processor.py:161} INFO - Started process (PID=67361) to work on /home/airflow/.local/lib/python3.12/site-packages/airflow/example_dags/tutorial_dag.py
[2024-06-18T02:53:22.294+0000] {processor.py:830} INFO - Processing file /home/airflow/.local/lib/python3.12/site-packages/airflow/example_dags/tutorial_dag.py for tasks to queue
[2024-06-18T02:53:22.295+0000] {logging_mixin.py:188} INFO - [2024-06-18T02:53:22.294+0000] {dagbag.py:545} INFO - Filling up the DagBag from /home/airflow/.local/lib/python3.12/site-packages/airflow/example_dags/tutorial_dag.py
[2024-06-18T02:53:22.300+0000] {processor.py:840} INFO - DAG(s) 'tutorial_dag' retrieved from /home/airflow/.local/lib/python3.12/site-packages/airflow/example_dags/tutorial_dag.py
[2024-06-18T02:53:22.385+0000] {logging_mixin.py:188} INFO - [2024-06-18T02:53:22.385+0000] {dag.py:3096} INFO - Sync 1 DAGs
[2024-06-18T02:53:22.400+0000] {logging_mixin.py:188} INFO - [2024-06-18T02:53:22.400+0000] {dag.py:3954} INFO - Setting next_dagrun for tutorial_dag to None, run_after=None
[2024-06-18T02:53:22.654+0000] {processor.py:183} INFO - Processing /home/airflow/.local/lib/python3.12/site-packages/airflow/example_dags/tutorial_dag.py took 0.443 seconds
[2024-06-18T02:53:52.771+0000] {processor.py:161} INFO - Started process (PID=67417) to work on /home/airflow/.local/lib/python3.12/site-packages/airflow/example_dags/tutorial_dag.py
[2024-06-18T02:53:52.773+0000] {processor.py:830} INFO - Processing file /home/airflow/.local/lib/python3.12/site-packages/airflow/example_dags/tutorial_dag.py for tasks to queue
[2024-06-18T02:53:52.774+0000] {logging_mixin.py:188} INFO - [2024-06-18T02:53:52.774+0000] {dagbag.py:545} INFO - Filling up the DagBag from /home/airflow/.local/lib/python3.12/site-packages/airflow/example_dags/tutorial_dag.py
[2024-06-18T02:53:52.780+0000] {processor.py:840} INFO - DAG(s) 'tutorial_dag' retrieved from /home/airflow/.local/lib/python3.12/site-packages/airflow/example_dags/tutorial_dag.py
[2024-06-18T02:53:52.812+0000] {logging_mixin.py:188} INFO - [2024-06-18T02:53:52.812+0000] {dag.py:3096} INFO - Sync 1 DAGs
[2024-06-18T02:53:52.832+0000] {logging_mixin.py:188} INFO - [2024-06-18T02:53:52.832+0000] {dag.py:3954} INFO - Setting next_dagrun for tutorial_dag to None, run_after=None
[2024-06-18T02:53:52.855+0000] {processor.py:183} INFO - Processing /home/airflow/.local/lib/python3.12/site-packages/airflow/example_dags/tutorial_dag.py took 0.104 seconds
[2024-06-18T02:54:23.055+0000] {processor.py:161} INFO - Started process (PID=67475) to work on /home/airflow/.local/lib/python3.12/site-packages/airflow/example_dags/tutorial_dag.py
[2024-06-18T02:54:23.056+0000] {processor.py:830} INFO - Processing file /home/airflow/.local/lib/python3.12/site-packages/airflow/example_dags/tutorial_dag.py for tasks to queue
[2024-06-18T02:54:23.057+0000] {logging_mixin.py:188} INFO - [2024-06-18T02:54:23.057+0000] {dagbag.py:545} INFO - Filling up the DagBag from /home/airflow/.local/lib/python3.12/site-packages/airflow/example_dags/tutorial_dag.py
[2024-06-18T02:54:23.062+0000] {processor.py:840} INFO - DAG(s) 'tutorial_dag' retrieved from /home/airflow/.local/lib/python3.12/site-packages/airflow/example_dags/tutorial_dag.py
[2024-06-18T02:54:23.087+0000] {logging_mixin.py:188} INFO - [2024-06-18T02:54:23.086+0000] {dag.py:3096} INFO - Sync 1 DAGs
[2024-06-18T02:54:23.102+0000] {logging_mixin.py:188} INFO - [2024-06-18T02:54:23.102+0000] {dag.py:3954} INFO - Setting next_dagrun for tutorial_dag to None, run_after=None
[2024-06-18T02:54:23.126+0000] {processor.py:183} INFO - Processing /home/airflow/.local/lib/python3.12/site-packages/airflow/example_dags/tutorial_dag.py took 0.077 seconds
[2024-06-18T02:54:53.295+0000] {processor.py:161} INFO - Started process (PID=67533) to work on /home/airflow/.local/lib/python3.12/site-packages/airflow/example_dags/tutorial_dag.py
[2024-06-18T02:54:53.296+0000] {processor.py:830} INFO - Processing file /home/airflow/.local/lib/python3.12/site-packages/airflow/example_dags/tutorial_dag.py for tasks to queue
[2024-06-18T02:54:53.297+0000] {logging_mixin.py:188} INFO - [2024-06-18T02:54:53.297+0000] {dagbag.py:545} INFO - Filling up the DagBag from /home/airflow/.local/lib/python3.12/site-packages/airflow/example_dags/tutorial_dag.py
[2024-06-18T02:54:53.304+0000] {processor.py:840} INFO - DAG(s) 'tutorial_dag' retrieved from /home/airflow/.local/lib/python3.12/site-packages/airflow/example_dags/tutorial_dag.py
[2024-06-18T02:54:53.326+0000] {logging_mixin.py:188} INFO - [2024-06-18T02:54:53.326+0000] {dag.py:3096} INFO - Sync 1 DAGs
[2024-06-18T02:54:53.343+0000] {logging_mixin.py:188} INFO - [2024-06-18T02:54:53.343+0000] {dag.py:3954} INFO - Setting next_dagrun for tutorial_dag to None, run_after=None
[2024-06-18T02:54:53.366+0000] {processor.py:183} INFO - Processing /home/airflow/.local/lib/python3.12/site-packages/airflow/example_dags/tutorial_dag.py took 0.077 seconds
[2024-06-18T02:55:23.487+0000] {processor.py:161} INFO - Started process (PID=67591) to work on /home/airflow/.local/lib/python3.12/site-packages/airflow/example_dags/tutorial_dag.py
[2024-06-18T02:55:23.491+0000] {processor.py:830} INFO - Processing file /home/airflow/.local/lib/python3.12/site-packages/airflow/example_dags/tutorial_dag.py for tasks to queue
[2024-06-18T02:55:23.493+0000] {logging_mixin.py:188} INFO - [2024-06-18T02:55:23.492+0000] {dagbag.py:545} INFO - Filling up the DagBag from /home/airflow/.local/lib/python3.12/site-packages/airflow/example_dags/tutorial_dag.py
[2024-06-18T02:55:23.507+0000] {processor.py:840} INFO - DAG(s) 'tutorial_dag' retrieved from /home/airflow/.local/lib/python3.12/site-packages/airflow/example_dags/tutorial_dag.py
[2024-06-18T02:55:23.550+0000] {logging_mixin.py:188} INFO - [2024-06-18T02:55:23.549+0000] {dag.py:3096} INFO - Sync 1 DAGs
[2024-06-18T02:55:23.567+0000] {logging_mixin.py:188} INFO - [2024-06-18T02:55:23.567+0000] {dag.py:3954} INFO - Setting next_dagrun for tutorial_dag to None, run_after=None
[2024-06-18T02:55:23.593+0000] {processor.py:183} INFO - Processing /home/airflow/.local/lib/python3.12/site-packages/airflow/example_dags/tutorial_dag.py took 0.129 seconds
[2024-06-18T02:55:53.818+0000] {processor.py:161} INFO - Started process (PID=67649) to work on /home/airflow/.local/lib/python3.12/site-packages/airflow/example_dags/tutorial_dag.py
[2024-06-18T02:55:53.819+0000] {processor.py:830} INFO - Processing file /home/airflow/.local/lib/python3.12/site-packages/airflow/example_dags/tutorial_dag.py for tasks to queue
[2024-06-18T02:55:53.821+0000] {logging_mixin.py:188} INFO - [2024-06-18T02:55:53.820+0000] {dagbag.py:545} INFO - Filling up the DagBag from /home/airflow/.local/lib/python3.12/site-packages/airflow/example_dags/tutorial_dag.py
[2024-06-18T02:55:53.827+0000] {processor.py:840} INFO - DAG(s) 'tutorial_dag' retrieved from /home/airflow/.local/lib/python3.12/site-packages/airflow/example_dags/tutorial_dag.py
[2024-06-18T02:55:53.852+0000] {logging_mixin.py:188} INFO - [2024-06-18T02:55:53.852+0000] {dag.py:3096} INFO - Sync 1 DAGs
[2024-06-18T02:55:53.866+0000] {logging_mixin.py:188} INFO - [2024-06-18T02:55:53.865+0000] {dag.py:3954} INFO - Setting next_dagrun for tutorial_dag to None, run_after=None
[2024-06-18T02:55:53.890+0000] {processor.py:183} INFO - Processing /home/airflow/.local/lib/python3.12/site-packages/airflow/example_dags/tutorial_dag.py took 0.078 seconds
[2024-06-18T02:56:24.001+0000] {processor.py:161} INFO - Started process (PID=67707) to work on /home/airflow/.local/lib/python3.12/site-packages/airflow/example_dags/tutorial_dag.py
[2024-06-18T02:56:24.002+0000] {processor.py:830} INFO - Processing file /home/airflow/.local/lib/python3.12/site-packages/airflow/example_dags/tutorial_dag.py for tasks to queue
[2024-06-18T02:56:24.003+0000] {logging_mixin.py:188} INFO - [2024-06-18T02:56:24.003+0000] {dagbag.py:545} INFO - Filling up the DagBag from /home/airflow/.local/lib/python3.12/site-packages/airflow/example_dags/tutorial_dag.py
[2024-06-18T02:56:24.008+0000] {processor.py:840} INFO - DAG(s) 'tutorial_dag' retrieved from /home/airflow/.local/lib/python3.12/site-packages/airflow/example_dags/tutorial_dag.py
[2024-06-18T02:56:24.032+0000] {logging_mixin.py:188} INFO - [2024-06-18T02:56:24.032+0000] {dag.py:3096} INFO - Sync 1 DAGs
[2024-06-18T02:56:24.046+0000] {logging_mixin.py:188} INFO - [2024-06-18T02:56:24.046+0000] {dag.py:3954} INFO - Setting next_dagrun for tutorial_dag to None, run_after=None
[2024-06-18T02:56:24.069+0000] {processor.py:183} INFO - Processing /home/airflow/.local/lib/python3.12/site-packages/airflow/example_dags/tutorial_dag.py took 0.074 seconds
